<?xml version="1.0" encoding="UTF-8"?>
<testsuite name="test.java.se.redmind.rmtest.selenium.example.AnotherGeneratedSuite(20150204-000255)" time="980.58655" tests="960" errors="0" skipped="0" failures="45">  <properties>
    <property name="java.runtime.name" value="Java(TM) SE Runtime Environment"/>
    <property name="sun.boot.library.path" value="/Library/Java/JavaVirtualMachines/jdk1.8.0_25.jdk/Contents/Home/jre/lib"/>
    <property name="java.vm.version" value="25.25-b02"/>
    <property name="gopherProxySet" value="false"/>
    <property name="java.vm.vendor" value="Oracle Corporation"/>
    <property name="java.vendor.url" value="http://java.oracle.com/"/>
    <property name="path.separator" value=":"/>
    <property name="guice.disable.misplaced.annotation.check" value="true"/>
    <property name="java.vm.name" value="Java HotSpot(TM) 64-Bit Server VM"/>
    <property name="file.encoding.pkg" value="sun.io"/>
    <property name="user.country" value="SE"/>
    <property name="sun.java.launcher" value="SUN_STANDARD"/>
    <property name="sun.os.patch.level" value="unknown"/>
    <property name="java.vm.specification.name" value="Java Virtual Machine Specification"/>
    <property name="user.dir" value="/Users/gustavholfve/redmind/RMTest"/>
    <property name="java.runtime.version" value="1.8.0_25-b17"/>
    <property name="java.awt.graphicsenv" value="sun.awt.CGraphicsEnvironment"/>
    <property name="java.endorsed.dirs" value="/Library/Java/JavaVirtualMachines/jdk1.8.0_25.jdk/Contents/Home/jre/lib/endorsed"/>
    <property name="os.arch" value="x86_64"/>
    <property name="java.io.tmpdir" value="/var/folders/g6/ynxs0t3j7r15myt344kjfly00000gn/T/"/>
    <property name="line.separator" value="&#10;"/>
    <property name="java.vm.specification.vendor" value="Oracle Corporation"/>
    <property name="os.name" value="Mac OS X"/>
    <property name="classworlds.conf" value="/Users/gustavholfve/Documents/RMTest/.metadata/.plugins/org.eclipse.m2e.launching/launches/m2conf4824253298632382667.tmp"/>
    <property name="sun.jnu.encoding" value="UTF-8"/>
    <property name="java.library.path" value="/Users/gustavholfve/Library/Java/Extensions:/Library/Java/Extensions:/Network/Library/Java/Extensions:/System/Library/Java/Extensions:/usr/lib/java:."/>
    <property name="java.specification.name" value="Java Platform API Specification"/>
    <property name="java.class.version" value="52.0"/>
    <property name="sun.management.compiler" value="HotSpot 64-Bit Tiered Compilers"/>
    <property name="os.version" value="10.9.5"/>
    <property name="http.nonProxyHosts" value="local|*.local|169.254/16|*.169.254/16"/>
    <property name="user.home" value="/Users/gustavholfve"/>
    <property name="user.timezone" value="Europe/Stockholm"/>
    <property name="java.awt.printerjob" value="sun.lwawt.macosx.CPrinterJob"/>
    <property name="java.specification.version" value="1.8"/>
    <property name="file.encoding" value="UTF-8"/>
    <property name="user.name" value="gustavholfve"/>
    <property name="java.class.path" value="/Users/gustavholfve/Downloads/eclipse 4/plugins/org.eclipse.m2e.maven.runtime_1.5.0.20140605-2032/jars/plexus-classworlds-2.5.1.jar"/>
    <property name="org.slf4j.simpleLogger.defaultLogLevel" value="info"/>
    <property name="java.vm.specification.version" value="1.8"/>
    <property name="sun.arch.data.model" value="64"/>
    <property name="java.home" value="/Library/Java/JavaVirtualMachines/jdk1.8.0_25.jdk/Contents/Home/jre"/>
    <property name="sun.java.command" value="org.codehaus.plexus.classworlds.launcher.Launcher -B test"/>
    <property name="java.specification.vendor" value="Oracle Corporation"/>
    <property name="user.language" value="sv"/>
    <property name="awt.toolkit" value="sun.lwawt.macosx.LWCToolkit"/>
    <property name="java.vm.info" value="mixed mode"/>
    <property name="java.version" value="1.8.0_25"/>
    <property name="java.ext.dirs" value="/Users/gustavholfve/Library/Java/Extensions:/Library/Java/JavaVirtualMachines/jdk1.8.0_25.jdk/Contents/Home/jre/lib/ext:/Library/Java/Extensions:/Network/Library/Java/Extensions:/System/Library/Java/Extensions:/usr/lib/java"/>
    <property name="sun.boot.class.path" value="/Library/Java/JavaVirtualMachines/jdk1.8.0_25.jdk/Contents/Home/jre/lib/resources.jar:/Library/Java/JavaVirtualMachines/jdk1.8.0_25.jdk/Contents/Home/jre/lib/rt.jar:/Library/Java/JavaVirtualMachines/jdk1.8.0_25.jdk/Contents/Home/jre/lib/sunrsasign.jar:/Library/Java/JavaVirtualMachines/jdk1.8.0_25.jdk/Contents/Home/jre/lib/jsse.jar:/Library/Java/JavaVirtualMachines/jdk1.8.0_25.jdk/Contents/Home/jre/lib/jce.jar:/Library/Java/JavaVirtualMachines/jdk1.8.0_25.jdk/Contents/Home/jre/lib/charsets.jar:/Library/Java/JavaVirtualMachines/jdk1.8.0_25.jdk/Contents/Home/jre/lib/jfr.jar:/Library/Java/JavaVirtualMachines/jdk1.8.0_25.jdk/Contents/Home/jre/classes"/>
    <property name="java.vendor" value="Oracle Corporation"/>
    <property name="maven.home" value="/Users/gustavholfve/redmind/RMTest/EMBEDDED"/>
    <property name="file.separator" value="/"/>
    <property name="java.vendor.url.bug" value="http://bugreport.sun.com/bugreport/"/>
    <property name="sun.cpu.endian" value="little"/>
    <property name="sun.io.unicode.encoding" value="UnicodeBig"/>
    <property name="socksNonProxyHosts" value="local|*.local|169.254/16|*.169.254/16"/>
    <property name="ftp.nonProxyHosts" value="local|*.local|169.254/16|*.169.254/16"/>
    <property name="sun.cpu.isalist" value=""/>
  </properties><testcase name="random1[Android_4.4.4_HTC ONE_firefox_31]" classname="se.redmind.rmtest.selenium.example.RandomClass(20150204-000255)" time="0.31082094"/>
<testcase name="random1[Android_4.4.4_HTC ONE_chrome_42]" classname="se.redmind.rmtest.selenium.example.RandomClass(20150204-000255)" time="1.4389043"/>
<testcase name="random1[Android_4.4.4_HTC ONE_explorer_10]" classname="se.redmind.rmtest.selenium.example.RandomClass(20150204-000255)" time="1.3523484"/>
<testcase name="random1[Android_4.4.4_HTC ONE_opera_15]" classname="se.redmind.rmtest.selenium.example.RandomClass(20150204-000255)" time="0.76763976"/>
<testcase name="random1[Android_5.1_Nexus 6_firefox_31]" classname="se.redmind.rmtest.selenium.example.RandomClass(20150204-000255)" time="1.588767"/>
<testcase name="random1[Android_5.1_Nexus 6_chrome_42]" classname="se.redmind.rmtest.selenium.example.RandomClass(20150204-000255)" time="1.4186693">
	<failure type="java.lang.AssertionError:">java.lang.AssertionError: null
		at org.junit.Assert.fail(Assert.java:86)
		at org.junit.Assert.assertTrue(Assert.java:41)
		at org.junit.Assert.assertTrue(Assert.java:52)
		at se.redmind.rmtest.selenium.example.CreateRandomRes3.random14(CreateRandomRes3.java:128)
	</failure></testcase>
<testcase name="random1[Android_5.1_Nexus 6_explorer_10]" classname="se.redmind.rmtest.selenium.example.RandomClass(20150204-000255)" time="0.34728777"/>
<testcase name="random1[Android_5.1_Nexus 6_opera_15]" classname="se.redmind.rmtest.selenium.example.RandomClass(20150204-000255)" time="1.2143296"/>
<testcase name="random1[IOS_8.2_iPhone 6_firefox_31]" classname="se.redmind.rmtest.selenium.example.RandomClass(20150204-000255)" time="1.4188293"/>
<testcase name="random1[IOS_8.2_iPhone 6_chrome_42]" classname="se.redmind.rmtest.selenium.example.RandomClass(20150204-000255)" time="1.68818"/>
<testcase name="random1[IOS_8.2_iPhone 6_explorer_10]" classname="se.redmind.rmtest.selenium.example.RandomClass(20150204-000255)" time="1.5735205"/>
<testcase name="random1[IOS_8.2_iPhone 6_opera_15]" classname="se.redmind.rmtest.selenium.example.RandomClass(20150204-000255)" time="0.5991374"/>
<testcase name="random1[OSX_10.9.5_UNKNOWN_firefox_31]" classname="se.redmind.rmtest.selenium.example.RandomClass(20150204-000255)" time="0.14635313"/>
<testcase name="random1[OSX_10.9.5_UNKNOWN_chrome_42]" classname="se.redmind.rmtest.selenium.example.RandomClass(20150204-000255)" time="0.5813992"/>
<testcase name="random1[OSX_10.9.5_UNKNOWN_explorer_10]" classname="se.redmind.rmtest.selenium.example.RandomClass(20150204-000255)" time="0.18597233"/>
<testcase name="random1[OSX_10.9.5_UNKNOWN_opera_15]" classname="se.redmind.rmtest.selenium.example.RandomClass(20150204-000255)" time="0.7460066"/>
<testcase name="random1[Windows_8.1_UNKNOWN_firefox_31]" classname="se.redmind.rmtest.selenium.example.RandomClass(20150204-000255)" time="0.41643834"/>
<testcase name="random1[Windows_8.1_UNKNOWN_chrome_42]" classname="se.redmind.rmtest.selenium.example.RandomClass(20150204-000255)" time="1.0380105"/>
<testcase name="random1[Windows_8.1_UNKNOWN_explorer_10]" classname="se.redmind.rmtest.selenium.example.RandomClass(20150204-000255)" time="0.56367993"/>
<testcase name="random1[Windows_8.1_UNKNOWN_opera_15]" classname="se.redmind.rmtest.selenium.example.RandomClass(20150204-000255)" time="0.6834177"/>
<testcase name="random1[Ubuntu_14.04_UNKNOWN_firefox_31]" classname="se.redmind.rmtest.selenium.example.RandomClass(20150204-000255)" time="0.6347437"/>
<testcase name="random1[Ubuntu_14.04_UNKNOWN_chrome_42]" classname="se.redmind.rmtest.selenium.example.RandomClass(20150204-000255)" time="1.0250094"/>
<testcase name="random1[Ubuntu_14.04_UNKNOWN_explorer_10]" classname="se.redmind.rmtest.selenium.example.RandomClass(20150204-000255)" time="0.22952819"/>
<testcase name="random1[Ubuntu_14.04_UNKNOWN_opera_15]" classname="se.redmind.rmtest.selenium.example.RandomClass(20150204-000255)" time="0.119556665"/>
<testcase name="random2[Android_4.4.4_HTC ONE_firefox_31]" classname="se.redmind.rmtest.selenium.example.RandomClass(20150204-000255)" time="0.6634326"/>
<testcase name="random2[Android_4.4.4_HTC ONE_chrome_42]" classname="se.redmind.rmtest.selenium.example.RandomClass(20150204-000255)" time="0.6059892"/>
<testcase name="random2[Android_4.4.4_HTC ONE_explorer_10]" classname="se.redmind.rmtest.selenium.example.RandomClass(20150204-000255)" time="1.8684391">
	<failure type="java.lang.AssertionError:">java.lang.AssertionError: null
		at org.junit.Assert.fail(Assert.java:86)
		at org.junit.Assert.assertTrue(Assert.java:41)
		at org.junit.Assert.assertTrue(Assert.java:52)
		at se.redmind.rmtest.selenium.example.CreateRandomRes3.random14(CreateRandomRes3.java:128)
	</failure></testcase>
<testcase name="random2[Android_4.4.4_HTC ONE_opera_15]" classname="se.redmind.rmtest.selenium.example.RandomClass(20150204-000255)" time="1.2910335"/>
<testcase name="random2[Android_5.1_Nexus 6_firefox_31]" classname="se.redmind.rmtest.selenium.example.RandomClass(20150204-000255)" time="1.0340577"/>
<testcase name="random2[Android_5.1_Nexus 6_chrome_42]" classname="se.redmind.rmtest.selenium.example.RandomClass(20150204-000255)" time="1.6532947"/>
<testcase name="random2[Android_5.1_Nexus 6_explorer_10]" classname="se.redmind.rmtest.selenium.example.RandomClass(20150204-000255)" time="0.5939759"/>
<testcase name="random2[Android_5.1_Nexus 6_opera_15]" classname="se.redmind.rmtest.selenium.example.RandomClass(20150204-000255)" time="1.83756"/>
<testcase name="random2[IOS_8.2_iPhone 6_firefox_31]" classname="se.redmind.rmtest.selenium.example.RandomClass(20150204-000255)" time="0.33613718"/>
<testcase name="random2[IOS_8.2_iPhone 6_chrome_42]" classname="se.redmind.rmtest.selenium.example.RandomClass(20150204-000255)" time="1.7783029"/>
<testcase name="random2[IOS_8.2_iPhone 6_explorer_10]" classname="se.redmind.rmtest.selenium.example.RandomClass(20150204-000255)" time="0.5215287"/>
<testcase name="random2[IOS_8.2_iPhone 6_opera_15]" classname="se.redmind.rmtest.selenium.example.RandomClass(20150204-000255)" time="1.7163157"/>
<testcase name="random2[OSX_10.9.5_UNKNOWN_firefox_31]" classname="se.redmind.rmtest.selenium.example.RandomClass(20150204-000255)" time="0.379627"/>
<testcase name="random2[OSX_10.9.5_UNKNOWN_chrome_42]" classname="se.redmind.rmtest.selenium.example.RandomClass(20150204-000255)" time="1.6976649"/>
<testcase name="random2[OSX_10.9.5_UNKNOWN_explorer_10]" classname="se.redmind.rmtest.selenium.example.RandomClass(20150204-000255)" time="0.17695093">
	<failure type="java.lang.AssertionError:">java.lang.AssertionError: null
		at org.junit.Assert.fail(Assert.java:86)
		at org.junit.Assert.assertTrue(Assert.java:41)
		at org.junit.Assert.assertTrue(Assert.java:52)
		at se.redmind.rmtest.selenium.example.CreateRandomRes3.random14(CreateRandomRes3.java:128)
	</failure></testcase>
<testcase name="random2[OSX_10.9.5_UNKNOWN_opera_15]" classname="se.redmind.rmtest.selenium.example.RandomClass(20150204-000255)" time="0.5935664"/>
<testcase name="random2[Windows_8.1_UNKNOWN_firefox_31]" classname="se.redmind.rmtest.selenium.example.RandomClass(20150204-000255)" time="1.2314513"/>
<testcase name="random2[Windows_8.1_UNKNOWN_chrome_42]" classname="se.redmind.rmtest.selenium.example.RandomClass(20150204-000255)" time="0.9584205"/>
<testcase name="random2[Windows_8.1_UNKNOWN_explorer_10]" classname="se.redmind.rmtest.selenium.example.RandomClass(20150204-000255)" time="0.30271983"/>
<testcase name="random2[Windows_8.1_UNKNOWN_opera_15]" classname="se.redmind.rmtest.selenium.example.RandomClass(20150204-000255)" time="0.6374215"/>
<testcase name="random2[Ubuntu_14.04_UNKNOWN_firefox_31]" classname="se.redmind.rmtest.selenium.example.RandomClass(20150204-000255)" time="0.2906984"/>
<testcase name="random2[Ubuntu_14.04_UNKNOWN_chrome_42]" classname="se.redmind.rmtest.selenium.example.RandomClass(20150204-000255)" time="0.71247756"/>
<testcase name="random2[Ubuntu_14.04_UNKNOWN_explorer_10]" classname="se.redmind.rmtest.selenium.example.RandomClass(20150204-000255)" time="0.21939683"/>
<testcase name="random2[Ubuntu_14.04_UNKNOWN_opera_15]" classname="se.redmind.rmtest.selenium.example.RandomClass(20150204-000255)" time="1.18445"/>
<testcase name="random3[Android_4.4.4_HTC ONE_firefox_31]" classname="se.redmind.rmtest.selenium.example.RandomClass(20150204-000255)" time="1.1940506"/>
<testcase name="random3[Android_4.4.4_HTC ONE_chrome_42]" classname="se.redmind.rmtest.selenium.example.RandomClass(20150204-000255)" time="0.061023235"/>
<testcase name="random3[Android_4.4.4_HTC ONE_explorer_10]" classname="se.redmind.rmtest.selenium.example.RandomClass(20150204-000255)" time="0.058366418"/>
<testcase name="random3[Android_4.4.4_HTC ONE_opera_15]" classname="se.redmind.rmtest.selenium.example.RandomClass(20150204-000255)" time="0.36419904"/>
<testcase name="random3[Android_5.1_Nexus 6_firefox_31]" classname="se.redmind.rmtest.selenium.example.RandomClass(20150204-000255)" time="1.5324639"/>
<testcase name="random3[Android_5.1_Nexus 6_chrome_42]" classname="se.redmind.rmtest.selenium.example.RandomClass(20150204-000255)" time="0.38201642"/>
<testcase name="random3[Android_5.1_Nexus 6_explorer_10]" classname="se.redmind.rmtest.selenium.example.RandomClass(20150204-000255)" time="1.9025364"/>
<testcase name="random3[Android_5.1_Nexus 6_opera_15]" classname="se.redmind.rmtest.selenium.example.RandomClass(20150204-000255)" time="0.43948877"/>
<testcase name="random3[IOS_8.2_iPhone 6_firefox_31]" classname="se.redmind.rmtest.selenium.example.RandomClass(20150204-000255)" time="1.1120703"/>
<testcase name="random3[IOS_8.2_iPhone 6_chrome_42]" classname="se.redmind.rmtest.selenium.example.RandomClass(20150204-000255)" time="0.008984208"/>
<testcase name="random3[IOS_8.2_iPhone 6_explorer_10]" classname="se.redmind.rmtest.selenium.example.RandomClass(20150204-000255)" time="1.1548835"/>
<testcase name="random3[IOS_8.2_iPhone 6_opera_15]" classname="se.redmind.rmtest.selenium.example.RandomClass(20150204-000255)" time="0.35668468"/>
<testcase name="random3[OSX_10.9.5_UNKNOWN_firefox_31]" classname="se.redmind.rmtest.selenium.example.RandomClass(20150204-000255)" time="0.8067262"/>
<testcase name="random3[OSX_10.9.5_UNKNOWN_chrome_42]" classname="se.redmind.rmtest.selenium.example.RandomClass(20150204-000255)" time="1.6469272"/>
<testcase name="random3[OSX_10.9.5_UNKNOWN_explorer_10]" classname="se.redmind.rmtest.selenium.example.RandomClass(20150204-000255)" time="0.30043447"/>
<testcase name="random3[OSX_10.9.5_UNKNOWN_opera_15]" classname="se.redmind.rmtest.selenium.example.RandomClass(20150204-000255)" time="0.7989795"/>
<testcase name="random3[Windows_8.1_UNKNOWN_firefox_31]" classname="se.redmind.rmtest.selenium.example.RandomClass(20150204-000255)" time="1.9265836"/>
<testcase name="random3[Windows_8.1_UNKNOWN_chrome_42]" classname="se.redmind.rmtest.selenium.example.RandomClass(20150204-000255)" time="0.9912139"/>
<testcase name="random3[Windows_8.1_UNKNOWN_explorer_10]" classname="se.redmind.rmtest.selenium.example.RandomClass(20150204-000255)" time="0.6354722"/>
<testcase name="random3[Windows_8.1_UNKNOWN_opera_15]" classname="se.redmind.rmtest.selenium.example.RandomClass(20150204-000255)" time="1.8970394"/>
<testcase name="random3[Ubuntu_14.04_UNKNOWN_firefox_31]" classname="se.redmind.rmtest.selenium.example.RandomClass(20150204-000255)" time="1.4665165"/>
<testcase name="random3[Ubuntu_14.04_UNKNOWN_chrome_42]" classname="se.redmind.rmtest.selenium.example.RandomClass(20150204-000255)" time="1.1579247"/>
<testcase name="random3[Ubuntu_14.04_UNKNOWN_explorer_10]" classname="se.redmind.rmtest.selenium.example.RandomClass(20150204-000255)" time="1.5084634"/>
<testcase name="random3[Ubuntu_14.04_UNKNOWN_opera_15]" classname="se.redmind.rmtest.selenium.example.RandomClass(20150204-000255)" time="1.6752021"/>
<testcase name="random4[Android_4.4.4_HTC ONE_firefox_31]" classname="se.redmind.rmtest.selenium.example.RandomClass(20150204-000255)" time="1.6001849"/>
<testcase name="random4[Android_4.4.4_HTC ONE_chrome_42]" classname="se.redmind.rmtest.selenium.example.RandomClass(20150204-000255)" time="1.7391819"/>
<testcase name="random4[Android_4.4.4_HTC ONE_explorer_10]" classname="se.redmind.rmtest.selenium.example.RandomClass(20150204-000255)" time="1.150404"/>
<testcase name="random4[Android_4.4.4_HTC ONE_opera_15]" classname="se.redmind.rmtest.selenium.example.RandomClass(20150204-000255)" time="0.29774237"/>
<testcase name="random4[Android_5.1_Nexus 6_firefox_31]" classname="se.redmind.rmtest.selenium.example.RandomClass(20150204-000255)" time="0.34997308"/>
<testcase name="random4[Android_5.1_Nexus 6_chrome_42]" classname="se.redmind.rmtest.selenium.example.RandomClass(20150204-000255)" time="1.5645825"/>
<testcase name="random4[Android_5.1_Nexus 6_explorer_10]" classname="se.redmind.rmtest.selenium.example.RandomClass(20150204-000255)" time="0.2679844">
	<failure type="java.lang.AssertionError:">java.lang.AssertionError: null
		at org.junit.Assert.fail(Assert.java:86)
		at org.junit.Assert.assertTrue(Assert.java:41)
		at org.junit.Assert.assertTrue(Assert.java:52)
		at se.redmind.rmtest.selenium.example.CreateRandomRes3.random14(CreateRandomRes3.java:128)
	</failure></testcase>
<testcase name="random4[Android_5.1_Nexus 6_opera_15]" classname="se.redmind.rmtest.selenium.example.RandomClass(20150204-000255)" time="1.2285439"/>
<testcase name="random4[IOS_8.2_iPhone 6_firefox_31]" classname="se.redmind.rmtest.selenium.example.RandomClass(20150204-000255)" time="0.48999333"/>
<testcase name="random4[IOS_8.2_iPhone 6_chrome_42]" classname="se.redmind.rmtest.selenium.example.RandomClass(20150204-000255)" time="0.5799273"/>
<testcase name="random4[IOS_8.2_iPhone 6_explorer_10]" classname="se.redmind.rmtest.selenium.example.RandomClass(20150204-000255)" time="1.2311774"/>
<testcase name="random4[IOS_8.2_iPhone 6_opera_15]" classname="se.redmind.rmtest.selenium.example.RandomClass(20150204-000255)" time="1.5288512"/>
<testcase name="random4[OSX_10.9.5_UNKNOWN_firefox_31]" classname="se.redmind.rmtest.selenium.example.RandomClass(20150204-000255)" time="1.4287964"/>
<testcase name="random4[OSX_10.9.5_UNKNOWN_chrome_42]" classname="se.redmind.rmtest.selenium.example.RandomClass(20150204-000255)" time="0.6470181"/>
<testcase name="random4[OSX_10.9.5_UNKNOWN_explorer_10]" classname="se.redmind.rmtest.selenium.example.RandomClass(20150204-000255)" time="1.9075575"/>
<testcase name="random4[OSX_10.9.5_UNKNOWN_opera_15]" classname="se.redmind.rmtest.selenium.example.RandomClass(20150204-000255)" time="1.6915983"/>
<testcase name="random4[Windows_8.1_UNKNOWN_firefox_31]" classname="se.redmind.rmtest.selenium.example.RandomClass(20150204-000255)" time="0.070387125"/>
<testcase name="random4[Windows_8.1_UNKNOWN_chrome_42]" classname="se.redmind.rmtest.selenium.example.RandomClass(20150204-000255)" time="1.5233724"/>
<testcase name="random4[Windows_8.1_UNKNOWN_explorer_10]" classname="se.redmind.rmtest.selenium.example.RandomClass(20150204-000255)" time="1.9788593"/>
<testcase name="random4[Windows_8.1_UNKNOWN_opera_15]" classname="se.redmind.rmtest.selenium.example.RandomClass(20150204-000255)" time="0.6471416"/>
<testcase name="random4[Ubuntu_14.04_UNKNOWN_firefox_31]" classname="se.redmind.rmtest.selenium.example.RandomClass(20150204-000255)" time="1.4665916"/>
<testcase name="random4[Ubuntu_14.04_UNKNOWN_chrome_42]" classname="se.redmind.rmtest.selenium.example.RandomClass(20150204-000255)" time="0.7982862"/>
<testcase name="random4[Ubuntu_14.04_UNKNOWN_explorer_10]" classname="se.redmind.rmtest.selenium.example.RandomClass(20150204-000255)" time="0.920992">
	<failure type="java.lang.AssertionError:">java.lang.AssertionError: null
		at org.junit.Assert.fail(Assert.java:86)
		at org.junit.Assert.assertTrue(Assert.java:41)
		at org.junit.Assert.assertTrue(Assert.java:52)
		at se.redmind.rmtest.selenium.example.CreateRandomRes3.random14(CreateRandomRes3.java:128)
	</failure></testcase>
<testcase name="random4[Ubuntu_14.04_UNKNOWN_opera_15]" classname="se.redmind.rmtest.selenium.example.RandomClass(20150204-000255)" time="1.8740503"/>
<testcase name="random5[Android_4.4.4_HTC ONE_firefox_31]" classname="se.redmind.rmtest.selenium.example.RandomClass(20150204-000255)" time="0.45078194"/>
<testcase name="random5[Android_4.4.4_HTC ONE_chrome_42]" classname="se.redmind.rmtest.selenium.example.RandomClass(20150204-000255)" time="1.1417483"/>
<testcase name="random5[Android_4.4.4_HTC ONE_explorer_10]" classname="se.redmind.rmtest.selenium.example.RandomClass(20150204-000255)" time="0.73692274"/>
<testcase name="random5[Android_4.4.4_HTC ONE_opera_15]" classname="se.redmind.rmtest.selenium.example.RandomClass(20150204-000255)" time="1.9099401"/>
<testcase name="random5[Android_5.1_Nexus 6_firefox_31]" classname="se.redmind.rmtest.selenium.example.RandomClass(20150204-000255)" time="1.3824106"/>
<testcase name="random5[Android_5.1_Nexus 6_chrome_42]" classname="se.redmind.rmtest.selenium.example.RandomClass(20150204-000255)" time="0.86529255"/>
<testcase name="random5[Android_5.1_Nexus 6_explorer_10]" classname="se.redmind.rmtest.selenium.example.RandomClass(20150204-000255)" time="1.002551"/>
<testcase name="random5[Android_5.1_Nexus 6_opera_15]" classname="se.redmind.rmtest.selenium.example.RandomClass(20150204-000255)" time="0.9811586"/>
<testcase name="random5[IOS_8.2_iPhone 6_firefox_31]" classname="se.redmind.rmtest.selenium.example.RandomClass(20150204-000255)" time="0.6337657"/>
<testcase name="random5[IOS_8.2_iPhone 6_chrome_42]" classname="se.redmind.rmtest.selenium.example.RandomClass(20150204-000255)" time="0.49894977"/>
<testcase name="random5[IOS_8.2_iPhone 6_explorer_10]" classname="se.redmind.rmtest.selenium.example.RandomClass(20150204-000255)" time="0.8188952"/>
<testcase name="random5[IOS_8.2_iPhone 6_opera_15]" classname="se.redmind.rmtest.selenium.example.RandomClass(20150204-000255)" time="0.9564618"/>
<testcase name="random5[OSX_10.9.5_UNKNOWN_firefox_31]" classname="se.redmind.rmtest.selenium.example.RandomClass(20150204-000255)" time="1.5148077"/>
<testcase name="random5[OSX_10.9.5_UNKNOWN_chrome_42]" classname="se.redmind.rmtest.selenium.example.RandomClass(20150204-000255)" time="0.8560406"/>
<testcase name="random5[OSX_10.9.5_UNKNOWN_explorer_10]" classname="se.redmind.rmtest.selenium.example.RandomClass(20150204-000255)" time="1.8596197"/>
<testcase name="random5[OSX_10.9.5_UNKNOWN_opera_15]" classname="se.redmind.rmtest.selenium.example.RandomClass(20150204-000255)" time="0.37865126"/>
<testcase name="random5[Windows_8.1_UNKNOWN_firefox_31]" classname="se.redmind.rmtest.selenium.example.RandomClass(20150204-000255)" time="1.9589026"/>
<testcase name="random5[Windows_8.1_UNKNOWN_chrome_42]" classname="se.redmind.rmtest.selenium.example.RandomClass(20150204-000255)" time="0.8876277"/>
<testcase name="random5[Windows_8.1_UNKNOWN_explorer_10]" classname="se.redmind.rmtest.selenium.example.RandomClass(20150204-000255)" time="0.86112785"/>
<testcase name="random5[Windows_8.1_UNKNOWN_opera_15]" classname="se.redmind.rmtest.selenium.example.RandomClass(20150204-000255)" time="1.9394642">
	<failure type="java.lang.AssertionError:">java.lang.AssertionError: null
		at org.junit.Assert.fail(Assert.java:86)
		at org.junit.Assert.assertTrue(Assert.java:41)
		at org.junit.Assert.assertTrue(Assert.java:52)
		at se.redmind.rmtest.selenium.example.CreateRandomRes3.random14(CreateRandomRes3.java:128)
	</failure></testcase>
<testcase name="random5[Ubuntu_14.04_UNKNOWN_firefox_31]" classname="se.redmind.rmtest.selenium.example.RandomClass(20150204-000255)" time="1.4817201"/>
<testcase name="random5[Ubuntu_14.04_UNKNOWN_chrome_42]" classname="se.redmind.rmtest.selenium.example.RandomClass(20150204-000255)" time="0.5210242"/>
<testcase name="random5[Ubuntu_14.04_UNKNOWN_explorer_10]" classname="se.redmind.rmtest.selenium.example.RandomClass(20150204-000255)" time="0.6231556"/>
<testcase name="random5[Ubuntu_14.04_UNKNOWN_opera_15]" classname="se.redmind.rmtest.selenium.example.RandomClass(20150204-000255)" time="0.43684292"/>
<testcase name="random6[Android_4.4.4_HTC ONE_firefox_31]" classname="se.redmind.rmtest.selenium.example.RandomClass(20150204-000255)" time="1.6775179"/>
<testcase name="random6[Android_4.4.4_HTC ONE_chrome_42]" classname="se.redmind.rmtest.selenium.example.RandomClass(20150204-000255)" time="0.63183415"/>
<testcase name="random6[Android_4.4.4_HTC ONE_explorer_10]" classname="se.redmind.rmtest.selenium.example.RandomClass(20150204-000255)" time="1.8710006"/>
<testcase name="random6[Android_4.4.4_HTC ONE_opera_15]" classname="se.redmind.rmtest.selenium.example.RandomClass(20150204-000255)" time="0.9900328"/>
<testcase name="random6[Android_5.1_Nexus 6_firefox_31]" classname="se.redmind.rmtest.selenium.example.RandomClass(20150204-000255)" time="1.8314856"/>
<testcase name="random6[Android_5.1_Nexus 6_chrome_42]" classname="se.redmind.rmtest.selenium.example.RandomClass(20150204-000255)" time="1.3165773"/>
<testcase name="random6[Android_5.1_Nexus 6_explorer_10]" classname="se.redmind.rmtest.selenium.example.RandomClass(20150204-000255)" time="0.17622519"/>
<testcase name="random6[Android_5.1_Nexus 6_opera_15]" classname="se.redmind.rmtest.selenium.example.RandomClass(20150204-000255)" time="0.08678985"/>
<testcase name="random6[IOS_8.2_iPhone 6_firefox_31]" classname="se.redmind.rmtest.selenium.example.RandomClass(20150204-000255)" time="0.10377729"/>
<testcase name="random6[IOS_8.2_iPhone 6_chrome_42]" classname="se.redmind.rmtest.selenium.example.RandomClass(20150204-000255)" time="0.7130307"/>
<testcase name="random6[IOS_8.2_iPhone 6_explorer_10]" classname="se.redmind.rmtest.selenium.example.RandomClass(20150204-000255)" time="0.5408733"/>
<testcase name="random6[IOS_8.2_iPhone 6_opera_15]" classname="se.redmind.rmtest.selenium.example.RandomClass(20150204-000255)" time="1.8983072"/>
<testcase name="random6[OSX_10.9.5_UNKNOWN_firefox_31]" classname="se.redmind.rmtest.selenium.example.RandomClass(20150204-000255)" time="1.1803113"/>
<testcase name="random6[OSX_10.9.5_UNKNOWN_chrome_42]" classname="se.redmind.rmtest.selenium.example.RandomClass(20150204-000255)" time="1.757995"/>
<testcase name="random6[OSX_10.9.5_UNKNOWN_explorer_10]" classname="se.redmind.rmtest.selenium.example.RandomClass(20150204-000255)" time="1.220948"/>
<testcase name="random6[OSX_10.9.5_UNKNOWN_opera_15]" classname="se.redmind.rmtest.selenium.example.RandomClass(20150204-000255)" time="1.2212921"/>
<testcase name="random6[Windows_8.1_UNKNOWN_firefox_31]" classname="se.redmind.rmtest.selenium.example.RandomClass(20150204-000255)" time="1.287373"/>
<testcase name="random6[Windows_8.1_UNKNOWN_chrome_42]" classname="se.redmind.rmtest.selenium.example.RandomClass(20150204-000255)" time="1.4772748"/>
<testcase name="random6[Windows_8.1_UNKNOWN_explorer_10]" classname="se.redmind.rmtest.selenium.example.RandomClass(20150204-000255)" time="1.8980966"/>
<testcase name="random6[Windows_8.1_UNKNOWN_opera_15]" classname="se.redmind.rmtest.selenium.example.RandomClass(20150204-000255)" time="0.39296377"/>
<testcase name="random6[Ubuntu_14.04_UNKNOWN_firefox_31]" classname="se.redmind.rmtest.selenium.example.RandomClass(20150204-000255)" time="1.0315049"/>
<testcase name="random6[Ubuntu_14.04_UNKNOWN_chrome_42]" classname="se.redmind.rmtest.selenium.example.RandomClass(20150204-000255)" time="0.67023754"/>
<testcase name="random6[Ubuntu_14.04_UNKNOWN_explorer_10]" classname="se.redmind.rmtest.selenium.example.RandomClass(20150204-000255)" time="1.4041533"/>
<testcase name="random6[Ubuntu_14.04_UNKNOWN_opera_15]" classname="se.redmind.rmtest.selenium.example.RandomClass(20150204-000255)" time="0.573558"/>
<testcase name="random7[Android_4.4.4_HTC ONE_firefox_31]" classname="se.redmind.rmtest.selenium.example.RandomClass(20150204-000255)" time="1.6531274"/>
<testcase name="random7[Android_4.4.4_HTC ONE_chrome_42]" classname="se.redmind.rmtest.selenium.example.RandomClass(20150204-000255)" time="1.1813948"/>
<testcase name="random7[Android_4.4.4_HTC ONE_explorer_10]" classname="se.redmind.rmtest.selenium.example.RandomClass(20150204-000255)" time="0.86139536"/>
<testcase name="random7[Android_4.4.4_HTC ONE_opera_15]" classname="se.redmind.rmtest.selenium.example.RandomClass(20150204-000255)" time="1.9022645"/>
<testcase name="random7[Android_5.1_Nexus 6_firefox_31]" classname="se.redmind.rmtest.selenium.example.RandomClass(20150204-000255)" time="0.97177994"/>
<testcase name="random7[Android_5.1_Nexus 6_chrome_42]" classname="se.redmind.rmtest.selenium.example.RandomClass(20150204-000255)" time="1.3440293"/>
<testcase name="random7[Android_5.1_Nexus 6_explorer_10]" classname="se.redmind.rmtest.selenium.example.RandomClass(20150204-000255)" time="1.3220675"/>
<testcase name="random7[Android_5.1_Nexus 6_opera_15]" classname="se.redmind.rmtest.selenium.example.RandomClass(20150204-000255)" time="0.2063415"/>
<testcase name="random7[IOS_8.2_iPhone 6_firefox_31]" classname="se.redmind.rmtest.selenium.example.RandomClass(20150204-000255)" time="1.55283"/>
<testcase name="random7[IOS_8.2_iPhone 6_chrome_42]" classname="se.redmind.rmtest.selenium.example.RandomClass(20150204-000255)" time="1.6359662"/>
<testcase name="random7[IOS_8.2_iPhone 6_explorer_10]" classname="se.redmind.rmtest.selenium.example.RandomClass(20150204-000255)" time="0.7739365"/>
<testcase name="random7[IOS_8.2_iPhone 6_opera_15]" classname="se.redmind.rmtest.selenium.example.RandomClass(20150204-000255)" time="0.17948627"/>
<testcase name="random7[OSX_10.9.5_UNKNOWN_firefox_31]" classname="se.redmind.rmtest.selenium.example.RandomClass(20150204-000255)" time="1.4399508"/>
<testcase name="random7[OSX_10.9.5_UNKNOWN_chrome_42]" classname="se.redmind.rmtest.selenium.example.RandomClass(20150204-000255)" time="0.10516667"/>
<testcase name="random7[OSX_10.9.5_UNKNOWN_explorer_10]" classname="se.redmind.rmtest.selenium.example.RandomClass(20150204-000255)" time="1.7243402"/>
<testcase name="random7[OSX_10.9.5_UNKNOWN_opera_15]" classname="se.redmind.rmtest.selenium.example.RandomClass(20150204-000255)" time="0.24436605"/>
<testcase name="random7[Windows_8.1_UNKNOWN_firefox_31]" classname="se.redmind.rmtest.selenium.example.RandomClass(20150204-000255)" time="1.1746168"/>
<testcase name="random7[Windows_8.1_UNKNOWN_chrome_42]" classname="se.redmind.rmtest.selenium.example.RandomClass(20150204-000255)" time="0.7029029"/>
<testcase name="random7[Windows_8.1_UNKNOWN_explorer_10]" classname="se.redmind.rmtest.selenium.example.RandomClass(20150204-000255)" time="1.4833934"/>
<testcase name="random7[Windows_8.1_UNKNOWN_opera_15]" classname="se.redmind.rmtest.selenium.example.RandomClass(20150204-000255)" time="0.6755421"/>
<testcase name="random7[Ubuntu_14.04_UNKNOWN_firefox_31]" classname="se.redmind.rmtest.selenium.example.RandomClass(20150204-000255)" time="1.7633263"/>
<testcase name="random7[Ubuntu_14.04_UNKNOWN_chrome_42]" classname="se.redmind.rmtest.selenium.example.RandomClass(20150204-000255)" time="1.3048451"/>
<testcase name="random7[Ubuntu_14.04_UNKNOWN_explorer_10]" classname="se.redmind.rmtest.selenium.example.RandomClass(20150204-000255)" time="0.73772585"/>
<testcase name="random7[Ubuntu_14.04_UNKNOWN_opera_15]" classname="se.redmind.rmtest.selenium.example.RandomClass(20150204-000255)" time="1.9828475"/>
<testcase name="random8[Android_4.4.4_HTC ONE_firefox_31]" classname="se.redmind.rmtest.selenium.example.RandomClass(20150204-000255)" time="0.7552068"/>
<testcase name="random8[Android_4.4.4_HTC ONE_chrome_42]" classname="se.redmind.rmtest.selenium.example.RandomClass(20150204-000255)" time="1.9054756"/>
<testcase name="random8[Android_4.4.4_HTC ONE_explorer_10]" classname="se.redmind.rmtest.selenium.example.RandomClass(20150204-000255)" time="0.03932023"/>
<testcase name="random8[Android_4.4.4_HTC ONE_opera_15]" classname="se.redmind.rmtest.selenium.example.RandomClass(20150204-000255)" time="1.0416083"/>
<testcase name="random8[Android_5.1_Nexus 6_firefox_31]" classname="se.redmind.rmtest.selenium.example.RandomClass(20150204-000255)" time="1.6571167"/>
<testcase name="random8[Android_5.1_Nexus 6_chrome_42]" classname="se.redmind.rmtest.selenium.example.RandomClass(20150204-000255)" time="1.2388206"/>
<testcase name="random8[Android_5.1_Nexus 6_explorer_10]" classname="se.redmind.rmtest.selenium.example.RandomClass(20150204-000255)" time="0.42972934"/>
<testcase name="random8[Android_5.1_Nexus 6_opera_15]" classname="se.redmind.rmtest.selenium.example.RandomClass(20150204-000255)" time="0.0049265623"/>
<testcase name="random8[IOS_8.2_iPhone 6_firefox_31]" classname="se.redmind.rmtest.selenium.example.RandomClass(20150204-000255)" time="1.5403074"/>
<testcase name="random8[IOS_8.2_iPhone 6_chrome_42]" classname="se.redmind.rmtest.selenium.example.RandomClass(20150204-000255)" time="1.9085675"/>
<testcase name="random8[IOS_8.2_iPhone 6_explorer_10]" classname="se.redmind.rmtest.selenium.example.RandomClass(20150204-000255)" time="1.578149"/>
<testcase name="random8[IOS_8.2_iPhone 6_opera_15]" classname="se.redmind.rmtest.selenium.example.RandomClass(20150204-000255)" time="1.6445675"/>
<testcase name="random8[OSX_10.9.5_UNKNOWN_firefox_31]" classname="se.redmind.rmtest.selenium.example.RandomClass(20150204-000255)" time="0.8821652"/>
<testcase name="random8[OSX_10.9.5_UNKNOWN_chrome_42]" classname="se.redmind.rmtest.selenium.example.RandomClass(20150204-000255)" time="0.0032156706"/>
<testcase name="random8[OSX_10.9.5_UNKNOWN_explorer_10]" classname="se.redmind.rmtest.selenium.example.RandomClass(20150204-000255)" time="0.5325308"/>
<testcase name="random8[OSX_10.9.5_UNKNOWN_opera_15]" classname="se.redmind.rmtest.selenium.example.RandomClass(20150204-000255)" time="0.44082725"/>
<testcase name="random8[Windows_8.1_UNKNOWN_firefox_31]" classname="se.redmind.rmtest.selenium.example.RandomClass(20150204-000255)" time="0.43850136"/>
<testcase name="random8[Windows_8.1_UNKNOWN_chrome_42]" classname="se.redmind.rmtest.selenium.example.RandomClass(20150204-000255)" time="1.1269845"/>
<testcase name="random8[Windows_8.1_UNKNOWN_explorer_10]" classname="se.redmind.rmtest.selenium.example.RandomClass(20150204-000255)" time="0.4661193"/>
<testcase name="random8[Windows_8.1_UNKNOWN_opera_15]" classname="se.redmind.rmtest.selenium.example.RandomClass(20150204-000255)" time="1.4780824"/>
<testcase name="random8[Ubuntu_14.04_UNKNOWN_firefox_31]" classname="se.redmind.rmtest.selenium.example.RandomClass(20150204-000255)" time="0.25631857"/>
<testcase name="random8[Ubuntu_14.04_UNKNOWN_chrome_42]" classname="se.redmind.rmtest.selenium.example.RandomClass(20150204-000255)" time="0.79478407"/>
<testcase name="random8[Ubuntu_14.04_UNKNOWN_explorer_10]" classname="se.redmind.rmtest.selenium.example.RandomClass(20150204-000255)" time="1.647501"/>
<testcase name="random8[Ubuntu_14.04_UNKNOWN_opera_15]" classname="se.redmind.rmtest.selenium.example.RandomClass(20150204-000255)" time="1.0015492"/>
<testcase name="random9[Android_4.4.4_HTC ONE_firefox_31]" classname="se.redmind.rmtest.selenium.example.RandomClass(20150204-000255)" time="1.8139273"/>
<testcase name="random9[Android_4.4.4_HTC ONE_chrome_42]" classname="se.redmind.rmtest.selenium.example.RandomClass(20150204-000255)" time="1.2196273"/>
<testcase name="random9[Android_4.4.4_HTC ONE_explorer_10]" classname="se.redmind.rmtest.selenium.example.RandomClass(20150204-000255)" time="0.2704581"/>
<testcase name="random9[Android_4.4.4_HTC ONE_opera_15]" classname="se.redmind.rmtest.selenium.example.RandomClass(20150204-000255)" time="1.3521127"/>
<testcase name="random9[Android_5.1_Nexus 6_firefox_31]" classname="se.redmind.rmtest.selenium.example.RandomClass(20150204-000255)" time="1.7147462"/>
<testcase name="random9[Android_5.1_Nexus 6_chrome_42]" classname="se.redmind.rmtest.selenium.example.RandomClass(20150204-000255)" time="0.66344523"/>
<testcase name="random9[Android_5.1_Nexus 6_explorer_10]" classname="se.redmind.rmtest.selenium.example.RandomClass(20150204-000255)" time="0.7506205"/>
<testcase name="random9[Android_5.1_Nexus 6_opera_15]" classname="se.redmind.rmtest.selenium.example.RandomClass(20150204-000255)" time="0.9199102"/>
<testcase name="random9[IOS_8.2_iPhone 6_firefox_31]" classname="se.redmind.rmtest.selenium.example.RandomClass(20150204-000255)" time="0.36306703"/>
<testcase name="random9[IOS_8.2_iPhone 6_chrome_42]" classname="se.redmind.rmtest.selenium.example.RandomClass(20150204-000255)" time="1.7273415"/>
<testcase name="random9[IOS_8.2_iPhone 6_explorer_10]" classname="se.redmind.rmtest.selenium.example.RandomClass(20150204-000255)" time="1.6291156"/>
<testcase name="random9[IOS_8.2_iPhone 6_opera_15]" classname="se.redmind.rmtest.selenium.example.RandomClass(20150204-000255)" time="0.74368465"/>
<testcase name="random9[OSX_10.9.5_UNKNOWN_firefox_31]" classname="se.redmind.rmtest.selenium.example.RandomClass(20150204-000255)" time="1.6145232"/>
<testcase name="random9[OSX_10.9.5_UNKNOWN_chrome_42]" classname="se.redmind.rmtest.selenium.example.RandomClass(20150204-000255)" time="1.2249025"/>
<testcase name="random9[OSX_10.9.5_UNKNOWN_explorer_10]" classname="se.redmind.rmtest.selenium.example.RandomClass(20150204-000255)" time="0.31911373"/>
<testcase name="random9[OSX_10.9.5_UNKNOWN_opera_15]" classname="se.redmind.rmtest.selenium.example.RandomClass(20150204-000255)" time="1.4317487"/>
<testcase name="random9[Windows_8.1_UNKNOWN_firefox_31]" classname="se.redmind.rmtest.selenium.example.RandomClass(20150204-000255)" time="1.5209513">
	<failure type="java.lang.AssertionError:">java.lang.AssertionError: null
		at org.junit.Assert.fail(Assert.java:86)
		at org.junit.Assert.assertTrue(Assert.java:41)
		at org.junit.Assert.assertTrue(Assert.java:52)
		at se.redmind.rmtest.selenium.example.CreateRandomRes3.random14(CreateRandomRes3.java:128)
	</failure></testcase>
<testcase name="random9[Windows_8.1_UNKNOWN_chrome_42]" classname="se.redmind.rmtest.selenium.example.RandomClass(20150204-000255)" time="0.6122569"/>
<testcase name="random9[Windows_8.1_UNKNOWN_explorer_10]" classname="se.redmind.rmtest.selenium.example.RandomClass(20150204-000255)" time="1.5893762"/>
<testcase name="random9[Windows_8.1_UNKNOWN_opera_15]" classname="se.redmind.rmtest.selenium.example.RandomClass(20150204-000255)" time="1.1917309"/>
<testcase name="random9[Ubuntu_14.04_UNKNOWN_firefox_31]" classname="se.redmind.rmtest.selenium.example.RandomClass(20150204-000255)" time="1.9787879"/>
<testcase name="random9[Ubuntu_14.04_UNKNOWN_chrome_42]" classname="se.redmind.rmtest.selenium.example.RandomClass(20150204-000255)" time="0.34115636"/>
<testcase name="random9[Ubuntu_14.04_UNKNOWN_explorer_10]" classname="se.redmind.rmtest.selenium.example.RandomClass(20150204-000255)" time="0.89961207"/>
<testcase name="random9[Ubuntu_14.04_UNKNOWN_opera_15]" classname="se.redmind.rmtest.selenium.example.RandomClass(20150204-000255)" time="1.9301016"/>
<testcase name="random10[Android_4.4.4_HTC ONE_firefox_31]" classname="se.redmind.rmtest.selenium.example.RandomClass(20150204-000255)" time="0.34209824"/>
<testcase name="random10[Android_4.4.4_HTC ONE_chrome_42]" classname="se.redmind.rmtest.selenium.example.RandomClass(20150204-000255)" time="1.9564279"/>
<testcase name="random10[Android_4.4.4_HTC ONE_explorer_10]" classname="se.redmind.rmtest.selenium.example.RandomClass(20150204-000255)" time="0.48565233">
	<failure type="java.lang.AssertionError:">java.lang.AssertionError: null
		at org.junit.Assert.fail(Assert.java:86)
		at org.junit.Assert.assertTrue(Assert.java:41)
		at org.junit.Assert.assertTrue(Assert.java:52)
		at se.redmind.rmtest.selenium.example.CreateRandomRes3.random14(CreateRandomRes3.java:128)
	</failure></testcase>
<testcase name="random10[Android_4.4.4_HTC ONE_opera_15]" classname="se.redmind.rmtest.selenium.example.RandomClass(20150204-000255)" time="1.6188074"/>
<testcase name="random10[Android_5.1_Nexus 6_firefox_31]" classname="se.redmind.rmtest.selenium.example.RandomClass(20150204-000255)" time="0.8757874"/>
<testcase name="random10[Android_5.1_Nexus 6_chrome_42]" classname="se.redmind.rmtest.selenium.example.RandomClass(20150204-000255)" time="0.27672577"/>
<testcase name="random10[Android_5.1_Nexus 6_explorer_10]" classname="se.redmind.rmtest.selenium.example.RandomClass(20150204-000255)" time="1.4381578"/>
<testcase name="random10[Android_5.1_Nexus 6_opera_15]" classname="se.redmind.rmtest.selenium.example.RandomClass(20150204-000255)" time="1.4251657"/>
<testcase name="random10[IOS_8.2_iPhone 6_firefox_31]" classname="se.redmind.rmtest.selenium.example.RandomClass(20150204-000255)" time="0.30149388">
	<failure type="java.lang.AssertionError:">java.lang.AssertionError: null
		at org.junit.Assert.fail(Assert.java:86)
		at org.junit.Assert.assertTrue(Assert.java:41)
		at org.junit.Assert.assertTrue(Assert.java:52)
		at se.redmind.rmtest.selenium.example.CreateRandomRes3.random14(CreateRandomRes3.java:128)
	</failure></testcase>
<testcase name="random10[IOS_8.2_iPhone 6_chrome_42]" classname="se.redmind.rmtest.selenium.example.RandomClass(20150204-000255)" time="0.57758904"/>
<testcase name="random10[IOS_8.2_iPhone 6_explorer_10]" classname="se.redmind.rmtest.selenium.example.RandomClass(20150204-000255)" time="0.9267752"/>
<testcase name="random10[IOS_8.2_iPhone 6_opera_15]" classname="se.redmind.rmtest.selenium.example.RandomClass(20150204-000255)" time="1.4625049"/>
<testcase name="random10[OSX_10.9.5_UNKNOWN_firefox_31]" classname="se.redmind.rmtest.selenium.example.RandomClass(20150204-000255)" time="1.6281235"/>
<testcase name="random10[OSX_10.9.5_UNKNOWN_chrome_42]" classname="se.redmind.rmtest.selenium.example.RandomClass(20150204-000255)" time="0.33839023"/>
<testcase name="random10[OSX_10.9.5_UNKNOWN_explorer_10]" classname="se.redmind.rmtest.selenium.example.RandomClass(20150204-000255)" time="0.19236112"/>
<testcase name="random10[OSX_10.9.5_UNKNOWN_opera_15]" classname="se.redmind.rmtest.selenium.example.RandomClass(20150204-000255)" time="1.4428601"/>
<testcase name="random10[Windows_8.1_UNKNOWN_firefox_31]" classname="se.redmind.rmtest.selenium.example.RandomClass(20150204-000255)" time="1.9609308"/>
<testcase name="random10[Windows_8.1_UNKNOWN_chrome_42]" classname="se.redmind.rmtest.selenium.example.RandomClass(20150204-000255)" time="1.8198363"/>
<testcase name="random10[Windows_8.1_UNKNOWN_explorer_10]" classname="se.redmind.rmtest.selenium.example.RandomClass(20150204-000255)" time="1.9630971"/>
<testcase name="random10[Windows_8.1_UNKNOWN_opera_15]" classname="se.redmind.rmtest.selenium.example.RandomClass(20150204-000255)" time="1.9993639"/>
<testcase name="random10[Ubuntu_14.04_UNKNOWN_firefox_31]" classname="se.redmind.rmtest.selenium.example.RandomClass(20150204-000255)" time="1.0475107"/>
<testcase name="random10[Ubuntu_14.04_UNKNOWN_chrome_42]" classname="se.redmind.rmtest.selenium.example.RandomClass(20150204-000255)" time="0.5062643"/>
<testcase name="random10[Ubuntu_14.04_UNKNOWN_explorer_10]" classname="se.redmind.rmtest.selenium.example.RandomClass(20150204-000255)" time="1.5460225"/>
<testcase name="random10[Ubuntu_14.04_UNKNOWN_opera_15]" classname="se.redmind.rmtest.selenium.example.RandomClass(20150204-000255)" time="0.9947988"/>
<testcase name="random11[Android_4.4.4_HTC ONE_firefox_31]" classname="se.redmind.rmtest.selenium.example.RandomClass(20150204-000255)" time="1.9460149"/>
<testcase name="random11[Android_4.4.4_HTC ONE_chrome_42]" classname="se.redmind.rmtest.selenium.example.RandomClass(20150204-000255)" time="1.2770487"/>
<testcase name="random11[Android_4.4.4_HTC ONE_explorer_10]" classname="se.redmind.rmtest.selenium.example.RandomClass(20150204-000255)" time="0.0037127733"/>
<testcase name="random11[Android_4.4.4_HTC ONE_opera_15]" classname="se.redmind.rmtest.selenium.example.RandomClass(20150204-000255)" time="0.74410796"/>
<testcase name="random11[Android_5.1_Nexus 6_firefox_31]" classname="se.redmind.rmtest.selenium.example.RandomClass(20150204-000255)" time="1.3903604"/>
<testcase name="random11[Android_5.1_Nexus 6_chrome_42]" classname="se.redmind.rmtest.selenium.example.RandomClass(20150204-000255)" time="1.0640187"/>
<testcase name="random11[Android_5.1_Nexus 6_explorer_10]" classname="se.redmind.rmtest.selenium.example.RandomClass(20150204-000255)" time="0.5465349"/>
<testcase name="random11[Android_5.1_Nexus 6_opera_15]" classname="se.redmind.rmtest.selenium.example.RandomClass(20150204-000255)" time="0.75248635"/>
<testcase name="random11[IOS_8.2_iPhone 6_firefox_31]" classname="se.redmind.rmtest.selenium.example.RandomClass(20150204-000255)" time="1.1791533"/>
<testcase name="random11[IOS_8.2_iPhone 6_chrome_42]" classname="se.redmind.rmtest.selenium.example.RandomClass(20150204-000255)" time="1.7068609"/>
<testcase name="random11[IOS_8.2_iPhone 6_explorer_10]" classname="se.redmind.rmtest.selenium.example.RandomClass(20150204-000255)" time="0.55411816"/>
<testcase name="random11[IOS_8.2_iPhone 6_opera_15]" classname="se.redmind.rmtest.selenium.example.RandomClass(20150204-000255)" time="0.30700576"/>
<testcase name="random11[OSX_10.9.5_UNKNOWN_firefox_31]" classname="se.redmind.rmtest.selenium.example.RandomClass(20150204-000255)" time="1.2295008"/>
<testcase name="random11[OSX_10.9.5_UNKNOWN_chrome_42]" classname="se.redmind.rmtest.selenium.example.RandomClass(20150204-000255)" time="1.7360582"/>
<testcase name="random11[OSX_10.9.5_UNKNOWN_explorer_10]" classname="se.redmind.rmtest.selenium.example.RandomClass(20150204-000255)" time="1.4853747"/>
<testcase name="random11[OSX_10.9.5_UNKNOWN_opera_15]" classname="se.redmind.rmtest.selenium.example.RandomClass(20150204-000255)" time="0.058550954"/>
<testcase name="random11[Windows_8.1_UNKNOWN_firefox_31]" classname="se.redmind.rmtest.selenium.example.RandomClass(20150204-000255)" time="1.8138375"/>
<testcase name="random11[Windows_8.1_UNKNOWN_chrome_42]" classname="se.redmind.rmtest.selenium.example.RandomClass(20150204-000255)" time="0.89300025"/>
<testcase name="random11[Windows_8.1_UNKNOWN_explorer_10]" classname="se.redmind.rmtest.selenium.example.RandomClass(20150204-000255)" time="1.3446144"/>
<testcase name="random11[Windows_8.1_UNKNOWN_opera_15]" classname="se.redmind.rmtest.selenium.example.RandomClass(20150204-000255)" time="1.5921773"/>
<testcase name="random11[Ubuntu_14.04_UNKNOWN_firefox_31]" classname="se.redmind.rmtest.selenium.example.RandomClass(20150204-000255)" time="0.93735015"/>
<testcase name="random11[Ubuntu_14.04_UNKNOWN_chrome_42]" classname="se.redmind.rmtest.selenium.example.RandomClass(20150204-000255)" time="0.3394704"/>
<testcase name="random11[Ubuntu_14.04_UNKNOWN_explorer_10]" classname="se.redmind.rmtest.selenium.example.RandomClass(20150204-000255)" time="1.3419976"/>
<testcase name="random11[Ubuntu_14.04_UNKNOWN_opera_15]" classname="se.redmind.rmtest.selenium.example.RandomClass(20150204-000255)" time="0.90782475"/>
<testcase name="random12[Android_4.4.4_HTC ONE_firefox_31]" classname="se.redmind.rmtest.selenium.example.RandomClass(20150204-000255)" time="0.8155314"/>
<testcase name="random12[Android_4.4.4_HTC ONE_chrome_42]" classname="se.redmind.rmtest.selenium.example.RandomClass(20150204-000255)" time="0.7138009"/>
<testcase name="random12[Android_4.4.4_HTC ONE_explorer_10]" classname="se.redmind.rmtest.selenium.example.RandomClass(20150204-000255)" time="1.9197725"/>
<testcase name="random12[Android_4.4.4_HTC ONE_opera_15]" classname="se.redmind.rmtest.selenium.example.RandomClass(20150204-000255)" time="1.7196525"/>
<testcase name="random12[Android_5.1_Nexus 6_firefox_31]" classname="se.redmind.rmtest.selenium.example.RandomClass(20150204-000255)" time="0.97584987"/>
<testcase name="random12[Android_5.1_Nexus 6_chrome_42]" classname="se.redmind.rmtest.selenium.example.RandomClass(20150204-000255)" time="1.4585583"/>
<testcase name="random12[Android_5.1_Nexus 6_explorer_10]" classname="se.redmind.rmtest.selenium.example.RandomClass(20150204-000255)" time="1.41145"/>
<testcase name="random12[Android_5.1_Nexus 6_opera_15]" classname="se.redmind.rmtest.selenium.example.RandomClass(20150204-000255)" time="1.5310866"/>
<testcase name="random12[IOS_8.2_iPhone 6_firefox_31]" classname="se.redmind.rmtest.selenium.example.RandomClass(20150204-000255)" time="0.63447905"/>
<testcase name="random12[IOS_8.2_iPhone 6_chrome_42]" classname="se.redmind.rmtest.selenium.example.RandomClass(20150204-000255)" time="0.1747067"/>
<testcase name="random12[IOS_8.2_iPhone 6_explorer_10]" classname="se.redmind.rmtest.selenium.example.RandomClass(20150204-000255)" time="1.2592689"/>
<testcase name="random12[IOS_8.2_iPhone 6_opera_15]" classname="se.redmind.rmtest.selenium.example.RandomClass(20150204-000255)" time="1.5540003"/>
<testcase name="random12[OSX_10.9.5_UNKNOWN_firefox_31]" classname="se.redmind.rmtest.selenium.example.RandomClass(20150204-000255)" time="1.6884737"/>
<testcase name="random12[OSX_10.9.5_UNKNOWN_chrome_42]" classname="se.redmind.rmtest.selenium.example.RandomClass(20150204-000255)" time="0.14976728"/>
<testcase name="random12[OSX_10.9.5_UNKNOWN_explorer_10]" classname="se.redmind.rmtest.selenium.example.RandomClass(20150204-000255)" time="0.936008">
	<failure type="java.lang.AssertionError:">java.lang.AssertionError: null
		at org.junit.Assert.fail(Assert.java:86)
		at org.junit.Assert.assertTrue(Assert.java:41)
		at org.junit.Assert.assertTrue(Assert.java:52)
		at se.redmind.rmtest.selenium.example.CreateRandomRes3.random14(CreateRandomRes3.java:128)
	</failure></testcase>
<testcase name="random12[OSX_10.9.5_UNKNOWN_opera_15]" classname="se.redmind.rmtest.selenium.example.RandomClass(20150204-000255)" time="0.7142775"/>
<testcase name="random12[Windows_8.1_UNKNOWN_firefox_31]" classname="se.redmind.rmtest.selenium.example.RandomClass(20150204-000255)" time="1.9157443"/>
<testcase name="random12[Windows_8.1_UNKNOWN_chrome_42]" classname="se.redmind.rmtest.selenium.example.RandomClass(20150204-000255)" time="1.6625764"/>
<testcase name="random12[Windows_8.1_UNKNOWN_explorer_10]" classname="se.redmind.rmtest.selenium.example.RandomClass(20150204-000255)" time="1.500407"/>
<testcase name="random12[Windows_8.1_UNKNOWN_opera_15]" classname="se.redmind.rmtest.selenium.example.RandomClass(20150204-000255)" time="0.22233415"/>
<testcase name="random12[Ubuntu_14.04_UNKNOWN_firefox_31]" classname="se.redmind.rmtest.selenium.example.RandomClass(20150204-000255)" time="1.7896256"/>
<testcase name="random12[Ubuntu_14.04_UNKNOWN_chrome_42]" classname="se.redmind.rmtest.selenium.example.RandomClass(20150204-000255)" time="0.18482041"/>
<testcase name="random12[Ubuntu_14.04_UNKNOWN_explorer_10]" classname="se.redmind.rmtest.selenium.example.RandomClass(20150204-000255)" time="1.0611578"/>
<testcase name="random12[Ubuntu_14.04_UNKNOWN_opera_15]" classname="se.redmind.rmtest.selenium.example.RandomClass(20150204-000255)" time="0.48600268"/>
<testcase name="random13[Android_4.4.4_HTC ONE_firefox_31]" classname="se.redmind.rmtest.selenium.example.RandomClass(20150204-000255)" time="1.6917936"/>
<testcase name="random13[Android_4.4.4_HTC ONE_chrome_42]" classname="se.redmind.rmtest.selenium.example.RandomClass(20150204-000255)" time="0.17960227">
	<failure type="java.lang.AssertionError:">java.lang.AssertionError: null
		at org.junit.Assert.fail(Assert.java:86)
		at org.junit.Assert.assertTrue(Assert.java:41)
		at org.junit.Assert.assertTrue(Assert.java:52)
		at se.redmind.rmtest.selenium.example.CreateRandomRes3.random14(CreateRandomRes3.java:128)
	</failure></testcase>
<testcase name="random13[Android_4.4.4_HTC ONE_explorer_10]" classname="se.redmind.rmtest.selenium.example.RandomClass(20150204-000255)" time="0.33263445"/>
<testcase name="random13[Android_4.4.4_HTC ONE_opera_15]" classname="se.redmind.rmtest.selenium.example.RandomClass(20150204-000255)" time="0.50451314"/>
<testcase name="random13[Android_5.1_Nexus 6_firefox_31]" classname="se.redmind.rmtest.selenium.example.RandomClass(20150204-000255)" time="1.2467362"/>
<testcase name="random13[Android_5.1_Nexus 6_chrome_42]" classname="se.redmind.rmtest.selenium.example.RandomClass(20150204-000255)" time="0.8398751"/>
<testcase name="random13[Android_5.1_Nexus 6_explorer_10]" classname="se.redmind.rmtest.selenium.example.RandomClass(20150204-000255)" time="1.9362296">
	<failure type="java.lang.AssertionError:">java.lang.AssertionError: null
		at org.junit.Assert.fail(Assert.java:86)
		at org.junit.Assert.assertTrue(Assert.java:41)
		at org.junit.Assert.assertTrue(Assert.java:52)
		at se.redmind.rmtest.selenium.example.CreateRandomRes3.random14(CreateRandomRes3.java:128)
	</failure></testcase>
<testcase name="random13[Android_5.1_Nexus 6_opera_15]" classname="se.redmind.rmtest.selenium.example.RandomClass(20150204-000255)" time="1.3061317"/>
<testcase name="random13[IOS_8.2_iPhone 6_firefox_31]" classname="se.redmind.rmtest.selenium.example.RandomClass(20150204-000255)" time="1.0029352"/>
<testcase name="random13[IOS_8.2_iPhone 6_chrome_42]" classname="se.redmind.rmtest.selenium.example.RandomClass(20150204-000255)" time="1.8146565"/>
<testcase name="random13[IOS_8.2_iPhone 6_explorer_10]" classname="se.redmind.rmtest.selenium.example.RandomClass(20150204-000255)" time="1.1343713"/>
<testcase name="random13[IOS_8.2_iPhone 6_opera_15]" classname="se.redmind.rmtest.selenium.example.RandomClass(20150204-000255)" time="1.4783455"/>
<testcase name="random13[OSX_10.9.5_UNKNOWN_firefox_31]" classname="se.redmind.rmtest.selenium.example.RandomClass(20150204-000255)" time="0.7503731"/>
<testcase name="random13[OSX_10.9.5_UNKNOWN_chrome_42]" classname="se.redmind.rmtest.selenium.example.RandomClass(20150204-000255)" time="0.7385113"/>
<testcase name="random13[OSX_10.9.5_UNKNOWN_explorer_10]" classname="se.redmind.rmtest.selenium.example.RandomClass(20150204-000255)" time="0.27999663"/>
<testcase name="random13[OSX_10.9.5_UNKNOWN_opera_15]" classname="se.redmind.rmtest.selenium.example.RandomClass(20150204-000255)" time="0.3883109"/>
<testcase name="random13[Windows_8.1_UNKNOWN_firefox_31]" classname="se.redmind.rmtest.selenium.example.RandomClass(20150204-000255)" time="0.39092803"/>
<testcase name="random13[Windows_8.1_UNKNOWN_chrome_42]" classname="se.redmind.rmtest.selenium.example.RandomClass(20150204-000255)" time="0.20987594"/>
<testcase name="random13[Windows_8.1_UNKNOWN_explorer_10]" classname="se.redmind.rmtest.selenium.example.RandomClass(20150204-000255)" time="0.4224589"/>
<testcase name="random13[Windows_8.1_UNKNOWN_opera_15]" classname="se.redmind.rmtest.selenium.example.RandomClass(20150204-000255)" time="1.3026114"/>
<testcase name="random13[Ubuntu_14.04_UNKNOWN_firefox_31]" classname="se.redmind.rmtest.selenium.example.RandomClass(20150204-000255)" time="0.46767616"/>
<testcase name="random13[Ubuntu_14.04_UNKNOWN_chrome_42]" classname="se.redmind.rmtest.selenium.example.RandomClass(20150204-000255)" time="1.7563665"/>
<testcase name="random13[Ubuntu_14.04_UNKNOWN_explorer_10]" classname="se.redmind.rmtest.selenium.example.RandomClass(20150204-000255)" time="1.2315534"/>
<testcase name="random13[Ubuntu_14.04_UNKNOWN_opera_15]" classname="se.redmind.rmtest.selenium.example.RandomClass(20150204-000255)" time="0.28919804"/>
<testcase name="random14[Android_4.4.4_HTC ONE_firefox_31]" classname="se.redmind.rmtest.selenium.example.RandomClass(20150204-000255)" time="0.21107173"/>
<testcase name="random14[Android_4.4.4_HTC ONE_chrome_42]" classname="se.redmind.rmtest.selenium.example.RandomClass(20150204-000255)" time="0.28029978"/>
<testcase name="random14[Android_4.4.4_HTC ONE_explorer_10]" classname="se.redmind.rmtest.selenium.example.RandomClass(20150204-000255)" time="0.68454444"/>
<testcase name="random14[Android_4.4.4_HTC ONE_opera_15]" classname="se.redmind.rmtest.selenium.example.RandomClass(20150204-000255)" time="1.520714"/>
<testcase name="random14[Android_5.1_Nexus 6_firefox_31]" classname="se.redmind.rmtest.selenium.example.RandomClass(20150204-000255)" time="1.2744299"/>
<testcase name="random14[Android_5.1_Nexus 6_chrome_42]" classname="se.redmind.rmtest.selenium.example.RandomClass(20150204-000255)" time="0.4952278"/>
<testcase name="random14[Android_5.1_Nexus 6_explorer_10]" classname="se.redmind.rmtest.selenium.example.RandomClass(20150204-000255)" time="0.8067839"/>
<testcase name="random14[Android_5.1_Nexus 6_opera_15]" classname="se.redmind.rmtest.selenium.example.RandomClass(20150204-000255)" time="1.3972338"/>
<testcase name="random14[IOS_8.2_iPhone 6_firefox_31]" classname="se.redmind.rmtest.selenium.example.RandomClass(20150204-000255)" time="1.2080898"/>
<testcase name="random14[IOS_8.2_iPhone 6_chrome_42]" classname="se.redmind.rmtest.selenium.example.RandomClass(20150204-000255)" time="0.94436944"/>
<testcase name="random14[IOS_8.2_iPhone 6_explorer_10]" classname="se.redmind.rmtest.selenium.example.RandomClass(20150204-000255)" time="1.1647117"/>
<testcase name="random14[IOS_8.2_iPhone 6_opera_15]" classname="se.redmind.rmtest.selenium.example.RandomClass(20150204-000255)" time="0.7677741"/>
<testcase name="random14[OSX_10.9.5_UNKNOWN_firefox_31]" classname="se.redmind.rmtest.selenium.example.RandomClass(20150204-000255)" time="0.16108704"/>
<testcase name="random14[OSX_10.9.5_UNKNOWN_chrome_42]" classname="se.redmind.rmtest.selenium.example.RandomClass(20150204-000255)" time="1.3343954"/>
<testcase name="random14[OSX_10.9.5_UNKNOWN_explorer_10]" classname="se.redmind.rmtest.selenium.example.RandomClass(20150204-000255)" time="1.7807336"/>
<testcase name="random14[OSX_10.9.5_UNKNOWN_opera_15]" classname="se.redmind.rmtest.selenium.example.RandomClass(20150204-000255)" time="0.45376253"/>
<testcase name="random14[Windows_8.1_UNKNOWN_firefox_31]" classname="se.redmind.rmtest.selenium.example.RandomClass(20150204-000255)" time="1.3011211"/>
<testcase name="random14[Windows_8.1_UNKNOWN_chrome_42]" classname="se.redmind.rmtest.selenium.example.RandomClass(20150204-000255)" time="1.1231079"/>
<testcase name="random14[Windows_8.1_UNKNOWN_explorer_10]" classname="se.redmind.rmtest.selenium.example.RandomClass(20150204-000255)" time="1.6726725"/>
<testcase name="random14[Windows_8.1_UNKNOWN_opera_15]" classname="se.redmind.rmtest.selenium.example.RandomClass(20150204-000255)" time="0.26397908"/>
<testcase name="random14[Ubuntu_14.04_UNKNOWN_firefox_31]" classname="se.redmind.rmtest.selenium.example.RandomClass(20150204-000255)" time="0.00805366"/>
<testcase name="random14[Ubuntu_14.04_UNKNOWN_chrome_42]" classname="se.redmind.rmtest.selenium.example.RandomClass(20150204-000255)" time="1.567128"/>
<testcase name="random14[Ubuntu_14.04_UNKNOWN_explorer_10]" classname="se.redmind.rmtest.selenium.example.RandomClass(20150204-000255)" time="0.31619716">
	<failure type="java.lang.AssertionError:">java.lang.AssertionError: null
		at org.junit.Assert.fail(Assert.java:86)
		at org.junit.Assert.assertTrue(Assert.java:41)
		at org.junit.Assert.assertTrue(Assert.java:52)
		at se.redmind.rmtest.selenium.example.CreateRandomRes3.random14(CreateRandomRes3.java:128)
	</failure></testcase>
<testcase name="random14[Ubuntu_14.04_UNKNOWN_opera_15]" classname="se.redmind.rmtest.selenium.example.RandomClass(20150204-000255)" time="1.7393123"/>
<testcase name="random15[Android_4.4.4_HTC ONE_firefox_31]" classname="se.redmind.rmtest.selenium.example.RandomClass(20150204-000255)" time="1.0231278"/>
<testcase name="random15[Android_4.4.4_HTC ONE_chrome_42]" classname="se.redmind.rmtest.selenium.example.RandomClass(20150204-000255)" time="1.7657858"/>
<testcase name="random15[Android_4.4.4_HTC ONE_explorer_10]" classname="se.redmind.rmtest.selenium.example.RandomClass(20150204-000255)" time="0.98682857"/>
<testcase name="random15[Android_4.4.4_HTC ONE_opera_15]" classname="se.redmind.rmtest.selenium.example.RandomClass(20150204-000255)" time="1.9769994"/>
<testcase name="random15[Android_5.1_Nexus 6_firefox_31]" classname="se.redmind.rmtest.selenium.example.RandomClass(20150204-000255)" time="0.42555058"/>
<testcase name="random15[Android_5.1_Nexus 6_chrome_42]" classname="se.redmind.rmtest.selenium.example.RandomClass(20150204-000255)" time="1.6299849"/>
<testcase name="random15[Android_5.1_Nexus 6_explorer_10]" classname="se.redmind.rmtest.selenium.example.RandomClass(20150204-000255)" time="1.1588346"/>
<testcase name="random15[Android_5.1_Nexus 6_opera_15]" classname="se.redmind.rmtest.selenium.example.RandomClass(20150204-000255)" time="0.057850957"/>
<testcase name="random15[IOS_8.2_iPhone 6_firefox_31]" classname="se.redmind.rmtest.selenium.example.RandomClass(20150204-000255)" time="0.5600368"/>
<testcase name="random15[IOS_8.2_iPhone 6_chrome_42]" classname="se.redmind.rmtest.selenium.example.RandomClass(20150204-000255)" time="1.1598911"/>
<testcase name="random15[IOS_8.2_iPhone 6_explorer_10]" classname="se.redmind.rmtest.selenium.example.RandomClass(20150204-000255)" time="1.92152"/>
<testcase name="random15[IOS_8.2_iPhone 6_opera_15]" classname="se.redmind.rmtest.selenium.example.RandomClass(20150204-000255)" time="0.8362849"/>
<testcase name="random15[OSX_10.9.5_UNKNOWN_firefox_31]" classname="se.redmind.rmtest.selenium.example.RandomClass(20150204-000255)" time="0.8533616"/>
<testcase name="random15[OSX_10.9.5_UNKNOWN_chrome_42]" classname="se.redmind.rmtest.selenium.example.RandomClass(20150204-000255)" time="1.9328749"/>
<testcase name="random15[OSX_10.9.5_UNKNOWN_explorer_10]" classname="se.redmind.rmtest.selenium.example.RandomClass(20150204-000255)" time="1.719128"/>
<testcase name="random15[OSX_10.9.5_UNKNOWN_opera_15]" classname="se.redmind.rmtest.selenium.example.RandomClass(20150204-000255)" time="1.151826"/>
<testcase name="random15[Windows_8.1_UNKNOWN_firefox_31]" classname="se.redmind.rmtest.selenium.example.RandomClass(20150204-000255)" time="1.8349247"/>
<testcase name="random15[Windows_8.1_UNKNOWN_chrome_42]" classname="se.redmind.rmtest.selenium.example.RandomClass(20150204-000255)" time="1.283212"/>
<testcase name="random15[Windows_8.1_UNKNOWN_explorer_10]" classname="se.redmind.rmtest.selenium.example.RandomClass(20150204-000255)" time="1.6287686"/>
<testcase name="random15[Windows_8.1_UNKNOWN_opera_15]" classname="se.redmind.rmtest.selenium.example.RandomClass(20150204-000255)" time="0.88205326">
	<failure type="java.lang.AssertionError:">java.lang.AssertionError: null
		at org.junit.Assert.fail(Assert.java:86)
		at org.junit.Assert.assertTrue(Assert.java:41)
		at org.junit.Assert.assertTrue(Assert.java:52)
		at se.redmind.rmtest.selenium.example.CreateRandomRes3.random14(CreateRandomRes3.java:128)
	</failure></testcase>
<testcase name="random15[Ubuntu_14.04_UNKNOWN_firefox_31]" classname="se.redmind.rmtest.selenium.example.RandomClass(20150204-000255)" time="1.6157827"/>
<testcase name="random15[Ubuntu_14.04_UNKNOWN_chrome_42]" classname="se.redmind.rmtest.selenium.example.RandomClass(20150204-000255)" time="0.2976272"/>
<testcase name="random15[Ubuntu_14.04_UNKNOWN_explorer_10]" classname="se.redmind.rmtest.selenium.example.RandomClass(20150204-000255)" time="1.8614919"/>
<testcase name="random15[Ubuntu_14.04_UNKNOWN_opera_15]" classname="se.redmind.rmtest.selenium.example.RandomClass(20150204-000255)" time="1.6808052">
	<failure type="java.lang.AssertionError:">java.lang.AssertionError: null
		at org.junit.Assert.fail(Assert.java:86)
		at org.junit.Assert.assertTrue(Assert.java:41)
		at org.junit.Assert.assertTrue(Assert.java:52)
		at se.redmind.rmtest.selenium.example.CreateRandomRes3.random14(CreateRandomRes3.java:128)
	</failure></testcase>
<testcase name="random16[Android_4.4.4_HTC ONE_firefox_31]" classname="se.redmind.rmtest.selenium.example.RandomClass(20150204-000255)" time="1.5825578"/>
<testcase name="random16[Android_4.4.4_HTC ONE_chrome_42]" classname="se.redmind.rmtest.selenium.example.RandomClass(20150204-000255)" time="1.4558465"/>
<testcase name="random16[Android_4.4.4_HTC ONE_explorer_10]" classname="se.redmind.rmtest.selenium.example.RandomClass(20150204-000255)" time="0.20483279"/>
<testcase name="random16[Android_4.4.4_HTC ONE_opera_15]" classname="se.redmind.rmtest.selenium.example.RandomClass(20150204-000255)" time="1.7317845"/>
<testcase name="random16[Android_5.1_Nexus 6_firefox_31]" classname="se.redmind.rmtest.selenium.example.RandomClass(20150204-000255)" time="1.1270833"/>
<testcase name="random16[Android_5.1_Nexus 6_chrome_42]" classname="se.redmind.rmtest.selenium.example.RandomClass(20150204-000255)" time="0.51289344"/>
<testcase name="random16[Android_5.1_Nexus 6_explorer_10]" classname="se.redmind.rmtest.selenium.example.RandomClass(20150204-000255)" time="0.7208489"/>
<testcase name="random16[Android_5.1_Nexus 6_opera_15]" classname="se.redmind.rmtest.selenium.example.RandomClass(20150204-000255)" time="1.3965266"/>
<testcase name="random16[IOS_8.2_iPhone 6_firefox_31]" classname="se.redmind.rmtest.selenium.example.RandomClass(20150204-000255)" time="1.8596034"/>
<testcase name="random16[IOS_8.2_iPhone 6_chrome_42]" classname="se.redmind.rmtest.selenium.example.RandomClass(20150204-000255)" time="0.049952745"/>
<testcase name="random16[IOS_8.2_iPhone 6_explorer_10]" classname="se.redmind.rmtest.selenium.example.RandomClass(20150204-000255)" time="1.1718836"/>
<testcase name="random16[IOS_8.2_iPhone 6_opera_15]" classname="se.redmind.rmtest.selenium.example.RandomClass(20150204-000255)" time="0.2470305"/>
<testcase name="random16[OSX_10.9.5_UNKNOWN_firefox_31]" classname="se.redmind.rmtest.selenium.example.RandomClass(20150204-000255)" time="1.942793"/>
<testcase name="random16[OSX_10.9.5_UNKNOWN_chrome_42]" classname="se.redmind.rmtest.selenium.example.RandomClass(20150204-000255)" time="1.0131968"/>
<testcase name="random16[OSX_10.9.5_UNKNOWN_explorer_10]" classname="se.redmind.rmtest.selenium.example.RandomClass(20150204-000255)" time="0.3669845"/>
<testcase name="random16[OSX_10.9.5_UNKNOWN_opera_15]" classname="se.redmind.rmtest.selenium.example.RandomClass(20150204-000255)" time="0.6471728"/>
<testcase name="random16[Windows_8.1_UNKNOWN_firefox_31]" classname="se.redmind.rmtest.selenium.example.RandomClass(20150204-000255)" time="0.93582034"/>
<testcase name="random16[Windows_8.1_UNKNOWN_chrome_42]" classname="se.redmind.rmtest.selenium.example.RandomClass(20150204-000255)" time="1.5150489"/>
<testcase name="random16[Windows_8.1_UNKNOWN_explorer_10]" classname="se.redmind.rmtest.selenium.example.RandomClass(20150204-000255)" time="1.9051147"/>
<testcase name="random16[Windows_8.1_UNKNOWN_opera_15]" classname="se.redmind.rmtest.selenium.example.RandomClass(20150204-000255)" time="0.7833575"/>
<testcase name="random16[Ubuntu_14.04_UNKNOWN_firefox_31]" classname="se.redmind.rmtest.selenium.example.RandomClass(20150204-000255)" time="0.85212576"/>
<testcase name="random16[Ubuntu_14.04_UNKNOWN_chrome_42]" classname="se.redmind.rmtest.selenium.example.RandomClass(20150204-000255)" time="1.1899385"/>
<testcase name="random16[Ubuntu_14.04_UNKNOWN_explorer_10]" classname="se.redmind.rmtest.selenium.example.RandomClass(20150204-000255)" time="0.63699186"/>
<testcase name="random16[Ubuntu_14.04_UNKNOWN_opera_15]" classname="se.redmind.rmtest.selenium.example.RandomClass(20150204-000255)" time="0.8436824"/>
<testcase name="random17[Android_4.4.4_HTC ONE_firefox_31]" classname="se.redmind.rmtest.selenium.example.RandomClass(20150204-000255)" time="0.011544824"/>
<testcase name="random17[Android_4.4.4_HTC ONE_chrome_42]" classname="se.redmind.rmtest.selenium.example.RandomClass(20150204-000255)" time="0.4766786"/>
<testcase name="random17[Android_4.4.4_HTC ONE_explorer_10]" classname="se.redmind.rmtest.selenium.example.RandomClass(20150204-000255)" time="0.57560086"/>
<testcase name="random17[Android_4.4.4_HTC ONE_opera_15]" classname="se.redmind.rmtest.selenium.example.RandomClass(20150204-000255)" time="1.9062282"/>
<testcase name="random17[Android_5.1_Nexus 6_firefox_31]" classname="se.redmind.rmtest.selenium.example.RandomClass(20150204-000255)" time="0.70685506"/>
<testcase name="random17[Android_5.1_Nexus 6_chrome_42]" classname="se.redmind.rmtest.selenium.example.RandomClass(20150204-000255)" time="1.3421748"/>
<testcase name="random17[Android_5.1_Nexus 6_explorer_10]" classname="se.redmind.rmtest.selenium.example.RandomClass(20150204-000255)" time="1.9561204"/>
<testcase name="random17[Android_5.1_Nexus 6_opera_15]" classname="se.redmind.rmtest.selenium.example.RandomClass(20150204-000255)" time="0.020907998"/>
<testcase name="random17[IOS_8.2_iPhone 6_firefox_31]" classname="se.redmind.rmtest.selenium.example.RandomClass(20150204-000255)" time="1.7067822"/>
<testcase name="random17[IOS_8.2_iPhone 6_chrome_42]" classname="se.redmind.rmtest.selenium.example.RandomClass(20150204-000255)" time="1.1662537">
	<failure type="java.lang.AssertionError:">java.lang.AssertionError: null
		at org.junit.Assert.fail(Assert.java:86)
		at org.junit.Assert.assertTrue(Assert.java:41)
		at org.junit.Assert.assertTrue(Assert.java:52)
		at se.redmind.rmtest.selenium.example.CreateRandomRes3.random14(CreateRandomRes3.java:128)
	</failure></testcase>
<testcase name="random17[IOS_8.2_iPhone 6_explorer_10]" classname="se.redmind.rmtest.selenium.example.RandomClass(20150204-000255)" time="0.67921484">
	<failure type="java.lang.AssertionError:">java.lang.AssertionError: null
		at org.junit.Assert.fail(Assert.java:86)
		at org.junit.Assert.assertTrue(Assert.java:41)
		at org.junit.Assert.assertTrue(Assert.java:52)
		at se.redmind.rmtest.selenium.example.CreateRandomRes3.random14(CreateRandomRes3.java:128)
	</failure></testcase>
<testcase name="random17[IOS_8.2_iPhone 6_opera_15]" classname="se.redmind.rmtest.selenium.example.RandomClass(20150204-000255)" time="1.9556402"/>
<testcase name="random17[OSX_10.9.5_UNKNOWN_firefox_31]" classname="se.redmind.rmtest.selenium.example.RandomClass(20150204-000255)" time="0.18195057"/>
<testcase name="random17[OSX_10.9.5_UNKNOWN_chrome_42]" classname="se.redmind.rmtest.selenium.example.RandomClass(20150204-000255)" time="0.77497697">
	<failure type="java.lang.AssertionError:">java.lang.AssertionError: null
		at org.junit.Assert.fail(Assert.java:86)
		at org.junit.Assert.assertTrue(Assert.java:41)
		at org.junit.Assert.assertTrue(Assert.java:52)
		at se.redmind.rmtest.selenium.example.CreateRandomRes3.random14(CreateRandomRes3.java:128)
	</failure></testcase>
<testcase name="random17[OSX_10.9.5_UNKNOWN_explorer_10]" classname="se.redmind.rmtest.selenium.example.RandomClass(20150204-000255)" time="1.46734"/>
<testcase name="random17[OSX_10.9.5_UNKNOWN_opera_15]" classname="se.redmind.rmtest.selenium.example.RandomClass(20150204-000255)" time="0.1264373"/>
<testcase name="random17[Windows_8.1_UNKNOWN_firefox_31]" classname="se.redmind.rmtest.selenium.example.RandomClass(20150204-000255)" time="0.7672181"/>
<testcase name="random17[Windows_8.1_UNKNOWN_chrome_42]" classname="se.redmind.rmtest.selenium.example.RandomClass(20150204-000255)" time="0.9398843"/>
<testcase name="random17[Windows_8.1_UNKNOWN_explorer_10]" classname="se.redmind.rmtest.selenium.example.RandomClass(20150204-000255)" time="0.72191715"/>
<testcase name="random17[Windows_8.1_UNKNOWN_opera_15]" classname="se.redmind.rmtest.selenium.example.RandomClass(20150204-000255)" time="0.34233177"/>
<testcase name="random17[Ubuntu_14.04_UNKNOWN_firefox_31]" classname="se.redmind.rmtest.selenium.example.RandomClass(20150204-000255)" time="0.16329086"/>
<testcase name="random17[Ubuntu_14.04_UNKNOWN_chrome_42]" classname="se.redmind.rmtest.selenium.example.RandomClass(20150204-000255)" time="1.0531869"/>
<testcase name="random17[Ubuntu_14.04_UNKNOWN_explorer_10]" classname="se.redmind.rmtest.selenium.example.RandomClass(20150204-000255)" time="0.28993392"/>
<testcase name="random17[Ubuntu_14.04_UNKNOWN_opera_15]" classname="se.redmind.rmtest.selenium.example.RandomClass(20150204-000255)" time="1.1698865"/>
<testcase name="random18[Android_4.4.4_HTC ONE_firefox_31]" classname="se.redmind.rmtest.selenium.example.RandomClass(20150204-000255)" time="1.93246"/>
<testcase name="random18[Android_4.4.4_HTC ONE_chrome_42]" classname="se.redmind.rmtest.selenium.example.RandomClass(20150204-000255)" time="1.1440128"/>
<testcase name="random18[Android_4.4.4_HTC ONE_explorer_10]" classname="se.redmind.rmtest.selenium.example.RandomClass(20150204-000255)" time="1.1317296"/>
<testcase name="random18[Android_4.4.4_HTC ONE_opera_15]" classname="se.redmind.rmtest.selenium.example.RandomClass(20150204-000255)" time="1.9583671"/>
<testcase name="random18[Android_5.1_Nexus 6_firefox_31]" classname="se.redmind.rmtest.selenium.example.RandomClass(20150204-000255)" time="1.9577637"/>
<testcase name="random18[Android_5.1_Nexus 6_chrome_42]" classname="se.redmind.rmtest.selenium.example.RandomClass(20150204-000255)" time="1.918381"/>
<testcase name="random18[Android_5.1_Nexus 6_explorer_10]" classname="se.redmind.rmtest.selenium.example.RandomClass(20150204-000255)" time="0.22743177"/>
<testcase name="random18[Android_5.1_Nexus 6_opera_15]" classname="se.redmind.rmtest.selenium.example.RandomClass(20150204-000255)" time="1.8654805"/>
<testcase name="random18[IOS_8.2_iPhone 6_firefox_31]" classname="se.redmind.rmtest.selenium.example.RandomClass(20150204-000255)" time="0.4118241"/>
<testcase name="random18[IOS_8.2_iPhone 6_chrome_42]" classname="se.redmind.rmtest.selenium.example.RandomClass(20150204-000255)" time="1.0856609"/>
<testcase name="random18[IOS_8.2_iPhone 6_explorer_10]" classname="se.redmind.rmtest.selenium.example.RandomClass(20150204-000255)" time="0.96770656"/>
<testcase name="random18[IOS_8.2_iPhone 6_opera_15]" classname="se.redmind.rmtest.selenium.example.RandomClass(20150204-000255)" time="0.58491385"/>
<testcase name="random18[OSX_10.9.5_UNKNOWN_firefox_31]" classname="se.redmind.rmtest.selenium.example.RandomClass(20150204-000255)" time="1.0210663"/>
<testcase name="random18[OSX_10.9.5_UNKNOWN_chrome_42]" classname="se.redmind.rmtest.selenium.example.RandomClass(20150204-000255)" time="1.8768536"/>
<testcase name="random18[OSX_10.9.5_UNKNOWN_explorer_10]" classname="se.redmind.rmtest.selenium.example.RandomClass(20150204-000255)" time="0.74519646"/>
<testcase name="random18[OSX_10.9.5_UNKNOWN_opera_15]" classname="se.redmind.rmtest.selenium.example.RandomClass(20150204-000255)" time="0.9007318"/>
<testcase name="random18[Windows_8.1_UNKNOWN_firefox_31]" classname="se.redmind.rmtest.selenium.example.RandomClass(20150204-000255)" time="0.9129777"/>
<testcase name="random18[Windows_8.1_UNKNOWN_chrome_42]" classname="se.redmind.rmtest.selenium.example.RandomClass(20150204-000255)" time="1.3651032"/>
<testcase name="random18[Windows_8.1_UNKNOWN_explorer_10]" classname="se.redmind.rmtest.selenium.example.RandomClass(20150204-000255)" time="1.4962152"/>
<testcase name="random18[Windows_8.1_UNKNOWN_opera_15]" classname="se.redmind.rmtest.selenium.example.RandomClass(20150204-000255)" time="1.6800262"/>
<testcase name="random18[Ubuntu_14.04_UNKNOWN_firefox_31]" classname="se.redmind.rmtest.selenium.example.RandomClass(20150204-000255)" time="0.39851856"/>
<testcase name="random18[Ubuntu_14.04_UNKNOWN_chrome_42]" classname="se.redmind.rmtest.selenium.example.RandomClass(20150204-000255)" time="1.9664347"/>
<testcase name="random18[Ubuntu_14.04_UNKNOWN_explorer_10]" classname="se.redmind.rmtest.selenium.example.RandomClass(20150204-000255)" time="1.5379771"/>
<testcase name="random18[Ubuntu_14.04_UNKNOWN_opera_15]" classname="se.redmind.rmtest.selenium.example.RandomClass(20150204-000255)" time="1.4640298"/>
<testcase name="random19[Android_4.4.4_HTC ONE_firefox_31]" classname="se.redmind.rmtest.selenium.example.RandomClass(20150204-000255)" time="1.6687508"/>
<testcase name="random19[Android_4.4.4_HTC ONE_chrome_42]" classname="se.redmind.rmtest.selenium.example.RandomClass(20150204-000255)" time="1.3287811"/>
<testcase name="random19[Android_4.4.4_HTC ONE_explorer_10]" classname="se.redmind.rmtest.selenium.example.RandomClass(20150204-000255)" time="0.20483911"/>
<testcase name="random19[Android_4.4.4_HTC ONE_opera_15]" classname="se.redmind.rmtest.selenium.example.RandomClass(20150204-000255)" time="1.4292446"/>
<testcase name="random19[Android_5.1_Nexus 6_firefox_31]" classname="se.redmind.rmtest.selenium.example.RandomClass(20150204-000255)" time="0.57420075"/>
<testcase name="random19[Android_5.1_Nexus 6_chrome_42]" classname="se.redmind.rmtest.selenium.example.RandomClass(20150204-000255)" time="1.7099524"/>
<testcase name="random19[Android_5.1_Nexus 6_explorer_10]" classname="se.redmind.rmtest.selenium.example.RandomClass(20150204-000255)" time="0.5077392"/>
<testcase name="random19[Android_5.1_Nexus 6_opera_15]" classname="se.redmind.rmtest.selenium.example.RandomClass(20150204-000255)" time="0.16395462"/>
<testcase name="random19[IOS_8.2_iPhone 6_firefox_31]" classname="se.redmind.rmtest.selenium.example.RandomClass(20150204-000255)" time="0.40742898"/>
<testcase name="random19[IOS_8.2_iPhone 6_chrome_42]" classname="se.redmind.rmtest.selenium.example.RandomClass(20150204-000255)" time="1.9002672"/>
<testcase name="random19[IOS_8.2_iPhone 6_explorer_10]" classname="se.redmind.rmtest.selenium.example.RandomClass(20150204-000255)" time="1.3242141"/>
<testcase name="random19[IOS_8.2_iPhone 6_opera_15]" classname="se.redmind.rmtest.selenium.example.RandomClass(20150204-000255)" time="1.4418261"/>
<testcase name="random19[OSX_10.9.5_UNKNOWN_firefox_31]" classname="se.redmind.rmtest.selenium.example.RandomClass(20150204-000255)" time="0.92373025"/>
<testcase name="random19[OSX_10.9.5_UNKNOWN_chrome_42]" classname="se.redmind.rmtest.selenium.example.RandomClass(20150204-000255)" time="0.7631531"/>
<testcase name="random19[OSX_10.9.5_UNKNOWN_explorer_10]" classname="se.redmind.rmtest.selenium.example.RandomClass(20150204-000255)" time="1.4720868"/>
<testcase name="random19[OSX_10.9.5_UNKNOWN_opera_15]" classname="se.redmind.rmtest.selenium.example.RandomClass(20150204-000255)" time="1.9731264"/>
<testcase name="random19[Windows_8.1_UNKNOWN_firefox_31]" classname="se.redmind.rmtest.selenium.example.RandomClass(20150204-000255)" time="1.7118411"/>
<testcase name="random19[Windows_8.1_UNKNOWN_chrome_42]" classname="se.redmind.rmtest.selenium.example.RandomClass(20150204-000255)" time="1.5470952"/>
<testcase name="random19[Windows_8.1_UNKNOWN_explorer_10]" classname="se.redmind.rmtest.selenium.example.RandomClass(20150204-000255)" time="1.4281138"/>
<testcase name="random19[Windows_8.1_UNKNOWN_opera_15]" classname="se.redmind.rmtest.selenium.example.RandomClass(20150204-000255)" time="0.97541606"/>
<testcase name="random19[Ubuntu_14.04_UNKNOWN_firefox_31]" classname="se.redmind.rmtest.selenium.example.RandomClass(20150204-000255)" time="0.4659871"/>
<testcase name="random19[Ubuntu_14.04_UNKNOWN_chrome_42]" classname="se.redmind.rmtest.selenium.example.RandomClass(20150204-000255)" time="0.2648933"/>
<testcase name="random19[Ubuntu_14.04_UNKNOWN_explorer_10]" classname="se.redmind.rmtest.selenium.example.RandomClass(20150204-000255)" time="0.42358768"/>
<testcase name="random19[Ubuntu_14.04_UNKNOWN_opera_15]" classname="se.redmind.rmtest.selenium.example.RandomClass(20150204-000255)" time="1.3294039"/>
<testcase name="random20[Android_4.4.4_HTC ONE_firefox_31]" classname="se.redmind.rmtest.selenium.example.RandomClass(20150204-000255)" time="1.7125516"/>
<testcase name="random20[Android_4.4.4_HTC ONE_chrome_42]" classname="se.redmind.rmtest.selenium.example.RandomClass(20150204-000255)" time="1.6412655"/>
<testcase name="random20[Android_4.4.4_HTC ONE_explorer_10]" classname="se.redmind.rmtest.selenium.example.RandomClass(20150204-000255)" time="1.1820928"/>
<testcase name="random20[Android_4.4.4_HTC ONE_opera_15]" classname="se.redmind.rmtest.selenium.example.RandomClass(20150204-000255)" time="1.0719761"/>
<testcase name="random20[Android_5.1_Nexus 6_firefox_31]" classname="se.redmind.rmtest.selenium.example.RandomClass(20150204-000255)" time="0.10910344"/>
<testcase name="random20[Android_5.1_Nexus 6_chrome_42]" classname="se.redmind.rmtest.selenium.example.RandomClass(20150204-000255)" time="0.39741313"/>
<testcase name="random20[Android_5.1_Nexus 6_explorer_10]" classname="se.redmind.rmtest.selenium.example.RandomClass(20150204-000255)" time="1.6603138"/>
<testcase name="random20[Android_5.1_Nexus 6_opera_15]" classname="se.redmind.rmtest.selenium.example.RandomClass(20150204-000255)" time="0.027243495"/>
<testcase name="random20[IOS_8.2_iPhone 6_firefox_31]" classname="se.redmind.rmtest.selenium.example.RandomClass(20150204-000255)" time="0.56047404"/>
<testcase name="random20[IOS_8.2_iPhone 6_chrome_42]" classname="se.redmind.rmtest.selenium.example.RandomClass(20150204-000255)" time="1.971241"/>
<testcase name="random20[IOS_8.2_iPhone 6_explorer_10]" classname="se.redmind.rmtest.selenium.example.RandomClass(20150204-000255)" time="0.81100285"/>
<testcase name="random20[IOS_8.2_iPhone 6_opera_15]" classname="se.redmind.rmtest.selenium.example.RandomClass(20150204-000255)" time="1.4877776"/>
<testcase name="random20[OSX_10.9.5_UNKNOWN_firefox_31]" classname="se.redmind.rmtest.selenium.example.RandomClass(20150204-000255)" time="1.0860268"/>
<testcase name="random20[OSX_10.9.5_UNKNOWN_chrome_42]" classname="se.redmind.rmtest.selenium.example.RandomClass(20150204-000255)" time="1.1645063"/>
<testcase name="random20[OSX_10.9.5_UNKNOWN_explorer_10]" classname="se.redmind.rmtest.selenium.example.RandomClass(20150204-000255)" time="1.6079106"/>
<testcase name="random20[OSX_10.9.5_UNKNOWN_opera_15]" classname="se.redmind.rmtest.selenium.example.RandomClass(20150204-000255)" time="1.032032"/>
<testcase name="random20[Windows_8.1_UNKNOWN_firefox_31]" classname="se.redmind.rmtest.selenium.example.RandomClass(20150204-000255)" time="1.6242139"/>
<testcase name="random20[Windows_8.1_UNKNOWN_chrome_42]" classname="se.redmind.rmtest.selenium.example.RandomClass(20150204-000255)" time="1.6632437"/>
<testcase name="random20[Windows_8.1_UNKNOWN_explorer_10]" classname="se.redmind.rmtest.selenium.example.RandomClass(20150204-000255)" time="1.3556933"/>
<testcase name="random20[Windows_8.1_UNKNOWN_opera_15]" classname="se.redmind.rmtest.selenium.example.RandomClass(20150204-000255)" time="1.8002777"/>
<testcase name="random20[Ubuntu_14.04_UNKNOWN_firefox_31]" classname="se.redmind.rmtest.selenium.example.RandomClass(20150204-000255)" time="0.7749723"/>
<testcase name="random20[Ubuntu_14.04_UNKNOWN_chrome_42]" classname="se.redmind.rmtest.selenium.example.RandomClass(20150204-000255)" time="1.8953975"/>
<testcase name="random20[Ubuntu_14.04_UNKNOWN_explorer_10]" classname="se.redmind.rmtest.selenium.example.RandomClass(20150204-000255)" time="0.65350723"/>
<testcase name="random20[Ubuntu_14.04_UNKNOWN_opera_15]" classname="se.redmind.rmtest.selenium.example.RandomClass(20150204-000255)" time="1.8502064"/>
<testcase name="random1[Android_4.4.4_HTC ONE_firefox_31]" classname="se.redmind.rmtest.selenium.example.RandomSuperClass(20150204-000255)" time="1.9906845"/>
<testcase name="random1[Android_4.4.4_HTC ONE_chrome_42]" classname="se.redmind.rmtest.selenium.example.RandomSuperClass(20150204-000255)" time="1.324075"/>
<testcase name="random1[Android_4.4.4_HTC ONE_explorer_10]" classname="se.redmind.rmtest.selenium.example.RandomSuperClass(20150204-000255)" time="0.30180705"/>
<testcase name="random1[Android_4.4.4_HTC ONE_opera_15]" classname="se.redmind.rmtest.selenium.example.RandomSuperClass(20150204-000255)" time="0.83880913"/>
<testcase name="random1[Android_5.1_Nexus 6_firefox_31]" classname="se.redmind.rmtest.selenium.example.RandomSuperClass(20150204-000255)" time="0.031109571"/>
<testcase name="random1[Android_5.1_Nexus 6_chrome_42]" classname="se.redmind.rmtest.selenium.example.RandomSuperClass(20150204-000255)" time="1.759288"/>
<testcase name="random1[Android_5.1_Nexus 6_explorer_10]" classname="se.redmind.rmtest.selenium.example.RandomSuperClass(20150204-000255)" time="0.7799537"/>
<testcase name="random1[Android_5.1_Nexus 6_opera_15]" classname="se.redmind.rmtest.selenium.example.RandomSuperClass(20150204-000255)" time="0.90986323"/>
<testcase name="random1[IOS_8.2_iPhone 6_firefox_31]" classname="se.redmind.rmtest.selenium.example.RandomSuperClass(20150204-000255)" time="1.4016309"/>
<testcase name="random1[IOS_8.2_iPhone 6_chrome_42]" classname="se.redmind.rmtest.selenium.example.RandomSuperClass(20150204-000255)" time="0.71669245"/>
<testcase name="random1[IOS_8.2_iPhone 6_explorer_10]" classname="se.redmind.rmtest.selenium.example.RandomSuperClass(20150204-000255)" time="1.4555461"/>
<testcase name="random1[IOS_8.2_iPhone 6_opera_15]" classname="se.redmind.rmtest.selenium.example.RandomSuperClass(20150204-000255)" time="0.27792645"/>
<testcase name="random1[OSX_10.9.5_UNKNOWN_firefox_31]" classname="se.redmind.rmtest.selenium.example.RandomSuperClass(20150204-000255)" time="0.3969903"/>
<testcase name="random1[OSX_10.9.5_UNKNOWN_chrome_42]" classname="se.redmind.rmtest.selenium.example.RandomSuperClass(20150204-000255)" time="1.4592477"/>
<testcase name="random1[OSX_10.9.5_UNKNOWN_explorer_10]" classname="se.redmind.rmtest.selenium.example.RandomSuperClass(20150204-000255)" time="0.50740695"/>
<testcase name="random1[OSX_10.9.5_UNKNOWN_opera_15]" classname="se.redmind.rmtest.selenium.example.RandomSuperClass(20150204-000255)" time="0.09988356"/>
<testcase name="random1[Windows_8.1_UNKNOWN_firefox_31]" classname="se.redmind.rmtest.selenium.example.RandomSuperClass(20150204-000255)" time="1.4346371"/>
<testcase name="random1[Windows_8.1_UNKNOWN_chrome_42]" classname="se.redmind.rmtest.selenium.example.RandomSuperClass(20150204-000255)" time="1.4949242"/>
<testcase name="random1[Windows_8.1_UNKNOWN_explorer_10]" classname="se.redmind.rmtest.selenium.example.RandomSuperClass(20150204-000255)" time="0.26774383"/>
<testcase name="random1[Windows_8.1_UNKNOWN_opera_15]" classname="se.redmind.rmtest.selenium.example.RandomSuperClass(20150204-000255)" time="0.22089887"/>
<testcase name="random1[Ubuntu_14.04_UNKNOWN_firefox_31]" classname="se.redmind.rmtest.selenium.example.RandomSuperClass(20150204-000255)" time="0.58427215"/>
<testcase name="random1[Ubuntu_14.04_UNKNOWN_chrome_42]" classname="se.redmind.rmtest.selenium.example.RandomSuperClass(20150204-000255)" time="1.1888349"/>
<testcase name="random1[Ubuntu_14.04_UNKNOWN_explorer_10]" classname="se.redmind.rmtest.selenium.example.RandomSuperClass(20150204-000255)" time="1.92801"/>
<testcase name="random1[Ubuntu_14.04_UNKNOWN_opera_15]" classname="se.redmind.rmtest.selenium.example.RandomSuperClass(20150204-000255)" time="0.6693847"/>
<testcase name="random2[Android_4.4.4_HTC ONE_firefox_31]" classname="se.redmind.rmtest.selenium.example.RandomSuperClass(20150204-000255)" time="1.032561"/>
<testcase name="random2[Android_4.4.4_HTC ONE_chrome_42]" classname="se.redmind.rmtest.selenium.example.RandomSuperClass(20150204-000255)" time="1.5962552"/>
<testcase name="random2[Android_4.4.4_HTC ONE_explorer_10]" classname="se.redmind.rmtest.selenium.example.RandomSuperClass(20150204-000255)" time="1.9116534"/>
<testcase name="random2[Android_4.4.4_HTC ONE_opera_15]" classname="se.redmind.rmtest.selenium.example.RandomSuperClass(20150204-000255)" time="1.406579"/>
<testcase name="random2[Android_5.1_Nexus 6_firefox_31]" classname="se.redmind.rmtest.selenium.example.RandomSuperClass(20150204-000255)" time="1.0836595"/>
<testcase name="random2[Android_5.1_Nexus 6_chrome_42]" classname="se.redmind.rmtest.selenium.example.RandomSuperClass(20150204-000255)" time="0.24071276"/>
<testcase name="random2[Android_5.1_Nexus 6_explorer_10]" classname="se.redmind.rmtest.selenium.example.RandomSuperClass(20150204-000255)" time="1.8591251"/>
<testcase name="random2[Android_5.1_Nexus 6_opera_15]" classname="se.redmind.rmtest.selenium.example.RandomSuperClass(20150204-000255)" time="0.75120497"/>
<testcase name="random2[IOS_8.2_iPhone 6_firefox_31]" classname="se.redmind.rmtest.selenium.example.RandomSuperClass(20150204-000255)" time="1.2512804"/>
<testcase name="random2[IOS_8.2_iPhone 6_chrome_42]" classname="se.redmind.rmtest.selenium.example.RandomSuperClass(20150204-000255)" time="1.8445336"/>
<testcase name="random2[IOS_8.2_iPhone 6_explorer_10]" classname="se.redmind.rmtest.selenium.example.RandomSuperClass(20150204-000255)" time="0.906852"/>
<testcase name="random2[IOS_8.2_iPhone 6_opera_15]" classname="se.redmind.rmtest.selenium.example.RandomSuperClass(20150204-000255)" time="1.2141356"/>
<testcase name="random2[OSX_10.9.5_UNKNOWN_firefox_31]" classname="se.redmind.rmtest.selenium.example.RandomSuperClass(20150204-000255)" time="1.0156015"/>
<testcase name="random2[OSX_10.9.5_UNKNOWN_chrome_42]" classname="se.redmind.rmtest.selenium.example.RandomSuperClass(20150204-000255)" time="1.864931"/>
<testcase name="random2[OSX_10.9.5_UNKNOWN_explorer_10]" classname="se.redmind.rmtest.selenium.example.RandomSuperClass(20150204-000255)" time="0.7406999"/>
<testcase name="random2[OSX_10.9.5_UNKNOWN_opera_15]" classname="se.redmind.rmtest.selenium.example.RandomSuperClass(20150204-000255)" time="1.3549422"/>
<testcase name="random2[Windows_8.1_UNKNOWN_firefox_31]" classname="se.redmind.rmtest.selenium.example.RandomSuperClass(20150204-000255)" time="1.8983979"/>
<testcase name="random2[Windows_8.1_UNKNOWN_chrome_42]" classname="se.redmind.rmtest.selenium.example.RandomSuperClass(20150204-000255)" time="0.09693062"/>
<testcase name="random2[Windows_8.1_UNKNOWN_explorer_10]" classname="se.redmind.rmtest.selenium.example.RandomSuperClass(20150204-000255)" time="0.76578796"/>
<testcase name="random2[Windows_8.1_UNKNOWN_opera_15]" classname="se.redmind.rmtest.selenium.example.RandomSuperClass(20150204-000255)" time="1.7116548"/>
<testcase name="random2[Ubuntu_14.04_UNKNOWN_firefox_31]" classname="se.redmind.rmtest.selenium.example.RandomSuperClass(20150204-000255)" time="1.6523583"/>
<testcase name="random2[Ubuntu_14.04_UNKNOWN_chrome_42]" classname="se.redmind.rmtest.selenium.example.RandomSuperClass(20150204-000255)" time="1.5751256"/>
<testcase name="random2[Ubuntu_14.04_UNKNOWN_explorer_10]" classname="se.redmind.rmtest.selenium.example.RandomSuperClass(20150204-000255)" time="0.65833974"/>
<testcase name="random2[Ubuntu_14.04_UNKNOWN_opera_15]" classname="se.redmind.rmtest.selenium.example.RandomSuperClass(20150204-000255)" time="1.857022">
	<failure type="java.lang.AssertionError:">java.lang.AssertionError: null
		at org.junit.Assert.fail(Assert.java:86)
		at org.junit.Assert.assertTrue(Assert.java:41)
		at org.junit.Assert.assertTrue(Assert.java:52)
		at se.redmind.rmtest.selenium.example.CreateRandomRes3.random14(CreateRandomRes3.java:128)
	</failure></testcase>
<testcase name="random3[Android_4.4.4_HTC ONE_firefox_31]" classname="se.redmind.rmtest.selenium.example.RandomSuperClass(20150204-000255)" time="0.5656214"/>
<testcase name="random3[Android_4.4.4_HTC ONE_chrome_42]" classname="se.redmind.rmtest.selenium.example.RandomSuperClass(20150204-000255)" time="0.539459"/>
<testcase name="random3[Android_4.4.4_HTC ONE_explorer_10]" classname="se.redmind.rmtest.selenium.example.RandomSuperClass(20150204-000255)" time="0.5515828"/>
<testcase name="random3[Android_4.4.4_HTC ONE_opera_15]" classname="se.redmind.rmtest.selenium.example.RandomSuperClass(20150204-000255)" time="0.19900334">
	<failure type="java.lang.AssertionError:">java.lang.AssertionError: null
		at org.junit.Assert.fail(Assert.java:86)
		at org.junit.Assert.assertTrue(Assert.java:41)
		at org.junit.Assert.assertTrue(Assert.java:52)
		at se.redmind.rmtest.selenium.example.CreateRandomRes3.random14(CreateRandomRes3.java:128)
	</failure></testcase>
<testcase name="random3[Android_5.1_Nexus 6_firefox_31]" classname="se.redmind.rmtest.selenium.example.RandomSuperClass(20150204-000255)" time="1.15015"/>
<testcase name="random3[Android_5.1_Nexus 6_chrome_42]" classname="se.redmind.rmtest.selenium.example.RandomSuperClass(20150204-000255)" time="0.32593524"/>
<testcase name="random3[Android_5.1_Nexus 6_explorer_10]" classname="se.redmind.rmtest.selenium.example.RandomSuperClass(20150204-000255)" time="1.1565431"/>
<testcase name="random3[Android_5.1_Nexus 6_opera_15]" classname="se.redmind.rmtest.selenium.example.RandomSuperClass(20150204-000255)" time="0.27018583">
	<failure type="java.lang.AssertionError:">java.lang.AssertionError: null
		at org.junit.Assert.fail(Assert.java:86)
		at org.junit.Assert.assertTrue(Assert.java:41)
		at org.junit.Assert.assertTrue(Assert.java:52)
		at se.redmind.rmtest.selenium.example.CreateRandomRes3.random14(CreateRandomRes3.java:128)
	</failure></testcase>
<testcase name="random3[IOS_8.2_iPhone 6_firefox_31]" classname="se.redmind.rmtest.selenium.example.RandomSuperClass(20150204-000255)" time="0.8126348"/>
<testcase name="random3[IOS_8.2_iPhone 6_chrome_42]" classname="se.redmind.rmtest.selenium.example.RandomSuperClass(20150204-000255)" time="1.7013644"/>
<testcase name="random3[IOS_8.2_iPhone 6_explorer_10]" classname="se.redmind.rmtest.selenium.example.RandomSuperClass(20150204-000255)" time="1.2299008"/>
<testcase name="random3[IOS_8.2_iPhone 6_opera_15]" classname="se.redmind.rmtest.selenium.example.RandomSuperClass(20150204-000255)" time="0.9402684"/>
<testcase name="random3[OSX_10.9.5_UNKNOWN_firefox_31]" classname="se.redmind.rmtest.selenium.example.RandomSuperClass(20150204-000255)" time="1.4992014"/>
<testcase name="random3[OSX_10.9.5_UNKNOWN_chrome_42]" classname="se.redmind.rmtest.selenium.example.RandomSuperClass(20150204-000255)" time="0.38194525"/>
<testcase name="random3[OSX_10.9.5_UNKNOWN_explorer_10]" classname="se.redmind.rmtest.selenium.example.RandomSuperClass(20150204-000255)" time="1.9749088"/>
<testcase name="random3[OSX_10.9.5_UNKNOWN_opera_15]" classname="se.redmind.rmtest.selenium.example.RandomSuperClass(20150204-000255)" time="1.2377088"/>
<testcase name="random3[Windows_8.1_UNKNOWN_firefox_31]" classname="se.redmind.rmtest.selenium.example.RandomSuperClass(20150204-000255)" time="0.76027"/>
<testcase name="random3[Windows_8.1_UNKNOWN_chrome_42]" classname="se.redmind.rmtest.selenium.example.RandomSuperClass(20150204-000255)" time="1.2587004"/>
<testcase name="random3[Windows_8.1_UNKNOWN_explorer_10]" classname="se.redmind.rmtest.selenium.example.RandomSuperClass(20150204-000255)" time="1.1976987"/>
<testcase name="random3[Windows_8.1_UNKNOWN_opera_15]" classname="se.redmind.rmtest.selenium.example.RandomSuperClass(20150204-000255)" time="1.2810837"/>
<testcase name="random3[Ubuntu_14.04_UNKNOWN_firefox_31]" classname="se.redmind.rmtest.selenium.example.RandomSuperClass(20150204-000255)" time="1.1994948"/>
<testcase name="random3[Ubuntu_14.04_UNKNOWN_chrome_42]" classname="se.redmind.rmtest.selenium.example.RandomSuperClass(20150204-000255)" time="0.19847226"/>
<testcase name="random3[Ubuntu_14.04_UNKNOWN_explorer_10]" classname="se.redmind.rmtest.selenium.example.RandomSuperClass(20150204-000255)" time="0.34013045"/>
<testcase name="random3[Ubuntu_14.04_UNKNOWN_opera_15]" classname="se.redmind.rmtest.selenium.example.RandomSuperClass(20150204-000255)" time="1.1976633"/>
<testcase name="random4[Android_4.4.4_HTC ONE_firefox_31]" classname="se.redmind.rmtest.selenium.example.RandomSuperClass(20150204-000255)" time="1.850793">
	<failure type="java.lang.AssertionError:">java.lang.AssertionError: null
		at org.junit.Assert.fail(Assert.java:86)
		at org.junit.Assert.assertTrue(Assert.java:41)
		at org.junit.Assert.assertTrue(Assert.java:52)
		at se.redmind.rmtest.selenium.example.CreateRandomRes3.random14(CreateRandomRes3.java:128)
	</failure></testcase>
<testcase name="random4[Android_4.4.4_HTC ONE_chrome_42]" classname="se.redmind.rmtest.selenium.example.RandomSuperClass(20150204-000255)" time="0.1974014"/>
<testcase name="random4[Android_4.4.4_HTC ONE_explorer_10]" classname="se.redmind.rmtest.selenium.example.RandomSuperClass(20150204-000255)" time="0.8716674"/>
<testcase name="random4[Android_4.4.4_HTC ONE_opera_15]" classname="se.redmind.rmtest.selenium.example.RandomSuperClass(20150204-000255)" time="1.846157"/>
<testcase name="random4[Android_5.1_Nexus 6_firefox_31]" classname="se.redmind.rmtest.selenium.example.RandomSuperClass(20150204-000255)" time="1.6700428"/>
<testcase name="random4[Android_5.1_Nexus 6_chrome_42]" classname="se.redmind.rmtest.selenium.example.RandomSuperClass(20150204-000255)" time="1.1345028"/>
<testcase name="random4[Android_5.1_Nexus 6_explorer_10]" classname="se.redmind.rmtest.selenium.example.RandomSuperClass(20150204-000255)" time="0.9465889"/>
<testcase name="random4[Android_5.1_Nexus 6_opera_15]" classname="se.redmind.rmtest.selenium.example.RandomSuperClass(20150204-000255)" time="0.66253793"/>
<testcase name="random4[IOS_8.2_iPhone 6_firefox_31]" classname="se.redmind.rmtest.selenium.example.RandomSuperClass(20150204-000255)" time="0.033117533"/>
<testcase name="random4[IOS_8.2_iPhone 6_chrome_42]" classname="se.redmind.rmtest.selenium.example.RandomSuperClass(20150204-000255)" time="1.4061649"/>
<testcase name="random4[IOS_8.2_iPhone 6_explorer_10]" classname="se.redmind.rmtest.selenium.example.RandomSuperClass(20150204-000255)" time="0.71917844">
	<failure type="java.lang.AssertionError:">java.lang.AssertionError: null
		at org.junit.Assert.fail(Assert.java:86)
		at org.junit.Assert.assertTrue(Assert.java:41)
		at org.junit.Assert.assertTrue(Assert.java:52)
		at se.redmind.rmtest.selenium.example.CreateRandomRes3.random14(CreateRandomRes3.java:128)
	</failure></testcase>
<testcase name="random4[IOS_8.2_iPhone 6_opera_15]" classname="se.redmind.rmtest.selenium.example.RandomSuperClass(20150204-000255)" time="1.0123092"/>
<testcase name="random4[OSX_10.9.5_UNKNOWN_firefox_31]" classname="se.redmind.rmtest.selenium.example.RandomSuperClass(20150204-000255)" time="1.8994943"/>
<testcase name="random4[OSX_10.9.5_UNKNOWN_chrome_42]" classname="se.redmind.rmtest.selenium.example.RandomSuperClass(20150204-000255)" time="1.3180975"/>
<testcase name="random4[OSX_10.9.5_UNKNOWN_explorer_10]" classname="se.redmind.rmtest.selenium.example.RandomSuperClass(20150204-000255)" time="1.2583562"/>
<testcase name="random4[OSX_10.9.5_UNKNOWN_opera_15]" classname="se.redmind.rmtest.selenium.example.RandomSuperClass(20150204-000255)" time="0.05952549"/>
<testcase name="random4[Windows_8.1_UNKNOWN_firefox_31]" classname="se.redmind.rmtest.selenium.example.RandomSuperClass(20150204-000255)" time="0.13075662"/>
<testcase name="random4[Windows_8.1_UNKNOWN_chrome_42]" classname="se.redmind.rmtest.selenium.example.RandomSuperClass(20150204-000255)" time="0.26945543"/>
<testcase name="random4[Windows_8.1_UNKNOWN_explorer_10]" classname="se.redmind.rmtest.selenium.example.RandomSuperClass(20150204-000255)" time="1.6145489"/>
<testcase name="random4[Windows_8.1_UNKNOWN_opera_15]" classname="se.redmind.rmtest.selenium.example.RandomSuperClass(20150204-000255)" time="0.3523395"/>
<testcase name="random4[Ubuntu_14.04_UNKNOWN_firefox_31]" classname="se.redmind.rmtest.selenium.example.RandomSuperClass(20150204-000255)" time="0.34588706"/>
<testcase name="random4[Ubuntu_14.04_UNKNOWN_chrome_42]" classname="se.redmind.rmtest.selenium.example.RandomSuperClass(20150204-000255)" time="0.48457336"/>
<testcase name="random4[Ubuntu_14.04_UNKNOWN_explorer_10]" classname="se.redmind.rmtest.selenium.example.RandomSuperClass(20150204-000255)" time="1.2654237"/>
<testcase name="random4[Ubuntu_14.04_UNKNOWN_opera_15]" classname="se.redmind.rmtest.selenium.example.RandomSuperClass(20150204-000255)" time="0.076792836"/>
<testcase name="random5[Android_4.4.4_HTC ONE_firefox_31]" classname="se.redmind.rmtest.selenium.example.RandomSuperClass(20150204-000255)" time="0.65032744"/>
<testcase name="random5[Android_4.4.4_HTC ONE_chrome_42]" classname="se.redmind.rmtest.selenium.example.RandomSuperClass(20150204-000255)" time="1.3309433"/>
<testcase name="random5[Android_4.4.4_HTC ONE_explorer_10]" classname="se.redmind.rmtest.selenium.example.RandomSuperClass(20150204-000255)" time="0.9034345"/>
<testcase name="random5[Android_4.4.4_HTC ONE_opera_15]" classname="se.redmind.rmtest.selenium.example.RandomSuperClass(20150204-000255)" time="0.24502778"/>
<testcase name="random5[Android_5.1_Nexus 6_firefox_31]" classname="se.redmind.rmtest.selenium.example.RandomSuperClass(20150204-000255)" time="1.5933565"/>
<testcase name="random5[Android_5.1_Nexus 6_chrome_42]" classname="se.redmind.rmtest.selenium.example.RandomSuperClass(20150204-000255)" time="0.10777712"/>
<testcase name="random5[Android_5.1_Nexus 6_explorer_10]" classname="se.redmind.rmtest.selenium.example.RandomSuperClass(20150204-000255)" time="1.3269643"/>
<testcase name="random5[Android_5.1_Nexus 6_opera_15]" classname="se.redmind.rmtest.selenium.example.RandomSuperClass(20150204-000255)" time="1.9610444"/>
<testcase name="random5[IOS_8.2_iPhone 6_firefox_31]" classname="se.redmind.rmtest.selenium.example.RandomSuperClass(20150204-000255)" time="0.78841925"/>
<testcase name="random5[IOS_8.2_iPhone 6_chrome_42]" classname="se.redmind.rmtest.selenium.example.RandomSuperClass(20150204-000255)" time="1.597691"/>
<testcase name="random5[IOS_8.2_iPhone 6_explorer_10]" classname="se.redmind.rmtest.selenium.example.RandomSuperClass(20150204-000255)" time="0.058166385"/>
<testcase name="random5[IOS_8.2_iPhone 6_opera_15]" classname="se.redmind.rmtest.selenium.example.RandomSuperClass(20150204-000255)" time="1.3465873"/>
<testcase name="random5[OSX_10.9.5_UNKNOWN_firefox_31]" classname="se.redmind.rmtest.selenium.example.RandomSuperClass(20150204-000255)" time="1.773616"/>
<testcase name="random5[OSX_10.9.5_UNKNOWN_chrome_42]" classname="se.redmind.rmtest.selenium.example.RandomSuperClass(20150204-000255)" time="1.6447619"/>
<testcase name="random5[OSX_10.9.5_UNKNOWN_explorer_10]" classname="se.redmind.rmtest.selenium.example.RandomSuperClass(20150204-000255)" time="0.23444605"/>
<testcase name="random5[OSX_10.9.5_UNKNOWN_opera_15]" classname="se.redmind.rmtest.selenium.example.RandomSuperClass(20150204-000255)" time="1.711692"/>
<testcase name="random5[Windows_8.1_UNKNOWN_firefox_31]" classname="se.redmind.rmtest.selenium.example.RandomSuperClass(20150204-000255)" time="1.8946385"/>
<testcase name="random5[Windows_8.1_UNKNOWN_chrome_42]" classname="se.redmind.rmtest.selenium.example.RandomSuperClass(20150204-000255)" time="1.555398"/>
<testcase name="random5[Windows_8.1_UNKNOWN_explorer_10]" classname="se.redmind.rmtest.selenium.example.RandomSuperClass(20150204-000255)" time="0.30684245"/>
<testcase name="random5[Windows_8.1_UNKNOWN_opera_15]" classname="se.redmind.rmtest.selenium.example.RandomSuperClass(20150204-000255)" time="0.11888027"/>
<testcase name="random5[Ubuntu_14.04_UNKNOWN_firefox_31]" classname="se.redmind.rmtest.selenium.example.RandomSuperClass(20150204-000255)" time="1.2600205"/>
<testcase name="random5[Ubuntu_14.04_UNKNOWN_chrome_42]" classname="se.redmind.rmtest.selenium.example.RandomSuperClass(20150204-000255)" time="0.2141794"/>
<testcase name="random5[Ubuntu_14.04_UNKNOWN_explorer_10]" classname="se.redmind.rmtest.selenium.example.RandomSuperClass(20150204-000255)" time="0.12740517"/>
<testcase name="random5[Ubuntu_14.04_UNKNOWN_opera_15]" classname="se.redmind.rmtest.selenium.example.RandomSuperClass(20150204-000255)" time="0.61694384">
	<failure type="java.lang.AssertionError:">java.lang.AssertionError: null
		at org.junit.Assert.fail(Assert.java:86)
		at org.junit.Assert.assertTrue(Assert.java:41)
		at org.junit.Assert.assertTrue(Assert.java:52)
		at se.redmind.rmtest.selenium.example.CreateRandomRes3.random14(CreateRandomRes3.java:128)
	</failure></testcase>
<testcase name="random6[Android_4.4.4_HTC ONE_firefox_31]" classname="se.redmind.rmtest.selenium.example.RandomSuperClass(20150204-000255)" time="0.14864373"/>
<testcase name="random6[Android_4.4.4_HTC ONE_chrome_42]" classname="se.redmind.rmtest.selenium.example.RandomSuperClass(20150204-000255)" time="1.4650185"/>
<testcase name="random6[Android_4.4.4_HTC ONE_explorer_10]" classname="se.redmind.rmtest.selenium.example.RandomSuperClass(20150204-000255)" time="1.1189859"/>
<testcase name="random6[Android_4.4.4_HTC ONE_opera_15]" classname="se.redmind.rmtest.selenium.example.RandomSuperClass(20150204-000255)" time="1.1097082"/>
<testcase name="random6[Android_5.1_Nexus 6_firefox_31]" classname="se.redmind.rmtest.selenium.example.RandomSuperClass(20150204-000255)" time="1.642025"/>
<testcase name="random6[Android_5.1_Nexus 6_chrome_42]" classname="se.redmind.rmtest.selenium.example.RandomSuperClass(20150204-000255)" time="1.5287007"/>
<testcase name="random6[Android_5.1_Nexus 6_explorer_10]" classname="se.redmind.rmtest.selenium.example.RandomSuperClass(20150204-000255)" time="1.3946925"/>
<testcase name="random6[Android_5.1_Nexus 6_opera_15]" classname="se.redmind.rmtest.selenium.example.RandomSuperClass(20150204-000255)" time="1.0771252"/>
<testcase name="random6[IOS_8.2_iPhone 6_firefox_31]" classname="se.redmind.rmtest.selenium.example.RandomSuperClass(20150204-000255)" time="1.7089809"/>
<testcase name="random6[IOS_8.2_iPhone 6_chrome_42]" classname="se.redmind.rmtest.selenium.example.RandomSuperClass(20150204-000255)" time="1.0110636"/>
<testcase name="random6[IOS_8.2_iPhone 6_explorer_10]" classname="se.redmind.rmtest.selenium.example.RandomSuperClass(20150204-000255)" time="0.9305836">
	<failure type="java.lang.AssertionError:">java.lang.AssertionError: null
		at org.junit.Assert.fail(Assert.java:86)
		at org.junit.Assert.assertTrue(Assert.java:41)
		at org.junit.Assert.assertTrue(Assert.java:52)
		at se.redmind.rmtest.selenium.example.CreateRandomRes3.random14(CreateRandomRes3.java:128)
	</failure></testcase>
<testcase name="random6[IOS_8.2_iPhone 6_opera_15]" classname="se.redmind.rmtest.selenium.example.RandomSuperClass(20150204-000255)" time="1.1804905"/>
<testcase name="random6[OSX_10.9.5_UNKNOWN_firefox_31]" classname="se.redmind.rmtest.selenium.example.RandomSuperClass(20150204-000255)" time="0.4878509"/>
<testcase name="random6[OSX_10.9.5_UNKNOWN_chrome_42]" classname="se.redmind.rmtest.selenium.example.RandomSuperClass(20150204-000255)" time="0.40177822"/>
<testcase name="random6[OSX_10.9.5_UNKNOWN_explorer_10]" classname="se.redmind.rmtest.selenium.example.RandomSuperClass(20150204-000255)" time="1.1940073"/>
<testcase name="random6[OSX_10.9.5_UNKNOWN_opera_15]" classname="se.redmind.rmtest.selenium.example.RandomSuperClass(20150204-000255)" time="1.1605424"/>
<testcase name="random6[Windows_8.1_UNKNOWN_firefox_31]" classname="se.redmind.rmtest.selenium.example.RandomSuperClass(20150204-000255)" time="0.09153414"/>
<testcase name="random6[Windows_8.1_UNKNOWN_chrome_42]" classname="se.redmind.rmtest.selenium.example.RandomSuperClass(20150204-000255)" time="0.87190044"/>
<testcase name="random6[Windows_8.1_UNKNOWN_explorer_10]" classname="se.redmind.rmtest.selenium.example.RandomSuperClass(20150204-000255)" time="1.9913175"/>
<testcase name="random6[Windows_8.1_UNKNOWN_opera_15]" classname="se.redmind.rmtest.selenium.example.RandomSuperClass(20150204-000255)" time="1.3766427"/>
<testcase name="random6[Ubuntu_14.04_UNKNOWN_firefox_31]" classname="se.redmind.rmtest.selenium.example.RandomSuperClass(20150204-000255)" time="1.9031739"/>
<testcase name="random6[Ubuntu_14.04_UNKNOWN_chrome_42]" classname="se.redmind.rmtest.selenium.example.RandomSuperClass(20150204-000255)" time="1.6490599"/>
<testcase name="random6[Ubuntu_14.04_UNKNOWN_explorer_10]" classname="se.redmind.rmtest.selenium.example.RandomSuperClass(20150204-000255)" time="1.7225289"/>
<testcase name="random6[Ubuntu_14.04_UNKNOWN_opera_15]" classname="se.redmind.rmtest.selenium.example.RandomSuperClass(20150204-000255)" time="1.8372036"/>
<testcase name="random7[Android_4.4.4_HTC ONE_firefox_31]" classname="se.redmind.rmtest.selenium.example.RandomSuperClass(20150204-000255)" time="0.03540337"/>
<testcase name="random7[Android_4.4.4_HTC ONE_chrome_42]" classname="se.redmind.rmtest.selenium.example.RandomSuperClass(20150204-000255)" time="1.2823609"/>
<testcase name="random7[Android_4.4.4_HTC ONE_explorer_10]" classname="se.redmind.rmtest.selenium.example.RandomSuperClass(20150204-000255)" time="1.7167997"/>
<testcase name="random7[Android_4.4.4_HTC ONE_opera_15]" classname="se.redmind.rmtest.selenium.example.RandomSuperClass(20150204-000255)" time="0.63596773"/>
<testcase name="random7[Android_5.1_Nexus 6_firefox_31]" classname="se.redmind.rmtest.selenium.example.RandomSuperClass(20150204-000255)" time="1.3936435"/>
<testcase name="random7[Android_5.1_Nexus 6_chrome_42]" classname="se.redmind.rmtest.selenium.example.RandomSuperClass(20150204-000255)" time="0.7047703"/>
<testcase name="random7[Android_5.1_Nexus 6_explorer_10]" classname="se.redmind.rmtest.selenium.example.RandomSuperClass(20150204-000255)" time="0.87145936"/>
<testcase name="random7[Android_5.1_Nexus 6_opera_15]" classname="se.redmind.rmtest.selenium.example.RandomSuperClass(20150204-000255)" time="1.3357091"/>
<testcase name="random7[IOS_8.2_iPhone 6_firefox_31]" classname="se.redmind.rmtest.selenium.example.RandomSuperClass(20150204-000255)" time="0.61402"/>
<testcase name="random7[IOS_8.2_iPhone 6_chrome_42]" classname="se.redmind.rmtest.selenium.example.RandomSuperClass(20150204-000255)" time="1.158972"/>
<testcase name="random7[IOS_8.2_iPhone 6_explorer_10]" classname="se.redmind.rmtest.selenium.example.RandomSuperClass(20150204-000255)" time="1.4286264"/>
<testcase name="random7[IOS_8.2_iPhone 6_opera_15]" classname="se.redmind.rmtest.selenium.example.RandomSuperClass(20150204-000255)" time="0.030372381"/>
<testcase name="random7[OSX_10.9.5_UNKNOWN_firefox_31]" classname="se.redmind.rmtest.selenium.example.RandomSuperClass(20150204-000255)" time="0.03904915"/>
<testcase name="random7[OSX_10.9.5_UNKNOWN_chrome_42]" classname="se.redmind.rmtest.selenium.example.RandomSuperClass(20150204-000255)" time="1.7733697"/>
<testcase name="random7[OSX_10.9.5_UNKNOWN_explorer_10]" classname="se.redmind.rmtest.selenium.example.RandomSuperClass(20150204-000255)" time="0.39729047"/>
<testcase name="random7[OSX_10.9.5_UNKNOWN_opera_15]" classname="se.redmind.rmtest.selenium.example.RandomSuperClass(20150204-000255)" time="1.5686214"/>
<testcase name="random7[Windows_8.1_UNKNOWN_firefox_31]" classname="se.redmind.rmtest.selenium.example.RandomSuperClass(20150204-000255)" time="0.8493153"/>
<testcase name="random7[Windows_8.1_UNKNOWN_chrome_42]" classname="se.redmind.rmtest.selenium.example.RandomSuperClass(20150204-000255)" time="1.8581222"/>
<testcase name="random7[Windows_8.1_UNKNOWN_explorer_10]" classname="se.redmind.rmtest.selenium.example.RandomSuperClass(20150204-000255)" time="1.8650602"/>
<testcase name="random7[Windows_8.1_UNKNOWN_opera_15]" classname="se.redmind.rmtest.selenium.example.RandomSuperClass(20150204-000255)" time="0.7362213"/>
<testcase name="random7[Ubuntu_14.04_UNKNOWN_firefox_31]" classname="se.redmind.rmtest.selenium.example.RandomSuperClass(20150204-000255)" time="1.4869441">
	<failure type="java.lang.AssertionError:">java.lang.AssertionError: null
		at org.junit.Assert.fail(Assert.java:86)
		at org.junit.Assert.assertTrue(Assert.java:41)
		at org.junit.Assert.assertTrue(Assert.java:52)
		at se.redmind.rmtest.selenium.example.CreateRandomRes3.random14(CreateRandomRes3.java:128)
	</failure></testcase>
<testcase name="random7[Ubuntu_14.04_UNKNOWN_chrome_42]" classname="se.redmind.rmtest.selenium.example.RandomSuperClass(20150204-000255)" time="1.8368034"/>
<testcase name="random7[Ubuntu_14.04_UNKNOWN_explorer_10]" classname="se.redmind.rmtest.selenium.example.RandomSuperClass(20150204-000255)" time="1.2426059"/>
<testcase name="random7[Ubuntu_14.04_UNKNOWN_opera_15]" classname="se.redmind.rmtest.selenium.example.RandomSuperClass(20150204-000255)" time="0.07163155"/>
<testcase name="random8[Android_4.4.4_HTC ONE_firefox_31]" classname="se.redmind.rmtest.selenium.example.RandomSuperClass(20150204-000255)" time="1.5867532"/>
<testcase name="random8[Android_4.4.4_HTC ONE_chrome_42]" classname="se.redmind.rmtest.selenium.example.RandomSuperClass(20150204-000255)" time="0.13747287">
	<failure type="java.lang.AssertionError:">java.lang.AssertionError: null
		at org.junit.Assert.fail(Assert.java:86)
		at org.junit.Assert.assertTrue(Assert.java:41)
		at org.junit.Assert.assertTrue(Assert.java:52)
		at se.redmind.rmtest.selenium.example.CreateRandomRes3.random14(CreateRandomRes3.java:128)
	</failure></testcase>
<testcase name="random8[Android_4.4.4_HTC ONE_explorer_10]" classname="se.redmind.rmtest.selenium.example.RandomSuperClass(20150204-000255)" time="1.3451562">
	<failure type="java.lang.AssertionError:">java.lang.AssertionError: null
		at org.junit.Assert.fail(Assert.java:86)
		at org.junit.Assert.assertTrue(Assert.java:41)
		at org.junit.Assert.assertTrue(Assert.java:52)
		at se.redmind.rmtest.selenium.example.CreateRandomRes3.random14(CreateRandomRes3.java:128)
	</failure></testcase>
<testcase name="random8[Android_4.4.4_HTC ONE_opera_15]" classname="se.redmind.rmtest.selenium.example.RandomSuperClass(20150204-000255)" time="1.4286413"/>
<testcase name="random8[Android_5.1_Nexus 6_firefox_31]" classname="se.redmind.rmtest.selenium.example.RandomSuperClass(20150204-000255)" time="1.7735393"/>
<testcase name="random8[Android_5.1_Nexus 6_chrome_42]" classname="se.redmind.rmtest.selenium.example.RandomSuperClass(20150204-000255)" time="1.337656"/>
<testcase name="random8[Android_5.1_Nexus 6_explorer_10]" classname="se.redmind.rmtest.selenium.example.RandomSuperClass(20150204-000255)" time="0.13923323"/>
<testcase name="random8[Android_5.1_Nexus 6_opera_15]" classname="se.redmind.rmtest.selenium.example.RandomSuperClass(20150204-000255)" time="1.4018296"/>
<testcase name="random8[IOS_8.2_iPhone 6_firefox_31]" classname="se.redmind.rmtest.selenium.example.RandomSuperClass(20150204-000255)" time="1.889039">
	<failure type="java.lang.AssertionError:">java.lang.AssertionError: null
		at org.junit.Assert.fail(Assert.java:86)
		at org.junit.Assert.assertTrue(Assert.java:41)
		at org.junit.Assert.assertTrue(Assert.java:52)
		at se.redmind.rmtest.selenium.example.CreateRandomRes3.random14(CreateRandomRes3.java:128)
	</failure></testcase>
<testcase name="random8[IOS_8.2_iPhone 6_chrome_42]" classname="se.redmind.rmtest.selenium.example.RandomSuperClass(20150204-000255)" time="1.3909305"/>
<testcase name="random8[IOS_8.2_iPhone 6_explorer_10]" classname="se.redmind.rmtest.selenium.example.RandomSuperClass(20150204-000255)" time="0.96914196"/>
<testcase name="random8[IOS_8.2_iPhone 6_opera_15]" classname="se.redmind.rmtest.selenium.example.RandomSuperClass(20150204-000255)" time="1.2950883"/>
<testcase name="random8[OSX_10.9.5_UNKNOWN_firefox_31]" classname="se.redmind.rmtest.selenium.example.RandomSuperClass(20150204-000255)" time="0.47968066"/>
<testcase name="random8[OSX_10.9.5_UNKNOWN_chrome_42]" classname="se.redmind.rmtest.selenium.example.RandomSuperClass(20150204-000255)" time="0.85851884"/>
<testcase name="random8[OSX_10.9.5_UNKNOWN_explorer_10]" classname="se.redmind.rmtest.selenium.example.RandomSuperClass(20150204-000255)" time="0.12655532"/>
<testcase name="random8[OSX_10.9.5_UNKNOWN_opera_15]" classname="se.redmind.rmtest.selenium.example.RandomSuperClass(20150204-000255)" time="0.4403962"/>
<testcase name="random8[Windows_8.1_UNKNOWN_firefox_31]" classname="se.redmind.rmtest.selenium.example.RandomSuperClass(20150204-000255)" time="0.706318"/>
<testcase name="random8[Windows_8.1_UNKNOWN_chrome_42]" classname="se.redmind.rmtest.selenium.example.RandomSuperClass(20150204-000255)" time="0.7274914"/>
<testcase name="random8[Windows_8.1_UNKNOWN_explorer_10]" classname="se.redmind.rmtest.selenium.example.RandomSuperClass(20150204-000255)" time="1.7378652"/>
<testcase name="random8[Windows_8.1_UNKNOWN_opera_15]" classname="se.redmind.rmtest.selenium.example.RandomSuperClass(20150204-000255)" time="1.3634896"/>
<testcase name="random8[Ubuntu_14.04_UNKNOWN_firefox_31]" classname="se.redmind.rmtest.selenium.example.RandomSuperClass(20150204-000255)" time="0.22972202"/>
<testcase name="random8[Ubuntu_14.04_UNKNOWN_chrome_42]" classname="se.redmind.rmtest.selenium.example.RandomSuperClass(20150204-000255)" time="1.6178885"/>
<testcase name="random8[Ubuntu_14.04_UNKNOWN_explorer_10]" classname="se.redmind.rmtest.selenium.example.RandomSuperClass(20150204-000255)" time="0.11779773"/>
<testcase name="random8[Ubuntu_14.04_UNKNOWN_opera_15]" classname="se.redmind.rmtest.selenium.example.RandomSuperClass(20150204-000255)" time="0.54502344"/>
<testcase name="random9[Android_4.4.4_HTC ONE_firefox_31]" classname="se.redmind.rmtest.selenium.example.RandomSuperClass(20150204-000255)" time="1.0806758"/>
<testcase name="random9[Android_4.4.4_HTC ONE_chrome_42]" classname="se.redmind.rmtest.selenium.example.RandomSuperClass(20150204-000255)" time="1.9642694"/>
<testcase name="random9[Android_4.4.4_HTC ONE_explorer_10]" classname="se.redmind.rmtest.selenium.example.RandomSuperClass(20150204-000255)" time="0.9741216"/>
<testcase name="random9[Android_4.4.4_HTC ONE_opera_15]" classname="se.redmind.rmtest.selenium.example.RandomSuperClass(20150204-000255)" time="1.3402736"/>
<testcase name="random9[Android_5.1_Nexus 6_firefox_31]" classname="se.redmind.rmtest.selenium.example.RandomSuperClass(20150204-000255)" time="0.041105986"/>
<testcase name="random9[Android_5.1_Nexus 6_chrome_42]" classname="se.redmind.rmtest.selenium.example.RandomSuperClass(20150204-000255)" time="0.1029042"/>
<testcase name="random9[Android_5.1_Nexus 6_explorer_10]" classname="se.redmind.rmtest.selenium.example.RandomSuperClass(20150204-000255)" time="1.1471"/>
<testcase name="random9[Android_5.1_Nexus 6_opera_15]" classname="se.redmind.rmtest.selenium.example.RandomSuperClass(20150204-000255)" time="1.9973817"/>
<testcase name="random9[IOS_8.2_iPhone 6_firefox_31]" classname="se.redmind.rmtest.selenium.example.RandomSuperClass(20150204-000255)" time="0.64275265"/>
<testcase name="random9[IOS_8.2_iPhone 6_chrome_42]" classname="se.redmind.rmtest.selenium.example.RandomSuperClass(20150204-000255)" time="1.1040224"/>
<testcase name="random9[IOS_8.2_iPhone 6_explorer_10]" classname="se.redmind.rmtest.selenium.example.RandomSuperClass(20150204-000255)" time="1.9286746"/>
<testcase name="random9[IOS_8.2_iPhone 6_opera_15]" classname="se.redmind.rmtest.selenium.example.RandomSuperClass(20150204-000255)" time="1.6535999"/>
<testcase name="random9[OSX_10.9.5_UNKNOWN_firefox_31]" classname="se.redmind.rmtest.selenium.example.RandomSuperClass(20150204-000255)" time="0.532465"/>
<testcase name="random9[OSX_10.9.5_UNKNOWN_chrome_42]" classname="se.redmind.rmtest.selenium.example.RandomSuperClass(20150204-000255)" time="1.6592399"/>
<testcase name="random9[OSX_10.9.5_UNKNOWN_explorer_10]" classname="se.redmind.rmtest.selenium.example.RandomSuperClass(20150204-000255)" time="1.4301866">
	<failure type="java.lang.AssertionError:">java.lang.AssertionError: null
		at org.junit.Assert.fail(Assert.java:86)
		at org.junit.Assert.assertTrue(Assert.java:41)
		at org.junit.Assert.assertTrue(Assert.java:52)
		at se.redmind.rmtest.selenium.example.CreateRandomRes3.random14(CreateRandomRes3.java:128)
	</failure></testcase>
<testcase name="random9[OSX_10.9.5_UNKNOWN_opera_15]" classname="se.redmind.rmtest.selenium.example.RandomSuperClass(20150204-000255)" time="0.69094145"/>
<testcase name="random9[Windows_8.1_UNKNOWN_firefox_31]" classname="se.redmind.rmtest.selenium.example.RandomSuperClass(20150204-000255)" time="0.6582843"/>
<testcase name="random9[Windows_8.1_UNKNOWN_chrome_42]" classname="se.redmind.rmtest.selenium.example.RandomSuperClass(20150204-000255)" time="1.367487"/>
<testcase name="random9[Windows_8.1_UNKNOWN_explorer_10]" classname="se.redmind.rmtest.selenium.example.RandomSuperClass(20150204-000255)" time="0.9537802"/>
<testcase name="random9[Windows_8.1_UNKNOWN_opera_15]" classname="se.redmind.rmtest.selenium.example.RandomSuperClass(20150204-000255)" time="0.8971021"/>
<testcase name="random9[Ubuntu_14.04_UNKNOWN_firefox_31]" classname="se.redmind.rmtest.selenium.example.RandomSuperClass(20150204-000255)" time="1.4980552"/>
<testcase name="random9[Ubuntu_14.04_UNKNOWN_chrome_42]" classname="se.redmind.rmtest.selenium.example.RandomSuperClass(20150204-000255)" time="0.35846102"/>
<testcase name="random9[Ubuntu_14.04_UNKNOWN_explorer_10]" classname="se.redmind.rmtest.selenium.example.RandomSuperClass(20150204-000255)" time="0.8714495"/>
<testcase name="random9[Ubuntu_14.04_UNKNOWN_opera_15]" classname="se.redmind.rmtest.selenium.example.RandomSuperClass(20150204-000255)" time="1.5044645"/>
<testcase name="random10[Android_4.4.4_HTC ONE_firefox_31]" classname="se.redmind.rmtest.selenium.example.RandomSuperClass(20150204-000255)" time="0.38238335"/>
<testcase name="random10[Android_4.4.4_HTC ONE_chrome_42]" classname="se.redmind.rmtest.selenium.example.RandomSuperClass(20150204-000255)" time="1.3508364">
	<failure type="java.lang.AssertionError:">java.lang.AssertionError: null
		at org.junit.Assert.fail(Assert.java:86)
		at org.junit.Assert.assertTrue(Assert.java:41)
		at org.junit.Assert.assertTrue(Assert.java:52)
		at se.redmind.rmtest.selenium.example.CreateRandomRes3.random14(CreateRandomRes3.java:128)
	</failure></testcase>
<testcase name="random10[Android_4.4.4_HTC ONE_explorer_10]" classname="se.redmind.rmtest.selenium.example.RandomSuperClass(20150204-000255)" time="1.1270297"/>
<testcase name="random10[Android_4.4.4_HTC ONE_opera_15]" classname="se.redmind.rmtest.selenium.example.RandomSuperClass(20150204-000255)" time="1.3694557"/>
<testcase name="random10[Android_5.1_Nexus 6_firefox_31]" classname="se.redmind.rmtest.selenium.example.RandomSuperClass(20150204-000255)" time="0.85633755"/>
<testcase name="random10[Android_5.1_Nexus 6_chrome_42]" classname="se.redmind.rmtest.selenium.example.RandomSuperClass(20150204-000255)" time="0.96316004"/>
<testcase name="random10[Android_5.1_Nexus 6_explorer_10]" classname="se.redmind.rmtest.selenium.example.RandomSuperClass(20150204-000255)" time="0.15025294"/>
<testcase name="random10[Android_5.1_Nexus 6_opera_15]" classname="se.redmind.rmtest.selenium.example.RandomSuperClass(20150204-000255)" time="1.3064772">
	<failure type="java.lang.AssertionError:">java.lang.AssertionError: null
		at org.junit.Assert.fail(Assert.java:86)
		at org.junit.Assert.assertTrue(Assert.java:41)
		at org.junit.Assert.assertTrue(Assert.java:52)
		at se.redmind.rmtest.selenium.example.CreateRandomRes3.random14(CreateRandomRes3.java:128)
	</failure></testcase>
<testcase name="random10[IOS_8.2_iPhone 6_firefox_31]" classname="se.redmind.rmtest.selenium.example.RandomSuperClass(20150204-000255)" time="1.9793708"/>
<testcase name="random10[IOS_8.2_iPhone 6_chrome_42]" classname="se.redmind.rmtest.selenium.example.RandomSuperClass(20150204-000255)" time="0.37857175"/>
<testcase name="random10[IOS_8.2_iPhone 6_explorer_10]" classname="se.redmind.rmtest.selenium.example.RandomSuperClass(20150204-000255)" time="1.708321"/>
<testcase name="random10[IOS_8.2_iPhone 6_opera_15]" classname="se.redmind.rmtest.selenium.example.RandomSuperClass(20150204-000255)" time="1.9050838"/>
<testcase name="random10[OSX_10.9.5_UNKNOWN_firefox_31]" classname="se.redmind.rmtest.selenium.example.RandomSuperClass(20150204-000255)" time="0.48051393"/>
<testcase name="random10[OSX_10.9.5_UNKNOWN_chrome_42]" classname="se.redmind.rmtest.selenium.example.RandomSuperClass(20150204-000255)" time="1.3101833"/>
<testcase name="random10[OSX_10.9.5_UNKNOWN_explorer_10]" classname="se.redmind.rmtest.selenium.example.RandomSuperClass(20150204-000255)" time="0.019275784"/>
<testcase name="random10[OSX_10.9.5_UNKNOWN_opera_15]" classname="se.redmind.rmtest.selenium.example.RandomSuperClass(20150204-000255)" time="1.0360366"/>
<testcase name="random10[Windows_8.1_UNKNOWN_firefox_31]" classname="se.redmind.rmtest.selenium.example.RandomSuperClass(20150204-000255)" time="1.7659725"/>
<testcase name="random10[Windows_8.1_UNKNOWN_chrome_42]" classname="se.redmind.rmtest.selenium.example.RandomSuperClass(20150204-000255)" time="1.6221619"/>
<testcase name="random10[Windows_8.1_UNKNOWN_explorer_10]" classname="se.redmind.rmtest.selenium.example.RandomSuperClass(20150204-000255)" time="1.3127738"/>
<testcase name="random10[Windows_8.1_UNKNOWN_opera_15]" classname="se.redmind.rmtest.selenium.example.RandomSuperClass(20150204-000255)" time="1.6913127"/>
<testcase name="random10[Ubuntu_14.04_UNKNOWN_firefox_31]" classname="se.redmind.rmtest.selenium.example.RandomSuperClass(20150204-000255)" time="0.9188367"/>
<testcase name="random10[Ubuntu_14.04_UNKNOWN_chrome_42]" classname="se.redmind.rmtest.selenium.example.RandomSuperClass(20150204-000255)" time="1.93226"/>
<testcase name="random10[Ubuntu_14.04_UNKNOWN_explorer_10]" classname="se.redmind.rmtest.selenium.example.RandomSuperClass(20150204-000255)" time="0.94770193"/>
<testcase name="random10[Ubuntu_14.04_UNKNOWN_opera_15]" classname="se.redmind.rmtest.selenium.example.RandomSuperClass(20150204-000255)" time="0.8051038"/>
<testcase name="random11[Android_4.4.4_HTC ONE_firefox_31]" classname="se.redmind.rmtest.selenium.example.RandomSuperClass(20150204-000255)" time="0.03569281"/>
<testcase name="random11[Android_4.4.4_HTC ONE_chrome_42]" classname="se.redmind.rmtest.selenium.example.RandomSuperClass(20150204-000255)" time="0.054740906"/>
<testcase name="random11[Android_4.4.4_HTC ONE_explorer_10]" classname="se.redmind.rmtest.selenium.example.RandomSuperClass(20150204-000255)" time="1.1823986"/>
<testcase name="random11[Android_4.4.4_HTC ONE_opera_15]" classname="se.redmind.rmtest.selenium.example.RandomSuperClass(20150204-000255)" time="1.2672911"/>
<testcase name="random11[Android_5.1_Nexus 6_firefox_31]" classname="se.redmind.rmtest.selenium.example.RandomSuperClass(20150204-000255)" time="1.5124996"/>
<testcase name="random11[Android_5.1_Nexus 6_chrome_42]" classname="se.redmind.rmtest.selenium.example.RandomSuperClass(20150204-000255)" time="0.23834872"/>
<testcase name="random11[Android_5.1_Nexus 6_explorer_10]" classname="se.redmind.rmtest.selenium.example.RandomSuperClass(20150204-000255)" time="1.7420714"/>
<testcase name="random11[Android_5.1_Nexus 6_opera_15]" classname="se.redmind.rmtest.selenium.example.RandomSuperClass(20150204-000255)" time="0.46783626"/>
<testcase name="random11[IOS_8.2_iPhone 6_firefox_31]" classname="se.redmind.rmtest.selenium.example.RandomSuperClass(20150204-000255)" time="0.22217679"/>
<testcase name="random11[IOS_8.2_iPhone 6_chrome_42]" classname="se.redmind.rmtest.selenium.example.RandomSuperClass(20150204-000255)" time="0.8121799"/>
<testcase name="random11[IOS_8.2_iPhone 6_explorer_10]" classname="se.redmind.rmtest.selenium.example.RandomSuperClass(20150204-000255)" time="1.4393337"/>
<testcase name="random11[IOS_8.2_iPhone 6_opera_15]" classname="se.redmind.rmtest.selenium.example.RandomSuperClass(20150204-000255)" time="1.3999827"/>
<testcase name="random11[OSX_10.9.5_UNKNOWN_firefox_31]" classname="se.redmind.rmtest.selenium.example.RandomSuperClass(20150204-000255)" time="0.91892433"/>
<testcase name="random11[OSX_10.9.5_UNKNOWN_chrome_42]" classname="se.redmind.rmtest.selenium.example.RandomSuperClass(20150204-000255)" time="1.0730104"/>
<testcase name="random11[OSX_10.9.5_UNKNOWN_explorer_10]" classname="se.redmind.rmtest.selenium.example.RandomSuperClass(20150204-000255)" time="0.2776059"/>
<testcase name="random11[OSX_10.9.5_UNKNOWN_opera_15]" classname="se.redmind.rmtest.selenium.example.RandomSuperClass(20150204-000255)" time="0.60211074"/>
<testcase name="random11[Windows_8.1_UNKNOWN_firefox_31]" classname="se.redmind.rmtest.selenium.example.RandomSuperClass(20150204-000255)" time="0.6593747"/>
<testcase name="random11[Windows_8.1_UNKNOWN_chrome_42]" classname="se.redmind.rmtest.selenium.example.RandomSuperClass(20150204-000255)" time="0.030841112"/>
<testcase name="random11[Windows_8.1_UNKNOWN_explorer_10]" classname="se.redmind.rmtest.selenium.example.RandomSuperClass(20150204-000255)" time="1.7034615"/>
<testcase name="random11[Windows_8.1_UNKNOWN_opera_15]" classname="se.redmind.rmtest.selenium.example.RandomSuperClass(20150204-000255)" time="1.0325488"/>
<testcase name="random11[Ubuntu_14.04_UNKNOWN_firefox_31]" classname="se.redmind.rmtest.selenium.example.RandomSuperClass(20150204-000255)" time="1.5482557"/>
<testcase name="random11[Ubuntu_14.04_UNKNOWN_chrome_42]" classname="se.redmind.rmtest.selenium.example.RandomSuperClass(20150204-000255)" time="1.9751234"/>
<testcase name="random11[Ubuntu_14.04_UNKNOWN_explorer_10]" classname="se.redmind.rmtest.selenium.example.RandomSuperClass(20150204-000255)" time="1.9728196"/>
<testcase name="random11[Ubuntu_14.04_UNKNOWN_opera_15]" classname="se.redmind.rmtest.selenium.example.RandomSuperClass(20150204-000255)" time="1.3485912"/>
<testcase name="random12[Android_4.4.4_HTC ONE_firefox_31]" classname="se.redmind.rmtest.selenium.example.RandomSuperClass(20150204-000255)" time="0.6963202"/>
<testcase name="random12[Android_4.4.4_HTC ONE_chrome_42]" classname="se.redmind.rmtest.selenium.example.RandomSuperClass(20150204-000255)" time="0.73233116"/>
<testcase name="random12[Android_4.4.4_HTC ONE_explorer_10]" classname="se.redmind.rmtest.selenium.example.RandomSuperClass(20150204-000255)" time="1.9572182"/>
<testcase name="random12[Android_4.4.4_HTC ONE_opera_15]" classname="se.redmind.rmtest.selenium.example.RandomSuperClass(20150204-000255)" time="4.2927265E-4"/>
<testcase name="random12[Android_5.1_Nexus 6_firefox_31]" classname="se.redmind.rmtest.selenium.example.RandomSuperClass(20150204-000255)" time="1.9208769"/>
<testcase name="random12[Android_5.1_Nexus 6_chrome_42]" classname="se.redmind.rmtest.selenium.example.RandomSuperClass(20150204-000255)" time="1.9562514"/>
<testcase name="random12[Android_5.1_Nexus 6_explorer_10]" classname="se.redmind.rmtest.selenium.example.RandomSuperClass(20150204-000255)" time="0.1402297"/>
<testcase name="random12[Android_5.1_Nexus 6_opera_15]" classname="se.redmind.rmtest.selenium.example.RandomSuperClass(20150204-000255)" time="1.0526528"/>
<testcase name="random12[IOS_8.2_iPhone 6_firefox_31]" classname="se.redmind.rmtest.selenium.example.RandomSuperClass(20150204-000255)" time="1.4243358"/>
<testcase name="random12[IOS_8.2_iPhone 6_chrome_42]" classname="se.redmind.rmtest.selenium.example.RandomSuperClass(20150204-000255)" time="0.8255621"/>
<testcase name="random12[IOS_8.2_iPhone 6_explorer_10]" classname="se.redmind.rmtest.selenium.example.RandomSuperClass(20150204-000255)" time="0.040406942"/>
<testcase name="random12[IOS_8.2_iPhone 6_opera_15]" classname="se.redmind.rmtest.selenium.example.RandomSuperClass(20150204-000255)" time="0.7104368"/>
<testcase name="random12[OSX_10.9.5_UNKNOWN_firefox_31]" classname="se.redmind.rmtest.selenium.example.RandomSuperClass(20150204-000255)" time="1.4537579"/>
<testcase name="random12[OSX_10.9.5_UNKNOWN_chrome_42]" classname="se.redmind.rmtest.selenium.example.RandomSuperClass(20150204-000255)" time="1.1189774"/>
<testcase name="random12[OSX_10.9.5_UNKNOWN_explorer_10]" classname="se.redmind.rmtest.selenium.example.RandomSuperClass(20150204-000255)" time="0.84597707"/>
<testcase name="random12[OSX_10.9.5_UNKNOWN_opera_15]" classname="se.redmind.rmtest.selenium.example.RandomSuperClass(20150204-000255)" time="1.1544743"/>
<testcase name="random12[Windows_8.1_UNKNOWN_firefox_31]" classname="se.redmind.rmtest.selenium.example.RandomSuperClass(20150204-000255)" time="1.7744778"/>
<testcase name="random12[Windows_8.1_UNKNOWN_chrome_42]" classname="se.redmind.rmtest.selenium.example.RandomSuperClass(20150204-000255)" time="0.79643583"/>
<testcase name="random12[Windows_8.1_UNKNOWN_explorer_10]" classname="se.redmind.rmtest.selenium.example.RandomSuperClass(20150204-000255)" time="0.65782964"/>
<testcase name="random12[Windows_8.1_UNKNOWN_opera_15]" classname="se.redmind.rmtest.selenium.example.RandomSuperClass(20150204-000255)" time="1.478177"/>
<testcase name="random12[Ubuntu_14.04_UNKNOWN_firefox_31]" classname="se.redmind.rmtest.selenium.example.RandomSuperClass(20150204-000255)" time="0.6834488"/>
<testcase name="random12[Ubuntu_14.04_UNKNOWN_chrome_42]" classname="se.redmind.rmtest.selenium.example.RandomSuperClass(20150204-000255)" time="0.93551576"/>
<testcase name="random12[Ubuntu_14.04_UNKNOWN_explorer_10]" classname="se.redmind.rmtest.selenium.example.RandomSuperClass(20150204-000255)" time="1.4111711"/>
<testcase name="random12[Ubuntu_14.04_UNKNOWN_opera_15]" classname="se.redmind.rmtest.selenium.example.RandomSuperClass(20150204-000255)" time="0.27261257">
	<failure type="java.lang.AssertionError:">java.lang.AssertionError: null
		at org.junit.Assert.fail(Assert.java:86)
		at org.junit.Assert.assertTrue(Assert.java:41)
		at org.junit.Assert.assertTrue(Assert.java:52)
		at se.redmind.rmtest.selenium.example.CreateRandomRes3.random14(CreateRandomRes3.java:128)
	</failure></testcase>
<testcase name="random13[Android_4.4.4_HTC ONE_firefox_31]" classname="se.redmind.rmtest.selenium.example.RandomSuperClass(20150204-000255)" time="1.2430316"/>
<testcase name="random13[Android_4.4.4_HTC ONE_chrome_42]" classname="se.redmind.rmtest.selenium.example.RandomSuperClass(20150204-000255)" time="1.1554624"/>
<testcase name="random13[Android_4.4.4_HTC ONE_explorer_10]" classname="se.redmind.rmtest.selenium.example.RandomSuperClass(20150204-000255)" time="1.2825481"/>
<testcase name="random13[Android_4.4.4_HTC ONE_opera_15]" classname="se.redmind.rmtest.selenium.example.RandomSuperClass(20150204-000255)" time="0.71910465"/>
<testcase name="random13[Android_5.1_Nexus 6_firefox_31]" classname="se.redmind.rmtest.selenium.example.RandomSuperClass(20150204-000255)" time="0.4335327"/>
<testcase name="random13[Android_5.1_Nexus 6_chrome_42]" classname="se.redmind.rmtest.selenium.example.RandomSuperClass(20150204-000255)" time="1.5069149"/>
<testcase name="random13[Android_5.1_Nexus 6_explorer_10]" classname="se.redmind.rmtest.selenium.example.RandomSuperClass(20150204-000255)" time="0.18777013"/>
<testcase name="random13[Android_5.1_Nexus 6_opera_15]" classname="se.redmind.rmtest.selenium.example.RandomSuperClass(20150204-000255)" time="0.926371"/>
<testcase name="random13[IOS_8.2_iPhone 6_firefox_31]" classname="se.redmind.rmtest.selenium.example.RandomSuperClass(20150204-000255)" time="1.0028732"/>
<testcase name="random13[IOS_8.2_iPhone 6_chrome_42]" classname="se.redmind.rmtest.selenium.example.RandomSuperClass(20150204-000255)" time="0.21362543"/>
<testcase name="random13[IOS_8.2_iPhone 6_explorer_10]" classname="se.redmind.rmtest.selenium.example.RandomSuperClass(20150204-000255)" time="0.83758724"/>
<testcase name="random13[IOS_8.2_iPhone 6_opera_15]" classname="se.redmind.rmtest.selenium.example.RandomSuperClass(20150204-000255)" time="1.6885322"/>
<testcase name="random13[OSX_10.9.5_UNKNOWN_firefox_31]" classname="se.redmind.rmtest.selenium.example.RandomSuperClass(20150204-000255)" time="1.9343469"/>
<testcase name="random13[OSX_10.9.5_UNKNOWN_chrome_42]" classname="se.redmind.rmtest.selenium.example.RandomSuperClass(20150204-000255)" time="0.62316394"/>
<testcase name="random13[OSX_10.9.5_UNKNOWN_explorer_10]" classname="se.redmind.rmtest.selenium.example.RandomSuperClass(20150204-000255)" time="1.7418115"/>
<testcase name="random13[OSX_10.9.5_UNKNOWN_opera_15]" classname="se.redmind.rmtest.selenium.example.RandomSuperClass(20150204-000255)" time="0.84227395"/>
<testcase name="random13[Windows_8.1_UNKNOWN_firefox_31]" classname="se.redmind.rmtest.selenium.example.RandomSuperClass(20150204-000255)" time="1.658506"/>
<testcase name="random13[Windows_8.1_UNKNOWN_chrome_42]" classname="se.redmind.rmtest.selenium.example.RandomSuperClass(20150204-000255)" time="1.2568076"/>
<testcase name="random13[Windows_8.1_UNKNOWN_explorer_10]" classname="se.redmind.rmtest.selenium.example.RandomSuperClass(20150204-000255)" time="1.538894">
	<failure type="java.lang.AssertionError:">java.lang.AssertionError: null
		at org.junit.Assert.fail(Assert.java:86)
		at org.junit.Assert.assertTrue(Assert.java:41)
		at org.junit.Assert.assertTrue(Assert.java:52)
		at se.redmind.rmtest.selenium.example.CreateRandomRes3.random14(CreateRandomRes3.java:128)
	</failure></testcase>
<testcase name="random13[Windows_8.1_UNKNOWN_opera_15]" classname="se.redmind.rmtest.selenium.example.RandomSuperClass(20150204-000255)" time="1.9658991">
	<failure type="java.lang.AssertionError:">java.lang.AssertionError: null
		at org.junit.Assert.fail(Assert.java:86)
		at org.junit.Assert.assertTrue(Assert.java:41)
		at org.junit.Assert.assertTrue(Assert.java:52)
		at se.redmind.rmtest.selenium.example.CreateRandomRes3.random14(CreateRandomRes3.java:128)
	</failure></testcase>
<testcase name="random13[Ubuntu_14.04_UNKNOWN_firefox_31]" classname="se.redmind.rmtest.selenium.example.RandomSuperClass(20150204-000255)" time="0.40278924"/>
<testcase name="random13[Ubuntu_14.04_UNKNOWN_chrome_42]" classname="se.redmind.rmtest.selenium.example.RandomSuperClass(20150204-000255)" time="1.9445145"/>
<testcase name="random13[Ubuntu_14.04_UNKNOWN_explorer_10]" classname="se.redmind.rmtest.selenium.example.RandomSuperClass(20150204-000255)" time="0.07680166"/>
<testcase name="random13[Ubuntu_14.04_UNKNOWN_opera_15]" classname="se.redmind.rmtest.selenium.example.RandomSuperClass(20150204-000255)" time="1.2899605"/>
<testcase name="random14[Android_4.4.4_HTC ONE_firefox_31]" classname="se.redmind.rmtest.selenium.example.RandomSuperClass(20150204-000255)" time="0.40258765"/>
<testcase name="random14[Android_4.4.4_HTC ONE_chrome_42]" classname="se.redmind.rmtest.selenium.example.RandomSuperClass(20150204-000255)" time="0.6890874"/>
<testcase name="random14[Android_4.4.4_HTC ONE_explorer_10]" classname="se.redmind.rmtest.selenium.example.RandomSuperClass(20150204-000255)" time="0.7823628">
	<failure type="java.lang.AssertionError:">java.lang.AssertionError: null
		at org.junit.Assert.fail(Assert.java:86)
		at org.junit.Assert.assertTrue(Assert.java:41)
		at org.junit.Assert.assertTrue(Assert.java:52)
		at se.redmind.rmtest.selenium.example.CreateRandomRes3.random14(CreateRandomRes3.java:128)
	</failure></testcase>
<testcase name="random14[Android_4.4.4_HTC ONE_opera_15]" classname="se.redmind.rmtest.selenium.example.RandomSuperClass(20150204-000255)" time="0.37861717"/>
<testcase name="random14[Android_5.1_Nexus 6_firefox_31]" classname="se.redmind.rmtest.selenium.example.RandomSuperClass(20150204-000255)" time="1.0900184"/>
<testcase name="random14[Android_5.1_Nexus 6_chrome_42]" classname="se.redmind.rmtest.selenium.example.RandomSuperClass(20150204-000255)" time="0.12433159"/>
<testcase name="random14[Android_5.1_Nexus 6_explorer_10]" classname="se.redmind.rmtest.selenium.example.RandomSuperClass(20150204-000255)" time="1.0300808"/>
<testcase name="random14[Android_5.1_Nexus 6_opera_15]" classname="se.redmind.rmtest.selenium.example.RandomSuperClass(20150204-000255)" time="1.3928096"/>
<testcase name="random14[IOS_8.2_iPhone 6_firefox_31]" classname="se.redmind.rmtest.selenium.example.RandomSuperClass(20150204-000255)" time="0.83175814"/>
<testcase name="random14[IOS_8.2_iPhone 6_chrome_42]" classname="se.redmind.rmtest.selenium.example.RandomSuperClass(20150204-000255)" time="1.2152214"/>
<testcase name="random14[IOS_8.2_iPhone 6_explorer_10]" classname="se.redmind.rmtest.selenium.example.RandomSuperClass(20150204-000255)" time="0.45774174"/>
<testcase name="random14[IOS_8.2_iPhone 6_opera_15]" classname="se.redmind.rmtest.selenium.example.RandomSuperClass(20150204-000255)" time="0.5608041"/>
<testcase name="random14[OSX_10.9.5_UNKNOWN_firefox_31]" classname="se.redmind.rmtest.selenium.example.RandomSuperClass(20150204-000255)" time="1.304863"/>
<testcase name="random14[OSX_10.9.5_UNKNOWN_chrome_42]" classname="se.redmind.rmtest.selenium.example.RandomSuperClass(20150204-000255)" time="1.1937842"/>
<testcase name="random14[OSX_10.9.5_UNKNOWN_explorer_10]" classname="se.redmind.rmtest.selenium.example.RandomSuperClass(20150204-000255)" time="1.4749725"/>
<testcase name="random14[OSX_10.9.5_UNKNOWN_opera_15]" classname="se.redmind.rmtest.selenium.example.RandomSuperClass(20150204-000255)" time="1.8586088"/>
<testcase name="random14[Windows_8.1_UNKNOWN_firefox_31]" classname="se.redmind.rmtest.selenium.example.RandomSuperClass(20150204-000255)" time="1.1795824">
	<failure type="java.lang.AssertionError:">java.lang.AssertionError: null
		at org.junit.Assert.fail(Assert.java:86)
		at org.junit.Assert.assertTrue(Assert.java:41)
		at org.junit.Assert.assertTrue(Assert.java:52)
		at se.redmind.rmtest.selenium.example.CreateRandomRes3.random14(CreateRandomRes3.java:128)
	</failure></testcase>
<testcase name="random14[Windows_8.1_UNKNOWN_chrome_42]" classname="se.redmind.rmtest.selenium.example.RandomSuperClass(20150204-000255)" time="0.6326226"/>
<testcase name="random14[Windows_8.1_UNKNOWN_explorer_10]" classname="se.redmind.rmtest.selenium.example.RandomSuperClass(20150204-000255)" time="1.5722299"/>
<testcase name="random14[Windows_8.1_UNKNOWN_opera_15]" classname="se.redmind.rmtest.selenium.example.RandomSuperClass(20150204-000255)" time="0.842216"/>
<testcase name="random14[Ubuntu_14.04_UNKNOWN_firefox_31]" classname="se.redmind.rmtest.selenium.example.RandomSuperClass(20150204-000255)" time="0.42075074"/>
<testcase name="random14[Ubuntu_14.04_UNKNOWN_chrome_42]" classname="se.redmind.rmtest.selenium.example.RandomSuperClass(20150204-000255)" time="1.0286905"/>
<testcase name="random14[Ubuntu_14.04_UNKNOWN_explorer_10]" classname="se.redmind.rmtest.selenium.example.RandomSuperClass(20150204-000255)" time="1.4615334"/>
<testcase name="random14[Ubuntu_14.04_UNKNOWN_opera_15]" classname="se.redmind.rmtest.selenium.example.RandomSuperClass(20150204-000255)" time="0.07558012"/>
<testcase name="random15[Android_4.4.4_HTC ONE_firefox_31]" classname="se.redmind.rmtest.selenium.example.RandomSuperClass(20150204-000255)" time="1.2244198"/>
<testcase name="random15[Android_4.4.4_HTC ONE_chrome_42]" classname="se.redmind.rmtest.selenium.example.RandomSuperClass(20150204-000255)" time="1.3031492"/>
<testcase name="random15[Android_4.4.4_HTC ONE_explorer_10]" classname="se.redmind.rmtest.selenium.example.RandomSuperClass(20150204-000255)" time="0.566581"/>
<testcase name="random15[Android_4.4.4_HTC ONE_opera_15]" classname="se.redmind.rmtest.selenium.example.RandomSuperClass(20150204-000255)" time="0.6626935"/>
<testcase name="random15[Android_5.1_Nexus 6_firefox_31]" classname="se.redmind.rmtest.selenium.example.RandomSuperClass(20150204-000255)" time="0.37397158"/>
<testcase name="random15[Android_5.1_Nexus 6_chrome_42]" classname="se.redmind.rmtest.selenium.example.RandomSuperClass(20150204-000255)" time="1.2188275"/>
<testcase name="random15[Android_5.1_Nexus 6_explorer_10]" classname="se.redmind.rmtest.selenium.example.RandomSuperClass(20150204-000255)" time="1.9287132"/>
<testcase name="random15[Android_5.1_Nexus 6_opera_15]" classname="se.redmind.rmtest.selenium.example.RandomSuperClass(20150204-000255)" time="1.019074"/>
<testcase name="random15[IOS_8.2_iPhone 6_firefox_31]" classname="se.redmind.rmtest.selenium.example.RandomSuperClass(20150204-000255)" time="0.63003266"/>
<testcase name="random15[IOS_8.2_iPhone 6_chrome_42]" classname="se.redmind.rmtest.selenium.example.RandomSuperClass(20150204-000255)" time="1.8750148"/>
<testcase name="random15[IOS_8.2_iPhone 6_explorer_10]" classname="se.redmind.rmtest.selenium.example.RandomSuperClass(20150204-000255)" time="0.20652378"/>
<testcase name="random15[IOS_8.2_iPhone 6_opera_15]" classname="se.redmind.rmtest.selenium.example.RandomSuperClass(20150204-000255)" time="0.2074331"/>
<testcase name="random15[OSX_10.9.5_UNKNOWN_firefox_31]" classname="se.redmind.rmtest.selenium.example.RandomSuperClass(20150204-000255)" time="1.6610845"/>
<testcase name="random15[OSX_10.9.5_UNKNOWN_chrome_42]" classname="se.redmind.rmtest.selenium.example.RandomSuperClass(20150204-000255)" time="0.16002035"/>
<testcase name="random15[OSX_10.9.5_UNKNOWN_explorer_10]" classname="se.redmind.rmtest.selenium.example.RandomSuperClass(20150204-000255)" time="1.120738">
	<failure type="java.lang.AssertionError:">java.lang.AssertionError: null
		at org.junit.Assert.fail(Assert.java:86)
		at org.junit.Assert.assertTrue(Assert.java:41)
		at org.junit.Assert.assertTrue(Assert.java:52)
		at se.redmind.rmtest.selenium.example.CreateRandomRes3.random14(CreateRandomRes3.java:128)
	</failure></testcase>
<testcase name="random15[OSX_10.9.5_UNKNOWN_opera_15]" classname="se.redmind.rmtest.selenium.example.RandomSuperClass(20150204-000255)" time="0.9142456"/>
<testcase name="random15[Windows_8.1_UNKNOWN_firefox_31]" classname="se.redmind.rmtest.selenium.example.RandomSuperClass(20150204-000255)" time="1.9767466"/>
<testcase name="random15[Windows_8.1_UNKNOWN_chrome_42]" classname="se.redmind.rmtest.selenium.example.RandomSuperClass(20150204-000255)" time="1.3251334">
	<failure type="java.lang.AssertionError:">java.lang.AssertionError: null
		at org.junit.Assert.fail(Assert.java:86)
		at org.junit.Assert.assertTrue(Assert.java:41)
		at org.junit.Assert.assertTrue(Assert.java:52)
		at se.redmind.rmtest.selenium.example.CreateRandomRes3.random14(CreateRandomRes3.java:128)
	</failure></testcase>
<testcase name="random15[Windows_8.1_UNKNOWN_explorer_10]" classname="se.redmind.rmtest.selenium.example.RandomSuperClass(20150204-000255)" time="0.43231177"/>
<testcase name="random15[Windows_8.1_UNKNOWN_opera_15]" classname="se.redmind.rmtest.selenium.example.RandomSuperClass(20150204-000255)" time="0.45839548"/>
<testcase name="random15[Ubuntu_14.04_UNKNOWN_firefox_31]" classname="se.redmind.rmtest.selenium.example.RandomSuperClass(20150204-000255)" time="0.3432845"/>
<testcase name="random15[Ubuntu_14.04_UNKNOWN_chrome_42]" classname="se.redmind.rmtest.selenium.example.RandomSuperClass(20150204-000255)" time="1.689322"/>
<testcase name="random15[Ubuntu_14.04_UNKNOWN_explorer_10]" classname="se.redmind.rmtest.selenium.example.RandomSuperClass(20150204-000255)" time="1.3405306"/>
<testcase name="random15[Ubuntu_14.04_UNKNOWN_opera_15]" classname="se.redmind.rmtest.selenium.example.RandomSuperClass(20150204-000255)" time="1.1000243"/>
<testcase name="random16[Android_4.4.4_HTC ONE_firefox_31]" classname="se.redmind.rmtest.selenium.example.RandomSuperClass(20150204-000255)" time="0.24097514"/>
<testcase name="random16[Android_4.4.4_HTC ONE_chrome_42]" classname="se.redmind.rmtest.selenium.example.RandomSuperClass(20150204-000255)" time="1.8922124"/>
<testcase name="random16[Android_4.4.4_HTC ONE_explorer_10]" classname="se.redmind.rmtest.selenium.example.RandomSuperClass(20150204-000255)" time="1.0492164"/>
<testcase name="random16[Android_4.4.4_HTC ONE_opera_15]" classname="se.redmind.rmtest.selenium.example.RandomSuperClass(20150204-000255)" time="1.3571647"/>
<testcase name="random16[Android_5.1_Nexus 6_firefox_31]" classname="se.redmind.rmtest.selenium.example.RandomSuperClass(20150204-000255)" time="0.06553817"/>
<testcase name="random16[Android_5.1_Nexus 6_chrome_42]" classname="se.redmind.rmtest.selenium.example.RandomSuperClass(20150204-000255)" time="0.08359504"/>
<testcase name="random16[Android_5.1_Nexus 6_explorer_10]" classname="se.redmind.rmtest.selenium.example.RandomSuperClass(20150204-000255)" time="0.17297876">
	<failure type="java.lang.AssertionError:">java.lang.AssertionError: null
		at org.junit.Assert.fail(Assert.java:86)
		at org.junit.Assert.assertTrue(Assert.java:41)
		at org.junit.Assert.assertTrue(Assert.java:52)
		at se.redmind.rmtest.selenium.example.CreateRandomRes3.random14(CreateRandomRes3.java:128)
	</failure></testcase>
<testcase name="random16[Android_5.1_Nexus 6_opera_15]" classname="se.redmind.rmtest.selenium.example.RandomSuperClass(20150204-000255)" time="0.039690137"/>
<testcase name="random16[IOS_8.2_iPhone 6_firefox_31]" classname="se.redmind.rmtest.selenium.example.RandomSuperClass(20150204-000255)" time="0.98092103"/>
<testcase name="random16[IOS_8.2_iPhone 6_chrome_42]" classname="se.redmind.rmtest.selenium.example.RandomSuperClass(20150204-000255)" time="1.9709026"/>
<testcase name="random16[IOS_8.2_iPhone 6_explorer_10]" classname="se.redmind.rmtest.selenium.example.RandomSuperClass(20150204-000255)" time="0.64177406"/>
<testcase name="random16[IOS_8.2_iPhone 6_opera_15]" classname="se.redmind.rmtest.selenium.example.RandomSuperClass(20150204-000255)" time="0.2745701"/>
<testcase name="random16[OSX_10.9.5_UNKNOWN_firefox_31]" classname="se.redmind.rmtest.selenium.example.RandomSuperClass(20150204-000255)" time="1.5983038">
	<failure type="java.lang.AssertionError:">java.lang.AssertionError: null
		at org.junit.Assert.fail(Assert.java:86)
		at org.junit.Assert.assertTrue(Assert.java:41)
		at org.junit.Assert.assertTrue(Assert.java:52)
		at se.redmind.rmtest.selenium.example.CreateRandomRes3.random14(CreateRandomRes3.java:128)
	</failure></testcase>
<testcase name="random16[OSX_10.9.5_UNKNOWN_chrome_42]" classname="se.redmind.rmtest.selenium.example.RandomSuperClass(20150204-000255)" time="0.74181175"/>
<testcase name="random16[OSX_10.9.5_UNKNOWN_explorer_10]" classname="se.redmind.rmtest.selenium.example.RandomSuperClass(20150204-000255)" time="0.8108649"/>
<testcase name="random16[OSX_10.9.5_UNKNOWN_opera_15]" classname="se.redmind.rmtest.selenium.example.RandomSuperClass(20150204-000255)" time="1.9233689"/>
<testcase name="random16[Windows_8.1_UNKNOWN_firefox_31]" classname="se.redmind.rmtest.selenium.example.RandomSuperClass(20150204-000255)" time="1.9862671"/>
<testcase name="random16[Windows_8.1_UNKNOWN_chrome_42]" classname="se.redmind.rmtest.selenium.example.RandomSuperClass(20150204-000255)" time="0.5373237"/>
<testcase name="random16[Windows_8.1_UNKNOWN_explorer_10]" classname="se.redmind.rmtest.selenium.example.RandomSuperClass(20150204-000255)" time="0.5946013"/>
<testcase name="random16[Windows_8.1_UNKNOWN_opera_15]" classname="se.redmind.rmtest.selenium.example.RandomSuperClass(20150204-000255)" time="1.4823827"/>
<testcase name="random16[Ubuntu_14.04_UNKNOWN_firefox_31]" classname="se.redmind.rmtest.selenium.example.RandomSuperClass(20150204-000255)" time="0.9096458"/>
<testcase name="random16[Ubuntu_14.04_UNKNOWN_chrome_42]" classname="se.redmind.rmtest.selenium.example.RandomSuperClass(20150204-000255)" time="0.37137973"/>
<testcase name="random16[Ubuntu_14.04_UNKNOWN_explorer_10]" classname="se.redmind.rmtest.selenium.example.RandomSuperClass(20150204-000255)" time="0.6162697"/>
<testcase name="random16[Ubuntu_14.04_UNKNOWN_opera_15]" classname="se.redmind.rmtest.selenium.example.RandomSuperClass(20150204-000255)" time="0.8077588"/>
<testcase name="random17[Android_4.4.4_HTC ONE_firefox_31]" classname="se.redmind.rmtest.selenium.example.RandomSuperClass(20150204-000255)" time="1.6496682"/>
<testcase name="random17[Android_4.4.4_HTC ONE_chrome_42]" classname="se.redmind.rmtest.selenium.example.RandomSuperClass(20150204-000255)" time="1.1762714"/>
<testcase name="random17[Android_4.4.4_HTC ONE_explorer_10]" classname="se.redmind.rmtest.selenium.example.RandomSuperClass(20150204-000255)" time="1.6025897"/>
<testcase name="random17[Android_4.4.4_HTC ONE_opera_15]" classname="se.redmind.rmtest.selenium.example.RandomSuperClass(20150204-000255)" time="1.8223997"/>
<testcase name="random17[Android_5.1_Nexus 6_firefox_31]" classname="se.redmind.rmtest.selenium.example.RandomSuperClass(20150204-000255)" time="1.2755581"/>
<testcase name="random17[Android_5.1_Nexus 6_chrome_42]" classname="se.redmind.rmtest.selenium.example.RandomSuperClass(20150204-000255)" time="0.99881065">
	<failure type="java.lang.AssertionError:">java.lang.AssertionError: null
		at org.junit.Assert.fail(Assert.java:86)
		at org.junit.Assert.assertTrue(Assert.java:41)
		at org.junit.Assert.assertTrue(Assert.java:52)
		at se.redmind.rmtest.selenium.example.CreateRandomRes3.random14(CreateRandomRes3.java:128)
	</failure></testcase>
<testcase name="random17[Android_5.1_Nexus 6_explorer_10]" classname="se.redmind.rmtest.selenium.example.RandomSuperClass(20150204-000255)" time="1.5502608"/>
<testcase name="random17[Android_5.1_Nexus 6_opera_15]" classname="se.redmind.rmtest.selenium.example.RandomSuperClass(20150204-000255)" time="1.7384009"/>
<testcase name="random17[IOS_8.2_iPhone 6_firefox_31]" classname="se.redmind.rmtest.selenium.example.RandomSuperClass(20150204-000255)" time="1.8178583"/>
<testcase name="random17[IOS_8.2_iPhone 6_chrome_42]" classname="se.redmind.rmtest.selenium.example.RandomSuperClass(20150204-000255)" time="0.28042364"/>
<testcase name="random17[IOS_8.2_iPhone 6_explorer_10]" classname="se.redmind.rmtest.selenium.example.RandomSuperClass(20150204-000255)" time="0.55329275"/>
<testcase name="random17[IOS_8.2_iPhone 6_opera_15]" classname="se.redmind.rmtest.selenium.example.RandomSuperClass(20150204-000255)" time="0.2682302"/>
<testcase name="random17[OSX_10.9.5_UNKNOWN_firefox_31]" classname="se.redmind.rmtest.selenium.example.RandomSuperClass(20150204-000255)" time="1.4363074"/>
<testcase name="random17[OSX_10.9.5_UNKNOWN_chrome_42]" classname="se.redmind.rmtest.selenium.example.RandomSuperClass(20150204-000255)" time="0.625041"/>
<testcase name="random17[OSX_10.9.5_UNKNOWN_explorer_10]" classname="se.redmind.rmtest.selenium.example.RandomSuperClass(20150204-000255)" time="0.60368145"/>
<testcase name="random17[OSX_10.9.5_UNKNOWN_opera_15]" classname="se.redmind.rmtest.selenium.example.RandomSuperClass(20150204-000255)" time="0.7998066"/>
<testcase name="random17[Windows_8.1_UNKNOWN_firefox_31]" classname="se.redmind.rmtest.selenium.example.RandomSuperClass(20150204-000255)" time="1.3801839"/>
<testcase name="random17[Windows_8.1_UNKNOWN_chrome_42]" classname="se.redmind.rmtest.selenium.example.RandomSuperClass(20150204-000255)" time="0.4918548"/>
<testcase name="random17[Windows_8.1_UNKNOWN_explorer_10]" classname="se.redmind.rmtest.selenium.example.RandomSuperClass(20150204-000255)" time="0.16431785"/>
<testcase name="random17[Windows_8.1_UNKNOWN_opera_15]" classname="se.redmind.rmtest.selenium.example.RandomSuperClass(20150204-000255)" time="1.575091"/>
<testcase name="random17[Ubuntu_14.04_UNKNOWN_firefox_31]" classname="se.redmind.rmtest.selenium.example.RandomSuperClass(20150204-000255)" time="0.3066094"/>
<testcase name="random17[Ubuntu_14.04_UNKNOWN_chrome_42]" classname="se.redmind.rmtest.selenium.example.RandomSuperClass(20150204-000255)" time="1.8457192"/>
<testcase name="random17[Ubuntu_14.04_UNKNOWN_explorer_10]" classname="se.redmind.rmtest.selenium.example.RandomSuperClass(20150204-000255)" time="0.8618494"/>
<testcase name="random17[Ubuntu_14.04_UNKNOWN_opera_15]" classname="se.redmind.rmtest.selenium.example.RandomSuperClass(20150204-000255)" time="0.5387529"/>
<testcase name="random18[Android_4.4.4_HTC ONE_firefox_31]" classname="se.redmind.rmtest.selenium.example.RandomSuperClass(20150204-000255)" time="1.3523762"/>
<testcase name="random18[Android_4.4.4_HTC ONE_chrome_42]" classname="se.redmind.rmtest.selenium.example.RandomSuperClass(20150204-000255)" time="0.95617354"/>
<testcase name="random18[Android_4.4.4_HTC ONE_explorer_10]" classname="se.redmind.rmtest.selenium.example.RandomSuperClass(20150204-000255)" time="0.25853634">
	<failure type="java.lang.AssertionError:">java.lang.AssertionError: null
		at org.junit.Assert.fail(Assert.java:86)
		at org.junit.Assert.assertTrue(Assert.java:41)
		at org.junit.Assert.assertTrue(Assert.java:52)
		at se.redmind.rmtest.selenium.example.CreateRandomRes3.random14(CreateRandomRes3.java:128)
	</failure></testcase>
<testcase name="random18[Android_4.4.4_HTC ONE_opera_15]" classname="se.redmind.rmtest.selenium.example.RandomSuperClass(20150204-000255)" time="0.7129309"/>
<testcase name="random18[Android_5.1_Nexus 6_firefox_31]" classname="se.redmind.rmtest.selenium.example.RandomSuperClass(20150204-000255)" time="1.2474512"/>
<testcase name="random18[Android_5.1_Nexus 6_chrome_42]" classname="se.redmind.rmtest.selenium.example.RandomSuperClass(20150204-000255)" time="0.25677037"/>
<testcase name="random18[Android_5.1_Nexus 6_explorer_10]" classname="se.redmind.rmtest.selenium.example.RandomSuperClass(20150204-000255)" time="0.33597994"/>
<testcase name="random18[Android_5.1_Nexus 6_opera_15]" classname="se.redmind.rmtest.selenium.example.RandomSuperClass(20150204-000255)" time="1.7060604"/>
<testcase name="random18[IOS_8.2_iPhone 6_firefox_31]" classname="se.redmind.rmtest.selenium.example.RandomSuperClass(20150204-000255)" time="0.7133759"/>
<testcase name="random18[IOS_8.2_iPhone 6_chrome_42]" classname="se.redmind.rmtest.selenium.example.RandomSuperClass(20150204-000255)" time="0.45959353"/>
<testcase name="random18[IOS_8.2_iPhone 6_explorer_10]" classname="se.redmind.rmtest.selenium.example.RandomSuperClass(20150204-000255)" time="0.05992174"/>
<testcase name="random18[IOS_8.2_iPhone 6_opera_15]" classname="se.redmind.rmtest.selenium.example.RandomSuperClass(20150204-000255)" time="1.2781899"/>
<testcase name="random18[OSX_10.9.5_UNKNOWN_firefox_31]" classname="se.redmind.rmtest.selenium.example.RandomSuperClass(20150204-000255)" time="1.4073709"/>
<testcase name="random18[OSX_10.9.5_UNKNOWN_chrome_42]" classname="se.redmind.rmtest.selenium.example.RandomSuperClass(20150204-000255)" time="0.9655533"/>
<testcase name="random18[OSX_10.9.5_UNKNOWN_explorer_10]" classname="se.redmind.rmtest.selenium.example.RandomSuperClass(20150204-000255)" time="0.1941446"/>
<testcase name="random18[OSX_10.9.5_UNKNOWN_opera_15]" classname="se.redmind.rmtest.selenium.example.RandomSuperClass(20150204-000255)" time="0.7621647"/>
<testcase name="random18[Windows_8.1_UNKNOWN_firefox_31]" classname="se.redmind.rmtest.selenium.example.RandomSuperClass(20150204-000255)" time="0.75302184"/>
<testcase name="random18[Windows_8.1_UNKNOWN_chrome_42]" classname="se.redmind.rmtest.selenium.example.RandomSuperClass(20150204-000255)" time="0.019253016"/>
<testcase name="random18[Windows_8.1_UNKNOWN_explorer_10]" classname="se.redmind.rmtest.selenium.example.RandomSuperClass(20150204-000255)" time="1.3928328"/>
<testcase name="random18[Windows_8.1_UNKNOWN_opera_15]" classname="se.redmind.rmtest.selenium.example.RandomSuperClass(20150204-000255)" time="1.57951">
	<failure type="java.lang.AssertionError:">java.lang.AssertionError: null
		at org.junit.Assert.fail(Assert.java:86)
		at org.junit.Assert.assertTrue(Assert.java:41)
		at org.junit.Assert.assertTrue(Assert.java:52)
		at se.redmind.rmtest.selenium.example.CreateRandomRes3.random14(CreateRandomRes3.java:128)
	</failure></testcase>
<testcase name="random18[Ubuntu_14.04_UNKNOWN_firefox_31]" classname="se.redmind.rmtest.selenium.example.RandomSuperClass(20150204-000255)" time="0.14100873">
	<failure type="java.lang.AssertionError:">java.lang.AssertionError: null
		at org.junit.Assert.fail(Assert.java:86)
		at org.junit.Assert.assertTrue(Assert.java:41)
		at org.junit.Assert.assertTrue(Assert.java:52)
		at se.redmind.rmtest.selenium.example.CreateRandomRes3.random14(CreateRandomRes3.java:128)
	</failure></testcase>
<testcase name="random18[Ubuntu_14.04_UNKNOWN_chrome_42]" classname="se.redmind.rmtest.selenium.example.RandomSuperClass(20150204-000255)" time="0.027918816"/>
<testcase name="random18[Ubuntu_14.04_UNKNOWN_explorer_10]" classname="se.redmind.rmtest.selenium.example.RandomSuperClass(20150204-000255)" time="0.5245788"/>
<testcase name="random18[Ubuntu_14.04_UNKNOWN_opera_15]" classname="se.redmind.rmtest.selenium.example.RandomSuperClass(20150204-000255)" time="1.0917937"/>
<testcase name="random19[Android_4.4.4_HTC ONE_firefox_31]" classname="se.redmind.rmtest.selenium.example.RandomSuperClass(20150204-000255)" time="0.18841624"/>
<testcase name="random19[Android_4.4.4_HTC ONE_chrome_42]" classname="se.redmind.rmtest.selenium.example.RandomSuperClass(20150204-000255)" time="1.9970925"/>
<testcase name="random19[Android_4.4.4_HTC ONE_explorer_10]" classname="se.redmind.rmtest.selenium.example.RandomSuperClass(20150204-000255)" time="1.1675488"/>
<testcase name="random19[Android_4.4.4_HTC ONE_opera_15]" classname="se.redmind.rmtest.selenium.example.RandomSuperClass(20150204-000255)" time="0.59270895"/>
<testcase name="random19[Android_5.1_Nexus 6_firefox_31]" classname="se.redmind.rmtest.selenium.example.RandomSuperClass(20150204-000255)" time="1.0127395"/>
<testcase name="random19[Android_5.1_Nexus 6_chrome_42]" classname="se.redmind.rmtest.selenium.example.RandomSuperClass(20150204-000255)" time="0.13148606"/>
<testcase name="random19[Android_5.1_Nexus 6_explorer_10]" classname="se.redmind.rmtest.selenium.example.RandomSuperClass(20150204-000255)" time="0.2641505"/>
<testcase name="random19[Android_5.1_Nexus 6_opera_15]" classname="se.redmind.rmtest.selenium.example.RandomSuperClass(20150204-000255)" time="0.37306476"/>
<testcase name="random19[IOS_8.2_iPhone 6_firefox_31]" classname="se.redmind.rmtest.selenium.example.RandomSuperClass(20150204-000255)" time="1.80678"/>
<testcase name="random19[IOS_8.2_iPhone 6_chrome_42]" classname="se.redmind.rmtest.selenium.example.RandomSuperClass(20150204-000255)" time="1.307605"/>
<testcase name="random19[IOS_8.2_iPhone 6_explorer_10]" classname="se.redmind.rmtest.selenium.example.RandomSuperClass(20150204-000255)" time="0.03487408"/>
<testcase name="random19[IOS_8.2_iPhone 6_opera_15]" classname="se.redmind.rmtest.selenium.example.RandomSuperClass(20150204-000255)" time="0.48032784"/>
<testcase name="random19[OSX_10.9.5_UNKNOWN_firefox_31]" classname="se.redmind.rmtest.selenium.example.RandomSuperClass(20150204-000255)" time="0.3932029"/>
<testcase name="random19[OSX_10.9.5_UNKNOWN_chrome_42]" classname="se.redmind.rmtest.selenium.example.RandomSuperClass(20150204-000255)" time="0.34544492"/>
<testcase name="random19[OSX_10.9.5_UNKNOWN_explorer_10]" classname="se.redmind.rmtest.selenium.example.RandomSuperClass(20150204-000255)" time="0.4248029"/>
<testcase name="random19[OSX_10.9.5_UNKNOWN_opera_15]" classname="se.redmind.rmtest.selenium.example.RandomSuperClass(20150204-000255)" time="1.0463127"/>
<testcase name="random19[Windows_8.1_UNKNOWN_firefox_31]" classname="se.redmind.rmtest.selenium.example.RandomSuperClass(20150204-000255)" time="1.8926079"/>
<testcase name="random19[Windows_8.1_UNKNOWN_chrome_42]" classname="se.redmind.rmtest.selenium.example.RandomSuperClass(20150204-000255)" time="0.7897717"/>
<testcase name="random19[Windows_8.1_UNKNOWN_explorer_10]" classname="se.redmind.rmtest.selenium.example.RandomSuperClass(20150204-000255)" time="0.5926224"/>
<testcase name="random19[Windows_8.1_UNKNOWN_opera_15]" classname="se.redmind.rmtest.selenium.example.RandomSuperClass(20150204-000255)" time="0.87106776"/>
<testcase name="random19[Ubuntu_14.04_UNKNOWN_firefox_31]" classname="se.redmind.rmtest.selenium.example.RandomSuperClass(20150204-000255)" time="0.15653908"/>
<testcase name="random19[Ubuntu_14.04_UNKNOWN_chrome_42]" classname="se.redmind.rmtest.selenium.example.RandomSuperClass(20150204-000255)" time="0.2572013"/>
<testcase name="random19[Ubuntu_14.04_UNKNOWN_explorer_10]" classname="se.redmind.rmtest.selenium.example.RandomSuperClass(20150204-000255)" time="0.25078213"/>
<testcase name="random19[Ubuntu_14.04_UNKNOWN_opera_15]" classname="se.redmind.rmtest.selenium.example.RandomSuperClass(20150204-000255)" time="1.3279622"/>
<testcase name="random20[Android_4.4.4_HTC ONE_firefox_31]" classname="se.redmind.rmtest.selenium.example.RandomSuperClass(20150204-000255)" time="0.19694102"/>
<testcase name="random20[Android_4.4.4_HTC ONE_chrome_42]" classname="se.redmind.rmtest.selenium.example.RandomSuperClass(20150204-000255)" time="1.3134928"/>
<testcase name="random20[Android_4.4.4_HTC ONE_explorer_10]" classname="se.redmind.rmtest.selenium.example.RandomSuperClass(20150204-000255)" time="1.0267919"/>
<testcase name="random20[Android_4.4.4_HTC ONE_opera_15]" classname="se.redmind.rmtest.selenium.example.RandomSuperClass(20150204-000255)" time="0.59442616"/>
<testcase name="random20[Android_5.1_Nexus 6_firefox_31]" classname="se.redmind.rmtest.selenium.example.RandomSuperClass(20150204-000255)" time="0.4861474"/>
<testcase name="random20[Android_5.1_Nexus 6_chrome_42]" classname="se.redmind.rmtest.selenium.example.RandomSuperClass(20150204-000255)" time="1.3161747"/>
<testcase name="random20[Android_5.1_Nexus 6_explorer_10]" classname="se.redmind.rmtest.selenium.example.RandomSuperClass(20150204-000255)" time="0.43946517"/>
<testcase name="random20[Android_5.1_Nexus 6_opera_15]" classname="se.redmind.rmtest.selenium.example.RandomSuperClass(20150204-000255)" time="0.71475613"/>
<testcase name="random20[IOS_8.2_iPhone 6_firefox_31]" classname="se.redmind.rmtest.selenium.example.RandomSuperClass(20150204-000255)" time="0.7065624"/>
<testcase name="random20[IOS_8.2_iPhone 6_chrome_42]" classname="se.redmind.rmtest.selenium.example.RandomSuperClass(20150204-000255)" time="1.6908299"/>
<testcase name="random20[IOS_8.2_iPhone 6_explorer_10]" classname="se.redmind.rmtest.selenium.example.RandomSuperClass(20150204-000255)" time="0.5702474"/>
<testcase name="random20[IOS_8.2_iPhone 6_opera_15]" classname="se.redmind.rmtest.selenium.example.RandomSuperClass(20150204-000255)" time="1.0658451"/>
<testcase name="random20[OSX_10.9.5_UNKNOWN_firefox_31]" classname="se.redmind.rmtest.selenium.example.RandomSuperClass(20150204-000255)" time="1.2967764"/>
<testcase name="random20[OSX_10.9.5_UNKNOWN_chrome_42]" classname="se.redmind.rmtest.selenium.example.RandomSuperClass(20150204-000255)" time="0.70506096"/>
<testcase name="random20[OSX_10.9.5_UNKNOWN_explorer_10]" classname="se.redmind.rmtest.selenium.example.RandomSuperClass(20150204-000255)" time="0.058597684"/>
<testcase name="random20[OSX_10.9.5_UNKNOWN_opera_15]" classname="se.redmind.rmtest.selenium.example.RandomSuperClass(20150204-000255)" time="0.42365313"/>
<testcase name="random20[Windows_8.1_UNKNOWN_firefox_31]" classname="se.redmind.rmtest.selenium.example.RandomSuperClass(20150204-000255)" time="1.9709353"/>
<testcase name="random20[Windows_8.1_UNKNOWN_chrome_42]" classname="se.redmind.rmtest.selenium.example.RandomSuperClass(20150204-000255)" time="1.9623691"/>
<testcase name="random20[Windows_8.1_UNKNOWN_explorer_10]" classname="se.redmind.rmtest.selenium.example.RandomSuperClass(20150204-000255)" time="1.6617182"/>
<testcase name="random20[Windows_8.1_UNKNOWN_opera_15]" classname="se.redmind.rmtest.selenium.example.RandomSuperClass(20150204-000255)" time="0.017686605"/>
<testcase name="random20[Ubuntu_14.04_UNKNOWN_firefox_31]" classname="se.redmind.rmtest.selenium.example.RandomSuperClass(20150204-000255)" time="1.2807599"/>
<testcase name="random20[Ubuntu_14.04_UNKNOWN_chrome_42]" classname="se.redmind.rmtest.selenium.example.RandomSuperClass(20150204-000255)" time="1.558875"/>
<testcase name="random20[Ubuntu_14.04_UNKNOWN_explorer_10]" classname="se.redmind.rmtest.selenium.example.RandomSuperClass(20150204-000255)" time="0.29275596"/>
<testcase name="random20[Ubuntu_14.04_UNKNOWN_opera_15]" classname="se.redmind.rmtest.selenium.example.RandomSuperClass(20150204-000255)" time="1.7127068"/>
</testsuite>