<?xml version="1.0" encoding="UTF-8"?>
<testsuite name="test.java.se.redmind.rmtest.selenium.example.GeneratedSuite(20150125-080114)" time="0.0" tests="0" errors="0" skipped="0" failures="0">
  <properties>
    <property name="java.runtime.name" value="Java(TM) SE Runtime Environment"/>
    <property name="sun.boot.library.path" value="/Library/Java/JavaVirtualMachines/jdk1.8.0_25.jdk/Contents/Home/jre/lib"/>
    <property name="java.vm.version" value="25.25-b02"/>
    <property name="gopherProxySet" value="false"/>
    <property name="java.vm.vendor" value="Oracle Corporation"/>
    <property name="java.vendor.url" value="http://java.oracle.com/"/>
    <property name="path.separator" value=":"/>
    <property name="guice.disable.misplaced.annotation.check" value="true"/>
    <property name="java.vm.name" value="Java HotSpot(TM) 64-Bit Server VM"/>
    <property name="file.encoding.pkg" value="sun.io"/>
    <property name="user.country" value="SE"/>
    <property name="sun.java.launcher" value="SUN_STANDARD"/>
    <property name="sun.os.patch.level" value="unknown"/>
    <property name="java.vm.specification.name" value="Java Virtual Machine Specification"/>
    <property name="user.dir" value="/Users/gustavholfve/redmind/RMTest"/>
    <property name="java.runtime.version" value="1.8.0_25-b17"/>
    <property name="java.awt.graphicsenv" value="sun.awt.CGraphicsEnvironment"/>
    <property name="java.endorsed.dirs" value="/Library/Java/JavaVirtualMachines/jdk1.8.0_25.jdk/Contents/Home/jre/lib/endorsed"/>
    <property name="os.arch" value="x86_64"/>
    <property name="java.io.tmpdir" value="/var/folders/g6/ynxs0t3j7r15myt344kjfly00000gn/T/"/>
    <property name="line.separator" value="&#10;"/>
    <property name="java.vm.specification.vendor" value="Oracle Corporation"/>
    <property name="os.name" value="Mac OS X"/>
    <property name="classworlds.conf" value="/Users/gustavholfve/Documents/RMTest/.metadata/.plugins/org.eclipse.m2e.launching/launches/m2conf4824253298632382667.tmp"/>
    <property name="sun.jnu.encoding" value="UTF-8"/>
    <property name="java.library.path" value="/Users/gustavholfve/Library/Java/Extensions:/Library/Java/Extensions:/Network/Library/Java/Extensions:/System/Library/Java/Extensions:/usr/lib/java:."/>
    <property name="java.specification.name" value="Java Platform API Specification"/>
    <property name="java.class.version" value="52.0"/>
    <property name="sun.management.compiler" value="HotSpot 64-Bit Tiered Compilers"/>
    <property name="os.version" value="10.9.5"/>
    <property name="http.nonProxyHosts" value="local|*.local|169.254/16|*.169.254/16"/>
    <property name="user.home" value="/Users/gustavholfve"/>
    <property name="user.timezone" value="Europe/Stockholm"/>
    <property name="java.awt.printerjob" value="sun.lwawt.macosx.CPrinterJob"/>
    <property name="java.specification.version" value="1.8"/>
    <property name="file.encoding" value="UTF-8"/>
    <property name="user.name" value="gustavholfve"/>
    <property name="java.class.path" value="/Users/gustavholfve/Downloads/eclipse 4/plugins/org.eclipse.m2e.maven.runtime_1.5.0.20140605-2032/jars/plexus-classworlds-2.5.1.jar"/>
    <property name="org.slf4j.simpleLogger.defaultLogLevel" value="info"/>
    <property name="java.vm.specification.version" value="1.8"/>
    <property name="sun.arch.data.model" value="64"/>
    <property name="java.home" value="/Library/Java/JavaVirtualMachines/jdk1.8.0_25.jdk/Contents/Home/jre"/>
    <property name="sun.java.command" value="org.codehaus.plexus.classworlds.launcher.Launcher -B test"/>
    <property name="java.specification.vendor" value="Oracle Corporation"/>
    <property name="user.language" value="sv"/>
    <property name="awt.toolkit" value="sun.lwawt.macosx.LWCToolkit"/>
    <property name="java.vm.info" value="mixed mode"/>
    <property name="java.version" value="1.8.0_25"/>
    <property name="java.ext.dirs" value="/Users/gustavholfve/Library/Java/Extensions:/Library/Java/JavaVirtualMachines/jdk1.8.0_25.jdk/Contents/Home/jre/lib/ext:/Library/Java/Extensions:/Network/Library/Java/Extensions:/System/Library/Java/Extensions:/usr/lib/java"/>
    <property name="sun.boot.class.path" value="/Library/Java/JavaVirtualMachines/jdk1.8.0_25.jdk/Contents/Home/jre/lib/resources.jar:/Library/Java/JavaVirtualMachines/jdk1.8.0_25.jdk/Contents/Home/jre/lib/rt.jar:/Library/Java/JavaVirtualMachines/jdk1.8.0_25.jdk/Contents/Home/jre/lib/sunrsasign.jar:/Library/Java/JavaVirtualMachines/jdk1.8.0_25.jdk/Contents/Home/jre/lib/jsse.jar:/Library/Java/JavaVirtualMachines/jdk1.8.0_25.jdk/Contents/Home/jre/lib/jce.jar:/Library/Java/JavaVirtualMachines/jdk1.8.0_25.jdk/Contents/Home/jre/lib/charsets.jar:/Library/Java/JavaVirtualMachines/jdk1.8.0_25.jdk/Contents/Home/jre/lib/jfr.jar:/Library/Java/JavaVirtualMachines/jdk1.8.0_25.jdk/Contents/Home/jre/classes"/>
    <property name="java.vendor" value="Oracle Corporation"/>
    <property name="maven.home" value="/Users/gustavholfve/redmind/RMTest/EMBEDDED"/>
    <property name="file.separator" value="/"/>
    <property name="java.vendor.url.bug" value="http://bugreport.sun.com/bugreport/"/>
    <property name="sun.cpu.endian" value="little"/>
    <property name="sun.io.unicode.encoding" value="UnicodeBig"/>
    <property name="socksNonProxyHosts" value="local|*.local|169.254/16|*.169.254/16"/>
    <property name="ftp.nonProxyHosts" value="local|*.local|169.254/16|*.169.254/16"/>
    <property name="sun.cpu.isalist" value=""/>
  </properties>
<testcase name="random1[Android_4.4.4_HTC ONE_firefox_31]" classname="se.redmind.rmtest.selenium.example.RandomClass0(20150125-080114)" time="1.3135029">
	<failure type="java.lang.AssertionError:">java.lang.AssertionError: null
		at org.junit.Assert.fail(Assert.java:86)
		at org.junit.Assert.assertTrue(Assert.java:41)
		at org.junit.Assert.assertTrue(Assert.java:52)
		at se.redmind.rmtest.selenium.example.CreateRandomRes3.random14(CreateRandomRes3.java:128)
	</failure>
</testcase>
<testcase name="random1[Android_4.4.4_HTC ONE_chrome_42]" classname="se.redmind.rmtest.selenium.example.RandomClass0(20150125-080114)" time="1.6810486">
	<failure type="java.lang.AssertionError:">java.lang.AssertionError: null
		at org.junit.Assert.fail(Assert.java:86)
		at org.junit.Assert.assertTrue(Assert.java:41)
		at org.junit.Assert.assertTrue(Assert.java:52)
		at se.redmind.rmtest.selenium.example.CreateRandomRes3.random14(CreateRandomRes3.java:128)
	</failure>
</testcase>
<testcase name="random1[Android_4.4.4_HTC ONE_explorer_10]" classname="se.redmind.rmtest.selenium.example.RandomClass0(20150125-080114)" time="0.13895679">
	<failure type="java.lang.AssertionError:">java.lang.AssertionError: null
		at org.junit.Assert.fail(Assert.java:86)
		at org.junit.Assert.assertTrue(Assert.java:41)
		at org.junit.Assert.assertTrue(Assert.java:52)
		at se.redmind.rmtest.selenium.example.CreateRandomRes3.random14(CreateRandomRes3.java:128)
	</failure>
</testcase>
<testcase name="random1[Android_4.4.4_HTC ONE_opera_15]" classname="se.redmind.rmtest.selenium.example.RandomClass0(20150125-080114)" time="0.25095713"/>
<testcase name="random1[Android_5.1_Nexus 6_firefox_31]" classname="se.redmind.rmtest.selenium.example.RandomClass0(20150125-080114)" time="0.21801329">
	<failure type="java.lang.AssertionError:">java.lang.AssertionError: null
		at org.junit.Assert.fail(Assert.java:86)
		at org.junit.Assert.assertTrue(Assert.java:41)
		at org.junit.Assert.assertTrue(Assert.java:52)
		at se.redmind.rmtest.selenium.example.CreateRandomRes3.random14(CreateRandomRes3.java:128)
	</failure>
</testcase>
<testcase name="random1[Android_5.1_Nexus 6_chrome_42]" classname="se.redmind.rmtest.selenium.example.RandomClass0(20150125-080114)" time="1.5316311"/>
<testcase name="random1[Android_5.1_Nexus 6_explorer_10]" classname="se.redmind.rmtest.selenium.example.RandomClass0(20150125-080114)" time="1.4399348">
	<failure type="java.lang.AssertionError:">java.lang.AssertionError: null
		at org.junit.Assert.fail(Assert.java:86)
		at org.junit.Assert.assertTrue(Assert.java:41)
		at org.junit.Assert.assertTrue(Assert.java:52)
		at se.redmind.rmtest.selenium.example.CreateRandomRes3.random14(CreateRandomRes3.java:128)
	</failure>
</testcase>
<testcase name="random1[Android_5.1_Nexus 6_opera_15]" classname="se.redmind.rmtest.selenium.example.RandomClass0(20150125-080114)" time="0.9701861">
	<failure type="java.lang.AssertionError:">java.lang.AssertionError: null
		at org.junit.Assert.fail(Assert.java:86)
		at org.junit.Assert.assertTrue(Assert.java:41)
		at org.junit.Assert.assertTrue(Assert.java:52)
		at se.redmind.rmtest.selenium.example.CreateRandomRes3.random14(CreateRandomRes3.java:128)
	</failure>
</testcase>
<testcase name="random1[Android_2.3_VeiVei_firefox_31]" classname="se.redmind.rmtest.selenium.example.RandomClass0(20150125-080114)" time="0.96755457">
	<failure type="java.lang.AssertionError:">java.lang.AssertionError: null
		at org.junit.Assert.fail(Assert.java:86)
		at org.junit.Assert.assertTrue(Assert.java:41)
		at org.junit.Assert.assertTrue(Assert.java:52)
		at se.redmind.rmtest.selenium.example.CreateRandomRes3.random14(CreateRandomRes3.java:128)
	</failure>
</testcase>
<testcase name="random1[Android_2.3_VeiVei_chrome_42]" classname="se.redmind.rmtest.selenium.example.RandomClass0(20150125-080114)" time="0.8785453"/>
<testcase name="random1[Android_2.3_VeiVei_explorer_10]" classname="se.redmind.rmtest.selenium.example.RandomClass0(20150125-080114)" time="1.4324958">
	<failure type="java.lang.AssertionError:">java.lang.AssertionError: null
		at org.junit.Assert.fail(Assert.java:86)
		at org.junit.Assert.assertTrue(Assert.java:41)
		at org.junit.Assert.assertTrue(Assert.java:52)
		at se.redmind.rmtest.selenium.example.CreateRandomRes3.random14(CreateRandomRes3.java:128)
	</failure>
</testcase>
<testcase name="random1[Android_2.3_VeiVei_opera_15]" classname="se.redmind.rmtest.selenium.example.RandomClass0(20150125-080114)" time="0.27504945"/>
<testcase name="random1[Android_4.4.4_Sony Experia Z3_firefox_31]" classname="se.redmind.rmtest.selenium.example.RandomClass0(20150125-080114)" time="0.94867516">
	<failure type="java.lang.AssertionError:">java.lang.AssertionError: null
		at org.junit.Assert.fail(Assert.java:86)
		at org.junit.Assert.assertTrue(Assert.java:41)
		at org.junit.Assert.assertTrue(Assert.java:52)
		at se.redmind.rmtest.selenium.example.CreateRandomRes3.random14(CreateRandomRes3.java:128)
	</failure>
</testcase>
<testcase name="random1[Android_4.4.4_Sony Experia Z3_chrome_42]" classname="se.redmind.rmtest.selenium.example.RandomClass0(20150125-080114)" time="1.0444361"/>
<testcase name="random1[Android_4.4.4_Sony Experia Z3_explorer_10]" classname="se.redmind.rmtest.selenium.example.RandomClass0(20150125-080114)" time="1.842361">
	<failure type="java.lang.AssertionError:">java.lang.AssertionError: null
		at org.junit.Assert.fail(Assert.java:86)
		at org.junit.Assert.assertTrue(Assert.java:41)
		at org.junit.Assert.assertTrue(Assert.java:52)
		at se.redmind.rmtest.selenium.example.CreateRandomRes3.random14(CreateRandomRes3.java:128)
	</failure>
</testcase>
<testcase name="random1[Android_4.4.4_Sony Experia Z3_opera_15]" classname="se.redmind.rmtest.selenium.example.RandomClass0(20150125-080114)" time="1.4773408"/>
<testcase name="random1[IOS_8.2_iPhone 6_firefox_31]" classname="se.redmind.rmtest.selenium.example.RandomClass0(20150125-080114)" time="1.6797026"/>
<testcase name="random1[IOS_8.2_iPhone 6_chrome_42]" classname="se.redmind.rmtest.selenium.example.RandomClass0(20150125-080114)" time="1.0891507"/>
<testcase name="random1[IOS_8.2_iPhone 6_explorer_10]" classname="se.redmind.rmtest.selenium.example.RandomClass0(20150125-080114)" time="1.7126236"/>
<testcase name="random1[IOS_8.2_iPhone 6_opera_15]" classname="se.redmind.rmtest.selenium.example.RandomClass0(20150125-080114)" time="1.8696489"/>
<testcase name="random1[OSX_10.9.5_UNKNOWN_firefox_31]" classname="se.redmind.rmtest.selenium.example.RandomClass0(20150125-080114)" time="0.17914128">
	<failure type="java.lang.AssertionError:">java.lang.AssertionError: null
		at org.junit.Assert.fail(Assert.java:86)
		at org.junit.Assert.assertTrue(Assert.java:41)
		at org.junit.Assert.assertTrue(Assert.java:52)
		at se.redmind.rmtest.selenium.example.CreateRandomRes3.random14(CreateRandomRes3.java:128)
	</failure>
</testcase>
<testcase name="random1[OSX_10.9.5_UNKNOWN_chrome_42]" classname="se.redmind.rmtest.selenium.example.RandomClass0(20150125-080114)" time="1.957348"/>
<testcase name="random1[OSX_10.9.5_UNKNOWN_explorer_10]" classname="se.redmind.rmtest.selenium.example.RandomClass0(20150125-080114)" time="0.9029256"/>
<testcase name="random1[OSX_10.9.5_UNKNOWN_opera_15]" classname="se.redmind.rmtest.selenium.example.RandomClass0(20150125-080114)" time="0.45397997"/>
<testcase name="random1[Windows_8.1_UNKNOWN_firefox_31]" classname="se.redmind.rmtest.selenium.example.RandomClass0(20150125-080114)" time="1.2178897">
	<failure type="java.lang.AssertionError:">java.lang.AssertionError: null
		at org.junit.Assert.fail(Assert.java:86)
		at org.junit.Assert.assertTrue(Assert.java:41)
		at org.junit.Assert.assertTrue(Assert.java:52)
		at se.redmind.rmtest.selenium.example.CreateRandomRes3.random14(CreateRandomRes3.java:128)
	</failure>
</testcase>
<testcase name="random1[Windows_8.1_UNKNOWN_chrome_42]" classname="se.redmind.rmtest.selenium.example.RandomClass0(20150125-080114)" time="1.2966297"/>
<testcase name="random1[Windows_8.1_UNKNOWN_explorer_10]" classname="se.redmind.rmtest.selenium.example.RandomClass0(20150125-080114)" time="0.5030736"/>
<testcase name="random1[Windows_8.1_UNKNOWN_opera_15]" classname="se.redmind.rmtest.selenium.example.RandomClass0(20150125-080114)" time="1.2006707">
	<failure type="java.lang.AssertionError:">java.lang.AssertionError: null
		at org.junit.Assert.fail(Assert.java:86)
		at org.junit.Assert.assertTrue(Assert.java:41)
		at org.junit.Assert.assertTrue(Assert.java:52)
		at se.redmind.rmtest.selenium.example.CreateRandomRes3.random14(CreateRandomRes3.java:128)
	</failure>
</testcase>
<testcase name="random1[Windows_10_UNKNOWN_firefox_31]" classname="se.redmind.rmtest.selenium.example.RandomClass0(20150125-080114)" time="0.76368666"/>
<testcase name="random1[Windows_10_UNKNOWN_chrome_42]" classname="se.redmind.rmtest.selenium.example.RandomClass0(20150125-080114)" time="0.89177155">
	<failure type="java.lang.AssertionError:">java.lang.AssertionError: null
		at org.junit.Assert.fail(Assert.java:86)
		at org.junit.Assert.assertTrue(Assert.java:41)
		at org.junit.Assert.assertTrue(Assert.java:52)
		at se.redmind.rmtest.selenium.example.CreateRandomRes3.random14(CreateRandomRes3.java:128)
	</failure>
</testcase>
<testcase name="random1[Windows_10_UNKNOWN_explorer_10]" classname="se.redmind.rmtest.selenium.example.RandomClass0(20150125-080114)" time="1.6932691"/>
<testcase name="random1[Windows_10_UNKNOWN_opera_15]" classname="se.redmind.rmtest.selenium.example.RandomClass0(20150125-080114)" time="0.6653508"/>
<testcase name="random1[Ubuntu_14.04_UNKNOWN_firefox_31]" classname="se.redmind.rmtest.selenium.example.RandomClass0(20150125-080114)" time="1.6983988">
	<failure type="java.lang.AssertionError:">java.lang.AssertionError: null
		at org.junit.Assert.fail(Assert.java:86)
		at org.junit.Assert.assertTrue(Assert.java:41)
		at org.junit.Assert.assertTrue(Assert.java:52)
		at se.redmind.rmtest.selenium.example.CreateRandomRes3.random14(CreateRandomRes3.java:128)
	</failure>
</testcase>
<testcase name="random1[Ubuntu_14.04_UNKNOWN_chrome_42]" classname="se.redmind.rmtest.selenium.example.RandomClass0(20150125-080114)" time="1.7106365">
	<failure type="java.lang.AssertionError:">java.lang.AssertionError: null
		at org.junit.Assert.fail(Assert.java:86)
		at org.junit.Assert.assertTrue(Assert.java:41)
		at org.junit.Assert.assertTrue(Assert.java:52)
		at se.redmind.rmtest.selenium.example.CreateRandomRes3.random14(CreateRandomRes3.java:128)
	</failure>
</testcase>
<testcase name="random1[Ubuntu_14.04_UNKNOWN_explorer_10]" classname="se.redmind.rmtest.selenium.example.RandomClass0(20150125-080114)" time="0.9596213"/>
<testcase name="random1[Ubuntu_14.04_UNKNOWN_opera_15]" classname="se.redmind.rmtest.selenium.example.RandomClass0(20150125-080114)" time="1.0911762"/>
<testcase name="random1[Ubuntu_12.10_UNKNOWN_firefox_31]" classname="se.redmind.rmtest.selenium.example.RandomClass0(20150125-080114)" time="0.9636638">
	<failure type="java.lang.AssertionError:">java.lang.AssertionError: null
		at org.junit.Assert.fail(Assert.java:86)
		at org.junit.Assert.assertTrue(Assert.java:41)
		at org.junit.Assert.assertTrue(Assert.java:52)
		at se.redmind.rmtest.selenium.example.CreateRandomRes3.random14(CreateRandomRes3.java:128)
	</failure>
</testcase>
<testcase name="random1[Ubuntu_12.10_UNKNOWN_chrome_42]" classname="se.redmind.rmtest.selenium.example.RandomClass0(20150125-080114)" time="1.7000867"/>
<testcase name="random1[Ubuntu_12.10_UNKNOWN_explorer_10]" classname="se.redmind.rmtest.selenium.example.RandomClass0(20150125-080114)" time="1.0977638"/>
<testcase name="random1[Ubuntu_12.10_UNKNOWN_opera_15]" classname="se.redmind.rmtest.selenium.example.RandomClass0(20150125-080114)" time="0.9051057"/>
<testcase name="random2[Android_4.4.4_HTC ONE_firefox_31]" classname="se.redmind.rmtest.selenium.example.RandomClass0(20150125-080114)" time="1.3804425"/>
<testcase name="random2[Android_4.4.4_HTC ONE_chrome_42]" classname="se.redmind.rmtest.selenium.example.RandomClass0(20150125-080114)" time="0.537307"/>
<testcase name="random2[Android_4.4.4_HTC ONE_explorer_10]" classname="se.redmind.rmtest.selenium.example.RandomClass0(20150125-080114)" time="0.7477435"/>
<testcase name="random2[Android_4.4.4_HTC ONE_opera_15]" classname="se.redmind.rmtest.selenium.example.RandomClass0(20150125-080114)" time="1.33157"/>
<testcase name="random2[Android_5.1_Nexus 6_firefox_31]" classname="se.redmind.rmtest.selenium.example.RandomClass0(20150125-080114)" time="0.52714777"/>
<testcase name="random2[Android_5.1_Nexus 6_chrome_42]" classname="se.redmind.rmtest.selenium.example.RandomClass0(20150125-080114)" time="1.8833616"/>
<testcase name="random2[Android_5.1_Nexus 6_explorer_10]" classname="se.redmind.rmtest.selenium.example.RandomClass0(20150125-080114)" time="1.2292794"/>
<testcase name="random2[Android_5.1_Nexus 6_opera_15]" classname="se.redmind.rmtest.selenium.example.RandomClass0(20150125-080114)" time="0.1474191">
	<failure type="java.lang.AssertionError:">java.lang.AssertionError: null
		at org.junit.Assert.fail(Assert.java:86)
		at org.junit.Assert.assertTrue(Assert.java:41)
		at org.junit.Assert.assertTrue(Assert.java:52)
		at se.redmind.rmtest.selenium.example.CreateRandomRes3.random14(CreateRandomRes3.java:128)
	</failure>
</testcase>
<testcase name="random2[Android_2.3_VeiVei_firefox_31]" classname="se.redmind.rmtest.selenium.example.RandomClass0(20150125-080114)" time="0.45031762"/>
<testcase name="random2[Android_2.3_VeiVei_chrome_42]" classname="se.redmind.rmtest.selenium.example.RandomClass0(20150125-080114)" time="0.8763555">
	<failure type="java.lang.AssertionError:">java.lang.AssertionError: null
		at org.junit.Assert.fail(Assert.java:86)
		at org.junit.Assert.assertTrue(Assert.java:41)
		at org.junit.Assert.assertTrue(Assert.java:52)
		at se.redmind.rmtest.selenium.example.CreateRandomRes3.random14(CreateRandomRes3.java:128)
	</failure>
</testcase>
<testcase name="random2[Android_2.3_VeiVei_explorer_10]" classname="se.redmind.rmtest.selenium.example.RandomClass0(20150125-080114)" time="1.7956983"/>
<testcase name="random2[Android_2.3_VeiVei_opera_15]" classname="se.redmind.rmtest.selenium.example.RandomClass0(20150125-080114)" time="1.0917566"/>
<testcase name="random2[Android_4.4.4_Sony Experia Z3_firefox_31]" classname="se.redmind.rmtest.selenium.example.RandomClass0(20150125-080114)" time="0.82326114"/>
<testcase name="random2[Android_4.4.4_Sony Experia Z3_chrome_42]" classname="se.redmind.rmtest.selenium.example.RandomClass0(20150125-080114)" time="0.5487088"/>
<testcase name="random2[Android_4.4.4_Sony Experia Z3_explorer_10]" classname="se.redmind.rmtest.selenium.example.RandomClass0(20150125-080114)" time="1.1840767">
	<failure type="java.lang.AssertionError:">java.lang.AssertionError: null
		at org.junit.Assert.fail(Assert.java:86)
		at org.junit.Assert.assertTrue(Assert.java:41)
		at org.junit.Assert.assertTrue(Assert.java:52)
		at se.redmind.rmtest.selenium.example.CreateRandomRes3.random14(CreateRandomRes3.java:128)
	</failure>
</testcase>
<testcase name="random2[Android_4.4.4_Sony Experia Z3_opera_15]" classname="se.redmind.rmtest.selenium.example.RandomClass0(20150125-080114)" time="1.990145">
	<failure type="java.lang.AssertionError:">java.lang.AssertionError: null
		at org.junit.Assert.fail(Assert.java:86)
		at org.junit.Assert.assertTrue(Assert.java:41)
		at org.junit.Assert.assertTrue(Assert.java:52)
		at se.redmind.rmtest.selenium.example.CreateRandomRes3.random14(CreateRandomRes3.java:128)
	</failure>
</testcase>
<testcase name="random2[IOS_8.2_iPhone 6_firefox_31]" classname="se.redmind.rmtest.selenium.example.RandomClass0(20150125-080114)" time="0.32361472"/>
<testcase name="random2[IOS_8.2_iPhone 6_chrome_42]" classname="se.redmind.rmtest.selenium.example.RandomClass0(20150125-080114)" time="1.8339612"/>
<testcase name="random2[IOS_8.2_iPhone 6_explorer_10]" classname="se.redmind.rmtest.selenium.example.RandomClass0(20150125-080114)" time="0.77141404"/>
<testcase name="random2[IOS_8.2_iPhone 6_opera_15]" classname="se.redmind.rmtest.selenium.example.RandomClass0(20150125-080114)" time="1.0518317">
	<failure type="java.lang.AssertionError:">java.lang.AssertionError: null
		at org.junit.Assert.fail(Assert.java:86)
		at org.junit.Assert.assertTrue(Assert.java:41)
		at org.junit.Assert.assertTrue(Assert.java:52)
		at se.redmind.rmtest.selenium.example.CreateRandomRes3.random14(CreateRandomRes3.java:128)
	</failure>
</testcase>
<testcase name="random2[OSX_10.9.5_UNKNOWN_firefox_31]" classname="se.redmind.rmtest.selenium.example.RandomClass0(20150125-080114)" time="0.79343617"/>
<testcase name="random2[OSX_10.9.5_UNKNOWN_chrome_42]" classname="se.redmind.rmtest.selenium.example.RandomClass0(20150125-080114)" time="1.1053505"/>
<testcase name="random2[OSX_10.9.5_UNKNOWN_explorer_10]" classname="se.redmind.rmtest.selenium.example.RandomClass0(20150125-080114)" time="1.7933846"/>
<testcase name="random2[OSX_10.9.5_UNKNOWN_opera_15]" classname="se.redmind.rmtest.selenium.example.RandomClass0(20150125-080114)" time="0.5540129"/>
<testcase name="random2[Windows_8.1_UNKNOWN_firefox_31]" classname="se.redmind.rmtest.selenium.example.RandomClass0(20150125-080114)" time="1.856893"/>
<testcase name="random2[Windows_8.1_UNKNOWN_chrome_42]" classname="se.redmind.rmtest.selenium.example.RandomClass0(20150125-080114)" time="1.1958966"/>
<testcase name="random2[Windows_8.1_UNKNOWN_explorer_10]" classname="se.redmind.rmtest.selenium.example.RandomClass0(20150125-080114)" time="1.9487656">
	<failure type="java.lang.AssertionError:">java.lang.AssertionError: null
		at org.junit.Assert.fail(Assert.java:86)
		at org.junit.Assert.assertTrue(Assert.java:41)
		at org.junit.Assert.assertTrue(Assert.java:52)
		at se.redmind.rmtest.selenium.example.CreateRandomRes3.random14(CreateRandomRes3.java:128)
	</failure>
</testcase>
<testcase name="random2[Windows_8.1_UNKNOWN_opera_15]" classname="se.redmind.rmtest.selenium.example.RandomClass0(20150125-080114)" time="0.39915037"/>
<testcase name="random2[Windows_10_UNKNOWN_firefox_31]" classname="se.redmind.rmtest.selenium.example.RandomClass0(20150125-080114)" time="1.9009995"/>
<testcase name="random2[Windows_10_UNKNOWN_chrome_42]" classname="se.redmind.rmtest.selenium.example.RandomClass0(20150125-080114)" time="1.2936108"/>
<testcase name="random2[Windows_10_UNKNOWN_explorer_10]" classname="se.redmind.rmtest.selenium.example.RandomClass0(20150125-080114)" time="0.9286531"/>
<testcase name="random2[Windows_10_UNKNOWN_opera_15]" classname="se.redmind.rmtest.selenium.example.RandomClass0(20150125-080114)" time="0.36711717"/>
<testcase name="random2[Ubuntu_14.04_UNKNOWN_firefox_31]" classname="se.redmind.rmtest.selenium.example.RandomClass0(20150125-080114)" time="0.04271412">
	<failure type="java.lang.AssertionError:">java.lang.AssertionError: null
		at org.junit.Assert.fail(Assert.java:86)
		at org.junit.Assert.assertTrue(Assert.java:41)
		at org.junit.Assert.assertTrue(Assert.java:52)
		at se.redmind.rmtest.selenium.example.CreateRandomRes3.random14(CreateRandomRes3.java:128)
	</failure>
</testcase>
<testcase name="random2[Ubuntu_14.04_UNKNOWN_chrome_42]" classname="se.redmind.rmtest.selenium.example.RandomClass0(20150125-080114)" time="0.77809227"/>
<testcase name="random2[Ubuntu_14.04_UNKNOWN_explorer_10]" classname="se.redmind.rmtest.selenium.example.RandomClass0(20150125-080114)" time="0.7153431"/>
<testcase name="random2[Ubuntu_14.04_UNKNOWN_opera_15]" classname="se.redmind.rmtest.selenium.example.RandomClass0(20150125-080114)" time="0.9701239"/>
<testcase name="random2[Ubuntu_12.10_UNKNOWN_firefox_31]" classname="se.redmind.rmtest.selenium.example.RandomClass0(20150125-080114)" time="1.7678667"/>
<testcase name="random2[Ubuntu_12.10_UNKNOWN_chrome_42]" classname="se.redmind.rmtest.selenium.example.RandomClass0(20150125-080114)" time="0.0740757"/>
<testcase name="random2[Ubuntu_12.10_UNKNOWN_explorer_10]" classname="se.redmind.rmtest.selenium.example.RandomClass0(20150125-080114)" time="0.7877207"/>
<testcase name="random2[Ubuntu_12.10_UNKNOWN_opera_15]" classname="se.redmind.rmtest.selenium.example.RandomClass0(20150125-080114)" time="1.1823545"/>
<testcase name="random3[Android_4.4.4_HTC ONE_firefox_31]" classname="se.redmind.rmtest.selenium.example.RandomClass0(20150125-080114)" time="0.27339983">
	<failure type="java.lang.AssertionError:">java.lang.AssertionError: null
		at org.junit.Assert.fail(Assert.java:86)
		at org.junit.Assert.assertTrue(Assert.java:41)
		at org.junit.Assert.assertTrue(Assert.java:52)
		at se.redmind.rmtest.selenium.example.CreateRandomRes3.random14(CreateRandomRes3.java:128)
	</failure>
</testcase>
<testcase name="random3[Android_4.4.4_HTC ONE_chrome_42]" classname="se.redmind.rmtest.selenium.example.RandomClass0(20150125-080114)" time="1.4713495"/>
<testcase name="random3[Android_4.4.4_HTC ONE_explorer_10]" classname="se.redmind.rmtest.selenium.example.RandomClass0(20150125-080114)" time="1.1483257"/>
<testcase name="random3[Android_4.4.4_HTC ONE_opera_15]" classname="se.redmind.rmtest.selenium.example.RandomClass0(20150125-080114)" time="0.74003685">
	<failure type="java.lang.AssertionError:">java.lang.AssertionError: null
		at org.junit.Assert.fail(Assert.java:86)
		at org.junit.Assert.assertTrue(Assert.java:41)
		at org.junit.Assert.assertTrue(Assert.java:52)
		at se.redmind.rmtest.selenium.example.CreateRandomRes3.random14(CreateRandomRes3.java:128)
	</failure>
</testcase>
<testcase name="random3[Android_5.1_Nexus 6_firefox_31]" classname="se.redmind.rmtest.selenium.example.RandomClass0(20150125-080114)" time="1.8301017">
	<failure type="java.lang.AssertionError:">java.lang.AssertionError: null
		at org.junit.Assert.fail(Assert.java:86)
		at org.junit.Assert.assertTrue(Assert.java:41)
		at org.junit.Assert.assertTrue(Assert.java:52)
		at se.redmind.rmtest.selenium.example.CreateRandomRes3.random14(CreateRandomRes3.java:128)
	</failure>
</testcase>
<testcase name="random3[Android_5.1_Nexus 6_chrome_42]" classname="se.redmind.rmtest.selenium.example.RandomClass0(20150125-080114)" time="1.0461689"/>
<testcase name="random3[Android_5.1_Nexus 6_explorer_10]" classname="se.redmind.rmtest.selenium.example.RandomClass0(20150125-080114)" time="0.115911365"/>
<testcase name="random3[Android_5.1_Nexus 6_opera_15]" classname="se.redmind.rmtest.selenium.example.RandomClass0(20150125-080114)" time="1.1914667"/>
<testcase name="random3[Android_2.3_VeiVei_firefox_31]" classname="se.redmind.rmtest.selenium.example.RandomClass0(20150125-080114)" time="0.83708143"/>
<testcase name="random3[Android_2.3_VeiVei_chrome_42]" classname="se.redmind.rmtest.selenium.example.RandomClass0(20150125-080114)" time="1.5542014"/>
<testcase name="random3[Android_2.3_VeiVei_explorer_10]" classname="se.redmind.rmtest.selenium.example.RandomClass0(20150125-080114)" time="0.6953106"/>
<testcase name="random3[Android_2.3_VeiVei_opera_15]" classname="se.redmind.rmtest.selenium.example.RandomClass0(20150125-080114)" time="0.052898645"/>
<testcase name="random3[Android_4.4.4_Sony Experia Z3_firefox_31]" classname="se.redmind.rmtest.selenium.example.RandomClass0(20150125-080114)" time="0.100740194">
	<failure type="java.lang.AssertionError:">java.lang.AssertionError: null
		at org.junit.Assert.fail(Assert.java:86)
		at org.junit.Assert.assertTrue(Assert.java:41)
		at org.junit.Assert.assertTrue(Assert.java:52)
		at se.redmind.rmtest.selenium.example.CreateRandomRes3.random14(CreateRandomRes3.java:128)
	</failure>
</testcase>
<testcase name="random3[Android_4.4.4_Sony Experia Z3_chrome_42]" classname="se.redmind.rmtest.selenium.example.RandomClass0(20150125-080114)" time="0.22495365">
	<failure type="java.lang.AssertionError:">java.lang.AssertionError: null
		at org.junit.Assert.fail(Assert.java:86)
		at org.junit.Assert.assertTrue(Assert.java:41)
		at org.junit.Assert.assertTrue(Assert.java:52)
		at se.redmind.rmtest.selenium.example.CreateRandomRes3.random14(CreateRandomRes3.java:128)
	</failure>
</testcase>
<testcase name="random3[Android_4.4.4_Sony Experia Z3_explorer_10]" classname="se.redmind.rmtest.selenium.example.RandomClass0(20150125-080114)" time="1.7590231">
	<failure type="java.lang.AssertionError:">java.lang.AssertionError: null
		at org.junit.Assert.fail(Assert.java:86)
		at org.junit.Assert.assertTrue(Assert.java:41)
		at org.junit.Assert.assertTrue(Assert.java:52)
		at se.redmind.rmtest.selenium.example.CreateRandomRes3.random14(CreateRandomRes3.java:128)
	</failure>
</testcase>
<testcase name="random3[Android_4.4.4_Sony Experia Z3_opera_15]" classname="se.redmind.rmtest.selenium.example.RandomClass0(20150125-080114)" time="1.9309642"/>
<testcase name="random3[IOS_8.2_iPhone 6_firefox_31]" classname="se.redmind.rmtest.selenium.example.RandomClass0(20150125-080114)" time="0.69067585"/>
<testcase name="random3[IOS_8.2_iPhone 6_chrome_42]" classname="se.redmind.rmtest.selenium.example.RandomClass0(20150125-080114)" time="0.356529">
	<failure type="java.lang.AssertionError:">java.lang.AssertionError: null
		at org.junit.Assert.fail(Assert.java:86)
		at org.junit.Assert.assertTrue(Assert.java:41)
		at org.junit.Assert.assertTrue(Assert.java:52)
		at se.redmind.rmtest.selenium.example.CreateRandomRes3.random14(CreateRandomRes3.java:128)
	</failure>
</testcase>
<testcase name="random3[IOS_8.2_iPhone 6_explorer_10]" classname="se.redmind.rmtest.selenium.example.RandomClass0(20150125-080114)" time="0.8052592"/>
<testcase name="random3[IOS_8.2_iPhone 6_opera_15]" classname="se.redmind.rmtest.selenium.example.RandomClass0(20150125-080114)" time="0.786494">
	<failure type="java.lang.AssertionError:">java.lang.AssertionError: null
		at org.junit.Assert.fail(Assert.java:86)
		at org.junit.Assert.assertTrue(Assert.java:41)
		at org.junit.Assert.assertTrue(Assert.java:52)
		at se.redmind.rmtest.selenium.example.CreateRandomRes3.random14(CreateRandomRes3.java:128)
	</failure>
</testcase>
<testcase name="random3[OSX_10.9.5_UNKNOWN_firefox_31]" classname="se.redmind.rmtest.selenium.example.RandomClass0(20150125-080114)" time="1.9261689">
	<failure type="java.lang.AssertionError:">java.lang.AssertionError: null
		at org.junit.Assert.fail(Assert.java:86)
		at org.junit.Assert.assertTrue(Assert.java:41)
		at org.junit.Assert.assertTrue(Assert.java:52)
		at se.redmind.rmtest.selenium.example.CreateRandomRes3.random14(CreateRandomRes3.java:128)
	</failure>
</testcase>
<testcase name="random3[OSX_10.9.5_UNKNOWN_chrome_42]" classname="se.redmind.rmtest.selenium.example.RandomClass0(20150125-080114)" time="1.5126266">
	<error type="java.lang.AssertionError:">java.lang.AssertionError: null
		at org.junit.Assert.fail(Assert.java:86)
		at org.junit.Assert.assertTrue(Assert.java:41)
		at org.junit.Assert.assertTrue(Assert.java:52)
		at se.redmind.rmtest.selenium.example.CreateRandomRes3.random14(CreateRandomRes3.java:128)
	</error>
</testcase>
<testcase name="random3[OSX_10.9.5_UNKNOWN_explorer_10]" classname="se.redmind.rmtest.selenium.example.RandomClass0(20150125-080114)" time="0.88796234">
	<failure type="java.lang.AssertionError:">java.lang.AssertionError: null
		at org.junit.Assert.fail(Assert.java:86)
		at org.junit.Assert.assertTrue(Assert.java:41)
		at org.junit.Assert.assertTrue(Assert.java:52)
		at se.redmind.rmtest.selenium.example.CreateRandomRes3.random14(CreateRandomRes3.java:128)
	</failure>
</testcase>
<testcase name="random3[OSX_10.9.5_UNKNOWN_opera_15]" classname="se.redmind.rmtest.selenium.example.RandomClass0(20150125-080114)" time="1.422405"/>
<testcase name="random3[Windows_8.1_UNKNOWN_firefox_31]" classname="se.redmind.rmtest.selenium.example.RandomClass0(20150125-080114)" time="1.4476413">
	<failure type="java.lang.AssertionError:">java.lang.AssertionError: null
		at org.junit.Assert.fail(Assert.java:86)
		at org.junit.Assert.assertTrue(Assert.java:41)
		at org.junit.Assert.assertTrue(Assert.java:52)
		at se.redmind.rmtest.selenium.example.CreateRandomRes3.random14(CreateRandomRes3.java:128)
	</failure>
</testcase>
<testcase name="random3[Windows_8.1_UNKNOWN_chrome_42]" classname="se.redmind.rmtest.selenium.example.RandomClass0(20150125-080114)" time="1.6277853"/>
<testcase name="random3[Windows_8.1_UNKNOWN_explorer_10]" classname="se.redmind.rmtest.selenium.example.RandomClass0(20150125-080114)" time="0.2414912">
	<failure type="java.lang.AssertionError:">java.lang.AssertionError: null
		at org.junit.Assert.fail(Assert.java:86)
		at org.junit.Assert.assertTrue(Assert.java:41)
		at org.junit.Assert.assertTrue(Assert.java:52)
		at se.redmind.rmtest.selenium.example.CreateRandomRes3.random14(CreateRandomRes3.java:128)
	</failure>
</testcase>
<testcase name="random3[Windows_8.1_UNKNOWN_opera_15]" classname="se.redmind.rmtest.selenium.example.RandomClass0(20150125-080114)" time="0.44513214"/>
<testcase name="random3[Windows_10_UNKNOWN_firefox_31]" classname="se.redmind.rmtest.selenium.example.RandomClass0(20150125-080114)" time="1.4200698"/>
<testcase name="random3[Windows_10_UNKNOWN_chrome_42]" classname="se.redmind.rmtest.selenium.example.RandomClass0(20150125-080114)" time="1.8833647"/>
<testcase name="random3[Windows_10_UNKNOWN_explorer_10]" classname="se.redmind.rmtest.selenium.example.RandomClass0(20150125-080114)" time="0.14162576"/>
<testcase name="random3[Windows_10_UNKNOWN_opera_15]" classname="se.redmind.rmtest.selenium.example.RandomClass0(20150125-080114)" time="0.9756496"/>
<testcase name="random3[Ubuntu_14.04_UNKNOWN_firefox_31]" classname="se.redmind.rmtest.selenium.example.RandomClass0(20150125-080114)" time="0.7330164"/>
<testcase name="random3[Ubuntu_14.04_UNKNOWN_chrome_42]" classname="se.redmind.rmtest.selenium.example.RandomClass0(20150125-080114)" time="0.8561809"/>
<testcase name="random3[Ubuntu_14.04_UNKNOWN_explorer_10]" classname="se.redmind.rmtest.selenium.example.RandomClass0(20150125-080114)" time="1.1866119"/>
<testcase name="random3[Ubuntu_14.04_UNKNOWN_opera_15]" classname="se.redmind.rmtest.selenium.example.RandomClass0(20150125-080114)" time="0.5253949"/>
<testcase name="random3[Ubuntu_12.10_UNKNOWN_firefox_31]" classname="se.redmind.rmtest.selenium.example.RandomClass0(20150125-080114)" time="0.09020066"/>
<testcase name="random3[Ubuntu_12.10_UNKNOWN_chrome_42]" classname="se.redmind.rmtest.selenium.example.RandomClass0(20150125-080114)" time="1.4786593"/>
<testcase name="random3[Ubuntu_12.10_UNKNOWN_explorer_10]" classname="se.redmind.rmtest.selenium.example.RandomClass0(20150125-080114)" time="0.9924767">
	<failure type="java.lang.AssertionError:">java.lang.AssertionError: null
		at org.junit.Assert.fail(Assert.java:86)
		at org.junit.Assert.assertTrue(Assert.java:41)
		at org.junit.Assert.assertTrue(Assert.java:52)
		at se.redmind.rmtest.selenium.example.CreateRandomRes3.random14(CreateRandomRes3.java:128)
	</failure>
</testcase>
<testcase name="random3[Ubuntu_12.10_UNKNOWN_opera_15]" classname="se.redmind.rmtest.selenium.example.RandomClass0(20150125-080114)" time="0.05967784"/>
<testcase name="random4[Android_4.4.4_HTC ONE_firefox_31]" classname="se.redmind.rmtest.selenium.example.RandomClass0(20150125-080114)" time="1.1435232">
	<failure type="java.lang.AssertionError:">java.lang.AssertionError: null
		at org.junit.Assert.fail(Assert.java:86)
		at org.junit.Assert.assertTrue(Assert.java:41)
		at org.junit.Assert.assertTrue(Assert.java:52)
		at se.redmind.rmtest.selenium.example.CreateRandomRes3.random14(CreateRandomRes3.java:128)
	</failure>
</testcase>
<testcase name="random4[Android_4.4.4_HTC ONE_chrome_42]" classname="se.redmind.rmtest.selenium.example.RandomClass0(20150125-080114)" time="1.055894">
	<failure type="java.lang.AssertionError:">java.lang.AssertionError: null
		at org.junit.Assert.fail(Assert.java:86)
		at org.junit.Assert.assertTrue(Assert.java:41)
		at org.junit.Assert.assertTrue(Assert.java:52)
		at se.redmind.rmtest.selenium.example.CreateRandomRes3.random14(CreateRandomRes3.java:128)
	</failure>
</testcase>
<testcase name="random4[Android_4.4.4_HTC ONE_explorer_10]" classname="se.redmind.rmtest.selenium.example.RandomClass0(20150125-080114)" time="0.59164166"/>
<testcase name="random4[Android_4.4.4_HTC ONE_opera_15]" classname="se.redmind.rmtest.selenium.example.RandomClass0(20150125-080114)" time="0.8667973"/>
<testcase name="random4[Android_5.1_Nexus 6_firefox_31]" classname="se.redmind.rmtest.selenium.example.RandomClass0(20150125-080114)" time="0.8998152">
	<failure type="java.lang.AssertionError:">java.lang.AssertionError: null
		at org.junit.Assert.fail(Assert.java:86)
		at org.junit.Assert.assertTrue(Assert.java:41)
		at org.junit.Assert.assertTrue(Assert.java:52)
		at se.redmind.rmtest.selenium.example.CreateRandomRes3.random14(CreateRandomRes3.java:128)
	</failure>
</testcase>
<testcase name="random4[Android_5.1_Nexus 6_chrome_42]" classname="se.redmind.rmtest.selenium.example.RandomClass0(20150125-080114)" time="0.3689115">
	<failure type="java.lang.AssertionError:">java.lang.AssertionError: null
		at org.junit.Assert.fail(Assert.java:86)
		at org.junit.Assert.assertTrue(Assert.java:41)
		at org.junit.Assert.assertTrue(Assert.java:52)
		at se.redmind.rmtest.selenium.example.CreateRandomRes3.random14(CreateRandomRes3.java:128)
	</failure>
</testcase>
<testcase name="random4[Android_5.1_Nexus 6_explorer_10]" classname="se.redmind.rmtest.selenium.example.RandomClass0(20150125-080114)" time="0.9112948"/>
<testcase name="random4[Android_5.1_Nexus 6_opera_15]" classname="se.redmind.rmtest.selenium.example.RandomClass0(20150125-080114)" time="1.2226231">
	<failure type="java.lang.AssertionError:">java.lang.AssertionError: null
		at org.junit.Assert.fail(Assert.java:86)
		at org.junit.Assert.assertTrue(Assert.java:41)
		at org.junit.Assert.assertTrue(Assert.java:52)
		at se.redmind.rmtest.selenium.example.CreateRandomRes3.random14(CreateRandomRes3.java:128)
	</failure>
</testcase>
<testcase name="random4[Android_2.3_VeiVei_firefox_31]" classname="se.redmind.rmtest.selenium.example.RandomClass0(20150125-080114)" time="1.3672581">
	<failure type="java.lang.AssertionError:">java.lang.AssertionError: null
		at org.junit.Assert.fail(Assert.java:86)
		at org.junit.Assert.assertTrue(Assert.java:41)
		at org.junit.Assert.assertTrue(Assert.java:52)
		at se.redmind.rmtest.selenium.example.CreateRandomRes3.random14(CreateRandomRes3.java:128)
	</failure>
</testcase>
<testcase name="random4[Android_2.3_VeiVei_chrome_42]" classname="se.redmind.rmtest.selenium.example.RandomClass0(20150125-080114)" time="0.9789921">
	<failure type="java.lang.AssertionError:">java.lang.AssertionError: null
		at org.junit.Assert.fail(Assert.java:86)
		at org.junit.Assert.assertTrue(Assert.java:41)
		at org.junit.Assert.assertTrue(Assert.java:52)
		at se.redmind.rmtest.selenium.example.CreateRandomRes3.random14(CreateRandomRes3.java:128)
	</failure>
</testcase>
<testcase name="random4[Android_2.3_VeiVei_explorer_10]" classname="se.redmind.rmtest.selenium.example.RandomClass0(20150125-080114)" time="0.87529135"/>
<testcase name="random4[Android_2.3_VeiVei_opera_15]" classname="se.redmind.rmtest.selenium.example.RandomClass0(20150125-080114)" time="0.8588413"/>
<testcase name="random4[Android_4.4.4_Sony Experia Z3_firefox_31]" classname="se.redmind.rmtest.selenium.example.RandomClass0(20150125-080114)" time="1.9902759"/>
<testcase name="random4[Android_4.4.4_Sony Experia Z3_chrome_42]" classname="se.redmind.rmtest.selenium.example.RandomClass0(20150125-080114)" time="0.27730405"/>
<testcase name="random4[Android_4.4.4_Sony Experia Z3_explorer_10]" classname="se.redmind.rmtest.selenium.example.RandomClass0(20150125-080114)" time="1.4104036"/>
<testcase name="random4[Android_4.4.4_Sony Experia Z3_opera_15]" classname="se.redmind.rmtest.selenium.example.RandomClass0(20150125-080114)" time="0.48570514"/>
<testcase name="random4[IOS_8.2_iPhone 6_firefox_31]" classname="se.redmind.rmtest.selenium.example.RandomClass0(20150125-080114)" time="1.5153778">
	<failure type="java.lang.AssertionError:">java.lang.AssertionError: null
		at org.junit.Assert.fail(Assert.java:86)
		at org.junit.Assert.assertTrue(Assert.java:41)
		at org.junit.Assert.assertTrue(Assert.java:52)
		at se.redmind.rmtest.selenium.example.CreateRandomRes3.random14(CreateRandomRes3.java:128)
	</failure>
</testcase>
<testcase name="random4[IOS_8.2_iPhone 6_chrome_42]" classname="se.redmind.rmtest.selenium.example.RandomClass0(20150125-080114)" time="0.18949366">
	<failure type="java.lang.AssertionError:">java.lang.AssertionError: null
		at org.junit.Assert.fail(Assert.java:86)
		at org.junit.Assert.assertTrue(Assert.java:41)
		at org.junit.Assert.assertTrue(Assert.java:52)
		at se.redmind.rmtest.selenium.example.CreateRandomRes3.random14(CreateRandomRes3.java:128)
	</failure>
</testcase>
<testcase name="random4[IOS_8.2_iPhone 6_explorer_10]" classname="se.redmind.rmtest.selenium.example.RandomClass0(20150125-080114)" time="1.8824021">
	<failure type="java.lang.AssertionError:">java.lang.AssertionError: null
		at org.junit.Assert.fail(Assert.java:86)
		at org.junit.Assert.assertTrue(Assert.java:41)
		at org.junit.Assert.assertTrue(Assert.java:52)
		at se.redmind.rmtest.selenium.example.CreateRandomRes3.random14(CreateRandomRes3.java:128)
	</failure>
</testcase>
<testcase name="random4[IOS_8.2_iPhone 6_opera_15]" classname="se.redmind.rmtest.selenium.example.RandomClass0(20150125-080114)" time="0.92582333"/>
<testcase name="random4[OSX_10.9.5_UNKNOWN_firefox_31]" classname="se.redmind.rmtest.selenium.example.RandomClass0(20150125-080114)" time="1.2728769"/>
<testcase name="random4[OSX_10.9.5_UNKNOWN_chrome_42]" classname="se.redmind.rmtest.selenium.example.RandomClass0(20150125-080114)" time="1.506434">
	<failure type="java.lang.AssertionError:">java.lang.AssertionError: null
		at org.junit.Assert.fail(Assert.java:86)
		at org.junit.Assert.assertTrue(Assert.java:41)
		at org.junit.Assert.assertTrue(Assert.java:52)
		at se.redmind.rmtest.selenium.example.CreateRandomRes3.random14(CreateRandomRes3.java:128)
	</failure>
</testcase>
<testcase name="random4[OSX_10.9.5_UNKNOWN_explorer_10]" classname="se.redmind.rmtest.selenium.example.RandomClass0(20150125-080114)" time="0.8586366"/>
<testcase name="random4[OSX_10.9.5_UNKNOWN_opera_15]" classname="se.redmind.rmtest.selenium.example.RandomClass0(20150125-080114)" time="1.5649254"/>
<testcase name="random4[Windows_8.1_UNKNOWN_firefox_31]" classname="se.redmind.rmtest.selenium.example.RandomClass0(20150125-080114)" time="1.1003909">
	<failure type="java.lang.AssertionError:">java.lang.AssertionError: null
		at org.junit.Assert.fail(Assert.java:86)
		at org.junit.Assert.assertTrue(Assert.java:41)
		at org.junit.Assert.assertTrue(Assert.java:52)
		at se.redmind.rmtest.selenium.example.CreateRandomRes3.random14(CreateRandomRes3.java:128)
	</failure>
</testcase>
<testcase name="random4[Windows_8.1_UNKNOWN_chrome_42]" classname="se.redmind.rmtest.selenium.example.RandomClass0(20150125-080114)" time="1.8801491"/>
<testcase name="random4[Windows_8.1_UNKNOWN_explorer_10]" classname="se.redmind.rmtest.selenium.example.RandomClass0(20150125-080114)" time="1.7591027">
	<failure type="java.lang.AssertionError:">java.lang.AssertionError: null
		at org.junit.Assert.fail(Assert.java:86)
		at org.junit.Assert.assertTrue(Assert.java:41)
		at org.junit.Assert.assertTrue(Assert.java:52)
		at se.redmind.rmtest.selenium.example.CreateRandomRes3.random14(CreateRandomRes3.java:128)
	</failure>
</testcase>
<testcase name="random4[Windows_8.1_UNKNOWN_opera_15]" classname="se.redmind.rmtest.selenium.example.RandomClass0(20150125-080114)" time="1.9097422"/>
<testcase name="random4[Windows_10_UNKNOWN_firefox_31]" classname="se.redmind.rmtest.selenium.example.RandomClass0(20150125-080114)" time="0.9691019">
	<failure type="java.lang.AssertionError:">java.lang.AssertionError: null
		at org.junit.Assert.fail(Assert.java:86)
		at org.junit.Assert.assertTrue(Assert.java:41)
		at org.junit.Assert.assertTrue(Assert.java:52)
		at se.redmind.rmtest.selenium.example.CreateRandomRes3.random14(CreateRandomRes3.java:128)
	</failure>
</testcase>
<testcase name="random4[Windows_10_UNKNOWN_chrome_42]" classname="se.redmind.rmtest.selenium.example.RandomClass0(20150125-080114)" time="1.6504693"/>
<testcase name="random4[Windows_10_UNKNOWN_explorer_10]" classname="se.redmind.rmtest.selenium.example.RandomClass0(20150125-080114)" time="1.893243"/>
<testcase name="random4[Windows_10_UNKNOWN_opera_15]" classname="se.redmind.rmtest.selenium.example.RandomClass0(20150125-080114)" time="1.9235517"/>
<testcase name="random4[Ubuntu_14.04_UNKNOWN_firefox_31]" classname="se.redmind.rmtest.selenium.example.RandomClass0(20150125-080114)" time="1.5708462"/>
<testcase name="random4[Ubuntu_14.04_UNKNOWN_chrome_42]" classname="se.redmind.rmtest.selenium.example.RandomClass0(20150125-080114)" time="1.8162137"/>
<testcase name="random4[Ubuntu_14.04_UNKNOWN_explorer_10]" classname="se.redmind.rmtest.selenium.example.RandomClass0(20150125-080114)" time="0.22795248"/>
<testcase name="random4[Ubuntu_14.04_UNKNOWN_opera_15]" classname="se.redmind.rmtest.selenium.example.RandomClass0(20150125-080114)" time="1.1035688">
	<failure type="java.lang.AssertionError:">java.lang.AssertionError: null
		at org.junit.Assert.fail(Assert.java:86)
		at org.junit.Assert.assertTrue(Assert.java:41)
		at org.junit.Assert.assertTrue(Assert.java:52)
		at se.redmind.rmtest.selenium.example.CreateRandomRes3.random14(CreateRandomRes3.java:128)
	</failure>
</testcase>
<testcase name="random4[Ubuntu_12.10_UNKNOWN_firefox_31]" classname="se.redmind.rmtest.selenium.example.RandomClass0(20150125-080114)" time="1.6478689"/>
<testcase name="random4[Ubuntu_12.10_UNKNOWN_chrome_42]" classname="se.redmind.rmtest.selenium.example.RandomClass0(20150125-080114)" time="1.992142"/>
<testcase name="random4[Ubuntu_12.10_UNKNOWN_explorer_10]" classname="se.redmind.rmtest.selenium.example.RandomClass0(20150125-080114)" time="1.8309764"/>
<testcase name="random4[Ubuntu_12.10_UNKNOWN_opera_15]" classname="se.redmind.rmtest.selenium.example.RandomClass0(20150125-080114)" time="1.2944375">
	<failure type="java.lang.AssertionError:">java.lang.AssertionError: null
		at org.junit.Assert.fail(Assert.java:86)
		at org.junit.Assert.assertTrue(Assert.java:41)
		at org.junit.Assert.assertTrue(Assert.java:52)
		at se.redmind.rmtest.selenium.example.CreateRandomRes3.random14(CreateRandomRes3.java:128)
	</failure>
</testcase>
<testcase name="random1[Android_5.1_Nexus 6_firefox_31]" classname="se.redmind.rmtest.selenium.example.RandomClass1(20150125-080114)" time="1.7005801">
	<failure type="java.lang.AssertionError:">java.lang.AssertionError: null
		at org.junit.Assert.fail(Assert.java:86)
		at org.junit.Assert.assertTrue(Assert.java:41)
		at org.junit.Assert.assertTrue(Assert.java:52)
		at se.redmind.rmtest.selenium.example.CreateRandomRes3.random14(CreateRandomRes3.java:128)
	</failure>
</testcase>
<testcase name="random1[Android_5.1_Nexus 6_chrome_42]" classname="se.redmind.rmtest.selenium.example.RandomClass1(20150125-080114)" time="1.0338453"/>
<testcase name="random1[Android_5.1_Nexus 6_explorer_10]" classname="se.redmind.rmtest.selenium.example.RandomClass1(20150125-080114)" time="0.76186097"/>
<testcase name="random1[Android_5.1_Nexus 6_opera_15]" classname="se.redmind.rmtest.selenium.example.RandomClass1(20150125-080114)" time="1.7373405"/>
<testcase name="random1[Android_2.3_VeiVei_firefox_31]" classname="se.redmind.rmtest.selenium.example.RandomClass1(20150125-080114)" time="1.1939174"/>
<testcase name="random1[Android_2.3_VeiVei_chrome_42]" classname="se.redmind.rmtest.selenium.example.RandomClass1(20150125-080114)" time="0.7891911"/>
<testcase name="random1[Android_2.3_VeiVei_explorer_10]" classname="se.redmind.rmtest.selenium.example.RandomClass1(20150125-080114)" time="1.7011422"/>
<testcase name="random1[Android_2.3_VeiVei_opera_15]" classname="se.redmind.rmtest.selenium.example.RandomClass1(20150125-080114)" time="1.2405703"/>
<testcase name="random1[Android_4.4.4_Sony Experia Z3_firefox_31]" classname="se.redmind.rmtest.selenium.example.RandomClass1(20150125-080114)" time="1.0018657"/>
<testcase name="random1[Android_4.4.4_Sony Experia Z3_chrome_42]" classname="se.redmind.rmtest.selenium.example.RandomClass1(20150125-080114)" time="0.75388694"/>
<testcase name="random1[Android_4.4.4_Sony Experia Z3_explorer_10]" classname="se.redmind.rmtest.selenium.example.RandomClass1(20150125-080114)" time="0.9779618">
	<failure type="java.lang.AssertionError:">java.lang.AssertionError: null
		at org.junit.Assert.fail(Assert.java:86)
		at org.junit.Assert.assertTrue(Assert.java:41)
		at org.junit.Assert.assertTrue(Assert.java:52)
		at se.redmind.rmtest.selenium.example.CreateRandomRes3.random14(CreateRandomRes3.java:128)
	</failure>
</testcase>
<testcase name="random1[Android_4.4.4_Sony Experia Z3_opera_15]" classname="se.redmind.rmtest.selenium.example.RandomClass1(20150125-080114)" time="0.7256535"/>
<testcase name="random1[IOS_8.2_iPhone 6_firefox_31]" classname="se.redmind.rmtest.selenium.example.RandomClass1(20150125-080114)" time="1.3704226"/>
<testcase name="random1[IOS_8.2_iPhone 6_chrome_42]" classname="se.redmind.rmtest.selenium.example.RandomClass1(20150125-080114)" time="1.811151"/>
<testcase name="random1[IOS_8.2_iPhone 6_explorer_10]" classname="se.redmind.rmtest.selenium.example.RandomClass1(20150125-080114)" time="0.1452899">
	<error type="java.lang.AssertionError:">java.lang.AssertionError: null
		at org.junit.Assert.fail(Assert.java:86)
		at org.junit.Assert.assertTrue(Assert.java:41)
		at org.junit.Assert.assertTrue(Assert.java:52)
		at se.redmind.rmtest.selenium.example.CreateRandomRes3.random14(CreateRandomRes3.java:128)
	</error>
</testcase>
<testcase name="random1[IOS_8.2_iPhone 6_opera_15]" classname="se.redmind.rmtest.selenium.example.RandomClass1(20150125-080114)" time="1.5311434"/>
<testcase name="random1[IOS_4_iPhone 3Gs_firefox_31]" classname="se.redmind.rmtest.selenium.example.RandomClass1(20150125-080114)" time="0.75499666"/>
<testcase name="random1[IOS_4_iPhone 3Gs_chrome_42]" classname="se.redmind.rmtest.selenium.example.RandomClass1(20150125-080114)" time="1.0528991"/>
<testcase name="random1[IOS_4_iPhone 3Gs_explorer_10]" classname="se.redmind.rmtest.selenium.example.RandomClass1(20150125-080114)" time="0.3081056"/>
<testcase name="random1[IOS_4_iPhone 3Gs_opera_15]" classname="se.redmind.rmtest.selenium.example.RandomClass1(20150125-080114)" time="1.8452361"/>
<testcase name="random1[OSX_10.9.5_UNKNOWN_firefox_31]" classname="se.redmind.rmtest.selenium.example.RandomClass1(20150125-080114)" time="1.5689396"/>
<testcase name="random1[OSX_10.9.5_UNKNOWN_chrome_42]" classname="se.redmind.rmtest.selenium.example.RandomClass1(20150125-080114)" time="0.9887601"/>
<testcase name="random1[OSX_10.9.5_UNKNOWN_explorer_10]" classname="se.redmind.rmtest.selenium.example.RandomClass1(20150125-080114)" time="0.63971627"/>
<testcase name="random1[OSX_10.9.5_UNKNOWN_opera_15]" classname="se.redmind.rmtest.selenium.example.RandomClass1(20150125-080114)" time="1.7881345"/>
<testcase name="random1[Windows_8.1_UNKNOWN_firefox_31]" classname="se.redmind.rmtest.selenium.example.RandomClass1(20150125-080114)" time="1.7973793"/>
<testcase name="random1[Windows_8.1_UNKNOWN_chrome_42]" classname="se.redmind.rmtest.selenium.example.RandomClass1(20150125-080114)" time="1.5028342"/>
<testcase name="random1[Windows_8.1_UNKNOWN_explorer_10]" classname="se.redmind.rmtest.selenium.example.RandomClass1(20150125-080114)" time="1.24599"/>
<testcase name="random1[Windows_8.1_UNKNOWN_opera_15]" classname="se.redmind.rmtest.selenium.example.RandomClass1(20150125-080114)" time="1.2322628"/>
<testcase name="random1[Windows_10_UNKNOWN_firefox_31]" classname="se.redmind.rmtest.selenium.example.RandomClass1(20150125-080114)" time="0.10346103">
	<failure type="java.lang.AssertionError:">java.lang.AssertionError: null
		at org.junit.Assert.fail(Assert.java:86)
		at org.junit.Assert.assertTrue(Assert.java:41)
		at org.junit.Assert.assertTrue(Assert.java:52)
		at se.redmind.rmtest.selenium.example.CreateRandomRes3.random14(CreateRandomRes3.java:128)
	</failure>
</testcase>
<testcase name="random1[Windows_10_UNKNOWN_chrome_42]" classname="se.redmind.rmtest.selenium.example.RandomClass1(20150125-080114)" time="0.7163999"/>
<testcase name="random1[Windows_10_UNKNOWN_explorer_10]" classname="se.redmind.rmtest.selenium.example.RandomClass1(20150125-080114)" time="0.16635251">
	<failure type="java.lang.AssertionError:">java.lang.AssertionError: null
		at org.junit.Assert.fail(Assert.java:86)
		at org.junit.Assert.assertTrue(Assert.java:41)
		at org.junit.Assert.assertTrue(Assert.java:52)
		at se.redmind.rmtest.selenium.example.CreateRandomRes3.random14(CreateRandomRes3.java:128)
	</failure>
</testcase>
<testcase name="random1[Windows_10_UNKNOWN_opera_15]" classname="se.redmind.rmtest.selenium.example.RandomClass1(20150125-080114)" time="1.7430288">
	<failure type="java.lang.AssertionError:">java.lang.AssertionError: null
		at org.junit.Assert.fail(Assert.java:86)
		at org.junit.Assert.assertTrue(Assert.java:41)
		at org.junit.Assert.assertTrue(Assert.java:52)
		at se.redmind.rmtest.selenium.example.CreateRandomRes3.random14(CreateRandomRes3.java:128)
	</failure>
</testcase>
<testcase name="random1[Ubuntu_14.04_UNKNOWN_firefox_31]" classname="se.redmind.rmtest.selenium.example.RandomClass1(20150125-080114)" time="0.11614585"/>
<testcase name="random1[Ubuntu_14.04_UNKNOWN_chrome_42]" classname="se.redmind.rmtest.selenium.example.RandomClass1(20150125-080114)" time="1.5634174"/>
<testcase name="random1[Ubuntu_14.04_UNKNOWN_explorer_10]" classname="se.redmind.rmtest.selenium.example.RandomClass1(20150125-080114)" time="0.27388704">
	<failure type="java.lang.AssertionError:">java.lang.AssertionError: null
		at org.junit.Assert.fail(Assert.java:86)
		at org.junit.Assert.assertTrue(Assert.java:41)
		at org.junit.Assert.assertTrue(Assert.java:52)
		at se.redmind.rmtest.selenium.example.CreateRandomRes3.random14(CreateRandomRes3.java:128)
	</failure>
</testcase>
<testcase name="random1[Ubuntu_14.04_UNKNOWN_opera_15]" classname="se.redmind.rmtest.selenium.example.RandomClass1(20150125-080114)" time="1.0297737"/>
<testcase name="random2[Android_5.1_Nexus 6_firefox_31]" classname="se.redmind.rmtest.selenium.example.RandomClass1(20150125-080114)" time="1.4272746">
	<failure type="java.lang.AssertionError:">java.lang.AssertionError: null
		at org.junit.Assert.fail(Assert.java:86)
		at org.junit.Assert.assertTrue(Assert.java:41)
		at org.junit.Assert.assertTrue(Assert.java:52)
		at se.redmind.rmtest.selenium.example.CreateRandomRes3.random14(CreateRandomRes3.java:128)
	</failure>
</testcase>
<testcase name="random2[Android_5.1_Nexus 6_chrome_42]" classname="se.redmind.rmtest.selenium.example.RandomClass1(20150125-080114)" time="0.49649358"/>
<testcase name="random2[Android_5.1_Nexus 6_explorer_10]" classname="se.redmind.rmtest.selenium.example.RandomClass1(20150125-080114)" time="1.7985904"/>
<testcase name="random2[Android_5.1_Nexus 6_opera_15]" classname="se.redmind.rmtest.selenium.example.RandomClass1(20150125-080114)" time="1.9866028">
	<failure type="java.lang.AssertionError:">java.lang.AssertionError: null
		at org.junit.Assert.fail(Assert.java:86)
		at org.junit.Assert.assertTrue(Assert.java:41)
		at org.junit.Assert.assertTrue(Assert.java:52)
		at se.redmind.rmtest.selenium.example.CreateRandomRes3.random14(CreateRandomRes3.java:128)
	</failure>
</testcase>
<testcase name="random2[Android_2.3_VeiVei_firefox_31]" classname="se.redmind.rmtest.selenium.example.RandomClass1(20150125-080114)" time="0.9364797"/>
<testcase name="random2[Android_2.3_VeiVei_chrome_42]" classname="se.redmind.rmtest.selenium.example.RandomClass1(20150125-080114)" time="0.8556812">
	<failure type="java.lang.AssertionError:">java.lang.AssertionError: null
		at org.junit.Assert.fail(Assert.java:86)
		at org.junit.Assert.assertTrue(Assert.java:41)
		at org.junit.Assert.assertTrue(Assert.java:52)
		at se.redmind.rmtest.selenium.example.CreateRandomRes3.random14(CreateRandomRes3.java:128)
	</failure>
</testcase>
<testcase name="random2[Android_2.3_VeiVei_explorer_10]" classname="se.redmind.rmtest.selenium.example.RandomClass1(20150125-080114)" time="1.5544031">
	<failure type="java.lang.AssertionError:">java.lang.AssertionError: null
		at org.junit.Assert.fail(Assert.java:86)
		at org.junit.Assert.assertTrue(Assert.java:41)
		at org.junit.Assert.assertTrue(Assert.java:52)
		at se.redmind.rmtest.selenium.example.CreateRandomRes3.random14(CreateRandomRes3.java:128)
	</failure>
</testcase>
<testcase name="random2[Android_2.3_VeiVei_opera_15]" classname="se.redmind.rmtest.selenium.example.RandomClass1(20150125-080114)" time="0.88461304"/>
<testcase name="random2[Android_4.4.4_Sony Experia Z3_firefox_31]" classname="se.redmind.rmtest.selenium.example.RandomClass1(20150125-080114)" time="1.8500259"/>
<testcase name="random2[Android_4.4.4_Sony Experia Z3_chrome_42]" classname="se.redmind.rmtest.selenium.example.RandomClass1(20150125-080114)" time="1.9665755"/>
<testcase name="random2[Android_4.4.4_Sony Experia Z3_explorer_10]" classname="se.redmind.rmtest.selenium.example.RandomClass1(20150125-080114)" time="1.6154989">
	<failure type="java.lang.AssertionError:">java.lang.AssertionError: null
		at org.junit.Assert.fail(Assert.java:86)
		at org.junit.Assert.assertTrue(Assert.java:41)
		at org.junit.Assert.assertTrue(Assert.java:52)
		at se.redmind.rmtest.selenium.example.CreateRandomRes3.random14(CreateRandomRes3.java:128)
	</failure>
</testcase>
<testcase name="random2[Android_4.4.4_Sony Experia Z3_opera_15]" classname="se.redmind.rmtest.selenium.example.RandomClass1(20150125-080114)" time="0.42600477"/>
<testcase name="random2[IOS_8.2_iPhone 6_firefox_31]" classname="se.redmind.rmtest.selenium.example.RandomClass1(20150125-080114)" time="1.0484847"/>
<testcase name="random2[IOS_8.2_iPhone 6_chrome_42]" classname="se.redmind.rmtest.selenium.example.RandomClass1(20150125-080114)" time="0.99667025">
	<failure type="java.lang.AssertionError:">java.lang.AssertionError: null
		at org.junit.Assert.fail(Assert.java:86)
		at org.junit.Assert.assertTrue(Assert.java:41)
		at org.junit.Assert.assertTrue(Assert.java:52)
		at se.redmind.rmtest.selenium.example.CreateRandomRes3.random14(CreateRandomRes3.java:128)
	</failure>
</testcase>
<testcase name="random2[IOS_8.2_iPhone 6_explorer_10]" classname="se.redmind.rmtest.selenium.example.RandomClass1(20150125-080114)" time="1.3806561"/>
<testcase name="random2[IOS_8.2_iPhone 6_opera_15]" classname="se.redmind.rmtest.selenium.example.RandomClass1(20150125-080114)" time="0.02808845">
	<failure type="java.lang.AssertionError:">java.lang.AssertionError: null
		at org.junit.Assert.fail(Assert.java:86)
		at org.junit.Assert.assertTrue(Assert.java:41)
		at org.junit.Assert.assertTrue(Assert.java:52)
		at se.redmind.rmtest.selenium.example.CreateRandomRes3.random14(CreateRandomRes3.java:128)
	</failure>
</testcase>
<testcase name="random2[IOS_4_iPhone 3Gs_firefox_31]" classname="se.redmind.rmtest.selenium.example.RandomClass1(20150125-080114)" time="0.63892233"/>
<testcase name="random2[IOS_4_iPhone 3Gs_chrome_42]" classname="se.redmind.rmtest.selenium.example.RandomClass1(20150125-080114)" time="1.9332674"/>
<testcase name="random2[IOS_4_iPhone 3Gs_explorer_10]" classname="se.redmind.rmtest.selenium.example.RandomClass1(20150125-080114)" time="1.2159956"/>
<testcase name="random2[IOS_4_iPhone 3Gs_opera_15]" classname="se.redmind.rmtest.selenium.example.RandomClass1(20150125-080114)" time="1.3145434"/>
<testcase name="random2[OSX_10.9.5_UNKNOWN_firefox_31]" classname="se.redmind.rmtest.selenium.example.RandomClass1(20150125-080114)" time="1.5397485">
	<failure type="java.lang.AssertionError:">java.lang.AssertionError: null
		at org.junit.Assert.fail(Assert.java:86)
		at org.junit.Assert.assertTrue(Assert.java:41)
		at org.junit.Assert.assertTrue(Assert.java:52)
		at se.redmind.rmtest.selenium.example.CreateRandomRes3.random14(CreateRandomRes3.java:128)
	</failure>
</testcase>
<testcase name="random2[OSX_10.9.5_UNKNOWN_chrome_42]" classname="se.redmind.rmtest.selenium.example.RandomClass1(20150125-080114)" time="1.4645586">
	<failure type="java.lang.AssertionError:">java.lang.AssertionError: null
		at org.junit.Assert.fail(Assert.java:86)
		at org.junit.Assert.assertTrue(Assert.java:41)
		at org.junit.Assert.assertTrue(Assert.java:52)
		at se.redmind.rmtest.selenium.example.CreateRandomRes3.random14(CreateRandomRes3.java:128)
	</failure>
</testcase>
<testcase name="random2[OSX_10.9.5_UNKNOWN_explorer_10]" classname="se.redmind.rmtest.selenium.example.RandomClass1(20150125-080114)" time="1.8825854"/>
<testcase name="random2[OSX_10.9.5_UNKNOWN_opera_15]" classname="se.redmind.rmtest.selenium.example.RandomClass1(20150125-080114)" time="0.9984739"/>
<testcase name="random2[Windows_8.1_UNKNOWN_firefox_31]" classname="se.redmind.rmtest.selenium.example.RandomClass1(20150125-080114)" time="0.3624859"/>
<testcase name="random2[Windows_8.1_UNKNOWN_chrome_42]" classname="se.redmind.rmtest.selenium.example.RandomClass1(20150125-080114)" time="0.99268436"/>
<testcase name="random2[Windows_8.1_UNKNOWN_explorer_10]" classname="se.redmind.rmtest.selenium.example.RandomClass1(20150125-080114)" time="0.5926595"/>
<testcase name="random2[Windows_8.1_UNKNOWN_opera_15]" classname="se.redmind.rmtest.selenium.example.RandomClass1(20150125-080114)" time="1.7898419"/>
<testcase name="random2[Windows_10_UNKNOWN_firefox_31]" classname="se.redmind.rmtest.selenium.example.RandomClass1(20150125-080114)" time="1.2177774"/>
<testcase name="random2[Windows_10_UNKNOWN_chrome_42]" classname="se.redmind.rmtest.selenium.example.RandomClass1(20150125-080114)" time="1.6901038"/>
<testcase name="random2[Windows_10_UNKNOWN_explorer_10]" classname="se.redmind.rmtest.selenium.example.RandomClass1(20150125-080114)" time="1.9055353">
	<failure type="java.lang.AssertionError:">java.lang.AssertionError: null
		at org.junit.Assert.fail(Assert.java:86)
		at org.junit.Assert.assertTrue(Assert.java:41)
		at org.junit.Assert.assertTrue(Assert.java:52)
		at se.redmind.rmtest.selenium.example.CreateRandomRes3.random14(CreateRandomRes3.java:128)
	</failure>
</testcase>
<testcase name="random2[Windows_10_UNKNOWN_opera_15]" classname="se.redmind.rmtest.selenium.example.RandomClass1(20150125-080114)" time="0.3317994">
	<failure type="java.lang.AssertionError:">java.lang.AssertionError: null
		at org.junit.Assert.fail(Assert.java:86)
		at org.junit.Assert.assertTrue(Assert.java:41)
		at org.junit.Assert.assertTrue(Assert.java:52)
		at se.redmind.rmtest.selenium.example.CreateRandomRes3.random14(CreateRandomRes3.java:128)
	</failure>
</testcase>
<testcase name="random2[Ubuntu_14.04_UNKNOWN_firefox_31]" classname="se.redmind.rmtest.selenium.example.RandomClass1(20150125-080114)" time="1.3388953">
	<failure type="java.lang.AssertionError:">java.lang.AssertionError: null
		at org.junit.Assert.fail(Assert.java:86)
		at org.junit.Assert.assertTrue(Assert.java:41)
		at org.junit.Assert.assertTrue(Assert.java:52)
		at se.redmind.rmtest.selenium.example.CreateRandomRes3.random14(CreateRandomRes3.java:128)
	</failure>
</testcase>
<testcase name="random2[Ubuntu_14.04_UNKNOWN_chrome_42]" classname="se.redmind.rmtest.selenium.example.RandomClass1(20150125-080114)" time="1.9399769"/>
<testcase name="random2[Ubuntu_14.04_UNKNOWN_explorer_10]" classname="se.redmind.rmtest.selenium.example.RandomClass1(20150125-080114)" time="0.113995075"/>
<testcase name="random2[Ubuntu_14.04_UNKNOWN_opera_15]" classname="se.redmind.rmtest.selenium.example.RandomClass1(20150125-080114)" time="1.2452881"/>
<testcase name="random3[Android_5.1_Nexus 6_firefox_31]" classname="se.redmind.rmtest.selenium.example.RandomClass1(20150125-080114)" time="0.048846602"/>
<testcase name="random3[Android_5.1_Nexus 6_chrome_42]" classname="se.redmind.rmtest.selenium.example.RandomClass1(20150125-080114)" time="1.9775133"/>
<testcase name="random3[Android_5.1_Nexus 6_explorer_10]" classname="se.redmind.rmtest.selenium.example.RandomClass1(20150125-080114)" time="1.0814853">
	<failure type="java.lang.AssertionError:">java.lang.AssertionError: null
		at org.junit.Assert.fail(Assert.java:86)
		at org.junit.Assert.assertTrue(Assert.java:41)
		at org.junit.Assert.assertTrue(Assert.java:52)
		at se.redmind.rmtest.selenium.example.CreateRandomRes3.random14(CreateRandomRes3.java:128)
	</failure>
</testcase>
<testcase name="random3[Android_5.1_Nexus 6_opera_15]" classname="se.redmind.rmtest.selenium.example.RandomClass1(20150125-080114)" time="0.8564789"/>
<testcase name="random3[Android_2.3_VeiVei_firefox_31]" classname="se.redmind.rmtest.selenium.example.RandomClass1(20150125-080114)" time="0.38431537"/>
<testcase name="random3[Android_2.3_VeiVei_chrome_42]" classname="se.redmind.rmtest.selenium.example.RandomClass1(20150125-080114)" time="0.32681155"/>
<testcase name="random3[Android_2.3_VeiVei_explorer_10]" classname="se.redmind.rmtest.selenium.example.RandomClass1(20150125-080114)" time="1.139164"/>
<testcase name="random3[Android_2.3_VeiVei_opera_15]" classname="se.redmind.rmtest.selenium.example.RandomClass1(20150125-080114)" time="0.35827303"/>
<testcase name="random3[Android_4.4.4_Sony Experia Z3_firefox_31]" classname="se.redmind.rmtest.selenium.example.RandomClass1(20150125-080114)" time="0.278906">
	<failure type="java.lang.AssertionError:">java.lang.AssertionError: null
		at org.junit.Assert.fail(Assert.java:86)
		at org.junit.Assert.assertTrue(Assert.java:41)
		at org.junit.Assert.assertTrue(Assert.java:52)
		at se.redmind.rmtest.selenium.example.CreateRandomRes3.random14(CreateRandomRes3.java:128)
	</failure>
</testcase>
<testcase name="random3[Android_4.4.4_Sony Experia Z3_chrome_42]" classname="se.redmind.rmtest.selenium.example.RandomClass1(20150125-080114)" time="0.60911095">
	<failure type="java.lang.AssertionError:">java.lang.AssertionError: null
		at org.junit.Assert.fail(Assert.java:86)
		at org.junit.Assert.assertTrue(Assert.java:41)
		at org.junit.Assert.assertTrue(Assert.java:52)
		at se.redmind.rmtest.selenium.example.CreateRandomRes3.random14(CreateRandomRes3.java:128)
	</failure>
</testcase>
<testcase name="random3[Android_4.4.4_Sony Experia Z3_explorer_10]" classname="se.redmind.rmtest.selenium.example.RandomClass1(20150125-080114)" time="0.8921696"/>
<testcase name="random3[Android_4.4.4_Sony Experia Z3_opera_15]" classname="se.redmind.rmtest.selenium.example.RandomClass1(20150125-080114)" time="1.3677621">
	<failure type="java.lang.AssertionError:">java.lang.AssertionError: null
		at org.junit.Assert.fail(Assert.java:86)
		at org.junit.Assert.assertTrue(Assert.java:41)
		at org.junit.Assert.assertTrue(Assert.java:52)
		at se.redmind.rmtest.selenium.example.CreateRandomRes3.random14(CreateRandomRes3.java:128)
	</failure>
</testcase>
<testcase name="random3[IOS_8.2_iPhone 6_firefox_31]" classname="se.redmind.rmtest.selenium.example.RandomClass1(20150125-080114)" time="0.5977341"/>
<testcase name="random3[IOS_8.2_iPhone 6_chrome_42]" classname="se.redmind.rmtest.selenium.example.RandomClass1(20150125-080114)" time="1.0168164"/>
<testcase name="random3[IOS_8.2_iPhone 6_explorer_10]" classname="se.redmind.rmtest.selenium.example.RandomClass1(20150125-080114)" time="1.3180187"/>
<testcase name="random3[IOS_8.2_iPhone 6_opera_15]" classname="se.redmind.rmtest.selenium.example.RandomClass1(20150125-080114)" time="1.3601552"/>
<testcase name="random3[IOS_4_iPhone 3Gs_firefox_31]" classname="se.redmind.rmtest.selenium.example.RandomClass1(20150125-080114)" time="1.0751604">
<skipped/>
</testcase>
<testcase name="random3[IOS_4_iPhone 3Gs_firefox_31]" classname="se.redmind.rmtest.selenium.example.RandomClass1(20150125-080114)" time="1.438405">
	<failure type="java.lang.AssertionError:">java.lang.AssertionError: null
		at org.junit.Assert.fail(Assert.java:86)
		at org.junit.Assert.assertTrue(Assert.java:41)
		at org.junit.Assert.assertTrue(Assert.java:52)
		at se.redmind.rmtest.selenium.example.CreateRandomRes3.random14(CreateRandomRes3.java:128)
	</failure>
</testcase>
<testcase name="random3[IOS_4_iPhone 3Gs_chrome_42]" classname="se.redmind.rmtest.selenium.example.RandomClass1(20150125-080114)" time="1.1094465">
<skipped/>
</testcase>
<testcase name="random3[IOS_4_iPhone 3Gs_chrome_42]" classname="se.redmind.rmtest.selenium.example.RandomClass1(20150125-080114)" time="1.3133233"/>
<testcase name="random3[IOS_4_iPhone 3Gs_explorer_10]" classname="se.redmind.rmtest.selenium.example.RandomClass1(20150125-080114)" time="0.4141847">
<skipped/>
</testcase>
<testcase name="random3[IOS_4_iPhone 3Gs_explorer_10]" classname="se.redmind.rmtest.selenium.example.RandomClass1(20150125-080114)" time="0.98111486"/>
<testcase name="random3[IOS_4_iPhone 3Gs_opera_15]" classname="se.redmind.rmtest.selenium.example.RandomClass1(20150125-080114)" time="1.9098984">
<skipped/>
</testcase>
<testcase name="random3[IOS_4_iPhone 3Gs_opera_15]" classname="se.redmind.rmtest.selenium.example.RandomClass1(20150125-080114)" time="1.8550752">
	<failure type="java.lang.AssertionError:">java.lang.AssertionError: null
		at org.junit.Assert.fail(Assert.java:86)
		at org.junit.Assert.assertTrue(Assert.java:41)
		at org.junit.Assert.assertTrue(Assert.java:52)
		at se.redmind.rmtest.selenium.example.CreateRandomRes3.random14(CreateRandomRes3.java:128)
	</failure>
</testcase>
<testcase name="random3[OSX_10.9.5_UNKNOWN_firefox_31]" classname="se.redmind.rmtest.selenium.example.RandomClass1(20150125-080114)" time="0.0698818"/>
<testcase name="random3[OSX_10.9.5_UNKNOWN_chrome_42]" classname="se.redmind.rmtest.selenium.example.RandomClass1(20150125-080114)" time="0.13030064"/>
<testcase name="random3[OSX_10.9.5_UNKNOWN_explorer_10]" classname="se.redmind.rmtest.selenium.example.RandomClass1(20150125-080114)" time="1.9259831">
	<failure type="java.lang.AssertionError:">java.lang.AssertionError: null
		at org.junit.Assert.fail(Assert.java:86)
		at org.junit.Assert.assertTrue(Assert.java:41)
		at org.junit.Assert.assertTrue(Assert.java:52)
		at se.redmind.rmtest.selenium.example.CreateRandomRes3.random14(CreateRandomRes3.java:128)
	</failure>
</testcase>
<testcase name="random3[OSX_10.9.5_UNKNOWN_opera_15]" classname="se.redmind.rmtest.selenium.example.RandomClass1(20150125-080114)" time="0.5402007"/>
<testcase name="random3[Windows_8.1_UNKNOWN_firefox_31]" classname="se.redmind.rmtest.selenium.example.RandomClass1(20150125-080114)" time="0.20813406">
	<failure type="java.lang.AssertionError:">java.lang.AssertionError: null
		at org.junit.Assert.fail(Assert.java:86)
		at org.junit.Assert.assertTrue(Assert.java:41)
		at org.junit.Assert.assertTrue(Assert.java:52)
		at se.redmind.rmtest.selenium.example.CreateRandomRes3.random14(CreateRandomRes3.java:128)
	</failure>
</testcase>
<testcase name="random3[Windows_8.1_UNKNOWN_chrome_42]" classname="se.redmind.rmtest.selenium.example.RandomClass1(20150125-080114)" time="0.8426362"/>
<testcase name="random3[Windows_8.1_UNKNOWN_explorer_10]" classname="se.redmind.rmtest.selenium.example.RandomClass1(20150125-080114)" time="0.53879344">
	<failure type="java.lang.AssertionError:">java.lang.AssertionError: null
		at org.junit.Assert.fail(Assert.java:86)
		at org.junit.Assert.assertTrue(Assert.java:41)
		at org.junit.Assert.assertTrue(Assert.java:52)
		at se.redmind.rmtest.selenium.example.CreateRandomRes3.random14(CreateRandomRes3.java:128)
	</failure>
</testcase>
<testcase name="random3[Windows_8.1_UNKNOWN_opera_15]" classname="se.redmind.rmtest.selenium.example.RandomClass1(20150125-080114)" time="1.2611349"/>
<testcase name="random3[Windows_10_UNKNOWN_firefox_31]" classname="se.redmind.rmtest.selenium.example.RandomClass1(20150125-080114)" time="1.6521024">
	<error type="java.lang.AssertionError:">java.lang.AssertionError: null
		at org.junit.Assert.fail(Assert.java:86)
		at org.junit.Assert.assertTrue(Assert.java:41)
		at org.junit.Assert.assertTrue(Assert.java:52)
		at se.redmind.rmtest.selenium.example.CreateRandomRes3.random14(CreateRandomRes3.java:128)
	</error>
</testcase>
<testcase name="random3[Windows_10_UNKNOWN_chrome_42]" classname="se.redmind.rmtest.selenium.example.RandomClass1(20150125-080114)" time="1.0563321"/>
<testcase name="random3[Windows_10_UNKNOWN_explorer_10]" classname="se.redmind.rmtest.selenium.example.RandomClass1(20150125-080114)" time="0.6260805"/>
<testcase name="random3[Windows_10_UNKNOWN_opera_15]" classname="se.redmind.rmtest.selenium.example.RandomClass1(20150125-080114)" time="1.0089079"/>
<testcase name="random3[Ubuntu_14.04_UNKNOWN_firefox_31]" classname="se.redmind.rmtest.selenium.example.RandomClass1(20150125-080114)" time="0.23461878">
	<failure type="java.lang.AssertionError:">java.lang.AssertionError: null
		at org.junit.Assert.fail(Assert.java:86)
		at org.junit.Assert.assertTrue(Assert.java:41)
		at org.junit.Assert.assertTrue(Assert.java:52)
		at se.redmind.rmtest.selenium.example.CreateRandomRes3.random14(CreateRandomRes3.java:128)
	</failure>
</testcase>
<testcase name="random3[Ubuntu_14.04_UNKNOWN_chrome_42]" classname="se.redmind.rmtest.selenium.example.RandomClass1(20150125-080114)" time="0.027128458">
	<failure type="java.lang.AssertionError:">java.lang.AssertionError: null
		at org.junit.Assert.fail(Assert.java:86)
		at org.junit.Assert.assertTrue(Assert.java:41)
		at org.junit.Assert.assertTrue(Assert.java:52)
		at se.redmind.rmtest.selenium.example.CreateRandomRes3.random14(CreateRandomRes3.java:128)
	</failure>
</testcase>
<testcase name="random3[Ubuntu_14.04_UNKNOWN_explorer_10]" classname="se.redmind.rmtest.selenium.example.RandomClass1(20150125-080114)" time="0.1464839"/>
<testcase name="random3[Ubuntu_14.04_UNKNOWN_opera_15]" classname="se.redmind.rmtest.selenium.example.RandomClass1(20150125-080114)" time="1.1227303">
	<failure type="java.lang.AssertionError:">java.lang.AssertionError: null
		at org.junit.Assert.fail(Assert.java:86)
		at org.junit.Assert.assertTrue(Assert.java:41)
		at org.junit.Assert.assertTrue(Assert.java:52)
		at se.redmind.rmtest.selenium.example.CreateRandomRes3.random14(CreateRandomRes3.java:128)
	</failure>
</testcase>
<testcase name="random4[Android_5.1_Nexus 6_firefox_31]" classname="se.redmind.rmtest.selenium.example.RandomClass1(20150125-080114)" time="1.731031"/>
<testcase name="random4[Android_5.1_Nexus 6_chrome_42]" classname="se.redmind.rmtest.selenium.example.RandomClass1(20150125-080114)" time="1.953763"/>
<testcase name="random4[Android_5.1_Nexus 6_explorer_10]" classname="se.redmind.rmtest.selenium.example.RandomClass1(20150125-080114)" time="0.71249354">
	<failure type="java.lang.AssertionError:">java.lang.AssertionError: null
		at org.junit.Assert.fail(Assert.java:86)
		at org.junit.Assert.assertTrue(Assert.java:41)
		at org.junit.Assert.assertTrue(Assert.java:52)
		at se.redmind.rmtest.selenium.example.CreateRandomRes3.random14(CreateRandomRes3.java:128)
	</failure>
</testcase>
<testcase name="random4[Android_5.1_Nexus 6_opera_15]" classname="se.redmind.rmtest.selenium.example.RandomClass1(20150125-080114)" time="1.2504914"/>
<testcase name="random4[Android_2.3_VeiVei_firefox_31]" classname="se.redmind.rmtest.selenium.example.RandomClass1(20150125-080114)" time="0.48338556">
	<failure type="java.lang.AssertionError:">java.lang.AssertionError: null
		at org.junit.Assert.fail(Assert.java:86)
		at org.junit.Assert.assertTrue(Assert.java:41)
		at org.junit.Assert.assertTrue(Assert.java:52)
		at se.redmind.rmtest.selenium.example.CreateRandomRes3.random14(CreateRandomRes3.java:128)
	</failure>
</testcase>
<testcase name="random4[Android_2.3_VeiVei_chrome_42]" classname="se.redmind.rmtest.selenium.example.RandomClass1(20150125-080114)" time="0.94093084"/>
<testcase name="random4[Android_2.3_VeiVei_explorer_10]" classname="se.redmind.rmtest.selenium.example.RandomClass1(20150125-080114)" time="0.35165703">
	<failure type="java.lang.AssertionError:">java.lang.AssertionError: null
		at org.junit.Assert.fail(Assert.java:86)
		at org.junit.Assert.assertTrue(Assert.java:41)
		at org.junit.Assert.assertTrue(Assert.java:52)
		at se.redmind.rmtest.selenium.example.CreateRandomRes3.random14(CreateRandomRes3.java:128)
	</failure>
</testcase>
<testcase name="random4[Android_2.3_VeiVei_opera_15]" classname="se.redmind.rmtest.selenium.example.RandomClass1(20150125-080114)" time="1.9183887">
	<failure type="java.lang.AssertionError:">java.lang.AssertionError: null
		at org.junit.Assert.fail(Assert.java:86)
		at org.junit.Assert.assertTrue(Assert.java:41)
		at org.junit.Assert.assertTrue(Assert.java:52)
		at se.redmind.rmtest.selenium.example.CreateRandomRes3.random14(CreateRandomRes3.java:128)
	</failure>
</testcase>
<testcase name="random4[Android_4.4.4_Sony Experia Z3_firefox_31]" classname="se.redmind.rmtest.selenium.example.RandomClass1(20150125-080114)" time="1.7940804"/>
<testcase name="random4[Android_4.4.4_Sony Experia Z3_chrome_42]" classname="se.redmind.rmtest.selenium.example.RandomClass1(20150125-080114)" time="0.32014215"/>
<testcase name="random4[Android_4.4.4_Sony Experia Z3_explorer_10]" classname="se.redmind.rmtest.selenium.example.RandomClass1(20150125-080114)" time="1.1145791">
	<failure type="java.lang.AssertionError:">java.lang.AssertionError: null
		at org.junit.Assert.fail(Assert.java:86)
		at org.junit.Assert.assertTrue(Assert.java:41)
		at org.junit.Assert.assertTrue(Assert.java:52)
		at se.redmind.rmtest.selenium.example.CreateRandomRes3.random14(CreateRandomRes3.java:128)
	</failure>
</testcase>
<testcase name="random4[Android_4.4.4_Sony Experia Z3_opera_15]" classname="se.redmind.rmtest.selenium.example.RandomClass1(20150125-080114)" time="1.96021">
	<failure type="java.lang.AssertionError:">java.lang.AssertionError: null
		at org.junit.Assert.fail(Assert.java:86)
		at org.junit.Assert.assertTrue(Assert.java:41)
		at org.junit.Assert.assertTrue(Assert.java:52)
		at se.redmind.rmtest.selenium.example.CreateRandomRes3.random14(CreateRandomRes3.java:128)
	</failure>
</testcase>
<testcase name="random4[IOS_8.2_iPhone 6_firefox_31]" classname="se.redmind.rmtest.selenium.example.RandomClass1(20150125-080114)" time="1.0181206"/>
<testcase name="random4[IOS_8.2_iPhone 6_chrome_42]" classname="se.redmind.rmtest.selenium.example.RandomClass1(20150125-080114)" time="0.066512346">
	<failure type="java.lang.AssertionError:">java.lang.AssertionError: null
		at org.junit.Assert.fail(Assert.java:86)
		at org.junit.Assert.assertTrue(Assert.java:41)
		at org.junit.Assert.assertTrue(Assert.java:52)
		at se.redmind.rmtest.selenium.example.CreateRandomRes3.random14(CreateRandomRes3.java:128)
	</failure>
</testcase>
<testcase name="random4[IOS_8.2_iPhone 6_explorer_10]" classname="se.redmind.rmtest.selenium.example.RandomClass1(20150125-080114)" time="1.628611"/>
<testcase name="random4[IOS_8.2_iPhone 6_opera_15]" classname="se.redmind.rmtest.selenium.example.RandomClass1(20150125-080114)" time="1.4865155"/>
<testcase name="random4[IOS_4_iPhone 3Gs_firefox_31]" classname="se.redmind.rmtest.selenium.example.RandomClass1(20150125-080114)" time="0.37240756"/>
<testcase name="random4[IOS_4_iPhone 3Gs_chrome_42]" classname="se.redmind.rmtest.selenium.example.RandomClass1(20150125-080114)" time="1.8035655"/>
<testcase name="random4[IOS_4_iPhone 3Gs_explorer_10]" classname="se.redmind.rmtest.selenium.example.RandomClass1(20150125-080114)" time="0.93190575"/>
<testcase name="random4[IOS_4_iPhone 3Gs_opera_15]" classname="se.redmind.rmtest.selenium.example.RandomClass1(20150125-080114)" time="1.5331825"/>
<testcase name="random4[OSX_10.9.5_UNKNOWN_firefox_31]" classname="se.redmind.rmtest.selenium.example.RandomClass1(20150125-080114)" time="0.7972927"/>
<testcase name="random4[OSX_10.9.5_UNKNOWN_chrome_42]" classname="se.redmind.rmtest.selenium.example.RandomClass1(20150125-080114)" time="1.869914">
	<failure type="java.lang.AssertionError:">java.lang.AssertionError: null
		at org.junit.Assert.fail(Assert.java:86)
		at org.junit.Assert.assertTrue(Assert.java:41)
		at org.junit.Assert.assertTrue(Assert.java:52)
		at se.redmind.rmtest.selenium.example.CreateRandomRes3.random14(CreateRandomRes3.java:128)
	</failure>
</testcase>
<testcase name="random4[OSX_10.9.5_UNKNOWN_explorer_10]" classname="se.redmind.rmtest.selenium.example.RandomClass1(20150125-080114)" time="0.5448911"/>
<testcase name="random4[OSX_10.9.5_UNKNOWN_opera_15]" classname="se.redmind.rmtest.selenium.example.RandomClass1(20150125-080114)" time="1.854688"/>
<testcase name="random4[Windows_8.1_UNKNOWN_firefox_31]" classname="se.redmind.rmtest.selenium.example.RandomClass1(20150125-080114)" time="0.3923552">
	<failure type="java.lang.AssertionError:">java.lang.AssertionError: null
		at org.junit.Assert.fail(Assert.java:86)
		at org.junit.Assert.assertTrue(Assert.java:41)
		at org.junit.Assert.assertTrue(Assert.java:52)
		at se.redmind.rmtest.selenium.example.CreateRandomRes3.random14(CreateRandomRes3.java:128)
	</failure>
</testcase>
<testcase name="random4[Windows_8.1_UNKNOWN_chrome_42]" classname="se.redmind.rmtest.selenium.example.RandomClass1(20150125-080114)" time="1.3849121"/>
<testcase name="random4[Windows_8.1_UNKNOWN_explorer_10]" classname="se.redmind.rmtest.selenium.example.RandomClass1(20150125-080114)" time="1.3825238">
	<failure type="java.lang.AssertionError:">java.lang.AssertionError: null
		at org.junit.Assert.fail(Assert.java:86)
		at org.junit.Assert.assertTrue(Assert.java:41)
		at org.junit.Assert.assertTrue(Assert.java:52)
		at se.redmind.rmtest.selenium.example.CreateRandomRes3.random14(CreateRandomRes3.java:128)
	</failure>
</testcase>
<testcase name="random4[Windows_8.1_UNKNOWN_opera_15]" classname="se.redmind.rmtest.selenium.example.RandomClass1(20150125-080114)" time="0.8634356"/>
<testcase name="random4[Windows_10_UNKNOWN_firefox_31]" classname="se.redmind.rmtest.selenium.example.RandomClass1(20150125-080114)" time="1.6431055"/>
<testcase name="random4[Windows_10_UNKNOWN_chrome_42]" classname="se.redmind.rmtest.selenium.example.RandomClass1(20150125-080114)" time="1.5181897"/>
<testcase name="random4[Windows_10_UNKNOWN_explorer_10]" classname="se.redmind.rmtest.selenium.example.RandomClass1(20150125-080114)" time="1.0661417"/>
<testcase name="random4[Windows_10_UNKNOWN_opera_15]" classname="se.redmind.rmtest.selenium.example.RandomClass1(20150125-080114)" time="0.36324346"/>
<testcase name="random4[Ubuntu_14.04_UNKNOWN_firefox_31]" classname="se.redmind.rmtest.selenium.example.RandomClass1(20150125-080114)" time="1.5268717"/>
<testcase name="random4[Ubuntu_14.04_UNKNOWN_chrome_42]" classname="se.redmind.rmtest.selenium.example.RandomClass1(20150125-080114)" time="0.6005528"/>
<testcase name="random4[Ubuntu_14.04_UNKNOWN_explorer_10]" classname="se.redmind.rmtest.selenium.example.RandomClass1(20150125-080114)" time="1.938852"/>
<testcase name="random4[Ubuntu_14.04_UNKNOWN_opera_15]" classname="se.redmind.rmtest.selenium.example.RandomClass1(20150125-080114)" time="0.7659631"/>
<testcase name="random1[Android_4.4.4_HTC ONE_firefox_31]" classname="se.redmind.rmtest.selenium.example.RandomClass2(20150125-080114)" time="1.1084616"/>
<testcase name="random1[Android_4.4.4_HTC ONE_chrome_42]" classname="se.redmind.rmtest.selenium.example.RandomClass2(20150125-080114)" time="0.7248757"/>
<testcase name="random1[Android_4.4.4_HTC ONE_explorer_10]" classname="se.redmind.rmtest.selenium.example.RandomClass2(20150125-080114)" time="1.1112217"/>
<testcase name="random1[Android_4.4.4_HTC ONE_opera_15]" classname="se.redmind.rmtest.selenium.example.RandomClass2(20150125-080114)" time="0.56346655"/>
<testcase name="random1[Android_2.3_VeiVei_firefox_31]" classname="se.redmind.rmtest.selenium.example.RandomClass2(20150125-080114)" time="1.255563">
	<failure type="java.lang.AssertionError:">java.lang.AssertionError: null
		at org.junit.Assert.fail(Assert.java:86)
		at org.junit.Assert.assertTrue(Assert.java:41)
		at org.junit.Assert.assertTrue(Assert.java:52)
		at se.redmind.rmtest.selenium.example.CreateRandomRes3.random14(CreateRandomRes3.java:128)
	</failure>
</testcase>
<testcase name="random1[Android_2.3_VeiVei_chrome_42]" classname="se.redmind.rmtest.selenium.example.RandomClass2(20150125-080114)" time="1.4508879"/>
<testcase name="random1[Android_2.3_VeiVei_explorer_10]" classname="se.redmind.rmtest.selenium.example.RandomClass2(20150125-080114)" time="1.3559073">
	<failure type="java.lang.AssertionError:">java.lang.AssertionError: null
		at org.junit.Assert.fail(Assert.java:86)
		at org.junit.Assert.assertTrue(Assert.java:41)
		at org.junit.Assert.assertTrue(Assert.java:52)
		at se.redmind.rmtest.selenium.example.CreateRandomRes3.random14(CreateRandomRes3.java:128)
	</failure>
</testcase>
<testcase name="random1[Android_2.3_VeiVei_opera_15]" classname="se.redmind.rmtest.selenium.example.RandomClass2(20150125-080114)" time="0.4415444"/>
<testcase name="random1[Android_4.4.4_Sony Experia Z3_firefox_31]" classname="se.redmind.rmtest.selenium.example.RandomClass2(20150125-080114)" time="1.9492167"/>
<testcase name="random1[Android_4.4.4_Sony Experia Z3_chrome_42]" classname="se.redmind.rmtest.selenium.example.RandomClass2(20150125-080114)" time="0.8471478"/>
<testcase name="random1[Android_4.4.4_Sony Experia Z3_explorer_10]" classname="se.redmind.rmtest.selenium.example.RandomClass2(20150125-080114)" time="0.12910211">
	<failure type="java.lang.AssertionError:">java.lang.AssertionError: null
		at org.junit.Assert.fail(Assert.java:86)
		at org.junit.Assert.assertTrue(Assert.java:41)
		at org.junit.Assert.assertTrue(Assert.java:52)
		at se.redmind.rmtest.selenium.example.CreateRandomRes3.random14(CreateRandomRes3.java:128)
	</failure>
</testcase>
<testcase name="random1[Android_4.4.4_Sony Experia Z3_opera_15]" classname="se.redmind.rmtest.selenium.example.RandomClass2(20150125-080114)" time="0.79850507"/>
<testcase name="random1[IOS_4_iPhone 3Gs_firefox_31]" classname="se.redmind.rmtest.selenium.example.RandomClass2(20150125-080114)" time="1.4033078">
	<failure type="java.lang.AssertionError:">java.lang.AssertionError: null
		at org.junit.Assert.fail(Assert.java:86)
		at org.junit.Assert.assertTrue(Assert.java:41)
		at org.junit.Assert.assertTrue(Assert.java:52)
		at se.redmind.rmtest.selenium.example.CreateRandomRes3.random14(CreateRandomRes3.java:128)
	</failure>
</testcase>
<testcase name="random1[IOS_4_iPhone 3Gs_chrome_42]" classname="se.redmind.rmtest.selenium.example.RandomClass2(20150125-080114)" time="0.9728117"/>
<testcase name="random1[IOS_4_iPhone 3Gs_explorer_10]" classname="se.redmind.rmtest.selenium.example.RandomClass2(20150125-080114)" time="1.0821021"/>
<testcase name="random1[IOS_4_iPhone 3Gs_opera_15]" classname="se.redmind.rmtest.selenium.example.RandomClass2(20150125-080114)" time="1.4693819"/>
<testcase name="random1[OSX_10.9.5_UNKNOWN_firefox_31]" classname="se.redmind.rmtest.selenium.example.RandomClass2(20150125-080114)" time="1.911404">
	<failure type="java.lang.AssertionError:">java.lang.AssertionError: null
		at org.junit.Assert.fail(Assert.java:86)
		at org.junit.Assert.assertTrue(Assert.java:41)
		at org.junit.Assert.assertTrue(Assert.java:52)
		at se.redmind.rmtest.selenium.example.CreateRandomRes3.random14(CreateRandomRes3.java:128)
	</failure>
</testcase>
<testcase name="random1[OSX_10.9.5_UNKNOWN_chrome_42]" classname="se.redmind.rmtest.selenium.example.RandomClass2(20150125-080114)" time="0.7459471"/>
<testcase name="random1[OSX_10.9.5_UNKNOWN_explorer_10]" classname="se.redmind.rmtest.selenium.example.RandomClass2(20150125-080114)" time="1.6399108"/>
<testcase name="random1[OSX_10.9.5_UNKNOWN_opera_15]" classname="se.redmind.rmtest.selenium.example.RandomClass2(20150125-080114)" time="1.8780365"/>
<testcase name="random1[Windows_8.1_UNKNOWN_firefox_31]" classname="se.redmind.rmtest.selenium.example.RandomClass2(20150125-080114)" time="1.0467683"/>
<testcase name="random1[Windows_8.1_UNKNOWN_chrome_42]" classname="se.redmind.rmtest.selenium.example.RandomClass2(20150125-080114)" time="0.4323331"/>
<testcase name="random1[Windows_8.1_UNKNOWN_explorer_10]" classname="se.redmind.rmtest.selenium.example.RandomClass2(20150125-080114)" time="1.2579563"/>
<testcase name="random1[Windows_8.1_UNKNOWN_opera_15]" classname="se.redmind.rmtest.selenium.example.RandomClass2(20150125-080114)" time="1.3682575">
	<failure type="java.lang.AssertionError:">java.lang.AssertionError: null
		at org.junit.Assert.fail(Assert.java:86)
		at org.junit.Assert.assertTrue(Assert.java:41)
		at org.junit.Assert.assertTrue(Assert.java:52)
		at se.redmind.rmtest.selenium.example.CreateRandomRes3.random14(CreateRandomRes3.java:128)
	</failure>
</testcase>
<testcase name="random1[Windows_10_UNKNOWN_firefox_31]" classname="se.redmind.rmtest.selenium.example.RandomClass2(20150125-080114)" time="0.54001117"/>
<testcase name="random1[Windows_10_UNKNOWN_chrome_42]" classname="se.redmind.rmtest.selenium.example.RandomClass2(20150125-080114)" time="0.8792118"/>
<testcase name="random1[Windows_10_UNKNOWN_explorer_10]" classname="se.redmind.rmtest.selenium.example.RandomClass2(20150125-080114)" time="0.015322328">
	<failure type="java.lang.AssertionError:">java.lang.AssertionError: null
		at org.junit.Assert.fail(Assert.java:86)
		at org.junit.Assert.assertTrue(Assert.java:41)
		at org.junit.Assert.assertTrue(Assert.java:52)
		at se.redmind.rmtest.selenium.example.CreateRandomRes3.random14(CreateRandomRes3.java:128)
	</failure>
</testcase>
<testcase name="random1[Windows_10_UNKNOWN_opera_15]" classname="se.redmind.rmtest.selenium.example.RandomClass2(20150125-080114)" time="1.6434208"/>
<testcase name="random1[Ubuntu_14.04_UNKNOWN_firefox_31]" classname="se.redmind.rmtest.selenium.example.RandomClass2(20150125-080114)" time="0.15190935"/>
<testcase name="random1[Ubuntu_14.04_UNKNOWN_chrome_42]" classname="se.redmind.rmtest.selenium.example.RandomClass2(20150125-080114)" time="0.6757363"/>
<testcase name="random1[Ubuntu_14.04_UNKNOWN_explorer_10]" classname="se.redmind.rmtest.selenium.example.RandomClass2(20150125-080114)" time="0.03293562"/>
<testcase name="random1[Ubuntu_14.04_UNKNOWN_opera_15]" classname="se.redmind.rmtest.selenium.example.RandomClass2(20150125-080114)" time="0.20308924"/>
<testcase name="random1[Ubuntu_12.10_UNKNOWN_firefox_31]" classname="se.redmind.rmtest.selenium.example.RandomClass2(20150125-080114)" time="1.3506149">
	<failure type="java.lang.AssertionError:">java.lang.AssertionError: null
		at org.junit.Assert.fail(Assert.java:86)
		at org.junit.Assert.assertTrue(Assert.java:41)
		at org.junit.Assert.assertTrue(Assert.java:52)
		at se.redmind.rmtest.selenium.example.CreateRandomRes3.random14(CreateRandomRes3.java:128)
	</failure>
</testcase>
<testcase name="random1[Ubuntu_12.10_UNKNOWN_chrome_42]" classname="se.redmind.rmtest.selenium.example.RandomClass2(20150125-080114)" time="0.8827057">
	<failure type="java.lang.AssertionError:">java.lang.AssertionError: null
		at org.junit.Assert.fail(Assert.java:86)
		at org.junit.Assert.assertTrue(Assert.java:41)
		at org.junit.Assert.assertTrue(Assert.java:52)
		at se.redmind.rmtest.selenium.example.CreateRandomRes3.random14(CreateRandomRes3.java:128)
	</failure>
</testcase>
<testcase name="random1[Ubuntu_12.10_UNKNOWN_explorer_10]" classname="se.redmind.rmtest.selenium.example.RandomClass2(20150125-080114)" time="0.30045676"/>
<testcase name="random1[Ubuntu_12.10_UNKNOWN_opera_15]" classname="se.redmind.rmtest.selenium.example.RandomClass2(20150125-080114)" time="1.2266635"/>
<testcase name="random2[Android_4.4.4_HTC ONE_firefox_31]" classname="se.redmind.rmtest.selenium.example.RandomClass2(20150125-080114)" time="0.9668355"/>
<testcase name="random2[Android_4.4.4_HTC ONE_chrome_42]" classname="se.redmind.rmtest.selenium.example.RandomClass2(20150125-080114)" time="0.1114527"/>
<testcase name="random2[Android_4.4.4_HTC ONE_explorer_10]" classname="se.redmind.rmtest.selenium.example.RandomClass2(20150125-080114)" time="1.2754388"/>
<testcase name="random2[Android_4.4.4_HTC ONE_opera_15]" classname="se.redmind.rmtest.selenium.example.RandomClass2(20150125-080114)" time="1.2835944">
	<failure type="java.lang.AssertionError:">java.lang.AssertionError: null
		at org.junit.Assert.fail(Assert.java:86)
		at org.junit.Assert.assertTrue(Assert.java:41)
		at org.junit.Assert.assertTrue(Assert.java:52)
		at se.redmind.rmtest.selenium.example.CreateRandomRes3.random14(CreateRandomRes3.java:128)
	</failure>
</testcase>
<testcase name="random2[Android_2.3_VeiVei_firefox_31]" classname="se.redmind.rmtest.selenium.example.RandomClass2(20150125-080114)" time="0.6628065">
	<failure type="java.lang.AssertionError:">java.lang.AssertionError: null
		at org.junit.Assert.fail(Assert.java:86)
		at org.junit.Assert.assertTrue(Assert.java:41)
		at org.junit.Assert.assertTrue(Assert.java:52)
		at se.redmind.rmtest.selenium.example.CreateRandomRes3.random14(CreateRandomRes3.java:128)
	</failure>
</testcase>
<testcase name="random2[Android_2.3_VeiVei_chrome_42]" classname="se.redmind.rmtest.selenium.example.RandomClass2(20150125-080114)" time="1.6643028"/>
<testcase name="random2[Android_2.3_VeiVei_explorer_10]" classname="se.redmind.rmtest.selenium.example.RandomClass2(20150125-080114)" time="0.09008515"/>
<testcase name="random2[Android_2.3_VeiVei_opera_15]" classname="se.redmind.rmtest.selenium.example.RandomClass2(20150125-080114)" time="0.016667604"/>
<testcase name="random2[Android_4.4.4_Sony Experia Z3_firefox_31]" classname="se.redmind.rmtest.selenium.example.RandomClass2(20150125-080114)" time="0.0070068836">
	<failure type="java.lang.AssertionError:">java.lang.AssertionError: null
		at org.junit.Assert.fail(Assert.java:86)
		at org.junit.Assert.assertTrue(Assert.java:41)
		at org.junit.Assert.assertTrue(Assert.java:52)
		at se.redmind.rmtest.selenium.example.CreateRandomRes3.random14(CreateRandomRes3.java:128)
	</failure>
</testcase>
<testcase name="random2[Android_4.4.4_Sony Experia Z3_chrome_42]" classname="se.redmind.rmtest.selenium.example.RandomClass2(20150125-080114)" time="0.46043408"/>
<testcase name="random2[Android_4.4.4_Sony Experia Z3_explorer_10]" classname="se.redmind.rmtest.selenium.example.RandomClass2(20150125-080114)" time="0.16895854"/>
<testcase name="random2[Android_4.4.4_Sony Experia Z3_opera_15]" classname="se.redmind.rmtest.selenium.example.RandomClass2(20150125-080114)" time="1.3039364"/>
<testcase name="random2[IOS_4_iPhone 3Gs_firefox_31]" classname="se.redmind.rmtest.selenium.example.RandomClass2(20150125-080114)" time="0.15482831"/>
<testcase name="random2[IOS_4_iPhone 3Gs_chrome_42]" classname="se.redmind.rmtest.selenium.example.RandomClass2(20150125-080114)" time="0.07559872"/>
<testcase name="random2[IOS_4_iPhone 3Gs_explorer_10]" classname="se.redmind.rmtest.selenium.example.RandomClass2(20150125-080114)" time="1.8570559">
	<failure type="java.lang.AssertionError:">java.lang.AssertionError: null
		at org.junit.Assert.fail(Assert.java:86)
		at org.junit.Assert.assertTrue(Assert.java:41)
		at org.junit.Assert.assertTrue(Assert.java:52)
		at se.redmind.rmtest.selenium.example.CreateRandomRes3.random14(CreateRandomRes3.java:128)
	</failure>
</testcase>
<testcase name="random2[IOS_4_iPhone 3Gs_opera_15]" classname="se.redmind.rmtest.selenium.example.RandomClass2(20150125-080114)" time="0.81881666">
	<failure type="java.lang.AssertionError:">java.lang.AssertionError: null
		at org.junit.Assert.fail(Assert.java:86)
		at org.junit.Assert.assertTrue(Assert.java:41)
		at org.junit.Assert.assertTrue(Assert.java:52)
		at se.redmind.rmtest.selenium.example.CreateRandomRes3.random14(CreateRandomRes3.java:128)
	</failure>
</testcase>
<testcase name="random2[OSX_10.9.5_UNKNOWN_firefox_31]" classname="se.redmind.rmtest.selenium.example.RandomClass2(20150125-080114)" time="0.6998812"/>
<testcase name="random2[OSX_10.9.5_UNKNOWN_chrome_42]" classname="se.redmind.rmtest.selenium.example.RandomClass2(20150125-080114)" time="1.326278">
	<failure type="java.lang.AssertionError:">java.lang.AssertionError: null
		at org.junit.Assert.fail(Assert.java:86)
		at org.junit.Assert.assertTrue(Assert.java:41)
		at org.junit.Assert.assertTrue(Assert.java:52)
		at se.redmind.rmtest.selenium.example.CreateRandomRes3.random14(CreateRandomRes3.java:128)
	</failure>
</testcase>
<testcase name="random2[OSX_10.9.5_UNKNOWN_explorer_10]" classname="se.redmind.rmtest.selenium.example.RandomClass2(20150125-080114)" time="1.1646081"/>
<testcase name="random2[OSX_10.9.5_UNKNOWN_opera_15]" classname="se.redmind.rmtest.selenium.example.RandomClass2(20150125-080114)" time="1.2775341">
	<failure type="java.lang.AssertionError:">java.lang.AssertionError: null
		at org.junit.Assert.fail(Assert.java:86)
		at org.junit.Assert.assertTrue(Assert.java:41)
		at org.junit.Assert.assertTrue(Assert.java:52)
		at se.redmind.rmtest.selenium.example.CreateRandomRes3.random14(CreateRandomRes3.java:128)
	</failure>
</testcase>
<testcase name="random2[Windows_8.1_UNKNOWN_firefox_31]" classname="se.redmind.rmtest.selenium.example.RandomClass2(20150125-080114)" time="1.7243888"/>
<testcase name="random2[Windows_8.1_UNKNOWN_chrome_42]" classname="se.redmind.rmtest.selenium.example.RandomClass2(20150125-080114)" time="0.8576747"/>
<testcase name="random2[Windows_8.1_UNKNOWN_explorer_10]" classname="se.redmind.rmtest.selenium.example.RandomClass2(20150125-080114)" time="1.0883217"/>
<testcase name="random2[Windows_8.1_UNKNOWN_opera_15]" classname="se.redmind.rmtest.selenium.example.RandomClass2(20150125-080114)" time="0.3656659"/>
<testcase name="random2[Windows_10_UNKNOWN_firefox_31]" classname="se.redmind.rmtest.selenium.example.RandomClass2(20150125-080114)" time="1.5673714"/>
<testcase name="random2[Windows_10_UNKNOWN_chrome_42]" classname="se.redmind.rmtest.selenium.example.RandomClass2(20150125-080114)" time="0.82408535">
	<failure type="java.lang.AssertionError:">java.lang.AssertionError: null
		at org.junit.Assert.fail(Assert.java:86)
		at org.junit.Assert.assertTrue(Assert.java:41)
		at org.junit.Assert.assertTrue(Assert.java:52)
		at se.redmind.rmtest.selenium.example.CreateRandomRes3.random14(CreateRandomRes3.java:128)
	</failure>
</testcase>
<testcase name="random2[Windows_10_UNKNOWN_explorer_10]" classname="se.redmind.rmtest.selenium.example.RandomClass2(20150125-080114)" time="1.2182732">
	<failure type="java.lang.AssertionError:">java.lang.AssertionError: null
		at org.junit.Assert.fail(Assert.java:86)
		at org.junit.Assert.assertTrue(Assert.java:41)
		at org.junit.Assert.assertTrue(Assert.java:52)
		at se.redmind.rmtest.selenium.example.CreateRandomRes3.random14(CreateRandomRes3.java:128)
	</failure>
</testcase>
<testcase name="random2[Windows_10_UNKNOWN_opera_15]" classname="se.redmind.rmtest.selenium.example.RandomClass2(20150125-080114)" time="1.057293"/>
<testcase name="random2[Ubuntu_14.04_UNKNOWN_firefox_31]" classname="se.redmind.rmtest.selenium.example.RandomClass2(20150125-080114)" time="0.64769375"/>
<testcase name="random2[Ubuntu_14.04_UNKNOWN_chrome_42]" classname="se.redmind.rmtest.selenium.example.RandomClass2(20150125-080114)" time="0.93996227"/>
<testcase name="random2[Ubuntu_14.04_UNKNOWN_explorer_10]" classname="se.redmind.rmtest.selenium.example.RandomClass2(20150125-080114)" time="0.18433785"/>
<testcase name="random2[Ubuntu_14.04_UNKNOWN_opera_15]" classname="se.redmind.rmtest.selenium.example.RandomClass2(20150125-080114)" time="1.1309909"/>
<testcase name="random2[Ubuntu_12.10_UNKNOWN_firefox_31]" classname="se.redmind.rmtest.selenium.example.RandomClass2(20150125-080114)" time="0.46089292">
	<failure type="java.lang.AssertionError:">java.lang.AssertionError: null
		at org.junit.Assert.fail(Assert.java:86)
		at org.junit.Assert.assertTrue(Assert.java:41)
		at org.junit.Assert.assertTrue(Assert.java:52)
		at se.redmind.rmtest.selenium.example.CreateRandomRes3.random14(CreateRandomRes3.java:128)
	</failure>
</testcase>
<testcase name="random2[Ubuntu_12.10_UNKNOWN_chrome_42]" classname="se.redmind.rmtest.selenium.example.RandomClass2(20150125-080114)" time="1.3348478">
	<failure type="java.lang.AssertionError:">java.lang.AssertionError: null
		at org.junit.Assert.fail(Assert.java:86)
		at org.junit.Assert.assertTrue(Assert.java:41)
		at org.junit.Assert.assertTrue(Assert.java:52)
		at se.redmind.rmtest.selenium.example.CreateRandomRes3.random14(CreateRandomRes3.java:128)
	</failure>
</testcase>
<testcase name="random2[Ubuntu_12.10_UNKNOWN_explorer_10]" classname="se.redmind.rmtest.selenium.example.RandomClass2(20150125-080114)" time="1.4283835"/>
<testcase name="random2[Ubuntu_12.10_UNKNOWN_opera_15]" classname="se.redmind.rmtest.selenium.example.RandomClass2(20150125-080114)" time="1.197133"/>
<testcase name="random3[Android_4.4.4_HTC ONE_firefox_31]" classname="se.redmind.rmtest.selenium.example.RandomClass2(20150125-080114)" time="0.0627141"/>
<testcase name="random3[Android_4.4.4_HTC ONE_chrome_42]" classname="se.redmind.rmtest.selenium.example.RandomClass2(20150125-080114)" time="1.8058592"/>
<testcase name="random3[Android_4.4.4_HTC ONE_explorer_10]" classname="se.redmind.rmtest.selenium.example.RandomClass2(20150125-080114)" time="0.6806352">
	<error type="java.lang.AssertionError:">java.lang.AssertionError: null
		at org.junit.Assert.fail(Assert.java:86)
		at org.junit.Assert.assertTrue(Assert.java:41)
		at org.junit.Assert.assertTrue(Assert.java:52)
		at se.redmind.rmtest.selenium.example.CreateRandomRes3.random14(CreateRandomRes3.java:128)
	</error>
</testcase>
<testcase name="random3[Android_4.4.4_HTC ONE_opera_15]" classname="se.redmind.rmtest.selenium.example.RandomClass2(20150125-080114)" time="0.9433528">
	<failure type="java.lang.AssertionError:">java.lang.AssertionError: null
		at org.junit.Assert.fail(Assert.java:86)
		at org.junit.Assert.assertTrue(Assert.java:41)
		at org.junit.Assert.assertTrue(Assert.java:52)
		at se.redmind.rmtest.selenium.example.CreateRandomRes3.random14(CreateRandomRes3.java:128)
	</failure>
</testcase>
<testcase name="random3[Android_2.3_VeiVei_firefox_31]" classname="se.redmind.rmtest.selenium.example.RandomClass2(20150125-080114)" time="1.7294908"/>
<testcase name="random3[Android_2.3_VeiVei_chrome_42]" classname="se.redmind.rmtest.selenium.example.RandomClass2(20150125-080114)" time="0.434772"/>
<testcase name="random3[Android_2.3_VeiVei_explorer_10]" classname="se.redmind.rmtest.selenium.example.RandomClass2(20150125-080114)" time="0.7924799"/>
<testcase name="random3[Android_2.3_VeiVei_opera_15]" classname="se.redmind.rmtest.selenium.example.RandomClass2(20150125-080114)" time="1.7025898"/>
<testcase name="random3[Android_4.4.4_Sony Experia Z3_firefox_31]" classname="se.redmind.rmtest.selenium.example.RandomClass2(20150125-080114)" time="1.822001"/>
<testcase name="random3[Android_4.4.4_Sony Experia Z3_chrome_42]" classname="se.redmind.rmtest.selenium.example.RandomClass2(20150125-080114)" time="0.652879"/>
<testcase name="random3[Android_4.4.4_Sony Experia Z3_explorer_10]" classname="se.redmind.rmtest.selenium.example.RandomClass2(20150125-080114)" time="0.06289017"/>
<testcase name="random3[Android_4.4.4_Sony Experia Z3_opera_15]" classname="se.redmind.rmtest.selenium.example.RandomClass2(20150125-080114)" time="1.9158698"/>
<testcase name="random3[IOS_4_iPhone 3Gs_firefox_31]" classname="se.redmind.rmtest.selenium.example.RandomClass2(20150125-080114)" time="0.6584883">
<skipped/>
</testcase>
<testcase name="random3[IOS_4_iPhone 3Gs_firefox_31]" classname="se.redmind.rmtest.selenium.example.RandomClass2(20150125-080114)" time="1.9717001"/>
<testcase name="random3[IOS_4_iPhone 3Gs_chrome_42]" classname="se.redmind.rmtest.selenium.example.RandomClass2(20150125-080114)" time="0.7605108">
<skipped/>
</testcase>
<testcase name="random3[IOS_4_iPhone 3Gs_chrome_42]" classname="se.redmind.rmtest.selenium.example.RandomClass2(20150125-080114)" time="0.8533528"/>
<testcase name="random3[IOS_4_iPhone 3Gs_explorer_10]" classname="se.redmind.rmtest.selenium.example.RandomClass2(20150125-080114)" time="0.6237575">
<skipped/>
</testcase>
<testcase name="random3[IOS_4_iPhone 3Gs_explorer_10]" classname="se.redmind.rmtest.selenium.example.RandomClass2(20150125-080114)" time="0.958176"/>
<testcase name="random3[IOS_4_iPhone 3Gs_opera_15]" classname="se.redmind.rmtest.selenium.example.RandomClass2(20150125-080114)" time="0.881053">
<skipped/>
</testcase>
<testcase name="random3[IOS_4_iPhone 3Gs_opera_15]" classname="se.redmind.rmtest.selenium.example.RandomClass2(20150125-080114)" time="1.2213871">
	<failure type="java.lang.AssertionError:">java.lang.AssertionError: null
		at org.junit.Assert.fail(Assert.java:86)
		at org.junit.Assert.assertTrue(Assert.java:41)
		at org.junit.Assert.assertTrue(Assert.java:52)
		at se.redmind.rmtest.selenium.example.CreateRandomRes3.random14(CreateRandomRes3.java:128)
	</failure>
</testcase>
<testcase name="random3[OSX_10.9.5_UNKNOWN_firefox_31]" classname="se.redmind.rmtest.selenium.example.RandomClass2(20150125-080114)" time="0.93374133"/>
<testcase name="random3[OSX_10.9.5_UNKNOWN_chrome_42]" classname="se.redmind.rmtest.selenium.example.RandomClass2(20150125-080114)" time="0.8394048">
	<error type="java.lang.AssertionError:">java.lang.AssertionError: null
		at org.junit.Assert.fail(Assert.java:86)
		at org.junit.Assert.assertTrue(Assert.java:41)
		at org.junit.Assert.assertTrue(Assert.java:52)
		at se.redmind.rmtest.selenium.example.CreateRandomRes3.random14(CreateRandomRes3.java:128)
	</error>
</testcase>
<testcase name="random3[OSX_10.9.5_UNKNOWN_explorer_10]" classname="se.redmind.rmtest.selenium.example.RandomClass2(20150125-080114)" time="0.9494592"/>
<testcase name="random3[OSX_10.9.5_UNKNOWN_opera_15]" classname="se.redmind.rmtest.selenium.example.RandomClass2(20150125-080114)" time="0.3945259">
	<failure type="java.lang.AssertionError:">java.lang.AssertionError: null
		at org.junit.Assert.fail(Assert.java:86)
		at org.junit.Assert.assertTrue(Assert.java:41)
		at org.junit.Assert.assertTrue(Assert.java:52)
		at se.redmind.rmtest.selenium.example.CreateRandomRes3.random14(CreateRandomRes3.java:128)
	</failure>
</testcase>
<testcase name="random3[Windows_8.1_UNKNOWN_firefox_31]" classname="se.redmind.rmtest.selenium.example.RandomClass2(20150125-080114)" time="1.3754092">
	<failure type="java.lang.AssertionError:">java.lang.AssertionError: null
		at org.junit.Assert.fail(Assert.java:86)
		at org.junit.Assert.assertTrue(Assert.java:41)
		at org.junit.Assert.assertTrue(Assert.java:52)
		at se.redmind.rmtest.selenium.example.CreateRandomRes3.random14(CreateRandomRes3.java:128)
	</failure>
</testcase>
<testcase name="random3[Windows_8.1_UNKNOWN_chrome_42]" classname="se.redmind.rmtest.selenium.example.RandomClass2(20150125-080114)" time="1.8229612"/>
<testcase name="random3[Windows_8.1_UNKNOWN_explorer_10]" classname="se.redmind.rmtest.selenium.example.RandomClass2(20150125-080114)" time="0.66417074"/>
<testcase name="random3[Windows_8.1_UNKNOWN_opera_15]" classname="se.redmind.rmtest.selenium.example.RandomClass2(20150125-080114)" time="0.59751594"/>
<testcase name="random3[Windows_10_UNKNOWN_firefox_31]" classname="se.redmind.rmtest.selenium.example.RandomClass2(20150125-080114)" time="0.26627433"/>
<testcase name="random3[Windows_10_UNKNOWN_chrome_42]" classname="se.redmind.rmtest.selenium.example.RandomClass2(20150125-080114)" time="1.84966"/>
<testcase name="random3[Windows_10_UNKNOWN_explorer_10]" classname="se.redmind.rmtest.selenium.example.RandomClass2(20150125-080114)" time="1.9905334">
	<failure type="java.lang.AssertionError:">java.lang.AssertionError: null
		at org.junit.Assert.fail(Assert.java:86)
		at org.junit.Assert.assertTrue(Assert.java:41)
		at org.junit.Assert.assertTrue(Assert.java:52)
		at se.redmind.rmtest.selenium.example.CreateRandomRes3.random14(CreateRandomRes3.java:128)
	</failure>
</testcase>
<testcase name="random3[Windows_10_UNKNOWN_opera_15]" classname="se.redmind.rmtest.selenium.example.RandomClass2(20150125-080114)" time="1.611894"/>
<testcase name="random3[Ubuntu_14.04_UNKNOWN_firefox_31]" classname="se.redmind.rmtest.selenium.example.RandomClass2(20150125-080114)" time="1.959893"/>
<testcase name="random3[Ubuntu_14.04_UNKNOWN_chrome_42]" classname="se.redmind.rmtest.selenium.example.RandomClass2(20150125-080114)" time="0.38622952">
	<failure type="java.lang.AssertionError:">java.lang.AssertionError: null
		at org.junit.Assert.fail(Assert.java:86)
		at org.junit.Assert.assertTrue(Assert.java:41)
		at org.junit.Assert.assertTrue(Assert.java:52)
		at se.redmind.rmtest.selenium.example.CreateRandomRes3.random14(CreateRandomRes3.java:128)
	</failure>
</testcase>
<testcase name="random3[Ubuntu_14.04_UNKNOWN_explorer_10]" classname="se.redmind.rmtest.selenium.example.RandomClass2(20150125-080114)" time="0.6188705"/>
<testcase name="random3[Ubuntu_14.04_UNKNOWN_opera_15]" classname="se.redmind.rmtest.selenium.example.RandomClass2(20150125-080114)" time="0.48759782"/>
<testcase name="random3[Ubuntu_12.10_UNKNOWN_firefox_31]" classname="se.redmind.rmtest.selenium.example.RandomClass2(20150125-080114)" time="1.5182868"/>
<testcase name="random3[Ubuntu_12.10_UNKNOWN_chrome_42]" classname="se.redmind.rmtest.selenium.example.RandomClass2(20150125-080114)" time="1.3832941"/>
<testcase name="random3[Ubuntu_12.10_UNKNOWN_explorer_10]" classname="se.redmind.rmtest.selenium.example.RandomClass2(20150125-080114)" time="1.0633159"/>
<testcase name="random3[Ubuntu_12.10_UNKNOWN_opera_15]" classname="se.redmind.rmtest.selenium.example.RandomClass2(20150125-080114)" time="1.4082817"/>
<testcase name="random4[Android_4.4.4_HTC ONE_firefox_31]" classname="se.redmind.rmtest.selenium.example.RandomClass2(20150125-080114)" time="0.6321213"/>
<testcase name="random4[Android_4.4.4_HTC ONE_chrome_42]" classname="se.redmind.rmtest.selenium.example.RandomClass2(20150125-080114)" time="1.5538988">
	<failure type="java.lang.AssertionError:">java.lang.AssertionError: null
		at org.junit.Assert.fail(Assert.java:86)
		at org.junit.Assert.assertTrue(Assert.java:41)
		at org.junit.Assert.assertTrue(Assert.java:52)
		at se.redmind.rmtest.selenium.example.CreateRandomRes3.random14(CreateRandomRes3.java:128)
	</failure>
</testcase>
<testcase name="random4[Android_4.4.4_HTC ONE_explorer_10]" classname="se.redmind.rmtest.selenium.example.RandomClass2(20150125-080114)" time="0.7862091"/>
<testcase name="random4[Android_4.4.4_HTC ONE_opera_15]" classname="se.redmind.rmtest.selenium.example.RandomClass2(20150125-080114)" time="0.67844963"/>
<testcase name="random4[Android_2.3_VeiVei_firefox_31]" classname="se.redmind.rmtest.selenium.example.RandomClass2(20150125-080114)" time="1.8037212">
	<failure type="java.lang.AssertionError:">java.lang.AssertionError: null
		at org.junit.Assert.fail(Assert.java:86)
		at org.junit.Assert.assertTrue(Assert.java:41)
		at org.junit.Assert.assertTrue(Assert.java:52)
		at se.redmind.rmtest.selenium.example.CreateRandomRes3.random14(CreateRandomRes3.java:128)
	</failure>
</testcase>
<testcase name="random4[Android_2.3_VeiVei_chrome_42]" classname="se.redmind.rmtest.selenium.example.RandomClass2(20150125-080114)" time="1.5722878"/>
<testcase name="random4[Android_2.3_VeiVei_explorer_10]" classname="se.redmind.rmtest.selenium.example.RandomClass2(20150125-080114)" time="0.6918951"/>
<testcase name="random4[Android_2.3_VeiVei_opera_15]" classname="se.redmind.rmtest.selenium.example.RandomClass2(20150125-080114)" time="1.5155956"/>
<testcase name="random4[Android_4.4.4_Sony Experia Z3_firefox_31]" classname="se.redmind.rmtest.selenium.example.RandomClass2(20150125-080114)" time="1.4843909"/>
<testcase name="random4[Android_4.4.4_Sony Experia Z3_chrome_42]" classname="se.redmind.rmtest.selenium.example.RandomClass2(20150125-080114)" time="0.3231119">
	<error type="java.lang.AssertionError:">java.lang.AssertionError: null
		at org.junit.Assert.fail(Assert.java:86)
		at org.junit.Assert.assertTrue(Assert.java:41)
		at org.junit.Assert.assertTrue(Assert.java:52)
		at se.redmind.rmtest.selenium.example.CreateRandomRes3.random14(CreateRandomRes3.java:128)
	</error>
</testcase>
<testcase name="random4[Android_4.4.4_Sony Experia Z3_explorer_10]" classname="se.redmind.rmtest.selenium.example.RandomClass2(20150125-080114)" time="0.9013486">
	<failure type="java.lang.AssertionError:">java.lang.AssertionError: null
		at org.junit.Assert.fail(Assert.java:86)
		at org.junit.Assert.assertTrue(Assert.java:41)
		at org.junit.Assert.assertTrue(Assert.java:52)
		at se.redmind.rmtest.selenium.example.CreateRandomRes3.random14(CreateRandomRes3.java:128)
	</failure>
</testcase>
<testcase name="random4[Android_4.4.4_Sony Experia Z3_opera_15]" classname="se.redmind.rmtest.selenium.example.RandomClass2(20150125-080114)" time="1.3381753"/>
<testcase name="random4[IOS_4_iPhone 3Gs_firefox_31]" classname="se.redmind.rmtest.selenium.example.RandomClass2(20150125-080114)" time="1.3648179"/>
<testcase name="random4[IOS_4_iPhone 3Gs_chrome_42]" classname="se.redmind.rmtest.selenium.example.RandomClass2(20150125-080114)" time="0.91131103"/>
<testcase name="random4[IOS_4_iPhone 3Gs_explorer_10]" classname="se.redmind.rmtest.selenium.example.RandomClass2(20150125-080114)" time="1.956473"/>
<testcase name="random4[IOS_4_iPhone 3Gs_opera_15]" classname="se.redmind.rmtest.selenium.example.RandomClass2(20150125-080114)" time="0.18096447"/>
<testcase name="random4[OSX_10.9.5_UNKNOWN_firefox_31]" classname="se.redmind.rmtest.selenium.example.RandomClass2(20150125-080114)" time="0.31097746">
	<failure type="java.lang.AssertionError:">java.lang.AssertionError: null
		at org.junit.Assert.fail(Assert.java:86)
		at org.junit.Assert.assertTrue(Assert.java:41)
		at org.junit.Assert.assertTrue(Assert.java:52)
		at se.redmind.rmtest.selenium.example.CreateRandomRes3.random14(CreateRandomRes3.java:128)
	</failure>
</testcase>
<testcase name="random4[OSX_10.9.5_UNKNOWN_chrome_42]" classname="se.redmind.rmtest.selenium.example.RandomClass2(20150125-080114)" time="0.37071502"/>
<testcase name="random4[OSX_10.9.5_UNKNOWN_explorer_10]" classname="se.redmind.rmtest.selenium.example.RandomClass2(20150125-080114)" time="0.4760555"/>
<testcase name="random4[OSX_10.9.5_UNKNOWN_opera_15]" classname="se.redmind.rmtest.selenium.example.RandomClass2(20150125-080114)" time="0.77516735">
	<failure type="java.lang.AssertionError:">java.lang.AssertionError: null
		at org.junit.Assert.fail(Assert.java:86)
		at org.junit.Assert.assertTrue(Assert.java:41)
		at org.junit.Assert.assertTrue(Assert.java:52)
		at se.redmind.rmtest.selenium.example.CreateRandomRes3.random14(CreateRandomRes3.java:128)
	</failure>
</testcase>
<testcase name="random4[Windows_8.1_UNKNOWN_firefox_31]" classname="se.redmind.rmtest.selenium.example.RandomClass2(20150125-080114)" time="0.9032682"/>
<testcase name="random4[Windows_8.1_UNKNOWN_chrome_42]" classname="se.redmind.rmtest.selenium.example.RandomClass2(20150125-080114)" time="1.4505602">
	<failure type="java.lang.AssertionError:">java.lang.AssertionError: null
		at org.junit.Assert.fail(Assert.java:86)
		at org.junit.Assert.assertTrue(Assert.java:41)
		at org.junit.Assert.assertTrue(Assert.java:52)
		at se.redmind.rmtest.selenium.example.CreateRandomRes3.random14(CreateRandomRes3.java:128)
	</failure>
</testcase>
<testcase name="random4[Windows_8.1_UNKNOWN_explorer_10]" classname="se.redmind.rmtest.selenium.example.RandomClass2(20150125-080114)" time="0.15328574"/>
<testcase name="random4[Windows_8.1_UNKNOWN_opera_15]" classname="se.redmind.rmtest.selenium.example.RandomClass2(20150125-080114)" time="0.31452596">
	<failure type="java.lang.AssertionError:">java.lang.AssertionError: null
		at org.junit.Assert.fail(Assert.java:86)
		at org.junit.Assert.assertTrue(Assert.java:41)
		at org.junit.Assert.assertTrue(Assert.java:52)
		at se.redmind.rmtest.selenium.example.CreateRandomRes3.random14(CreateRandomRes3.java:128)
	</failure>
</testcase>
<testcase name="random4[Windows_10_UNKNOWN_firefox_31]" classname="se.redmind.rmtest.selenium.example.RandomClass2(20150125-080114)" time="1.8926342"/>
<testcase name="random4[Windows_10_UNKNOWN_chrome_42]" classname="se.redmind.rmtest.selenium.example.RandomClass2(20150125-080114)" time="0.08759856"/>
<testcase name="random4[Windows_10_UNKNOWN_explorer_10]" classname="se.redmind.rmtest.selenium.example.RandomClass2(20150125-080114)" time="1.9417814"/>
<testcase name="random4[Windows_10_UNKNOWN_opera_15]" classname="se.redmind.rmtest.selenium.example.RandomClass2(20150125-080114)" time="0.19905901">
	<failure type="java.lang.AssertionError:">java.lang.AssertionError: null
		at org.junit.Assert.fail(Assert.java:86)
		at org.junit.Assert.assertTrue(Assert.java:41)
		at org.junit.Assert.assertTrue(Assert.java:52)
		at se.redmind.rmtest.selenium.example.CreateRandomRes3.random14(CreateRandomRes3.java:128)
	</failure>
</testcase>
<testcase name="random4[Ubuntu_14.04_UNKNOWN_firefox_31]" classname="se.redmind.rmtest.selenium.example.RandomClass2(20150125-080114)" time="0.79761565"/>
<testcase name="random4[Ubuntu_14.04_UNKNOWN_chrome_42]" classname="se.redmind.rmtest.selenium.example.RandomClass2(20150125-080114)" time="1.8648309"/>
<testcase name="random4[Ubuntu_14.04_UNKNOWN_explorer_10]" classname="se.redmind.rmtest.selenium.example.RandomClass2(20150125-080114)" time="1.6274184"/>
<testcase name="random4[Ubuntu_14.04_UNKNOWN_opera_15]" classname="se.redmind.rmtest.selenium.example.RandomClass2(20150125-080114)" time="1.0808651"/>
<testcase name="random4[Ubuntu_12.10_UNKNOWN_firefox_31]" classname="se.redmind.rmtest.selenium.example.RandomClass2(20150125-080114)" time="1.2043161">
	<failure type="java.lang.AssertionError:">java.lang.AssertionError: null
		at org.junit.Assert.fail(Assert.java:86)
		at org.junit.Assert.assertTrue(Assert.java:41)
		at org.junit.Assert.assertTrue(Assert.java:52)
		at se.redmind.rmtest.selenium.example.CreateRandomRes3.random14(CreateRandomRes3.java:128)
	</failure>
</testcase>
<testcase name="random4[Ubuntu_12.10_UNKNOWN_chrome_42]" classname="se.redmind.rmtest.selenium.example.RandomClass2(20150125-080114)" time="1.3375111"/>
<testcase name="random4[Ubuntu_12.10_UNKNOWN_explorer_10]" classname="se.redmind.rmtest.selenium.example.RandomClass2(20150125-080114)" time="0.53080297"/>
<testcase name="random4[Ubuntu_12.10_UNKNOWN_opera_15]" classname="se.redmind.rmtest.selenium.example.RandomClass2(20150125-080114)" time="1.9154061">
	<failure type="java.lang.AssertionError:">java.lang.AssertionError: null
		at org.junit.Assert.fail(Assert.java:86)
		at org.junit.Assert.assertTrue(Assert.java:41)
		at org.junit.Assert.assertTrue(Assert.java:52)
		at se.redmind.rmtest.selenium.example.CreateRandomRes3.random14(CreateRandomRes3.java:128)
	</failure>
</testcase>
<testcase name="random1[Android_4.4.4_HTC ONE_firefox_31]" classname="se.redmind.rmtest.selenium.example.RandomClass3(20150125-080114)" time="0.039615393"/>
<testcase name="random1[Android_4.4.4_HTC ONE_chrome_42]" classname="se.redmind.rmtest.selenium.example.RandomClass3(20150125-080114)" time="1.7830471"/>
<testcase name="random1[Android_4.4.4_HTC ONE_explorer_10]" classname="se.redmind.rmtest.selenium.example.RandomClass3(20150125-080114)" time="1.3061284">
	<failure type="java.lang.AssertionError:">java.lang.AssertionError: null
		at org.junit.Assert.fail(Assert.java:86)
		at org.junit.Assert.assertTrue(Assert.java:41)
		at org.junit.Assert.assertTrue(Assert.java:52)
		at se.redmind.rmtest.selenium.example.CreateRandomRes3.random14(CreateRandomRes3.java:128)
	</failure>
</testcase>
<testcase name="random1[Android_4.4.4_HTC ONE_opera_15]" classname="se.redmind.rmtest.selenium.example.RandomClass3(20150125-080114)" time="0.26620293">
	<failure type="java.lang.AssertionError:">java.lang.AssertionError: null
		at org.junit.Assert.fail(Assert.java:86)
		at org.junit.Assert.assertTrue(Assert.java:41)
		at org.junit.Assert.assertTrue(Assert.java:52)
		at se.redmind.rmtest.selenium.example.CreateRandomRes3.random14(CreateRandomRes3.java:128)
	</failure>
</testcase>
<testcase name="random1[Android_4.4.4_Sony Experia Z3_firefox_31]" classname="se.redmind.rmtest.selenium.example.RandomClass3(20150125-080114)" time="1.4778244"/>
<testcase name="random1[Android_4.4.4_Sony Experia Z3_chrome_42]" classname="se.redmind.rmtest.selenium.example.RandomClass3(20150125-080114)" time="0.662112">
	<failure type="java.lang.AssertionError:">java.lang.AssertionError: null
		at org.junit.Assert.fail(Assert.java:86)
		at org.junit.Assert.assertTrue(Assert.java:41)
		at org.junit.Assert.assertTrue(Assert.java:52)
		at se.redmind.rmtest.selenium.example.CreateRandomRes3.random14(CreateRandomRes3.java:128)
	</failure>
</testcase>
<testcase name="random1[Android_4.4.4_Sony Experia Z3_explorer_10]" classname="se.redmind.rmtest.selenium.example.RandomClass3(20150125-080114)" time="0.038606763">
	<failure type="java.lang.AssertionError:">java.lang.AssertionError: null
		at org.junit.Assert.fail(Assert.java:86)
		at org.junit.Assert.assertTrue(Assert.java:41)
		at org.junit.Assert.assertTrue(Assert.java:52)
		at se.redmind.rmtest.selenium.example.CreateRandomRes3.random14(CreateRandomRes3.java:128)
	</failure>
</testcase>
<testcase name="random1[Android_4.4.4_Sony Experia Z3_opera_15]" classname="se.redmind.rmtest.selenium.example.RandomClass3(20150125-080114)" time="0.91068673"/>
<testcase name="random1[IOS_8.2_iPhone 6_firefox_31]" classname="se.redmind.rmtest.selenium.example.RandomClass3(20150125-080114)" time="1.3491225">
	<failure type="java.lang.AssertionError:">java.lang.AssertionError: null
		at org.junit.Assert.fail(Assert.java:86)
		at org.junit.Assert.assertTrue(Assert.java:41)
		at org.junit.Assert.assertTrue(Assert.java:52)
		at se.redmind.rmtest.selenium.example.CreateRandomRes3.random14(CreateRandomRes3.java:128)
	</failure>
</testcase>
<testcase name="random1[IOS_8.2_iPhone 6_chrome_42]" classname="se.redmind.rmtest.selenium.example.RandomClass3(20150125-080114)" time="0.15292072">
	<failure type="java.lang.AssertionError:">java.lang.AssertionError: null
		at org.junit.Assert.fail(Assert.java:86)
		at org.junit.Assert.assertTrue(Assert.java:41)
		at org.junit.Assert.assertTrue(Assert.java:52)
		at se.redmind.rmtest.selenium.example.CreateRandomRes3.random14(CreateRandomRes3.java:128)
	</failure>
</testcase>
<testcase name="random1[IOS_8.2_iPhone 6_explorer_10]" classname="se.redmind.rmtest.selenium.example.RandomClass3(20150125-080114)" time="1.0981708"/>
<testcase name="random1[IOS_8.2_iPhone 6_opera_15]" classname="se.redmind.rmtest.selenium.example.RandomClass3(20150125-080114)" time="1.984364">
	<failure type="java.lang.AssertionError:">java.lang.AssertionError: null
		at org.junit.Assert.fail(Assert.java:86)
		at org.junit.Assert.assertTrue(Assert.java:41)
		at org.junit.Assert.assertTrue(Assert.java:52)
		at se.redmind.rmtest.selenium.example.CreateRandomRes3.random14(CreateRandomRes3.java:128)
	</failure>
</testcase>
<testcase name="random1[IOS_4_iPhone 3Gs_firefox_31]" classname="se.redmind.rmtest.selenium.example.RandomClass3(20150125-080114)" time="0.38572967"/>
<testcase name="random1[IOS_4_iPhone 3Gs_chrome_42]" classname="se.redmind.rmtest.selenium.example.RandomClass3(20150125-080114)" time="1.6875798"/>
<testcase name="random1[IOS_4_iPhone 3Gs_explorer_10]" classname="se.redmind.rmtest.selenium.example.RandomClass3(20150125-080114)" time="0.7766205"/>
<testcase name="random1[IOS_4_iPhone 3Gs_opera_15]" classname="se.redmind.rmtest.selenium.example.RandomClass3(20150125-080114)" time="1.0671024">
	<failure type="java.lang.AssertionError:">java.lang.AssertionError: null
		at org.junit.Assert.fail(Assert.java:86)
		at org.junit.Assert.assertTrue(Assert.java:41)
		at org.junit.Assert.assertTrue(Assert.java:52)
		at se.redmind.rmtest.selenium.example.CreateRandomRes3.random14(CreateRandomRes3.java:128)
	</failure>
</testcase>
<testcase name="random1[OSX_10.9.5_UNKNOWN_firefox_31]" classname="se.redmind.rmtest.selenium.example.RandomClass3(20150125-080114)" time="1.9310161">
	<failure type="java.lang.AssertionError:">java.lang.AssertionError: null
		at org.junit.Assert.fail(Assert.java:86)
		at org.junit.Assert.assertTrue(Assert.java:41)
		at org.junit.Assert.assertTrue(Assert.java:52)
		at se.redmind.rmtest.selenium.example.CreateRandomRes3.random14(CreateRandomRes3.java:128)
	</failure>
</testcase>
<testcase name="random1[OSX_10.9.5_UNKNOWN_chrome_42]" classname="se.redmind.rmtest.selenium.example.RandomClass3(20150125-080114)" time="1.0201428"/>
<testcase name="random1[OSX_10.9.5_UNKNOWN_explorer_10]" classname="se.redmind.rmtest.selenium.example.RandomClass3(20150125-080114)" time="1.0812304">
	<failure type="java.lang.AssertionError:">java.lang.AssertionError: null
		at org.junit.Assert.fail(Assert.java:86)
		at org.junit.Assert.assertTrue(Assert.java:41)
		at org.junit.Assert.assertTrue(Assert.java:52)
		at se.redmind.rmtest.selenium.example.CreateRandomRes3.random14(CreateRandomRes3.java:128)
	</failure>
</testcase>
<testcase name="random1[OSX_10.9.5_UNKNOWN_opera_15]" classname="se.redmind.rmtest.selenium.example.RandomClass3(20150125-080114)" time="1.2166822"/>
<testcase name="random1[Windows_8.1_UNKNOWN_firefox_31]" classname="se.redmind.rmtest.selenium.example.RandomClass3(20150125-080114)" time="0.57194126">
	<failure type="java.lang.AssertionError:">java.lang.AssertionError: null
		at org.junit.Assert.fail(Assert.java:86)
		at org.junit.Assert.assertTrue(Assert.java:41)
		at org.junit.Assert.assertTrue(Assert.java:52)
		at se.redmind.rmtest.selenium.example.CreateRandomRes3.random14(CreateRandomRes3.java:128)
	</failure>
</testcase>
<testcase name="random1[Windows_8.1_UNKNOWN_chrome_42]" classname="se.redmind.rmtest.selenium.example.RandomClass3(20150125-080114)" time="0.50326526"/>
<testcase name="random1[Windows_8.1_UNKNOWN_explorer_10]" classname="se.redmind.rmtest.selenium.example.RandomClass3(20150125-080114)" time="1.3991611"/>
<testcase name="random1[Windows_8.1_UNKNOWN_opera_15]" classname="se.redmind.rmtest.selenium.example.RandomClass3(20150125-080114)" time="0.0670073">
	<failure type="java.lang.AssertionError:">java.lang.AssertionError: null
		at org.junit.Assert.fail(Assert.java:86)
		at org.junit.Assert.assertTrue(Assert.java:41)
		at org.junit.Assert.assertTrue(Assert.java:52)
		at se.redmind.rmtest.selenium.example.CreateRandomRes3.random14(CreateRandomRes3.java:128)
	</failure>
</testcase>
<testcase name="random1[Ubuntu_14.04_UNKNOWN_firefox_31]" classname="se.redmind.rmtest.selenium.example.RandomClass3(20150125-080114)" time="0.30587733"/>
<testcase name="random1[Ubuntu_14.04_UNKNOWN_chrome_42]" classname="se.redmind.rmtest.selenium.example.RandomClass3(20150125-080114)" time="0.5583823"/>
<testcase name="random1[Ubuntu_14.04_UNKNOWN_explorer_10]" classname="se.redmind.rmtest.selenium.example.RandomClass3(20150125-080114)" time="1.3486392">
	<failure type="java.lang.AssertionError:">java.lang.AssertionError: null
		at org.junit.Assert.fail(Assert.java:86)
		at org.junit.Assert.assertTrue(Assert.java:41)
		at org.junit.Assert.assertTrue(Assert.java:52)
		at se.redmind.rmtest.selenium.example.CreateRandomRes3.random14(CreateRandomRes3.java:128)
	</failure>
</testcase>
<testcase name="random1[Ubuntu_14.04_UNKNOWN_opera_15]" classname="se.redmind.rmtest.selenium.example.RandomClass3(20150125-080114)" time="0.9806118"/>
<testcase name="random1[Ubuntu_12.10_UNKNOWN_firefox_31]" classname="se.redmind.rmtest.selenium.example.RandomClass3(20150125-080114)" time="0.6590879"/>
<testcase name="random1[Ubuntu_12.10_UNKNOWN_chrome_42]" classname="se.redmind.rmtest.selenium.example.RandomClass3(20150125-080114)" time="0.4197544"/>
<testcase name="random1[Ubuntu_12.10_UNKNOWN_explorer_10]" classname="se.redmind.rmtest.selenium.example.RandomClass3(20150125-080114)" time="1.442414">
	<failure type="java.lang.AssertionError:">java.lang.AssertionError: null
		at org.junit.Assert.fail(Assert.java:86)
		at org.junit.Assert.assertTrue(Assert.java:41)
		at org.junit.Assert.assertTrue(Assert.java:52)
		at se.redmind.rmtest.selenium.example.CreateRandomRes3.random14(CreateRandomRes3.java:128)
	</failure>
</testcase>
<testcase name="random1[Ubuntu_12.10_UNKNOWN_opera_15]" classname="se.redmind.rmtest.selenium.example.RandomClass3(20150125-080114)" time="0.19464219"/>
<testcase name="random2[Android_4.4.4_HTC ONE_firefox_31]" classname="se.redmind.rmtest.selenium.example.RandomClass3(20150125-080114)" time="1.8780525"/>
<testcase name="random2[Android_4.4.4_HTC ONE_chrome_42]" classname="se.redmind.rmtest.selenium.example.RandomClass3(20150125-080114)" time="0.31966853"/>
<testcase name="random2[Android_4.4.4_HTC ONE_explorer_10]" classname="se.redmind.rmtest.selenium.example.RandomClass3(20150125-080114)" time="0.13557017">
	<failure type="java.lang.AssertionError:">java.lang.AssertionError: null
		at org.junit.Assert.fail(Assert.java:86)
		at org.junit.Assert.assertTrue(Assert.java:41)
		at org.junit.Assert.assertTrue(Assert.java:52)
		at se.redmind.rmtest.selenium.example.CreateRandomRes3.random14(CreateRandomRes3.java:128)
	</failure>
</testcase>
<testcase name="random2[Android_4.4.4_HTC ONE_opera_15]" classname="se.redmind.rmtest.selenium.example.RandomClass3(20150125-080114)" time="0.5116621"/>
<testcase name="random2[Android_4.4.4_Sony Experia Z3_firefox_31]" classname="se.redmind.rmtest.selenium.example.RandomClass3(20150125-080114)" time="1.4266559"/>
<testcase name="random2[Android_4.4.4_Sony Experia Z3_chrome_42]" classname="se.redmind.rmtest.selenium.example.RandomClass3(20150125-080114)" time="1.5436695">
	<failure type="java.lang.AssertionError:">java.lang.AssertionError: null
		at org.junit.Assert.fail(Assert.java:86)
		at org.junit.Assert.assertTrue(Assert.java:41)
		at org.junit.Assert.assertTrue(Assert.java:52)
		at se.redmind.rmtest.selenium.example.CreateRandomRes3.random14(CreateRandomRes3.java:128)
	</failure>
</testcase>
<testcase name="random2[Android_4.4.4_Sony Experia Z3_explorer_10]" classname="se.redmind.rmtest.selenium.example.RandomClass3(20150125-080114)" time="1.438768"/>
<testcase name="random2[Android_4.4.4_Sony Experia Z3_opera_15]" classname="se.redmind.rmtest.selenium.example.RandomClass3(20150125-080114)" time="0.75055814"/>
<testcase name="random2[IOS_8.2_iPhone 6_firefox_31]" classname="se.redmind.rmtest.selenium.example.RandomClass3(20150125-080114)" time="0.8436495"/>
<testcase name="random2[IOS_8.2_iPhone 6_chrome_42]" classname="se.redmind.rmtest.selenium.example.RandomClass3(20150125-080114)" time="0.12965584"/>
<testcase name="random2[IOS_8.2_iPhone 6_explorer_10]" classname="se.redmind.rmtest.selenium.example.RandomClass3(20150125-080114)" time="4.1854382E-4">
	<failure type="java.lang.AssertionError:">java.lang.AssertionError: null
		at org.junit.Assert.fail(Assert.java:86)
		at org.junit.Assert.assertTrue(Assert.java:41)
		at org.junit.Assert.assertTrue(Assert.java:52)
		at se.redmind.rmtest.selenium.example.CreateRandomRes3.random14(CreateRandomRes3.java:128)
	</failure>
</testcase>
<testcase name="random2[IOS_8.2_iPhone 6_opera_15]" classname="se.redmind.rmtest.selenium.example.RandomClass3(20150125-080114)" time="1.3287206"/>
<testcase name="random2[IOS_4_iPhone 3Gs_firefox_31]" classname="se.redmind.rmtest.selenium.example.RandomClass3(20150125-080114)" time="0.6052649"/>
<testcase name="random2[IOS_4_iPhone 3Gs_chrome_42]" classname="se.redmind.rmtest.selenium.example.RandomClass3(20150125-080114)" time="1.9595667">
	<failure type="java.lang.AssertionError:">java.lang.AssertionError: null
		at org.junit.Assert.fail(Assert.java:86)
		at org.junit.Assert.assertTrue(Assert.java:41)
		at org.junit.Assert.assertTrue(Assert.java:52)
		at se.redmind.rmtest.selenium.example.CreateRandomRes3.random14(CreateRandomRes3.java:128)
	</failure>
</testcase>
<testcase name="random2[IOS_4_iPhone 3Gs_explorer_10]" classname="se.redmind.rmtest.selenium.example.RandomClass3(20150125-080114)" time="0.3567742"/>
<testcase name="random2[IOS_4_iPhone 3Gs_opera_15]" classname="se.redmind.rmtest.selenium.example.RandomClass3(20150125-080114)" time="1.8207307"/>
<testcase name="random2[OSX_10.9.5_UNKNOWN_firefox_31]" classname="se.redmind.rmtest.selenium.example.RandomClass3(20150125-080114)" time="0.8070798">
	<failure type="java.lang.AssertionError:">java.lang.AssertionError: null
		at org.junit.Assert.fail(Assert.java:86)
		at org.junit.Assert.assertTrue(Assert.java:41)
		at org.junit.Assert.assertTrue(Assert.java:52)
		at se.redmind.rmtest.selenium.example.CreateRandomRes3.random14(CreateRandomRes3.java:128)
	</failure>
</testcase>
<testcase name="random2[OSX_10.9.5_UNKNOWN_chrome_42]" classname="se.redmind.rmtest.selenium.example.RandomClass3(20150125-080114)" time="0.28417456"/>
<testcase name="random2[OSX_10.9.5_UNKNOWN_explorer_10]" classname="se.redmind.rmtest.selenium.example.RandomClass3(20150125-080114)" time="1.1398357"/>
<testcase name="random2[OSX_10.9.5_UNKNOWN_opera_15]" classname="se.redmind.rmtest.selenium.example.RandomClass3(20150125-080114)" time="0.8853513">
	<failure type="java.lang.AssertionError:">java.lang.AssertionError: null
		at org.junit.Assert.fail(Assert.java:86)
		at org.junit.Assert.assertTrue(Assert.java:41)
		at org.junit.Assert.assertTrue(Assert.java:52)
		at se.redmind.rmtest.selenium.example.CreateRandomRes3.random14(CreateRandomRes3.java:128)
	</failure>
</testcase>
<testcase name="random2[Windows_8.1_UNKNOWN_firefox_31]" classname="se.redmind.rmtest.selenium.example.RandomClass3(20150125-080114)" time="1.8250407">
	<failure type="java.lang.AssertionError:">java.lang.AssertionError: null
		at org.junit.Assert.fail(Assert.java:86)
		at org.junit.Assert.assertTrue(Assert.java:41)
		at org.junit.Assert.assertTrue(Assert.java:52)
		at se.redmind.rmtest.selenium.example.CreateRandomRes3.random14(CreateRandomRes3.java:128)
	</failure>
</testcase>
<testcase name="random2[Windows_8.1_UNKNOWN_chrome_42]" classname="se.redmind.rmtest.selenium.example.RandomClass3(20150125-080114)" time="0.91575134">
	<failure type="java.lang.AssertionError:">java.lang.AssertionError: null
		at org.junit.Assert.fail(Assert.java:86)
		at org.junit.Assert.assertTrue(Assert.java:41)
		at org.junit.Assert.assertTrue(Assert.java:52)
		at se.redmind.rmtest.selenium.example.CreateRandomRes3.random14(CreateRandomRes3.java:128)
	</failure>
</testcase>
<testcase name="random2[Windows_8.1_UNKNOWN_explorer_10]" classname="se.redmind.rmtest.selenium.example.RandomClass3(20150125-080114)" time="1.3936329">
	<failure type="java.lang.AssertionError:">java.lang.AssertionError: null
		at org.junit.Assert.fail(Assert.java:86)
		at org.junit.Assert.assertTrue(Assert.java:41)
		at org.junit.Assert.assertTrue(Assert.java:52)
		at se.redmind.rmtest.selenium.example.CreateRandomRes3.random14(CreateRandomRes3.java:128)
	</failure>
</testcase>
<testcase name="random2[Windows_8.1_UNKNOWN_opera_15]" classname="se.redmind.rmtest.selenium.example.RandomClass3(20150125-080114)" time="0.053614616"/>
<testcase name="random2[Ubuntu_14.04_UNKNOWN_firefox_31]" classname="se.redmind.rmtest.selenium.example.RandomClass3(20150125-080114)" time="0.7355077"/>
<testcase name="random2[Ubuntu_14.04_UNKNOWN_chrome_42]" classname="se.redmind.rmtest.selenium.example.RandomClass3(20150125-080114)" time="0.9723147"/>
<testcase name="random2[Ubuntu_14.04_UNKNOWN_explorer_10]" classname="se.redmind.rmtest.selenium.example.RandomClass3(20150125-080114)" time="0.039040923"/>
<testcase name="random2[Ubuntu_14.04_UNKNOWN_opera_15]" classname="se.redmind.rmtest.selenium.example.RandomClass3(20150125-080114)" time="0.7399578"/>
<testcase name="random2[Ubuntu_12.10_UNKNOWN_firefox_31]" classname="se.redmind.rmtest.selenium.example.RandomClass3(20150125-080114)" time="0.97130275"/>
<testcase name="random2[Ubuntu_12.10_UNKNOWN_chrome_42]" classname="se.redmind.rmtest.selenium.example.RandomClass3(20150125-080114)" time="0.61983144">
	<failure type="java.lang.AssertionError:">java.lang.AssertionError: null
		at org.junit.Assert.fail(Assert.java:86)
		at org.junit.Assert.assertTrue(Assert.java:41)
		at org.junit.Assert.assertTrue(Assert.java:52)
		at se.redmind.rmtest.selenium.example.CreateRandomRes3.random14(CreateRandomRes3.java:128)
	</failure>
</testcase>
<testcase name="random2[Ubuntu_12.10_UNKNOWN_explorer_10]" classname="se.redmind.rmtest.selenium.example.RandomClass3(20150125-080114)" time="1.7523345"/>
<testcase name="random2[Ubuntu_12.10_UNKNOWN_opera_15]" classname="se.redmind.rmtest.selenium.example.RandomClass3(20150125-080114)" time="1.350202"/>
<testcase name="random3[Android_4.4.4_HTC ONE_firefox_31]" classname="se.redmind.rmtest.selenium.example.RandomClass3(20150125-080114)" time="1.7234007"/>
<testcase name="random3[Android_4.4.4_HTC ONE_chrome_42]" classname="se.redmind.rmtest.selenium.example.RandomClass3(20150125-080114)" time="1.5723664"/>
<testcase name="random3[Android_4.4.4_HTC ONE_explorer_10]" classname="se.redmind.rmtest.selenium.example.RandomClass3(20150125-080114)" time="0.8055171">
	<failure type="java.lang.AssertionError:">java.lang.AssertionError: null
		at org.junit.Assert.fail(Assert.java:86)
		at org.junit.Assert.assertTrue(Assert.java:41)
		at org.junit.Assert.assertTrue(Assert.java:52)
		at se.redmind.rmtest.selenium.example.CreateRandomRes3.random14(CreateRandomRes3.java:128)
	</failure>
</testcase>
<testcase name="random3[Android_4.4.4_HTC ONE_opera_15]" classname="se.redmind.rmtest.selenium.example.RandomClass3(20150125-080114)" time="1.9973321"/>
<testcase name="random3[Android_4.4.4_Sony Experia Z3_firefox_31]" classname="se.redmind.rmtest.selenium.example.RandomClass3(20150125-080114)" time="0.07175958">
	<failure type="java.lang.AssertionError:">java.lang.AssertionError: null
		at org.junit.Assert.fail(Assert.java:86)
		at org.junit.Assert.assertTrue(Assert.java:41)
		at org.junit.Assert.assertTrue(Assert.java:52)
		at se.redmind.rmtest.selenium.example.CreateRandomRes3.random14(CreateRandomRes3.java:128)
	</failure>
</testcase>
<testcase name="random3[Android_4.4.4_Sony Experia Z3_chrome_42]" classname="se.redmind.rmtest.selenium.example.RandomClass3(20150125-080114)" time="0.936502"/>
<testcase name="random3[Android_4.4.4_Sony Experia Z3_explorer_10]" classname="se.redmind.rmtest.selenium.example.RandomClass3(20150125-080114)" time="1.077326"/>
<testcase name="random3[Android_4.4.4_Sony Experia Z3_opera_15]" classname="se.redmind.rmtest.selenium.example.RandomClass3(20150125-080114)" time="0.5430665">
	<failure type="java.lang.AssertionError:">java.lang.AssertionError: null
		at org.junit.Assert.fail(Assert.java:86)
		at org.junit.Assert.assertTrue(Assert.java:41)
		at org.junit.Assert.assertTrue(Assert.java:52)
		at se.redmind.rmtest.selenium.example.CreateRandomRes3.random14(CreateRandomRes3.java:128)
	</failure>
</testcase>
<testcase name="random3[IOS_8.2_iPhone 6_firefox_31]" classname="se.redmind.rmtest.selenium.example.RandomClass3(20150125-080114)" time="0.6859859">
	<failure type="java.lang.AssertionError:">java.lang.AssertionError: null
		at org.junit.Assert.fail(Assert.java:86)
		at org.junit.Assert.assertTrue(Assert.java:41)
		at org.junit.Assert.assertTrue(Assert.java:52)
		at se.redmind.rmtest.selenium.example.CreateRandomRes3.random14(CreateRandomRes3.java:128)
	</failure>
</testcase>
<testcase name="random3[IOS_8.2_iPhone 6_chrome_42]" classname="se.redmind.rmtest.selenium.example.RandomClass3(20150125-080114)" time="1.265184"/>
<testcase name="random3[IOS_8.2_iPhone 6_explorer_10]" classname="se.redmind.rmtest.selenium.example.RandomClass3(20150125-080114)" time="0.71372163">
	<error type="java.lang.AssertionError:">java.lang.AssertionError: null
		at org.junit.Assert.fail(Assert.java:86)
		at org.junit.Assert.assertTrue(Assert.java:41)
		at org.junit.Assert.assertTrue(Assert.java:52)
		at se.redmind.rmtest.selenium.example.CreateRandomRes3.random14(CreateRandomRes3.java:128)
	</error>
</testcase>
<testcase name="random3[IOS_8.2_iPhone 6_opera_15]" classname="se.redmind.rmtest.selenium.example.RandomClass3(20150125-080114)" time="0.47800314"/>
<testcase name="random3[IOS_4_iPhone 3Gs_firefox_31]" classname="se.redmind.rmtest.selenium.example.RandomClass3(20150125-080114)" time="0.30518532">
<skipped/>
</testcase>
<testcase name="random3[IOS_4_iPhone 3Gs_firefox_31]" classname="se.redmind.rmtest.selenium.example.RandomClass3(20150125-080114)" time="1.7463583"/>
<testcase name="random3[IOS_4_iPhone 3Gs_chrome_42]" classname="se.redmind.rmtest.selenium.example.RandomClass3(20150125-080114)" time="1.3302281">
<skipped/>
</testcase>
<testcase name="random3[IOS_4_iPhone 3Gs_chrome_42]" classname="se.redmind.rmtest.selenium.example.RandomClass3(20150125-080114)" time="0.49727178">
	<failure type="java.lang.AssertionError:">java.lang.AssertionError: null
		at org.junit.Assert.fail(Assert.java:86)
		at org.junit.Assert.assertTrue(Assert.java:41)
		at org.junit.Assert.assertTrue(Assert.java:52)
		at se.redmind.rmtest.selenium.example.CreateRandomRes3.random14(CreateRandomRes3.java:128)
	</failure>
</testcase>
<testcase name="random3[IOS_4_iPhone 3Gs_explorer_10]" classname="se.redmind.rmtest.selenium.example.RandomClass3(20150125-080114)" time="0.866243">
<skipped/>
</testcase>
<testcase name="random3[IOS_4_iPhone 3Gs_explorer_10]" classname="se.redmind.rmtest.selenium.example.RandomClass3(20150125-080114)" time="0.067995906">
	<failure type="java.lang.AssertionError:">java.lang.AssertionError: null
		at org.junit.Assert.fail(Assert.java:86)
		at org.junit.Assert.assertTrue(Assert.java:41)
		at org.junit.Assert.assertTrue(Assert.java:52)
		at se.redmind.rmtest.selenium.example.CreateRandomRes3.random14(CreateRandomRes3.java:128)
	</failure>
</testcase>
<testcase name="random3[IOS_4_iPhone 3Gs_opera_15]" classname="se.redmind.rmtest.selenium.example.RandomClass3(20150125-080114)" time="1.8740615">
<skipped/>
</testcase>
<testcase name="random3[IOS_4_iPhone 3Gs_opera_15]" classname="se.redmind.rmtest.selenium.example.RandomClass3(20150125-080114)" time="0.12953913"/>
<testcase name="random3[OSX_10.9.5_UNKNOWN_firefox_31]" classname="se.redmind.rmtest.selenium.example.RandomClass3(20150125-080114)" time="0.18082654">
	<failure type="java.lang.AssertionError:">java.lang.AssertionError: null
		at org.junit.Assert.fail(Assert.java:86)
		at org.junit.Assert.assertTrue(Assert.java:41)
		at org.junit.Assert.assertTrue(Assert.java:52)
		at se.redmind.rmtest.selenium.example.CreateRandomRes3.random14(CreateRandomRes3.java:128)
	</failure>
</testcase>
<testcase name="random3[OSX_10.9.5_UNKNOWN_chrome_42]" classname="se.redmind.rmtest.selenium.example.RandomClass3(20150125-080114)" time="1.8162543">
	<failure type="java.lang.AssertionError:">java.lang.AssertionError: null
		at org.junit.Assert.fail(Assert.java:86)
		at org.junit.Assert.assertTrue(Assert.java:41)
		at org.junit.Assert.assertTrue(Assert.java:52)
		at se.redmind.rmtest.selenium.example.CreateRandomRes3.random14(CreateRandomRes3.java:128)
	</failure>
</testcase>
<testcase name="random3[OSX_10.9.5_UNKNOWN_explorer_10]" classname="se.redmind.rmtest.selenium.example.RandomClass3(20150125-080114)" time="1.2309624">
	<failure type="java.lang.AssertionError:">java.lang.AssertionError: null
		at org.junit.Assert.fail(Assert.java:86)
		at org.junit.Assert.assertTrue(Assert.java:41)
		at org.junit.Assert.assertTrue(Assert.java:52)
		at se.redmind.rmtest.selenium.example.CreateRandomRes3.random14(CreateRandomRes3.java:128)
	</failure>
</testcase>
<testcase name="random3[OSX_10.9.5_UNKNOWN_opera_15]" classname="se.redmind.rmtest.selenium.example.RandomClass3(20150125-080114)" time="1.9197696"/>
<testcase name="random3[Windows_8.1_UNKNOWN_firefox_31]" classname="se.redmind.rmtest.selenium.example.RandomClass3(20150125-080114)" time="0.016893625"/>
<testcase name="random3[Windows_8.1_UNKNOWN_chrome_42]" classname="se.redmind.rmtest.selenium.example.RandomClass3(20150125-080114)" time="0.7084837"/>
<testcase name="random3[Windows_8.1_UNKNOWN_explorer_10]" classname="se.redmind.rmtest.selenium.example.RandomClass3(20150125-080114)" time="0.742676">
	<failure type="java.lang.AssertionError:">java.lang.AssertionError: null
		at org.junit.Assert.fail(Assert.java:86)
		at org.junit.Assert.assertTrue(Assert.java:41)
		at org.junit.Assert.assertTrue(Assert.java:52)
		at se.redmind.rmtest.selenium.example.CreateRandomRes3.random14(CreateRandomRes3.java:128)
	</failure>
</testcase>
<testcase name="random3[Windows_8.1_UNKNOWN_opera_15]" classname="se.redmind.rmtest.selenium.example.RandomClass3(20150125-080114)" time="1.6126872"/>
<testcase name="random3[Ubuntu_14.04_UNKNOWN_firefox_31]" classname="se.redmind.rmtest.selenium.example.RandomClass3(20150125-080114)" time="1.1071978"/>
<testcase name="random3[Ubuntu_14.04_UNKNOWN_chrome_42]" classname="se.redmind.rmtest.selenium.example.RandomClass3(20150125-080114)" time="0.47405815"/>
<testcase name="random3[Ubuntu_14.04_UNKNOWN_explorer_10]" classname="se.redmind.rmtest.selenium.example.RandomClass3(20150125-080114)" time="0.82742894"/>
<testcase name="random3[Ubuntu_14.04_UNKNOWN_opera_15]" classname="se.redmind.rmtest.selenium.example.RandomClass3(20150125-080114)" time="1.7957"/>
<testcase name="random3[Ubuntu_12.10_UNKNOWN_firefox_31]" classname="se.redmind.rmtest.selenium.example.RandomClass3(20150125-080114)" time="1.6618316"/>
<testcase name="random3[Ubuntu_12.10_UNKNOWN_chrome_42]" classname="se.redmind.rmtest.selenium.example.RandomClass3(20150125-080114)" time="0.081695795"/>
<testcase name="random3[Ubuntu_12.10_UNKNOWN_explorer_10]" classname="se.redmind.rmtest.selenium.example.RandomClass3(20150125-080114)" time="0.2793368"/>
<testcase name="random3[Ubuntu_12.10_UNKNOWN_opera_15]" classname="se.redmind.rmtest.selenium.example.RandomClass3(20150125-080114)" time="1.1151918"/>
<testcase name="random4[Android_4.4.4_HTC ONE_firefox_31]" classname="se.redmind.rmtest.selenium.example.RandomClass3(20150125-080114)" time="1.6863889"/>
<testcase name="random4[Android_4.4.4_HTC ONE_chrome_42]" classname="se.redmind.rmtest.selenium.example.RandomClass3(20150125-080114)" time="1.9664459">
	<failure type="java.lang.AssertionError:">java.lang.AssertionError: null
		at org.junit.Assert.fail(Assert.java:86)
		at org.junit.Assert.assertTrue(Assert.java:41)
		at org.junit.Assert.assertTrue(Assert.java:52)
		at se.redmind.rmtest.selenium.example.CreateRandomRes3.random14(CreateRandomRes3.java:128)
	</failure>
</testcase>
<testcase name="random4[Android_4.4.4_HTC ONE_explorer_10]" classname="se.redmind.rmtest.selenium.example.RandomClass3(20150125-080114)" time="1.9380459"/>
<testcase name="random4[Android_4.4.4_HTC ONE_opera_15]" classname="se.redmind.rmtest.selenium.example.RandomClass3(20150125-080114)" time="1.034121"/>
<testcase name="random4[Android_4.4.4_Sony Experia Z3_firefox_31]" classname="se.redmind.rmtest.selenium.example.RandomClass3(20150125-080114)" time="1.6031771"/>
<testcase name="random4[Android_4.4.4_Sony Experia Z3_chrome_42]" classname="se.redmind.rmtest.selenium.example.RandomClass3(20150125-080114)" time="0.9598352">
	<failure type="java.lang.AssertionError:">java.lang.AssertionError: null
		at org.junit.Assert.fail(Assert.java:86)
		at org.junit.Assert.assertTrue(Assert.java:41)
		at org.junit.Assert.assertTrue(Assert.java:52)
		at se.redmind.rmtest.selenium.example.CreateRandomRes3.random14(CreateRandomRes3.java:128)
	</failure>
</testcase>
<testcase name="random4[Android_4.4.4_Sony Experia Z3_explorer_10]" classname="se.redmind.rmtest.selenium.example.RandomClass3(20150125-080114)" time="1.3845764"/>
<testcase name="random4[Android_4.4.4_Sony Experia Z3_opera_15]" classname="se.redmind.rmtest.selenium.example.RandomClass3(20150125-080114)" time="1.1025941"/>
<testcase name="random4[IOS_8.2_iPhone 6_firefox_31]" classname="se.redmind.rmtest.selenium.example.RandomClass3(20150125-080114)" time="1.6691277">
	<failure type="java.lang.AssertionError:">java.lang.AssertionError: null
		at org.junit.Assert.fail(Assert.java:86)
		at org.junit.Assert.assertTrue(Assert.java:41)
		at org.junit.Assert.assertTrue(Assert.java:52)
		at se.redmind.rmtest.selenium.example.CreateRandomRes3.random14(CreateRandomRes3.java:128)
	</failure>
</testcase>
<testcase name="random4[IOS_8.2_iPhone 6_chrome_42]" classname="se.redmind.rmtest.selenium.example.RandomClass3(20150125-080114)" time="1.6906523"/>
<testcase name="random4[IOS_8.2_iPhone 6_explorer_10]" classname="se.redmind.rmtest.selenium.example.RandomClass3(20150125-080114)" time="1.8145095"/>
<testcase name="random4[IOS_8.2_iPhone 6_opera_15]" classname="se.redmind.rmtest.selenium.example.RandomClass3(20150125-080114)" time="0.85345626"/>
<testcase name="random4[IOS_4_iPhone 3Gs_firefox_31]" classname="se.redmind.rmtest.selenium.example.RandomClass3(20150125-080114)" time="1.1383003"/>
<testcase name="random4[IOS_4_iPhone 3Gs_chrome_42]" classname="se.redmind.rmtest.selenium.example.RandomClass3(20150125-080114)" time="1.8399712"/>
<testcase name="random4[IOS_4_iPhone 3Gs_explorer_10]" classname="se.redmind.rmtest.selenium.example.RandomClass3(20150125-080114)" time="1.9189849">
	<failure type="java.lang.AssertionError:">java.lang.AssertionError: null
		at org.junit.Assert.fail(Assert.java:86)
		at org.junit.Assert.assertTrue(Assert.java:41)
		at org.junit.Assert.assertTrue(Assert.java:52)
		at se.redmind.rmtest.selenium.example.CreateRandomRes3.random14(CreateRandomRes3.java:128)
	</failure>
</testcase>
<testcase name="random4[IOS_4_iPhone 3Gs_opera_15]" classname="se.redmind.rmtest.selenium.example.RandomClass3(20150125-080114)" time="1.2429391">
	<failure type="java.lang.AssertionError:">java.lang.AssertionError: null
		at org.junit.Assert.fail(Assert.java:86)
		at org.junit.Assert.assertTrue(Assert.java:41)
		at org.junit.Assert.assertTrue(Assert.java:52)
		at se.redmind.rmtest.selenium.example.CreateRandomRes3.random14(CreateRandomRes3.java:128)
	</failure>
</testcase>
<testcase name="random4[OSX_10.9.5_UNKNOWN_firefox_31]" classname="se.redmind.rmtest.selenium.example.RandomClass3(20150125-080114)" time="0.3013072"/>
<testcase name="random4[OSX_10.9.5_UNKNOWN_chrome_42]" classname="se.redmind.rmtest.selenium.example.RandomClass3(20150125-080114)" time="0.94814956">
	<failure type="java.lang.AssertionError:">java.lang.AssertionError: null
		at org.junit.Assert.fail(Assert.java:86)
		at org.junit.Assert.assertTrue(Assert.java:41)
		at org.junit.Assert.assertTrue(Assert.java:52)
		at se.redmind.rmtest.selenium.example.CreateRandomRes3.random14(CreateRandomRes3.java:128)
	</failure>
</testcase>
<testcase name="random4[OSX_10.9.5_UNKNOWN_explorer_10]" classname="se.redmind.rmtest.selenium.example.RandomClass3(20150125-080114)" time="0.89526737"/>
<testcase name="random4[OSX_10.9.5_UNKNOWN_opera_15]" classname="se.redmind.rmtest.selenium.example.RandomClass3(20150125-080114)" time="0.6440437"/>
<testcase name="random4[Windows_8.1_UNKNOWN_firefox_31]" classname="se.redmind.rmtest.selenium.example.RandomClass3(20150125-080114)" time="0.0030008554"/>
<testcase name="random4[Windows_8.1_UNKNOWN_chrome_42]" classname="se.redmind.rmtest.selenium.example.RandomClass3(20150125-080114)" time="1.7414135">
	<failure type="java.lang.AssertionError:">java.lang.AssertionError: null
		at org.junit.Assert.fail(Assert.java:86)
		at org.junit.Assert.assertTrue(Assert.java:41)
		at org.junit.Assert.assertTrue(Assert.java:52)
		at se.redmind.rmtest.selenium.example.CreateRandomRes3.random14(CreateRandomRes3.java:128)
	</failure>
</testcase>
<testcase name="random4[Windows_8.1_UNKNOWN_explorer_10]" classname="se.redmind.rmtest.selenium.example.RandomClass3(20150125-080114)" time="0.848896"/>
<testcase name="random4[Windows_8.1_UNKNOWN_opera_15]" classname="se.redmind.rmtest.selenium.example.RandomClass3(20150125-080114)" time="0.39643133"/>
<testcase name="random4[Ubuntu_14.04_UNKNOWN_firefox_31]" classname="se.redmind.rmtest.selenium.example.RandomClass3(20150125-080114)" time="0.5461911"/>
<testcase name="random4[Ubuntu_14.04_UNKNOWN_chrome_42]" classname="se.redmind.rmtest.selenium.example.RandomClass3(20150125-080114)" time="0.29138482">
	<failure type="java.lang.AssertionError:">java.lang.AssertionError: null
		at org.junit.Assert.fail(Assert.java:86)
		at org.junit.Assert.assertTrue(Assert.java:41)
		at org.junit.Assert.assertTrue(Assert.java:52)
		at se.redmind.rmtest.selenium.example.CreateRandomRes3.random14(CreateRandomRes3.java:128)
	</failure>
</testcase>
<testcase name="random4[Ubuntu_14.04_UNKNOWN_explorer_10]" classname="se.redmind.rmtest.selenium.example.RandomClass3(20150125-080114)" time="0.5763705"/>
<testcase name="random4[Ubuntu_14.04_UNKNOWN_opera_15]" classname="se.redmind.rmtest.selenium.example.RandomClass3(20150125-080114)" time="0.16062629"/>
<testcase name="random4[Ubuntu_12.10_UNKNOWN_firefox_31]" classname="se.redmind.rmtest.selenium.example.RandomClass3(20150125-080114)" time="1.8520836">
	<failure type="java.lang.AssertionError:">java.lang.AssertionError: null
		at org.junit.Assert.fail(Assert.java:86)
		at org.junit.Assert.assertTrue(Assert.java:41)
		at org.junit.Assert.assertTrue(Assert.java:52)
		at se.redmind.rmtest.selenium.example.CreateRandomRes3.random14(CreateRandomRes3.java:128)
	</failure>
</testcase>
<testcase name="random4[Ubuntu_12.10_UNKNOWN_chrome_42]" classname="se.redmind.rmtest.selenium.example.RandomClass3(20150125-080114)" time="0.7581477"/>
<testcase name="random4[Ubuntu_12.10_UNKNOWN_explorer_10]" classname="se.redmind.rmtest.selenium.example.RandomClass3(20150125-080114)" time="1.8887372">
	<failure type="java.lang.AssertionError:">java.lang.AssertionError: null
		at org.junit.Assert.fail(Assert.java:86)
		at org.junit.Assert.assertTrue(Assert.java:41)
		at org.junit.Assert.assertTrue(Assert.java:52)
		at se.redmind.rmtest.selenium.example.CreateRandomRes3.random14(CreateRandomRes3.java:128)
	</failure>
</testcase>
<testcase name="random4[Ubuntu_12.10_UNKNOWN_opera_15]" classname="se.redmind.rmtest.selenium.example.RandomClass3(20150125-080114)" time="1.2412099"/>
<testcase name="random1[Android_4.4.4_HTC ONE_firefox_31]" classname="se.redmind.rmtest.selenium.example.RandomClass4(20150125-080114)" time="0.010700226">
	<failure type="java.lang.AssertionError:">java.lang.AssertionError: null
		at org.junit.Assert.fail(Assert.java:86)
		at org.junit.Assert.assertTrue(Assert.java:41)
		at org.junit.Assert.assertTrue(Assert.java:52)
		at se.redmind.rmtest.selenium.example.CreateRandomRes3.random14(CreateRandomRes3.java:128)
	</failure>
</testcase>
<testcase name="random1[Android_4.4.4_HTC ONE_chrome_42]" classname="se.redmind.rmtest.selenium.example.RandomClass4(20150125-080114)" time="0.34977293"/>
<testcase name="random1[Android_4.4.4_HTC ONE_explorer_10]" classname="se.redmind.rmtest.selenium.example.RandomClass4(20150125-080114)" time="1.6157016"/>
<testcase name="random1[Android_4.4.4_HTC ONE_opera_15]" classname="se.redmind.rmtest.selenium.example.RandomClass4(20150125-080114)" time="0.7126702"/>
<testcase name="random1[Android_5.1_Nexus 6_firefox_31]" classname="se.redmind.rmtest.selenium.example.RandomClass4(20150125-080114)" time="0.14386284">
	<failure type="java.lang.AssertionError:">java.lang.AssertionError: null
		at org.junit.Assert.fail(Assert.java:86)
		at org.junit.Assert.assertTrue(Assert.java:41)
		at org.junit.Assert.assertTrue(Assert.java:52)
		at se.redmind.rmtest.selenium.example.CreateRandomRes3.random14(CreateRandomRes3.java:128)
	</failure>
</testcase>
<testcase name="random1[Android_5.1_Nexus 6_chrome_42]" classname="se.redmind.rmtest.selenium.example.RandomClass4(20150125-080114)" time="1.9362539"/>
<testcase name="random1[Android_5.1_Nexus 6_explorer_10]" classname="se.redmind.rmtest.selenium.example.RandomClass4(20150125-080114)" time="1.2773466"/>
<testcase name="random1[Android_5.1_Nexus 6_opera_15]" classname="se.redmind.rmtest.selenium.example.RandomClass4(20150125-080114)" time="1.0982195"/>
<testcase name="random1[Android_2.3_VeiVei_firefox_31]" classname="se.redmind.rmtest.selenium.example.RandomClass4(20150125-080114)" time="0.7894021"/>
<testcase name="random1[Android_2.3_VeiVei_chrome_42]" classname="se.redmind.rmtest.selenium.example.RandomClass4(20150125-080114)" time="0.77473557"/>
<testcase name="random1[Android_2.3_VeiVei_explorer_10]" classname="se.redmind.rmtest.selenium.example.RandomClass4(20150125-080114)" time="0.38779008"/>
<testcase name="random1[Android_2.3_VeiVei_opera_15]" classname="se.redmind.rmtest.selenium.example.RandomClass4(20150125-080114)" time="1.0858365">
	<failure type="java.lang.AssertionError:">java.lang.AssertionError: null
		at org.junit.Assert.fail(Assert.java:86)
		at org.junit.Assert.assertTrue(Assert.java:41)
		at org.junit.Assert.assertTrue(Assert.java:52)
		at se.redmind.rmtest.selenium.example.CreateRandomRes3.random14(CreateRandomRes3.java:128)
	</failure>
</testcase>
<testcase name="random1[Android_4.4.4_Sony Experia Z3_firefox_31]" classname="se.redmind.rmtest.selenium.example.RandomClass4(20150125-080114)" time="0.029219985">
	<failure type="java.lang.AssertionError:">java.lang.AssertionError: null
		at org.junit.Assert.fail(Assert.java:86)
		at org.junit.Assert.assertTrue(Assert.java:41)
		at org.junit.Assert.assertTrue(Assert.java:52)
		at se.redmind.rmtest.selenium.example.CreateRandomRes3.random14(CreateRandomRes3.java:128)
	</failure>
</testcase>
<testcase name="random1[Android_4.4.4_Sony Experia Z3_chrome_42]" classname="se.redmind.rmtest.selenium.example.RandomClass4(20150125-080114)" time="1.9448569">
	<failure type="java.lang.AssertionError:">java.lang.AssertionError: null
		at org.junit.Assert.fail(Assert.java:86)
		at org.junit.Assert.assertTrue(Assert.java:41)
		at org.junit.Assert.assertTrue(Assert.java:52)
		at se.redmind.rmtest.selenium.example.CreateRandomRes3.random14(CreateRandomRes3.java:128)
	</failure>
</testcase>
<testcase name="random1[Android_4.4.4_Sony Experia Z3_explorer_10]" classname="se.redmind.rmtest.selenium.example.RandomClass4(20150125-080114)" time="0.057560444"/>
<testcase name="random1[Android_4.4.4_Sony Experia Z3_opera_15]" classname="se.redmind.rmtest.selenium.example.RandomClass4(20150125-080114)" time="1.4961084"/>
<testcase name="random1[IOS_8.2_iPhone 6_firefox_31]" classname="se.redmind.rmtest.selenium.example.RandomClass4(20150125-080114)" time="0.8686385"/>
<testcase name="random1[IOS_8.2_iPhone 6_chrome_42]" classname="se.redmind.rmtest.selenium.example.RandomClass4(20150125-080114)" time="1.2238479"/>
<testcase name="random1[IOS_8.2_iPhone 6_explorer_10]" classname="se.redmind.rmtest.selenium.example.RandomClass4(20150125-080114)" time="1.8601276"/>
<testcase name="random1[IOS_8.2_iPhone 6_opera_15]" classname="se.redmind.rmtest.selenium.example.RandomClass4(20150125-080114)" time="1.5682317"/>
<testcase name="random1[IOS_4_iPhone 3Gs_firefox_31]" classname="se.redmind.rmtest.selenium.example.RandomClass4(20150125-080114)" time="0.5616486"/>
<testcase name="random1[IOS_4_iPhone 3Gs_chrome_42]" classname="se.redmind.rmtest.selenium.example.RandomClass4(20150125-080114)" time="1.7499912"/>
<testcase name="random1[IOS_4_iPhone 3Gs_explorer_10]" classname="se.redmind.rmtest.selenium.example.RandomClass4(20150125-080114)" time="1.7731909"/>
<testcase name="random1[IOS_4_iPhone 3Gs_opera_15]" classname="se.redmind.rmtest.selenium.example.RandomClass4(20150125-080114)" time="0.36854136"/>
<testcase name="random1[OSX_10.9.5_UNKNOWN_firefox_31]" classname="se.redmind.rmtest.selenium.example.RandomClass4(20150125-080114)" time="0.44180107"/>
<testcase name="random1[OSX_10.9.5_UNKNOWN_chrome_42]" classname="se.redmind.rmtest.selenium.example.RandomClass4(20150125-080114)" time="0.9796015">
	<failure type="java.lang.AssertionError:">java.lang.AssertionError: null
		at org.junit.Assert.fail(Assert.java:86)
		at org.junit.Assert.assertTrue(Assert.java:41)
		at org.junit.Assert.assertTrue(Assert.java:52)
		at se.redmind.rmtest.selenium.example.CreateRandomRes3.random14(CreateRandomRes3.java:128)
	</failure>
</testcase>
<testcase name="random1[OSX_10.9.5_UNKNOWN_explorer_10]" classname="se.redmind.rmtest.selenium.example.RandomClass4(20150125-080114)" time="1.7763866"/>
<testcase name="random1[OSX_10.9.5_UNKNOWN_opera_15]" classname="se.redmind.rmtest.selenium.example.RandomClass4(20150125-080114)" time="1.3370924"/>
<testcase name="random1[Windows_8.1_UNKNOWN_firefox_31]" classname="se.redmind.rmtest.selenium.example.RandomClass4(20150125-080114)" time="1.2853322">
	<failure type="java.lang.AssertionError:">java.lang.AssertionError: null
		at org.junit.Assert.fail(Assert.java:86)
		at org.junit.Assert.assertTrue(Assert.java:41)
		at org.junit.Assert.assertTrue(Assert.java:52)
		at se.redmind.rmtest.selenium.example.CreateRandomRes3.random14(CreateRandomRes3.java:128)
	</failure>
</testcase>
<testcase name="random1[Windows_8.1_UNKNOWN_chrome_42]" classname="se.redmind.rmtest.selenium.example.RandomClass4(20150125-080114)" time="1.7834384">
	<failure type="java.lang.AssertionError:">java.lang.AssertionError: null
		at org.junit.Assert.fail(Assert.java:86)
		at org.junit.Assert.assertTrue(Assert.java:41)
		at org.junit.Assert.assertTrue(Assert.java:52)
		at se.redmind.rmtest.selenium.example.CreateRandomRes3.random14(CreateRandomRes3.java:128)
	</failure>
</testcase>
<testcase name="random1[Windows_8.1_UNKNOWN_explorer_10]" classname="se.redmind.rmtest.selenium.example.RandomClass4(20150125-080114)" time="0.6377909"/>
<testcase name="random1[Windows_8.1_UNKNOWN_opera_15]" classname="se.redmind.rmtest.selenium.example.RandomClass4(20150125-080114)" time="0.6254028"/>
<testcase name="random1[Windows_10_UNKNOWN_firefox_31]" classname="se.redmind.rmtest.selenium.example.RandomClass4(20150125-080114)" time="0.14326787">
	<failure type="java.lang.AssertionError:">java.lang.AssertionError: null
		at org.junit.Assert.fail(Assert.java:86)
		at org.junit.Assert.assertTrue(Assert.java:41)
		at org.junit.Assert.assertTrue(Assert.java:52)
		at se.redmind.rmtest.selenium.example.CreateRandomRes3.random14(CreateRandomRes3.java:128)
	</failure>
</testcase>
<testcase name="random1[Windows_10_UNKNOWN_chrome_42]" classname="se.redmind.rmtest.selenium.example.RandomClass4(20150125-080114)" time="0.54947174"/>
<testcase name="random1[Windows_10_UNKNOWN_explorer_10]" classname="se.redmind.rmtest.selenium.example.RandomClass4(20150125-080114)" time="1.380456"/>
<testcase name="random1[Windows_10_UNKNOWN_opera_15]" classname="se.redmind.rmtest.selenium.example.RandomClass4(20150125-080114)" time="1.4575145"/>
<testcase name="random1[Ubuntu_14.04_UNKNOWN_firefox_31]" classname="se.redmind.rmtest.selenium.example.RandomClass4(20150125-080114)" time="0.28727698"/>
<testcase name="random1[Ubuntu_14.04_UNKNOWN_chrome_42]" classname="se.redmind.rmtest.selenium.example.RandomClass4(20150125-080114)" time="0.5210037"/>
<testcase name="random1[Ubuntu_14.04_UNKNOWN_explorer_10]" classname="se.redmind.rmtest.selenium.example.RandomClass4(20150125-080114)" time="0.36146784"/>
<testcase name="random1[Ubuntu_14.04_UNKNOWN_opera_15]" classname="se.redmind.rmtest.selenium.example.RandomClass4(20150125-080114)" time="1.2506468">
	<failure type="java.lang.AssertionError:">java.lang.AssertionError: null
		at org.junit.Assert.fail(Assert.java:86)
		at org.junit.Assert.assertTrue(Assert.java:41)
		at org.junit.Assert.assertTrue(Assert.java:52)
		at se.redmind.rmtest.selenium.example.CreateRandomRes3.random14(CreateRandomRes3.java:128)
	</failure>
</testcase>
<testcase name="random1[Ubuntu_12.10_UNKNOWN_firefox_31]" classname="se.redmind.rmtest.selenium.example.RandomClass4(20150125-080114)" time="0.56793356"/>
<testcase name="random1[Ubuntu_12.10_UNKNOWN_chrome_42]" classname="se.redmind.rmtest.selenium.example.RandomClass4(20150125-080114)" time="0.28932786"/>
<testcase name="random1[Ubuntu_12.10_UNKNOWN_explorer_10]" classname="se.redmind.rmtest.selenium.example.RandomClass4(20150125-080114)" time="1.7349112"/>
<testcase name="random1[Ubuntu_12.10_UNKNOWN_opera_15]" classname="se.redmind.rmtest.selenium.example.RandomClass4(20150125-080114)" time="0.79013765">
	<failure type="java.lang.AssertionError:">java.lang.AssertionError: null
		at org.junit.Assert.fail(Assert.java:86)
		at org.junit.Assert.assertTrue(Assert.java:41)
		at org.junit.Assert.assertTrue(Assert.java:52)
		at se.redmind.rmtest.selenium.example.CreateRandomRes3.random14(CreateRandomRes3.java:128)
	</failure>
</testcase>
<testcase name="random2[Android_4.4.4_HTC ONE_firefox_31]" classname="se.redmind.rmtest.selenium.example.RandomClass4(20150125-080114)" time="1.4051645"/>
<testcase name="random2[Android_4.4.4_HTC ONE_chrome_42]" classname="se.redmind.rmtest.selenium.example.RandomClass4(20150125-080114)" time="1.8871567">
	<failure type="java.lang.AssertionError:">java.lang.AssertionError: null
		at org.junit.Assert.fail(Assert.java:86)
		at org.junit.Assert.assertTrue(Assert.java:41)
		at org.junit.Assert.assertTrue(Assert.java:52)
		at se.redmind.rmtest.selenium.example.CreateRandomRes3.random14(CreateRandomRes3.java:128)
	</failure>
</testcase>
<testcase name="random2[Android_4.4.4_HTC ONE_explorer_10]" classname="se.redmind.rmtest.selenium.example.RandomClass4(20150125-080114)" time="0.6296375"/>
<testcase name="random2[Android_4.4.4_HTC ONE_opera_15]" classname="se.redmind.rmtest.selenium.example.RandomClass4(20150125-080114)" time="0.113942266"/>
<testcase name="random2[Android_5.1_Nexus 6_firefox_31]" classname="se.redmind.rmtest.selenium.example.RandomClass4(20150125-080114)" time="1.206224">
	<failure type="java.lang.AssertionError:">java.lang.AssertionError: null
		at org.junit.Assert.fail(Assert.java:86)
		at org.junit.Assert.assertTrue(Assert.java:41)
		at org.junit.Assert.assertTrue(Assert.java:52)
		at se.redmind.rmtest.selenium.example.CreateRandomRes3.random14(CreateRandomRes3.java:128)
	</failure>
</testcase>
<testcase name="random2[Android_5.1_Nexus 6_chrome_42]" classname="se.redmind.rmtest.selenium.example.RandomClass4(20150125-080114)" time="0.5525192"/>
<testcase name="random2[Android_5.1_Nexus 6_explorer_10]" classname="se.redmind.rmtest.selenium.example.RandomClass4(20150125-080114)" time="1.8385613">
	<failure type="java.lang.AssertionError:">java.lang.AssertionError: null
		at org.junit.Assert.fail(Assert.java:86)
		at org.junit.Assert.assertTrue(Assert.java:41)
		at org.junit.Assert.assertTrue(Assert.java:52)
		at se.redmind.rmtest.selenium.example.CreateRandomRes3.random14(CreateRandomRes3.java:128)
	</failure>
</testcase>
<testcase name="random2[Android_5.1_Nexus 6_opera_15]" classname="se.redmind.rmtest.selenium.example.RandomClass4(20150125-080114)" time="0.89064634">
	<failure type="java.lang.AssertionError:">java.lang.AssertionError: null
		at org.junit.Assert.fail(Assert.java:86)
		at org.junit.Assert.assertTrue(Assert.java:41)
		at org.junit.Assert.assertTrue(Assert.java:52)
		at se.redmind.rmtest.selenium.example.CreateRandomRes3.random14(CreateRandomRes3.java:128)
	</failure>
</testcase>
<testcase name="random2[Android_2.3_VeiVei_firefox_31]" classname="se.redmind.rmtest.selenium.example.RandomClass4(20150125-080114)" time="0.7018882">
	<failure type="java.lang.AssertionError:">java.lang.AssertionError: null
		at org.junit.Assert.fail(Assert.java:86)
		at org.junit.Assert.assertTrue(Assert.java:41)
		at org.junit.Assert.assertTrue(Assert.java:52)
		at se.redmind.rmtest.selenium.example.CreateRandomRes3.random14(CreateRandomRes3.java:128)
	</failure>
</testcase>
<testcase name="random2[Android_2.3_VeiVei_chrome_42]" classname="se.redmind.rmtest.selenium.example.RandomClass4(20150125-080114)" time="0.17910194">
	<failure type="java.lang.AssertionError:">java.lang.AssertionError: null
		at org.junit.Assert.fail(Assert.java:86)
		at org.junit.Assert.assertTrue(Assert.java:41)
		at org.junit.Assert.assertTrue(Assert.java:52)
		at se.redmind.rmtest.selenium.example.CreateRandomRes3.random14(CreateRandomRes3.java:128)
	</failure>
</testcase>
<testcase name="random2[Android_2.3_VeiVei_explorer_10]" classname="se.redmind.rmtest.selenium.example.RandomClass4(20150125-080114)" time="0.36181808">
	<failure type="java.lang.AssertionError:">java.lang.AssertionError: null
		at org.junit.Assert.fail(Assert.java:86)
		at org.junit.Assert.assertTrue(Assert.java:41)
		at org.junit.Assert.assertTrue(Assert.java:52)
		at se.redmind.rmtest.selenium.example.CreateRandomRes3.random14(CreateRandomRes3.java:128)
	</failure>
</testcase>
<testcase name="random2[Android_2.3_VeiVei_opera_15]" classname="se.redmind.rmtest.selenium.example.RandomClass4(20150125-080114)" time="1.141939">
	<failure type="java.lang.AssertionError:">java.lang.AssertionError: null
		at org.junit.Assert.fail(Assert.java:86)
		at org.junit.Assert.assertTrue(Assert.java:41)
		at org.junit.Assert.assertTrue(Assert.java:52)
		at se.redmind.rmtest.selenium.example.CreateRandomRes3.random14(CreateRandomRes3.java:128)
	</failure>
</testcase>
<testcase name="random2[Android_4.4.4_Sony Experia Z3_firefox_31]" classname="se.redmind.rmtest.selenium.example.RandomClass4(20150125-080114)" time="1.5522816">
	<failure type="java.lang.AssertionError:">java.lang.AssertionError: null
		at org.junit.Assert.fail(Assert.java:86)
		at org.junit.Assert.assertTrue(Assert.java:41)
		at org.junit.Assert.assertTrue(Assert.java:52)
		at se.redmind.rmtest.selenium.example.CreateRandomRes3.random14(CreateRandomRes3.java:128)
	</failure>
</testcase>
<testcase name="random2[Android_4.4.4_Sony Experia Z3_chrome_42]" classname="se.redmind.rmtest.selenium.example.RandomClass4(20150125-080114)" time="1.2371446"/>
<testcase name="random2[Android_4.4.4_Sony Experia Z3_explorer_10]" classname="se.redmind.rmtest.selenium.example.RandomClass4(20150125-080114)" time="1.3684418">
	<failure type="java.lang.AssertionError:">java.lang.AssertionError: null
		at org.junit.Assert.fail(Assert.java:86)
		at org.junit.Assert.assertTrue(Assert.java:41)
		at org.junit.Assert.assertTrue(Assert.java:52)
		at se.redmind.rmtest.selenium.example.CreateRandomRes3.random14(CreateRandomRes3.java:128)
	</failure>
</testcase>
<testcase name="random2[Android_4.4.4_Sony Experia Z3_opera_15]" classname="se.redmind.rmtest.selenium.example.RandomClass4(20150125-080114)" time="1.0354022"/>
<testcase name="random2[IOS_8.2_iPhone 6_firefox_31]" classname="se.redmind.rmtest.selenium.example.RandomClass4(20150125-080114)" time="0.5650281"/>
<testcase name="random2[IOS_8.2_iPhone 6_chrome_42]" classname="se.redmind.rmtest.selenium.example.RandomClass4(20150125-080114)" time="0.11171615"/>
<testcase name="random2[IOS_8.2_iPhone 6_explorer_10]" classname="se.redmind.rmtest.selenium.example.RandomClass4(20150125-080114)" time="1.2784709"/>
<testcase name="random2[IOS_8.2_iPhone 6_opera_15]" classname="se.redmind.rmtest.selenium.example.RandomClass4(20150125-080114)" time="1.040512"/>
<testcase name="random2[IOS_4_iPhone 3Gs_firefox_31]" classname="se.redmind.rmtest.selenium.example.RandomClass4(20150125-080114)" time="1.5096109"/>
<testcase name="random2[IOS_4_iPhone 3Gs_chrome_42]" classname="se.redmind.rmtest.selenium.example.RandomClass4(20150125-080114)" time="0.084177494"/>
<testcase name="random2[IOS_4_iPhone 3Gs_explorer_10]" classname="se.redmind.rmtest.selenium.example.RandomClass4(20150125-080114)" time="1.2009832"/>
<testcase name="random2[IOS_4_iPhone 3Gs_opera_15]" classname="se.redmind.rmtest.selenium.example.RandomClass4(20150125-080114)" time="1.9613504"/>
<testcase name="random2[OSX_10.9.5_UNKNOWN_firefox_31]" classname="se.redmind.rmtest.selenium.example.RandomClass4(20150125-080114)" time="1.3052135">
	<failure type="java.lang.AssertionError:">java.lang.AssertionError: null
		at org.junit.Assert.fail(Assert.java:86)
		at org.junit.Assert.assertTrue(Assert.java:41)
		at org.junit.Assert.assertTrue(Assert.java:52)
		at se.redmind.rmtest.selenium.example.CreateRandomRes3.random14(CreateRandomRes3.java:128)
	</failure>
</testcase>
<testcase name="random2[OSX_10.9.5_UNKNOWN_chrome_42]" classname="se.redmind.rmtest.selenium.example.RandomClass4(20150125-080114)" time="1.7313871"/>
<testcase name="random2[OSX_10.9.5_UNKNOWN_explorer_10]" classname="se.redmind.rmtest.selenium.example.RandomClass4(20150125-080114)" time="0.7550714"/>
<testcase name="random2[OSX_10.9.5_UNKNOWN_opera_15]" classname="se.redmind.rmtest.selenium.example.RandomClass4(20150125-080114)" time="1.2116065"/>
<testcase name="random2[Windows_8.1_UNKNOWN_firefox_31]" classname="se.redmind.rmtest.selenium.example.RandomClass4(20150125-080114)" time="1.8262681"/>
<testcase name="random2[Windows_8.1_UNKNOWN_chrome_42]" classname="se.redmind.rmtest.selenium.example.RandomClass4(20150125-080114)" time="0.68109727"/>
<testcase name="random2[Windows_8.1_UNKNOWN_explorer_10]" classname="se.redmind.rmtest.selenium.example.RandomClass4(20150125-080114)" time="1.3394083"/>
<testcase name="random2[Windows_8.1_UNKNOWN_opera_15]" classname="se.redmind.rmtest.selenium.example.RandomClass4(20150125-080114)" time="1.2847922"/>
<testcase name="random2[Windows_10_UNKNOWN_firefox_31]" classname="se.redmind.rmtest.selenium.example.RandomClass4(20150125-080114)" time="0.87987816"/>
<testcase name="random2[Windows_10_UNKNOWN_chrome_42]" classname="se.redmind.rmtest.selenium.example.RandomClass4(20150125-080114)" time="1.0684799"/>
<testcase name="random2[Windows_10_UNKNOWN_explorer_10]" classname="se.redmind.rmtest.selenium.example.RandomClass4(20150125-080114)" time="1.6413155">
	<failure type="java.lang.AssertionError:">java.lang.AssertionError: null
		at org.junit.Assert.fail(Assert.java:86)
		at org.junit.Assert.assertTrue(Assert.java:41)
		at org.junit.Assert.assertTrue(Assert.java:52)
		at se.redmind.rmtest.selenium.example.CreateRandomRes3.random14(CreateRandomRes3.java:128)
	</failure>
</testcase>
<testcase name="random2[Windows_10_UNKNOWN_opera_15]" classname="se.redmind.rmtest.selenium.example.RandomClass4(20150125-080114)" time="1.4996614"/>
<testcase name="random2[Ubuntu_14.04_UNKNOWN_firefox_31]" classname="se.redmind.rmtest.selenium.example.RandomClass4(20150125-080114)" time="1.8540084"/>
<testcase name="random2[Ubuntu_14.04_UNKNOWN_chrome_42]" classname="se.redmind.rmtest.selenium.example.RandomClass4(20150125-080114)" time="0.16626537"/>
<testcase name="random2[Ubuntu_14.04_UNKNOWN_explorer_10]" classname="se.redmind.rmtest.selenium.example.RandomClass4(20150125-080114)" time="0.15437901"/>
<testcase name="random2[Ubuntu_14.04_UNKNOWN_opera_15]" classname="se.redmind.rmtest.selenium.example.RandomClass4(20150125-080114)" time="1.0673978"/>
<testcase name="random2[Ubuntu_12.10_UNKNOWN_firefox_31]" classname="se.redmind.rmtest.selenium.example.RandomClass4(20150125-080114)" time="1.435341"/>
<testcase name="random2[Ubuntu_12.10_UNKNOWN_chrome_42]" classname="se.redmind.rmtest.selenium.example.RandomClass4(20150125-080114)" time="0.6654873">
	<failure type="java.lang.AssertionError:">java.lang.AssertionError: null
		at org.junit.Assert.fail(Assert.java:86)
		at org.junit.Assert.assertTrue(Assert.java:41)
		at org.junit.Assert.assertTrue(Assert.java:52)
		at se.redmind.rmtest.selenium.example.CreateRandomRes3.random14(CreateRandomRes3.java:128)
	</failure>
</testcase>
<testcase name="random2[Ubuntu_12.10_UNKNOWN_explorer_10]" classname="se.redmind.rmtest.selenium.example.RandomClass4(20150125-080114)" time="1.7910007"/>
<testcase name="random2[Ubuntu_12.10_UNKNOWN_opera_15]" classname="se.redmind.rmtest.selenium.example.RandomClass4(20150125-080114)" time="1.8002623"/>
<testcase name="random3[Android_4.4.4_HTC ONE_firefox_31]" classname="se.redmind.rmtest.selenium.example.RandomClass4(20150125-080114)" time="1.9021658">
	<failure type="java.lang.AssertionError:">java.lang.AssertionError: null
		at org.junit.Assert.fail(Assert.java:86)
		at org.junit.Assert.assertTrue(Assert.java:41)
		at org.junit.Assert.assertTrue(Assert.java:52)
		at se.redmind.rmtest.selenium.example.CreateRandomRes3.random14(CreateRandomRes3.java:128)
	</failure>
</testcase>
<testcase name="random3[Android_4.4.4_HTC ONE_chrome_42]" classname="se.redmind.rmtest.selenium.example.RandomClass4(20150125-080114)" time="0.6438526"/>
<testcase name="random3[Android_4.4.4_HTC ONE_explorer_10]" classname="se.redmind.rmtest.selenium.example.RandomClass4(20150125-080114)" time="1.9907937"/>
<testcase name="random3[Android_4.4.4_HTC ONE_opera_15]" classname="se.redmind.rmtest.selenium.example.RandomClass4(20150125-080114)" time="1.1443785">
	<failure type="java.lang.AssertionError:">java.lang.AssertionError: null
		at org.junit.Assert.fail(Assert.java:86)
		at org.junit.Assert.assertTrue(Assert.java:41)
		at org.junit.Assert.assertTrue(Assert.java:52)
		at se.redmind.rmtest.selenium.example.CreateRandomRes3.random14(CreateRandomRes3.java:128)
	</failure>
</testcase>
<testcase name="random3[Android_5.1_Nexus 6_firefox_31]" classname="se.redmind.rmtest.selenium.example.RandomClass4(20150125-080114)" time="1.1699136"/>
<testcase name="random3[Android_5.1_Nexus 6_chrome_42]" classname="se.redmind.rmtest.selenium.example.RandomClass4(20150125-080114)" time="0.94149494"/>
<testcase name="random3[Android_5.1_Nexus 6_explorer_10]" classname="se.redmind.rmtest.selenium.example.RandomClass4(20150125-080114)" time="0.5412928"/>
<testcase name="random3[Android_5.1_Nexus 6_opera_15]" classname="se.redmind.rmtest.selenium.example.RandomClass4(20150125-080114)" time="1.7156386">
	<error type="java.lang.AssertionError:">java.lang.AssertionError: null
		at org.junit.Assert.fail(Assert.java:86)
		at org.junit.Assert.assertTrue(Assert.java:41)
		at org.junit.Assert.assertTrue(Assert.java:52)
		at se.redmind.rmtest.selenium.example.CreateRandomRes3.random14(CreateRandomRes3.java:128)
	</error>
</testcase>
<testcase name="random3[Android_2.3_VeiVei_firefox_31]" classname="se.redmind.rmtest.selenium.example.RandomClass4(20150125-080114)" time="1.3502789"/>
<testcase name="random3[Android_2.3_VeiVei_chrome_42]" classname="se.redmind.rmtest.selenium.example.RandomClass4(20150125-080114)" time="1.1665417">
	<failure type="java.lang.AssertionError:">java.lang.AssertionError: null
		at org.junit.Assert.fail(Assert.java:86)
		at org.junit.Assert.assertTrue(Assert.java:41)
		at org.junit.Assert.assertTrue(Assert.java:52)
		at se.redmind.rmtest.selenium.example.CreateRandomRes3.random14(CreateRandomRes3.java:128)
	</failure>
</testcase>
<testcase name="random3[Android_2.3_VeiVei_explorer_10]" classname="se.redmind.rmtest.selenium.example.RandomClass4(20150125-080114)" time="1.1230642"/>
<testcase name="random3[Android_2.3_VeiVei_opera_15]" classname="se.redmind.rmtest.selenium.example.RandomClass4(20150125-080114)" time="0.884868"/>
<testcase name="random3[Android_4.4.4_Sony Experia Z3_firefox_31]" classname="se.redmind.rmtest.selenium.example.RandomClass4(20150125-080114)" time="0.73576224">
	<failure type="java.lang.AssertionError:">java.lang.AssertionError: null
		at org.junit.Assert.fail(Assert.java:86)
		at org.junit.Assert.assertTrue(Assert.java:41)
		at org.junit.Assert.assertTrue(Assert.java:52)
		at se.redmind.rmtest.selenium.example.CreateRandomRes3.random14(CreateRandomRes3.java:128)
	</failure>
</testcase>
<testcase name="random3[Android_4.4.4_Sony Experia Z3_chrome_42]" classname="se.redmind.rmtest.selenium.example.RandomClass4(20150125-080114)" time="1.0473831">
	<failure type="java.lang.AssertionError:">java.lang.AssertionError: null
		at org.junit.Assert.fail(Assert.java:86)
		at org.junit.Assert.assertTrue(Assert.java:41)
		at org.junit.Assert.assertTrue(Assert.java:52)
		at se.redmind.rmtest.selenium.example.CreateRandomRes3.random14(CreateRandomRes3.java:128)
	</failure>
</testcase>
<testcase name="random3[Android_4.4.4_Sony Experia Z3_explorer_10]" classname="se.redmind.rmtest.selenium.example.RandomClass4(20150125-080114)" time="1.8608013"/>
<testcase name="random3[Android_4.4.4_Sony Experia Z3_opera_15]" classname="se.redmind.rmtest.selenium.example.RandomClass4(20150125-080114)" time="0.6487453"/>
<testcase name="random3[IOS_8.2_iPhone 6_firefox_31]" classname="se.redmind.rmtest.selenium.example.RandomClass4(20150125-080114)" time="0.3253665">
	<failure type="java.lang.AssertionError:">java.lang.AssertionError: null
		at org.junit.Assert.fail(Assert.java:86)
		at org.junit.Assert.assertTrue(Assert.java:41)
		at org.junit.Assert.assertTrue(Assert.java:52)
		at se.redmind.rmtest.selenium.example.CreateRandomRes3.random14(CreateRandomRes3.java:128)
	</failure>
</testcase>
<testcase name="random3[IOS_8.2_iPhone 6_chrome_42]" classname="se.redmind.rmtest.selenium.example.RandomClass4(20150125-080114)" time="0.36257708"/>
<testcase name="random3[IOS_8.2_iPhone 6_explorer_10]" classname="se.redmind.rmtest.selenium.example.RandomClass4(20150125-080114)" time="1.4851314"/>
<testcase name="random3[IOS_8.2_iPhone 6_opera_15]" classname="se.redmind.rmtest.selenium.example.RandomClass4(20150125-080114)" time="1.9961783"/>
<testcase name="random3[IOS_4_iPhone 3Gs_firefox_31]" classname="se.redmind.rmtest.selenium.example.RandomClass4(20150125-080114)" time="0.91575897">
<skipped/>
</testcase>
<testcase name="random3[IOS_4_iPhone 3Gs_firefox_31]" classname="se.redmind.rmtest.selenium.example.RandomClass4(20150125-080114)" time="0.5698755"/>
<testcase name="random3[IOS_4_iPhone 3Gs_chrome_42]" classname="se.redmind.rmtest.selenium.example.RandomClass4(20150125-080114)" time="1.8413115">
<skipped/>
</testcase>
<testcase name="random3[IOS_4_iPhone 3Gs_chrome_42]" classname="se.redmind.rmtest.selenium.example.RandomClass4(20150125-080114)" time="0.99599564"/>
<testcase name="random3[IOS_4_iPhone 3Gs_explorer_10]" classname="se.redmind.rmtest.selenium.example.RandomClass4(20150125-080114)" time="0.34010315">
<skipped/>
</testcase>
<testcase name="random3[IOS_4_iPhone 3Gs_explorer_10]" classname="se.redmind.rmtest.selenium.example.RandomClass4(20150125-080114)" time="0.5419444">
	<failure type="java.lang.AssertionError:">java.lang.AssertionError: null
		at org.junit.Assert.fail(Assert.java:86)
		at org.junit.Assert.assertTrue(Assert.java:41)
		at org.junit.Assert.assertTrue(Assert.java:52)
		at se.redmind.rmtest.selenium.example.CreateRandomRes3.random14(CreateRandomRes3.java:128)
	</failure>
</testcase>
<testcase name="random3[IOS_4_iPhone 3Gs_opera_15]" classname="se.redmind.rmtest.selenium.example.RandomClass4(20150125-080114)" time="1.6765023">
<skipped/>
</testcase>
<testcase name="random3[IOS_4_iPhone 3Gs_opera_15]" classname="se.redmind.rmtest.selenium.example.RandomClass4(20150125-080114)" time="1.9101914"/>
<testcase name="random3[OSX_10.9.5_UNKNOWN_firefox_31]" classname="se.redmind.rmtest.selenium.example.RandomClass4(20150125-080114)" time="0.56944346">
	<failure type="java.lang.AssertionError:">java.lang.AssertionError: null
		at org.junit.Assert.fail(Assert.java:86)
		at org.junit.Assert.assertTrue(Assert.java:41)
		at org.junit.Assert.assertTrue(Assert.java:52)
		at se.redmind.rmtest.selenium.example.CreateRandomRes3.random14(CreateRandomRes3.java:128)
	</failure>
</testcase>
<testcase name="random3[OSX_10.9.5_UNKNOWN_chrome_42]" classname="se.redmind.rmtest.selenium.example.RandomClass4(20150125-080114)" time="1.234456">
	<failure type="java.lang.AssertionError:">java.lang.AssertionError: null
		at org.junit.Assert.fail(Assert.java:86)
		at org.junit.Assert.assertTrue(Assert.java:41)
		at org.junit.Assert.assertTrue(Assert.java:52)
		at se.redmind.rmtest.selenium.example.CreateRandomRes3.random14(CreateRandomRes3.java:128)
	</failure>
</testcase>
<testcase name="random3[OSX_10.9.5_UNKNOWN_explorer_10]" classname="se.redmind.rmtest.selenium.example.RandomClass4(20150125-080114)" time="0.83864367"/>
<testcase name="random3[OSX_10.9.5_UNKNOWN_opera_15]" classname="se.redmind.rmtest.selenium.example.RandomClass4(20150125-080114)" time="1.6135902"/>
<testcase name="random3[Windows_8.1_UNKNOWN_firefox_31]" classname="se.redmind.rmtest.selenium.example.RandomClass4(20150125-080114)" time="0.83329415">
	<failure type="java.lang.AssertionError:">java.lang.AssertionError: null
		at org.junit.Assert.fail(Assert.java:86)
		at org.junit.Assert.assertTrue(Assert.java:41)
		at org.junit.Assert.assertTrue(Assert.java:52)
		at se.redmind.rmtest.selenium.example.CreateRandomRes3.random14(CreateRandomRes3.java:128)
	</failure>
</testcase>
<testcase name="random3[Windows_8.1_UNKNOWN_chrome_42]" classname="se.redmind.rmtest.selenium.example.RandomClass4(20150125-080114)" time="0.11596012">
	<failure type="java.lang.AssertionError:">java.lang.AssertionError: null
		at org.junit.Assert.fail(Assert.java:86)
		at org.junit.Assert.assertTrue(Assert.java:41)
		at org.junit.Assert.assertTrue(Assert.java:52)
		at se.redmind.rmtest.selenium.example.CreateRandomRes3.random14(CreateRandomRes3.java:128)
	</failure>
</testcase>
<testcase name="random3[Windows_8.1_UNKNOWN_explorer_10]" classname="se.redmind.rmtest.selenium.example.RandomClass4(20150125-080114)" time="1.85978"/>
<testcase name="random3[Windows_8.1_UNKNOWN_opera_15]" classname="se.redmind.rmtest.selenium.example.RandomClass4(20150125-080114)" time="0.45938468"/>
<testcase name="random3[Windows_10_UNKNOWN_firefox_31]" classname="se.redmind.rmtest.selenium.example.RandomClass4(20150125-080114)" time="1.5848043"/>
<testcase name="random3[Windows_10_UNKNOWN_chrome_42]" classname="se.redmind.rmtest.selenium.example.RandomClass4(20150125-080114)" time="1.1207861"/>
<testcase name="random3[Windows_10_UNKNOWN_explorer_10]" classname="se.redmind.rmtest.selenium.example.RandomClass4(20150125-080114)" time="0.46310437">
	<failure type="java.lang.AssertionError:">java.lang.AssertionError: null
		at org.junit.Assert.fail(Assert.java:86)
		at org.junit.Assert.assertTrue(Assert.java:41)
		at org.junit.Assert.assertTrue(Assert.java:52)
		at se.redmind.rmtest.selenium.example.CreateRandomRes3.random14(CreateRandomRes3.java:128)
	</failure>
</testcase>
<testcase name="random3[Windows_10_UNKNOWN_opera_15]" classname="se.redmind.rmtest.selenium.example.RandomClass4(20150125-080114)" time="0.40278375"/>
<testcase name="random3[Ubuntu_14.04_UNKNOWN_firefox_31]" classname="se.redmind.rmtest.selenium.example.RandomClass4(20150125-080114)" time="1.9374071"/>
<testcase name="random3[Ubuntu_14.04_UNKNOWN_chrome_42]" classname="se.redmind.rmtest.selenium.example.RandomClass4(20150125-080114)" time="1.3428003"/>
<testcase name="random3[Ubuntu_14.04_UNKNOWN_explorer_10]" classname="se.redmind.rmtest.selenium.example.RandomClass4(20150125-080114)" time="0.7605058">
	<failure type="java.lang.AssertionError:">java.lang.AssertionError: null
		at org.junit.Assert.fail(Assert.java:86)
		at org.junit.Assert.assertTrue(Assert.java:41)
		at org.junit.Assert.assertTrue(Assert.java:52)
		at se.redmind.rmtest.selenium.example.CreateRandomRes3.random14(CreateRandomRes3.java:128)
	</failure>
</testcase>
<testcase name="random3[Ubuntu_14.04_UNKNOWN_opera_15]" classname="se.redmind.rmtest.selenium.example.RandomClass4(20150125-080114)" time="1.404128">
	<failure type="java.lang.AssertionError:">java.lang.AssertionError: null
		at org.junit.Assert.fail(Assert.java:86)
		at org.junit.Assert.assertTrue(Assert.java:41)
		at org.junit.Assert.assertTrue(Assert.java:52)
		at se.redmind.rmtest.selenium.example.CreateRandomRes3.random14(CreateRandomRes3.java:128)
	</failure>
</testcase>
<testcase name="random3[Ubuntu_12.10_UNKNOWN_firefox_31]" classname="se.redmind.rmtest.selenium.example.RandomClass4(20150125-080114)" time="1.484385"/>
<testcase name="random3[Ubuntu_12.10_UNKNOWN_chrome_42]" classname="se.redmind.rmtest.selenium.example.RandomClass4(20150125-080114)" time="1.7005181"/>
<testcase name="random3[Ubuntu_12.10_UNKNOWN_explorer_10]" classname="se.redmind.rmtest.selenium.example.RandomClass4(20150125-080114)" time="1.7771367"/>
<testcase name="random3[Ubuntu_12.10_UNKNOWN_opera_15]" classname="se.redmind.rmtest.selenium.example.RandomClass4(20150125-080114)" time="0.31994665">
	<failure type="java.lang.AssertionError:">java.lang.AssertionError: null
		at org.junit.Assert.fail(Assert.java:86)
		at org.junit.Assert.assertTrue(Assert.java:41)
		at org.junit.Assert.assertTrue(Assert.java:52)
		at se.redmind.rmtest.selenium.example.CreateRandomRes3.random14(CreateRandomRes3.java:128)
	</failure>
</testcase>
<testcase name="random4[Android_4.4.4_HTC ONE_firefox_31]" classname="se.redmind.rmtest.selenium.example.RandomClass4(20150125-080114)" time="0.19152057">
	<failure type="java.lang.AssertionError:">java.lang.AssertionError: null
		at org.junit.Assert.fail(Assert.java:86)
		at org.junit.Assert.assertTrue(Assert.java:41)
		at org.junit.Assert.assertTrue(Assert.java:52)
		at se.redmind.rmtest.selenium.example.CreateRandomRes3.random14(CreateRandomRes3.java:128)
	</failure>
</testcase>
<testcase name="random4[Android_4.4.4_HTC ONE_chrome_42]" classname="se.redmind.rmtest.selenium.example.RandomClass4(20150125-080114)" time="1.5090241"/>
<testcase name="random4[Android_4.4.4_HTC ONE_explorer_10]" classname="se.redmind.rmtest.selenium.example.RandomClass4(20150125-080114)" time="1.583179">
	<failure type="java.lang.AssertionError:">java.lang.AssertionError: null
		at org.junit.Assert.fail(Assert.java:86)
		at org.junit.Assert.assertTrue(Assert.java:41)
		at org.junit.Assert.assertTrue(Assert.java:52)
		at se.redmind.rmtest.selenium.example.CreateRandomRes3.random14(CreateRandomRes3.java:128)
	</failure>
</testcase>
<testcase name="random4[Android_4.4.4_HTC ONE_opera_15]" classname="se.redmind.rmtest.selenium.example.RandomClass4(20150125-080114)" time="0.92093873"/>
<testcase name="random4[Android_5.1_Nexus 6_firefox_31]" classname="se.redmind.rmtest.selenium.example.RandomClass4(20150125-080114)" time="1.7803645"/>
<testcase name="random4[Android_5.1_Nexus 6_chrome_42]" classname="se.redmind.rmtest.selenium.example.RandomClass4(20150125-080114)" time="1.8233436"/>
<testcase name="random4[Android_5.1_Nexus 6_explorer_10]" classname="se.redmind.rmtest.selenium.example.RandomClass4(20150125-080114)" time="1.0551827">
	<failure type="java.lang.AssertionError:">java.lang.AssertionError: null
		at org.junit.Assert.fail(Assert.java:86)
		at org.junit.Assert.assertTrue(Assert.java:41)
		at org.junit.Assert.assertTrue(Assert.java:52)
		at se.redmind.rmtest.selenium.example.CreateRandomRes3.random14(CreateRandomRes3.java:128)
	</failure>
</testcase>
<testcase name="random4[Android_5.1_Nexus 6_opera_15]" classname="se.redmind.rmtest.selenium.example.RandomClass4(20150125-080114)" time="0.95348"/>
<testcase name="random4[Android_2.3_VeiVei_firefox_31]" classname="se.redmind.rmtest.selenium.example.RandomClass4(20150125-080114)" time="0.76149344">
	<failure type="java.lang.AssertionError:">java.lang.AssertionError: null
		at org.junit.Assert.fail(Assert.java:86)
		at org.junit.Assert.assertTrue(Assert.java:41)
		at org.junit.Assert.assertTrue(Assert.java:52)
		at se.redmind.rmtest.selenium.example.CreateRandomRes3.random14(CreateRandomRes3.java:128)
	</failure>
</testcase>
<testcase name="random4[Android_2.3_VeiVei_chrome_42]" classname="se.redmind.rmtest.selenium.example.RandomClass4(20150125-080114)" time="0.76120484"/>
<testcase name="random4[Android_2.3_VeiVei_explorer_10]" classname="se.redmind.rmtest.selenium.example.RandomClass4(20150125-080114)" time="0.90945244"/>
<testcase name="random4[Android_2.3_VeiVei_opera_15]" classname="se.redmind.rmtest.selenium.example.RandomClass4(20150125-080114)" time="1.0099362"/>
<testcase name="random4[Android_4.4.4_Sony Experia Z3_firefox_31]" classname="se.redmind.rmtest.selenium.example.RandomClass4(20150125-080114)" time="0.5565294"/>
<testcase name="random4[Android_4.4.4_Sony Experia Z3_chrome_42]" classname="se.redmind.rmtest.selenium.example.RandomClass4(20150125-080114)" time="0.71942425">
	<failure type="java.lang.AssertionError:">java.lang.AssertionError: null
		at org.junit.Assert.fail(Assert.java:86)
		at org.junit.Assert.assertTrue(Assert.java:41)
		at org.junit.Assert.assertTrue(Assert.java:52)
		at se.redmind.rmtest.selenium.example.CreateRandomRes3.random14(CreateRandomRes3.java:128)
	</failure>
</testcase>
<testcase name="random4[Android_4.4.4_Sony Experia Z3_explorer_10]" classname="se.redmind.rmtest.selenium.example.RandomClass4(20150125-080114)" time="0.030080557"/>
<testcase name="random4[Android_4.4.4_Sony Experia Z3_opera_15]" classname="se.redmind.rmtest.selenium.example.RandomClass4(20150125-080114)" time="1.2190466">
	<error type="java.lang.AssertionError:">java.lang.AssertionError: null
		at org.junit.Assert.fail(Assert.java:86)
		at org.junit.Assert.assertTrue(Assert.java:41)
		at org.junit.Assert.assertTrue(Assert.java:52)
		at se.redmind.rmtest.selenium.example.CreateRandomRes3.random14(CreateRandomRes3.java:128)
	</error>
</testcase>
<testcase name="random4[IOS_8.2_iPhone 6_firefox_31]" classname="se.redmind.rmtest.selenium.example.RandomClass4(20150125-080114)" time="0.56428754">
	<failure type="java.lang.AssertionError:">java.lang.AssertionError: null
		at org.junit.Assert.fail(Assert.java:86)
		at org.junit.Assert.assertTrue(Assert.java:41)
		at org.junit.Assert.assertTrue(Assert.java:52)
		at se.redmind.rmtest.selenium.example.CreateRandomRes3.random14(CreateRandomRes3.java:128)
	</failure>
</testcase>
<testcase name="random4[IOS_8.2_iPhone 6_chrome_42]" classname="se.redmind.rmtest.selenium.example.RandomClass4(20150125-080114)" time="0.23858714">
	<failure type="java.lang.AssertionError:">java.lang.AssertionError: null
		at org.junit.Assert.fail(Assert.java:86)
		at org.junit.Assert.assertTrue(Assert.java:41)
		at org.junit.Assert.assertTrue(Assert.java:52)
		at se.redmind.rmtest.selenium.example.CreateRandomRes3.random14(CreateRandomRes3.java:128)
	</failure>
</testcase>
<testcase name="random4[IOS_8.2_iPhone 6_explorer_10]" classname="se.redmind.rmtest.selenium.example.RandomClass4(20150125-080114)" time="1.5921236"/>
<testcase name="random4[IOS_8.2_iPhone 6_opera_15]" classname="se.redmind.rmtest.selenium.example.RandomClass4(20150125-080114)" time="0.8648943"/>
<testcase name="random4[IOS_4_iPhone 3Gs_firefox_31]" classname="se.redmind.rmtest.selenium.example.RandomClass4(20150125-080114)" time="0.9121586">
	<failure type="java.lang.AssertionError:">java.lang.AssertionError: null
		at org.junit.Assert.fail(Assert.java:86)
		at org.junit.Assert.assertTrue(Assert.java:41)
		at org.junit.Assert.assertTrue(Assert.java:52)
		at se.redmind.rmtest.selenium.example.CreateRandomRes3.random14(CreateRandomRes3.java:128)
	</failure>
</testcase>
<testcase name="random4[IOS_4_iPhone 3Gs_chrome_42]" classname="se.redmind.rmtest.selenium.example.RandomClass4(20150125-080114)" time="0.38818872"/>
<testcase name="random4[IOS_4_iPhone 3Gs_explorer_10]" classname="se.redmind.rmtest.selenium.example.RandomClass4(20150125-080114)" time="0.22878838"/>
<testcase name="random4[IOS_4_iPhone 3Gs_opera_15]" classname="se.redmind.rmtest.selenium.example.RandomClass4(20150125-080114)" time="0.4130559"/>
<testcase name="random4[OSX_10.9.5_UNKNOWN_firefox_31]" classname="se.redmind.rmtest.selenium.example.RandomClass4(20150125-080114)" time="1.5009843">
	<failure type="java.lang.AssertionError:">java.lang.AssertionError: null
		at org.junit.Assert.fail(Assert.java:86)
		at org.junit.Assert.assertTrue(Assert.java:41)
		at org.junit.Assert.assertTrue(Assert.java:52)
		at se.redmind.rmtest.selenium.example.CreateRandomRes3.random14(CreateRandomRes3.java:128)
	</failure>
</testcase>
<testcase name="random4[OSX_10.9.5_UNKNOWN_chrome_42]" classname="se.redmind.rmtest.selenium.example.RandomClass4(20150125-080114)" time="0.89467776"/>
<testcase name="random4[OSX_10.9.5_UNKNOWN_explorer_10]" classname="se.redmind.rmtest.selenium.example.RandomClass4(20150125-080114)" time="1.4279683"/>
<testcase name="random4[OSX_10.9.5_UNKNOWN_opera_15]" classname="se.redmind.rmtest.selenium.example.RandomClass4(20150125-080114)" time="0.39419603"/>
<testcase name="random4[Windows_8.1_UNKNOWN_firefox_31]" classname="se.redmind.rmtest.selenium.example.RandomClass4(20150125-080114)" time="0.6714648">
	<failure type="java.lang.AssertionError:">java.lang.AssertionError: null
		at org.junit.Assert.fail(Assert.java:86)
		at org.junit.Assert.assertTrue(Assert.java:41)
		at org.junit.Assert.assertTrue(Assert.java:52)
		at se.redmind.rmtest.selenium.example.CreateRandomRes3.random14(CreateRandomRes3.java:128)
	</failure>
</testcase>
<testcase name="random4[Windows_8.1_UNKNOWN_chrome_42]" classname="se.redmind.rmtest.selenium.example.RandomClass4(20150125-080114)" time="1.9536048">
	<failure type="java.lang.AssertionError:">java.lang.AssertionError: null
		at org.junit.Assert.fail(Assert.java:86)
		at org.junit.Assert.assertTrue(Assert.java:41)
		at org.junit.Assert.assertTrue(Assert.java:52)
		at se.redmind.rmtest.selenium.example.CreateRandomRes3.random14(CreateRandomRes3.java:128)
	</failure>
</testcase>
<testcase name="random4[Windows_8.1_UNKNOWN_explorer_10]" classname="se.redmind.rmtest.selenium.example.RandomClass4(20150125-080114)" time="0.50787115"/>
<testcase name="random4[Windows_8.1_UNKNOWN_opera_15]" classname="se.redmind.rmtest.selenium.example.RandomClass4(20150125-080114)" time="6.890297E-4">
	<failure type="java.lang.AssertionError:">java.lang.AssertionError: null
		at org.junit.Assert.fail(Assert.java:86)
		at org.junit.Assert.assertTrue(Assert.java:41)
		at org.junit.Assert.assertTrue(Assert.java:52)
		at se.redmind.rmtest.selenium.example.CreateRandomRes3.random14(CreateRandomRes3.java:128)
	</failure>
</testcase>
<testcase name="random4[Windows_10_UNKNOWN_firefox_31]" classname="se.redmind.rmtest.selenium.example.RandomClass4(20150125-080114)" time="1.8558431"/>
<testcase name="random4[Windows_10_UNKNOWN_chrome_42]" classname="se.redmind.rmtest.selenium.example.RandomClass4(20150125-080114)" time="1.4747158"/>
<testcase name="random4[Windows_10_UNKNOWN_explorer_10]" classname="se.redmind.rmtest.selenium.example.RandomClass4(20150125-080114)" time="0.28645432"/>
<testcase name="random4[Windows_10_UNKNOWN_opera_15]" classname="se.redmind.rmtest.selenium.example.RandomClass4(20150125-080114)" time="0.4794854"/>
<testcase name="random4[Ubuntu_14.04_UNKNOWN_firefox_31]" classname="se.redmind.rmtest.selenium.example.RandomClass4(20150125-080114)" time="0.5705619"/>
<testcase name="random4[Ubuntu_14.04_UNKNOWN_chrome_42]" classname="se.redmind.rmtest.selenium.example.RandomClass4(20150125-080114)" time="1.5170083"/>
<testcase name="random4[Ubuntu_14.04_UNKNOWN_explorer_10]" classname="se.redmind.rmtest.selenium.example.RandomClass4(20150125-080114)" time="1.4132222">
	<failure type="java.lang.AssertionError:">java.lang.AssertionError: null
		at org.junit.Assert.fail(Assert.java:86)
		at org.junit.Assert.assertTrue(Assert.java:41)
		at org.junit.Assert.assertTrue(Assert.java:52)
		at se.redmind.rmtest.selenium.example.CreateRandomRes3.random14(CreateRandomRes3.java:128)
	</failure>
</testcase>
<testcase name="random4[Ubuntu_14.04_UNKNOWN_opera_15]" classname="se.redmind.rmtest.selenium.example.RandomClass4(20150125-080114)" time="0.5331714"/>
<testcase name="random4[Ubuntu_12.10_UNKNOWN_firefox_31]" classname="se.redmind.rmtest.selenium.example.RandomClass4(20150125-080114)" time="1.4181095">
	<failure type="java.lang.AssertionError:">java.lang.AssertionError: null
		at org.junit.Assert.fail(Assert.java:86)
		at org.junit.Assert.assertTrue(Assert.java:41)
		at org.junit.Assert.assertTrue(Assert.java:52)
		at se.redmind.rmtest.selenium.example.CreateRandomRes3.random14(CreateRandomRes3.java:128)
	</failure>
</testcase>
<testcase name="random4[Ubuntu_12.10_UNKNOWN_chrome_42]" classname="se.redmind.rmtest.selenium.example.RandomClass4(20150125-080114)" time="0.7269962">
	<error type="java.lang.AssertionError:">java.lang.AssertionError: null
		at org.junit.Assert.fail(Assert.java:86)
		at org.junit.Assert.assertTrue(Assert.java:41)
		at org.junit.Assert.assertTrue(Assert.java:52)
		at se.redmind.rmtest.selenium.example.CreateRandomRes3.random14(CreateRandomRes3.java:128)
	</error>
</testcase>
<testcase name="random4[Ubuntu_12.10_UNKNOWN_explorer_10]" classname="se.redmind.rmtest.selenium.example.RandomClass4(20150125-080114)" time="1.586013"/>
<testcase name="random4[Ubuntu_12.10_UNKNOWN_opera_15]" classname="se.redmind.rmtest.selenium.example.RandomClass4(20150125-080114)" time="0.54727364"/>
<testcase name="random1[Android_5.1_Nexus 6_firefox_31]" classname="se.redmind.rmtest.selenium.example.RandomClass5(20150125-080114)" time="1.6532815"/>
<testcase name="random1[Android_5.1_Nexus 6_chrome_42]" classname="se.redmind.rmtest.selenium.example.RandomClass5(20150125-080114)" time="1.9925798"/>
<testcase name="random1[Android_5.1_Nexus 6_explorer_10]" classname="se.redmind.rmtest.selenium.example.RandomClass5(20150125-080114)" time="0.4129479"/>
<testcase name="random1[Android_5.1_Nexus 6_opera_15]" classname="se.redmind.rmtest.selenium.example.RandomClass5(20150125-080114)" time="1.0731794"/>
<testcase name="random1[Android_2.3_VeiVei_firefox_31]" classname="se.redmind.rmtest.selenium.example.RandomClass5(20150125-080114)" time="0.7009045">
	<failure type="java.lang.AssertionError:">java.lang.AssertionError: null
		at org.junit.Assert.fail(Assert.java:86)
		at org.junit.Assert.assertTrue(Assert.java:41)
		at org.junit.Assert.assertTrue(Assert.java:52)
		at se.redmind.rmtest.selenium.example.CreateRandomRes3.random14(CreateRandomRes3.java:128)
	</failure>
</testcase>
<testcase name="random1[Android_2.3_VeiVei_chrome_42]" classname="se.redmind.rmtest.selenium.example.RandomClass5(20150125-080114)" time="0.7338004"/>
<testcase name="random1[Android_2.3_VeiVei_explorer_10]" classname="se.redmind.rmtest.selenium.example.RandomClass5(20150125-080114)" time="0.3462714"/>
<testcase name="random1[Android_2.3_VeiVei_opera_15]" classname="se.redmind.rmtest.selenium.example.RandomClass5(20150125-080114)" time="0.5740671"/>
<testcase name="random1[IOS_8.2_iPhone 6_firefox_31]" classname="se.redmind.rmtest.selenium.example.RandomClass5(20150125-080114)" time="1.292409"/>
<testcase name="random1[IOS_8.2_iPhone 6_chrome_42]" classname="se.redmind.rmtest.selenium.example.RandomClass5(20150125-080114)" time="0.52459216"/>
<testcase name="random1[IOS_8.2_iPhone 6_explorer_10]" classname="se.redmind.rmtest.selenium.example.RandomClass5(20150125-080114)" time="1.1182301">
	<failure type="java.lang.AssertionError:">java.lang.AssertionError: null
		at org.junit.Assert.fail(Assert.java:86)
		at org.junit.Assert.assertTrue(Assert.java:41)
		at org.junit.Assert.assertTrue(Assert.java:52)
		at se.redmind.rmtest.selenium.example.CreateRandomRes3.random14(CreateRandomRes3.java:128)
	</failure>
</testcase>
<testcase name="random1[IOS_8.2_iPhone 6_opera_15]" classname="se.redmind.rmtest.selenium.example.RandomClass5(20150125-080114)" time="0.24783504">
	<failure type="java.lang.AssertionError:">java.lang.AssertionError: null
		at org.junit.Assert.fail(Assert.java:86)
		at org.junit.Assert.assertTrue(Assert.java:41)
		at org.junit.Assert.assertTrue(Assert.java:52)
		at se.redmind.rmtest.selenium.example.CreateRandomRes3.random14(CreateRandomRes3.java:128)
	</failure>
</testcase>
<testcase name="random1[IOS_4_iPhone 3Gs_firefox_31]" classname="se.redmind.rmtest.selenium.example.RandomClass5(20150125-080114)" time="1.9288839"/>
<testcase name="random1[IOS_4_iPhone 3Gs_chrome_42]" classname="se.redmind.rmtest.selenium.example.RandomClass5(20150125-080114)" time="1.909556"/>
<testcase name="random1[IOS_4_iPhone 3Gs_explorer_10]" classname="se.redmind.rmtest.selenium.example.RandomClass5(20150125-080114)" time="1.3528429"/>
<testcase name="random1[IOS_4_iPhone 3Gs_opera_15]" classname="se.redmind.rmtest.selenium.example.RandomClass5(20150125-080114)" time="1.7515935"/>
<testcase name="random1[Windows_10_UNKNOWN_firefox_31]" classname="se.redmind.rmtest.selenium.example.RandomClass5(20150125-080114)" time="0.18771207">
	<failure type="java.lang.AssertionError:">java.lang.AssertionError: null
		at org.junit.Assert.fail(Assert.java:86)
		at org.junit.Assert.assertTrue(Assert.java:41)
		at org.junit.Assert.assertTrue(Assert.java:52)
		at se.redmind.rmtest.selenium.example.CreateRandomRes3.random14(CreateRandomRes3.java:128)
	</failure>
</testcase>
<testcase name="random1[Windows_10_UNKNOWN_chrome_42]" classname="se.redmind.rmtest.selenium.example.RandomClass5(20150125-080114)" time="1.8697021">
	<failure type="java.lang.AssertionError:">java.lang.AssertionError: null
		at org.junit.Assert.fail(Assert.java:86)
		at org.junit.Assert.assertTrue(Assert.java:41)
		at org.junit.Assert.assertTrue(Assert.java:52)
		at se.redmind.rmtest.selenium.example.CreateRandomRes3.random14(CreateRandomRes3.java:128)
	</failure>
</testcase>
<testcase name="random1[Windows_10_UNKNOWN_explorer_10]" classname="se.redmind.rmtest.selenium.example.RandomClass5(20150125-080114)" time="0.19557822"/>
<testcase name="random1[Windows_10_UNKNOWN_opera_15]" classname="se.redmind.rmtest.selenium.example.RandomClass5(20150125-080114)" time="1.7719214">
	<failure type="java.lang.AssertionError:">java.lang.AssertionError: null
		at org.junit.Assert.fail(Assert.java:86)
		at org.junit.Assert.assertTrue(Assert.java:41)
		at org.junit.Assert.assertTrue(Assert.java:52)
		at se.redmind.rmtest.selenium.example.CreateRandomRes3.random14(CreateRandomRes3.java:128)
	</failure>
</testcase>
<testcase name="random1[Ubuntu_14.04_UNKNOWN_firefox_31]" classname="se.redmind.rmtest.selenium.example.RandomClass5(20150125-080114)" time="0.049111962"/>
<testcase name="random1[Ubuntu_14.04_UNKNOWN_chrome_42]" classname="se.redmind.rmtest.selenium.example.RandomClass5(20150125-080114)" time="1.2263688"/>
<testcase name="random1[Ubuntu_14.04_UNKNOWN_explorer_10]" classname="se.redmind.rmtest.selenium.example.RandomClass5(20150125-080114)" time="0.26290917"/>
<testcase name="random1[Ubuntu_14.04_UNKNOWN_opera_15]" classname="se.redmind.rmtest.selenium.example.RandomClass5(20150125-080114)" time="0.31163967"/>
<testcase name="random1[Ubuntu_12.10_UNKNOWN_firefox_31]" classname="se.redmind.rmtest.selenium.example.RandomClass5(20150125-080114)" time="0.1155076"/>
<testcase name="random1[Ubuntu_12.10_UNKNOWN_chrome_42]" classname="se.redmind.rmtest.selenium.example.RandomClass5(20150125-080114)" time="1.7211734"/>
<testcase name="random1[Ubuntu_12.10_UNKNOWN_explorer_10]" classname="se.redmind.rmtest.selenium.example.RandomClass5(20150125-080114)" time="1.725575"/>
<testcase name="random1[Ubuntu_12.10_UNKNOWN_opera_15]" classname="se.redmind.rmtest.selenium.example.RandomClass5(20150125-080114)" time="1.9546417"/>
<testcase name="random2[Android_5.1_Nexus 6_firefox_31]" classname="se.redmind.rmtest.selenium.example.RandomClass5(20150125-080114)" time="1.3624294">
	<failure type="java.lang.AssertionError:">java.lang.AssertionError: null
		at org.junit.Assert.fail(Assert.java:86)
		at org.junit.Assert.assertTrue(Assert.java:41)
		at org.junit.Assert.assertTrue(Assert.java:52)
		at se.redmind.rmtest.selenium.example.CreateRandomRes3.random14(CreateRandomRes3.java:128)
	</failure>
</testcase>
<testcase name="random2[Android_5.1_Nexus 6_chrome_42]" classname="se.redmind.rmtest.selenium.example.RandomClass5(20150125-080114)" time="0.14902902"/>
<testcase name="random2[Android_5.1_Nexus 6_explorer_10]" classname="se.redmind.rmtest.selenium.example.RandomClass5(20150125-080114)" time="0.8021263">
	<failure type="java.lang.AssertionError:">java.lang.AssertionError: null
		at org.junit.Assert.fail(Assert.java:86)
		at org.junit.Assert.assertTrue(Assert.java:41)
		at org.junit.Assert.assertTrue(Assert.java:52)
		at se.redmind.rmtest.selenium.example.CreateRandomRes3.random14(CreateRandomRes3.java:128)
	</failure>
</testcase>
<testcase name="random2[Android_5.1_Nexus 6_opera_15]" classname="se.redmind.rmtest.selenium.example.RandomClass5(20150125-080114)" time="1.3834977"/>
<testcase name="random2[Android_2.3_VeiVei_firefox_31]" classname="se.redmind.rmtest.selenium.example.RandomClass5(20150125-080114)" time="0.13909924"/>
<testcase name="random2[Android_2.3_VeiVei_chrome_42]" classname="se.redmind.rmtest.selenium.example.RandomClass5(20150125-080114)" time="0.9558592"/>
<testcase name="random2[Android_2.3_VeiVei_explorer_10]" classname="se.redmind.rmtest.selenium.example.RandomClass5(20150125-080114)" time="1.3657789">
	<failure type="java.lang.AssertionError:">java.lang.AssertionError: null
		at org.junit.Assert.fail(Assert.java:86)
		at org.junit.Assert.assertTrue(Assert.java:41)
		at org.junit.Assert.assertTrue(Assert.java:52)
		at se.redmind.rmtest.selenium.example.CreateRandomRes3.random14(CreateRandomRes3.java:128)
	</failure>
</testcase>
<testcase name="random2[Android_2.3_VeiVei_opera_15]" classname="se.redmind.rmtest.selenium.example.RandomClass5(20150125-080114)" time="0.5111786">
	<failure type="java.lang.AssertionError:">java.lang.AssertionError: null
		at org.junit.Assert.fail(Assert.java:86)
		at org.junit.Assert.assertTrue(Assert.java:41)
		at org.junit.Assert.assertTrue(Assert.java:52)
		at se.redmind.rmtest.selenium.example.CreateRandomRes3.random14(CreateRandomRes3.java:128)
	</failure>
</testcase>
<testcase name="random2[IOS_8.2_iPhone 6_firefox_31]" classname="se.redmind.rmtest.selenium.example.RandomClass5(20150125-080114)" time="0.7556586"/>
<testcase name="random2[IOS_8.2_iPhone 6_chrome_42]" classname="se.redmind.rmtest.selenium.example.RandomClass5(20150125-080114)" time="1.2503347">
	<failure type="java.lang.AssertionError:">java.lang.AssertionError: null
		at org.junit.Assert.fail(Assert.java:86)
		at org.junit.Assert.assertTrue(Assert.java:41)
		at org.junit.Assert.assertTrue(Assert.java:52)
		at se.redmind.rmtest.selenium.example.CreateRandomRes3.random14(CreateRandomRes3.java:128)
	</failure>
</testcase>
<testcase name="random2[IOS_8.2_iPhone 6_explorer_10]" classname="se.redmind.rmtest.selenium.example.RandomClass5(20150125-080114)" time="1.8074616">
	<failure type="java.lang.AssertionError:">java.lang.AssertionError: null
		at org.junit.Assert.fail(Assert.java:86)
		at org.junit.Assert.assertTrue(Assert.java:41)
		at org.junit.Assert.assertTrue(Assert.java:52)
		at se.redmind.rmtest.selenium.example.CreateRandomRes3.random14(CreateRandomRes3.java:128)
	</failure>
</testcase>
<testcase name="random2[IOS_8.2_iPhone 6_opera_15]" classname="se.redmind.rmtest.selenium.example.RandomClass5(20150125-080114)" time="0.6700251"/>
<testcase name="random2[IOS_4_iPhone 3Gs_firefox_31]" classname="se.redmind.rmtest.selenium.example.RandomClass5(20150125-080114)" time="1.2537152">
	<failure type="java.lang.AssertionError:">java.lang.AssertionError: null
		at org.junit.Assert.fail(Assert.java:86)
		at org.junit.Assert.assertTrue(Assert.java:41)
		at org.junit.Assert.assertTrue(Assert.java:52)
		at se.redmind.rmtest.selenium.example.CreateRandomRes3.random14(CreateRandomRes3.java:128)
	</failure>
</testcase>
<testcase name="random2[IOS_4_iPhone 3Gs_chrome_42]" classname="se.redmind.rmtest.selenium.example.RandomClass5(20150125-080114)" time="0.2256738">
	<failure type="java.lang.AssertionError:">java.lang.AssertionError: null
		at org.junit.Assert.fail(Assert.java:86)
		at org.junit.Assert.assertTrue(Assert.java:41)
		at org.junit.Assert.assertTrue(Assert.java:52)
		at se.redmind.rmtest.selenium.example.CreateRandomRes3.random14(CreateRandomRes3.java:128)
	</failure>
</testcase>
<testcase name="random2[IOS_4_iPhone 3Gs_explorer_10]" classname="se.redmind.rmtest.selenium.example.RandomClass5(20150125-080114)" time="0.86037314"/>
<testcase name="random2[IOS_4_iPhone 3Gs_opera_15]" classname="se.redmind.rmtest.selenium.example.RandomClass5(20150125-080114)" time="0.008401036">
	<failure type="java.lang.AssertionError:">java.lang.AssertionError: null
		at org.junit.Assert.fail(Assert.java:86)
		at org.junit.Assert.assertTrue(Assert.java:41)
		at org.junit.Assert.assertTrue(Assert.java:52)
		at se.redmind.rmtest.selenium.example.CreateRandomRes3.random14(CreateRandomRes3.java:128)
	</failure>
</testcase>
<testcase name="random2[Windows_10_UNKNOWN_firefox_31]" classname="se.redmind.rmtest.selenium.example.RandomClass5(20150125-080114)" time="1.3664004"/>
<testcase name="random2[Windows_10_UNKNOWN_chrome_42]" classname="se.redmind.rmtest.selenium.example.RandomClass5(20150125-080114)" time="0.83030987">
	<failure type="java.lang.AssertionError:">java.lang.AssertionError: null
		at org.junit.Assert.fail(Assert.java:86)
		at org.junit.Assert.assertTrue(Assert.java:41)
		at org.junit.Assert.assertTrue(Assert.java:52)
		at se.redmind.rmtest.selenium.example.CreateRandomRes3.random14(CreateRandomRes3.java:128)
	</failure>
</testcase>
<testcase name="random2[Windows_10_UNKNOWN_explorer_10]" classname="se.redmind.rmtest.selenium.example.RandomClass5(20150125-080114)" time="1.6704438">
	<failure type="java.lang.AssertionError:">java.lang.AssertionError: null
		at org.junit.Assert.fail(Assert.java:86)
		at org.junit.Assert.assertTrue(Assert.java:41)
		at org.junit.Assert.assertTrue(Assert.java:52)
		at se.redmind.rmtest.selenium.example.CreateRandomRes3.random14(CreateRandomRes3.java:128)
	</failure>
</testcase>
<testcase name="random2[Windows_10_UNKNOWN_opera_15]" classname="se.redmind.rmtest.selenium.example.RandomClass5(20150125-080114)" time="0.5984471">
	<failure type="java.lang.AssertionError:">java.lang.AssertionError: null
		at org.junit.Assert.fail(Assert.java:86)
		at org.junit.Assert.assertTrue(Assert.java:41)
		at org.junit.Assert.assertTrue(Assert.java:52)
		at se.redmind.rmtest.selenium.example.CreateRandomRes3.random14(CreateRandomRes3.java:128)
	</failure>
</testcase>
<testcase name="random2[Ubuntu_14.04_UNKNOWN_firefox_31]" classname="se.redmind.rmtest.selenium.example.RandomClass5(20150125-080114)" time="1.1418272"/>
<testcase name="random2[Ubuntu_14.04_UNKNOWN_chrome_42]" classname="se.redmind.rmtest.selenium.example.RandomClass5(20150125-080114)" time="0.7183466"/>
<testcase name="random2[Ubuntu_14.04_UNKNOWN_explorer_10]" classname="se.redmind.rmtest.selenium.example.RandomClass5(20150125-080114)" time="0.2948587"/>
<testcase name="random2[Ubuntu_14.04_UNKNOWN_opera_15]" classname="se.redmind.rmtest.selenium.example.RandomClass5(20150125-080114)" time="1.4299619"/>
<testcase name="random2[Ubuntu_12.10_UNKNOWN_firefox_31]" classname="se.redmind.rmtest.selenium.example.RandomClass5(20150125-080114)" time="0.021577358"/>
<testcase name="random2[Ubuntu_12.10_UNKNOWN_chrome_42]" classname="se.redmind.rmtest.selenium.example.RandomClass5(20150125-080114)" time="1.6922374">
	<failure type="java.lang.AssertionError:">java.lang.AssertionError: null
		at org.junit.Assert.fail(Assert.java:86)
		at org.junit.Assert.assertTrue(Assert.java:41)
		at org.junit.Assert.assertTrue(Assert.java:52)
		at se.redmind.rmtest.selenium.example.CreateRandomRes3.random14(CreateRandomRes3.java:128)
	</failure>
</testcase>
<testcase name="random2[Ubuntu_12.10_UNKNOWN_explorer_10]" classname="se.redmind.rmtest.selenium.example.RandomClass5(20150125-080114)" time="0.7004291"/>
<testcase name="random2[Ubuntu_12.10_UNKNOWN_opera_15]" classname="se.redmind.rmtest.selenium.example.RandomClass5(20150125-080114)" time="1.5816638"/>
<testcase name="random3[Android_5.1_Nexus 6_firefox_31]" classname="se.redmind.rmtest.selenium.example.RandomClass5(20150125-080114)" time="0.9194069"/>
<testcase name="random3[Android_5.1_Nexus 6_chrome_42]" classname="se.redmind.rmtest.selenium.example.RandomClass5(20150125-080114)" time="0.5578047"/>
<testcase name="random3[Android_5.1_Nexus 6_explorer_10]" classname="se.redmind.rmtest.selenium.example.RandomClass5(20150125-080114)" time="1.2331727">
	<failure type="java.lang.AssertionError:">java.lang.AssertionError: null
		at org.junit.Assert.fail(Assert.java:86)
		at org.junit.Assert.assertTrue(Assert.java:41)
		at org.junit.Assert.assertTrue(Assert.java:52)
		at se.redmind.rmtest.selenium.example.CreateRandomRes3.random14(CreateRandomRes3.java:128)
	</failure>
</testcase>
<testcase name="random3[Android_5.1_Nexus 6_opera_15]" classname="se.redmind.rmtest.selenium.example.RandomClass5(20150125-080114)" time="1.5922426"/>
<testcase name="random3[Android_2.3_VeiVei_firefox_31]" classname="se.redmind.rmtest.selenium.example.RandomClass5(20150125-080114)" time="1.5004236"/>
<testcase name="random3[Android_2.3_VeiVei_chrome_42]" classname="se.redmind.rmtest.selenium.example.RandomClass5(20150125-080114)" time="1.2755222"/>
<testcase name="random3[Android_2.3_VeiVei_explorer_10]" classname="se.redmind.rmtest.selenium.example.RandomClass5(20150125-080114)" time="0.27073634">
	<failure type="java.lang.AssertionError:">java.lang.AssertionError: null
		at org.junit.Assert.fail(Assert.java:86)
		at org.junit.Assert.assertTrue(Assert.java:41)
		at org.junit.Assert.assertTrue(Assert.java:52)
		at se.redmind.rmtest.selenium.example.CreateRandomRes3.random14(CreateRandomRes3.java:128)
	</failure>
</testcase>
<testcase name="random3[Android_2.3_VeiVei_opera_15]" classname="se.redmind.rmtest.selenium.example.RandomClass5(20150125-080114)" time="0.31070113">
	<failure type="java.lang.AssertionError:">java.lang.AssertionError: null
		at org.junit.Assert.fail(Assert.java:86)
		at org.junit.Assert.assertTrue(Assert.java:41)
		at org.junit.Assert.assertTrue(Assert.java:52)
		at se.redmind.rmtest.selenium.example.CreateRandomRes3.random14(CreateRandomRes3.java:128)
	</failure>
</testcase>
<testcase name="random3[IOS_8.2_iPhone 6_firefox_31]" classname="se.redmind.rmtest.selenium.example.RandomClass5(20150125-080114)" time="1.7272495"/>
<testcase name="random3[IOS_8.2_iPhone 6_chrome_42]" classname="se.redmind.rmtest.selenium.example.RandomClass5(20150125-080114)" time="1.0296013"/>
<testcase name="random3[IOS_8.2_iPhone 6_explorer_10]" classname="se.redmind.rmtest.selenium.example.RandomClass5(20150125-080114)" time="1.4676822"/>
<testcase name="random3[IOS_8.2_iPhone 6_opera_15]" classname="se.redmind.rmtest.selenium.example.RandomClass5(20150125-080114)" time="1.4447278">
	<failure type="java.lang.AssertionError:">java.lang.AssertionError: null
		at org.junit.Assert.fail(Assert.java:86)
		at org.junit.Assert.assertTrue(Assert.java:41)
		at org.junit.Assert.assertTrue(Assert.java:52)
		at se.redmind.rmtest.selenium.example.CreateRandomRes3.random14(CreateRandomRes3.java:128)
	</failure>
</testcase>
<testcase name="random3[IOS_4_iPhone 3Gs_firefox_31]" classname="se.redmind.rmtest.selenium.example.RandomClass5(20150125-080114)" time="0.17290568">
<skipped/>
</testcase>
<testcase name="random3[IOS_4_iPhone 3Gs_firefox_31]" classname="se.redmind.rmtest.selenium.example.RandomClass5(20150125-080114)" time="0.07041025"/>
<testcase name="random3[IOS_4_iPhone 3Gs_chrome_42]" classname="se.redmind.rmtest.selenium.example.RandomClass5(20150125-080114)" time="1.7082534">
<skipped/>
</testcase>
<testcase name="random3[IOS_4_iPhone 3Gs_chrome_42]" classname="se.redmind.rmtest.selenium.example.RandomClass5(20150125-080114)" time="1.6594741"/>
<testcase name="random3[IOS_4_iPhone 3Gs_explorer_10]" classname="se.redmind.rmtest.selenium.example.RandomClass5(20150125-080114)" time="0.05772221">
<skipped/>
</testcase>
<testcase name="random3[IOS_4_iPhone 3Gs_explorer_10]" classname="se.redmind.rmtest.selenium.example.RandomClass5(20150125-080114)" time="0.64297616">
	<failure type="java.lang.AssertionError:">java.lang.AssertionError: null
		at org.junit.Assert.fail(Assert.java:86)
		at org.junit.Assert.assertTrue(Assert.java:41)
		at org.junit.Assert.assertTrue(Assert.java:52)
		at se.redmind.rmtest.selenium.example.CreateRandomRes3.random14(CreateRandomRes3.java:128)
	</failure>
</testcase>
<testcase name="random3[IOS_4_iPhone 3Gs_opera_15]" classname="se.redmind.rmtest.selenium.example.RandomClass5(20150125-080114)" time="0.7086172">
<skipped/>
</testcase>
<testcase name="random3[IOS_4_iPhone 3Gs_opera_15]" classname="se.redmind.rmtest.selenium.example.RandomClass5(20150125-080114)" time="0.9876915"/>
<testcase name="random3[Windows_10_UNKNOWN_firefox_31]" classname="se.redmind.rmtest.selenium.example.RandomClass5(20150125-080114)" time="0.27694654">
	<failure type="java.lang.AssertionError:">java.lang.AssertionError: null
		at org.junit.Assert.fail(Assert.java:86)
		at org.junit.Assert.assertTrue(Assert.java:41)
		at org.junit.Assert.assertTrue(Assert.java:52)
		at se.redmind.rmtest.selenium.example.CreateRandomRes3.random14(CreateRandomRes3.java:128)
	</failure>
</testcase>
<testcase name="random3[Windows_10_UNKNOWN_chrome_42]" classname="se.redmind.rmtest.selenium.example.RandomClass5(20150125-080114)" time="1.3353007"/>
<testcase name="random3[Windows_10_UNKNOWN_explorer_10]" classname="se.redmind.rmtest.selenium.example.RandomClass5(20150125-080114)" time="0.39103162">
	<failure type="java.lang.AssertionError:">java.lang.AssertionError: null
		at org.junit.Assert.fail(Assert.java:86)
		at org.junit.Assert.assertTrue(Assert.java:41)
		at org.junit.Assert.assertTrue(Assert.java:52)
		at se.redmind.rmtest.selenium.example.CreateRandomRes3.random14(CreateRandomRes3.java:128)
	</failure>
</testcase>
<testcase name="random3[Windows_10_UNKNOWN_opera_15]" classname="se.redmind.rmtest.selenium.example.RandomClass5(20150125-080114)" time="0.25061297">
	<failure type="java.lang.AssertionError:">java.lang.AssertionError: null
		at org.junit.Assert.fail(Assert.java:86)
		at org.junit.Assert.assertTrue(Assert.java:41)
		at org.junit.Assert.assertTrue(Assert.java:52)
		at se.redmind.rmtest.selenium.example.CreateRandomRes3.random14(CreateRandomRes3.java:128)
	</failure>
</testcase>
<testcase name="random3[Ubuntu_14.04_UNKNOWN_firefox_31]" classname="se.redmind.rmtest.selenium.example.RandomClass5(20150125-080114)" time="1.3133193">
	<failure type="java.lang.AssertionError:">java.lang.AssertionError: null
		at org.junit.Assert.fail(Assert.java:86)
		at org.junit.Assert.assertTrue(Assert.java:41)
		at org.junit.Assert.assertTrue(Assert.java:52)
		at se.redmind.rmtest.selenium.example.CreateRandomRes3.random14(CreateRandomRes3.java:128)
	</failure>
</testcase>
<testcase name="random3[Ubuntu_14.04_UNKNOWN_chrome_42]" classname="se.redmind.rmtest.selenium.example.RandomClass5(20150125-080114)" time="0.6195526"/>
<testcase name="random3[Ubuntu_14.04_UNKNOWN_explorer_10]" classname="se.redmind.rmtest.selenium.example.RandomClass5(20150125-080114)" time="0.7081647"/>
<testcase name="random3[Ubuntu_14.04_UNKNOWN_opera_15]" classname="se.redmind.rmtest.selenium.example.RandomClass5(20150125-080114)" time="0.78303623"/>
<testcase name="random3[Ubuntu_12.10_UNKNOWN_firefox_31]" classname="se.redmind.rmtest.selenium.example.RandomClass5(20150125-080114)" time="1.1817514"/>
<testcase name="random3[Ubuntu_12.10_UNKNOWN_chrome_42]" classname="se.redmind.rmtest.selenium.example.RandomClass5(20150125-080114)" time="1.3478674"/>
<testcase name="random3[Ubuntu_12.10_UNKNOWN_explorer_10]" classname="se.redmind.rmtest.selenium.example.RandomClass5(20150125-080114)" time="1.0276339"/>
<testcase name="random3[Ubuntu_12.10_UNKNOWN_opera_15]" classname="se.redmind.rmtest.selenium.example.RandomClass5(20150125-080114)" time="1.947178"/>
<testcase name="random4[Android_5.1_Nexus 6_firefox_31]" classname="se.redmind.rmtest.selenium.example.RandomClass5(20150125-080114)" time="0.7842289"/>
<testcase name="random4[Android_5.1_Nexus 6_chrome_42]" classname="se.redmind.rmtest.selenium.example.RandomClass5(20150125-080114)" time="1.9420128">
	<failure type="java.lang.AssertionError:">java.lang.AssertionError: null
		at org.junit.Assert.fail(Assert.java:86)
		at org.junit.Assert.assertTrue(Assert.java:41)
		at org.junit.Assert.assertTrue(Assert.java:52)
		at se.redmind.rmtest.selenium.example.CreateRandomRes3.random14(CreateRandomRes3.java:128)
	</failure>
</testcase>
<testcase name="random4[Android_5.1_Nexus 6_explorer_10]" classname="se.redmind.rmtest.selenium.example.RandomClass5(20150125-080114)" time="0.08214414"/>
<testcase name="random4[Android_5.1_Nexus 6_opera_15]" classname="se.redmind.rmtest.selenium.example.RandomClass5(20150125-080114)" time="0.8625128"/>
<testcase name="random4[Android_2.3_VeiVei_firefox_31]" classname="se.redmind.rmtest.selenium.example.RandomClass5(20150125-080114)" time="1.6292279"/>
<testcase name="random4[Android_2.3_VeiVei_chrome_42]" classname="se.redmind.rmtest.selenium.example.RandomClass5(20150125-080114)" time="0.7297815">
	<failure type="java.lang.AssertionError:">java.lang.AssertionError: null
		at org.junit.Assert.fail(Assert.java:86)
		at org.junit.Assert.assertTrue(Assert.java:41)
		at org.junit.Assert.assertTrue(Assert.java:52)
		at se.redmind.rmtest.selenium.example.CreateRandomRes3.random14(CreateRandomRes3.java:128)
	</failure>
</testcase>
<testcase name="random4[Android_2.3_VeiVei_explorer_10]" classname="se.redmind.rmtest.selenium.example.RandomClass5(20150125-080114)" time="0.21262181"/>
<testcase name="random4[Android_2.3_VeiVei_opera_15]" classname="se.redmind.rmtest.selenium.example.RandomClass5(20150125-080114)" time="0.5698031"/>
<testcase name="random4[IOS_8.2_iPhone 6_firefox_31]" classname="se.redmind.rmtest.selenium.example.RandomClass5(20150125-080114)" time="1.4455737"/>
<testcase name="random4[IOS_8.2_iPhone 6_chrome_42]" classname="se.redmind.rmtest.selenium.example.RandomClass5(20150125-080114)" time="1.8588413"/>
<testcase name="random4[IOS_8.2_iPhone 6_explorer_10]" classname="se.redmind.rmtest.selenium.example.RandomClass5(20150125-080114)" time="1.654428"/>
<testcase name="random4[IOS_8.2_iPhone 6_opera_15]" classname="se.redmind.rmtest.selenium.example.RandomClass5(20150125-080114)" time="0.15546906"/>
<testcase name="random4[IOS_4_iPhone 3Gs_firefox_31]" classname="se.redmind.rmtest.selenium.example.RandomClass5(20150125-080114)" time="0.33247757"/>
<testcase name="random4[IOS_4_iPhone 3Gs_chrome_42]" classname="se.redmind.rmtest.selenium.example.RandomClass5(20150125-080114)" time="1.5011492"/>
<testcase name="random4[IOS_4_iPhone 3Gs_explorer_10]" classname="se.redmind.rmtest.selenium.example.RandomClass5(20150125-080114)" time="1.3176886"/>
<testcase name="random4[IOS_4_iPhone 3Gs_opera_15]" classname="se.redmind.rmtest.selenium.example.RandomClass5(20150125-080114)" time="0.3928324"/>
<testcase name="random4[Windows_10_UNKNOWN_firefox_31]" classname="se.redmind.rmtest.selenium.example.RandomClass5(20150125-080114)" time="1.4191391"/>
<testcase name="random4[Windows_10_UNKNOWN_chrome_42]" classname="se.redmind.rmtest.selenium.example.RandomClass5(20150125-080114)" time="0.73981917"/>
<testcase name="random4[Windows_10_UNKNOWN_explorer_10]" classname="se.redmind.rmtest.selenium.example.RandomClass5(20150125-080114)" time="0.8408116">
	<failure type="java.lang.AssertionError:">java.lang.AssertionError: null
		at org.junit.Assert.fail(Assert.java:86)
		at org.junit.Assert.assertTrue(Assert.java:41)
		at org.junit.Assert.assertTrue(Assert.java:52)
		at se.redmind.rmtest.selenium.example.CreateRandomRes3.random14(CreateRandomRes3.java:128)
	</failure>
</testcase>
<testcase name="random4[Windows_10_UNKNOWN_opera_15]" classname="se.redmind.rmtest.selenium.example.RandomClass5(20150125-080114)" time="0.215119"/>
<testcase name="random4[Ubuntu_14.04_UNKNOWN_firefox_31]" classname="se.redmind.rmtest.selenium.example.RandomClass5(20150125-080114)" time="1.9490271">
	<failure type="java.lang.AssertionError:">java.lang.AssertionError: null
		at org.junit.Assert.fail(Assert.java:86)
		at org.junit.Assert.assertTrue(Assert.java:41)
		at org.junit.Assert.assertTrue(Assert.java:52)
		at se.redmind.rmtest.selenium.example.CreateRandomRes3.random14(CreateRandomRes3.java:128)
	</failure>
</testcase>
<testcase name="random4[Ubuntu_14.04_UNKNOWN_chrome_42]" classname="se.redmind.rmtest.selenium.example.RandomClass5(20150125-080114)" time="1.8147936"/>
<testcase name="random4[Ubuntu_14.04_UNKNOWN_explorer_10]" classname="se.redmind.rmtest.selenium.example.RandomClass5(20150125-080114)" time="0.45697165">
	<failure type="java.lang.AssertionError:">java.lang.AssertionError: null
		at org.junit.Assert.fail(Assert.java:86)
		at org.junit.Assert.assertTrue(Assert.java:41)
		at org.junit.Assert.assertTrue(Assert.java:52)
		at se.redmind.rmtest.selenium.example.CreateRandomRes3.random14(CreateRandomRes3.java:128)
	</failure>
</testcase>
<testcase name="random4[Ubuntu_14.04_UNKNOWN_opera_15]" classname="se.redmind.rmtest.selenium.example.RandomClass5(20150125-080114)" time="1.8738631">
	<failure type="java.lang.AssertionError:">java.lang.AssertionError: null
		at org.junit.Assert.fail(Assert.java:86)
		at org.junit.Assert.assertTrue(Assert.java:41)
		at org.junit.Assert.assertTrue(Assert.java:52)
		at se.redmind.rmtest.selenium.example.CreateRandomRes3.random14(CreateRandomRes3.java:128)
	</failure>
</testcase>
<testcase name="random4[Ubuntu_12.10_UNKNOWN_firefox_31]" classname="se.redmind.rmtest.selenium.example.RandomClass5(20150125-080114)" time="0.09911811">
	<failure type="java.lang.AssertionError:">java.lang.AssertionError: null
		at org.junit.Assert.fail(Assert.java:86)
		at org.junit.Assert.assertTrue(Assert.java:41)
		at org.junit.Assert.assertTrue(Assert.java:52)
		at se.redmind.rmtest.selenium.example.CreateRandomRes3.random14(CreateRandomRes3.java:128)
	</failure>
</testcase>
<testcase name="random4[Ubuntu_12.10_UNKNOWN_chrome_42]" classname="se.redmind.rmtest.selenium.example.RandomClass5(20150125-080114)" time="0.1981262">
	<failure type="java.lang.AssertionError:">java.lang.AssertionError: null
		at org.junit.Assert.fail(Assert.java:86)
		at org.junit.Assert.assertTrue(Assert.java:41)
		at org.junit.Assert.assertTrue(Assert.java:52)
		at se.redmind.rmtest.selenium.example.CreateRandomRes3.random14(CreateRandomRes3.java:128)
	</failure>
</testcase>
<testcase name="random4[Ubuntu_12.10_UNKNOWN_explorer_10]" classname="se.redmind.rmtest.selenium.example.RandomClass5(20150125-080114)" time="0.771682">
	<failure type="java.lang.AssertionError:">java.lang.AssertionError: null
		at org.junit.Assert.fail(Assert.java:86)
		at org.junit.Assert.assertTrue(Assert.java:41)
		at org.junit.Assert.assertTrue(Assert.java:52)
		at se.redmind.rmtest.selenium.example.CreateRandomRes3.random14(CreateRandomRes3.java:128)
	</failure>
</testcase>
<testcase name="random4[Ubuntu_12.10_UNKNOWN_opera_15]" classname="se.redmind.rmtest.selenium.example.RandomClass5(20150125-080114)" time="1.7324922"/>
<testcase name="random1[Android_5.1_Nexus 6_firefox_31]" classname="se.redmind.rmtest.selenium.example.RandomClass6(20150125-080114)" time="1.2300825"/>
<testcase name="random1[Android_5.1_Nexus 6_chrome_42]" classname="se.redmind.rmtest.selenium.example.RandomClass6(20150125-080114)" time="1.6116698">
	<failure type="java.lang.AssertionError:">java.lang.AssertionError: null
		at org.junit.Assert.fail(Assert.java:86)
		at org.junit.Assert.assertTrue(Assert.java:41)
		at org.junit.Assert.assertTrue(Assert.java:52)
		at se.redmind.rmtest.selenium.example.CreateRandomRes3.random14(CreateRandomRes3.java:128)
	</failure>
</testcase>
<testcase name="random1[Android_5.1_Nexus 6_explorer_10]" classname="se.redmind.rmtest.selenium.example.RandomClass6(20150125-080114)" time="0.7906811">
	<failure type="java.lang.AssertionError:">java.lang.AssertionError: null
		at org.junit.Assert.fail(Assert.java:86)
		at org.junit.Assert.assertTrue(Assert.java:41)
		at org.junit.Assert.assertTrue(Assert.java:52)
		at se.redmind.rmtest.selenium.example.CreateRandomRes3.random14(CreateRandomRes3.java:128)
	</failure>
</testcase>
<testcase name="random1[Android_5.1_Nexus 6_opera_15]" classname="se.redmind.rmtest.selenium.example.RandomClass6(20150125-080114)" time="1.3885684"/>
<testcase name="random1[Android_2.3_VeiVei_firefox_31]" classname="se.redmind.rmtest.selenium.example.RandomClass6(20150125-080114)" time="0.23791456">
	<failure type="java.lang.AssertionError:">java.lang.AssertionError: null
		at org.junit.Assert.fail(Assert.java:86)
		at org.junit.Assert.assertTrue(Assert.java:41)
		at org.junit.Assert.assertTrue(Assert.java:52)
		at se.redmind.rmtest.selenium.example.CreateRandomRes3.random14(CreateRandomRes3.java:128)
	</failure>
</testcase>
<testcase name="random1[Android_2.3_VeiVei_chrome_42]" classname="se.redmind.rmtest.selenium.example.RandomClass6(20150125-080114)" time="0.45372033">
	<failure type="java.lang.AssertionError:">java.lang.AssertionError: null
		at org.junit.Assert.fail(Assert.java:86)
		at org.junit.Assert.assertTrue(Assert.java:41)
		at org.junit.Assert.assertTrue(Assert.java:52)
		at se.redmind.rmtest.selenium.example.CreateRandomRes3.random14(CreateRandomRes3.java:128)
	</failure>
</testcase>
<testcase name="random1[Android_2.3_VeiVei_explorer_10]" classname="se.redmind.rmtest.selenium.example.RandomClass6(20150125-080114)" time="0.19898403"/>
<testcase name="random1[Android_2.3_VeiVei_opera_15]" classname="se.redmind.rmtest.selenium.example.RandomClass6(20150125-080114)" time="1.8331748">
	<failure type="java.lang.AssertionError:">java.lang.AssertionError: null
		at org.junit.Assert.fail(Assert.java:86)
		at org.junit.Assert.assertTrue(Assert.java:41)
		at org.junit.Assert.assertTrue(Assert.java:52)
		at se.redmind.rmtest.selenium.example.CreateRandomRes3.random14(CreateRandomRes3.java:128)
	</failure>
</testcase>
<testcase name="random1[IOS_8.2_iPhone 6_firefox_31]" classname="se.redmind.rmtest.selenium.example.RandomClass6(20150125-080114)" time="0.8775996">
	<failure type="java.lang.AssertionError:">java.lang.AssertionError: null
		at org.junit.Assert.fail(Assert.java:86)
		at org.junit.Assert.assertTrue(Assert.java:41)
		at org.junit.Assert.assertTrue(Assert.java:52)
		at se.redmind.rmtest.selenium.example.CreateRandomRes3.random14(CreateRandomRes3.java:128)
	</failure>
</testcase>
<testcase name="random1[IOS_8.2_iPhone 6_chrome_42]" classname="se.redmind.rmtest.selenium.example.RandomClass6(20150125-080114)" time="1.547303"/>
<testcase name="random1[IOS_8.2_iPhone 6_explorer_10]" classname="se.redmind.rmtest.selenium.example.RandomClass6(20150125-080114)" time="1.531088"/>
<testcase name="random1[IOS_8.2_iPhone 6_opera_15]" classname="se.redmind.rmtest.selenium.example.RandomClass6(20150125-080114)" time="0.26795304"/>
<testcase name="random1[IOS_4_iPhone 3Gs_firefox_31]" classname="se.redmind.rmtest.selenium.example.RandomClass6(20150125-080114)" time="1.5391163"/>
<testcase name="random1[IOS_4_iPhone 3Gs_chrome_42]" classname="se.redmind.rmtest.selenium.example.RandomClass6(20150125-080114)" time="1.0359774"/>
<testcase name="random1[IOS_4_iPhone 3Gs_explorer_10]" classname="se.redmind.rmtest.selenium.example.RandomClass6(20150125-080114)" time="0.945729"/>
<testcase name="random1[IOS_4_iPhone 3Gs_opera_15]" classname="se.redmind.rmtest.selenium.example.RandomClass6(20150125-080114)" time="0.49117243"/>
<testcase name="random1[OSX_10.9.5_UNKNOWN_firefox_31]" classname="se.redmind.rmtest.selenium.example.RandomClass6(20150125-080114)" time="1.6221015"/>
<testcase name="random1[OSX_10.9.5_UNKNOWN_chrome_42]" classname="se.redmind.rmtest.selenium.example.RandomClass6(20150125-080114)" time="0.5398208"/>
<testcase name="random1[OSX_10.9.5_UNKNOWN_explorer_10]" classname="se.redmind.rmtest.selenium.example.RandomClass6(20150125-080114)" time="3.7992E-4">
	<failure type="java.lang.AssertionError:">java.lang.AssertionError: null
		at org.junit.Assert.fail(Assert.java:86)
		at org.junit.Assert.assertTrue(Assert.java:41)
		at org.junit.Assert.assertTrue(Assert.java:52)
		at se.redmind.rmtest.selenium.example.CreateRandomRes3.random14(CreateRandomRes3.java:128)
	</failure>
</testcase>
<testcase name="random1[OSX_10.9.5_UNKNOWN_opera_15]" classname="se.redmind.rmtest.selenium.example.RandomClass6(20150125-080114)" time="0.5911703"/>
<testcase name="random1[Windows_10_UNKNOWN_firefox_31]" classname="se.redmind.rmtest.selenium.example.RandomClass6(20150125-080114)" time="0.56805193"/>
<testcase name="random1[Windows_10_UNKNOWN_chrome_42]" classname="se.redmind.rmtest.selenium.example.RandomClass6(20150125-080114)" time="1.0927304">
	<failure type="java.lang.AssertionError:">java.lang.AssertionError: null
		at org.junit.Assert.fail(Assert.java:86)
		at org.junit.Assert.assertTrue(Assert.java:41)
		at org.junit.Assert.assertTrue(Assert.java:52)
		at se.redmind.rmtest.selenium.example.CreateRandomRes3.random14(CreateRandomRes3.java:128)
	</failure>
</testcase>
<testcase name="random1[Windows_10_UNKNOWN_explorer_10]" classname="se.redmind.rmtest.selenium.example.RandomClass6(20150125-080114)" time="0.4142077"/>
<testcase name="random1[Windows_10_UNKNOWN_opera_15]" classname="se.redmind.rmtest.selenium.example.RandomClass6(20150125-080114)" time="0.59273183"/>
<testcase name="random1[Ubuntu_14.04_UNKNOWN_firefox_31]" classname="se.redmind.rmtest.selenium.example.RandomClass6(20150125-080114)" time="1.6145071"/>
<testcase name="random1[Ubuntu_14.04_UNKNOWN_chrome_42]" classname="se.redmind.rmtest.selenium.example.RandomClass6(20150125-080114)" time="1.3082584"/>
<testcase name="random1[Ubuntu_14.04_UNKNOWN_explorer_10]" classname="se.redmind.rmtest.selenium.example.RandomClass6(20150125-080114)" time="0.51332164"/>
<testcase name="random1[Ubuntu_14.04_UNKNOWN_opera_15]" classname="se.redmind.rmtest.selenium.example.RandomClass6(20150125-080114)" time="1.5294051"/>
<testcase name="random2[Android_5.1_Nexus 6_firefox_31]" classname="se.redmind.rmtest.selenium.example.RandomClass6(20150125-080114)" time="1.7871608"/>
<testcase name="random2[Android_5.1_Nexus 6_chrome_42]" classname="se.redmind.rmtest.selenium.example.RandomClass6(20150125-080114)" time="0.43028152"/>
<testcase name="random2[Android_5.1_Nexus 6_explorer_10]" classname="se.redmind.rmtest.selenium.example.RandomClass6(20150125-080114)" time="0.29904425">
	<failure type="java.lang.AssertionError:">java.lang.AssertionError: null
		at org.junit.Assert.fail(Assert.java:86)
		at org.junit.Assert.assertTrue(Assert.java:41)
		at org.junit.Assert.assertTrue(Assert.java:52)
		at se.redmind.rmtest.selenium.example.CreateRandomRes3.random14(CreateRandomRes3.java:128)
	</failure>
</testcase>
<testcase name="random2[Android_5.1_Nexus 6_opera_15]" classname="se.redmind.rmtest.selenium.example.RandomClass6(20150125-080114)" time="1.3503729">
	<failure type="java.lang.AssertionError:">java.lang.AssertionError: null
		at org.junit.Assert.fail(Assert.java:86)
		at org.junit.Assert.assertTrue(Assert.java:41)
		at org.junit.Assert.assertTrue(Assert.java:52)
		at se.redmind.rmtest.selenium.example.CreateRandomRes3.random14(CreateRandomRes3.java:128)
	</failure>
</testcase>
<testcase name="random2[Android_2.3_VeiVei_firefox_31]" classname="se.redmind.rmtest.selenium.example.RandomClass6(20150125-080114)" time="1.8264151"/>
<testcase name="random2[Android_2.3_VeiVei_chrome_42]" classname="se.redmind.rmtest.selenium.example.RandomClass6(20150125-080114)" time="1.3593845"/>
<testcase name="random2[Android_2.3_VeiVei_explorer_10]" classname="se.redmind.rmtest.selenium.example.RandomClass6(20150125-080114)" time="0.6658052">
	<failure type="java.lang.AssertionError:">java.lang.AssertionError: null
		at org.junit.Assert.fail(Assert.java:86)
		at org.junit.Assert.assertTrue(Assert.java:41)
		at org.junit.Assert.assertTrue(Assert.java:52)
		at se.redmind.rmtest.selenium.example.CreateRandomRes3.random14(CreateRandomRes3.java:128)
	</failure>
</testcase>
<testcase name="random2[Android_2.3_VeiVei_opera_15]" classname="se.redmind.rmtest.selenium.example.RandomClass6(20150125-080114)" time="0.63635993"/>
<testcase name="random2[IOS_8.2_iPhone 6_firefox_31]" classname="se.redmind.rmtest.selenium.example.RandomClass6(20150125-080114)" time="1.4758795">
	<failure type="java.lang.AssertionError:">java.lang.AssertionError: null
		at org.junit.Assert.fail(Assert.java:86)
		at org.junit.Assert.assertTrue(Assert.java:41)
		at org.junit.Assert.assertTrue(Assert.java:52)
		at se.redmind.rmtest.selenium.example.CreateRandomRes3.random14(CreateRandomRes3.java:128)
	</failure>
</testcase>
<testcase name="random2[IOS_8.2_iPhone 6_chrome_42]" classname="se.redmind.rmtest.selenium.example.RandomClass6(20150125-080114)" time="1.5826734">
	<failure type="java.lang.AssertionError:">java.lang.AssertionError: null
		at org.junit.Assert.fail(Assert.java:86)
		at org.junit.Assert.assertTrue(Assert.java:41)
		at org.junit.Assert.assertTrue(Assert.java:52)
		at se.redmind.rmtest.selenium.example.CreateRandomRes3.random14(CreateRandomRes3.java:128)
	</failure>
</testcase>
<testcase name="random2[IOS_8.2_iPhone 6_explorer_10]" classname="se.redmind.rmtest.selenium.example.RandomClass6(20150125-080114)" time="1.5433685"/>
<testcase name="random2[IOS_8.2_iPhone 6_opera_15]" classname="se.redmind.rmtest.selenium.example.RandomClass6(20150125-080114)" time="1.0450164"/>
<testcase name="random2[IOS_4_iPhone 3Gs_firefox_31]" classname="se.redmind.rmtest.selenium.example.RandomClass6(20150125-080114)" time="1.0802854"/>
<testcase name="random2[IOS_4_iPhone 3Gs_chrome_42]" classname="se.redmind.rmtest.selenium.example.RandomClass6(20150125-080114)" time="1.9622331"/>
<testcase name="random2[IOS_4_iPhone 3Gs_explorer_10]" classname="se.redmind.rmtest.selenium.example.RandomClass6(20150125-080114)" time="1.3097005"/>
<testcase name="random2[IOS_4_iPhone 3Gs_opera_15]" classname="se.redmind.rmtest.selenium.example.RandomClass6(20150125-080114)" time="1.7177328"/>
<testcase name="random2[OSX_10.9.5_UNKNOWN_firefox_31]" classname="se.redmind.rmtest.selenium.example.RandomClass6(20150125-080114)" time="1.6524578"/>
<testcase name="random2[OSX_10.9.5_UNKNOWN_chrome_42]" classname="se.redmind.rmtest.selenium.example.RandomClass6(20150125-080114)" time="0.9587904"/>
<testcase name="random2[OSX_10.9.5_UNKNOWN_explorer_10]" classname="se.redmind.rmtest.selenium.example.RandomClass6(20150125-080114)" time="1.2915782">
	<failure type="java.lang.AssertionError:">java.lang.AssertionError: null
		at org.junit.Assert.fail(Assert.java:86)
		at org.junit.Assert.assertTrue(Assert.java:41)
		at org.junit.Assert.assertTrue(Assert.java:52)
		at se.redmind.rmtest.selenium.example.CreateRandomRes3.random14(CreateRandomRes3.java:128)
	</failure>
</testcase>
<testcase name="random2[OSX_10.9.5_UNKNOWN_opera_15]" classname="se.redmind.rmtest.selenium.example.RandomClass6(20150125-080114)" time="0.9502106"/>
<testcase name="random2[Windows_10_UNKNOWN_firefox_31]" classname="se.redmind.rmtest.selenium.example.RandomClass6(20150125-080114)" time="1.865179">
	<failure type="java.lang.AssertionError:">java.lang.AssertionError: null
		at org.junit.Assert.fail(Assert.java:86)
		at org.junit.Assert.assertTrue(Assert.java:41)
		at org.junit.Assert.assertTrue(Assert.java:52)
		at se.redmind.rmtest.selenium.example.CreateRandomRes3.random14(CreateRandomRes3.java:128)
	</failure>
</testcase>
<testcase name="random2[Windows_10_UNKNOWN_chrome_42]" classname="se.redmind.rmtest.selenium.example.RandomClass6(20150125-080114)" time="0.09856367"/>
<testcase name="random2[Windows_10_UNKNOWN_explorer_10]" classname="se.redmind.rmtest.selenium.example.RandomClass6(20150125-080114)" time="0.9110515"/>
<testcase name="random2[Windows_10_UNKNOWN_opera_15]" classname="se.redmind.rmtest.selenium.example.RandomClass6(20150125-080114)" time="0.45459902"/>
<testcase name="random2[Ubuntu_14.04_UNKNOWN_firefox_31]" classname="se.redmind.rmtest.selenium.example.RandomClass6(20150125-080114)" time="0.4340278"/>
<testcase name="random2[Ubuntu_14.04_UNKNOWN_chrome_42]" classname="se.redmind.rmtest.selenium.example.RandomClass6(20150125-080114)" time="0.34195054"/>
<testcase name="random2[Ubuntu_14.04_UNKNOWN_explorer_10]" classname="se.redmind.rmtest.selenium.example.RandomClass6(20150125-080114)" time="0.5262579"/>
<testcase name="random2[Ubuntu_14.04_UNKNOWN_opera_15]" classname="se.redmind.rmtest.selenium.example.RandomClass6(20150125-080114)" time="1.691576"/>
<testcase name="random3[Android_5.1_Nexus 6_firefox_31]" classname="se.redmind.rmtest.selenium.example.RandomClass6(20150125-080114)" time="1.3300374">
	<failure type="java.lang.AssertionError:">java.lang.AssertionError: null
		at org.junit.Assert.fail(Assert.java:86)
		at org.junit.Assert.assertTrue(Assert.java:41)
		at org.junit.Assert.assertTrue(Assert.java:52)
		at se.redmind.rmtest.selenium.example.CreateRandomRes3.random14(CreateRandomRes3.java:128)
	</failure>
</testcase>
<testcase name="random3[Android_5.1_Nexus 6_chrome_42]" classname="se.redmind.rmtest.selenium.example.RandomClass6(20150125-080114)" time="1.4553952">
	<failure type="java.lang.AssertionError:">java.lang.AssertionError: null
		at org.junit.Assert.fail(Assert.java:86)
		at org.junit.Assert.assertTrue(Assert.java:41)
		at org.junit.Assert.assertTrue(Assert.java:52)
		at se.redmind.rmtest.selenium.example.CreateRandomRes3.random14(CreateRandomRes3.java:128)
	</failure>
</testcase>
<testcase name="random3[Android_5.1_Nexus 6_explorer_10]" classname="se.redmind.rmtest.selenium.example.RandomClass6(20150125-080114)" time="1.1566082"/>
<testcase name="random3[Android_5.1_Nexus 6_opera_15]" classname="se.redmind.rmtest.selenium.example.RandomClass6(20150125-080114)" time="1.0424527"/>
<testcase name="random3[Android_2.3_VeiVei_firefox_31]" classname="se.redmind.rmtest.selenium.example.RandomClass6(20150125-080114)" time="0.6022965">
	<failure type="java.lang.AssertionError:">java.lang.AssertionError: null
		at org.junit.Assert.fail(Assert.java:86)
		at org.junit.Assert.assertTrue(Assert.java:41)
		at org.junit.Assert.assertTrue(Assert.java:52)
		at se.redmind.rmtest.selenium.example.CreateRandomRes3.random14(CreateRandomRes3.java:128)
	</failure>
</testcase>
<testcase name="random3[Android_2.3_VeiVei_chrome_42]" classname="se.redmind.rmtest.selenium.example.RandomClass6(20150125-080114)" time="0.64570177"/>
<testcase name="random3[Android_2.3_VeiVei_explorer_10]" classname="se.redmind.rmtest.selenium.example.RandomClass6(20150125-080114)" time="0.20286858"/>
<testcase name="random3[Android_2.3_VeiVei_opera_15]" classname="se.redmind.rmtest.selenium.example.RandomClass6(20150125-080114)" time="1.0281311">
	<failure type="java.lang.AssertionError:">java.lang.AssertionError: null
		at org.junit.Assert.fail(Assert.java:86)
		at org.junit.Assert.assertTrue(Assert.java:41)
		at org.junit.Assert.assertTrue(Assert.java:52)
		at se.redmind.rmtest.selenium.example.CreateRandomRes3.random14(CreateRandomRes3.java:128)
	</failure>
</testcase>
<testcase name="random3[IOS_8.2_iPhone 6_firefox_31]" classname="se.redmind.rmtest.selenium.example.RandomClass6(20150125-080114)" time="0.18547821">
	<failure type="java.lang.AssertionError:">java.lang.AssertionError: null
		at org.junit.Assert.fail(Assert.java:86)
		at org.junit.Assert.assertTrue(Assert.java:41)
		at org.junit.Assert.assertTrue(Assert.java:52)
		at se.redmind.rmtest.selenium.example.CreateRandomRes3.random14(CreateRandomRes3.java:128)
	</failure>
</testcase>
<testcase name="random3[IOS_8.2_iPhone 6_chrome_42]" classname="se.redmind.rmtest.selenium.example.RandomClass6(20150125-080114)" time="0.3500359"/>
<testcase name="random3[IOS_8.2_iPhone 6_explorer_10]" classname="se.redmind.rmtest.selenium.example.RandomClass6(20150125-080114)" time="1.4388323">
	<failure type="java.lang.AssertionError:">java.lang.AssertionError: null
		at org.junit.Assert.fail(Assert.java:86)
		at org.junit.Assert.assertTrue(Assert.java:41)
		at org.junit.Assert.assertTrue(Assert.java:52)
		at se.redmind.rmtest.selenium.example.CreateRandomRes3.random14(CreateRandomRes3.java:128)
	</failure>
</testcase>
<testcase name="random3[IOS_8.2_iPhone 6_opera_15]" classname="se.redmind.rmtest.selenium.example.RandomClass6(20150125-080114)" time="1.3240966"/>
<testcase name="random3[IOS_4_iPhone 3Gs_firefox_31]" classname="se.redmind.rmtest.selenium.example.RandomClass6(20150125-080114)" time="1.4615037">
<skipped/>
</testcase>
<testcase name="random3[IOS_4_iPhone 3Gs_firefox_31]" classname="se.redmind.rmtest.selenium.example.RandomClass6(20150125-080114)" time="1.125353"/>
<testcase name="random3[IOS_4_iPhone 3Gs_chrome_42]" classname="se.redmind.rmtest.selenium.example.RandomClass6(20150125-080114)" time="0.73658">
<skipped/>
</testcase>
<testcase name="random3[IOS_4_iPhone 3Gs_chrome_42]" classname="se.redmind.rmtest.selenium.example.RandomClass6(20150125-080114)" time="1.6319424"/>
<testcase name="random3[IOS_4_iPhone 3Gs_explorer_10]" classname="se.redmind.rmtest.selenium.example.RandomClass6(20150125-080114)" time="1.1967982">
<skipped/>
</testcase>
<testcase name="random3[IOS_4_iPhone 3Gs_explorer_10]" classname="se.redmind.rmtest.selenium.example.RandomClass6(20150125-080114)" time="1.5439527">
	<failure type="java.lang.AssertionError:">java.lang.AssertionError: null
		at org.junit.Assert.fail(Assert.java:86)
		at org.junit.Assert.assertTrue(Assert.java:41)
		at org.junit.Assert.assertTrue(Assert.java:52)
		at se.redmind.rmtest.selenium.example.CreateRandomRes3.random14(CreateRandomRes3.java:128)
	</failure>
</testcase>
<testcase name="random3[IOS_4_iPhone 3Gs_opera_15]" classname="se.redmind.rmtest.selenium.example.RandomClass6(20150125-080114)" time="0.039880633">
<skipped/>
</testcase>
<testcase name="random3[IOS_4_iPhone 3Gs_opera_15]" classname="se.redmind.rmtest.selenium.example.RandomClass6(20150125-080114)" time="1.0043259">
	<failure type="java.lang.AssertionError:">java.lang.AssertionError: null
		at org.junit.Assert.fail(Assert.java:86)
		at org.junit.Assert.assertTrue(Assert.java:41)
		at org.junit.Assert.assertTrue(Assert.java:52)
		at se.redmind.rmtest.selenium.example.CreateRandomRes3.random14(CreateRandomRes3.java:128)
	</failure>
</testcase>
<testcase name="random3[OSX_10.9.5_UNKNOWN_firefox_31]" classname="se.redmind.rmtest.selenium.example.RandomClass6(20150125-080114)" time="1.2631937"/>
<testcase name="random3[OSX_10.9.5_UNKNOWN_chrome_42]" classname="se.redmind.rmtest.selenium.example.RandomClass6(20150125-080114)" time="0.62542176">
	<failure type="java.lang.AssertionError:">java.lang.AssertionError: null
		at org.junit.Assert.fail(Assert.java:86)
		at org.junit.Assert.assertTrue(Assert.java:41)
		at org.junit.Assert.assertTrue(Assert.java:52)
		at se.redmind.rmtest.selenium.example.CreateRandomRes3.random14(CreateRandomRes3.java:128)
	</failure>
</testcase>
<testcase name="random3[OSX_10.9.5_UNKNOWN_explorer_10]" classname="se.redmind.rmtest.selenium.example.RandomClass6(20150125-080114)" time="0.5619538"/>
<testcase name="random3[OSX_10.9.5_UNKNOWN_opera_15]" classname="se.redmind.rmtest.selenium.example.RandomClass6(20150125-080114)" time="0.93964136"/>
<testcase name="random3[Windows_10_UNKNOWN_firefox_31]" classname="se.redmind.rmtest.selenium.example.RandomClass6(20150125-080114)" time="0.6768241"/>
<testcase name="random3[Windows_10_UNKNOWN_chrome_42]" classname="se.redmind.rmtest.selenium.example.RandomClass6(20150125-080114)" time="1.7790883"/>
<testcase name="random3[Windows_10_UNKNOWN_explorer_10]" classname="se.redmind.rmtest.selenium.example.RandomClass6(20150125-080114)" time="1.8676014"/>
<testcase name="random3[Windows_10_UNKNOWN_opera_15]" classname="se.redmind.rmtest.selenium.example.RandomClass6(20150125-080114)" time="1.8118553">
	<failure type="java.lang.AssertionError:">java.lang.AssertionError: null
		at org.junit.Assert.fail(Assert.java:86)
		at org.junit.Assert.assertTrue(Assert.java:41)
		at org.junit.Assert.assertTrue(Assert.java:52)
		at se.redmind.rmtest.selenium.example.CreateRandomRes3.random14(CreateRandomRes3.java:128)
	</failure>
</testcase>
<testcase name="random3[Ubuntu_14.04_UNKNOWN_firefox_31]" classname="se.redmind.rmtest.selenium.example.RandomClass6(20150125-080114)" time="0.38805234"/>
<testcase name="random3[Ubuntu_14.04_UNKNOWN_chrome_42]" classname="se.redmind.rmtest.selenium.example.RandomClass6(20150125-080114)" time="0.2706952">
	<failure type="java.lang.AssertionError:">java.lang.AssertionError: null
		at org.junit.Assert.fail(Assert.java:86)
		at org.junit.Assert.assertTrue(Assert.java:41)
		at org.junit.Assert.assertTrue(Assert.java:52)
		at se.redmind.rmtest.selenium.example.CreateRandomRes3.random14(CreateRandomRes3.java:128)
	</failure>
</testcase>
<testcase name="random3[Ubuntu_14.04_UNKNOWN_explorer_10]" classname="se.redmind.rmtest.selenium.example.RandomClass6(20150125-080114)" time="0.15819669">
	<failure type="java.lang.AssertionError:">java.lang.AssertionError: null
		at org.junit.Assert.fail(Assert.java:86)
		at org.junit.Assert.assertTrue(Assert.java:41)
		at org.junit.Assert.assertTrue(Assert.java:52)
		at se.redmind.rmtest.selenium.example.CreateRandomRes3.random14(CreateRandomRes3.java:128)
	</failure>
</testcase>
<testcase name="random3[Ubuntu_14.04_UNKNOWN_opera_15]" classname="se.redmind.rmtest.selenium.example.RandomClass6(20150125-080114)" time="0.4688393"/>
<testcase name="random4[Android_5.1_Nexus 6_firefox_31]" classname="se.redmind.rmtest.selenium.example.RandomClass6(20150125-080114)" time="1.1526147"/>
<testcase name="random4[Android_5.1_Nexus 6_chrome_42]" classname="se.redmind.rmtest.selenium.example.RandomClass6(20150125-080114)" time="0.35962045">
	<failure type="java.lang.AssertionError:">java.lang.AssertionError: null
		at org.junit.Assert.fail(Assert.java:86)
		at org.junit.Assert.assertTrue(Assert.java:41)
		at org.junit.Assert.assertTrue(Assert.java:52)
		at se.redmind.rmtest.selenium.example.CreateRandomRes3.random14(CreateRandomRes3.java:128)
	</failure>
</testcase>
<testcase name="random4[Android_5.1_Nexus 6_explorer_10]" classname="se.redmind.rmtest.selenium.example.RandomClass6(20150125-080114)" time="0.10999024">
	<failure type="java.lang.AssertionError:">java.lang.AssertionError: null
		at org.junit.Assert.fail(Assert.java:86)
		at org.junit.Assert.assertTrue(Assert.java:41)
		at org.junit.Assert.assertTrue(Assert.java:52)
		at se.redmind.rmtest.selenium.example.CreateRandomRes3.random14(CreateRandomRes3.java:128)
	</failure>
</testcase>
<testcase name="random4[Android_5.1_Nexus 6_opera_15]" classname="se.redmind.rmtest.selenium.example.RandomClass6(20150125-080114)" time="1.9626023"/>
<testcase name="random4[Android_2.3_VeiVei_firefox_31]" classname="se.redmind.rmtest.selenium.example.RandomClass6(20150125-080114)" time="0.17395413">
	<failure type="java.lang.AssertionError:">java.lang.AssertionError: null
		at org.junit.Assert.fail(Assert.java:86)
		at org.junit.Assert.assertTrue(Assert.java:41)
		at org.junit.Assert.assertTrue(Assert.java:52)
		at se.redmind.rmtest.selenium.example.CreateRandomRes3.random14(CreateRandomRes3.java:128)
	</failure>
</testcase>
<testcase name="random4[Android_2.3_VeiVei_chrome_42]" classname="se.redmind.rmtest.selenium.example.RandomClass6(20150125-080114)" time="0.85970247"/>
<testcase name="random4[Android_2.3_VeiVei_explorer_10]" classname="se.redmind.rmtest.selenium.example.RandomClass6(20150125-080114)" time="1.8844485"/>
<testcase name="random4[Android_2.3_VeiVei_opera_15]" classname="se.redmind.rmtest.selenium.example.RandomClass6(20150125-080114)" time="1.0555632"/>
<testcase name="random4[IOS_8.2_iPhone 6_firefox_31]" classname="se.redmind.rmtest.selenium.example.RandomClass6(20150125-080114)" time="1.2416841">
	<error type="java.lang.AssertionError:">java.lang.AssertionError: null
		at org.junit.Assert.fail(Assert.java:86)
		at org.junit.Assert.assertTrue(Assert.java:41)
		at org.junit.Assert.assertTrue(Assert.java:52)
		at se.redmind.rmtest.selenium.example.CreateRandomRes3.random14(CreateRandomRes3.java:128)
	</error>
</testcase>
<testcase name="random4[IOS_8.2_iPhone 6_chrome_42]" classname="se.redmind.rmtest.selenium.example.RandomClass6(20150125-080114)" time="1.7361536">
	<failure type="java.lang.AssertionError:">java.lang.AssertionError: null
		at org.junit.Assert.fail(Assert.java:86)
		at org.junit.Assert.assertTrue(Assert.java:41)
		at org.junit.Assert.assertTrue(Assert.java:52)
		at se.redmind.rmtest.selenium.example.CreateRandomRes3.random14(CreateRandomRes3.java:128)
	</failure>
</testcase>
<testcase name="random4[IOS_8.2_iPhone 6_explorer_10]" classname="se.redmind.rmtest.selenium.example.RandomClass6(20150125-080114)" time="0.029896379"/>
<testcase name="random4[IOS_8.2_iPhone 6_opera_15]" classname="se.redmind.rmtest.selenium.example.RandomClass6(20150125-080114)" time="0.6173029">
	<failure type="java.lang.AssertionError:">java.lang.AssertionError: null
		at org.junit.Assert.fail(Assert.java:86)
		at org.junit.Assert.assertTrue(Assert.java:41)
		at org.junit.Assert.assertTrue(Assert.java:52)
		at se.redmind.rmtest.selenium.example.CreateRandomRes3.random14(CreateRandomRes3.java:128)
	</failure>
</testcase>
<testcase name="random4[IOS_4_iPhone 3Gs_firefox_31]" classname="se.redmind.rmtest.selenium.example.RandomClass6(20150125-080114)" time="1.4573052">
	<failure type="java.lang.AssertionError:">java.lang.AssertionError: null
		at org.junit.Assert.fail(Assert.java:86)
		at org.junit.Assert.assertTrue(Assert.java:41)
		at org.junit.Assert.assertTrue(Assert.java:52)
		at se.redmind.rmtest.selenium.example.CreateRandomRes3.random14(CreateRandomRes3.java:128)
	</failure>
</testcase>
<testcase name="random4[IOS_4_iPhone 3Gs_chrome_42]" classname="se.redmind.rmtest.selenium.example.RandomClass6(20150125-080114)" time="1.2365305"/>
<testcase name="random4[IOS_4_iPhone 3Gs_explorer_10]" classname="se.redmind.rmtest.selenium.example.RandomClass6(20150125-080114)" time="1.899557"/>
<testcase name="random4[IOS_4_iPhone 3Gs_opera_15]" classname="se.redmind.rmtest.selenium.example.RandomClass6(20150125-080114)" time="0.35748065"/>
<testcase name="random4[OSX_10.9.5_UNKNOWN_firefox_31]" classname="se.redmind.rmtest.selenium.example.RandomClass6(20150125-080114)" time="1.3615998"/>
<testcase name="random4[OSX_10.9.5_UNKNOWN_chrome_42]" classname="se.redmind.rmtest.selenium.example.RandomClass6(20150125-080114)" time="0.7003684"/>
<testcase name="random4[OSX_10.9.5_UNKNOWN_explorer_10]" classname="se.redmind.rmtest.selenium.example.RandomClass6(20150125-080114)" time="0.85085964"/>
<testcase name="random4[OSX_10.9.5_UNKNOWN_opera_15]" classname="se.redmind.rmtest.selenium.example.RandomClass6(20150125-080114)" time="1.507315"/>
<testcase name="random4[Windows_10_UNKNOWN_firefox_31]" classname="se.redmind.rmtest.selenium.example.RandomClass6(20150125-080114)" time="1.5394349">
	<failure type="java.lang.AssertionError:">java.lang.AssertionError: null
		at org.junit.Assert.fail(Assert.java:86)
		at org.junit.Assert.assertTrue(Assert.java:41)
		at org.junit.Assert.assertTrue(Assert.java:52)
		at se.redmind.rmtest.selenium.example.CreateRandomRes3.random14(CreateRandomRes3.java:128)
	</failure>
</testcase>
<testcase name="random4[Windows_10_UNKNOWN_chrome_42]" classname="se.redmind.rmtest.selenium.example.RandomClass6(20150125-080114)" time="0.33943248">
	<failure type="java.lang.AssertionError:">java.lang.AssertionError: null
		at org.junit.Assert.fail(Assert.java:86)
		at org.junit.Assert.assertTrue(Assert.java:41)
		at org.junit.Assert.assertTrue(Assert.java:52)
		at se.redmind.rmtest.selenium.example.CreateRandomRes3.random14(CreateRandomRes3.java:128)
	</failure>
</testcase>
<testcase name="random4[Windows_10_UNKNOWN_explorer_10]" classname="se.redmind.rmtest.selenium.example.RandomClass6(20150125-080114)" time="1.0231607"/>
<testcase name="random4[Windows_10_UNKNOWN_opera_15]" classname="se.redmind.rmtest.selenium.example.RandomClass6(20150125-080114)" time="0.81668806"/>
<testcase name="random4[Ubuntu_14.04_UNKNOWN_firefox_31]" classname="se.redmind.rmtest.selenium.example.RandomClass6(20150125-080114)" time="0.9463264"/>
<testcase name="random4[Ubuntu_14.04_UNKNOWN_chrome_42]" classname="se.redmind.rmtest.selenium.example.RandomClass6(20150125-080114)" time="1.2708535">
	<failure type="java.lang.AssertionError:">java.lang.AssertionError: null
		at org.junit.Assert.fail(Assert.java:86)
		at org.junit.Assert.assertTrue(Assert.java:41)
		at org.junit.Assert.assertTrue(Assert.java:52)
		at se.redmind.rmtest.selenium.example.CreateRandomRes3.random14(CreateRandomRes3.java:128)
	</failure>
</testcase>
<testcase name="random4[Ubuntu_14.04_UNKNOWN_explorer_10]" classname="se.redmind.rmtest.selenium.example.RandomClass6(20150125-080114)" time="1.4738811"/>
<testcase name="random4[Ubuntu_14.04_UNKNOWN_opera_15]" classname="se.redmind.rmtest.selenium.example.RandomClass6(20150125-080114)" time="1.88727">
	<failure type="java.lang.AssertionError:">java.lang.AssertionError: null
		at org.junit.Assert.fail(Assert.java:86)
		at org.junit.Assert.assertTrue(Assert.java:41)
		at org.junit.Assert.assertTrue(Assert.java:52)
		at se.redmind.rmtest.selenium.example.CreateRandomRes3.random14(CreateRandomRes3.java:128)
	</failure>
</testcase>
<testcase name="random1[Android_4.4.4_HTC ONE_firefox_31]" classname="se.redmind.rmtest.selenium.example.RandomClass7(20150125-080114)" time="0.32567954"/>
<testcase name="random1[Android_4.4.4_HTC ONE_chrome_42]" classname="se.redmind.rmtest.selenium.example.RandomClass7(20150125-080114)" time="0.4522518">
	<failure type="java.lang.AssertionError:">java.lang.AssertionError: null
		at org.junit.Assert.fail(Assert.java:86)
		at org.junit.Assert.assertTrue(Assert.java:41)
		at org.junit.Assert.assertTrue(Assert.java:52)
		at se.redmind.rmtest.selenium.example.CreateRandomRes3.random14(CreateRandomRes3.java:128)
	</failure>
</testcase>
<testcase name="random1[Android_4.4.4_HTC ONE_explorer_10]" classname="se.redmind.rmtest.selenium.example.RandomClass7(20150125-080114)" time="0.3076036">
	<failure type="java.lang.AssertionError:">java.lang.AssertionError: null
		at org.junit.Assert.fail(Assert.java:86)
		at org.junit.Assert.assertTrue(Assert.java:41)
		at org.junit.Assert.assertTrue(Assert.java:52)
		at se.redmind.rmtest.selenium.example.CreateRandomRes3.random14(CreateRandomRes3.java:128)
	</failure>
</testcase>
<testcase name="random1[Android_4.4.4_HTC ONE_opera_15]" classname="se.redmind.rmtest.selenium.example.RandomClass7(20150125-080114)" time="1.0918149">
	<error type="java.lang.AssertionError:">java.lang.AssertionError: null
		at org.junit.Assert.fail(Assert.java:86)
		at org.junit.Assert.assertTrue(Assert.java:41)
		at org.junit.Assert.assertTrue(Assert.java:52)
		at se.redmind.rmtest.selenium.example.CreateRandomRes3.random14(CreateRandomRes3.java:128)
	</error>
</testcase>
<testcase name="random1[Android_5.1_Nexus 6_firefox_31]" classname="se.redmind.rmtest.selenium.example.RandomClass7(20150125-080114)" time="1.727183"/>
<testcase name="random1[Android_5.1_Nexus 6_chrome_42]" classname="se.redmind.rmtest.selenium.example.RandomClass7(20150125-080114)" time="1.4954921"/>
<testcase name="random1[Android_5.1_Nexus 6_explorer_10]" classname="se.redmind.rmtest.selenium.example.RandomClass7(20150125-080114)" time="0.44578028"/>
<testcase name="random1[Android_5.1_Nexus 6_opera_15]" classname="se.redmind.rmtest.selenium.example.RandomClass7(20150125-080114)" time="1.5994853">
	<error type="java.lang.AssertionError:">java.lang.AssertionError: null
		at org.junit.Assert.fail(Assert.java:86)
		at org.junit.Assert.assertTrue(Assert.java:41)
		at org.junit.Assert.assertTrue(Assert.java:52)
		at se.redmind.rmtest.selenium.example.CreateRandomRes3.random14(CreateRandomRes3.java:128)
	</error>
</testcase>
<testcase name="random1[Android_2.3_VeiVei_firefox_31]" classname="se.redmind.rmtest.selenium.example.RandomClass7(20150125-080114)" time="0.4792769">
	<failure type="java.lang.AssertionError:">java.lang.AssertionError: null
		at org.junit.Assert.fail(Assert.java:86)
		at org.junit.Assert.assertTrue(Assert.java:41)
		at org.junit.Assert.assertTrue(Assert.java:52)
		at se.redmind.rmtest.selenium.example.CreateRandomRes3.random14(CreateRandomRes3.java:128)
	</failure>
</testcase>
<testcase name="random1[Android_2.3_VeiVei_chrome_42]" classname="se.redmind.rmtest.selenium.example.RandomClass7(20150125-080114)" time="0.62535787"/>
<testcase name="random1[Android_2.3_VeiVei_explorer_10]" classname="se.redmind.rmtest.selenium.example.RandomClass7(20150125-080114)" time="1.2262604"/>
<testcase name="random1[Android_2.3_VeiVei_opera_15]" classname="se.redmind.rmtest.selenium.example.RandomClass7(20150125-080114)" time="0.7531936">
	<failure type="java.lang.AssertionError:">java.lang.AssertionError: null
		at org.junit.Assert.fail(Assert.java:86)
		at org.junit.Assert.assertTrue(Assert.java:41)
		at org.junit.Assert.assertTrue(Assert.java:52)
		at se.redmind.rmtest.selenium.example.CreateRandomRes3.random14(CreateRandomRes3.java:128)
	</failure>
</testcase>
<testcase name="random1[IOS_8.2_iPhone 6_firefox_31]" classname="se.redmind.rmtest.selenium.example.RandomClass7(20150125-080114)" time="1.1373436">
	<failure type="java.lang.AssertionError:">java.lang.AssertionError: null
		at org.junit.Assert.fail(Assert.java:86)
		at org.junit.Assert.assertTrue(Assert.java:41)
		at org.junit.Assert.assertTrue(Assert.java:52)
		at se.redmind.rmtest.selenium.example.CreateRandomRes3.random14(CreateRandomRes3.java:128)
	</failure>
</testcase>
<testcase name="random1[IOS_8.2_iPhone 6_chrome_42]" classname="se.redmind.rmtest.selenium.example.RandomClass7(20150125-080114)" time="0.12278807">
	<failure type="java.lang.AssertionError:">java.lang.AssertionError: null
		at org.junit.Assert.fail(Assert.java:86)
		at org.junit.Assert.assertTrue(Assert.java:41)
		at org.junit.Assert.assertTrue(Assert.java:52)
		at se.redmind.rmtest.selenium.example.CreateRandomRes3.random14(CreateRandomRes3.java:128)
	</failure>
</testcase>
<testcase name="random1[IOS_8.2_iPhone 6_explorer_10]" classname="se.redmind.rmtest.selenium.example.RandomClass7(20150125-080114)" time="1.5503569">
	<failure type="java.lang.AssertionError:">java.lang.AssertionError: null
		at org.junit.Assert.fail(Assert.java:86)
		at org.junit.Assert.assertTrue(Assert.java:41)
		at org.junit.Assert.assertTrue(Assert.java:52)
		at se.redmind.rmtest.selenium.example.CreateRandomRes3.random14(CreateRandomRes3.java:128)
	</failure>
</testcase>
<testcase name="random1[IOS_8.2_iPhone 6_opera_15]" classname="se.redmind.rmtest.selenium.example.RandomClass7(20150125-080114)" time="1.114692">
	<failure type="java.lang.AssertionError:">java.lang.AssertionError: null
		at org.junit.Assert.fail(Assert.java:86)
		at org.junit.Assert.assertTrue(Assert.java:41)
		at org.junit.Assert.assertTrue(Assert.java:52)
		at se.redmind.rmtest.selenium.example.CreateRandomRes3.random14(CreateRandomRes3.java:128)
	</failure>
</testcase>
<testcase name="random1[IOS_4_iPhone 3Gs_firefox_31]" classname="se.redmind.rmtest.selenium.example.RandomClass7(20150125-080114)" time="1.5807786"/>
<testcase name="random1[IOS_4_iPhone 3Gs_chrome_42]" classname="se.redmind.rmtest.selenium.example.RandomClass7(20150125-080114)" time="1.035536"/>
<testcase name="random1[IOS_4_iPhone 3Gs_explorer_10]" classname="se.redmind.rmtest.selenium.example.RandomClass7(20150125-080114)" time="0.65816045"/>
<testcase name="random1[IOS_4_iPhone 3Gs_opera_15]" classname="se.redmind.rmtest.selenium.example.RandomClass7(20150125-080114)" time="0.3415389"/>
<testcase name="random1[Windows_10_UNKNOWN_firefox_31]" classname="se.redmind.rmtest.selenium.example.RandomClass7(20150125-080114)" time="0.9320383">
	<failure type="java.lang.AssertionError:">java.lang.AssertionError: null
		at org.junit.Assert.fail(Assert.java:86)
		at org.junit.Assert.assertTrue(Assert.java:41)
		at org.junit.Assert.assertTrue(Assert.java:52)
		at se.redmind.rmtest.selenium.example.CreateRandomRes3.random14(CreateRandomRes3.java:128)
	</failure>
</testcase>
<testcase name="random1[Windows_10_UNKNOWN_chrome_42]" classname="se.redmind.rmtest.selenium.example.RandomClass7(20150125-080114)" time="0.40599895"/>
<testcase name="random1[Windows_10_UNKNOWN_explorer_10]" classname="se.redmind.rmtest.selenium.example.RandomClass7(20150125-080114)" time="0.38198483"/>
<testcase name="random1[Windows_10_UNKNOWN_opera_15]" classname="se.redmind.rmtest.selenium.example.RandomClass7(20150125-080114)" time="1.2568152"/>
<testcase name="random1[Ubuntu_14.04_UNKNOWN_firefox_31]" classname="se.redmind.rmtest.selenium.example.RandomClass7(20150125-080114)" time="1.8243788"/>
<testcase name="random1[Ubuntu_14.04_UNKNOWN_chrome_42]" classname="se.redmind.rmtest.selenium.example.RandomClass7(20150125-080114)" time="1.9207939"/>
<testcase name="random1[Ubuntu_14.04_UNKNOWN_explorer_10]" classname="se.redmind.rmtest.selenium.example.RandomClass7(20150125-080114)" time="0.49210632">
	<failure type="java.lang.AssertionError:">java.lang.AssertionError: null
		at org.junit.Assert.fail(Assert.java:86)
		at org.junit.Assert.assertTrue(Assert.java:41)
		at org.junit.Assert.assertTrue(Assert.java:52)
		at se.redmind.rmtest.selenium.example.CreateRandomRes3.random14(CreateRandomRes3.java:128)
	</failure>
</testcase>
<testcase name="random1[Ubuntu_14.04_UNKNOWN_opera_15]" classname="se.redmind.rmtest.selenium.example.RandomClass7(20150125-080114)" time="1.2028638"/>
<testcase name="random1[Ubuntu_12.10_UNKNOWN_firefox_31]" classname="se.redmind.rmtest.selenium.example.RandomClass7(20150125-080114)" time="1.2871873"/>
<testcase name="random1[Ubuntu_12.10_UNKNOWN_chrome_42]" classname="se.redmind.rmtest.selenium.example.RandomClass7(20150125-080114)" time="0.91325283">
	<failure type="java.lang.AssertionError:">java.lang.AssertionError: null
		at org.junit.Assert.fail(Assert.java:86)
		at org.junit.Assert.assertTrue(Assert.java:41)
		at org.junit.Assert.assertTrue(Assert.java:52)
		at se.redmind.rmtest.selenium.example.CreateRandomRes3.random14(CreateRandomRes3.java:128)
	</failure>
</testcase>
<testcase name="random1[Ubuntu_12.10_UNKNOWN_explorer_10]" classname="se.redmind.rmtest.selenium.example.RandomClass7(20150125-080114)" time="0.042907834"/>
<testcase name="random1[Ubuntu_12.10_UNKNOWN_opera_15]" classname="se.redmind.rmtest.selenium.example.RandomClass7(20150125-080114)" time="1.5709643"/>
<testcase name="random2[Android_4.4.4_HTC ONE_firefox_31]" classname="se.redmind.rmtest.selenium.example.RandomClass7(20150125-080114)" time="0.40790915">
	<failure type="java.lang.AssertionError:">java.lang.AssertionError: null
		at org.junit.Assert.fail(Assert.java:86)
		at org.junit.Assert.assertTrue(Assert.java:41)
		at org.junit.Assert.assertTrue(Assert.java:52)
		at se.redmind.rmtest.selenium.example.CreateRandomRes3.random14(CreateRandomRes3.java:128)
	</failure>
</testcase>
<testcase name="random2[Android_4.4.4_HTC ONE_chrome_42]" classname="se.redmind.rmtest.selenium.example.RandomClass7(20150125-080114)" time="0.37580526">
	<failure type="java.lang.AssertionError:">java.lang.AssertionError: null
		at org.junit.Assert.fail(Assert.java:86)
		at org.junit.Assert.assertTrue(Assert.java:41)
		at org.junit.Assert.assertTrue(Assert.java:52)
		at se.redmind.rmtest.selenium.example.CreateRandomRes3.random14(CreateRandomRes3.java:128)
	</failure>
</testcase>
<testcase name="random2[Android_4.4.4_HTC ONE_explorer_10]" classname="se.redmind.rmtest.selenium.example.RandomClass7(20150125-080114)" time="0.15603125"/>
<testcase name="random2[Android_4.4.4_HTC ONE_opera_15]" classname="se.redmind.rmtest.selenium.example.RandomClass7(20150125-080114)" time="1.9239048"/>
<testcase name="random2[Android_5.1_Nexus 6_firefox_31]" classname="se.redmind.rmtest.selenium.example.RandomClass7(20150125-080114)" time="0.51062346"/>
<testcase name="random2[Android_5.1_Nexus 6_chrome_42]" classname="se.redmind.rmtest.selenium.example.RandomClass7(20150125-080114)" time="1.89147"/>
<testcase name="random2[Android_5.1_Nexus 6_explorer_10]" classname="se.redmind.rmtest.selenium.example.RandomClass7(20150125-080114)" time="0.9385412">
	<failure type="java.lang.AssertionError:">java.lang.AssertionError: null
		at org.junit.Assert.fail(Assert.java:86)
		at org.junit.Assert.assertTrue(Assert.java:41)
		at org.junit.Assert.assertTrue(Assert.java:52)
		at se.redmind.rmtest.selenium.example.CreateRandomRes3.random14(CreateRandomRes3.java:128)
	</failure>
</testcase>
<testcase name="random2[Android_5.1_Nexus 6_opera_15]" classname="se.redmind.rmtest.selenium.example.RandomClass7(20150125-080114)" time="0.54829717"/>
<testcase name="random2[Android_2.3_VeiVei_firefox_31]" classname="se.redmind.rmtest.selenium.example.RandomClass7(20150125-080114)" time="1.2054589"/>
<testcase name="random2[Android_2.3_VeiVei_chrome_42]" classname="se.redmind.rmtest.selenium.example.RandomClass7(20150125-080114)" time="1.94498">
	<failure type="java.lang.AssertionError:">java.lang.AssertionError: null
		at org.junit.Assert.fail(Assert.java:86)
		at org.junit.Assert.assertTrue(Assert.java:41)
		at org.junit.Assert.assertTrue(Assert.java:52)
		at se.redmind.rmtest.selenium.example.CreateRandomRes3.random14(CreateRandomRes3.java:128)
	</failure>
</testcase>
<testcase name="random2[Android_2.3_VeiVei_explorer_10]" classname="se.redmind.rmtest.selenium.example.RandomClass7(20150125-080114)" time="1.1555641"/>
<testcase name="random2[Android_2.3_VeiVei_opera_15]" classname="se.redmind.rmtest.selenium.example.RandomClass7(20150125-080114)" time="0.5278498"/>
<testcase name="random2[IOS_8.2_iPhone 6_firefox_31]" classname="se.redmind.rmtest.selenium.example.RandomClass7(20150125-080114)" time="0.3269434"/>
<testcase name="random2[IOS_8.2_iPhone 6_chrome_42]" classname="se.redmind.rmtest.selenium.example.RandomClass7(20150125-080114)" time="1.5432453"/>
<testcase name="random2[IOS_8.2_iPhone 6_explorer_10]" classname="se.redmind.rmtest.selenium.example.RandomClass7(20150125-080114)" time="1.7923676"/>
<testcase name="random2[IOS_8.2_iPhone 6_opera_15]" classname="se.redmind.rmtest.selenium.example.RandomClass7(20150125-080114)" time="0.8483677"/>
<testcase name="random2[IOS_4_iPhone 3Gs_firefox_31]" classname="se.redmind.rmtest.selenium.example.RandomClass7(20150125-080114)" time="0.6376903">
	<failure type="java.lang.AssertionError:">java.lang.AssertionError: null
		at org.junit.Assert.fail(Assert.java:86)
		at org.junit.Assert.assertTrue(Assert.java:41)
		at org.junit.Assert.assertTrue(Assert.java:52)
		at se.redmind.rmtest.selenium.example.CreateRandomRes3.random14(CreateRandomRes3.java:128)
	</failure>
</testcase>
<testcase name="random2[IOS_4_iPhone 3Gs_chrome_42]" classname="se.redmind.rmtest.selenium.example.RandomClass7(20150125-080114)" time="0.62432384"/>
<testcase name="random2[IOS_4_iPhone 3Gs_explorer_10]" classname="se.redmind.rmtest.selenium.example.RandomClass7(20150125-080114)" time="1.8933618"/>
<testcase name="random2[IOS_4_iPhone 3Gs_opera_15]" classname="se.redmind.rmtest.selenium.example.RandomClass7(20150125-080114)" time="1.6777095"/>
<testcase name="random2[Windows_10_UNKNOWN_firefox_31]" classname="se.redmind.rmtest.selenium.example.RandomClass7(20150125-080114)" time="0.393533">
	<failure type="java.lang.AssertionError:">java.lang.AssertionError: null
		at org.junit.Assert.fail(Assert.java:86)
		at org.junit.Assert.assertTrue(Assert.java:41)
		at org.junit.Assert.assertTrue(Assert.java:52)
		at se.redmind.rmtest.selenium.example.CreateRandomRes3.random14(CreateRandomRes3.java:128)
	</failure>
</testcase>
<testcase name="random2[Windows_10_UNKNOWN_chrome_42]" classname="se.redmind.rmtest.selenium.example.RandomClass7(20150125-080114)" time="1.9004184">
	<failure type="java.lang.AssertionError:">java.lang.AssertionError: null
		at org.junit.Assert.fail(Assert.java:86)
		at org.junit.Assert.assertTrue(Assert.java:41)
		at org.junit.Assert.assertTrue(Assert.java:52)
		at se.redmind.rmtest.selenium.example.CreateRandomRes3.random14(CreateRandomRes3.java:128)
	</failure>
</testcase>
<testcase name="random2[Windows_10_UNKNOWN_explorer_10]" classname="se.redmind.rmtest.selenium.example.RandomClass7(20150125-080114)" time="0.42403638"/>
<testcase name="random2[Windows_10_UNKNOWN_opera_15]" classname="se.redmind.rmtest.selenium.example.RandomClass7(20150125-080114)" time="0.3993051">
	<failure type="java.lang.AssertionError:">java.lang.AssertionError: null
		at org.junit.Assert.fail(Assert.java:86)
		at org.junit.Assert.assertTrue(Assert.java:41)
		at org.junit.Assert.assertTrue(Assert.java:52)
		at se.redmind.rmtest.selenium.example.CreateRandomRes3.random14(CreateRandomRes3.java:128)
	</failure>
</testcase>
<testcase name="random2[Ubuntu_14.04_UNKNOWN_firefox_31]" classname="se.redmind.rmtest.selenium.example.RandomClass7(20150125-080114)" time="1.339912"/>
<testcase name="random2[Ubuntu_14.04_UNKNOWN_chrome_42]" classname="se.redmind.rmtest.selenium.example.RandomClass7(20150125-080114)" time="1.9776406">
	<failure type="java.lang.AssertionError:">java.lang.AssertionError: null
		at org.junit.Assert.fail(Assert.java:86)
		at org.junit.Assert.assertTrue(Assert.java:41)
		at org.junit.Assert.assertTrue(Assert.java:52)
		at se.redmind.rmtest.selenium.example.CreateRandomRes3.random14(CreateRandomRes3.java:128)
	</failure>
</testcase>
<testcase name="random2[Ubuntu_14.04_UNKNOWN_explorer_10]" classname="se.redmind.rmtest.selenium.example.RandomClass7(20150125-080114)" time="1.3260479"/>
<testcase name="random2[Ubuntu_14.04_UNKNOWN_opera_15]" classname="se.redmind.rmtest.selenium.example.RandomClass7(20150125-080114)" time="0.67545533">
	<failure type="java.lang.AssertionError:">java.lang.AssertionError: null
		at org.junit.Assert.fail(Assert.java:86)
		at org.junit.Assert.assertTrue(Assert.java:41)
		at org.junit.Assert.assertTrue(Assert.java:52)
		at se.redmind.rmtest.selenium.example.CreateRandomRes3.random14(CreateRandomRes3.java:128)
	</failure>
</testcase>
<testcase name="random2[Ubuntu_12.10_UNKNOWN_firefox_31]" classname="se.redmind.rmtest.selenium.example.RandomClass7(20150125-080114)" time="0.7749834">
	<failure type="java.lang.AssertionError:">java.lang.AssertionError: null
		at org.junit.Assert.fail(Assert.java:86)
		at org.junit.Assert.assertTrue(Assert.java:41)
		at org.junit.Assert.assertTrue(Assert.java:52)
		at se.redmind.rmtest.selenium.example.CreateRandomRes3.random14(CreateRandomRes3.java:128)
	</failure>
</testcase>
<testcase name="random2[Ubuntu_12.10_UNKNOWN_chrome_42]" classname="se.redmind.rmtest.selenium.example.RandomClass7(20150125-080114)" time="1.757767"/>
<testcase name="random2[Ubuntu_12.10_UNKNOWN_explorer_10]" classname="se.redmind.rmtest.selenium.example.RandomClass7(20150125-080114)" time="0.32853544"/>
<testcase name="random2[Ubuntu_12.10_UNKNOWN_opera_15]" classname="se.redmind.rmtest.selenium.example.RandomClass7(20150125-080114)" time="0.092564225"/>
<testcase name="random3[Android_4.4.4_HTC ONE_firefox_31]" classname="se.redmind.rmtest.selenium.example.RandomClass7(20150125-080114)" time="1.899245">
	<error type="java.lang.AssertionError:">java.lang.AssertionError: null
		at org.junit.Assert.fail(Assert.java:86)
		at org.junit.Assert.assertTrue(Assert.java:41)
		at org.junit.Assert.assertTrue(Assert.java:52)
		at se.redmind.rmtest.selenium.example.CreateRandomRes3.random14(CreateRandomRes3.java:128)
	</error>
</testcase>
<testcase name="random3[Android_4.4.4_HTC ONE_chrome_42]" classname="se.redmind.rmtest.selenium.example.RandomClass7(20150125-080114)" time="0.633039">
	<failure type="java.lang.AssertionError:">java.lang.AssertionError: null
		at org.junit.Assert.fail(Assert.java:86)
		at org.junit.Assert.assertTrue(Assert.java:41)
		at org.junit.Assert.assertTrue(Assert.java:52)
		at se.redmind.rmtest.selenium.example.CreateRandomRes3.random14(CreateRandomRes3.java:128)
	</failure>
</testcase>
<testcase name="random3[Android_4.4.4_HTC ONE_explorer_10]" classname="se.redmind.rmtest.selenium.example.RandomClass7(20150125-080114)" time="1.0341499"/>
<testcase name="random3[Android_4.4.4_HTC ONE_opera_15]" classname="se.redmind.rmtest.selenium.example.RandomClass7(20150125-080114)" time="0.4754709"/>
<testcase name="random3[Android_5.1_Nexus 6_firefox_31]" classname="se.redmind.rmtest.selenium.example.RandomClass7(20150125-080114)" time="1.1932687"/>
<testcase name="random3[Android_5.1_Nexus 6_chrome_42]" classname="se.redmind.rmtest.selenium.example.RandomClass7(20150125-080114)" time="1.5496517">
	<failure type="java.lang.AssertionError:">java.lang.AssertionError: null
		at org.junit.Assert.fail(Assert.java:86)
		at org.junit.Assert.assertTrue(Assert.java:41)
		at org.junit.Assert.assertTrue(Assert.java:52)
		at se.redmind.rmtest.selenium.example.CreateRandomRes3.random14(CreateRandomRes3.java:128)
	</failure>
</testcase>
<testcase name="random3[Android_5.1_Nexus 6_explorer_10]" classname="se.redmind.rmtest.selenium.example.RandomClass7(20150125-080114)" time="0.3253957"/>
<testcase name="random3[Android_5.1_Nexus 6_opera_15]" classname="se.redmind.rmtest.selenium.example.RandomClass7(20150125-080114)" time="1.8711884"/>
<testcase name="random3[Android_2.3_VeiVei_firefox_31]" classname="se.redmind.rmtest.selenium.example.RandomClass7(20150125-080114)" time="0.93102086"/>
<testcase name="random3[Android_2.3_VeiVei_chrome_42]" classname="se.redmind.rmtest.selenium.example.RandomClass7(20150125-080114)" time="0.37262118">
	<failure type="java.lang.AssertionError:">java.lang.AssertionError: null
		at org.junit.Assert.fail(Assert.java:86)
		at org.junit.Assert.assertTrue(Assert.java:41)
		at org.junit.Assert.assertTrue(Assert.java:52)
		at se.redmind.rmtest.selenium.example.CreateRandomRes3.random14(CreateRandomRes3.java:128)
	</failure>
</testcase>
<testcase name="random3[Android_2.3_VeiVei_explorer_10]" classname="se.redmind.rmtest.selenium.example.RandomClass7(20150125-080114)" time="1.5122222"/>
<testcase name="random3[Android_2.3_VeiVei_opera_15]" classname="se.redmind.rmtest.selenium.example.RandomClass7(20150125-080114)" time="1.2652642"/>
<testcase name="random3[IOS_8.2_iPhone 6_firefox_31]" classname="se.redmind.rmtest.selenium.example.RandomClass7(20150125-080114)" time="0.7786801"/>
<testcase name="random3[IOS_8.2_iPhone 6_chrome_42]" classname="se.redmind.rmtest.selenium.example.RandomClass7(20150125-080114)" time="0.29341495"/>
<testcase name="random3[IOS_8.2_iPhone 6_explorer_10]" classname="se.redmind.rmtest.selenium.example.RandomClass7(20150125-080114)" time="1.3406614"/>
<testcase name="random3[IOS_8.2_iPhone 6_opera_15]" classname="se.redmind.rmtest.selenium.example.RandomClass7(20150125-080114)" time="1.6044861"/>
<testcase name="random3[IOS_4_iPhone 3Gs_firefox_31]" classname="se.redmind.rmtest.selenium.example.RandomClass7(20150125-080114)" time="0.5794996">
<skipped/>
</testcase>
<testcase name="random3[IOS_4_iPhone 3Gs_firefox_31]" classname="se.redmind.rmtest.selenium.example.RandomClass7(20150125-080114)" time="0.9286312"/>
<testcase name="random3[IOS_4_iPhone 3Gs_chrome_42]" classname="se.redmind.rmtest.selenium.example.RandomClass7(20150125-080114)" time="1.1474104">
<skipped/>
</testcase>
<testcase name="random3[IOS_4_iPhone 3Gs_chrome_42]" classname="se.redmind.rmtest.selenium.example.RandomClass7(20150125-080114)" time="1.9615804"/>
<testcase name="random3[IOS_4_iPhone 3Gs_explorer_10]" classname="se.redmind.rmtest.selenium.example.RandomClass7(20150125-080114)" time="0.014037132">
<skipped/>
</testcase>
<testcase name="random3[IOS_4_iPhone 3Gs_explorer_10]" classname="se.redmind.rmtest.selenium.example.RandomClass7(20150125-080114)" time="1.6874946"/>
<testcase name="random3[IOS_4_iPhone 3Gs_opera_15]" classname="se.redmind.rmtest.selenium.example.RandomClass7(20150125-080114)" time="1.3321822">
<skipped/>
</testcase>
<testcase name="random3[IOS_4_iPhone 3Gs_opera_15]" classname="se.redmind.rmtest.selenium.example.RandomClass7(20150125-080114)" time="0.09498918"/>
<testcase name="random3[Windows_10_UNKNOWN_firefox_31]" classname="se.redmind.rmtest.selenium.example.RandomClass7(20150125-080114)" time="0.095929146">
	<failure type="java.lang.AssertionError:">java.lang.AssertionError: null
		at org.junit.Assert.fail(Assert.java:86)
		at org.junit.Assert.assertTrue(Assert.java:41)
		at org.junit.Assert.assertTrue(Assert.java:52)
		at se.redmind.rmtest.selenium.example.CreateRandomRes3.random14(CreateRandomRes3.java:128)
	</failure>
</testcase>
<testcase name="random3[Windows_10_UNKNOWN_chrome_42]" classname="se.redmind.rmtest.selenium.example.RandomClass7(20150125-080114)" time="1.0565932"/>
<testcase name="random3[Windows_10_UNKNOWN_explorer_10]" classname="se.redmind.rmtest.selenium.example.RandomClass7(20150125-080114)" time="0.16378057">
	<failure type="java.lang.AssertionError:">java.lang.AssertionError: null
		at org.junit.Assert.fail(Assert.java:86)
		at org.junit.Assert.assertTrue(Assert.java:41)
		at org.junit.Assert.assertTrue(Assert.java:52)
		at se.redmind.rmtest.selenium.example.CreateRandomRes3.random14(CreateRandomRes3.java:128)
	</failure>
</testcase>
<testcase name="random3[Windows_10_UNKNOWN_opera_15]" classname="se.redmind.rmtest.selenium.example.RandomClass7(20150125-080114)" time="0.08699846"/>
<testcase name="random3[Ubuntu_14.04_UNKNOWN_firefox_31]" classname="se.redmind.rmtest.selenium.example.RandomClass7(20150125-080114)" time="0.8894329"/>
<testcase name="random3[Ubuntu_14.04_UNKNOWN_chrome_42]" classname="se.redmind.rmtest.selenium.example.RandomClass7(20150125-080114)" time="0.45219243"/>
<testcase name="random3[Ubuntu_14.04_UNKNOWN_explorer_10]" classname="se.redmind.rmtest.selenium.example.RandomClass7(20150125-080114)" time="1.3202432"/>
<testcase name="random3[Ubuntu_14.04_UNKNOWN_opera_15]" classname="se.redmind.rmtest.selenium.example.RandomClass7(20150125-080114)" time="1.8796785"/>
<testcase name="random3[Ubuntu_12.10_UNKNOWN_firefox_31]" classname="se.redmind.rmtest.selenium.example.RandomClass7(20150125-080114)" time="0.53086054">
	<failure type="java.lang.AssertionError:">java.lang.AssertionError: null
		at org.junit.Assert.fail(Assert.java:86)
		at org.junit.Assert.assertTrue(Assert.java:41)
		at org.junit.Assert.assertTrue(Assert.java:52)
		at se.redmind.rmtest.selenium.example.CreateRandomRes3.random14(CreateRandomRes3.java:128)
	</failure>
</testcase>
<testcase name="random3[Ubuntu_12.10_UNKNOWN_chrome_42]" classname="se.redmind.rmtest.selenium.example.RandomClass7(20150125-080114)" time="0.24747002"/>
<testcase name="random3[Ubuntu_12.10_UNKNOWN_explorer_10]" classname="se.redmind.rmtest.selenium.example.RandomClass7(20150125-080114)" time="0.5992893"/>
<testcase name="random3[Ubuntu_12.10_UNKNOWN_opera_15]" classname="se.redmind.rmtest.selenium.example.RandomClass7(20150125-080114)" time="1.985643"/>
<testcase name="random4[Android_4.4.4_HTC ONE_firefox_31]" classname="se.redmind.rmtest.selenium.example.RandomClass7(20150125-080114)" time="1.5188625"/>
<testcase name="random4[Android_4.4.4_HTC ONE_chrome_42]" classname="se.redmind.rmtest.selenium.example.RandomClass7(20150125-080114)" time="0.38963163"/>
<testcase name="random4[Android_4.4.4_HTC ONE_explorer_10]" classname="se.redmind.rmtest.selenium.example.RandomClass7(20150125-080114)" time="1.4779738">
	<failure type="java.lang.AssertionError:">java.lang.AssertionError: null
		at org.junit.Assert.fail(Assert.java:86)
		at org.junit.Assert.assertTrue(Assert.java:41)
		at org.junit.Assert.assertTrue(Assert.java:52)
		at se.redmind.rmtest.selenium.example.CreateRandomRes3.random14(CreateRandomRes3.java:128)
	</failure>
</testcase>
<testcase name="random4[Android_4.4.4_HTC ONE_opera_15]" classname="se.redmind.rmtest.selenium.example.RandomClass7(20150125-080114)" time="0.41712594"/>
<testcase name="random4[Android_5.1_Nexus 6_firefox_31]" classname="se.redmind.rmtest.selenium.example.RandomClass7(20150125-080114)" time="1.3702943"/>
<testcase name="random4[Android_5.1_Nexus 6_chrome_42]" classname="se.redmind.rmtest.selenium.example.RandomClass7(20150125-080114)" time="1.721907"/>
<testcase name="random4[Android_5.1_Nexus 6_explorer_10]" classname="se.redmind.rmtest.selenium.example.RandomClass7(20150125-080114)" time="1.4665635"/>
<testcase name="random4[Android_5.1_Nexus 6_opera_15]" classname="se.redmind.rmtest.selenium.example.RandomClass7(20150125-080114)" time="0.4408579"/>
<testcase name="random4[Android_2.3_VeiVei_firefox_31]" classname="se.redmind.rmtest.selenium.example.RandomClass7(20150125-080114)" time="1.5806504"/>
<testcase name="random4[Android_2.3_VeiVei_chrome_42]" classname="se.redmind.rmtest.selenium.example.RandomClass7(20150125-080114)" time="1.7891084"/>
<testcase name="random4[Android_2.3_VeiVei_explorer_10]" classname="se.redmind.rmtest.selenium.example.RandomClass7(20150125-080114)" time="1.16499"/>
<testcase name="random4[Android_2.3_VeiVei_opera_15]" classname="se.redmind.rmtest.selenium.example.RandomClass7(20150125-080114)" time="1.9936936"/>
<testcase name="random4[IOS_8.2_iPhone 6_firefox_31]" classname="se.redmind.rmtest.selenium.example.RandomClass7(20150125-080114)" time="1.2487088">
	<failure type="java.lang.AssertionError:">java.lang.AssertionError: null
		at org.junit.Assert.fail(Assert.java:86)
		at org.junit.Assert.assertTrue(Assert.java:41)
		at org.junit.Assert.assertTrue(Assert.java:52)
		at se.redmind.rmtest.selenium.example.CreateRandomRes3.random14(CreateRandomRes3.java:128)
	</failure>
</testcase>
<testcase name="random4[IOS_8.2_iPhone 6_chrome_42]" classname="se.redmind.rmtest.selenium.example.RandomClass7(20150125-080114)" time="0.7529373"/>
<testcase name="random4[IOS_8.2_iPhone 6_explorer_10]" classname="se.redmind.rmtest.selenium.example.RandomClass7(20150125-080114)" time="0.8426666"/>
<testcase name="random4[IOS_8.2_iPhone 6_opera_15]" classname="se.redmind.rmtest.selenium.example.RandomClass7(20150125-080114)" time="1.3646948">
	<failure type="java.lang.AssertionError:">java.lang.AssertionError: null
		at org.junit.Assert.fail(Assert.java:86)
		at org.junit.Assert.assertTrue(Assert.java:41)
		at org.junit.Assert.assertTrue(Assert.java:52)
		at se.redmind.rmtest.selenium.example.CreateRandomRes3.random14(CreateRandomRes3.java:128)
	</failure>
</testcase>
<testcase name="random4[IOS_4_iPhone 3Gs_firefox_31]" classname="se.redmind.rmtest.selenium.example.RandomClass7(20150125-080114)" time="1.612647"/>
<testcase name="random4[IOS_4_iPhone 3Gs_chrome_42]" classname="se.redmind.rmtest.selenium.example.RandomClass7(20150125-080114)" time="0.9897084"/>
<testcase name="random4[IOS_4_iPhone 3Gs_explorer_10]" classname="se.redmind.rmtest.selenium.example.RandomClass7(20150125-080114)" time="0.50186443">
	<failure type="java.lang.AssertionError:">java.lang.AssertionError: null
		at org.junit.Assert.fail(Assert.java:86)
		at org.junit.Assert.assertTrue(Assert.java:41)
		at org.junit.Assert.assertTrue(Assert.java:52)
		at se.redmind.rmtest.selenium.example.CreateRandomRes3.random14(CreateRandomRes3.java:128)
	</failure>
</testcase>
<testcase name="random4[IOS_4_iPhone 3Gs_opera_15]" classname="se.redmind.rmtest.selenium.example.RandomClass7(20150125-080114)" time="1.0675046"/>
<testcase name="random4[Windows_10_UNKNOWN_firefox_31]" classname="se.redmind.rmtest.selenium.example.RandomClass7(20150125-080114)" time="0.12907898">
	<failure type="java.lang.AssertionError:">java.lang.AssertionError: null
		at org.junit.Assert.fail(Assert.java:86)
		at org.junit.Assert.assertTrue(Assert.java:41)
		at org.junit.Assert.assertTrue(Assert.java:52)
		at se.redmind.rmtest.selenium.example.CreateRandomRes3.random14(CreateRandomRes3.java:128)
	</failure>
</testcase>
<testcase name="random4[Windows_10_UNKNOWN_chrome_42]" classname="se.redmind.rmtest.selenium.example.RandomClass7(20150125-080114)" time="1.3066356"/>
<testcase name="random4[Windows_10_UNKNOWN_explorer_10]" classname="se.redmind.rmtest.selenium.example.RandomClass7(20150125-080114)" time="0.6432681">
	<failure type="java.lang.AssertionError:">java.lang.AssertionError: null
		at org.junit.Assert.fail(Assert.java:86)
		at org.junit.Assert.assertTrue(Assert.java:41)
		at org.junit.Assert.assertTrue(Assert.java:52)
		at se.redmind.rmtest.selenium.example.CreateRandomRes3.random14(CreateRandomRes3.java:128)
	</failure>
</testcase>
<testcase name="random4[Windows_10_UNKNOWN_opera_15]" classname="se.redmind.rmtest.selenium.example.RandomClass7(20150125-080114)" time="1.8556643"/>
<testcase name="random4[Ubuntu_14.04_UNKNOWN_firefox_31]" classname="se.redmind.rmtest.selenium.example.RandomClass7(20150125-080114)" time="0.42406344"/>
<testcase name="random4[Ubuntu_14.04_UNKNOWN_chrome_42]" classname="se.redmind.rmtest.selenium.example.RandomClass7(20150125-080114)" time="1.557124"/>
<testcase name="random4[Ubuntu_14.04_UNKNOWN_explorer_10]" classname="se.redmind.rmtest.selenium.example.RandomClass7(20150125-080114)" time="0.2560395">
	<failure type="java.lang.AssertionError:">java.lang.AssertionError: null
		at org.junit.Assert.fail(Assert.java:86)
		at org.junit.Assert.assertTrue(Assert.java:41)
		at org.junit.Assert.assertTrue(Assert.java:52)
		at se.redmind.rmtest.selenium.example.CreateRandomRes3.random14(CreateRandomRes3.java:128)
	</failure>
</testcase>
<testcase name="random4[Ubuntu_14.04_UNKNOWN_opera_15]" classname="se.redmind.rmtest.selenium.example.RandomClass7(20150125-080114)" time="1.8228004"/>
<testcase name="random4[Ubuntu_12.10_UNKNOWN_firefox_31]" classname="se.redmind.rmtest.selenium.example.RandomClass7(20150125-080114)" time="1.4251155">
	<failure type="java.lang.AssertionError:">java.lang.AssertionError: null
		at org.junit.Assert.fail(Assert.java:86)
		at org.junit.Assert.assertTrue(Assert.java:41)
		at org.junit.Assert.assertTrue(Assert.java:52)
		at se.redmind.rmtest.selenium.example.CreateRandomRes3.random14(CreateRandomRes3.java:128)
	</failure>
</testcase>
<testcase name="random4[Ubuntu_12.10_UNKNOWN_chrome_42]" classname="se.redmind.rmtest.selenium.example.RandomClass7(20150125-080114)" time="1.2238498"/>
<testcase name="random4[Ubuntu_12.10_UNKNOWN_explorer_10]" classname="se.redmind.rmtest.selenium.example.RandomClass7(20150125-080114)" time="0.15655923">
	<failure type="java.lang.AssertionError:">java.lang.AssertionError: null
		at org.junit.Assert.fail(Assert.java:86)
		at org.junit.Assert.assertTrue(Assert.java:41)
		at org.junit.Assert.assertTrue(Assert.java:52)
		at se.redmind.rmtest.selenium.example.CreateRandomRes3.random14(CreateRandomRes3.java:128)
	</failure>
</testcase>
<testcase name="random4[Ubuntu_12.10_UNKNOWN_opera_15]" classname="se.redmind.rmtest.selenium.example.RandomClass7(20150125-080114)" time="1.1151667">
	<error type="java.lang.AssertionError:">java.lang.AssertionError: null
		at org.junit.Assert.fail(Assert.java:86)
		at org.junit.Assert.assertTrue(Assert.java:41)
		at org.junit.Assert.assertTrue(Assert.java:52)
		at se.redmind.rmtest.selenium.example.CreateRandomRes3.random14(CreateRandomRes3.java:128)
	</error>
</testcase>
<testcase name="random1[Android_4.4.4_HTC ONE_firefox_31]" classname="se.redmind.rmtest.selenium.example.RandomClass8(20150125-080114)" time="0.75800943"/>
<testcase name="random1[Android_4.4.4_HTC ONE_chrome_42]" classname="se.redmind.rmtest.selenium.example.RandomClass8(20150125-080114)" time="1.9162966"/>
<testcase name="random1[Android_4.4.4_HTC ONE_explorer_10]" classname="se.redmind.rmtest.selenium.example.RandomClass8(20150125-080114)" time="0.14219439"/>
<testcase name="random1[Android_4.4.4_HTC ONE_opera_15]" classname="se.redmind.rmtest.selenium.example.RandomClass8(20150125-080114)" time="0.44205666">
	<failure type="java.lang.AssertionError:">java.lang.AssertionError: null
		at org.junit.Assert.fail(Assert.java:86)
		at org.junit.Assert.assertTrue(Assert.java:41)
		at org.junit.Assert.assertTrue(Assert.java:52)
		at se.redmind.rmtest.selenium.example.CreateRandomRes3.random14(CreateRandomRes3.java:128)
	</failure>
</testcase>
<testcase name="random1[Android_5.1_Nexus 6_firefox_31]" classname="se.redmind.rmtest.selenium.example.RandomClass8(20150125-080114)" time="1.6062167">
	<failure type="java.lang.AssertionError:">java.lang.AssertionError: null
		at org.junit.Assert.fail(Assert.java:86)
		at org.junit.Assert.assertTrue(Assert.java:41)
		at org.junit.Assert.assertTrue(Assert.java:52)
		at se.redmind.rmtest.selenium.example.CreateRandomRes3.random14(CreateRandomRes3.java:128)
	</failure>
</testcase>
<testcase name="random1[Android_5.1_Nexus 6_chrome_42]" classname="se.redmind.rmtest.selenium.example.RandomClass8(20150125-080114)" time="0.41874373"/>
<testcase name="random1[Android_5.1_Nexus 6_explorer_10]" classname="se.redmind.rmtest.selenium.example.RandomClass8(20150125-080114)" time="0.46376908"/>
<testcase name="random1[Android_5.1_Nexus 6_opera_15]" classname="se.redmind.rmtest.selenium.example.RandomClass8(20150125-080114)" time="0.51801217"/>
<testcase name="random1[Android_4.4.4_Sony Experia Z3_firefox_31]" classname="se.redmind.rmtest.selenium.example.RandomClass8(20150125-080114)" time="1.47949"/>
<testcase name="random1[Android_4.4.4_Sony Experia Z3_chrome_42]" classname="se.redmind.rmtest.selenium.example.RandomClass8(20150125-080114)" time="1.0410202"/>
<testcase name="random1[Android_4.4.4_Sony Experia Z3_explorer_10]" classname="se.redmind.rmtest.selenium.example.RandomClass8(20150125-080114)" time="0.6756594"/>
<testcase name="random1[Android_4.4.4_Sony Experia Z3_opera_15]" classname="se.redmind.rmtest.selenium.example.RandomClass8(20150125-080114)" time="1.3785447"/>
<testcase name="random1[IOS_4_iPhone 3Gs_firefox_31]" classname="se.redmind.rmtest.selenium.example.RandomClass8(20150125-080114)" time="0.47158515">
	<failure type="java.lang.AssertionError:">java.lang.AssertionError: null
		at org.junit.Assert.fail(Assert.java:86)
		at org.junit.Assert.assertTrue(Assert.java:41)
		at org.junit.Assert.assertTrue(Assert.java:52)
		at se.redmind.rmtest.selenium.example.CreateRandomRes3.random14(CreateRandomRes3.java:128)
	</failure>
</testcase>
<testcase name="random1[IOS_4_iPhone 3Gs_chrome_42]" classname="se.redmind.rmtest.selenium.example.RandomClass8(20150125-080114)" time="1.3838289"/>
<testcase name="random1[IOS_4_iPhone 3Gs_explorer_10]" classname="se.redmind.rmtest.selenium.example.RandomClass8(20150125-080114)" time="0.826216"/>
<testcase name="random1[IOS_4_iPhone 3Gs_opera_15]" classname="se.redmind.rmtest.selenium.example.RandomClass8(20150125-080114)" time="0.5597254"/>
<testcase name="random1[OSX_10.9.5_UNKNOWN_firefox_31]" classname="se.redmind.rmtest.selenium.example.RandomClass8(20150125-080114)" time="0.3135835"/>
<testcase name="random1[OSX_10.9.5_UNKNOWN_chrome_42]" classname="se.redmind.rmtest.selenium.example.RandomClass8(20150125-080114)" time="0.7176274"/>
<testcase name="random1[OSX_10.9.5_UNKNOWN_explorer_10]" classname="se.redmind.rmtest.selenium.example.RandomClass8(20150125-080114)" time="0.59444475"/>
<testcase name="random1[OSX_10.9.5_UNKNOWN_opera_15]" classname="se.redmind.rmtest.selenium.example.RandomClass8(20150125-080114)" time="0.49816358"/>
<testcase name="random1[Windows_8.1_UNKNOWN_firefox_31]" classname="se.redmind.rmtest.selenium.example.RandomClass8(20150125-080114)" time="0.73415625"/>
<testcase name="random1[Windows_8.1_UNKNOWN_chrome_42]" classname="se.redmind.rmtest.selenium.example.RandomClass8(20150125-080114)" time="1.815193"/>
<testcase name="random1[Windows_8.1_UNKNOWN_explorer_10]" classname="se.redmind.rmtest.selenium.example.RandomClass8(20150125-080114)" time="1.9481418"/>
<testcase name="random1[Windows_8.1_UNKNOWN_opera_15]" classname="se.redmind.rmtest.selenium.example.RandomClass8(20150125-080114)" time="0.83622277"/>
<testcase name="random1[Windows_10_UNKNOWN_firefox_31]" classname="se.redmind.rmtest.selenium.example.RandomClass8(20150125-080114)" time="1.5686451">
	<failure type="java.lang.AssertionError:">java.lang.AssertionError: null
		at org.junit.Assert.fail(Assert.java:86)
		at org.junit.Assert.assertTrue(Assert.java:41)
		at org.junit.Assert.assertTrue(Assert.java:52)
		at se.redmind.rmtest.selenium.example.CreateRandomRes3.random14(CreateRandomRes3.java:128)
	</failure>
</testcase>
<testcase name="random1[Windows_10_UNKNOWN_chrome_42]" classname="se.redmind.rmtest.selenium.example.RandomClass8(20150125-080114)" time="0.054477572"/>
<testcase name="random1[Windows_10_UNKNOWN_explorer_10]" classname="se.redmind.rmtest.selenium.example.RandomClass8(20150125-080114)" time="1.4320173">
	<failure type="java.lang.AssertionError:">java.lang.AssertionError: null
		at org.junit.Assert.fail(Assert.java:86)
		at org.junit.Assert.assertTrue(Assert.java:41)
		at org.junit.Assert.assertTrue(Assert.java:52)
		at se.redmind.rmtest.selenium.example.CreateRandomRes3.random14(CreateRandomRes3.java:128)
	</failure>
</testcase>
<testcase name="random1[Windows_10_UNKNOWN_opera_15]" classname="se.redmind.rmtest.selenium.example.RandomClass8(20150125-080114)" time="0.82373834">
	<error type="java.lang.AssertionError:">java.lang.AssertionError: null
		at org.junit.Assert.fail(Assert.java:86)
		at org.junit.Assert.assertTrue(Assert.java:41)
		at org.junit.Assert.assertTrue(Assert.java:52)
		at se.redmind.rmtest.selenium.example.CreateRandomRes3.random14(CreateRandomRes3.java:128)
	</error>
</testcase>
<testcase name="random1[Ubuntu_14.04_UNKNOWN_firefox_31]" classname="se.redmind.rmtest.selenium.example.RandomClass8(20150125-080114)" time="1.7012699"/>
<testcase name="random1[Ubuntu_14.04_UNKNOWN_chrome_42]" classname="se.redmind.rmtest.selenium.example.RandomClass8(20150125-080114)" time="1.4997779"/>
<testcase name="random1[Ubuntu_14.04_UNKNOWN_explorer_10]" classname="se.redmind.rmtest.selenium.example.RandomClass8(20150125-080114)" time="0.5310247">
	<failure type="java.lang.AssertionError:">java.lang.AssertionError: null
		at org.junit.Assert.fail(Assert.java:86)
		at org.junit.Assert.assertTrue(Assert.java:41)
		at org.junit.Assert.assertTrue(Assert.java:52)
		at se.redmind.rmtest.selenium.example.CreateRandomRes3.random14(CreateRandomRes3.java:128)
	</failure>
</testcase>
<testcase name="random1[Ubuntu_14.04_UNKNOWN_opera_15]" classname="se.redmind.rmtest.selenium.example.RandomClass8(20150125-080114)" time="0.049093843"/>
<testcase name="random1[Ubuntu_12.10_UNKNOWN_firefox_31]" classname="se.redmind.rmtest.selenium.example.RandomClass8(20150125-080114)" time="1.6710182"/>
<testcase name="random1[Ubuntu_12.10_UNKNOWN_chrome_42]" classname="se.redmind.rmtest.selenium.example.RandomClass8(20150125-080114)" time="0.054361105"/>
<testcase name="random1[Ubuntu_12.10_UNKNOWN_explorer_10]" classname="se.redmind.rmtest.selenium.example.RandomClass8(20150125-080114)" time="1.0184566"/>
<testcase name="random1[Ubuntu_12.10_UNKNOWN_opera_15]" classname="se.redmind.rmtest.selenium.example.RandomClass8(20150125-080114)" time="0.97075117"/>
<testcase name="random2[Android_4.4.4_HTC ONE_firefox_31]" classname="se.redmind.rmtest.selenium.example.RandomClass8(20150125-080114)" time="0.86441064"/>
<testcase name="random2[Android_4.4.4_HTC ONE_chrome_42]" classname="se.redmind.rmtest.selenium.example.RandomClass8(20150125-080114)" time="1.7661412"/>
<testcase name="random2[Android_4.4.4_HTC ONE_explorer_10]" classname="se.redmind.rmtest.selenium.example.RandomClass8(20150125-080114)" time="1.1590155">
	<failure type="java.lang.AssertionError:">java.lang.AssertionError: null
		at org.junit.Assert.fail(Assert.java:86)
		at org.junit.Assert.assertTrue(Assert.java:41)
		at org.junit.Assert.assertTrue(Assert.java:52)
		at se.redmind.rmtest.selenium.example.CreateRandomRes3.random14(CreateRandomRes3.java:128)
	</failure>
</testcase>
<testcase name="random2[Android_4.4.4_HTC ONE_opera_15]" classname="se.redmind.rmtest.selenium.example.RandomClass8(20150125-080114)" time="1.9661365">
	<failure type="java.lang.AssertionError:">java.lang.AssertionError: null
		at org.junit.Assert.fail(Assert.java:86)
		at org.junit.Assert.assertTrue(Assert.java:41)
		at org.junit.Assert.assertTrue(Assert.java:52)
		at se.redmind.rmtest.selenium.example.CreateRandomRes3.random14(CreateRandomRes3.java:128)
	</failure>
</testcase>
<testcase name="random2[Android_5.1_Nexus 6_firefox_31]" classname="se.redmind.rmtest.selenium.example.RandomClass8(20150125-080114)" time="1.708206"/>
<testcase name="random2[Android_5.1_Nexus 6_chrome_42]" classname="se.redmind.rmtest.selenium.example.RandomClass8(20150125-080114)" time="1.7639228">
	<failure type="java.lang.AssertionError:">java.lang.AssertionError: null
		at org.junit.Assert.fail(Assert.java:86)
		at org.junit.Assert.assertTrue(Assert.java:41)
		at org.junit.Assert.assertTrue(Assert.java:52)
		at se.redmind.rmtest.selenium.example.CreateRandomRes3.random14(CreateRandomRes3.java:128)
	</failure>
</testcase>
<testcase name="random2[Android_5.1_Nexus 6_explorer_10]" classname="se.redmind.rmtest.selenium.example.RandomClass8(20150125-080114)" time="0.647275">
	<failure type="java.lang.AssertionError:">java.lang.AssertionError: null
		at org.junit.Assert.fail(Assert.java:86)
		at org.junit.Assert.assertTrue(Assert.java:41)
		at org.junit.Assert.assertTrue(Assert.java:52)
		at se.redmind.rmtest.selenium.example.CreateRandomRes3.random14(CreateRandomRes3.java:128)
	</failure>
</testcase>
<testcase name="random2[Android_5.1_Nexus 6_opera_15]" classname="se.redmind.rmtest.selenium.example.RandomClass8(20150125-080114)" time="0.06142056"/>
<testcase name="random2[Android_4.4.4_Sony Experia Z3_firefox_31]" classname="se.redmind.rmtest.selenium.example.RandomClass8(20150125-080114)" time="1.4354908"/>
<testcase name="random2[Android_4.4.4_Sony Experia Z3_chrome_42]" classname="se.redmind.rmtest.selenium.example.RandomClass8(20150125-080114)" time="1.337876"/>
<testcase name="random2[Android_4.4.4_Sony Experia Z3_explorer_10]" classname="se.redmind.rmtest.selenium.example.RandomClass8(20150125-080114)" time="0.12561977"/>
<testcase name="random2[Android_4.4.4_Sony Experia Z3_opera_15]" classname="se.redmind.rmtest.selenium.example.RandomClass8(20150125-080114)" time="0.32740355">
	<failure type="java.lang.AssertionError:">java.lang.AssertionError: null
		at org.junit.Assert.fail(Assert.java:86)
		at org.junit.Assert.assertTrue(Assert.java:41)
		at org.junit.Assert.assertTrue(Assert.java:52)
		at se.redmind.rmtest.selenium.example.CreateRandomRes3.random14(CreateRandomRes3.java:128)
	</failure>
</testcase>
<testcase name="random2[IOS_4_iPhone 3Gs_firefox_31]" classname="se.redmind.rmtest.selenium.example.RandomClass8(20150125-080114)" time="0.6487074"/>
<testcase name="random2[IOS_4_iPhone 3Gs_chrome_42]" classname="se.redmind.rmtest.selenium.example.RandomClass8(20150125-080114)" time="1.6956148"/>
<testcase name="random2[IOS_4_iPhone 3Gs_explorer_10]" classname="se.redmind.rmtest.selenium.example.RandomClass8(20150125-080114)" time="0.1325444"/>
<testcase name="random2[IOS_4_iPhone 3Gs_opera_15]" classname="se.redmind.rmtest.selenium.example.RandomClass8(20150125-080114)" time="1.2569008">
	<failure type="java.lang.AssertionError:">java.lang.AssertionError: null
		at org.junit.Assert.fail(Assert.java:86)
		at org.junit.Assert.assertTrue(Assert.java:41)
		at org.junit.Assert.assertTrue(Assert.java:52)
		at se.redmind.rmtest.selenium.example.CreateRandomRes3.random14(CreateRandomRes3.java:128)
	</failure>
</testcase>
<testcase name="random2[OSX_10.9.5_UNKNOWN_firefox_31]" classname="se.redmind.rmtest.selenium.example.RandomClass8(20150125-080114)" time="0.9239117"/>
<testcase name="random2[OSX_10.9.5_UNKNOWN_chrome_42]" classname="se.redmind.rmtest.selenium.example.RandomClass8(20150125-080114)" time="1.1716212"/>
<testcase name="random2[OSX_10.9.5_UNKNOWN_explorer_10]" classname="se.redmind.rmtest.selenium.example.RandomClass8(20150125-080114)" time="0.26094437"/>
<testcase name="random2[OSX_10.9.5_UNKNOWN_opera_15]" classname="se.redmind.rmtest.selenium.example.RandomClass8(20150125-080114)" time="1.9418731"/>
<testcase name="random2[Windows_8.1_UNKNOWN_firefox_31]" classname="se.redmind.rmtest.selenium.example.RandomClass8(20150125-080114)" time="1.3419755"/>
<testcase name="random2[Windows_8.1_UNKNOWN_chrome_42]" classname="se.redmind.rmtest.selenium.example.RandomClass8(20150125-080114)" time="1.2096479"/>
<testcase name="random2[Windows_8.1_UNKNOWN_explorer_10]" classname="se.redmind.rmtest.selenium.example.RandomClass8(20150125-080114)" time="1.1710664"/>
<testcase name="random2[Windows_8.1_UNKNOWN_opera_15]" classname="se.redmind.rmtest.selenium.example.RandomClass8(20150125-080114)" time="1.8665078">
	<failure type="java.lang.AssertionError:">java.lang.AssertionError: null
		at org.junit.Assert.fail(Assert.java:86)
		at org.junit.Assert.assertTrue(Assert.java:41)
		at org.junit.Assert.assertTrue(Assert.java:52)
		at se.redmind.rmtest.selenium.example.CreateRandomRes3.random14(CreateRandomRes3.java:128)
	</failure>
</testcase>
<testcase name="random2[Windows_10_UNKNOWN_firefox_31]" classname="se.redmind.rmtest.selenium.example.RandomClass8(20150125-080114)" time="1.0059208"/>
<testcase name="random2[Windows_10_UNKNOWN_chrome_42]" classname="se.redmind.rmtest.selenium.example.RandomClass8(20150125-080114)" time="0.42887533"/>
<testcase name="random2[Windows_10_UNKNOWN_explorer_10]" classname="se.redmind.rmtest.selenium.example.RandomClass8(20150125-080114)" time="0.10349679">
	<failure type="java.lang.AssertionError:">java.lang.AssertionError: null
		at org.junit.Assert.fail(Assert.java:86)
		at org.junit.Assert.assertTrue(Assert.java:41)
		at org.junit.Assert.assertTrue(Assert.java:52)
		at se.redmind.rmtest.selenium.example.CreateRandomRes3.random14(CreateRandomRes3.java:128)
	</failure>
</testcase>
<testcase name="random2[Windows_10_UNKNOWN_opera_15]" classname="se.redmind.rmtest.selenium.example.RandomClass8(20150125-080114)" time="0.01578796"/>
<testcase name="random2[Ubuntu_14.04_UNKNOWN_firefox_31]" classname="se.redmind.rmtest.selenium.example.RandomClass8(20150125-080114)" time="1.0063919"/>
<testcase name="random2[Ubuntu_14.04_UNKNOWN_chrome_42]" classname="se.redmind.rmtest.selenium.example.RandomClass8(20150125-080114)" time="0.775422"/>
<testcase name="random2[Ubuntu_14.04_UNKNOWN_explorer_10]" classname="se.redmind.rmtest.selenium.example.RandomClass8(20150125-080114)" time="1.4962984"/>
<testcase name="random2[Ubuntu_14.04_UNKNOWN_opera_15]" classname="se.redmind.rmtest.selenium.example.RandomClass8(20150125-080114)" time="0.49308407"/>
<testcase name="random2[Ubuntu_12.10_UNKNOWN_firefox_31]" classname="se.redmind.rmtest.selenium.example.RandomClass8(20150125-080114)" time="1.4269608">
	<failure type="java.lang.AssertionError:">java.lang.AssertionError: null
		at org.junit.Assert.fail(Assert.java:86)
		at org.junit.Assert.assertTrue(Assert.java:41)
		at org.junit.Assert.assertTrue(Assert.java:52)
		at se.redmind.rmtest.selenium.example.CreateRandomRes3.random14(CreateRandomRes3.java:128)
	</failure>
</testcase>
<testcase name="random2[Ubuntu_12.10_UNKNOWN_chrome_42]" classname="se.redmind.rmtest.selenium.example.RandomClass8(20150125-080114)" time="0.3243369">
	<failure type="java.lang.AssertionError:">java.lang.AssertionError: null
		at org.junit.Assert.fail(Assert.java:86)
		at org.junit.Assert.assertTrue(Assert.java:41)
		at org.junit.Assert.assertTrue(Assert.java:52)
		at se.redmind.rmtest.selenium.example.CreateRandomRes3.random14(CreateRandomRes3.java:128)
	</failure>
</testcase>
<testcase name="random2[Ubuntu_12.10_UNKNOWN_explorer_10]" classname="se.redmind.rmtest.selenium.example.RandomClass8(20150125-080114)" time="1.0135362">
	<failure type="java.lang.AssertionError:">java.lang.AssertionError: null
		at org.junit.Assert.fail(Assert.java:86)
		at org.junit.Assert.assertTrue(Assert.java:41)
		at org.junit.Assert.assertTrue(Assert.java:52)
		at se.redmind.rmtest.selenium.example.CreateRandomRes3.random14(CreateRandomRes3.java:128)
	</failure>
</testcase>
<testcase name="random2[Ubuntu_12.10_UNKNOWN_opera_15]" classname="se.redmind.rmtest.selenium.example.RandomClass8(20150125-080114)" time="0.023986459">
	<failure type="java.lang.AssertionError:">java.lang.AssertionError: null
		at org.junit.Assert.fail(Assert.java:86)
		at org.junit.Assert.assertTrue(Assert.java:41)
		at org.junit.Assert.assertTrue(Assert.java:52)
		at se.redmind.rmtest.selenium.example.CreateRandomRes3.random14(CreateRandomRes3.java:128)
	</failure>
</testcase>
<testcase name="random3[Android_4.4.4_HTC ONE_firefox_31]" classname="se.redmind.rmtest.selenium.example.RandomClass8(20150125-080114)" time="0.24417174"/>
<testcase name="random3[Android_4.4.4_HTC ONE_chrome_42]" classname="se.redmind.rmtest.selenium.example.RandomClass8(20150125-080114)" time="1.5727924"/>
<testcase name="random3[Android_4.4.4_HTC ONE_explorer_10]" classname="se.redmind.rmtest.selenium.example.RandomClass8(20150125-080114)" time="0.24069834"/>
<testcase name="random3[Android_4.4.4_HTC ONE_opera_15]" classname="se.redmind.rmtest.selenium.example.RandomClass8(20150125-080114)" time="0.70697236"/>
<testcase name="random3[Android_5.1_Nexus 6_firefox_31]" classname="se.redmind.rmtest.selenium.example.RandomClass8(20150125-080114)" time="1.6914514">
	<failure type="java.lang.AssertionError:">java.lang.AssertionError: null
		at org.junit.Assert.fail(Assert.java:86)
		at org.junit.Assert.assertTrue(Assert.java:41)
		at org.junit.Assert.assertTrue(Assert.java:52)
		at se.redmind.rmtest.selenium.example.CreateRandomRes3.random14(CreateRandomRes3.java:128)
	</failure>
</testcase>
<testcase name="random3[Android_5.1_Nexus 6_chrome_42]" classname="se.redmind.rmtest.selenium.example.RandomClass8(20150125-080114)" time="0.7789489"/>
<testcase name="random3[Android_5.1_Nexus 6_explorer_10]" classname="se.redmind.rmtest.selenium.example.RandomClass8(20150125-080114)" time="0.7380874"/>
<testcase name="random3[Android_5.1_Nexus 6_opera_15]" classname="se.redmind.rmtest.selenium.example.RandomClass8(20150125-080114)" time="0.647184">
	<failure type="java.lang.AssertionError:">java.lang.AssertionError: null
		at org.junit.Assert.fail(Assert.java:86)
		at org.junit.Assert.assertTrue(Assert.java:41)
		at org.junit.Assert.assertTrue(Assert.java:52)
		at se.redmind.rmtest.selenium.example.CreateRandomRes3.random14(CreateRandomRes3.java:128)
	</failure>
</testcase>
<testcase name="random3[Android_4.4.4_Sony Experia Z3_firefox_31]" classname="se.redmind.rmtest.selenium.example.RandomClass8(20150125-080114)" time="1.6004714"/>
<testcase name="random3[Android_4.4.4_Sony Experia Z3_chrome_42]" classname="se.redmind.rmtest.selenium.example.RandomClass8(20150125-080114)" time="1.1295195"/>
<testcase name="random3[Android_4.4.4_Sony Experia Z3_explorer_10]" classname="se.redmind.rmtest.selenium.example.RandomClass8(20150125-080114)" time="0.9316677"/>
<testcase name="random3[Android_4.4.4_Sony Experia Z3_opera_15]" classname="se.redmind.rmtest.selenium.example.RandomClass8(20150125-080114)" time="0.6100851"/>
<testcase name="random3[IOS_4_iPhone 3Gs_firefox_31]" classname="se.redmind.rmtest.selenium.example.RandomClass8(20150125-080114)" time="0.15088391">
<skipped/>
</testcase>
<testcase name="random3[IOS_4_iPhone 3Gs_firefox_31]" classname="se.redmind.rmtest.selenium.example.RandomClass8(20150125-080114)" time="0.72422385"/>
<testcase name="random3[IOS_4_iPhone 3Gs_chrome_42]" classname="se.redmind.rmtest.selenium.example.RandomClass8(20150125-080114)" time="0.88141453">
<skipped/>
</testcase>
<testcase name="random3[IOS_4_iPhone 3Gs_chrome_42]" classname="se.redmind.rmtest.selenium.example.RandomClass8(20150125-080114)" time="0.7418171"/>
<testcase name="random3[IOS_4_iPhone 3Gs_explorer_10]" classname="se.redmind.rmtest.selenium.example.RandomClass8(20150125-080114)" time="1.9540792">
<skipped/>
</testcase>
<testcase name="random3[IOS_4_iPhone 3Gs_explorer_10]" classname="se.redmind.rmtest.selenium.example.RandomClass8(20150125-080114)" time="0.5635288"/>
<testcase name="random3[IOS_4_iPhone 3Gs_opera_15]" classname="se.redmind.rmtest.selenium.example.RandomClass8(20150125-080114)" time="1.6539197">
<skipped/>
</testcase>
<testcase name="random3[IOS_4_iPhone 3Gs_opera_15]" classname="se.redmind.rmtest.selenium.example.RandomClass8(20150125-080114)" time="1.6418802"/>
<testcase name="random3[OSX_10.9.5_UNKNOWN_firefox_31]" classname="se.redmind.rmtest.selenium.example.RandomClass8(20150125-080114)" time="1.5480334">
	<failure type="java.lang.AssertionError:">java.lang.AssertionError: null
		at org.junit.Assert.fail(Assert.java:86)
		at org.junit.Assert.assertTrue(Assert.java:41)
		at org.junit.Assert.assertTrue(Assert.java:52)
		at se.redmind.rmtest.selenium.example.CreateRandomRes3.random14(CreateRandomRes3.java:128)
	</failure>
</testcase>
<testcase name="random3[OSX_10.9.5_UNKNOWN_chrome_42]" classname="se.redmind.rmtest.selenium.example.RandomClass8(20150125-080114)" time="0.6813108"/>
<testcase name="random3[OSX_10.9.5_UNKNOWN_explorer_10]" classname="se.redmind.rmtest.selenium.example.RandomClass8(20150125-080114)" time="1.0971131"/>
<testcase name="random3[OSX_10.9.5_UNKNOWN_opera_15]" classname="se.redmind.rmtest.selenium.example.RandomClass8(20150125-080114)" time="0.20828915"/>
<testcase name="random3[Windows_8.1_UNKNOWN_firefox_31]" classname="se.redmind.rmtest.selenium.example.RandomClass8(20150125-080114)" time="1.3450907"/>
<testcase name="random3[Windows_8.1_UNKNOWN_chrome_42]" classname="se.redmind.rmtest.selenium.example.RandomClass8(20150125-080114)" time="0.78716147"/>
<testcase name="random3[Windows_8.1_UNKNOWN_explorer_10]" classname="se.redmind.rmtest.selenium.example.RandomClass8(20150125-080114)" time="1.7737044"/>
<testcase name="random3[Windows_8.1_UNKNOWN_opera_15]" classname="se.redmind.rmtest.selenium.example.RandomClass8(20150125-080114)" time="1.0499051"/>
<testcase name="random3[Windows_10_UNKNOWN_firefox_31]" classname="se.redmind.rmtest.selenium.example.RandomClass8(20150125-080114)" time="0.74745905">
	<failure type="java.lang.AssertionError:">java.lang.AssertionError: null
		at org.junit.Assert.fail(Assert.java:86)
		at org.junit.Assert.assertTrue(Assert.java:41)
		at org.junit.Assert.assertTrue(Assert.java:52)
		at se.redmind.rmtest.selenium.example.CreateRandomRes3.random14(CreateRandomRes3.java:128)
	</failure>
</testcase>
<testcase name="random3[Windows_10_UNKNOWN_chrome_42]" classname="se.redmind.rmtest.selenium.example.RandomClass8(20150125-080114)" time="0.8367379"/>
<testcase name="random3[Windows_10_UNKNOWN_explorer_10]" classname="se.redmind.rmtest.selenium.example.RandomClass8(20150125-080114)" time="1.5836552">
	<error type="java.lang.AssertionError:">java.lang.AssertionError: null
		at org.junit.Assert.fail(Assert.java:86)
		at org.junit.Assert.assertTrue(Assert.java:41)
		at org.junit.Assert.assertTrue(Assert.java:52)
		at se.redmind.rmtest.selenium.example.CreateRandomRes3.random14(CreateRandomRes3.java:128)
	</error>
</testcase>
<testcase name="random3[Windows_10_UNKNOWN_opera_15]" classname="se.redmind.rmtest.selenium.example.RandomClass8(20150125-080114)" time="1.5471467"/>
<testcase name="random3[Ubuntu_14.04_UNKNOWN_firefox_31]" classname="se.redmind.rmtest.selenium.example.RandomClass8(20150125-080114)" time="1.9785842">
	<failure type="java.lang.AssertionError:">java.lang.AssertionError: null
		at org.junit.Assert.fail(Assert.java:86)
		at org.junit.Assert.assertTrue(Assert.java:41)
		at org.junit.Assert.assertTrue(Assert.java:52)
		at se.redmind.rmtest.selenium.example.CreateRandomRes3.random14(CreateRandomRes3.java:128)
	</failure>
</testcase>
<testcase name="random3[Ubuntu_14.04_UNKNOWN_chrome_42]" classname="se.redmind.rmtest.selenium.example.RandomClass8(20150125-080114)" time="1.4043597">
	<failure type="java.lang.AssertionError:">java.lang.AssertionError: null
		at org.junit.Assert.fail(Assert.java:86)
		at org.junit.Assert.assertTrue(Assert.java:41)
		at org.junit.Assert.assertTrue(Assert.java:52)
		at se.redmind.rmtest.selenium.example.CreateRandomRes3.random14(CreateRandomRes3.java:128)
	</failure>
</testcase>
<testcase name="random3[Ubuntu_14.04_UNKNOWN_explorer_10]" classname="se.redmind.rmtest.selenium.example.RandomClass8(20150125-080114)" time="0.12432158"/>
<testcase name="random3[Ubuntu_14.04_UNKNOWN_opera_15]" classname="se.redmind.rmtest.selenium.example.RandomClass8(20150125-080114)" time="0.09173548">
	<failure type="java.lang.AssertionError:">java.lang.AssertionError: null
		at org.junit.Assert.fail(Assert.java:86)
		at org.junit.Assert.assertTrue(Assert.java:41)
		at org.junit.Assert.assertTrue(Assert.java:52)
		at se.redmind.rmtest.selenium.example.CreateRandomRes3.random14(CreateRandomRes3.java:128)
	</failure>
</testcase>
<testcase name="random3[Ubuntu_12.10_UNKNOWN_firefox_31]" classname="se.redmind.rmtest.selenium.example.RandomClass8(20150125-080114)" time="1.9999641">
	<failure type="java.lang.AssertionError:">java.lang.AssertionError: null
		at org.junit.Assert.fail(Assert.java:86)
		at org.junit.Assert.assertTrue(Assert.java:41)
		at org.junit.Assert.assertTrue(Assert.java:52)
		at se.redmind.rmtest.selenium.example.CreateRandomRes3.random14(CreateRandomRes3.java:128)
	</failure>
</testcase>
<testcase name="random3[Ubuntu_12.10_UNKNOWN_chrome_42]" classname="se.redmind.rmtest.selenium.example.RandomClass8(20150125-080114)" time="1.665925">
	<failure type="java.lang.AssertionError:">java.lang.AssertionError: null
		at org.junit.Assert.fail(Assert.java:86)
		at org.junit.Assert.assertTrue(Assert.java:41)
		at org.junit.Assert.assertTrue(Assert.java:52)
		at se.redmind.rmtest.selenium.example.CreateRandomRes3.random14(CreateRandomRes3.java:128)
	</failure>
</testcase>
<testcase name="random3[Ubuntu_12.10_UNKNOWN_explorer_10]" classname="se.redmind.rmtest.selenium.example.RandomClass8(20150125-080114)" time="0.027109504"/>
<testcase name="random3[Ubuntu_12.10_UNKNOWN_opera_15]" classname="se.redmind.rmtest.selenium.example.RandomClass8(20150125-080114)" time="0.8737999">
	<failure type="java.lang.AssertionError:">java.lang.AssertionError: null
		at org.junit.Assert.fail(Assert.java:86)
		at org.junit.Assert.assertTrue(Assert.java:41)
		at org.junit.Assert.assertTrue(Assert.java:52)
		at se.redmind.rmtest.selenium.example.CreateRandomRes3.random14(CreateRandomRes3.java:128)
	</failure>
</testcase>
<testcase name="random4[Android_4.4.4_HTC ONE_firefox_31]" classname="se.redmind.rmtest.selenium.example.RandomClass8(20150125-080114)" time="1.6412649"/>
<testcase name="random4[Android_4.4.4_HTC ONE_chrome_42]" classname="se.redmind.rmtest.selenium.example.RandomClass8(20150125-080114)" time="0.4044577">
	<failure type="java.lang.AssertionError:">java.lang.AssertionError: null
		at org.junit.Assert.fail(Assert.java:86)
		at org.junit.Assert.assertTrue(Assert.java:41)
		at org.junit.Assert.assertTrue(Assert.java:52)
		at se.redmind.rmtest.selenium.example.CreateRandomRes3.random14(CreateRandomRes3.java:128)
	</failure>
</testcase>
<testcase name="random4[Android_4.4.4_HTC ONE_explorer_10]" classname="se.redmind.rmtest.selenium.example.RandomClass8(20150125-080114)" time="0.56415534">
	<failure type="java.lang.AssertionError:">java.lang.AssertionError: null
		at org.junit.Assert.fail(Assert.java:86)
		at org.junit.Assert.assertTrue(Assert.java:41)
		at org.junit.Assert.assertTrue(Assert.java:52)
		at se.redmind.rmtest.selenium.example.CreateRandomRes3.random14(CreateRandomRes3.java:128)
	</failure>
</testcase>
<testcase name="random4[Android_4.4.4_HTC ONE_opera_15]" classname="se.redmind.rmtest.selenium.example.RandomClass8(20150125-080114)" time="0.7423835"/>
<testcase name="random4[Android_5.1_Nexus 6_firefox_31]" classname="se.redmind.rmtest.selenium.example.RandomClass8(20150125-080114)" time="0.5760287"/>
<testcase name="random4[Android_5.1_Nexus 6_chrome_42]" classname="se.redmind.rmtest.selenium.example.RandomClass8(20150125-080114)" time="0.2785592"/>
<testcase name="random4[Android_5.1_Nexus 6_explorer_10]" classname="se.redmind.rmtest.selenium.example.RandomClass8(20150125-080114)" time="0.016783953"/>
<testcase name="random4[Android_5.1_Nexus 6_opera_15]" classname="se.redmind.rmtest.selenium.example.RandomClass8(20150125-080114)" time="0.36759698"/>
<testcase name="random4[Android_4.4.4_Sony Experia Z3_firefox_31]" classname="se.redmind.rmtest.selenium.example.RandomClass8(20150125-080114)" time="1.8070325">
	<failure type="java.lang.AssertionError:">java.lang.AssertionError: null
		at org.junit.Assert.fail(Assert.java:86)
		at org.junit.Assert.assertTrue(Assert.java:41)
		at org.junit.Assert.assertTrue(Assert.java:52)
		at se.redmind.rmtest.selenium.example.CreateRandomRes3.random14(CreateRandomRes3.java:128)
	</failure>
</testcase>
<testcase name="random4[Android_4.4.4_Sony Experia Z3_chrome_42]" classname="se.redmind.rmtest.selenium.example.RandomClass8(20150125-080114)" time="0.3385886"/>
<testcase name="random4[Android_4.4.4_Sony Experia Z3_explorer_10]" classname="se.redmind.rmtest.selenium.example.RandomClass8(20150125-080114)" time="1.2983167"/>
<testcase name="random4[Android_4.4.4_Sony Experia Z3_opera_15]" classname="se.redmind.rmtest.selenium.example.RandomClass8(20150125-080114)" time="1.6896627"/>
<testcase name="random4[IOS_4_iPhone 3Gs_firefox_31]" classname="se.redmind.rmtest.selenium.example.RandomClass8(20150125-080114)" time="1.3818437"/>
<testcase name="random4[IOS_4_iPhone 3Gs_chrome_42]" classname="se.redmind.rmtest.selenium.example.RandomClass8(20150125-080114)" time="0.32404196"/>
<testcase name="random4[IOS_4_iPhone 3Gs_explorer_10]" classname="se.redmind.rmtest.selenium.example.RandomClass8(20150125-080114)" time="1.3363855"/>
<testcase name="random4[IOS_4_iPhone 3Gs_opera_15]" classname="se.redmind.rmtest.selenium.example.RandomClass8(20150125-080114)" time="1.7565473"/>
<testcase name="random4[OSX_10.9.5_UNKNOWN_firefox_31]" classname="se.redmind.rmtest.selenium.example.RandomClass8(20150125-080114)" time="0.7324879">
	<failure type="java.lang.AssertionError:">java.lang.AssertionError: null
		at org.junit.Assert.fail(Assert.java:86)
		at org.junit.Assert.assertTrue(Assert.java:41)
		at org.junit.Assert.assertTrue(Assert.java:52)
		at se.redmind.rmtest.selenium.example.CreateRandomRes3.random14(CreateRandomRes3.java:128)
	</failure>
</testcase>
<testcase name="random4[OSX_10.9.5_UNKNOWN_chrome_42]" classname="se.redmind.rmtest.selenium.example.RandomClass8(20150125-080114)" time="1.0257412"/>
<testcase name="random4[OSX_10.9.5_UNKNOWN_explorer_10]" classname="se.redmind.rmtest.selenium.example.RandomClass8(20150125-080114)" time="0.8197428"/>
<testcase name="random4[OSX_10.9.5_UNKNOWN_opera_15]" classname="se.redmind.rmtest.selenium.example.RandomClass8(20150125-080114)" time="0.54790735"/>
<testcase name="random4[Windows_8.1_UNKNOWN_firefox_31]" classname="se.redmind.rmtest.selenium.example.RandomClass8(20150125-080114)" time="0.4168204"/>
<testcase name="random4[Windows_8.1_UNKNOWN_chrome_42]" classname="se.redmind.rmtest.selenium.example.RandomClass8(20150125-080114)" time="0.25619912"/>
<testcase name="random4[Windows_8.1_UNKNOWN_explorer_10]" classname="se.redmind.rmtest.selenium.example.RandomClass8(20150125-080114)" time="1.2578624"/>
<testcase name="random4[Windows_8.1_UNKNOWN_opera_15]" classname="se.redmind.rmtest.selenium.example.RandomClass8(20150125-080114)" time="1.3499783"/>
<testcase name="random4[Windows_10_UNKNOWN_firefox_31]" classname="se.redmind.rmtest.selenium.example.RandomClass8(20150125-080114)" time="1.6892862"/>
<testcase name="random4[Windows_10_UNKNOWN_chrome_42]" classname="se.redmind.rmtest.selenium.example.RandomClass8(20150125-080114)" time="0.87689245">
	<failure type="java.lang.AssertionError:">java.lang.AssertionError: null
		at org.junit.Assert.fail(Assert.java:86)
		at org.junit.Assert.assertTrue(Assert.java:41)
		at org.junit.Assert.assertTrue(Assert.java:52)
		at se.redmind.rmtest.selenium.example.CreateRandomRes3.random14(CreateRandomRes3.java:128)
	</failure>
</testcase>
<testcase name="random4[Windows_10_UNKNOWN_explorer_10]" classname="se.redmind.rmtest.selenium.example.RandomClass8(20150125-080114)" time="1.6862866"/>
<testcase name="random4[Windows_10_UNKNOWN_opera_15]" classname="se.redmind.rmtest.selenium.example.RandomClass8(20150125-080114)" time="0.11980724"/>
<testcase name="random4[Ubuntu_14.04_UNKNOWN_firefox_31]" classname="se.redmind.rmtest.selenium.example.RandomClass8(20150125-080114)" time="0.59312475">
	<failure type="java.lang.AssertionError:">java.lang.AssertionError: null
		at org.junit.Assert.fail(Assert.java:86)
		at org.junit.Assert.assertTrue(Assert.java:41)
		at org.junit.Assert.assertTrue(Assert.java:52)
		at se.redmind.rmtest.selenium.example.CreateRandomRes3.random14(CreateRandomRes3.java:128)
	</failure>
</testcase>
<testcase name="random4[Ubuntu_14.04_UNKNOWN_chrome_42]" classname="se.redmind.rmtest.selenium.example.RandomClass8(20150125-080114)" time="1.7359189"/>
<testcase name="random4[Ubuntu_14.04_UNKNOWN_explorer_10]" classname="se.redmind.rmtest.selenium.example.RandomClass8(20150125-080114)" time="0.39346814"/>
<testcase name="random4[Ubuntu_14.04_UNKNOWN_opera_15]" classname="se.redmind.rmtest.selenium.example.RandomClass8(20150125-080114)" time="1.5701183">
	<failure type="java.lang.AssertionError:">java.lang.AssertionError: null
		at org.junit.Assert.fail(Assert.java:86)
		at org.junit.Assert.assertTrue(Assert.java:41)
		at org.junit.Assert.assertTrue(Assert.java:52)
		at se.redmind.rmtest.selenium.example.CreateRandomRes3.random14(CreateRandomRes3.java:128)
	</failure>
</testcase>
<testcase name="random4[Ubuntu_12.10_UNKNOWN_firefox_31]" classname="se.redmind.rmtest.selenium.example.RandomClass8(20150125-080114)" time="1.6397942">
	<failure type="java.lang.AssertionError:">java.lang.AssertionError: null
		at org.junit.Assert.fail(Assert.java:86)
		at org.junit.Assert.assertTrue(Assert.java:41)
		at org.junit.Assert.assertTrue(Assert.java:52)
		at se.redmind.rmtest.selenium.example.CreateRandomRes3.random14(CreateRandomRes3.java:128)
	</failure>
</testcase>
<testcase name="random4[Ubuntu_12.10_UNKNOWN_chrome_42]" classname="se.redmind.rmtest.selenium.example.RandomClass8(20150125-080114)" time="1.3048896"/>
<testcase name="random4[Ubuntu_12.10_UNKNOWN_explorer_10]" classname="se.redmind.rmtest.selenium.example.RandomClass8(20150125-080114)" time="0.170694"/>
<testcase name="random4[Ubuntu_12.10_UNKNOWN_opera_15]" classname="se.redmind.rmtest.selenium.example.RandomClass8(20150125-080114)" time="1.9039776">
	<failure type="java.lang.AssertionError:">java.lang.AssertionError: null
		at org.junit.Assert.fail(Assert.java:86)
		at org.junit.Assert.assertTrue(Assert.java:41)
		at org.junit.Assert.assertTrue(Assert.java:52)
		at se.redmind.rmtest.selenium.example.CreateRandomRes3.random14(CreateRandomRes3.java:128)
	</failure>
</testcase>
<testcase name="random1[Android_4.4.4_HTC ONE_firefox_31]" classname="se.redmind.rmtest.selenium.example.RandomClass9(20150125-080114)" time="0.951604"/>
<testcase name="random1[Android_4.4.4_HTC ONE_chrome_42]" classname="se.redmind.rmtest.selenium.example.RandomClass9(20150125-080114)" time="0.2121172">
	<failure type="java.lang.AssertionError:">java.lang.AssertionError: null
		at org.junit.Assert.fail(Assert.java:86)
		at org.junit.Assert.assertTrue(Assert.java:41)
		at org.junit.Assert.assertTrue(Assert.java:52)
		at se.redmind.rmtest.selenium.example.CreateRandomRes3.random14(CreateRandomRes3.java:128)
	</failure>
</testcase>
<testcase name="random1[Android_4.4.4_HTC ONE_explorer_10]" classname="se.redmind.rmtest.selenium.example.RandomClass9(20150125-080114)" time="1.0611401"/>
<testcase name="random1[Android_4.4.4_HTC ONE_opera_15]" classname="se.redmind.rmtest.selenium.example.RandomClass9(20150125-080114)" time="0.8288652"/>
<testcase name="random1[Android_2.3_VeiVei_firefox_31]" classname="se.redmind.rmtest.selenium.example.RandomClass9(20150125-080114)" time="0.38721526">
	<failure type="java.lang.AssertionError:">java.lang.AssertionError: null
		at org.junit.Assert.fail(Assert.java:86)
		at org.junit.Assert.assertTrue(Assert.java:41)
		at org.junit.Assert.assertTrue(Assert.java:52)
		at se.redmind.rmtest.selenium.example.CreateRandomRes3.random14(CreateRandomRes3.java:128)
	</failure>
</testcase>
<testcase name="random1[Android_2.3_VeiVei_chrome_42]" classname="se.redmind.rmtest.selenium.example.RandomClass9(20150125-080114)" time="0.91787684"/>
<testcase name="random1[Android_2.3_VeiVei_explorer_10]" classname="se.redmind.rmtest.selenium.example.RandomClass9(20150125-080114)" time="0.7246572"/>
<testcase name="random1[Android_2.3_VeiVei_opera_15]" classname="se.redmind.rmtest.selenium.example.RandomClass9(20150125-080114)" time="1.602803"/>
<testcase name="random1[IOS_8.2_iPhone 6_firefox_31]" classname="se.redmind.rmtest.selenium.example.RandomClass9(20150125-080114)" time="0.43584418">
	<failure type="java.lang.AssertionError:">java.lang.AssertionError: null
		at org.junit.Assert.fail(Assert.java:86)
		at org.junit.Assert.assertTrue(Assert.java:41)
		at org.junit.Assert.assertTrue(Assert.java:52)
		at se.redmind.rmtest.selenium.example.CreateRandomRes3.random14(CreateRandomRes3.java:128)
	</failure>
</testcase>
<testcase name="random1[IOS_8.2_iPhone 6_chrome_42]" classname="se.redmind.rmtest.selenium.example.RandomClass9(20150125-080114)" time="0.6910666"/>
<testcase name="random1[IOS_8.2_iPhone 6_explorer_10]" classname="se.redmind.rmtest.selenium.example.RandomClass9(20150125-080114)" time="1.145781"/>
<testcase name="random1[IOS_8.2_iPhone 6_opera_15]" classname="se.redmind.rmtest.selenium.example.RandomClass9(20150125-080114)" time="0.6269542">
	<failure type="java.lang.AssertionError:">java.lang.AssertionError: null
		at org.junit.Assert.fail(Assert.java:86)
		at org.junit.Assert.assertTrue(Assert.java:41)
		at org.junit.Assert.assertTrue(Assert.java:52)
		at se.redmind.rmtest.selenium.example.CreateRandomRes3.random14(CreateRandomRes3.java:128)
	</failure>
</testcase>
<testcase name="random1[IOS_4_iPhone 3Gs_firefox_31]" classname="se.redmind.rmtest.selenium.example.RandomClass9(20150125-080114)" time="0.43437982"/>
<testcase name="random1[IOS_4_iPhone 3Gs_chrome_42]" classname="se.redmind.rmtest.selenium.example.RandomClass9(20150125-080114)" time="1.8049415"/>
<testcase name="random1[IOS_4_iPhone 3Gs_explorer_10]" classname="se.redmind.rmtest.selenium.example.RandomClass9(20150125-080114)" time="0.7775916">
	<failure type="java.lang.AssertionError:">java.lang.AssertionError: null
		at org.junit.Assert.fail(Assert.java:86)
		at org.junit.Assert.assertTrue(Assert.java:41)
		at org.junit.Assert.assertTrue(Assert.java:52)
		at se.redmind.rmtest.selenium.example.CreateRandomRes3.random14(CreateRandomRes3.java:128)
	</failure>
</testcase>
<testcase name="random1[IOS_4_iPhone 3Gs_opera_15]" classname="se.redmind.rmtest.selenium.example.RandomClass9(20150125-080114)" time="1.7367">
	<failure type="java.lang.AssertionError:">java.lang.AssertionError: null
		at org.junit.Assert.fail(Assert.java:86)
		at org.junit.Assert.assertTrue(Assert.java:41)
		at org.junit.Assert.assertTrue(Assert.java:52)
		at se.redmind.rmtest.selenium.example.CreateRandomRes3.random14(CreateRandomRes3.java:128)
	</failure>
</testcase>
<testcase name="random1[Windows_8.1_UNKNOWN_firefox_31]" classname="se.redmind.rmtest.selenium.example.RandomClass9(20150125-080114)" time="1.6643206">
	<failure type="java.lang.AssertionError:">java.lang.AssertionError: null
		at org.junit.Assert.fail(Assert.java:86)
		at org.junit.Assert.assertTrue(Assert.java:41)
		at org.junit.Assert.assertTrue(Assert.java:52)
		at se.redmind.rmtest.selenium.example.CreateRandomRes3.random14(CreateRandomRes3.java:128)
	</failure>
</testcase>
<testcase name="random1[Windows_8.1_UNKNOWN_chrome_42]" classname="se.redmind.rmtest.selenium.example.RandomClass9(20150125-080114)" time="1.5144448">
	<failure type="java.lang.AssertionError:">java.lang.AssertionError: null
		at org.junit.Assert.fail(Assert.java:86)
		at org.junit.Assert.assertTrue(Assert.java:41)
		at org.junit.Assert.assertTrue(Assert.java:52)
		at se.redmind.rmtest.selenium.example.CreateRandomRes3.random14(CreateRandomRes3.java:128)
	</failure>
</testcase>
<testcase name="random1[Windows_8.1_UNKNOWN_explorer_10]" classname="se.redmind.rmtest.selenium.example.RandomClass9(20150125-080114)" time="0.93420935"/>
<testcase name="random1[Windows_8.1_UNKNOWN_opera_15]" classname="se.redmind.rmtest.selenium.example.RandomClass9(20150125-080114)" time="0.39748907">
	<failure type="java.lang.AssertionError:">java.lang.AssertionError: null
		at org.junit.Assert.fail(Assert.java:86)
		at org.junit.Assert.assertTrue(Assert.java:41)
		at org.junit.Assert.assertTrue(Assert.java:52)
		at se.redmind.rmtest.selenium.example.CreateRandomRes3.random14(CreateRandomRes3.java:128)
	</failure>
</testcase>
<testcase name="random1[Windows_10_UNKNOWN_firefox_31]" classname="se.redmind.rmtest.selenium.example.RandomClass9(20150125-080114)" time="0.62442875"/>
<testcase name="random1[Windows_10_UNKNOWN_chrome_42]" classname="se.redmind.rmtest.selenium.example.RandomClass9(20150125-080114)" time="1.4660647">
	<failure type="java.lang.AssertionError:">java.lang.AssertionError: null
		at org.junit.Assert.fail(Assert.java:86)
		at org.junit.Assert.assertTrue(Assert.java:41)
		at org.junit.Assert.assertTrue(Assert.java:52)
		at se.redmind.rmtest.selenium.example.CreateRandomRes3.random14(CreateRandomRes3.java:128)
	</failure>
</testcase>
<testcase name="random1[Windows_10_UNKNOWN_explorer_10]" classname="se.redmind.rmtest.selenium.example.RandomClass9(20150125-080114)" time="1.4305015"/>
<testcase name="random1[Windows_10_UNKNOWN_opera_15]" classname="se.redmind.rmtest.selenium.example.RandomClass9(20150125-080114)" time="1.0818397"/>
<testcase name="random1[Ubuntu_12.10_UNKNOWN_firefox_31]" classname="se.redmind.rmtest.selenium.example.RandomClass9(20150125-080114)" time="1.8367252"/>
<testcase name="random1[Ubuntu_12.10_UNKNOWN_chrome_42]" classname="se.redmind.rmtest.selenium.example.RandomClass9(20150125-080114)" time="1.7328304"/>
<testcase name="random1[Ubuntu_12.10_UNKNOWN_explorer_10]" classname="se.redmind.rmtest.selenium.example.RandomClass9(20150125-080114)" time="1.9694284"/>
<testcase name="random1[Ubuntu_12.10_UNKNOWN_opera_15]" classname="se.redmind.rmtest.selenium.example.RandomClass9(20150125-080114)" time="0.44792175"/>
<testcase name="random2[Android_4.4.4_HTC ONE_firefox_31]" classname="se.redmind.rmtest.selenium.example.RandomClass9(20150125-080114)" time="1.8227847"/>
<testcase name="random2[Android_4.4.4_HTC ONE_chrome_42]" classname="se.redmind.rmtest.selenium.example.RandomClass9(20150125-080114)" time="0.9985074">
	<failure type="java.lang.AssertionError:">java.lang.AssertionError: null
		at org.junit.Assert.fail(Assert.java:86)
		at org.junit.Assert.assertTrue(Assert.java:41)
		at org.junit.Assert.assertTrue(Assert.java:52)
		at se.redmind.rmtest.selenium.example.CreateRandomRes3.random14(CreateRandomRes3.java:128)
	</failure>
</testcase>
<testcase name="random2[Android_4.4.4_HTC ONE_explorer_10]" classname="se.redmind.rmtest.selenium.example.RandomClass9(20150125-080114)" time="1.4901564">
	<failure type="java.lang.AssertionError:">java.lang.AssertionError: null
		at org.junit.Assert.fail(Assert.java:86)
		at org.junit.Assert.assertTrue(Assert.java:41)
		at org.junit.Assert.assertTrue(Assert.java:52)
		at se.redmind.rmtest.selenium.example.CreateRandomRes3.random14(CreateRandomRes3.java:128)
	</failure>
</testcase>
<testcase name="random2[Android_4.4.4_HTC ONE_opera_15]" classname="se.redmind.rmtest.selenium.example.RandomClass9(20150125-080114)" time="0.8095335">
	<failure type="java.lang.AssertionError:">java.lang.AssertionError: null
		at org.junit.Assert.fail(Assert.java:86)
		at org.junit.Assert.assertTrue(Assert.java:41)
		at org.junit.Assert.assertTrue(Assert.java:52)
		at se.redmind.rmtest.selenium.example.CreateRandomRes3.random14(CreateRandomRes3.java:128)
	</failure>
</testcase>
<testcase name="random2[Android_2.3_VeiVei_firefox_31]" classname="se.redmind.rmtest.selenium.example.RandomClass9(20150125-080114)" time="1.1752118">
	<failure type="java.lang.AssertionError:">java.lang.AssertionError: null
		at org.junit.Assert.fail(Assert.java:86)
		at org.junit.Assert.assertTrue(Assert.java:41)
		at org.junit.Assert.assertTrue(Assert.java:52)
		at se.redmind.rmtest.selenium.example.CreateRandomRes3.random14(CreateRandomRes3.java:128)
	</failure>
</testcase>
<testcase name="random2[Android_2.3_VeiVei_chrome_42]" classname="se.redmind.rmtest.selenium.example.RandomClass9(20150125-080114)" time="1.5170988">
	<failure type="java.lang.AssertionError:">java.lang.AssertionError: null
		at org.junit.Assert.fail(Assert.java:86)
		at org.junit.Assert.assertTrue(Assert.java:41)
		at org.junit.Assert.assertTrue(Assert.java:52)
		at se.redmind.rmtest.selenium.example.CreateRandomRes3.random14(CreateRandomRes3.java:128)
	</failure>
</testcase>
<testcase name="random2[Android_2.3_VeiVei_explorer_10]" classname="se.redmind.rmtest.selenium.example.RandomClass9(20150125-080114)" time="0.6833149"/>
<testcase name="random2[Android_2.3_VeiVei_opera_15]" classname="se.redmind.rmtest.selenium.example.RandomClass9(20150125-080114)" time="0.824952"/>
<testcase name="random2[IOS_8.2_iPhone 6_firefox_31]" classname="se.redmind.rmtest.selenium.example.RandomClass9(20150125-080114)" time="0.12260711">
	<failure type="java.lang.AssertionError:">java.lang.AssertionError: null
		at org.junit.Assert.fail(Assert.java:86)
		at org.junit.Assert.assertTrue(Assert.java:41)
		at org.junit.Assert.assertTrue(Assert.java:52)
		at se.redmind.rmtest.selenium.example.CreateRandomRes3.random14(CreateRandomRes3.java:128)
	</failure>
</testcase>
<testcase name="random2[IOS_8.2_iPhone 6_chrome_42]" classname="se.redmind.rmtest.selenium.example.RandomClass9(20150125-080114)" time="1.5613248">
	<failure type="java.lang.AssertionError:">java.lang.AssertionError: null
		at org.junit.Assert.fail(Assert.java:86)
		at org.junit.Assert.assertTrue(Assert.java:41)
		at org.junit.Assert.assertTrue(Assert.java:52)
		at se.redmind.rmtest.selenium.example.CreateRandomRes3.random14(CreateRandomRes3.java:128)
	</failure>
</testcase>
<testcase name="random2[IOS_8.2_iPhone 6_explorer_10]" classname="se.redmind.rmtest.selenium.example.RandomClass9(20150125-080114)" time="0.6710936">
	<failure type="java.lang.AssertionError:">java.lang.AssertionError: null
		at org.junit.Assert.fail(Assert.java:86)
		at org.junit.Assert.assertTrue(Assert.java:41)
		at org.junit.Assert.assertTrue(Assert.java:52)
		at se.redmind.rmtest.selenium.example.CreateRandomRes3.random14(CreateRandomRes3.java:128)
	</failure>
</testcase>
<testcase name="random2[IOS_8.2_iPhone 6_opera_15]" classname="se.redmind.rmtest.selenium.example.RandomClass9(20150125-080114)" time="0.16308057"/>
<testcase name="random2[IOS_4_iPhone 3Gs_firefox_31]" classname="se.redmind.rmtest.selenium.example.RandomClass9(20150125-080114)" time="1.2558917"/>
<testcase name="random2[IOS_4_iPhone 3Gs_chrome_42]" classname="se.redmind.rmtest.selenium.example.RandomClass9(20150125-080114)" time="0.06254828"/>
<testcase name="random2[IOS_4_iPhone 3Gs_explorer_10]" classname="se.redmind.rmtest.selenium.example.RandomClass9(20150125-080114)" time="0.30228448"/>
<testcase name="random2[IOS_4_iPhone 3Gs_opera_15]" classname="se.redmind.rmtest.selenium.example.RandomClass9(20150125-080114)" time="0.16652966"/>
<testcase name="random2[Windows_8.1_UNKNOWN_firefox_31]" classname="se.redmind.rmtest.selenium.example.RandomClass9(20150125-080114)" time="0.934989">
	<failure type="java.lang.AssertionError:">java.lang.AssertionError: null
		at org.junit.Assert.fail(Assert.java:86)
		at org.junit.Assert.assertTrue(Assert.java:41)
		at org.junit.Assert.assertTrue(Assert.java:52)
		at se.redmind.rmtest.selenium.example.CreateRandomRes3.random14(CreateRandomRes3.java:128)
	</failure>
</testcase>
<testcase name="random2[Windows_8.1_UNKNOWN_chrome_42]" classname="se.redmind.rmtest.selenium.example.RandomClass9(20150125-080114)" time="0.032948136">
	<failure type="java.lang.AssertionError:">java.lang.AssertionError: null
		at org.junit.Assert.fail(Assert.java:86)
		at org.junit.Assert.assertTrue(Assert.java:41)
		at org.junit.Assert.assertTrue(Assert.java:52)
		at se.redmind.rmtest.selenium.example.CreateRandomRes3.random14(CreateRandomRes3.java:128)
	</failure>
</testcase>
<testcase name="random2[Windows_8.1_UNKNOWN_explorer_10]" classname="se.redmind.rmtest.selenium.example.RandomClass9(20150125-080114)" time="1.1751971"/>
<testcase name="random2[Windows_8.1_UNKNOWN_opera_15]" classname="se.redmind.rmtest.selenium.example.RandomClass9(20150125-080114)" time="0.32017612"/>
<testcase name="random2[Windows_10_UNKNOWN_firefox_31]" classname="se.redmind.rmtest.selenium.example.RandomClass9(20150125-080114)" time="1.8281162"/>
<testcase name="random2[Windows_10_UNKNOWN_chrome_42]" classname="se.redmind.rmtest.selenium.example.RandomClass9(20150125-080114)" time="1.2265633"/>
<testcase name="random2[Windows_10_UNKNOWN_explorer_10]" classname="se.redmind.rmtest.selenium.example.RandomClass9(20150125-080114)" time="0.8223587"/>
<testcase name="random2[Windows_10_UNKNOWN_opera_15]" classname="se.redmind.rmtest.selenium.example.RandomClass9(20150125-080114)" time="1.6270605"/>
<testcase name="random2[Ubuntu_12.10_UNKNOWN_firefox_31]" classname="se.redmind.rmtest.selenium.example.RandomClass9(20150125-080114)" time="0.9807141"/>
<testcase name="random2[Ubuntu_12.10_UNKNOWN_chrome_42]" classname="se.redmind.rmtest.selenium.example.RandomClass9(20150125-080114)" time="1.0443488"/>
<testcase name="random2[Ubuntu_12.10_UNKNOWN_explorer_10]" classname="se.redmind.rmtest.selenium.example.RandomClass9(20150125-080114)" time="1.0591255"/>
<testcase name="random2[Ubuntu_12.10_UNKNOWN_opera_15]" classname="se.redmind.rmtest.selenium.example.RandomClass9(20150125-080114)" time="1.1097213"/>
<testcase name="random3[Android_4.4.4_HTC ONE_firefox_31]" classname="se.redmind.rmtest.selenium.example.RandomClass9(20150125-080114)" time="1.4285797">
	<failure type="java.lang.AssertionError:">java.lang.AssertionError: null
		at org.junit.Assert.fail(Assert.java:86)
		at org.junit.Assert.assertTrue(Assert.java:41)
		at org.junit.Assert.assertTrue(Assert.java:52)
		at se.redmind.rmtest.selenium.example.CreateRandomRes3.random14(CreateRandomRes3.java:128)
	</failure>
</testcase>
<testcase name="random3[Android_4.4.4_HTC ONE_chrome_42]" classname="se.redmind.rmtest.selenium.example.RandomClass9(20150125-080114)" time="1.0802455"/>
<testcase name="random3[Android_4.4.4_HTC ONE_explorer_10]" classname="se.redmind.rmtest.selenium.example.RandomClass9(20150125-080114)" time="0.6500801">
	<failure type="java.lang.AssertionError:">java.lang.AssertionError: null
		at org.junit.Assert.fail(Assert.java:86)
		at org.junit.Assert.assertTrue(Assert.java:41)
		at org.junit.Assert.assertTrue(Assert.java:52)
		at se.redmind.rmtest.selenium.example.CreateRandomRes3.random14(CreateRandomRes3.java:128)
	</failure>
</testcase>
<testcase name="random3[Android_4.4.4_HTC ONE_opera_15]" classname="se.redmind.rmtest.selenium.example.RandomClass9(20150125-080114)" time="1.356955"/>
<testcase name="random3[Android_2.3_VeiVei_firefox_31]" classname="se.redmind.rmtest.selenium.example.RandomClass9(20150125-080114)" time="1.1089065">
	<error type="java.lang.AssertionError:">java.lang.AssertionError: null
		at org.junit.Assert.fail(Assert.java:86)
		at org.junit.Assert.assertTrue(Assert.java:41)
		at org.junit.Assert.assertTrue(Assert.java:52)
		at se.redmind.rmtest.selenium.example.CreateRandomRes3.random14(CreateRandomRes3.java:128)
	</error>
</testcase>
<testcase name="random3[Android_2.3_VeiVei_chrome_42]" classname="se.redmind.rmtest.selenium.example.RandomClass9(20150125-080114)" time="0.62401474"/>
<testcase name="random3[Android_2.3_VeiVei_explorer_10]" classname="se.redmind.rmtest.selenium.example.RandomClass9(20150125-080114)" time="1.8313993"/>
<testcase name="random3[Android_2.3_VeiVei_opera_15]" classname="se.redmind.rmtest.selenium.example.RandomClass9(20150125-080114)" time="0.44092786"/>
<testcase name="random3[IOS_8.2_iPhone 6_firefox_31]" classname="se.redmind.rmtest.selenium.example.RandomClass9(20150125-080114)" time="1.1955377"/>
<testcase name="random3[IOS_8.2_iPhone 6_chrome_42]" classname="se.redmind.rmtest.selenium.example.RandomClass9(20150125-080114)" time="1.9430851"/>
<testcase name="random3[IOS_8.2_iPhone 6_explorer_10]" classname="se.redmind.rmtest.selenium.example.RandomClass9(20150125-080114)" time="1.969845"/>
<testcase name="random3[IOS_8.2_iPhone 6_opera_15]" classname="se.redmind.rmtest.selenium.example.RandomClass9(20150125-080114)" time="0.27705133"/>
<testcase name="random3[IOS_4_iPhone 3Gs_firefox_31]" classname="se.redmind.rmtest.selenium.example.RandomClass9(20150125-080114)" time="0.37198138">
<skipped/>
</testcase>
<testcase name="random3[IOS_4_iPhone 3Gs_firefox_31]" classname="se.redmind.rmtest.selenium.example.RandomClass9(20150125-080114)" time="0.25571525"/>
<testcase name="random3[IOS_4_iPhone 3Gs_chrome_42]" classname="se.redmind.rmtest.selenium.example.RandomClass9(20150125-080114)" time="0.7609185">
<skipped/>
</testcase>
<testcase name="random3[IOS_4_iPhone 3Gs_chrome_42]" classname="se.redmind.rmtest.selenium.example.RandomClass9(20150125-080114)" time="0.88744354"/>
<testcase name="random3[IOS_4_iPhone 3Gs_explorer_10]" classname="se.redmind.rmtest.selenium.example.RandomClass9(20150125-080114)" time="1.0090407">
<skipped/>
</testcase>
<testcase name="random3[IOS_4_iPhone 3Gs_explorer_10]" classname="se.redmind.rmtest.selenium.example.RandomClass9(20150125-080114)" time="1.8729603">
	<failure type="java.lang.AssertionError:">java.lang.AssertionError: null
		at org.junit.Assert.fail(Assert.java:86)
		at org.junit.Assert.assertTrue(Assert.java:41)
		at org.junit.Assert.assertTrue(Assert.java:52)
		at se.redmind.rmtest.selenium.example.CreateRandomRes3.random14(CreateRandomRes3.java:128)
	</failure>
</testcase>
<testcase name="random3[IOS_4_iPhone 3Gs_opera_15]" classname="se.redmind.rmtest.selenium.example.RandomClass9(20150125-080114)" time="1.6438075">
<skipped/>
</testcase>
<testcase name="random3[IOS_4_iPhone 3Gs_opera_15]" classname="se.redmind.rmtest.selenium.example.RandomClass9(20150125-080114)" time="0.20968139"/>
<testcase name="random3[Windows_8.1_UNKNOWN_firefox_31]" classname="se.redmind.rmtest.selenium.example.RandomClass9(20150125-080114)" time="0.052346706">
	<failure type="java.lang.AssertionError:">java.lang.AssertionError: null
		at org.junit.Assert.fail(Assert.java:86)
		at org.junit.Assert.assertTrue(Assert.java:41)
		at org.junit.Assert.assertTrue(Assert.java:52)
		at se.redmind.rmtest.selenium.example.CreateRandomRes3.random14(CreateRandomRes3.java:128)
	</failure>
</testcase>
<testcase name="random3[Windows_8.1_UNKNOWN_chrome_42]" classname="se.redmind.rmtest.selenium.example.RandomClass9(20150125-080114)" time="1.4427238">
	<failure type="java.lang.AssertionError:">java.lang.AssertionError: null
		at org.junit.Assert.fail(Assert.java:86)
		at org.junit.Assert.assertTrue(Assert.java:41)
		at org.junit.Assert.assertTrue(Assert.java:52)
		at se.redmind.rmtest.selenium.example.CreateRandomRes3.random14(CreateRandomRes3.java:128)
	</failure>
</testcase>
<testcase name="random3[Windows_8.1_UNKNOWN_explorer_10]" classname="se.redmind.rmtest.selenium.example.RandomClass9(20150125-080114)" time="1.5563607">
	<failure type="java.lang.AssertionError:">java.lang.AssertionError: null
		at org.junit.Assert.fail(Assert.java:86)
		at org.junit.Assert.assertTrue(Assert.java:41)
		at org.junit.Assert.assertTrue(Assert.java:52)
		at se.redmind.rmtest.selenium.example.CreateRandomRes3.random14(CreateRandomRes3.java:128)
	</failure>
</testcase>
<testcase name="random3[Windows_8.1_UNKNOWN_opera_15]" classname="se.redmind.rmtest.selenium.example.RandomClass9(20150125-080114)" time="0.38708246"/>
<testcase name="random3[Windows_10_UNKNOWN_firefox_31]" classname="se.redmind.rmtest.selenium.example.RandomClass9(20150125-080114)" time="1.0487839"/>
<testcase name="random3[Windows_10_UNKNOWN_chrome_42]" classname="se.redmind.rmtest.selenium.example.RandomClass9(20150125-080114)" time="1.3656358"/>
<testcase name="random3[Windows_10_UNKNOWN_explorer_10]" classname="se.redmind.rmtest.selenium.example.RandomClass9(20150125-080114)" time="1.5833579"/>
<testcase name="random3[Windows_10_UNKNOWN_opera_15]" classname="se.redmind.rmtest.selenium.example.RandomClass9(20150125-080114)" time="0.5385834">
	<failure type="java.lang.AssertionError:">java.lang.AssertionError: null
		at org.junit.Assert.fail(Assert.java:86)
		at org.junit.Assert.assertTrue(Assert.java:41)
		at org.junit.Assert.assertTrue(Assert.java:52)
		at se.redmind.rmtest.selenium.example.CreateRandomRes3.random14(CreateRandomRes3.java:128)
	</failure>
</testcase>
<testcase name="random3[Ubuntu_12.10_UNKNOWN_firefox_31]" classname="se.redmind.rmtest.selenium.example.RandomClass9(20150125-080114)" time="0.17636299">
	<failure type="java.lang.AssertionError:">java.lang.AssertionError: null
		at org.junit.Assert.fail(Assert.java:86)
		at org.junit.Assert.assertTrue(Assert.java:41)
		at org.junit.Assert.assertTrue(Assert.java:52)
		at se.redmind.rmtest.selenium.example.CreateRandomRes3.random14(CreateRandomRes3.java:128)
	</failure>
</testcase>
<testcase name="random3[Ubuntu_12.10_UNKNOWN_chrome_42]" classname="se.redmind.rmtest.selenium.example.RandomClass9(20150125-080114)" time="0.67054224"/>
<testcase name="random3[Ubuntu_12.10_UNKNOWN_explorer_10]" classname="se.redmind.rmtest.selenium.example.RandomClass9(20150125-080114)" time="1.0005918">
	<failure type="java.lang.AssertionError:">java.lang.AssertionError: null
		at org.junit.Assert.fail(Assert.java:86)
		at org.junit.Assert.assertTrue(Assert.java:41)
		at org.junit.Assert.assertTrue(Assert.java:52)
		at se.redmind.rmtest.selenium.example.CreateRandomRes3.random14(CreateRandomRes3.java:128)
	</failure>
</testcase>
<testcase name="random3[Ubuntu_12.10_UNKNOWN_opera_15]" classname="se.redmind.rmtest.selenium.example.RandomClass9(20150125-080114)" time="1.1710364"/>
<testcase name="random4[Android_4.4.4_HTC ONE_firefox_31]" classname="se.redmind.rmtest.selenium.example.RandomClass9(20150125-080114)" time="1.0325139"/>
<testcase name="random4[Android_4.4.4_HTC ONE_chrome_42]" classname="se.redmind.rmtest.selenium.example.RandomClass9(20150125-080114)" time="1.299971">
	<failure type="java.lang.AssertionError:">java.lang.AssertionError: null
		at org.junit.Assert.fail(Assert.java:86)
		at org.junit.Assert.assertTrue(Assert.java:41)
		at org.junit.Assert.assertTrue(Assert.java:52)
		at se.redmind.rmtest.selenium.example.CreateRandomRes3.random14(CreateRandomRes3.java:128)
	</failure>
</testcase>
<testcase name="random4[Android_4.4.4_HTC ONE_explorer_10]" classname="se.redmind.rmtest.selenium.example.RandomClass9(20150125-080114)" time="0.7894157">
	<failure type="java.lang.AssertionError:">java.lang.AssertionError: null
		at org.junit.Assert.fail(Assert.java:86)
		at org.junit.Assert.assertTrue(Assert.java:41)
		at org.junit.Assert.assertTrue(Assert.java:52)
		at se.redmind.rmtest.selenium.example.CreateRandomRes3.random14(CreateRandomRes3.java:128)
	</failure>
</testcase>
<testcase name="random4[Android_4.4.4_HTC ONE_opera_15]" classname="se.redmind.rmtest.selenium.example.RandomClass9(20150125-080114)" time="1.7021319"/>
<testcase name="random4[Android_2.3_VeiVei_firefox_31]" classname="se.redmind.rmtest.selenium.example.RandomClass9(20150125-080114)" time="1.1298872">
	<failure type="java.lang.AssertionError:">java.lang.AssertionError: null
		at org.junit.Assert.fail(Assert.java:86)
		at org.junit.Assert.assertTrue(Assert.java:41)
		at org.junit.Assert.assertTrue(Assert.java:52)
		at se.redmind.rmtest.selenium.example.CreateRandomRes3.random14(CreateRandomRes3.java:128)
	</failure>
</testcase>
<testcase name="random4[Android_2.3_VeiVei_chrome_42]" classname="se.redmind.rmtest.selenium.example.RandomClass9(20150125-080114)" time="1.6704631"/>
<testcase name="random4[Android_2.3_VeiVei_explorer_10]" classname="se.redmind.rmtest.selenium.example.RandomClass9(20150125-080114)" time="1.1578339"/>
<testcase name="random4[Android_2.3_VeiVei_opera_15]" classname="se.redmind.rmtest.selenium.example.RandomClass9(20150125-080114)" time="1.583474"/>
<testcase name="random4[IOS_8.2_iPhone 6_firefox_31]" classname="se.redmind.rmtest.selenium.example.RandomClass9(20150125-080114)" time="0.08554506">
	<failure type="java.lang.AssertionError:">java.lang.AssertionError: null
		at org.junit.Assert.fail(Assert.java:86)
		at org.junit.Assert.assertTrue(Assert.java:41)
		at org.junit.Assert.assertTrue(Assert.java:52)
		at se.redmind.rmtest.selenium.example.CreateRandomRes3.random14(CreateRandomRes3.java:128)
	</failure>
</testcase>
<testcase name="random4[IOS_8.2_iPhone 6_chrome_42]" classname="se.redmind.rmtest.selenium.example.RandomClass9(20150125-080114)" time="0.63906956"/>
<testcase name="random4[IOS_8.2_iPhone 6_explorer_10]" classname="se.redmind.rmtest.selenium.example.RandomClass9(20150125-080114)" time="1.657728">
	<failure type="java.lang.AssertionError:">java.lang.AssertionError: null
		at org.junit.Assert.fail(Assert.java:86)
		at org.junit.Assert.assertTrue(Assert.java:41)
		at org.junit.Assert.assertTrue(Assert.java:52)
		at se.redmind.rmtest.selenium.example.CreateRandomRes3.random14(CreateRandomRes3.java:128)
	</failure>
</testcase>
<testcase name="random4[IOS_8.2_iPhone 6_opera_15]" classname="se.redmind.rmtest.selenium.example.RandomClass9(20150125-080114)" time="0.81962657"/>
<testcase name="random4[IOS_4_iPhone 3Gs_firefox_31]" classname="se.redmind.rmtest.selenium.example.RandomClass9(20150125-080114)" time="1.6058317"/>
<testcase name="random4[IOS_4_iPhone 3Gs_chrome_42]" classname="se.redmind.rmtest.selenium.example.RandomClass9(20150125-080114)" time="1.773319"/>
<testcase name="random4[IOS_4_iPhone 3Gs_explorer_10]" classname="se.redmind.rmtest.selenium.example.RandomClass9(20150125-080114)" time="1.1513543"/>
<testcase name="random4[IOS_4_iPhone 3Gs_opera_15]" classname="se.redmind.rmtest.selenium.example.RandomClass9(20150125-080114)" time="0.90954673"/>
<testcase name="random4[Windows_8.1_UNKNOWN_firefox_31]" classname="se.redmind.rmtest.selenium.example.RandomClass9(20150125-080114)" time="0.26369417"/>
<testcase name="random4[Windows_8.1_UNKNOWN_chrome_42]" classname="se.redmind.rmtest.selenium.example.RandomClass9(20150125-080114)" time="0.59192705">
	<failure type="java.lang.AssertionError:">java.lang.AssertionError: null
		at org.junit.Assert.fail(Assert.java:86)
		at org.junit.Assert.assertTrue(Assert.java:41)
		at org.junit.Assert.assertTrue(Assert.java:52)
		at se.redmind.rmtest.selenium.example.CreateRandomRes3.random14(CreateRandomRes3.java:128)
	</failure>
</testcase>
<testcase name="random4[Windows_8.1_UNKNOWN_explorer_10]" classname="se.redmind.rmtest.selenium.example.RandomClass9(20150125-080114)" time="1.1686316">
	<failure type="java.lang.AssertionError:">java.lang.AssertionError: null
		at org.junit.Assert.fail(Assert.java:86)
		at org.junit.Assert.assertTrue(Assert.java:41)
		at org.junit.Assert.assertTrue(Assert.java:52)
		at se.redmind.rmtest.selenium.example.CreateRandomRes3.random14(CreateRandomRes3.java:128)
	</failure>
</testcase>
<testcase name="random4[Windows_8.1_UNKNOWN_opera_15]" classname="se.redmind.rmtest.selenium.example.RandomClass9(20150125-080114)" time="1.6275179"/>
<testcase name="random4[Windows_10_UNKNOWN_firefox_31]" classname="se.redmind.rmtest.selenium.example.RandomClass9(20150125-080114)" time="0.12024152"/>
<testcase name="random4[Windows_10_UNKNOWN_chrome_42]" classname="se.redmind.rmtest.selenium.example.RandomClass9(20150125-080114)" time="0.80449116"/>
<testcase name="random4[Windows_10_UNKNOWN_explorer_10]" classname="se.redmind.rmtest.selenium.example.RandomClass9(20150125-080114)" time="0.79272664"/>
<testcase name="random4[Windows_10_UNKNOWN_opera_15]" classname="se.redmind.rmtest.selenium.example.RandomClass9(20150125-080114)" time="1.5055625">
	<failure type="java.lang.AssertionError:">java.lang.AssertionError: null
		at org.junit.Assert.fail(Assert.java:86)
		at org.junit.Assert.assertTrue(Assert.java:41)
		at org.junit.Assert.assertTrue(Assert.java:52)
		at se.redmind.rmtest.selenium.example.CreateRandomRes3.random14(CreateRandomRes3.java:128)
	</failure>
</testcase>
<testcase name="random4[Ubuntu_12.10_UNKNOWN_firefox_31]" classname="se.redmind.rmtest.selenium.example.RandomClass9(20150125-080114)" time="0.6276301"/>
<testcase name="random4[Ubuntu_12.10_UNKNOWN_chrome_42]" classname="se.redmind.rmtest.selenium.example.RandomClass9(20150125-080114)" time="1.5835031"/>
<testcase name="random4[Ubuntu_12.10_UNKNOWN_explorer_10]" classname="se.redmind.rmtest.selenium.example.RandomClass9(20150125-080114)" time="0.7004422"/>
<testcase name="random4[Ubuntu_12.10_UNKNOWN_opera_15]" classname="se.redmind.rmtest.selenium.example.RandomClass9(20150125-080114)" time="1.0162331">
	<failure type="java.lang.AssertionError:">java.lang.AssertionError: null
		at org.junit.Assert.fail(Assert.java:86)
		at org.junit.Assert.assertTrue(Assert.java:41)
		at org.junit.Assert.assertTrue(Assert.java:52)
		at se.redmind.rmtest.selenium.example.CreateRandomRes3.random14(CreateRandomRes3.java:128)
	</failure>
</testcase>
</testsuite>