<?xml version="1.0" encoding="UTF-8"?>
<testsuite name="test.java.se.redmind.rmtest.selenium.example.AnotherGeneratedSuite(20150317-080346)" time="0.0" tests="0" errors="0" skipped="0" failures="0">
  <properties>
    <property name="java.runtime.name" value="Java(TM) SE Runtime Environment"/>
    <property name="sun.boot.library.path" value="/Library/Java/JavaVirtualMachines/jdk1.8.0_25.jdk/Contents/Home/jre/lib"/>
    <property name="java.vm.version" value="25.25-b02"/>
    <property name="gopherProxySet" value="false"/>
    <property name="java.vm.vendor" value="Oracle Corporation"/>
    <property name="java.vendor.url" value="http://java.oracle.com/"/>
    <property name="path.separator" value=":"/>
    <property name="guice.disable.misplaced.annotation.check" value="true"/>
    <property name="java.vm.name" value="Java HotSpot(TM) 64-Bit Server VM"/>
    <property name="file.encoding.pkg" value="sun.io"/>
    <property name="user.country" value="SE"/>
    <property name="sun.java.launcher" value="SUN_STANDARD"/>
    <property name="sun.os.patch.level" value="unknown"/>
    <property name="java.vm.specification.name" value="Java Virtual Machine Specification"/>
    <property name="user.dir" value="/Users/gustavholfve/redmind/RMTest"/>
    <property name="java.runtime.version" value="1.8.0_25-b17"/>
    <property name="java.awt.graphicsenv" value="sun.awt.CGraphicsEnvironment"/>
    <property name="java.endorsed.dirs" value="/Library/Java/JavaVirtualMachines/jdk1.8.0_25.jdk/Contents/Home/jre/lib/endorsed"/>
    <property name="os.arch" value="x86_64"/>
    <property name="java.io.tmpdir" value="/var/folders/g6/ynxs0t3j7r15myt344kjfly00000gn/T/"/>
    <property name="line.separator" value="&#10;"/>
    <property name="java.vm.specification.vendor" value="Oracle Corporation"/>
    <property name="os.name" value="Mac OS X"/>
    <property name="classworlds.conf" value="/Users/gustavholfve/Documents/RMTest/.metadata/.plugins/org.eclipse.m2e.launching/launches/m2conf4824253298632382667.tmp"/>
    <property name="sun.jnu.encoding" value="UTF-8"/>
    <property name="java.library.path" value="/Users/gustavholfve/Library/Java/Extensions:/Library/Java/Extensions:/Network/Library/Java/Extensions:/System/Library/Java/Extensions:/usr/lib/java:."/>
    <property name="java.specification.name" value="Java Platform API Specification"/>
    <property name="java.class.version" value="52.0"/>
    <property name="sun.management.compiler" value="HotSpot 64-Bit Tiered Compilers"/>
    <property name="os.version" value="10.9.5"/>
    <property name="http.nonProxyHosts" value="local|*.local|169.254/16|*.169.254/16"/>
    <property name="user.home" value="/Users/gustavholfve"/>
    <property name="user.timezone" value="Europe/Stockholm"/>
    <property name="java.awt.printerjob" value="sun.lwawt.macosx.CPrinterJob"/>
    <property name="java.specification.version" value="1.8"/>
    <property name="file.encoding" value="UTF-8"/>
    <property name="user.name" value="gustavholfve"/>
    <property name="java.class.path" value="/Users/gustavholfve/Downloads/eclipse 4/plugins/org.eclipse.m2e.maven.runtime_1.5.0.20140605-2032/jars/plexus-classworlds-2.5.1.jar"/>
    <property name="org.slf4j.simpleLogger.defaultLogLevel" value="info"/>
    <property name="java.vm.specification.version" value="1.8"/>
    <property name="sun.arch.data.model" value="64"/>
    <property name="java.home" value="/Library/Java/JavaVirtualMachines/jdk1.8.0_25.jdk/Contents/Home/jre"/>
    <property name="sun.java.command" value="org.codehaus.plexus.classworlds.launcher.Launcher -B test"/>
    <property name="java.specification.vendor" value="Oracle Corporation"/>
    <property name="user.language" value="sv"/>
    <property name="awt.toolkit" value="sun.lwawt.macosx.LWCToolkit"/>
    <property name="java.vm.info" value="mixed mode"/>
    <property name="java.version" value="1.8.0_25"/>
    <property name="java.ext.dirs" value="/Users/gustavholfve/Library/Java/Extensions:/Library/Java/JavaVirtualMachines/jdk1.8.0_25.jdk/Contents/Home/jre/lib/ext:/Library/Java/Extensions:/Network/Library/Java/Extensions:/System/Library/Java/Extensions:/usr/lib/java"/>
    <property name="sun.boot.class.path" value="/Library/Java/JavaVirtualMachines/jdk1.8.0_25.jdk/Contents/Home/jre/lib/resources.jar:/Library/Java/JavaVirtualMachines/jdk1.8.0_25.jdk/Contents/Home/jre/lib/rt.jar:/Library/Java/JavaVirtualMachines/jdk1.8.0_25.jdk/Contents/Home/jre/lib/sunrsasign.jar:/Library/Java/JavaVirtualMachines/jdk1.8.0_25.jdk/Contents/Home/jre/lib/jsse.jar:/Library/Java/JavaVirtualMachines/jdk1.8.0_25.jdk/Contents/Home/jre/lib/jce.jar:/Library/Java/JavaVirtualMachines/jdk1.8.0_25.jdk/Contents/Home/jre/lib/charsets.jar:/Library/Java/JavaVirtualMachines/jdk1.8.0_25.jdk/Contents/Home/jre/lib/jfr.jar:/Library/Java/JavaVirtualMachines/jdk1.8.0_25.jdk/Contents/Home/jre/classes"/>
    <property name="java.vendor" value="Oracle Corporation"/>
    <property name="maven.home" value="/Users/gustavholfve/redmind/RMTest/EMBEDDED"/>
    <property name="file.separator" value="/"/>
    <property name="java.vendor.url.bug" value="http://bugreport.sun.com/bugreport/"/>
    <property name="sun.cpu.endian" value="little"/>
    <property name="sun.io.unicode.encoding" value="UnicodeBig"/>
    <property name="socksNonProxyHosts" value="local|*.local|169.254/16|*.169.254/16"/>
    <property name="ftp.nonProxyHosts" value="local|*.local|169.254/16|*.169.254/16"/>
    <property name="sun.cpu.isalist" value=""/>
  </properties>
<testcase name="random1[Android_4.4.4_HTC ONE_firefox_31]" classname="se.redmind.rmtest.selenium.example.RandomClass0(20150317-080346)" time="1.8119867">
	<failure type="java.lang.AssertionError:">java.lang.AssertionError: null
		at org.junit.Assert.fail(Assert.java:86)
		at org.junit.Assert.assertTrue(Assert.java:41)
		at org.junit.Assert.assertTrue(Assert.java:52)
		at se.redmind.rmtest.selenium.example.CreateRandomRes3.random14(CreateRandomRes3.java:128)
	</failure>
</testcase>
<testcase name="random1[Android_4.4.4_HTC ONE_chrome_42]" classname="se.redmind.rmtest.selenium.example.RandomClass0(20150317-080346)" time="1.022389">
	<failure type="java.lang.AssertionError:">java.lang.AssertionError: null
		at org.junit.Assert.fail(Assert.java:86)
		at org.junit.Assert.assertTrue(Assert.java:41)
		at org.junit.Assert.assertTrue(Assert.java:52)
		at se.redmind.rmtest.selenium.example.CreateRandomRes3.random14(CreateRandomRes3.java:128)
	</failure>
</testcase>
<testcase name="random1[Android_4.4.4_HTC ONE_explorer_10]" classname="se.redmind.rmtest.selenium.example.RandomClass0(20150317-080346)" time="1.1120064"/>
<testcase name="random1[Android_4.4.4_HTC ONE_opera_15]" classname="se.redmind.rmtest.selenium.example.RandomClass0(20150317-080346)" time="0.39783704">
	<failure type="java.lang.AssertionError:">java.lang.AssertionError: null
		at org.junit.Assert.fail(Assert.java:86)
		at org.junit.Assert.assertTrue(Assert.java:41)
		at org.junit.Assert.assertTrue(Assert.java:52)
		at se.redmind.rmtest.selenium.example.CreateRandomRes3.random14(CreateRandomRes3.java:128)
	</failure>
</testcase>
<testcase name="random1[Android_5.1_Nexus 6_firefox_31]" classname="se.redmind.rmtest.selenium.example.RandomClass0(20150317-080346)" time="1.3610804">
	<failure type="java.lang.AssertionError:">java.lang.AssertionError: null
		at org.junit.Assert.fail(Assert.java:86)
		at org.junit.Assert.assertTrue(Assert.java:41)
		at org.junit.Assert.assertTrue(Assert.java:52)
		at se.redmind.rmtest.selenium.example.CreateRandomRes3.random14(CreateRandomRes3.java:128)
	</failure>
</testcase>
<testcase name="random1[Android_5.1_Nexus 6_chrome_42]" classname="se.redmind.rmtest.selenium.example.RandomClass0(20150317-080346)" time="1.4340969">
	<failure type="java.lang.AssertionError:">java.lang.AssertionError: null
		at org.junit.Assert.fail(Assert.java:86)
		at org.junit.Assert.assertTrue(Assert.java:41)
		at org.junit.Assert.assertTrue(Assert.java:52)
		at se.redmind.rmtest.selenium.example.CreateRandomRes3.random14(CreateRandomRes3.java:128)
	</failure>
</testcase>
<testcase name="random1[Android_5.1_Nexus 6_explorer_10]" classname="se.redmind.rmtest.selenium.example.RandomClass0(20150317-080346)" time="0.9975673"/>
<testcase name="random1[Android_5.1_Nexus 6_opera_15]" classname="se.redmind.rmtest.selenium.example.RandomClass0(20150317-080346)" time="0.7219404"/>
<testcase name="random1[Android_2.3_VeiVei_firefox_31]" classname="se.redmind.rmtest.selenium.example.RandomClass0(20150317-080346)" time="1.8721292"/>
<testcase name="random1[Android_2.3_VeiVei_chrome_42]" classname="se.redmind.rmtest.selenium.example.RandomClass0(20150317-080346)" time="1.9128488">
	<failure type="java.lang.AssertionError:">java.lang.AssertionError: null
		at org.junit.Assert.fail(Assert.java:86)
		at org.junit.Assert.assertTrue(Assert.java:41)
		at org.junit.Assert.assertTrue(Assert.java:52)
		at se.redmind.rmtest.selenium.example.CreateRandomRes3.random14(CreateRandomRes3.java:128)
	</failure>
</testcase>
<testcase name="random1[Android_2.3_VeiVei_explorer_10]" classname="se.redmind.rmtest.selenium.example.RandomClass0(20150317-080346)" time="0.804904"/>
<testcase name="random1[Android_2.3_VeiVei_opera_15]" classname="se.redmind.rmtest.selenium.example.RandomClass0(20150317-080346)" time="1.6242694">
	<failure type="java.lang.AssertionError:">java.lang.AssertionError: null
		at org.junit.Assert.fail(Assert.java:86)
		at org.junit.Assert.assertTrue(Assert.java:41)
		at org.junit.Assert.assertTrue(Assert.java:52)
		at se.redmind.rmtest.selenium.example.CreateRandomRes3.random14(CreateRandomRes3.java:128)
	</failure>
</testcase>
<testcase name="random1[Android_4.4.4_Sony Experia Z3_firefox_31]" classname="se.redmind.rmtest.selenium.example.RandomClass0(20150317-080346)" time="1.5099853"/>
<testcase name="random1[Android_4.4.4_Sony Experia Z3_chrome_42]" classname="se.redmind.rmtest.selenium.example.RandomClass0(20150317-080346)" time="0.5767385">
	<failure type="java.lang.AssertionError:">java.lang.AssertionError: null
		at org.junit.Assert.fail(Assert.java:86)
		at org.junit.Assert.assertTrue(Assert.java:41)
		at org.junit.Assert.assertTrue(Assert.java:52)
		at se.redmind.rmtest.selenium.example.CreateRandomRes3.random14(CreateRandomRes3.java:128)
	</failure>
</testcase>
<testcase name="random1[Android_4.4.4_Sony Experia Z3_explorer_10]" classname="se.redmind.rmtest.selenium.example.RandomClass0(20150317-080346)" time="0.372437">
	<failure type="java.lang.AssertionError:">java.lang.AssertionError: null
		at org.junit.Assert.fail(Assert.java:86)
		at org.junit.Assert.assertTrue(Assert.java:41)
		at org.junit.Assert.assertTrue(Assert.java:52)
		at se.redmind.rmtest.selenium.example.CreateRandomRes3.random14(CreateRandomRes3.java:128)
	</failure>
</testcase>
<testcase name="random1[Android_4.4.4_Sony Experia Z3_opera_15]" classname="se.redmind.rmtest.selenium.example.RandomClass0(20150317-080346)" time="1.3537806">
	<failure type="java.lang.AssertionError:">java.lang.AssertionError: null
		at org.junit.Assert.fail(Assert.java:86)
		at org.junit.Assert.assertTrue(Assert.java:41)
		at org.junit.Assert.assertTrue(Assert.java:52)
		at se.redmind.rmtest.selenium.example.CreateRandomRes3.random14(CreateRandomRes3.java:128)
	</failure>
</testcase>
<testcase name="random1[IOS_8.2_iPhone 6_firefox_31]" classname="se.redmind.rmtest.selenium.example.RandomClass0(20150317-080346)" time="0.4430344"/>
<testcase name="random1[IOS_8.2_iPhone 6_chrome_42]" classname="se.redmind.rmtest.selenium.example.RandomClass0(20150317-080346)" time="1.8770847">
	<error type="java.lang.AssertionError:">java.lang.AssertionError: null
		at org.junit.Assert.fail(Assert.java:86)
		at org.junit.Assert.assertTrue(Assert.java:41)
		at org.junit.Assert.assertTrue(Assert.java:52)
		at se.redmind.rmtest.selenium.example.CreateRandomRes3.random14(CreateRandomRes3.java:128)
	</error>
</testcase>
<testcase name="random1[IOS_8.2_iPhone 6_explorer_10]" classname="se.redmind.rmtest.selenium.example.RandomClass0(20150317-080346)" time="1.213752">
	<failure type="java.lang.AssertionError:">java.lang.AssertionError: null
		at org.junit.Assert.fail(Assert.java:86)
		at org.junit.Assert.assertTrue(Assert.java:41)
		at org.junit.Assert.assertTrue(Assert.java:52)
		at se.redmind.rmtest.selenium.example.CreateRandomRes3.random14(CreateRandomRes3.java:128)
	</failure>
</testcase>
<testcase name="random1[IOS_8.2_iPhone 6_opera_15]" classname="se.redmind.rmtest.selenium.example.RandomClass0(20150317-080346)" time="1.3069326">
	<failure type="java.lang.AssertionError:">java.lang.AssertionError: null
		at org.junit.Assert.fail(Assert.java:86)
		at org.junit.Assert.assertTrue(Assert.java:41)
		at org.junit.Assert.assertTrue(Assert.java:52)
		at se.redmind.rmtest.selenium.example.CreateRandomRes3.random14(CreateRandomRes3.java:128)
	</failure>
</testcase>
<testcase name="random1[IOS_4_iPhone 3Gs_firefox_31]" classname="se.redmind.rmtest.selenium.example.RandomClass0(20150317-080346)" time="1.7557546"/>
<testcase name="random1[IOS_4_iPhone 3Gs_chrome_42]" classname="se.redmind.rmtest.selenium.example.RandomClass0(20150317-080346)" time="1.60448">
	<failure type="java.lang.AssertionError:">java.lang.AssertionError: null
		at org.junit.Assert.fail(Assert.java:86)
		at org.junit.Assert.assertTrue(Assert.java:41)
		at org.junit.Assert.assertTrue(Assert.java:52)
		at se.redmind.rmtest.selenium.example.CreateRandomRes3.random14(CreateRandomRes3.java:128)
	</failure>
</testcase>
<testcase name="random1[IOS_4_iPhone 3Gs_explorer_10]" classname="se.redmind.rmtest.selenium.example.RandomClass0(20150317-080346)" time="1.454013">
	<failure type="java.lang.AssertionError:">java.lang.AssertionError: null
		at org.junit.Assert.fail(Assert.java:86)
		at org.junit.Assert.assertTrue(Assert.java:41)
		at org.junit.Assert.assertTrue(Assert.java:52)
		at se.redmind.rmtest.selenium.example.CreateRandomRes3.random14(CreateRandomRes3.java:128)
	</failure>
</testcase>
<testcase name="random1[IOS_4_iPhone 3Gs_opera_15]" classname="se.redmind.rmtest.selenium.example.RandomClass0(20150317-080346)" time="1.1116958">
	<failure type="java.lang.AssertionError:">java.lang.AssertionError: null
		at org.junit.Assert.fail(Assert.java:86)
		at org.junit.Assert.assertTrue(Assert.java:41)
		at org.junit.Assert.assertTrue(Assert.java:52)
		at se.redmind.rmtest.selenium.example.CreateRandomRes3.random14(CreateRandomRes3.java:128)
	</failure>
</testcase>
<testcase name="random1[OSX_10.9.5_UNKNOWN_firefox_31]" classname="se.redmind.rmtest.selenium.example.RandomClass0(20150317-080346)" time="1.2131968"/>
<testcase name="random1[OSX_10.9.5_UNKNOWN_chrome_42]" classname="se.redmind.rmtest.selenium.example.RandomClass0(20150317-080346)" time="0.24566746"/>
<testcase name="random1[OSX_10.9.5_UNKNOWN_explorer_10]" classname="se.redmind.rmtest.selenium.example.RandomClass0(20150317-080346)" time="0.689646"/>
<testcase name="random1[OSX_10.9.5_UNKNOWN_opera_15]" classname="se.redmind.rmtest.selenium.example.RandomClass0(20150317-080346)" time="1.0769888">
	<failure type="java.lang.AssertionError:">java.lang.AssertionError: null
		at org.junit.Assert.fail(Assert.java:86)
		at org.junit.Assert.assertTrue(Assert.java:41)
		at org.junit.Assert.assertTrue(Assert.java:52)
		at se.redmind.rmtest.selenium.example.CreateRandomRes3.random14(CreateRandomRes3.java:128)
	</failure>
</testcase>
<testcase name="random1[Windows_8.1_UNKNOWN_firefox_31]" classname="se.redmind.rmtest.selenium.example.RandomClass0(20150317-080346)" time="0.37875783">
	<failure type="java.lang.AssertionError:">java.lang.AssertionError: null
		at org.junit.Assert.fail(Assert.java:86)
		at org.junit.Assert.assertTrue(Assert.java:41)
		at org.junit.Assert.assertTrue(Assert.java:52)
		at se.redmind.rmtest.selenium.example.CreateRandomRes3.random14(CreateRandomRes3.java:128)
	</failure>
</testcase>
<testcase name="random1[Windows_8.1_UNKNOWN_chrome_42]" classname="se.redmind.rmtest.selenium.example.RandomClass0(20150317-080346)" time="1.3565577"/>
<testcase name="random1[Windows_8.1_UNKNOWN_explorer_10]" classname="se.redmind.rmtest.selenium.example.RandomClass0(20150317-080346)" time="0.3337859">
	<failure type="java.lang.AssertionError:">java.lang.AssertionError: null
		at org.junit.Assert.fail(Assert.java:86)
		at org.junit.Assert.assertTrue(Assert.java:41)
		at org.junit.Assert.assertTrue(Assert.java:52)
		at se.redmind.rmtest.selenium.example.CreateRandomRes3.random14(CreateRandomRes3.java:128)
	</failure>
</testcase>
<testcase name="random1[Windows_8.1_UNKNOWN_opera_15]" classname="se.redmind.rmtest.selenium.example.RandomClass0(20150317-080346)" time="1.6053839"/>
<testcase name="random1[Ubuntu_14.04_UNKNOWN_firefox_31]" classname="se.redmind.rmtest.selenium.example.RandomClass0(20150317-080346)" time="0.31429887"/>
<testcase name="random1[Ubuntu_14.04_UNKNOWN_chrome_42]" classname="se.redmind.rmtest.selenium.example.RandomClass0(20150317-080346)" time="1.2552725"/>
<testcase name="random1[Ubuntu_14.04_UNKNOWN_explorer_10]" classname="se.redmind.rmtest.selenium.example.RandomClass0(20150317-080346)" time="0.30064178"/>
<testcase name="random1[Ubuntu_14.04_UNKNOWN_opera_15]" classname="se.redmind.rmtest.selenium.example.RandomClass0(20150317-080346)" time="0.93011343">
	<failure type="java.lang.AssertionError:">java.lang.AssertionError: null
		at org.junit.Assert.fail(Assert.java:86)
		at org.junit.Assert.assertTrue(Assert.java:41)
		at org.junit.Assert.assertTrue(Assert.java:52)
		at se.redmind.rmtest.selenium.example.CreateRandomRes3.random14(CreateRandomRes3.java:128)
	</failure>
</testcase>
<testcase name="random1[Ubuntu_12.10_UNKNOWN_firefox_31]" classname="se.redmind.rmtest.selenium.example.RandomClass0(20150317-080346)" time="1.313192">
	<failure type="java.lang.AssertionError:">java.lang.AssertionError: null
		at org.junit.Assert.fail(Assert.java:86)
		at org.junit.Assert.assertTrue(Assert.java:41)
		at org.junit.Assert.assertTrue(Assert.java:52)
		at se.redmind.rmtest.selenium.example.CreateRandomRes3.random14(CreateRandomRes3.java:128)
	</failure>
</testcase>
<testcase name="random1[Ubuntu_12.10_UNKNOWN_chrome_42]" classname="se.redmind.rmtest.selenium.example.RandomClass0(20150317-080346)" time="1.8068091">
	<failure type="java.lang.AssertionError:">java.lang.AssertionError: null
		at org.junit.Assert.fail(Assert.java:86)
		at org.junit.Assert.assertTrue(Assert.java:41)
		at org.junit.Assert.assertTrue(Assert.java:52)
		at se.redmind.rmtest.selenium.example.CreateRandomRes3.random14(CreateRandomRes3.java:128)
	</failure>
</testcase>
<testcase name="random1[Ubuntu_12.10_UNKNOWN_explorer_10]" classname="se.redmind.rmtest.selenium.example.RandomClass0(20150317-080346)" time="0.41915882">
	<failure type="java.lang.AssertionError:">java.lang.AssertionError: null
		at org.junit.Assert.fail(Assert.java:86)
		at org.junit.Assert.assertTrue(Assert.java:41)
		at org.junit.Assert.assertTrue(Assert.java:52)
		at se.redmind.rmtest.selenium.example.CreateRandomRes3.random14(CreateRandomRes3.java:128)
	</failure>
</testcase>
<testcase name="random1[Ubuntu_12.10_UNKNOWN_opera_15]" classname="se.redmind.rmtest.selenium.example.RandomClass0(20150317-080346)" time="1.7149806"/>
<testcase name="random2[Android_4.4.4_HTC ONE_firefox_31]" classname="se.redmind.rmtest.selenium.example.RandomClass0(20150317-080346)" time="1.4096894"/>
<testcase name="random2[Android_4.4.4_HTC ONE_chrome_42]" classname="se.redmind.rmtest.selenium.example.RandomClass0(20150317-080346)" time="1.1282157">
	<failure type="java.lang.AssertionError:">java.lang.AssertionError: null
		at org.junit.Assert.fail(Assert.java:86)
		at org.junit.Assert.assertTrue(Assert.java:41)
		at org.junit.Assert.assertTrue(Assert.java:52)
		at se.redmind.rmtest.selenium.example.CreateRandomRes3.random14(CreateRandomRes3.java:128)
	</failure>
</testcase>
<testcase name="random2[Android_4.4.4_HTC ONE_explorer_10]" classname="se.redmind.rmtest.selenium.example.RandomClass0(20150317-080346)" time="0.45381403"/>
<testcase name="random2[Android_4.4.4_HTC ONE_opera_15]" classname="se.redmind.rmtest.selenium.example.RandomClass0(20150317-080346)" time="0.97668684">
	<failure type="java.lang.AssertionError:">java.lang.AssertionError: null
		at org.junit.Assert.fail(Assert.java:86)
		at org.junit.Assert.assertTrue(Assert.java:41)
		at org.junit.Assert.assertTrue(Assert.java:52)
		at se.redmind.rmtest.selenium.example.CreateRandomRes3.random14(CreateRandomRes3.java:128)
	</failure>
</testcase>
<testcase name="random2[Android_5.1_Nexus 6_firefox_31]" classname="se.redmind.rmtest.selenium.example.RandomClass0(20150317-080346)" time="0.4572822">
	<failure type="java.lang.AssertionError:">java.lang.AssertionError: null
		at org.junit.Assert.fail(Assert.java:86)
		at org.junit.Assert.assertTrue(Assert.java:41)
		at org.junit.Assert.assertTrue(Assert.java:52)
		at se.redmind.rmtest.selenium.example.CreateRandomRes3.random14(CreateRandomRes3.java:128)
	</failure>
</testcase>
<testcase name="random2[Android_5.1_Nexus 6_chrome_42]" classname="se.redmind.rmtest.selenium.example.RandomClass0(20150317-080346)" time="0.58367693">
	<failure type="java.lang.AssertionError:">java.lang.AssertionError: null
		at org.junit.Assert.fail(Assert.java:86)
		at org.junit.Assert.assertTrue(Assert.java:41)
		at org.junit.Assert.assertTrue(Assert.java:52)
		at se.redmind.rmtest.selenium.example.CreateRandomRes3.random14(CreateRandomRes3.java:128)
	</failure>
</testcase>
<testcase name="random2[Android_5.1_Nexus 6_explorer_10]" classname="se.redmind.rmtest.selenium.example.RandomClass0(20150317-080346)" time="0.76902306"/>
<testcase name="random2[Android_5.1_Nexus 6_opera_15]" classname="se.redmind.rmtest.selenium.example.RandomClass0(20150317-080346)" time="1.1933799">
	<failure type="java.lang.AssertionError:">java.lang.AssertionError: null
		at org.junit.Assert.fail(Assert.java:86)
		at org.junit.Assert.assertTrue(Assert.java:41)
		at org.junit.Assert.assertTrue(Assert.java:52)
		at se.redmind.rmtest.selenium.example.CreateRandomRes3.random14(CreateRandomRes3.java:128)
	</failure>
</testcase>
<testcase name="random2[Android_2.3_VeiVei_firefox_31]" classname="se.redmind.rmtest.selenium.example.RandomClass0(20150317-080346)" time="1.7230284">
	<failure type="java.lang.AssertionError:">java.lang.AssertionError: null
		at org.junit.Assert.fail(Assert.java:86)
		at org.junit.Assert.assertTrue(Assert.java:41)
		at org.junit.Assert.assertTrue(Assert.java:52)
		at se.redmind.rmtest.selenium.example.CreateRandomRes3.random14(CreateRandomRes3.java:128)
	</failure>
</testcase>
<testcase name="random2[Android_2.3_VeiVei_chrome_42]" classname="se.redmind.rmtest.selenium.example.RandomClass0(20150317-080346)" time="0.64118516">
	<failure type="java.lang.AssertionError:">java.lang.AssertionError: null
		at org.junit.Assert.fail(Assert.java:86)
		at org.junit.Assert.assertTrue(Assert.java:41)
		at org.junit.Assert.assertTrue(Assert.java:52)
		at se.redmind.rmtest.selenium.example.CreateRandomRes3.random14(CreateRandomRes3.java:128)
	</failure>
</testcase>
<testcase name="random2[Android_2.3_VeiVei_explorer_10]" classname="se.redmind.rmtest.selenium.example.RandomClass0(20150317-080346)" time="0.85249186">
	<failure type="java.lang.AssertionError:">java.lang.AssertionError: null
		at org.junit.Assert.fail(Assert.java:86)
		at org.junit.Assert.assertTrue(Assert.java:41)
		at org.junit.Assert.assertTrue(Assert.java:52)
		at se.redmind.rmtest.selenium.example.CreateRandomRes3.random14(CreateRandomRes3.java:128)
	</failure>
</testcase>
<testcase name="random2[Android_2.3_VeiVei_opera_15]" classname="se.redmind.rmtest.selenium.example.RandomClass0(20150317-080346)" time="0.11564362">
	<failure type="java.lang.AssertionError:">java.lang.AssertionError: null
		at org.junit.Assert.fail(Assert.java:86)
		at org.junit.Assert.assertTrue(Assert.java:41)
		at org.junit.Assert.assertTrue(Assert.java:52)
		at se.redmind.rmtest.selenium.example.CreateRandomRes3.random14(CreateRandomRes3.java:128)
	</failure>
</testcase>
<testcase name="random2[Android_4.4.4_Sony Experia Z3_firefox_31]" classname="se.redmind.rmtest.selenium.example.RandomClass0(20150317-080346)" time="1.0954071"/>
<testcase name="random2[Android_4.4.4_Sony Experia Z3_chrome_42]" classname="se.redmind.rmtest.selenium.example.RandomClass0(20150317-080346)" time="0.21063769">
	<failure type="java.lang.AssertionError:">java.lang.AssertionError: null
		at org.junit.Assert.fail(Assert.java:86)
		at org.junit.Assert.assertTrue(Assert.java:41)
		at org.junit.Assert.assertTrue(Assert.java:52)
		at se.redmind.rmtest.selenium.example.CreateRandomRes3.random14(CreateRandomRes3.java:128)
	</failure>
</testcase>
<testcase name="random2[Android_4.4.4_Sony Experia Z3_explorer_10]" classname="se.redmind.rmtest.selenium.example.RandomClass0(20150317-080346)" time="0.5574553">
	<failure type="java.lang.AssertionError:">java.lang.AssertionError: null
		at org.junit.Assert.fail(Assert.java:86)
		at org.junit.Assert.assertTrue(Assert.java:41)
		at org.junit.Assert.assertTrue(Assert.java:52)
		at se.redmind.rmtest.selenium.example.CreateRandomRes3.random14(CreateRandomRes3.java:128)
	</failure>
</testcase>
<testcase name="random2[Android_4.4.4_Sony Experia Z3_opera_15]" classname="se.redmind.rmtest.selenium.example.RandomClass0(20150317-080346)" time="1.6075302"/>
<testcase name="random2[IOS_8.2_iPhone 6_firefox_31]" classname="se.redmind.rmtest.selenium.example.RandomClass0(20150317-080346)" time="0.51054513">
	<failure type="java.lang.AssertionError:">java.lang.AssertionError: null
		at org.junit.Assert.fail(Assert.java:86)
		at org.junit.Assert.assertTrue(Assert.java:41)
		at org.junit.Assert.assertTrue(Assert.java:52)
		at se.redmind.rmtest.selenium.example.CreateRandomRes3.random14(CreateRandomRes3.java:128)
	</failure>
</testcase>
<testcase name="random2[IOS_8.2_iPhone 6_chrome_42]" classname="se.redmind.rmtest.selenium.example.RandomClass0(20150317-080346)" time="0.28742802">
	<failure type="java.lang.AssertionError:">java.lang.AssertionError: null
		at org.junit.Assert.fail(Assert.java:86)
		at org.junit.Assert.assertTrue(Assert.java:41)
		at org.junit.Assert.assertTrue(Assert.java:52)
		at se.redmind.rmtest.selenium.example.CreateRandomRes3.random14(CreateRandomRes3.java:128)
	</failure>
</testcase>
<testcase name="random2[IOS_8.2_iPhone 6_explorer_10]" classname="se.redmind.rmtest.selenium.example.RandomClass0(20150317-080346)" time="0.9697896">
	<failure type="java.lang.AssertionError:">java.lang.AssertionError: null
		at org.junit.Assert.fail(Assert.java:86)
		at org.junit.Assert.assertTrue(Assert.java:41)
		at org.junit.Assert.assertTrue(Assert.java:52)
		at se.redmind.rmtest.selenium.example.CreateRandomRes3.random14(CreateRandomRes3.java:128)
	</failure>
</testcase>
<testcase name="random2[IOS_8.2_iPhone 6_opera_15]" classname="se.redmind.rmtest.selenium.example.RandomClass0(20150317-080346)" time="0.68465126">
	<failure type="java.lang.AssertionError:">java.lang.AssertionError: null
		at org.junit.Assert.fail(Assert.java:86)
		at org.junit.Assert.assertTrue(Assert.java:41)
		at org.junit.Assert.assertTrue(Assert.java:52)
		at se.redmind.rmtest.selenium.example.CreateRandomRes3.random14(CreateRandomRes3.java:128)
	</failure>
</testcase>
<testcase name="random2[IOS_4_iPhone 3Gs_firefox_31]" classname="se.redmind.rmtest.selenium.example.RandomClass0(20150317-080346)" time="1.2745026"/>
<testcase name="random2[IOS_4_iPhone 3Gs_chrome_42]" classname="se.redmind.rmtest.selenium.example.RandomClass0(20150317-080346)" time="0.88930047"/>
<testcase name="random2[IOS_4_iPhone 3Gs_explorer_10]" classname="se.redmind.rmtest.selenium.example.RandomClass0(20150317-080346)" time="1.2707231">
	<failure type="java.lang.AssertionError:">java.lang.AssertionError: null
		at org.junit.Assert.fail(Assert.java:86)
		at org.junit.Assert.assertTrue(Assert.java:41)
		at org.junit.Assert.assertTrue(Assert.java:52)
		at se.redmind.rmtest.selenium.example.CreateRandomRes3.random14(CreateRandomRes3.java:128)
	</failure>
</testcase>
<testcase name="random2[IOS_4_iPhone 3Gs_opera_15]" classname="se.redmind.rmtest.selenium.example.RandomClass0(20150317-080346)" time="0.44083548">
	<failure type="java.lang.AssertionError:">java.lang.AssertionError: null
		at org.junit.Assert.fail(Assert.java:86)
		at org.junit.Assert.assertTrue(Assert.java:41)
		at org.junit.Assert.assertTrue(Assert.java:52)
		at se.redmind.rmtest.selenium.example.CreateRandomRes3.random14(CreateRandomRes3.java:128)
	</failure>
</testcase>
<testcase name="random2[OSX_10.9.5_UNKNOWN_firefox_31]" classname="se.redmind.rmtest.selenium.example.RandomClass0(20150317-080346)" time="1.8625226"/>
<testcase name="random2[OSX_10.9.5_UNKNOWN_chrome_42]" classname="se.redmind.rmtest.selenium.example.RandomClass0(20150317-080346)" time="0.78736305">
	<failure type="java.lang.AssertionError:">java.lang.AssertionError: null
		at org.junit.Assert.fail(Assert.java:86)
		at org.junit.Assert.assertTrue(Assert.java:41)
		at org.junit.Assert.assertTrue(Assert.java:52)
		at se.redmind.rmtest.selenium.example.CreateRandomRes3.random14(CreateRandomRes3.java:128)
	</failure>
</testcase>
<testcase name="random2[OSX_10.9.5_UNKNOWN_explorer_10]" classname="se.redmind.rmtest.selenium.example.RandomClass0(20150317-080346)" time="0.35471165">
	<failure type="java.lang.AssertionError:">java.lang.AssertionError: null
		at org.junit.Assert.fail(Assert.java:86)
		at org.junit.Assert.assertTrue(Assert.java:41)
		at org.junit.Assert.assertTrue(Assert.java:52)
		at se.redmind.rmtest.selenium.example.CreateRandomRes3.random14(CreateRandomRes3.java:128)
	</failure>
</testcase>
<testcase name="random2[OSX_10.9.5_UNKNOWN_opera_15]" classname="se.redmind.rmtest.selenium.example.RandomClass0(20150317-080346)" time="0.17101753">
	<failure type="java.lang.AssertionError:">java.lang.AssertionError: null
		at org.junit.Assert.fail(Assert.java:86)
		at org.junit.Assert.assertTrue(Assert.java:41)
		at org.junit.Assert.assertTrue(Assert.java:52)
		at se.redmind.rmtest.selenium.example.CreateRandomRes3.random14(CreateRandomRes3.java:128)
	</failure>
</testcase>
<testcase name="random2[Windows_8.1_UNKNOWN_firefox_31]" classname="se.redmind.rmtest.selenium.example.RandomClass0(20150317-080346)" time="0.44509912"/>
<testcase name="random2[Windows_8.1_UNKNOWN_chrome_42]" classname="se.redmind.rmtest.selenium.example.RandomClass0(20150317-080346)" time="1.6113743"/>
<testcase name="random2[Windows_8.1_UNKNOWN_explorer_10]" classname="se.redmind.rmtest.selenium.example.RandomClass0(20150317-080346)" time="0.0258528"/>
<testcase name="random2[Windows_8.1_UNKNOWN_opera_15]" classname="se.redmind.rmtest.selenium.example.RandomClass0(20150317-080346)" time="1.0908935"/>
<testcase name="random2[Ubuntu_14.04_UNKNOWN_firefox_31]" classname="se.redmind.rmtest.selenium.example.RandomClass0(20150317-080346)" time="0.17772377"/>
<testcase name="random2[Ubuntu_14.04_UNKNOWN_chrome_42]" classname="se.redmind.rmtest.selenium.example.RandomClass0(20150317-080346)" time="0.63275814"/>
<testcase name="random2[Ubuntu_14.04_UNKNOWN_explorer_10]" classname="se.redmind.rmtest.selenium.example.RandomClass0(20150317-080346)" time="1.0761228">
	<failure type="java.lang.AssertionError:">java.lang.AssertionError: null
		at org.junit.Assert.fail(Assert.java:86)
		at org.junit.Assert.assertTrue(Assert.java:41)
		at org.junit.Assert.assertTrue(Assert.java:52)
		at se.redmind.rmtest.selenium.example.CreateRandomRes3.random14(CreateRandomRes3.java:128)
	</failure>
</testcase>
<testcase name="random2[Ubuntu_14.04_UNKNOWN_opera_15]" classname="se.redmind.rmtest.selenium.example.RandomClass0(20150317-080346)" time="0.8379458">
	<error type="java.lang.AssertionError:">java.lang.AssertionError: null
		at org.junit.Assert.fail(Assert.java:86)
		at org.junit.Assert.assertTrue(Assert.java:41)
		at org.junit.Assert.assertTrue(Assert.java:52)
		at se.redmind.rmtest.selenium.example.CreateRandomRes3.random14(CreateRandomRes3.java:128)
	</error>
</testcase>
<testcase name="random2[Ubuntu_12.10_UNKNOWN_firefox_31]" classname="se.redmind.rmtest.selenium.example.RandomClass0(20150317-080346)" time="1.4930902">
	<failure type="java.lang.AssertionError:">java.lang.AssertionError: null
		at org.junit.Assert.fail(Assert.java:86)
		at org.junit.Assert.assertTrue(Assert.java:41)
		at org.junit.Assert.assertTrue(Assert.java:52)
		at se.redmind.rmtest.selenium.example.CreateRandomRes3.random14(CreateRandomRes3.java:128)
	</failure>
</testcase>
<testcase name="random2[Ubuntu_12.10_UNKNOWN_chrome_42]" classname="se.redmind.rmtest.selenium.example.RandomClass0(20150317-080346)" time="1.4241685">
	<failure type="java.lang.AssertionError:">java.lang.AssertionError: null
		at org.junit.Assert.fail(Assert.java:86)
		at org.junit.Assert.assertTrue(Assert.java:41)
		at org.junit.Assert.assertTrue(Assert.java:52)
		at se.redmind.rmtest.selenium.example.CreateRandomRes3.random14(CreateRandomRes3.java:128)
	</failure>
</testcase>
<testcase name="random2[Ubuntu_12.10_UNKNOWN_explorer_10]" classname="se.redmind.rmtest.selenium.example.RandomClass0(20150317-080346)" time="0.27933848"/>
<testcase name="random2[Ubuntu_12.10_UNKNOWN_opera_15]" classname="se.redmind.rmtest.selenium.example.RandomClass0(20150317-080346)" time="1.4023352"/>
<testcase name="random3[Android_4.4.4_HTC ONE_firefox_31]" classname="se.redmind.rmtest.selenium.example.RandomClass0(20150317-080346)" time="0.4386989">
	<failure type="java.lang.AssertionError:">java.lang.AssertionError: null
		at org.junit.Assert.fail(Assert.java:86)
		at org.junit.Assert.assertTrue(Assert.java:41)
		at org.junit.Assert.assertTrue(Assert.java:52)
		at se.redmind.rmtest.selenium.example.CreateRandomRes3.random14(CreateRandomRes3.java:128)
	</failure>
</testcase>
<testcase name="random3[Android_4.4.4_HTC ONE_chrome_42]" classname="se.redmind.rmtest.selenium.example.RandomClass0(20150317-080346)" time="1.434048"/>
<testcase name="random3[Android_4.4.4_HTC ONE_explorer_10]" classname="se.redmind.rmtest.selenium.example.RandomClass0(20150317-080346)" time="0.4453597">
	<failure type="java.lang.AssertionError:">java.lang.AssertionError: null
		at org.junit.Assert.fail(Assert.java:86)
		at org.junit.Assert.assertTrue(Assert.java:41)
		at org.junit.Assert.assertTrue(Assert.java:52)
		at se.redmind.rmtest.selenium.example.CreateRandomRes3.random14(CreateRandomRes3.java:128)
	</failure>
</testcase>
<testcase name="random3[Android_4.4.4_HTC ONE_opera_15]" classname="se.redmind.rmtest.selenium.example.RandomClass0(20150317-080346)" time="0.6923175"/>
<testcase name="random3[Android_5.1_Nexus 6_firefox_31]" classname="se.redmind.rmtest.selenium.example.RandomClass0(20150317-080346)" time="0.7999947">
	<failure type="java.lang.AssertionError:">java.lang.AssertionError: null
		at org.junit.Assert.fail(Assert.java:86)
		at org.junit.Assert.assertTrue(Assert.java:41)
		at org.junit.Assert.assertTrue(Assert.java:52)
		at se.redmind.rmtest.selenium.example.CreateRandomRes3.random14(CreateRandomRes3.java:128)
	</failure>
</testcase>
<testcase name="random3[Android_5.1_Nexus 6_chrome_42]" classname="se.redmind.rmtest.selenium.example.RandomClass0(20150317-080346)" time="1.2419842">
	<failure type="java.lang.AssertionError:">java.lang.AssertionError: null
		at org.junit.Assert.fail(Assert.java:86)
		at org.junit.Assert.assertTrue(Assert.java:41)
		at org.junit.Assert.assertTrue(Assert.java:52)
		at se.redmind.rmtest.selenium.example.CreateRandomRes3.random14(CreateRandomRes3.java:128)
	</failure>
</testcase>
<testcase name="random3[Android_5.1_Nexus 6_explorer_10]" classname="se.redmind.rmtest.selenium.example.RandomClass0(20150317-080346)" time="1.1698569"/>
<testcase name="random3[Android_5.1_Nexus 6_opera_15]" classname="se.redmind.rmtest.selenium.example.RandomClass0(20150317-080346)" time="1.2723991">
	<failure type="java.lang.AssertionError:">java.lang.AssertionError: null
		at org.junit.Assert.fail(Assert.java:86)
		at org.junit.Assert.assertTrue(Assert.java:41)
		at org.junit.Assert.assertTrue(Assert.java:52)
		at se.redmind.rmtest.selenium.example.CreateRandomRes3.random14(CreateRandomRes3.java:128)
	</failure>
</testcase>
<testcase name="random3[Android_2.3_VeiVei_firefox_31]" classname="se.redmind.rmtest.selenium.example.RandomClass0(20150317-080346)" time="0.20234334">
	<failure type="java.lang.AssertionError:">java.lang.AssertionError: null
		at org.junit.Assert.fail(Assert.java:86)
		at org.junit.Assert.assertTrue(Assert.java:41)
		at org.junit.Assert.assertTrue(Assert.java:52)
		at se.redmind.rmtest.selenium.example.CreateRandomRes3.random14(CreateRandomRes3.java:128)
	</failure>
</testcase>
<testcase name="random3[Android_2.3_VeiVei_chrome_42]" classname="se.redmind.rmtest.selenium.example.RandomClass0(20150317-080346)" time="1.5375286">
	<failure type="java.lang.AssertionError:">java.lang.AssertionError: null
		at org.junit.Assert.fail(Assert.java:86)
		at org.junit.Assert.assertTrue(Assert.java:41)
		at org.junit.Assert.assertTrue(Assert.java:52)
		at se.redmind.rmtest.selenium.example.CreateRandomRes3.random14(CreateRandomRes3.java:128)
	</failure>
</testcase>
<testcase name="random3[Android_2.3_VeiVei_explorer_10]" classname="se.redmind.rmtest.selenium.example.RandomClass0(20150317-080346)" time="1.143168">
	<failure type="java.lang.AssertionError:">java.lang.AssertionError: null
		at org.junit.Assert.fail(Assert.java:86)
		at org.junit.Assert.assertTrue(Assert.java:41)
		at org.junit.Assert.assertTrue(Assert.java:52)
		at se.redmind.rmtest.selenium.example.CreateRandomRes3.random14(CreateRandomRes3.java:128)
	</failure>
</testcase>
<testcase name="random3[Android_2.3_VeiVei_opera_15]" classname="se.redmind.rmtest.selenium.example.RandomClass0(20150317-080346)" time="1.667343"/>
<testcase name="random3[Android_4.4.4_Sony Experia Z3_firefox_31]" classname="se.redmind.rmtest.selenium.example.RandomClass0(20150317-080346)" time="0.12277818">
	<failure type="java.lang.AssertionError:">java.lang.AssertionError: null
		at org.junit.Assert.fail(Assert.java:86)
		at org.junit.Assert.assertTrue(Assert.java:41)
		at org.junit.Assert.assertTrue(Assert.java:52)
		at se.redmind.rmtest.selenium.example.CreateRandomRes3.random14(CreateRandomRes3.java:128)
	</failure>
</testcase>
<testcase name="random3[Android_4.4.4_Sony Experia Z3_chrome_42]" classname="se.redmind.rmtest.selenium.example.RandomClass0(20150317-080346)" time="1.6738716">
	<failure type="java.lang.AssertionError:">java.lang.AssertionError: null
		at org.junit.Assert.fail(Assert.java:86)
		at org.junit.Assert.assertTrue(Assert.java:41)
		at org.junit.Assert.assertTrue(Assert.java:52)
		at se.redmind.rmtest.selenium.example.CreateRandomRes3.random14(CreateRandomRes3.java:128)
	</failure>
</testcase>
<testcase name="random3[Android_4.4.4_Sony Experia Z3_explorer_10]" classname="se.redmind.rmtest.selenium.example.RandomClass0(20150317-080346)" time="0.5134815"/>
<testcase name="random3[Android_4.4.4_Sony Experia Z3_opera_15]" classname="se.redmind.rmtest.selenium.example.RandomClass0(20150317-080346)" time="1.1956378"/>
<testcase name="random3[IOS_8.2_iPhone 6_firefox_31]" classname="se.redmind.rmtest.selenium.example.RandomClass0(20150317-080346)" time="0.8985318"/>
<testcase name="random3[IOS_8.2_iPhone 6_chrome_42]" classname="se.redmind.rmtest.selenium.example.RandomClass0(20150317-080346)" time="1.7350888">
	<failure type="java.lang.AssertionError:">java.lang.AssertionError: null
		at org.junit.Assert.fail(Assert.java:86)
		at org.junit.Assert.assertTrue(Assert.java:41)
		at org.junit.Assert.assertTrue(Assert.java:52)
		at se.redmind.rmtest.selenium.example.CreateRandomRes3.random14(CreateRandomRes3.java:128)
	</failure>
</testcase>
<testcase name="random3[IOS_8.2_iPhone 6_explorer_10]" classname="se.redmind.rmtest.selenium.example.RandomClass0(20150317-080346)" time="0.83217645"/>
<testcase name="random3[IOS_8.2_iPhone 6_opera_15]" classname="se.redmind.rmtest.selenium.example.RandomClass0(20150317-080346)" time="1.2802391">
	<error type="java.lang.AssertionError:">java.lang.AssertionError: null
		at org.junit.Assert.fail(Assert.java:86)
		at org.junit.Assert.assertTrue(Assert.java:41)
		at org.junit.Assert.assertTrue(Assert.java:52)
		at se.redmind.rmtest.selenium.example.CreateRandomRes3.random14(CreateRandomRes3.java:128)
	</error>
</testcase>
<testcase name="random3[IOS_4_iPhone 3Gs_firefox_31]" classname="se.redmind.rmtest.selenium.example.RandomClass0(20150317-080346)" time="1.2570866">
<skipped/>
</testcase>
<testcase name="random3[IOS_4_iPhone 3Gs_firefox_31]" classname="se.redmind.rmtest.selenium.example.RandomClass0(20150317-080346)" time="1.5189388">
	<failure type="java.lang.AssertionError:">java.lang.AssertionError: null
		at org.junit.Assert.fail(Assert.java:86)
		at org.junit.Assert.assertTrue(Assert.java:41)
		at org.junit.Assert.assertTrue(Assert.java:52)
		at se.redmind.rmtest.selenium.example.CreateRandomRes3.random14(CreateRandomRes3.java:128)
	</failure>
</testcase>
<testcase name="random3[IOS_4_iPhone 3Gs_chrome_42]" classname="se.redmind.rmtest.selenium.example.RandomClass0(20150317-080346)" time="1.1680804">
<skipped/>
</testcase>
<testcase name="random3[IOS_4_iPhone 3Gs_chrome_42]" classname="se.redmind.rmtest.selenium.example.RandomClass0(20150317-080346)" time="1.2946984"/>
<testcase name="random3[IOS_4_iPhone 3Gs_explorer_10]" classname="se.redmind.rmtest.selenium.example.RandomClass0(20150317-080346)" time="1.5224806">
<skipped/>
</testcase>
<testcase name="random3[IOS_4_iPhone 3Gs_explorer_10]" classname="se.redmind.rmtest.selenium.example.RandomClass0(20150317-080346)" time="0.7068633">
	<failure type="java.lang.AssertionError:">java.lang.AssertionError: null
		at org.junit.Assert.fail(Assert.java:86)
		at org.junit.Assert.assertTrue(Assert.java:41)
		at org.junit.Assert.assertTrue(Assert.java:52)
		at se.redmind.rmtest.selenium.example.CreateRandomRes3.random14(CreateRandomRes3.java:128)
	</failure>
</testcase>
<testcase name="random3[IOS_4_iPhone 3Gs_opera_15]" classname="se.redmind.rmtest.selenium.example.RandomClass0(20150317-080346)" time="0.063492775">
<skipped/>
</testcase>
<testcase name="random3[IOS_4_iPhone 3Gs_opera_15]" classname="se.redmind.rmtest.selenium.example.RandomClass0(20150317-080346)" time="0.24542916">
	<failure type="java.lang.AssertionError:">java.lang.AssertionError: null
		at org.junit.Assert.fail(Assert.java:86)
		at org.junit.Assert.assertTrue(Assert.java:41)
		at org.junit.Assert.assertTrue(Assert.java:52)
		at se.redmind.rmtest.selenium.example.CreateRandomRes3.random14(CreateRandomRes3.java:128)
	</failure>
</testcase>
<testcase name="random3[OSX_10.9.5_UNKNOWN_firefox_31]" classname="se.redmind.rmtest.selenium.example.RandomClass0(20150317-080346)" time="0.6484823">
	<error type="java.lang.AssertionError:">java.lang.AssertionError: null
		at org.junit.Assert.fail(Assert.java:86)
		at org.junit.Assert.assertTrue(Assert.java:41)
		at org.junit.Assert.assertTrue(Assert.java:52)
		at se.redmind.rmtest.selenium.example.CreateRandomRes3.random14(CreateRandomRes3.java:128)
	</error>
</testcase>
<testcase name="random3[OSX_10.9.5_UNKNOWN_chrome_42]" classname="se.redmind.rmtest.selenium.example.RandomClass0(20150317-080346)" time="1.2690933">
	<failure type="java.lang.AssertionError:">java.lang.AssertionError: null
		at org.junit.Assert.fail(Assert.java:86)
		at org.junit.Assert.assertTrue(Assert.java:41)
		at org.junit.Assert.assertTrue(Assert.java:52)
		at se.redmind.rmtest.selenium.example.CreateRandomRes3.random14(CreateRandomRes3.java:128)
	</failure>
</testcase>
<testcase name="random3[OSX_10.9.5_UNKNOWN_explorer_10]" classname="se.redmind.rmtest.selenium.example.RandomClass0(20150317-080346)" time="0.58045495">
	<failure type="java.lang.AssertionError:">java.lang.AssertionError: null
		at org.junit.Assert.fail(Assert.java:86)
		at org.junit.Assert.assertTrue(Assert.java:41)
		at org.junit.Assert.assertTrue(Assert.java:52)
		at se.redmind.rmtest.selenium.example.CreateRandomRes3.random14(CreateRandomRes3.java:128)
	</failure>
</testcase>
<testcase name="random3[OSX_10.9.5_UNKNOWN_opera_15]" classname="se.redmind.rmtest.selenium.example.RandomClass0(20150317-080346)" time="1.2431524">
	<failure type="java.lang.AssertionError:">java.lang.AssertionError: null
		at org.junit.Assert.fail(Assert.java:86)
		at org.junit.Assert.assertTrue(Assert.java:41)
		at org.junit.Assert.assertTrue(Assert.java:52)
		at se.redmind.rmtest.selenium.example.CreateRandomRes3.random14(CreateRandomRes3.java:128)
	</failure>
</testcase>
<testcase name="random3[Windows_8.1_UNKNOWN_firefox_31]" classname="se.redmind.rmtest.selenium.example.RandomClass0(20150317-080346)" time="0.18407023">
	<failure type="java.lang.AssertionError:">java.lang.AssertionError: null
		at org.junit.Assert.fail(Assert.java:86)
		at org.junit.Assert.assertTrue(Assert.java:41)
		at org.junit.Assert.assertTrue(Assert.java:52)
		at se.redmind.rmtest.selenium.example.CreateRandomRes3.random14(CreateRandomRes3.java:128)
	</failure>
</testcase>
<testcase name="random3[Windows_8.1_UNKNOWN_chrome_42]" classname="se.redmind.rmtest.selenium.example.RandomClass0(20150317-080346)" time="0.6773746"/>
<testcase name="random3[Windows_8.1_UNKNOWN_explorer_10]" classname="se.redmind.rmtest.selenium.example.RandomClass0(20150317-080346)" time="0.40797067">
	<failure type="java.lang.AssertionError:">java.lang.AssertionError: null
		at org.junit.Assert.fail(Assert.java:86)
		at org.junit.Assert.assertTrue(Assert.java:41)
		at org.junit.Assert.assertTrue(Assert.java:52)
		at se.redmind.rmtest.selenium.example.CreateRandomRes3.random14(CreateRandomRes3.java:128)
	</failure>
</testcase>
<testcase name="random3[Windows_8.1_UNKNOWN_opera_15]" classname="se.redmind.rmtest.selenium.example.RandomClass0(20150317-080346)" time="1.3572162"/>
<testcase name="random3[Ubuntu_14.04_UNKNOWN_firefox_31]" classname="se.redmind.rmtest.selenium.example.RandomClass0(20150317-080346)" time="0.72597384">
	<error type="java.lang.AssertionError:">java.lang.AssertionError: null
		at org.junit.Assert.fail(Assert.java:86)
		at org.junit.Assert.assertTrue(Assert.java:41)
		at org.junit.Assert.assertTrue(Assert.java:52)
		at se.redmind.rmtest.selenium.example.CreateRandomRes3.random14(CreateRandomRes3.java:128)
	</error>
</testcase>
<testcase name="random3[Ubuntu_14.04_UNKNOWN_chrome_42]" classname="se.redmind.rmtest.selenium.example.RandomClass0(20150317-080346)" time="1.9313722"/>
<testcase name="random3[Ubuntu_14.04_UNKNOWN_explorer_10]" classname="se.redmind.rmtest.selenium.example.RandomClass0(20150317-080346)" time="0.8513696"/>
<testcase name="random3[Ubuntu_14.04_UNKNOWN_opera_15]" classname="se.redmind.rmtest.selenium.example.RandomClass0(20150317-080346)" time="1.2667689"/>
<testcase name="random3[Ubuntu_12.10_UNKNOWN_firefox_31]" classname="se.redmind.rmtest.selenium.example.RandomClass0(20150317-080346)" time="0.9916768">
	<failure type="java.lang.AssertionError:">java.lang.AssertionError: null
		at org.junit.Assert.fail(Assert.java:86)
		at org.junit.Assert.assertTrue(Assert.java:41)
		at org.junit.Assert.assertTrue(Assert.java:52)
		at se.redmind.rmtest.selenium.example.CreateRandomRes3.random14(CreateRandomRes3.java:128)
	</failure>
</testcase>
<testcase name="random3[Ubuntu_12.10_UNKNOWN_chrome_42]" classname="se.redmind.rmtest.selenium.example.RandomClass0(20150317-080346)" time="1.6236993">
	<failure type="java.lang.AssertionError:">java.lang.AssertionError: null
		at org.junit.Assert.fail(Assert.java:86)
		at org.junit.Assert.assertTrue(Assert.java:41)
		at org.junit.Assert.assertTrue(Assert.java:52)
		at se.redmind.rmtest.selenium.example.CreateRandomRes3.random14(CreateRandomRes3.java:128)
	</failure>
</testcase>
<testcase name="random3[Ubuntu_12.10_UNKNOWN_explorer_10]" classname="se.redmind.rmtest.selenium.example.RandomClass0(20150317-080346)" time="1.9283341">
	<failure type="java.lang.AssertionError:">java.lang.AssertionError: null
		at org.junit.Assert.fail(Assert.java:86)
		at org.junit.Assert.assertTrue(Assert.java:41)
		at org.junit.Assert.assertTrue(Assert.java:52)
		at se.redmind.rmtest.selenium.example.CreateRandomRes3.random14(CreateRandomRes3.java:128)
	</failure>
</testcase>
<testcase name="random3[Ubuntu_12.10_UNKNOWN_opera_15]" classname="se.redmind.rmtest.selenium.example.RandomClass0(20150317-080346)" time="0.81805074"/>
<testcase name="random4[Android_4.4.4_HTC ONE_firefox_31]" classname="se.redmind.rmtest.selenium.example.RandomClass0(20150317-080346)" time="1.6071476"/>
<testcase name="random4[Android_4.4.4_HTC ONE_chrome_42]" classname="se.redmind.rmtest.selenium.example.RandomClass0(20150317-080346)" time="0.39338267"/>
<testcase name="random4[Android_4.4.4_HTC ONE_explorer_10]" classname="se.redmind.rmtest.selenium.example.RandomClass0(20150317-080346)" time="0.78452635">
	<failure type="java.lang.AssertionError:">java.lang.AssertionError: null
		at org.junit.Assert.fail(Assert.java:86)
		at org.junit.Assert.assertTrue(Assert.java:41)
		at org.junit.Assert.assertTrue(Assert.java:52)
		at se.redmind.rmtest.selenium.example.CreateRandomRes3.random14(CreateRandomRes3.java:128)
	</failure>
</testcase>
<testcase name="random4[Android_4.4.4_HTC ONE_opera_15]" classname="se.redmind.rmtest.selenium.example.RandomClass0(20150317-080346)" time="0.14552844">
	<failure type="java.lang.AssertionError:">java.lang.AssertionError: null
		at org.junit.Assert.fail(Assert.java:86)
		at org.junit.Assert.assertTrue(Assert.java:41)
		at org.junit.Assert.assertTrue(Assert.java:52)
		at se.redmind.rmtest.selenium.example.CreateRandomRes3.random14(CreateRandomRes3.java:128)
	</failure>
</testcase>
<testcase name="random4[Android_5.1_Nexus 6_firefox_31]" classname="se.redmind.rmtest.selenium.example.RandomClass0(20150317-080346)" time="0.38305628">
	<failure type="java.lang.AssertionError:">java.lang.AssertionError: null
		at org.junit.Assert.fail(Assert.java:86)
		at org.junit.Assert.assertTrue(Assert.java:41)
		at org.junit.Assert.assertTrue(Assert.java:52)
		at se.redmind.rmtest.selenium.example.CreateRandomRes3.random14(CreateRandomRes3.java:128)
	</failure>
</testcase>
<testcase name="random4[Android_5.1_Nexus 6_chrome_42]" classname="se.redmind.rmtest.selenium.example.RandomClass0(20150317-080346)" time="1.9559318">
	<failure type="java.lang.AssertionError:">java.lang.AssertionError: null
		at org.junit.Assert.fail(Assert.java:86)
		at org.junit.Assert.assertTrue(Assert.java:41)
		at org.junit.Assert.assertTrue(Assert.java:52)
		at se.redmind.rmtest.selenium.example.CreateRandomRes3.random14(CreateRandomRes3.java:128)
	</failure>
</testcase>
<testcase name="random4[Android_5.1_Nexus 6_explorer_10]" classname="se.redmind.rmtest.selenium.example.RandomClass0(20150317-080346)" time="0.23609054"/>
<testcase name="random4[Android_5.1_Nexus 6_opera_15]" classname="se.redmind.rmtest.selenium.example.RandomClass0(20150317-080346)" time="0.66213393"/>
<testcase name="random4[Android_2.3_VeiVei_firefox_31]" classname="se.redmind.rmtest.selenium.example.RandomClass0(20150317-080346)" time="1.9227709"/>
<testcase name="random4[Android_2.3_VeiVei_chrome_42]" classname="se.redmind.rmtest.selenium.example.RandomClass0(20150317-080346)" time="0.60202765"/>
<testcase name="random4[Android_2.3_VeiVei_explorer_10]" classname="se.redmind.rmtest.selenium.example.RandomClass0(20150317-080346)" time="0.08146274"/>
<testcase name="random4[Android_2.3_VeiVei_opera_15]" classname="se.redmind.rmtest.selenium.example.RandomClass0(20150317-080346)" time="0.73600864">
	<failure type="java.lang.AssertionError:">java.lang.AssertionError: null
		at org.junit.Assert.fail(Assert.java:86)
		at org.junit.Assert.assertTrue(Assert.java:41)
		at org.junit.Assert.assertTrue(Assert.java:52)
		at se.redmind.rmtest.selenium.example.CreateRandomRes3.random14(CreateRandomRes3.java:128)
	</failure>
</testcase>
<testcase name="random4[Android_4.4.4_Sony Experia Z3_firefox_31]" classname="se.redmind.rmtest.selenium.example.RandomClass0(20150317-080346)" time="0.9602977"/>
<testcase name="random4[Android_4.4.4_Sony Experia Z3_chrome_42]" classname="se.redmind.rmtest.selenium.example.RandomClass0(20150317-080346)" time="1.8738353"/>
<testcase name="random4[Android_4.4.4_Sony Experia Z3_explorer_10]" classname="se.redmind.rmtest.selenium.example.RandomClass0(20150317-080346)" time="0.5674809">
	<failure type="java.lang.AssertionError:">java.lang.AssertionError: null
		at org.junit.Assert.fail(Assert.java:86)
		at org.junit.Assert.assertTrue(Assert.java:41)
		at org.junit.Assert.assertTrue(Assert.java:52)
		at se.redmind.rmtest.selenium.example.CreateRandomRes3.random14(CreateRandomRes3.java:128)
	</failure>
</testcase>
<testcase name="random4[Android_4.4.4_Sony Experia Z3_opera_15]" classname="se.redmind.rmtest.selenium.example.RandomClass0(20150317-080346)" time="1.9150686"/>
<testcase name="random4[IOS_8.2_iPhone 6_firefox_31]" classname="se.redmind.rmtest.selenium.example.RandomClass0(20150317-080346)" time="0.9703857"/>
<testcase name="random4[IOS_8.2_iPhone 6_chrome_42]" classname="se.redmind.rmtest.selenium.example.RandomClass0(20150317-080346)" time="0.99902546"/>
<testcase name="random4[IOS_8.2_iPhone 6_explorer_10]" classname="se.redmind.rmtest.selenium.example.RandomClass0(20150317-080346)" time="0.6089779"/>
<testcase name="random4[IOS_8.2_iPhone 6_opera_15]" classname="se.redmind.rmtest.selenium.example.RandomClass0(20150317-080346)" time="1.0298042">
	<failure type="java.lang.AssertionError:">java.lang.AssertionError: null
		at org.junit.Assert.fail(Assert.java:86)
		at org.junit.Assert.assertTrue(Assert.java:41)
		at org.junit.Assert.assertTrue(Assert.java:52)
		at se.redmind.rmtest.selenium.example.CreateRandomRes3.random14(CreateRandomRes3.java:128)
	</failure>
</testcase>
<testcase name="random4[IOS_4_iPhone 3Gs_firefox_31]" classname="se.redmind.rmtest.selenium.example.RandomClass0(20150317-080346)" time="1.8451579">
	<failure type="java.lang.AssertionError:">java.lang.AssertionError: null
		at org.junit.Assert.fail(Assert.java:86)
		at org.junit.Assert.assertTrue(Assert.java:41)
		at org.junit.Assert.assertTrue(Assert.java:52)
		at se.redmind.rmtest.selenium.example.CreateRandomRes3.random14(CreateRandomRes3.java:128)
	</failure>
</testcase>
<testcase name="random4[IOS_4_iPhone 3Gs_chrome_42]" classname="se.redmind.rmtest.selenium.example.RandomClass0(20150317-080346)" time="1.5298527">
	<failure type="java.lang.AssertionError:">java.lang.AssertionError: null
		at org.junit.Assert.fail(Assert.java:86)
		at org.junit.Assert.assertTrue(Assert.java:41)
		at org.junit.Assert.assertTrue(Assert.java:52)
		at se.redmind.rmtest.selenium.example.CreateRandomRes3.random14(CreateRandomRes3.java:128)
	</failure>
</testcase>
<testcase name="random4[IOS_4_iPhone 3Gs_explorer_10]" classname="se.redmind.rmtest.selenium.example.RandomClass0(20150317-080346)" time="1.4232398"/>
<testcase name="random4[IOS_4_iPhone 3Gs_opera_15]" classname="se.redmind.rmtest.selenium.example.RandomClass0(20150317-080346)" time="1.2597235">
	<failure type="java.lang.AssertionError:">java.lang.AssertionError: null
		at org.junit.Assert.fail(Assert.java:86)
		at org.junit.Assert.assertTrue(Assert.java:41)
		at org.junit.Assert.assertTrue(Assert.java:52)
		at se.redmind.rmtest.selenium.example.CreateRandomRes3.random14(CreateRandomRes3.java:128)
	</failure>
</testcase>
<testcase name="random4[OSX_10.9.5_UNKNOWN_firefox_31]" classname="se.redmind.rmtest.selenium.example.RandomClass0(20150317-080346)" time="0.17790926"/>
<testcase name="random4[OSX_10.9.5_UNKNOWN_chrome_42]" classname="se.redmind.rmtest.selenium.example.RandomClass0(20150317-080346)" time="0.7587534"/>
<testcase name="random4[OSX_10.9.5_UNKNOWN_explorer_10]" classname="se.redmind.rmtest.selenium.example.RandomClass0(20150317-080346)" time="0.75516784"/>
<testcase name="random4[OSX_10.9.5_UNKNOWN_opera_15]" classname="se.redmind.rmtest.selenium.example.RandomClass0(20150317-080346)" time="1.8349102">
	<failure type="java.lang.AssertionError:">java.lang.AssertionError: null
		at org.junit.Assert.fail(Assert.java:86)
		at org.junit.Assert.assertTrue(Assert.java:41)
		at org.junit.Assert.assertTrue(Assert.java:52)
		at se.redmind.rmtest.selenium.example.CreateRandomRes3.random14(CreateRandomRes3.java:128)
	</failure>
</testcase>
<testcase name="random4[Windows_8.1_UNKNOWN_firefox_31]" classname="se.redmind.rmtest.selenium.example.RandomClass0(20150317-080346)" time="0.17155075">
	<failure type="java.lang.AssertionError:">java.lang.AssertionError: null
		at org.junit.Assert.fail(Assert.java:86)
		at org.junit.Assert.assertTrue(Assert.java:41)
		at org.junit.Assert.assertTrue(Assert.java:52)
		at se.redmind.rmtest.selenium.example.CreateRandomRes3.random14(CreateRandomRes3.java:128)
	</failure>
</testcase>
<testcase name="random4[Windows_8.1_UNKNOWN_chrome_42]" classname="se.redmind.rmtest.selenium.example.RandomClass0(20150317-080346)" time="0.43142593"/>
<testcase name="random4[Windows_8.1_UNKNOWN_explorer_10]" classname="se.redmind.rmtest.selenium.example.RandomClass0(20150317-080346)" time="1.417114"/>
<testcase name="random4[Windows_8.1_UNKNOWN_opera_15]" classname="se.redmind.rmtest.selenium.example.RandomClass0(20150317-080346)" time="1.6656994"/>
<testcase name="random4[Ubuntu_14.04_UNKNOWN_firefox_31]" classname="se.redmind.rmtest.selenium.example.RandomClass0(20150317-080346)" time="1.0987571"/>
<testcase name="random4[Ubuntu_14.04_UNKNOWN_chrome_42]" classname="se.redmind.rmtest.selenium.example.RandomClass0(20150317-080346)" time="1.5841589">
	<failure type="java.lang.AssertionError:">java.lang.AssertionError: null
		at org.junit.Assert.fail(Assert.java:86)
		at org.junit.Assert.assertTrue(Assert.java:41)
		at org.junit.Assert.assertTrue(Assert.java:52)
		at se.redmind.rmtest.selenium.example.CreateRandomRes3.random14(CreateRandomRes3.java:128)
	</failure>
</testcase>
<testcase name="random4[Ubuntu_14.04_UNKNOWN_explorer_10]" classname="se.redmind.rmtest.selenium.example.RandomClass0(20150317-080346)" time="0.3575344">
	<failure type="java.lang.AssertionError:">java.lang.AssertionError: null
		at org.junit.Assert.fail(Assert.java:86)
		at org.junit.Assert.assertTrue(Assert.java:41)
		at org.junit.Assert.assertTrue(Assert.java:52)
		at se.redmind.rmtest.selenium.example.CreateRandomRes3.random14(CreateRandomRes3.java:128)
	</failure>
</testcase>
<testcase name="random4[Ubuntu_14.04_UNKNOWN_opera_15]" classname="se.redmind.rmtest.selenium.example.RandomClass0(20150317-080346)" time="1.4791843">
	<failure type="java.lang.AssertionError:">java.lang.AssertionError: null
		at org.junit.Assert.fail(Assert.java:86)
		at org.junit.Assert.assertTrue(Assert.java:41)
		at org.junit.Assert.assertTrue(Assert.java:52)
		at se.redmind.rmtest.selenium.example.CreateRandomRes3.random14(CreateRandomRes3.java:128)
	</failure>
</testcase>
<testcase name="random4[Ubuntu_12.10_UNKNOWN_firefox_31]" classname="se.redmind.rmtest.selenium.example.RandomClass0(20150317-080346)" time="0.43075776"/>
<testcase name="random4[Ubuntu_12.10_UNKNOWN_chrome_42]" classname="se.redmind.rmtest.selenium.example.RandomClass0(20150317-080346)" time="0.932505">
	<failure type="java.lang.AssertionError:">java.lang.AssertionError: null
		at org.junit.Assert.fail(Assert.java:86)
		at org.junit.Assert.assertTrue(Assert.java:41)
		at org.junit.Assert.assertTrue(Assert.java:52)
		at se.redmind.rmtest.selenium.example.CreateRandomRes3.random14(CreateRandomRes3.java:128)
	</failure>
</testcase>
<testcase name="random4[Ubuntu_12.10_UNKNOWN_explorer_10]" classname="se.redmind.rmtest.selenium.example.RandomClass0(20150317-080346)" time="0.24462068"/>
<testcase name="random4[Ubuntu_12.10_UNKNOWN_opera_15]" classname="se.redmind.rmtest.selenium.example.RandomClass0(20150317-080346)" time="0.95837986">
	<failure type="java.lang.AssertionError:">java.lang.AssertionError: null
		at org.junit.Assert.fail(Assert.java:86)
		at org.junit.Assert.assertTrue(Assert.java:41)
		at org.junit.Assert.assertTrue(Assert.java:52)
		at se.redmind.rmtest.selenium.example.CreateRandomRes3.random14(CreateRandomRes3.java:128)
	</failure>
</testcase>
<testcase name="random1[Android_4.4.4_HTC ONE_firefox_31]" classname="se.redmind.rmtest.selenium.example.RandomClass1(20150317-080346)" time="0.9218731">
	<failure type="java.lang.AssertionError:">java.lang.AssertionError: null
		at org.junit.Assert.fail(Assert.java:86)
		at org.junit.Assert.assertTrue(Assert.java:41)
		at org.junit.Assert.assertTrue(Assert.java:52)
		at se.redmind.rmtest.selenium.example.CreateRandomRes3.random14(CreateRandomRes3.java:128)
	</failure>
</testcase>
<testcase name="random1[Android_4.4.4_HTC ONE_chrome_42]" classname="se.redmind.rmtest.selenium.example.RandomClass1(20150317-080346)" time="1.4950106">
	<failure type="java.lang.AssertionError:">java.lang.AssertionError: null
		at org.junit.Assert.fail(Assert.java:86)
		at org.junit.Assert.assertTrue(Assert.java:41)
		at org.junit.Assert.assertTrue(Assert.java:52)
		at se.redmind.rmtest.selenium.example.CreateRandomRes3.random14(CreateRandomRes3.java:128)
	</failure>
</testcase>
<testcase name="random1[Android_4.4.4_HTC ONE_explorer_10]" classname="se.redmind.rmtest.selenium.example.RandomClass1(20150317-080346)" time="1.4916453"/>
<testcase name="random1[Android_4.4.4_HTC ONE_opera_15]" classname="se.redmind.rmtest.selenium.example.RandomClass1(20150317-080346)" time="0.48360133"/>
<testcase name="random1[Android_5.1_Nexus 6_firefox_31]" classname="se.redmind.rmtest.selenium.example.RandomClass1(20150317-080346)" time="1.6651632"/>
<testcase name="random1[Android_5.1_Nexus 6_chrome_42]" classname="se.redmind.rmtest.selenium.example.RandomClass1(20150317-080346)" time="0.80550694">
	<failure type="java.lang.AssertionError:">java.lang.AssertionError: null
		at org.junit.Assert.fail(Assert.java:86)
		at org.junit.Assert.assertTrue(Assert.java:41)
		at org.junit.Assert.assertTrue(Assert.java:52)
		at se.redmind.rmtest.selenium.example.CreateRandomRes3.random14(CreateRandomRes3.java:128)
	</failure>
</testcase>
<testcase name="random1[Android_5.1_Nexus 6_explorer_10]" classname="se.redmind.rmtest.selenium.example.RandomClass1(20150317-080346)" time="1.5675007">
	<failure type="java.lang.AssertionError:">java.lang.AssertionError: null
		at org.junit.Assert.fail(Assert.java:86)
		at org.junit.Assert.assertTrue(Assert.java:41)
		at org.junit.Assert.assertTrue(Assert.java:52)
		at se.redmind.rmtest.selenium.example.CreateRandomRes3.random14(CreateRandomRes3.java:128)
	</failure>
</testcase>
<testcase name="random1[Android_5.1_Nexus 6_opera_15]" classname="se.redmind.rmtest.selenium.example.RandomClass1(20150317-080346)" time="1.8576419"/>
<testcase name="random1[Android_2.3_VeiVei_firefox_31]" classname="se.redmind.rmtest.selenium.example.RandomClass1(20150317-080346)" time="1.7780676"/>
<testcase name="random1[Android_2.3_VeiVei_chrome_42]" classname="se.redmind.rmtest.selenium.example.RandomClass1(20150317-080346)" time="0.7130282">
	<failure type="java.lang.AssertionError:">java.lang.AssertionError: null
		at org.junit.Assert.fail(Assert.java:86)
		at org.junit.Assert.assertTrue(Assert.java:41)
		at org.junit.Assert.assertTrue(Assert.java:52)
		at se.redmind.rmtest.selenium.example.CreateRandomRes3.random14(CreateRandomRes3.java:128)
	</failure>
</testcase>
<testcase name="random1[Android_2.3_VeiVei_explorer_10]" classname="se.redmind.rmtest.selenium.example.RandomClass1(20150317-080346)" time="1.9468684"/>
<testcase name="random1[Android_2.3_VeiVei_opera_15]" classname="se.redmind.rmtest.selenium.example.RandomClass1(20150317-080346)" time="1.4905239"/>
<testcase name="random1[Android_4.4.4_Sony Experia Z3_firefox_31]" classname="se.redmind.rmtest.selenium.example.RandomClass1(20150317-080346)" time="1.2382394">
	<failure type="java.lang.AssertionError:">java.lang.AssertionError: null
		at org.junit.Assert.fail(Assert.java:86)
		at org.junit.Assert.assertTrue(Assert.java:41)
		at org.junit.Assert.assertTrue(Assert.java:52)
		at se.redmind.rmtest.selenium.example.CreateRandomRes3.random14(CreateRandomRes3.java:128)
	</failure>
</testcase>
<testcase name="random1[Android_4.4.4_Sony Experia Z3_chrome_42]" classname="se.redmind.rmtest.selenium.example.RandomClass1(20150317-080346)" time="0.3641454">
	<failure type="java.lang.AssertionError:">java.lang.AssertionError: null
		at org.junit.Assert.fail(Assert.java:86)
		at org.junit.Assert.assertTrue(Assert.java:41)
		at org.junit.Assert.assertTrue(Assert.java:52)
		at se.redmind.rmtest.selenium.example.CreateRandomRes3.random14(CreateRandomRes3.java:128)
	</failure>
</testcase>
<testcase name="random1[Android_4.4.4_Sony Experia Z3_explorer_10]" classname="se.redmind.rmtest.selenium.example.RandomClass1(20150317-080346)" time="1.7070642"/>
<testcase name="random1[Android_4.4.4_Sony Experia Z3_opera_15]" classname="se.redmind.rmtest.selenium.example.RandomClass1(20150317-080346)" time="0.43777514">
	<failure type="java.lang.AssertionError:">java.lang.AssertionError: null
		at org.junit.Assert.fail(Assert.java:86)
		at org.junit.Assert.assertTrue(Assert.java:41)
		at org.junit.Assert.assertTrue(Assert.java:52)
		at se.redmind.rmtest.selenium.example.CreateRandomRes3.random14(CreateRandomRes3.java:128)
	</failure>
</testcase>
<testcase name="random1[IOS_8.2_iPhone 6_firefox_31]" classname="se.redmind.rmtest.selenium.example.RandomClass1(20150317-080346)" time="0.66884315"/>
<testcase name="random1[IOS_8.2_iPhone 6_chrome_42]" classname="se.redmind.rmtest.selenium.example.RandomClass1(20150317-080346)" time="0.70199656">
	<failure type="java.lang.AssertionError:">java.lang.AssertionError: null
		at org.junit.Assert.fail(Assert.java:86)
		at org.junit.Assert.assertTrue(Assert.java:41)
		at org.junit.Assert.assertTrue(Assert.java:52)
		at se.redmind.rmtest.selenium.example.CreateRandomRes3.random14(CreateRandomRes3.java:128)
	</failure>
</testcase>
<testcase name="random1[IOS_8.2_iPhone 6_explorer_10]" classname="se.redmind.rmtest.selenium.example.RandomClass1(20150317-080346)" time="0.06276691">
	<failure type="java.lang.AssertionError:">java.lang.AssertionError: null
		at org.junit.Assert.fail(Assert.java:86)
		at org.junit.Assert.assertTrue(Assert.java:41)
		at org.junit.Assert.assertTrue(Assert.java:52)
		at se.redmind.rmtest.selenium.example.CreateRandomRes3.random14(CreateRandomRes3.java:128)
	</failure>
</testcase>
<testcase name="random1[IOS_8.2_iPhone 6_opera_15]" classname="se.redmind.rmtest.selenium.example.RandomClass1(20150317-080346)" time="1.1101705">
	<failure type="java.lang.AssertionError:">java.lang.AssertionError: null
		at org.junit.Assert.fail(Assert.java:86)
		at org.junit.Assert.assertTrue(Assert.java:41)
		at org.junit.Assert.assertTrue(Assert.java:52)
		at se.redmind.rmtest.selenium.example.CreateRandomRes3.random14(CreateRandomRes3.java:128)
	</failure>
</testcase>
<testcase name="random1[IOS_4_iPhone 3Gs_firefox_31]" classname="se.redmind.rmtest.selenium.example.RandomClass1(20150317-080346)" time="1.1014934"/>
<testcase name="random1[IOS_4_iPhone 3Gs_chrome_42]" classname="se.redmind.rmtest.selenium.example.RandomClass1(20150317-080346)" time="1.6095272">
	<failure type="java.lang.AssertionError:">java.lang.AssertionError: null
		at org.junit.Assert.fail(Assert.java:86)
		at org.junit.Assert.assertTrue(Assert.java:41)
		at org.junit.Assert.assertTrue(Assert.java:52)
		at se.redmind.rmtest.selenium.example.CreateRandomRes3.random14(CreateRandomRes3.java:128)
	</failure>
</testcase>
<testcase name="random1[IOS_4_iPhone 3Gs_explorer_10]" classname="se.redmind.rmtest.selenium.example.RandomClass1(20150317-080346)" time="1.5893179"/>
<testcase name="random1[IOS_4_iPhone 3Gs_opera_15]" classname="se.redmind.rmtest.selenium.example.RandomClass1(20150317-080346)" time="1.4586881">
	<failure type="java.lang.AssertionError:">java.lang.AssertionError: null
		at org.junit.Assert.fail(Assert.java:86)
		at org.junit.Assert.assertTrue(Assert.java:41)
		at org.junit.Assert.assertTrue(Assert.java:52)
		at se.redmind.rmtest.selenium.example.CreateRandomRes3.random14(CreateRandomRes3.java:128)
	</failure>
</testcase>
<testcase name="random1[OSX_10.9.5_UNKNOWN_firefox_31]" classname="se.redmind.rmtest.selenium.example.RandomClass1(20150317-080346)" time="1.3912762"/>
<testcase name="random1[OSX_10.9.5_UNKNOWN_chrome_42]" classname="se.redmind.rmtest.selenium.example.RandomClass1(20150317-080346)" time="1.9309217"/>
<testcase name="random1[OSX_10.9.5_UNKNOWN_explorer_10]" classname="se.redmind.rmtest.selenium.example.RandomClass1(20150317-080346)" time="0.15905821">
	<failure type="java.lang.AssertionError:">java.lang.AssertionError: null
		at org.junit.Assert.fail(Assert.java:86)
		at org.junit.Assert.assertTrue(Assert.java:41)
		at org.junit.Assert.assertTrue(Assert.java:52)
		at se.redmind.rmtest.selenium.example.CreateRandomRes3.random14(CreateRandomRes3.java:128)
	</failure>
</testcase>
<testcase name="random1[OSX_10.9.5_UNKNOWN_opera_15]" classname="se.redmind.rmtest.selenium.example.RandomClass1(20150317-080346)" time="0.49051">
	<failure type="java.lang.AssertionError:">java.lang.AssertionError: null
		at org.junit.Assert.fail(Assert.java:86)
		at org.junit.Assert.assertTrue(Assert.java:41)
		at org.junit.Assert.assertTrue(Assert.java:52)
		at se.redmind.rmtest.selenium.example.CreateRandomRes3.random14(CreateRandomRes3.java:128)
	</failure>
</testcase>
<testcase name="random1[Windows_8.1_UNKNOWN_firefox_31]" classname="se.redmind.rmtest.selenium.example.RandomClass1(20150317-080346)" time="0.2793466">
	<failure type="java.lang.AssertionError:">java.lang.AssertionError: null
		at org.junit.Assert.fail(Assert.java:86)
		at org.junit.Assert.assertTrue(Assert.java:41)
		at org.junit.Assert.assertTrue(Assert.java:52)
		at se.redmind.rmtest.selenium.example.CreateRandomRes3.random14(CreateRandomRes3.java:128)
	</failure>
</testcase>
<testcase name="random1[Windows_8.1_UNKNOWN_chrome_42]" classname="se.redmind.rmtest.selenium.example.RandomClass1(20150317-080346)" time="1.0354277"/>
<testcase name="random1[Windows_8.1_UNKNOWN_explorer_10]" classname="se.redmind.rmtest.selenium.example.RandomClass1(20150317-080346)" time="1.6849475">
	<failure type="java.lang.AssertionError:">java.lang.AssertionError: null
		at org.junit.Assert.fail(Assert.java:86)
		at org.junit.Assert.assertTrue(Assert.java:41)
		at org.junit.Assert.assertTrue(Assert.java:52)
		at se.redmind.rmtest.selenium.example.CreateRandomRes3.random14(CreateRandomRes3.java:128)
	</failure>
</testcase>
<testcase name="random1[Windows_8.1_UNKNOWN_opera_15]" classname="se.redmind.rmtest.selenium.example.RandomClass1(20150317-080346)" time="0.8168814"/>
<testcase name="random1[Windows_10_UNKNOWN_firefox_31]" classname="se.redmind.rmtest.selenium.example.RandomClass1(20150317-080346)" time="0.98898804"/>
<testcase name="random1[Windows_10_UNKNOWN_chrome_42]" classname="se.redmind.rmtest.selenium.example.RandomClass1(20150317-080346)" time="1.0163373"/>
<testcase name="random1[Windows_10_UNKNOWN_explorer_10]" classname="se.redmind.rmtest.selenium.example.RandomClass1(20150317-080346)" time="1.2096527">
	<error type="java.lang.AssertionError:">java.lang.AssertionError: null
		at org.junit.Assert.fail(Assert.java:86)
		at org.junit.Assert.assertTrue(Assert.java:41)
		at org.junit.Assert.assertTrue(Assert.java:52)
		at se.redmind.rmtest.selenium.example.CreateRandomRes3.random14(CreateRandomRes3.java:128)
	</error>
</testcase>
<testcase name="random1[Windows_10_UNKNOWN_opera_15]" classname="se.redmind.rmtest.selenium.example.RandomClass1(20150317-080346)" time="1.823942">
	<failure type="java.lang.AssertionError:">java.lang.AssertionError: null
		at org.junit.Assert.fail(Assert.java:86)
		at org.junit.Assert.assertTrue(Assert.java:41)
		at org.junit.Assert.assertTrue(Assert.java:52)
		at se.redmind.rmtest.selenium.example.CreateRandomRes3.random14(CreateRandomRes3.java:128)
	</failure>
</testcase>
<testcase name="random1[Ubuntu_14.04_UNKNOWN_firefox_31]" classname="se.redmind.rmtest.selenium.example.RandomClass1(20150317-080346)" time="0.3898884"/>
<testcase name="random1[Ubuntu_14.04_UNKNOWN_chrome_42]" classname="se.redmind.rmtest.selenium.example.RandomClass1(20150317-080346)" time="1.8344034"/>
<testcase name="random1[Ubuntu_14.04_UNKNOWN_explorer_10]" classname="se.redmind.rmtest.selenium.example.RandomClass1(20150317-080346)" time="0.34658706">
	<failure type="java.lang.AssertionError:">java.lang.AssertionError: null
		at org.junit.Assert.fail(Assert.java:86)
		at org.junit.Assert.assertTrue(Assert.java:41)
		at org.junit.Assert.assertTrue(Assert.java:52)
		at se.redmind.rmtest.selenium.example.CreateRandomRes3.random14(CreateRandomRes3.java:128)
	</failure>
</testcase>
<testcase name="random1[Ubuntu_14.04_UNKNOWN_opera_15]" classname="se.redmind.rmtest.selenium.example.RandomClass1(20150317-080346)" time="1.6219168">
	<failure type="java.lang.AssertionError:">java.lang.AssertionError: null
		at org.junit.Assert.fail(Assert.java:86)
		at org.junit.Assert.assertTrue(Assert.java:41)
		at org.junit.Assert.assertTrue(Assert.java:52)
		at se.redmind.rmtest.selenium.example.CreateRandomRes3.random14(CreateRandomRes3.java:128)
	</failure>
</testcase>
<testcase name="random1[Ubuntu_12.10_UNKNOWN_firefox_31]" classname="se.redmind.rmtest.selenium.example.RandomClass1(20150317-080346)" time="1.2825259">
	<failure type="java.lang.AssertionError:">java.lang.AssertionError: null
		at org.junit.Assert.fail(Assert.java:86)
		at org.junit.Assert.assertTrue(Assert.java:41)
		at org.junit.Assert.assertTrue(Assert.java:52)
		at se.redmind.rmtest.selenium.example.CreateRandomRes3.random14(CreateRandomRes3.java:128)
	</failure>
</testcase>
<testcase name="random1[Ubuntu_12.10_UNKNOWN_chrome_42]" classname="se.redmind.rmtest.selenium.example.RandomClass1(20150317-080346)" time="1.3111717"/>
<testcase name="random1[Ubuntu_12.10_UNKNOWN_explorer_10]" classname="se.redmind.rmtest.selenium.example.RandomClass1(20150317-080346)" time="0.47986734"/>
<testcase name="random1[Ubuntu_12.10_UNKNOWN_opera_15]" classname="se.redmind.rmtest.selenium.example.RandomClass1(20150317-080346)" time="1.3129603">
	<failure type="java.lang.AssertionError:">java.lang.AssertionError: null
		at org.junit.Assert.fail(Assert.java:86)
		at org.junit.Assert.assertTrue(Assert.java:41)
		at org.junit.Assert.assertTrue(Assert.java:52)
		at se.redmind.rmtest.selenium.example.CreateRandomRes3.random14(CreateRandomRes3.java:128)
	</failure>
</testcase>
<testcase name="random2[Android_4.4.4_HTC ONE_firefox_31]" classname="se.redmind.rmtest.selenium.example.RandomClass1(20150317-080346)" time="0.40104938">
	<failure type="java.lang.AssertionError:">java.lang.AssertionError: null
		at org.junit.Assert.fail(Assert.java:86)
		at org.junit.Assert.assertTrue(Assert.java:41)
		at org.junit.Assert.assertTrue(Assert.java:52)
		at se.redmind.rmtest.selenium.example.CreateRandomRes3.random14(CreateRandomRes3.java:128)
	</failure>
</testcase>
<testcase name="random2[Android_4.4.4_HTC ONE_chrome_42]" classname="se.redmind.rmtest.selenium.example.RandomClass1(20150317-080346)" time="1.4931526"/>
<testcase name="random2[Android_4.4.4_HTC ONE_explorer_10]" classname="se.redmind.rmtest.selenium.example.RandomClass1(20150317-080346)" time="1.0505631">
	<failure type="java.lang.AssertionError:">java.lang.AssertionError: null
		at org.junit.Assert.fail(Assert.java:86)
		at org.junit.Assert.assertTrue(Assert.java:41)
		at org.junit.Assert.assertTrue(Assert.java:52)
		at se.redmind.rmtest.selenium.example.CreateRandomRes3.random14(CreateRandomRes3.java:128)
	</failure>
</testcase>
<testcase name="random2[Android_4.4.4_HTC ONE_opera_15]" classname="se.redmind.rmtest.selenium.example.RandomClass1(20150317-080346)" time="1.0371791"/>
<testcase name="random2[Android_5.1_Nexus 6_firefox_31]" classname="se.redmind.rmtest.selenium.example.RandomClass1(20150317-080346)" time="1.0163633"/>
<testcase name="random2[Android_5.1_Nexus 6_chrome_42]" classname="se.redmind.rmtest.selenium.example.RandomClass1(20150317-080346)" time="0.7453612">
	<failure type="java.lang.AssertionError:">java.lang.AssertionError: null
		at org.junit.Assert.fail(Assert.java:86)
		at org.junit.Assert.assertTrue(Assert.java:41)
		at org.junit.Assert.assertTrue(Assert.java:52)
		at se.redmind.rmtest.selenium.example.CreateRandomRes3.random14(CreateRandomRes3.java:128)
	</failure>
</testcase>
<testcase name="random2[Android_5.1_Nexus 6_explorer_10]" classname="se.redmind.rmtest.selenium.example.RandomClass1(20150317-080346)" time="0.9899918">
	<failure type="java.lang.AssertionError:">java.lang.AssertionError: null
		at org.junit.Assert.fail(Assert.java:86)
		at org.junit.Assert.assertTrue(Assert.java:41)
		at org.junit.Assert.assertTrue(Assert.java:52)
		at se.redmind.rmtest.selenium.example.CreateRandomRes3.random14(CreateRandomRes3.java:128)
	</failure>
</testcase>
<testcase name="random2[Android_5.1_Nexus 6_opera_15]" classname="se.redmind.rmtest.selenium.example.RandomClass1(20150317-080346)" time="1.653496"/>
<testcase name="random2[Android_2.3_VeiVei_firefox_31]" classname="se.redmind.rmtest.selenium.example.RandomClass1(20150317-080346)" time="1.413367">
	<failure type="java.lang.AssertionError:">java.lang.AssertionError: null
		at org.junit.Assert.fail(Assert.java:86)
		at org.junit.Assert.assertTrue(Assert.java:41)
		at org.junit.Assert.assertTrue(Assert.java:52)
		at se.redmind.rmtest.selenium.example.CreateRandomRes3.random14(CreateRandomRes3.java:128)
	</failure>
</testcase>
<testcase name="random2[Android_2.3_VeiVei_chrome_42]" classname="se.redmind.rmtest.selenium.example.RandomClass1(20150317-080346)" time="0.30466294">
	<failure type="java.lang.AssertionError:">java.lang.AssertionError: null
		at org.junit.Assert.fail(Assert.java:86)
		at org.junit.Assert.assertTrue(Assert.java:41)
		at org.junit.Assert.assertTrue(Assert.java:52)
		at se.redmind.rmtest.selenium.example.CreateRandomRes3.random14(CreateRandomRes3.java:128)
	</failure>
</testcase>
<testcase name="random2[Android_2.3_VeiVei_explorer_10]" classname="se.redmind.rmtest.selenium.example.RandomClass1(20150317-080346)" time="0.92169344">
	<failure type="java.lang.AssertionError:">java.lang.AssertionError: null
		at org.junit.Assert.fail(Assert.java:86)
		at org.junit.Assert.assertTrue(Assert.java:41)
		at org.junit.Assert.assertTrue(Assert.java:52)
		at se.redmind.rmtest.selenium.example.CreateRandomRes3.random14(CreateRandomRes3.java:128)
	</failure>
</testcase>
<testcase name="random2[Android_2.3_VeiVei_opera_15]" classname="se.redmind.rmtest.selenium.example.RandomClass1(20150317-080346)" time="1.7424235">
	<failure type="java.lang.AssertionError:">java.lang.AssertionError: null
		at org.junit.Assert.fail(Assert.java:86)
		at org.junit.Assert.assertTrue(Assert.java:41)
		at org.junit.Assert.assertTrue(Assert.java:52)
		at se.redmind.rmtest.selenium.example.CreateRandomRes3.random14(CreateRandomRes3.java:128)
	</failure>
</testcase>
<testcase name="random2[Android_4.4.4_Sony Experia Z3_firefox_31]" classname="se.redmind.rmtest.selenium.example.RandomClass1(20150317-080346)" time="0.061131">
	<failure type="java.lang.AssertionError:">java.lang.AssertionError: null
		at org.junit.Assert.fail(Assert.java:86)
		at org.junit.Assert.assertTrue(Assert.java:41)
		at org.junit.Assert.assertTrue(Assert.java:52)
		at se.redmind.rmtest.selenium.example.CreateRandomRes3.random14(CreateRandomRes3.java:128)
	</failure>
</testcase>
<testcase name="random2[Android_4.4.4_Sony Experia Z3_chrome_42]" classname="se.redmind.rmtest.selenium.example.RandomClass1(20150317-080346)" time="1.011757">
	<failure type="java.lang.AssertionError:">java.lang.AssertionError: null
		at org.junit.Assert.fail(Assert.java:86)
		at org.junit.Assert.assertTrue(Assert.java:41)
		at org.junit.Assert.assertTrue(Assert.java:52)
		at se.redmind.rmtest.selenium.example.CreateRandomRes3.random14(CreateRandomRes3.java:128)
	</failure>
</testcase>
<testcase name="random2[Android_4.4.4_Sony Experia Z3_explorer_10]" classname="se.redmind.rmtest.selenium.example.RandomClass1(20150317-080346)" time="0.4543537">
	<failure type="java.lang.AssertionError:">java.lang.AssertionError: null
		at org.junit.Assert.fail(Assert.java:86)
		at org.junit.Assert.assertTrue(Assert.java:41)
		at org.junit.Assert.assertTrue(Assert.java:52)
		at se.redmind.rmtest.selenium.example.CreateRandomRes3.random14(CreateRandomRes3.java:128)
	</failure>
</testcase>
<testcase name="random2[Android_4.4.4_Sony Experia Z3_opera_15]" classname="se.redmind.rmtest.selenium.example.RandomClass1(20150317-080346)" time="1.107219">
	<failure type="java.lang.AssertionError:">java.lang.AssertionError: null
		at org.junit.Assert.fail(Assert.java:86)
		at org.junit.Assert.assertTrue(Assert.java:41)
		at org.junit.Assert.assertTrue(Assert.java:52)
		at se.redmind.rmtest.selenium.example.CreateRandomRes3.random14(CreateRandomRes3.java:128)
	</failure>
</testcase>
<testcase name="random2[IOS_8.2_iPhone 6_firefox_31]" classname="se.redmind.rmtest.selenium.example.RandomClass1(20150317-080346)" time="1.6235576">
	<failure type="java.lang.AssertionError:">java.lang.AssertionError: null
		at org.junit.Assert.fail(Assert.java:86)
		at org.junit.Assert.assertTrue(Assert.java:41)
		at org.junit.Assert.assertTrue(Assert.java:52)
		at se.redmind.rmtest.selenium.example.CreateRandomRes3.random14(CreateRandomRes3.java:128)
	</failure>
</testcase>
<testcase name="random2[IOS_8.2_iPhone 6_chrome_42]" classname="se.redmind.rmtest.selenium.example.RandomClass1(20150317-080346)" time="0.94101834">
	<failure type="java.lang.AssertionError:">java.lang.AssertionError: null
		at org.junit.Assert.fail(Assert.java:86)
		at org.junit.Assert.assertTrue(Assert.java:41)
		at org.junit.Assert.assertTrue(Assert.java:52)
		at se.redmind.rmtest.selenium.example.CreateRandomRes3.random14(CreateRandomRes3.java:128)
	</failure>
</testcase>
<testcase name="random2[IOS_8.2_iPhone 6_explorer_10]" classname="se.redmind.rmtest.selenium.example.RandomClass1(20150317-080346)" time="1.228397">
	<failure type="java.lang.AssertionError:">java.lang.AssertionError: null
		at org.junit.Assert.fail(Assert.java:86)
		at org.junit.Assert.assertTrue(Assert.java:41)
		at org.junit.Assert.assertTrue(Assert.java:52)
		at se.redmind.rmtest.selenium.example.CreateRandomRes3.random14(CreateRandomRes3.java:128)
	</failure>
</testcase>
<testcase name="random2[IOS_8.2_iPhone 6_opera_15]" classname="se.redmind.rmtest.selenium.example.RandomClass1(20150317-080346)" time="1.690134">
	<failure type="java.lang.AssertionError:">java.lang.AssertionError: null
		at org.junit.Assert.fail(Assert.java:86)
		at org.junit.Assert.assertTrue(Assert.java:41)
		at org.junit.Assert.assertTrue(Assert.java:52)
		at se.redmind.rmtest.selenium.example.CreateRandomRes3.random14(CreateRandomRes3.java:128)
	</failure>
</testcase>
<testcase name="random2[IOS_4_iPhone 3Gs_firefox_31]" classname="se.redmind.rmtest.selenium.example.RandomClass1(20150317-080346)" time="1.6435527"/>
<testcase name="random2[IOS_4_iPhone 3Gs_chrome_42]" classname="se.redmind.rmtest.selenium.example.RandomClass1(20150317-080346)" time="0.0073776245"/>
<testcase name="random2[IOS_4_iPhone 3Gs_explorer_10]" classname="se.redmind.rmtest.selenium.example.RandomClass1(20150317-080346)" time="0.6842325"/>
<testcase name="random2[IOS_4_iPhone 3Gs_opera_15]" classname="se.redmind.rmtest.selenium.example.RandomClass1(20150317-080346)" time="0.8897791">
	<failure type="java.lang.AssertionError:">java.lang.AssertionError: null
		at org.junit.Assert.fail(Assert.java:86)
		at org.junit.Assert.assertTrue(Assert.java:41)
		at org.junit.Assert.assertTrue(Assert.java:52)
		at se.redmind.rmtest.selenium.example.CreateRandomRes3.random14(CreateRandomRes3.java:128)
	</failure>
</testcase>
<testcase name="random2[OSX_10.9.5_UNKNOWN_firefox_31]" classname="se.redmind.rmtest.selenium.example.RandomClass1(20150317-080346)" time="1.1826682">
	<failure type="java.lang.AssertionError:">java.lang.AssertionError: null
		at org.junit.Assert.fail(Assert.java:86)
		at org.junit.Assert.assertTrue(Assert.java:41)
		at org.junit.Assert.assertTrue(Assert.java:52)
		at se.redmind.rmtest.selenium.example.CreateRandomRes3.random14(CreateRandomRes3.java:128)
	</failure>
</testcase>
<testcase name="random2[OSX_10.9.5_UNKNOWN_chrome_42]" classname="se.redmind.rmtest.selenium.example.RandomClass1(20150317-080346)" time="1.229388">
	<failure type="java.lang.AssertionError:">java.lang.AssertionError: null
		at org.junit.Assert.fail(Assert.java:86)
		at org.junit.Assert.assertTrue(Assert.java:41)
		at org.junit.Assert.assertTrue(Assert.java:52)
		at se.redmind.rmtest.selenium.example.CreateRandomRes3.random14(CreateRandomRes3.java:128)
	</failure>
</testcase>
<testcase name="random2[OSX_10.9.5_UNKNOWN_explorer_10]" classname="se.redmind.rmtest.selenium.example.RandomClass1(20150317-080346)" time="1.9726629">
	<failure type="java.lang.AssertionError:">java.lang.AssertionError: null
		at org.junit.Assert.fail(Assert.java:86)
		at org.junit.Assert.assertTrue(Assert.java:41)
		at org.junit.Assert.assertTrue(Assert.java:52)
		at se.redmind.rmtest.selenium.example.CreateRandomRes3.random14(CreateRandomRes3.java:128)
	</failure>
</testcase>
<testcase name="random2[OSX_10.9.5_UNKNOWN_opera_15]" classname="se.redmind.rmtest.selenium.example.RandomClass1(20150317-080346)" time="0.746169">
	<failure type="java.lang.AssertionError:">java.lang.AssertionError: null
		at org.junit.Assert.fail(Assert.java:86)
		at org.junit.Assert.assertTrue(Assert.java:41)
		at org.junit.Assert.assertTrue(Assert.java:52)
		at se.redmind.rmtest.selenium.example.CreateRandomRes3.random14(CreateRandomRes3.java:128)
	</failure>
</testcase>
<testcase name="random2[Windows_8.1_UNKNOWN_firefox_31]" classname="se.redmind.rmtest.selenium.example.RandomClass1(20150317-080346)" time="0.53283083">
	<failure type="java.lang.AssertionError:">java.lang.AssertionError: null
		at org.junit.Assert.fail(Assert.java:86)
		at org.junit.Assert.assertTrue(Assert.java:41)
		at org.junit.Assert.assertTrue(Assert.java:52)
		at se.redmind.rmtest.selenium.example.CreateRandomRes3.random14(CreateRandomRes3.java:128)
	</failure>
</testcase>
<testcase name="random2[Windows_8.1_UNKNOWN_chrome_42]" classname="se.redmind.rmtest.selenium.example.RandomClass1(20150317-080346)" time="0.047999978"/>
<testcase name="random2[Windows_8.1_UNKNOWN_explorer_10]" classname="se.redmind.rmtest.selenium.example.RandomClass1(20150317-080346)" time="0.82620084">
	<error type="java.lang.AssertionError:">java.lang.AssertionError: null
		at org.junit.Assert.fail(Assert.java:86)
		at org.junit.Assert.assertTrue(Assert.java:41)
		at org.junit.Assert.assertTrue(Assert.java:52)
		at se.redmind.rmtest.selenium.example.CreateRandomRes3.random14(CreateRandomRes3.java:128)
	</error>
</testcase>
<testcase name="random2[Windows_8.1_UNKNOWN_opera_15]" classname="se.redmind.rmtest.selenium.example.RandomClass1(20150317-080346)" time="1.576866">
	<failure type="java.lang.AssertionError:">java.lang.AssertionError: null
		at org.junit.Assert.fail(Assert.java:86)
		at org.junit.Assert.assertTrue(Assert.java:41)
		at org.junit.Assert.assertTrue(Assert.java:52)
		at se.redmind.rmtest.selenium.example.CreateRandomRes3.random14(CreateRandomRes3.java:128)
	</failure>
</testcase>
<testcase name="random2[Windows_10_UNKNOWN_firefox_31]" classname="se.redmind.rmtest.selenium.example.RandomClass1(20150317-080346)" time="0.18108141"/>
<testcase name="random2[Windows_10_UNKNOWN_chrome_42]" classname="se.redmind.rmtest.selenium.example.RandomClass1(20150317-080346)" time="0.66470456"/>
<testcase name="random2[Windows_10_UNKNOWN_explorer_10]" classname="se.redmind.rmtest.selenium.example.RandomClass1(20150317-080346)" time="0.21235967">
	<failure type="java.lang.AssertionError:">java.lang.AssertionError: null
		at org.junit.Assert.fail(Assert.java:86)
		at org.junit.Assert.assertTrue(Assert.java:41)
		at org.junit.Assert.assertTrue(Assert.java:52)
		at se.redmind.rmtest.selenium.example.CreateRandomRes3.random14(CreateRandomRes3.java:128)
	</failure>
</testcase>
<testcase name="random2[Windows_10_UNKNOWN_opera_15]" classname="se.redmind.rmtest.selenium.example.RandomClass1(20150317-080346)" time="0.7685764">
	<failure type="java.lang.AssertionError:">java.lang.AssertionError: null
		at org.junit.Assert.fail(Assert.java:86)
		at org.junit.Assert.assertTrue(Assert.java:41)
		at org.junit.Assert.assertTrue(Assert.java:52)
		at se.redmind.rmtest.selenium.example.CreateRandomRes3.random14(CreateRandomRes3.java:128)
	</failure>
</testcase>
<testcase name="random2[Ubuntu_14.04_UNKNOWN_firefox_31]" classname="se.redmind.rmtest.selenium.example.RandomClass1(20150317-080346)" time="1.2702911">
	<failure type="java.lang.AssertionError:">java.lang.AssertionError: null
		at org.junit.Assert.fail(Assert.java:86)
		at org.junit.Assert.assertTrue(Assert.java:41)
		at org.junit.Assert.assertTrue(Assert.java:52)
		at se.redmind.rmtest.selenium.example.CreateRandomRes3.random14(CreateRandomRes3.java:128)
	</failure>
</testcase>
<testcase name="random2[Ubuntu_14.04_UNKNOWN_chrome_42]" classname="se.redmind.rmtest.selenium.example.RandomClass1(20150317-080346)" time="1.6368177"/>
<testcase name="random2[Ubuntu_14.04_UNKNOWN_explorer_10]" classname="se.redmind.rmtest.selenium.example.RandomClass1(20150317-080346)" time="0.57230365">
	<failure type="java.lang.AssertionError:">java.lang.AssertionError: null
		at org.junit.Assert.fail(Assert.java:86)
		at org.junit.Assert.assertTrue(Assert.java:41)
		at org.junit.Assert.assertTrue(Assert.java:52)
		at se.redmind.rmtest.selenium.example.CreateRandomRes3.random14(CreateRandomRes3.java:128)
	</failure>
</testcase>
<testcase name="random2[Ubuntu_14.04_UNKNOWN_opera_15]" classname="se.redmind.rmtest.selenium.example.RandomClass1(20150317-080346)" time="1.9267412">
	<failure type="java.lang.AssertionError:">java.lang.AssertionError: null
		at org.junit.Assert.fail(Assert.java:86)
		at org.junit.Assert.assertTrue(Assert.java:41)
		at org.junit.Assert.assertTrue(Assert.java:52)
		at se.redmind.rmtest.selenium.example.CreateRandomRes3.random14(CreateRandomRes3.java:128)
	</failure>
</testcase>
<testcase name="random2[Ubuntu_12.10_UNKNOWN_firefox_31]" classname="se.redmind.rmtest.selenium.example.RandomClass1(20150317-080346)" time="0.2697016">
	<failure type="java.lang.AssertionError:">java.lang.AssertionError: null
		at org.junit.Assert.fail(Assert.java:86)
		at org.junit.Assert.assertTrue(Assert.java:41)
		at org.junit.Assert.assertTrue(Assert.java:52)
		at se.redmind.rmtest.selenium.example.CreateRandomRes3.random14(CreateRandomRes3.java:128)
	</failure>
</testcase>
<testcase name="random2[Ubuntu_12.10_UNKNOWN_chrome_42]" classname="se.redmind.rmtest.selenium.example.RandomClass1(20150317-080346)" time="0.46269238">
	<failure type="java.lang.AssertionError:">java.lang.AssertionError: null
		at org.junit.Assert.fail(Assert.java:86)
		at org.junit.Assert.assertTrue(Assert.java:41)
		at org.junit.Assert.assertTrue(Assert.java:52)
		at se.redmind.rmtest.selenium.example.CreateRandomRes3.random14(CreateRandomRes3.java:128)
	</failure>
</testcase>
<testcase name="random2[Ubuntu_12.10_UNKNOWN_explorer_10]" classname="se.redmind.rmtest.selenium.example.RandomClass1(20150317-080346)" time="1.7810432">
	<failure type="java.lang.AssertionError:">java.lang.AssertionError: null
		at org.junit.Assert.fail(Assert.java:86)
		at org.junit.Assert.assertTrue(Assert.java:41)
		at org.junit.Assert.assertTrue(Assert.java:52)
		at se.redmind.rmtest.selenium.example.CreateRandomRes3.random14(CreateRandomRes3.java:128)
	</failure>
</testcase>
<testcase name="random2[Ubuntu_12.10_UNKNOWN_opera_15]" classname="se.redmind.rmtest.selenium.example.RandomClass1(20150317-080346)" time="0.65648353">
	<failure type="java.lang.AssertionError:">java.lang.AssertionError: null
		at org.junit.Assert.fail(Assert.java:86)
		at org.junit.Assert.assertTrue(Assert.java:41)
		at org.junit.Assert.assertTrue(Assert.java:52)
		at se.redmind.rmtest.selenium.example.CreateRandomRes3.random14(CreateRandomRes3.java:128)
	</failure>
</testcase>
<testcase name="random3[Android_4.4.4_HTC ONE_firefox_31]" classname="se.redmind.rmtest.selenium.example.RandomClass1(20150317-080346)" time="1.3534857">
	<failure type="java.lang.AssertionError:">java.lang.AssertionError: null
		at org.junit.Assert.fail(Assert.java:86)
		at org.junit.Assert.assertTrue(Assert.java:41)
		at org.junit.Assert.assertTrue(Assert.java:52)
		at se.redmind.rmtest.selenium.example.CreateRandomRes3.random14(CreateRandomRes3.java:128)
	</failure>
</testcase>
<testcase name="random3[Android_4.4.4_HTC ONE_chrome_42]" classname="se.redmind.rmtest.selenium.example.RandomClass1(20150317-080346)" time="0.47435904">
	<failure type="java.lang.AssertionError:">java.lang.AssertionError: null
		at org.junit.Assert.fail(Assert.java:86)
		at org.junit.Assert.assertTrue(Assert.java:41)
		at org.junit.Assert.assertTrue(Assert.java:52)
		at se.redmind.rmtest.selenium.example.CreateRandomRes3.random14(CreateRandomRes3.java:128)
	</failure>
</testcase>
<testcase name="random3[Android_4.4.4_HTC ONE_explorer_10]" classname="se.redmind.rmtest.selenium.example.RandomClass1(20150317-080346)" time="1.8445922">
	<error type="java.lang.AssertionError:">java.lang.AssertionError: null
		at org.junit.Assert.fail(Assert.java:86)
		at org.junit.Assert.assertTrue(Assert.java:41)
		at org.junit.Assert.assertTrue(Assert.java:52)
		at se.redmind.rmtest.selenium.example.CreateRandomRes3.random14(CreateRandomRes3.java:128)
	</error>
</testcase>
<testcase name="random3[Android_4.4.4_HTC ONE_opera_15]" classname="se.redmind.rmtest.selenium.example.RandomClass1(20150317-080346)" time="1.5064636"/>
<testcase name="random3[Android_5.1_Nexus 6_firefox_31]" classname="se.redmind.rmtest.selenium.example.RandomClass1(20150317-080346)" time="0.4986037"/>
<testcase name="random3[Android_5.1_Nexus 6_chrome_42]" classname="se.redmind.rmtest.selenium.example.RandomClass1(20150317-080346)" time="0.73211">
	<failure type="java.lang.AssertionError:">java.lang.AssertionError: null
		at org.junit.Assert.fail(Assert.java:86)
		at org.junit.Assert.assertTrue(Assert.java:41)
		at org.junit.Assert.assertTrue(Assert.java:52)
		at se.redmind.rmtest.selenium.example.CreateRandomRes3.random14(CreateRandomRes3.java:128)
	</failure>
</testcase>
<testcase name="random3[Android_5.1_Nexus 6_explorer_10]" classname="se.redmind.rmtest.selenium.example.RandomClass1(20150317-080346)" time="0.5107249">
	<error type="java.lang.AssertionError:">java.lang.AssertionError: null
		at org.junit.Assert.fail(Assert.java:86)
		at org.junit.Assert.assertTrue(Assert.java:41)
		at org.junit.Assert.assertTrue(Assert.java:52)
		at se.redmind.rmtest.selenium.example.CreateRandomRes3.random14(CreateRandomRes3.java:128)
	</error>
</testcase>
<testcase name="random3[Android_5.1_Nexus 6_opera_15]" classname="se.redmind.rmtest.selenium.example.RandomClass1(20150317-080346)" time="0.51266575"/>
<testcase name="random3[Android_2.3_VeiVei_firefox_31]" classname="se.redmind.rmtest.selenium.example.RandomClass1(20150317-080346)" time="1.0791804">
	<failure type="java.lang.AssertionError:">java.lang.AssertionError: null
		at org.junit.Assert.fail(Assert.java:86)
		at org.junit.Assert.assertTrue(Assert.java:41)
		at org.junit.Assert.assertTrue(Assert.java:52)
		at se.redmind.rmtest.selenium.example.CreateRandomRes3.random14(CreateRandomRes3.java:128)
	</failure>
</testcase>
<testcase name="random3[Android_2.3_VeiVei_chrome_42]" classname="se.redmind.rmtest.selenium.example.RandomClass1(20150317-080346)" time="1.333911">
	<failure type="java.lang.AssertionError:">java.lang.AssertionError: null
		at org.junit.Assert.fail(Assert.java:86)
		at org.junit.Assert.assertTrue(Assert.java:41)
		at org.junit.Assert.assertTrue(Assert.java:52)
		at se.redmind.rmtest.selenium.example.CreateRandomRes3.random14(CreateRandomRes3.java:128)
	</failure>
</testcase>
<testcase name="random3[Android_2.3_VeiVei_explorer_10]" classname="se.redmind.rmtest.selenium.example.RandomClass1(20150317-080346)" time="0.43377554"/>
<testcase name="random3[Android_2.3_VeiVei_opera_15]" classname="se.redmind.rmtest.selenium.example.RandomClass1(20150317-080346)" time="0.98775065"/>
<testcase name="random3[Android_4.4.4_Sony Experia Z3_firefox_31]" classname="se.redmind.rmtest.selenium.example.RandomClass1(20150317-080346)" time="0.9264426">
	<error type="java.lang.AssertionError:">java.lang.AssertionError: null
		at org.junit.Assert.fail(Assert.java:86)
		at org.junit.Assert.assertTrue(Assert.java:41)
		at org.junit.Assert.assertTrue(Assert.java:52)
		at se.redmind.rmtest.selenium.example.CreateRandomRes3.random14(CreateRandomRes3.java:128)
	</error>
</testcase>
<testcase name="random3[Android_4.4.4_Sony Experia Z3_chrome_42]" classname="se.redmind.rmtest.selenium.example.RandomClass1(20150317-080346)" time="0.268726">
	<failure type="java.lang.AssertionError:">java.lang.AssertionError: null
		at org.junit.Assert.fail(Assert.java:86)
		at org.junit.Assert.assertTrue(Assert.java:41)
		at org.junit.Assert.assertTrue(Assert.java:52)
		at se.redmind.rmtest.selenium.example.CreateRandomRes3.random14(CreateRandomRes3.java:128)
	</failure>
</testcase>
<testcase name="random3[Android_4.4.4_Sony Experia Z3_explorer_10]" classname="se.redmind.rmtest.selenium.example.RandomClass1(20150317-080346)" time="1.0898056">
	<error type="java.lang.AssertionError:">java.lang.AssertionError: null
		at org.junit.Assert.fail(Assert.java:86)
		at org.junit.Assert.assertTrue(Assert.java:41)
		at org.junit.Assert.assertTrue(Assert.java:52)
		at se.redmind.rmtest.selenium.example.CreateRandomRes3.random14(CreateRandomRes3.java:128)
	</error>
</testcase>
<testcase name="random3[Android_4.4.4_Sony Experia Z3_opera_15]" classname="se.redmind.rmtest.selenium.example.RandomClass1(20150317-080346)" time="0.9527973"/>
<testcase name="random3[IOS_8.2_iPhone 6_firefox_31]" classname="se.redmind.rmtest.selenium.example.RandomClass1(20150317-080346)" time="1.9021347"/>
<testcase name="random3[IOS_8.2_iPhone 6_chrome_42]" classname="se.redmind.rmtest.selenium.example.RandomClass1(20150317-080346)" time="0.79901266"/>
<testcase name="random3[IOS_8.2_iPhone 6_explorer_10]" classname="se.redmind.rmtest.selenium.example.RandomClass1(20150317-080346)" time="1.6231792"/>
<testcase name="random3[IOS_8.2_iPhone 6_opera_15]" classname="se.redmind.rmtest.selenium.example.RandomClass1(20150317-080346)" time="0.011529565"/>
<testcase name="random3[IOS_4_iPhone 3Gs_firefox_31]" classname="se.redmind.rmtest.selenium.example.RandomClass1(20150317-080346)" time="1.6565653">
<skipped/>
</testcase>
<testcase name="random3[IOS_4_iPhone 3Gs_firefox_31]" classname="se.redmind.rmtest.selenium.example.RandomClass1(20150317-080346)" time="0.4853307">
	<failure type="java.lang.AssertionError:">java.lang.AssertionError: null
		at org.junit.Assert.fail(Assert.java:86)
		at org.junit.Assert.assertTrue(Assert.java:41)
		at org.junit.Assert.assertTrue(Assert.java:52)
		at se.redmind.rmtest.selenium.example.CreateRandomRes3.random14(CreateRandomRes3.java:128)
	</failure>
</testcase>
<testcase name="random3[IOS_4_iPhone 3Gs_chrome_42]" classname="se.redmind.rmtest.selenium.example.RandomClass1(20150317-080346)" time="0.32202196">
<skipped/>
</testcase>
<testcase name="random3[IOS_4_iPhone 3Gs_chrome_42]" classname="se.redmind.rmtest.selenium.example.RandomClass1(20150317-080346)" time="0.12446749"/>
<testcase name="random3[IOS_4_iPhone 3Gs_explorer_10]" classname="se.redmind.rmtest.selenium.example.RandomClass1(20150317-080346)" time="0.24830604">
<skipped/>
</testcase>
<testcase name="random3[IOS_4_iPhone 3Gs_explorer_10]" classname="se.redmind.rmtest.selenium.example.RandomClass1(20150317-080346)" time="0.23007059"/>
<testcase name="random3[IOS_4_iPhone 3Gs_opera_15]" classname="se.redmind.rmtest.selenium.example.RandomClass1(20150317-080346)" time="1.5439476">
<skipped/>
</testcase>
<testcase name="random3[IOS_4_iPhone 3Gs_opera_15]" classname="se.redmind.rmtest.selenium.example.RandomClass1(20150317-080346)" time="1.0728719"/>
<testcase name="random3[OSX_10.9.5_UNKNOWN_firefox_31]" classname="se.redmind.rmtest.selenium.example.RandomClass1(20150317-080346)" time="0.078181505">
	<failure type="java.lang.AssertionError:">java.lang.AssertionError: null
		at org.junit.Assert.fail(Assert.java:86)
		at org.junit.Assert.assertTrue(Assert.java:41)
		at org.junit.Assert.assertTrue(Assert.java:52)
		at se.redmind.rmtest.selenium.example.CreateRandomRes3.random14(CreateRandomRes3.java:128)
	</failure>
</testcase>
<testcase name="random3[OSX_10.9.5_UNKNOWN_chrome_42]" classname="se.redmind.rmtest.selenium.example.RandomClass1(20150317-080346)" time="1.1055092">
	<failure type="java.lang.AssertionError:">java.lang.AssertionError: null
		at org.junit.Assert.fail(Assert.java:86)
		at org.junit.Assert.assertTrue(Assert.java:41)
		at org.junit.Assert.assertTrue(Assert.java:52)
		at se.redmind.rmtest.selenium.example.CreateRandomRes3.random14(CreateRandomRes3.java:128)
	</failure>
</testcase>
<testcase name="random3[OSX_10.9.5_UNKNOWN_explorer_10]" classname="se.redmind.rmtest.selenium.example.RandomClass1(20150317-080346)" time="1.6687073">
	<failure type="java.lang.AssertionError:">java.lang.AssertionError: null
		at org.junit.Assert.fail(Assert.java:86)
		at org.junit.Assert.assertTrue(Assert.java:41)
		at org.junit.Assert.assertTrue(Assert.java:52)
		at se.redmind.rmtest.selenium.example.CreateRandomRes3.random14(CreateRandomRes3.java:128)
	</failure>
</testcase>
<testcase name="random3[OSX_10.9.5_UNKNOWN_opera_15]" classname="se.redmind.rmtest.selenium.example.RandomClass1(20150317-080346)" time="1.3351994"/>
<testcase name="random3[Windows_8.1_UNKNOWN_firefox_31]" classname="se.redmind.rmtest.selenium.example.RandomClass1(20150317-080346)" time="1.5266743">
	<failure type="java.lang.AssertionError:">java.lang.AssertionError: null
		at org.junit.Assert.fail(Assert.java:86)
		at org.junit.Assert.assertTrue(Assert.java:41)
		at org.junit.Assert.assertTrue(Assert.java:52)
		at se.redmind.rmtest.selenium.example.CreateRandomRes3.random14(CreateRandomRes3.java:128)
	</failure>
</testcase>
<testcase name="random3[Windows_8.1_UNKNOWN_chrome_42]" classname="se.redmind.rmtest.selenium.example.RandomClass1(20150317-080346)" time="1.6905223"/>
<testcase name="random3[Windows_8.1_UNKNOWN_explorer_10]" classname="se.redmind.rmtest.selenium.example.RandomClass1(20150317-080346)" time="1.2010694">
	<failure type="java.lang.AssertionError:">java.lang.AssertionError: null
		at org.junit.Assert.fail(Assert.java:86)
		at org.junit.Assert.assertTrue(Assert.java:41)
		at org.junit.Assert.assertTrue(Assert.java:52)
		at se.redmind.rmtest.selenium.example.CreateRandomRes3.random14(CreateRandomRes3.java:128)
	</failure>
</testcase>
<testcase name="random3[Windows_8.1_UNKNOWN_opera_15]" classname="se.redmind.rmtest.selenium.example.RandomClass1(20150317-080346)" time="1.4064269"/>
<testcase name="random3[Windows_10_UNKNOWN_firefox_31]" classname="se.redmind.rmtest.selenium.example.RandomClass1(20150317-080346)" time="0.7121991"/>
<testcase name="random3[Windows_10_UNKNOWN_chrome_42]" classname="se.redmind.rmtest.selenium.example.RandomClass1(20150317-080346)" time="1.0220263">
	<failure type="java.lang.AssertionError:">java.lang.AssertionError: null
		at org.junit.Assert.fail(Assert.java:86)
		at org.junit.Assert.assertTrue(Assert.java:41)
		at org.junit.Assert.assertTrue(Assert.java:52)
		at se.redmind.rmtest.selenium.example.CreateRandomRes3.random14(CreateRandomRes3.java:128)
	</failure>
</testcase>
<testcase name="random3[Windows_10_UNKNOWN_explorer_10]" classname="se.redmind.rmtest.selenium.example.RandomClass1(20150317-080346)" time="1.8388337">
	<failure type="java.lang.AssertionError:">java.lang.AssertionError: null
		at org.junit.Assert.fail(Assert.java:86)
		at org.junit.Assert.assertTrue(Assert.java:41)
		at org.junit.Assert.assertTrue(Assert.java:52)
		at se.redmind.rmtest.selenium.example.CreateRandomRes3.random14(CreateRandomRes3.java:128)
	</failure>
</testcase>
<testcase name="random3[Windows_10_UNKNOWN_opera_15]" classname="se.redmind.rmtest.selenium.example.RandomClass1(20150317-080346)" time="0.3001337">
	<error type="java.lang.AssertionError:">java.lang.AssertionError: null
		at org.junit.Assert.fail(Assert.java:86)
		at org.junit.Assert.assertTrue(Assert.java:41)
		at org.junit.Assert.assertTrue(Assert.java:52)
		at se.redmind.rmtest.selenium.example.CreateRandomRes3.random14(CreateRandomRes3.java:128)
	</error>
</testcase>
<testcase name="random3[Ubuntu_14.04_UNKNOWN_firefox_31]" classname="se.redmind.rmtest.selenium.example.RandomClass1(20150317-080346)" time="0.2623546">
	<failure type="java.lang.AssertionError:">java.lang.AssertionError: null
		at org.junit.Assert.fail(Assert.java:86)
		at org.junit.Assert.assertTrue(Assert.java:41)
		at org.junit.Assert.assertTrue(Assert.java:52)
		at se.redmind.rmtest.selenium.example.CreateRandomRes3.random14(CreateRandomRes3.java:128)
	</failure>
</testcase>
<testcase name="random3[Ubuntu_14.04_UNKNOWN_chrome_42]" classname="se.redmind.rmtest.selenium.example.RandomClass1(20150317-080346)" time="1.383482">
	<failure type="java.lang.AssertionError:">java.lang.AssertionError: null
		at org.junit.Assert.fail(Assert.java:86)
		at org.junit.Assert.assertTrue(Assert.java:41)
		at org.junit.Assert.assertTrue(Assert.java:52)
		at se.redmind.rmtest.selenium.example.CreateRandomRes3.random14(CreateRandomRes3.java:128)
	</failure>
</testcase>
<testcase name="random3[Ubuntu_14.04_UNKNOWN_explorer_10]" classname="se.redmind.rmtest.selenium.example.RandomClass1(20150317-080346)" time="1.9052459">
	<error type="java.lang.AssertionError:">java.lang.AssertionError: null
		at org.junit.Assert.fail(Assert.java:86)
		at org.junit.Assert.assertTrue(Assert.java:41)
		at org.junit.Assert.assertTrue(Assert.java:52)
		at se.redmind.rmtest.selenium.example.CreateRandomRes3.random14(CreateRandomRes3.java:128)
	</error>
</testcase>
<testcase name="random3[Ubuntu_14.04_UNKNOWN_opera_15]" classname="se.redmind.rmtest.selenium.example.RandomClass1(20150317-080346)" time="0.641358"/>
<testcase name="random3[Ubuntu_12.10_UNKNOWN_firefox_31]" classname="se.redmind.rmtest.selenium.example.RandomClass1(20150317-080346)" time="1.0834526">
	<failure type="java.lang.AssertionError:">java.lang.AssertionError: null
		at org.junit.Assert.fail(Assert.java:86)
		at org.junit.Assert.assertTrue(Assert.java:41)
		at org.junit.Assert.assertTrue(Assert.java:52)
		at se.redmind.rmtest.selenium.example.CreateRandomRes3.random14(CreateRandomRes3.java:128)
	</failure>
</testcase>
<testcase name="random3[Ubuntu_12.10_UNKNOWN_chrome_42]" classname="se.redmind.rmtest.selenium.example.RandomClass1(20150317-080346)" time="1.3429549">
	<failure type="java.lang.AssertionError:">java.lang.AssertionError: null
		at org.junit.Assert.fail(Assert.java:86)
		at org.junit.Assert.assertTrue(Assert.java:41)
		at org.junit.Assert.assertTrue(Assert.java:52)
		at se.redmind.rmtest.selenium.example.CreateRandomRes3.random14(CreateRandomRes3.java:128)
	</failure>
</testcase>
<testcase name="random3[Ubuntu_12.10_UNKNOWN_explorer_10]" classname="se.redmind.rmtest.selenium.example.RandomClass1(20150317-080346)" time="1.1363904"/>
<testcase name="random3[Ubuntu_12.10_UNKNOWN_opera_15]" classname="se.redmind.rmtest.selenium.example.RandomClass1(20150317-080346)" time="0.5417892">
	<failure type="java.lang.AssertionError:">java.lang.AssertionError: null
		at org.junit.Assert.fail(Assert.java:86)
		at org.junit.Assert.assertTrue(Assert.java:41)
		at org.junit.Assert.assertTrue(Assert.java:52)
		at se.redmind.rmtest.selenium.example.CreateRandomRes3.random14(CreateRandomRes3.java:128)
	</failure>
</testcase>
<testcase name="random4[Android_4.4.4_HTC ONE_firefox_31]" classname="se.redmind.rmtest.selenium.example.RandomClass1(20150317-080346)" time="1.4747545">
	<failure type="java.lang.AssertionError:">java.lang.AssertionError: null
		at org.junit.Assert.fail(Assert.java:86)
		at org.junit.Assert.assertTrue(Assert.java:41)
		at org.junit.Assert.assertTrue(Assert.java:52)
		at se.redmind.rmtest.selenium.example.CreateRandomRes3.random14(CreateRandomRes3.java:128)
	</failure>
</testcase>
<testcase name="random4[Android_4.4.4_HTC ONE_chrome_42]" classname="se.redmind.rmtest.selenium.example.RandomClass1(20150317-080346)" time="0.281968">
	<failure type="java.lang.AssertionError:">java.lang.AssertionError: null
		at org.junit.Assert.fail(Assert.java:86)
		at org.junit.Assert.assertTrue(Assert.java:41)
		at org.junit.Assert.assertTrue(Assert.java:52)
		at se.redmind.rmtest.selenium.example.CreateRandomRes3.random14(CreateRandomRes3.java:128)
	</failure>
</testcase>
<testcase name="random4[Android_4.4.4_HTC ONE_explorer_10]" classname="se.redmind.rmtest.selenium.example.RandomClass1(20150317-080346)" time="0.7436794">
	<failure type="java.lang.AssertionError:">java.lang.AssertionError: null
		at org.junit.Assert.fail(Assert.java:86)
		at org.junit.Assert.assertTrue(Assert.java:41)
		at org.junit.Assert.assertTrue(Assert.java:52)
		at se.redmind.rmtest.selenium.example.CreateRandomRes3.random14(CreateRandomRes3.java:128)
	</failure>
</testcase>
<testcase name="random4[Android_4.4.4_HTC ONE_opera_15]" classname="se.redmind.rmtest.selenium.example.RandomClass1(20150317-080346)" time="0.22253442"/>
<testcase name="random4[Android_5.1_Nexus 6_firefox_31]" classname="se.redmind.rmtest.selenium.example.RandomClass1(20150317-080346)" time="1.7627302"/>
<testcase name="random4[Android_5.1_Nexus 6_chrome_42]" classname="se.redmind.rmtest.selenium.example.RandomClass1(20150317-080346)" time="1.2469441">
	<failure type="java.lang.AssertionError:">java.lang.AssertionError: null
		at org.junit.Assert.fail(Assert.java:86)
		at org.junit.Assert.assertTrue(Assert.java:41)
		at org.junit.Assert.assertTrue(Assert.java:52)
		at se.redmind.rmtest.selenium.example.CreateRandomRes3.random14(CreateRandomRes3.java:128)
	</failure>
</testcase>
<testcase name="random4[Android_5.1_Nexus 6_explorer_10]" classname="se.redmind.rmtest.selenium.example.RandomClass1(20150317-080346)" time="1.9611838">
	<failure type="java.lang.AssertionError:">java.lang.AssertionError: null
		at org.junit.Assert.fail(Assert.java:86)
		at org.junit.Assert.assertTrue(Assert.java:41)
		at org.junit.Assert.assertTrue(Assert.java:52)
		at se.redmind.rmtest.selenium.example.CreateRandomRes3.random14(CreateRandomRes3.java:128)
	</failure>
</testcase>
<testcase name="random4[Android_5.1_Nexus 6_opera_15]" classname="se.redmind.rmtest.selenium.example.RandomClass1(20150317-080346)" time="0.122351766">
	<failure type="java.lang.AssertionError:">java.lang.AssertionError: null
		at org.junit.Assert.fail(Assert.java:86)
		at org.junit.Assert.assertTrue(Assert.java:41)
		at org.junit.Assert.assertTrue(Assert.java:52)
		at se.redmind.rmtest.selenium.example.CreateRandomRes3.random14(CreateRandomRes3.java:128)
	</failure>
</testcase>
<testcase name="random4[Android_2.3_VeiVei_firefox_31]" classname="se.redmind.rmtest.selenium.example.RandomClass1(20150317-080346)" time="1.3699025"/>
<testcase name="random4[Android_2.3_VeiVei_chrome_42]" classname="se.redmind.rmtest.selenium.example.RandomClass1(20150317-080346)" time="1.2276902">
	<failure type="java.lang.AssertionError:">java.lang.AssertionError: null
		at org.junit.Assert.fail(Assert.java:86)
		at org.junit.Assert.assertTrue(Assert.java:41)
		at org.junit.Assert.assertTrue(Assert.java:52)
		at se.redmind.rmtest.selenium.example.CreateRandomRes3.random14(CreateRandomRes3.java:128)
	</failure>
</testcase>
<testcase name="random4[Android_2.3_VeiVei_explorer_10]" classname="se.redmind.rmtest.selenium.example.RandomClass1(20150317-080346)" time="0.9794867">
	<failure type="java.lang.AssertionError:">java.lang.AssertionError: null
		at org.junit.Assert.fail(Assert.java:86)
		at org.junit.Assert.assertTrue(Assert.java:41)
		at org.junit.Assert.assertTrue(Assert.java:52)
		at se.redmind.rmtest.selenium.example.CreateRandomRes3.random14(CreateRandomRes3.java:128)
	</failure>
</testcase>
<testcase name="random4[Android_2.3_VeiVei_opera_15]" classname="se.redmind.rmtest.selenium.example.RandomClass1(20150317-080346)" time="0.2970109"/>
<testcase name="random4[Android_4.4.4_Sony Experia Z3_firefox_31]" classname="se.redmind.rmtest.selenium.example.RandomClass1(20150317-080346)" time="1.0392405"/>
<testcase name="random4[Android_4.4.4_Sony Experia Z3_chrome_42]" classname="se.redmind.rmtest.selenium.example.RandomClass1(20150317-080346)" time="1.0120693">
	<failure type="java.lang.AssertionError:">java.lang.AssertionError: null
		at org.junit.Assert.fail(Assert.java:86)
		at org.junit.Assert.assertTrue(Assert.java:41)
		at org.junit.Assert.assertTrue(Assert.java:52)
		at se.redmind.rmtest.selenium.example.CreateRandomRes3.random14(CreateRandomRes3.java:128)
	</failure>
</testcase>
<testcase name="random4[Android_4.4.4_Sony Experia Z3_explorer_10]" classname="se.redmind.rmtest.selenium.example.RandomClass1(20150317-080346)" time="1.7637312"/>
<testcase name="random4[Android_4.4.4_Sony Experia Z3_opera_15]" classname="se.redmind.rmtest.selenium.example.RandomClass1(20150317-080346)" time="0.42116642">
	<error type="java.lang.AssertionError:">java.lang.AssertionError: null
		at org.junit.Assert.fail(Assert.java:86)
		at org.junit.Assert.assertTrue(Assert.java:41)
		at org.junit.Assert.assertTrue(Assert.java:52)
		at se.redmind.rmtest.selenium.example.CreateRandomRes3.random14(CreateRandomRes3.java:128)
	</error>
</testcase>
<testcase name="random4[IOS_8.2_iPhone 6_firefox_31]" classname="se.redmind.rmtest.selenium.example.RandomClass1(20150317-080346)" time="1.963884"/>
<testcase name="random4[IOS_8.2_iPhone 6_chrome_42]" classname="se.redmind.rmtest.selenium.example.RandomClass1(20150317-080346)" time="1.9645692">
	<failure type="java.lang.AssertionError:">java.lang.AssertionError: null
		at org.junit.Assert.fail(Assert.java:86)
		at org.junit.Assert.assertTrue(Assert.java:41)
		at org.junit.Assert.assertTrue(Assert.java:52)
		at se.redmind.rmtest.selenium.example.CreateRandomRes3.random14(CreateRandomRes3.java:128)
	</failure>
</testcase>
<testcase name="random4[IOS_8.2_iPhone 6_explorer_10]" classname="se.redmind.rmtest.selenium.example.RandomClass1(20150317-080346)" time="1.7307404">
	<failure type="java.lang.AssertionError:">java.lang.AssertionError: null
		at org.junit.Assert.fail(Assert.java:86)
		at org.junit.Assert.assertTrue(Assert.java:41)
		at org.junit.Assert.assertTrue(Assert.java:52)
		at se.redmind.rmtest.selenium.example.CreateRandomRes3.random14(CreateRandomRes3.java:128)
	</failure>
</testcase>
<testcase name="random4[IOS_8.2_iPhone 6_opera_15]" classname="se.redmind.rmtest.selenium.example.RandomClass1(20150317-080346)" time="0.122042656"/>
<testcase name="random4[IOS_4_iPhone 3Gs_firefox_31]" classname="se.redmind.rmtest.selenium.example.RandomClass1(20150317-080346)" time="1.7751018">
	<failure type="java.lang.AssertionError:">java.lang.AssertionError: null
		at org.junit.Assert.fail(Assert.java:86)
		at org.junit.Assert.assertTrue(Assert.java:41)
		at org.junit.Assert.assertTrue(Assert.java:52)
		at se.redmind.rmtest.selenium.example.CreateRandomRes3.random14(CreateRandomRes3.java:128)
	</failure>
</testcase>
<testcase name="random4[IOS_4_iPhone 3Gs_chrome_42]" classname="se.redmind.rmtest.selenium.example.RandomClass1(20150317-080346)" time="1.7197676">
	<failure type="java.lang.AssertionError:">java.lang.AssertionError: null
		at org.junit.Assert.fail(Assert.java:86)
		at org.junit.Assert.assertTrue(Assert.java:41)
		at org.junit.Assert.assertTrue(Assert.java:52)
		at se.redmind.rmtest.selenium.example.CreateRandomRes3.random14(CreateRandomRes3.java:128)
	</failure>
</testcase>
<testcase name="random4[IOS_4_iPhone 3Gs_explorer_10]" classname="se.redmind.rmtest.selenium.example.RandomClass1(20150317-080346)" time="1.7485862"/>
<testcase name="random4[IOS_4_iPhone 3Gs_opera_15]" classname="se.redmind.rmtest.selenium.example.RandomClass1(20150317-080346)" time="1.9759126">
	<failure type="java.lang.AssertionError:">java.lang.AssertionError: null
		at org.junit.Assert.fail(Assert.java:86)
		at org.junit.Assert.assertTrue(Assert.java:41)
		at org.junit.Assert.assertTrue(Assert.java:52)
		at se.redmind.rmtest.selenium.example.CreateRandomRes3.random14(CreateRandomRes3.java:128)
	</failure>
</testcase>
<testcase name="random4[OSX_10.9.5_UNKNOWN_firefox_31]" classname="se.redmind.rmtest.selenium.example.RandomClass1(20150317-080346)" time="0.49868858">
	<failure type="java.lang.AssertionError:">java.lang.AssertionError: null
		at org.junit.Assert.fail(Assert.java:86)
		at org.junit.Assert.assertTrue(Assert.java:41)
		at org.junit.Assert.assertTrue(Assert.java:52)
		at se.redmind.rmtest.selenium.example.CreateRandomRes3.random14(CreateRandomRes3.java:128)
	</failure>
</testcase>
<testcase name="random4[OSX_10.9.5_UNKNOWN_chrome_42]" classname="se.redmind.rmtest.selenium.example.RandomClass1(20150317-080346)" time="0.30064154">
	<failure type="java.lang.AssertionError:">java.lang.AssertionError: null
		at org.junit.Assert.fail(Assert.java:86)
		at org.junit.Assert.assertTrue(Assert.java:41)
		at org.junit.Assert.assertTrue(Assert.java:52)
		at se.redmind.rmtest.selenium.example.CreateRandomRes3.random14(CreateRandomRes3.java:128)
	</failure>
</testcase>
<testcase name="random4[OSX_10.9.5_UNKNOWN_explorer_10]" classname="se.redmind.rmtest.selenium.example.RandomClass1(20150317-080346)" time="1.3766495"/>
<testcase name="random4[OSX_10.9.5_UNKNOWN_opera_15]" classname="se.redmind.rmtest.selenium.example.RandomClass1(20150317-080346)" time="1.6864942"/>
<testcase name="random4[Windows_8.1_UNKNOWN_firefox_31]" classname="se.redmind.rmtest.selenium.example.RandomClass1(20150317-080346)" time="1.088655">
	<failure type="java.lang.AssertionError:">java.lang.AssertionError: null
		at org.junit.Assert.fail(Assert.java:86)
		at org.junit.Assert.assertTrue(Assert.java:41)
		at org.junit.Assert.assertTrue(Assert.java:52)
		at se.redmind.rmtest.selenium.example.CreateRandomRes3.random14(CreateRandomRes3.java:128)
	</failure>
</testcase>
<testcase name="random4[Windows_8.1_UNKNOWN_chrome_42]" classname="se.redmind.rmtest.selenium.example.RandomClass1(20150317-080346)" time="1.68503">
	<failure type="java.lang.AssertionError:">java.lang.AssertionError: null
		at org.junit.Assert.fail(Assert.java:86)
		at org.junit.Assert.assertTrue(Assert.java:41)
		at org.junit.Assert.assertTrue(Assert.java:52)
		at se.redmind.rmtest.selenium.example.CreateRandomRes3.random14(CreateRandomRes3.java:128)
	</failure>
</testcase>
<testcase name="random4[Windows_8.1_UNKNOWN_explorer_10]" classname="se.redmind.rmtest.selenium.example.RandomClass1(20150317-080346)" time="0.9907086"/>
<testcase name="random4[Windows_8.1_UNKNOWN_opera_15]" classname="se.redmind.rmtest.selenium.example.RandomClass1(20150317-080346)" time="1.6213334"/>
<testcase name="random4[Windows_10_UNKNOWN_firefox_31]" classname="se.redmind.rmtest.selenium.example.RandomClass1(20150317-080346)" time="1.7805423"/>
<testcase name="random4[Windows_10_UNKNOWN_chrome_42]" classname="se.redmind.rmtest.selenium.example.RandomClass1(20150317-080346)" time="0.3559271"/>
<testcase name="random4[Windows_10_UNKNOWN_explorer_10]" classname="se.redmind.rmtest.selenium.example.RandomClass1(20150317-080346)" time="0.21099794">
	<failure type="java.lang.AssertionError:">java.lang.AssertionError: null
		at org.junit.Assert.fail(Assert.java:86)
		at org.junit.Assert.assertTrue(Assert.java:41)
		at org.junit.Assert.assertTrue(Assert.java:52)
		at se.redmind.rmtest.selenium.example.CreateRandomRes3.random14(CreateRandomRes3.java:128)
	</failure>
</testcase>
<testcase name="random4[Windows_10_UNKNOWN_opera_15]" classname="se.redmind.rmtest.selenium.example.RandomClass1(20150317-080346)" time="1.6745598"/>
<testcase name="random4[Ubuntu_14.04_UNKNOWN_firefox_31]" classname="se.redmind.rmtest.selenium.example.RandomClass1(20150317-080346)" time="1.1478944">
	<failure type="java.lang.AssertionError:">java.lang.AssertionError: null
		at org.junit.Assert.fail(Assert.java:86)
		at org.junit.Assert.assertTrue(Assert.java:41)
		at org.junit.Assert.assertTrue(Assert.java:52)
		at se.redmind.rmtest.selenium.example.CreateRandomRes3.random14(CreateRandomRes3.java:128)
	</failure>
</testcase>
<testcase name="random4[Ubuntu_14.04_UNKNOWN_chrome_42]" classname="se.redmind.rmtest.selenium.example.RandomClass1(20150317-080346)" time="1.4441981"/>
<testcase name="random4[Ubuntu_14.04_UNKNOWN_explorer_10]" classname="se.redmind.rmtest.selenium.example.RandomClass1(20150317-080346)" time="1.2874948"/>
<testcase name="random4[Ubuntu_14.04_UNKNOWN_opera_15]" classname="se.redmind.rmtest.selenium.example.RandomClass1(20150317-080346)" time="0.27806044"/>
<testcase name="random4[Ubuntu_12.10_UNKNOWN_firefox_31]" classname="se.redmind.rmtest.selenium.example.RandomClass1(20150317-080346)" time="0.73579586">
	<failure type="java.lang.AssertionError:">java.lang.AssertionError: null
		at org.junit.Assert.fail(Assert.java:86)
		at org.junit.Assert.assertTrue(Assert.java:41)
		at org.junit.Assert.assertTrue(Assert.java:52)
		at se.redmind.rmtest.selenium.example.CreateRandomRes3.random14(CreateRandomRes3.java:128)
	</failure>
</testcase>
<testcase name="random4[Ubuntu_12.10_UNKNOWN_chrome_42]" classname="se.redmind.rmtest.selenium.example.RandomClass1(20150317-080346)" time="0.31767225">
	<failure type="java.lang.AssertionError:">java.lang.AssertionError: null
		at org.junit.Assert.fail(Assert.java:86)
		at org.junit.Assert.assertTrue(Assert.java:41)
		at org.junit.Assert.assertTrue(Assert.java:52)
		at se.redmind.rmtest.selenium.example.CreateRandomRes3.random14(CreateRandomRes3.java:128)
	</failure>
</testcase>
<testcase name="random4[Ubuntu_12.10_UNKNOWN_explorer_10]" classname="se.redmind.rmtest.selenium.example.RandomClass1(20150317-080346)" time="1.7277298">
	<failure type="java.lang.AssertionError:">java.lang.AssertionError: null
		at org.junit.Assert.fail(Assert.java:86)
		at org.junit.Assert.assertTrue(Assert.java:41)
		at org.junit.Assert.assertTrue(Assert.java:52)
		at se.redmind.rmtest.selenium.example.CreateRandomRes3.random14(CreateRandomRes3.java:128)
	</failure>
</testcase>
<testcase name="random4[Ubuntu_12.10_UNKNOWN_opera_15]" classname="se.redmind.rmtest.selenium.example.RandomClass1(20150317-080346)" time="1.1489545"/>
<testcase name="random1[Android_4.4.4_HTC ONE_firefox_31]" classname="se.redmind.rmtest.selenium.example.RandomClass2(20150317-080346)" time="1.4367366"/>
<testcase name="random1[Android_4.4.4_HTC ONE_chrome_42]" classname="se.redmind.rmtest.selenium.example.RandomClass2(20150317-080346)" time="0.12439847">
	<failure type="java.lang.AssertionError:">java.lang.AssertionError: null
		at org.junit.Assert.fail(Assert.java:86)
		at org.junit.Assert.assertTrue(Assert.java:41)
		at org.junit.Assert.assertTrue(Assert.java:52)
		at se.redmind.rmtest.selenium.example.CreateRandomRes3.random14(CreateRandomRes3.java:128)
	</failure>
</testcase>
<testcase name="random1[Android_4.4.4_HTC ONE_explorer_10]" classname="se.redmind.rmtest.selenium.example.RandomClass2(20150317-080346)" time="1.4508926"/>
<testcase name="random1[Android_4.4.4_HTC ONE_opera_15]" classname="se.redmind.rmtest.selenium.example.RandomClass2(20150317-080346)" time="0.47160733"/>
<testcase name="random1[Android_2.3_VeiVei_firefox_31]" classname="se.redmind.rmtest.selenium.example.RandomClass2(20150317-080346)" time="1.907989">
	<failure type="java.lang.AssertionError:">java.lang.AssertionError: null
		at org.junit.Assert.fail(Assert.java:86)
		at org.junit.Assert.assertTrue(Assert.java:41)
		at org.junit.Assert.assertTrue(Assert.java:52)
		at se.redmind.rmtest.selenium.example.CreateRandomRes3.random14(CreateRandomRes3.java:128)
	</failure>
</testcase>
<testcase name="random1[Android_2.3_VeiVei_chrome_42]" classname="se.redmind.rmtest.selenium.example.RandomClass2(20150317-080346)" time="0.39189506"/>
<testcase name="random1[Android_2.3_VeiVei_explorer_10]" classname="se.redmind.rmtest.selenium.example.RandomClass2(20150317-080346)" time="0.45032465"/>
<testcase name="random1[Android_2.3_VeiVei_opera_15]" classname="se.redmind.rmtest.selenium.example.RandomClass2(20150317-080346)" time="1.5678531"/>
<testcase name="random1[Android_4.4.4_Sony Experia Z3_firefox_31]" classname="se.redmind.rmtest.selenium.example.RandomClass2(20150317-080346)" time="1.68513">
	<failure type="java.lang.AssertionError:">java.lang.AssertionError: null
		at org.junit.Assert.fail(Assert.java:86)
		at org.junit.Assert.assertTrue(Assert.java:41)
		at org.junit.Assert.assertTrue(Assert.java:52)
		at se.redmind.rmtest.selenium.example.CreateRandomRes3.random14(CreateRandomRes3.java:128)
	</failure>
</testcase>
<testcase name="random1[Android_4.4.4_Sony Experia Z3_chrome_42]" classname="se.redmind.rmtest.selenium.example.RandomClass2(20150317-080346)" time="0.56099045">
	<failure type="java.lang.AssertionError:">java.lang.AssertionError: null
		at org.junit.Assert.fail(Assert.java:86)
		at org.junit.Assert.assertTrue(Assert.java:41)
		at org.junit.Assert.assertTrue(Assert.java:52)
		at se.redmind.rmtest.selenium.example.CreateRandomRes3.random14(CreateRandomRes3.java:128)
	</failure>
</testcase>
<testcase name="random1[Android_4.4.4_Sony Experia Z3_explorer_10]" classname="se.redmind.rmtest.selenium.example.RandomClass2(20150317-080346)" time="1.9170406"/>
<testcase name="random1[Android_4.4.4_Sony Experia Z3_opera_15]" classname="se.redmind.rmtest.selenium.example.RandomClass2(20150317-080346)" time="1.6575425">
	<failure type="java.lang.AssertionError:">java.lang.AssertionError: null
		at org.junit.Assert.fail(Assert.java:86)
		at org.junit.Assert.assertTrue(Assert.java:41)
		at org.junit.Assert.assertTrue(Assert.java:52)
		at se.redmind.rmtest.selenium.example.CreateRandomRes3.random14(CreateRandomRes3.java:128)
	</failure>
</testcase>
<testcase name="random1[IOS_8.2_iPhone 6_firefox_31]" classname="se.redmind.rmtest.selenium.example.RandomClass2(20150317-080346)" time="1.5475127">
	<failure type="java.lang.AssertionError:">java.lang.AssertionError: null
		at org.junit.Assert.fail(Assert.java:86)
		at org.junit.Assert.assertTrue(Assert.java:41)
		at org.junit.Assert.assertTrue(Assert.java:52)
		at se.redmind.rmtest.selenium.example.CreateRandomRes3.random14(CreateRandomRes3.java:128)
	</failure>
</testcase>
<testcase name="random1[IOS_8.2_iPhone 6_chrome_42]" classname="se.redmind.rmtest.selenium.example.RandomClass2(20150317-080346)" time="1.2707664"/>
<testcase name="random1[IOS_8.2_iPhone 6_explorer_10]" classname="se.redmind.rmtest.selenium.example.RandomClass2(20150317-080346)" time="0.016693115">
	<failure type="java.lang.AssertionError:">java.lang.AssertionError: null
		at org.junit.Assert.fail(Assert.java:86)
		at org.junit.Assert.assertTrue(Assert.java:41)
		at org.junit.Assert.assertTrue(Assert.java:52)
		at se.redmind.rmtest.selenium.example.CreateRandomRes3.random14(CreateRandomRes3.java:128)
	</failure>
</testcase>
<testcase name="random1[IOS_8.2_iPhone 6_opera_15]" classname="se.redmind.rmtest.selenium.example.RandomClass2(20150317-080346)" time="1.6807697">
	<failure type="java.lang.AssertionError:">java.lang.AssertionError: null
		at org.junit.Assert.fail(Assert.java:86)
		at org.junit.Assert.assertTrue(Assert.java:41)
		at org.junit.Assert.assertTrue(Assert.java:52)
		at se.redmind.rmtest.selenium.example.CreateRandomRes3.random14(CreateRandomRes3.java:128)
	</failure>
</testcase>
<testcase name="random1[IOS_4_iPhone 3Gs_firefox_31]" classname="se.redmind.rmtest.selenium.example.RandomClass2(20150317-080346)" time="0.29445088"/>
<testcase name="random1[IOS_4_iPhone 3Gs_chrome_42]" classname="se.redmind.rmtest.selenium.example.RandomClass2(20150317-080346)" time="0.8008735">
	<failure type="java.lang.AssertionError:">java.lang.AssertionError: null
		at org.junit.Assert.fail(Assert.java:86)
		at org.junit.Assert.assertTrue(Assert.java:41)
		at org.junit.Assert.assertTrue(Assert.java:52)
		at se.redmind.rmtest.selenium.example.CreateRandomRes3.random14(CreateRandomRes3.java:128)
	</failure>
</testcase>
<testcase name="random1[IOS_4_iPhone 3Gs_explorer_10]" classname="se.redmind.rmtest.selenium.example.RandomClass2(20150317-080346)" time="0.77450967"/>
<testcase name="random1[IOS_4_iPhone 3Gs_opera_15]" classname="se.redmind.rmtest.selenium.example.RandomClass2(20150317-080346)" time="0.6739881">
	<failure type="java.lang.AssertionError:">java.lang.AssertionError: null
		at org.junit.Assert.fail(Assert.java:86)
		at org.junit.Assert.assertTrue(Assert.java:41)
		at org.junit.Assert.assertTrue(Assert.java:52)
		at se.redmind.rmtest.selenium.example.CreateRandomRes3.random14(CreateRandomRes3.java:128)
	</failure>
</testcase>
<testcase name="random1[OSX_10.9.5_UNKNOWN_firefox_31]" classname="se.redmind.rmtest.selenium.example.RandomClass2(20150317-080346)" time="1.3718213">
	<failure type="java.lang.AssertionError:">java.lang.AssertionError: null
		at org.junit.Assert.fail(Assert.java:86)
		at org.junit.Assert.assertTrue(Assert.java:41)
		at org.junit.Assert.assertTrue(Assert.java:52)
		at se.redmind.rmtest.selenium.example.CreateRandomRes3.random14(CreateRandomRes3.java:128)
	</failure>
</testcase>
<testcase name="random1[OSX_10.9.5_UNKNOWN_chrome_42]" classname="se.redmind.rmtest.selenium.example.RandomClass2(20150317-080346)" time="1.979183"/>
<testcase name="random1[OSX_10.9.5_UNKNOWN_explorer_10]" classname="se.redmind.rmtest.selenium.example.RandomClass2(20150317-080346)" time="0.5113081"/>
<testcase name="random1[OSX_10.9.5_UNKNOWN_opera_15]" classname="se.redmind.rmtest.selenium.example.RandomClass2(20150317-080346)" time="1.4349023">
	<failure type="java.lang.AssertionError:">java.lang.AssertionError: null
		at org.junit.Assert.fail(Assert.java:86)
		at org.junit.Assert.assertTrue(Assert.java:41)
		at org.junit.Assert.assertTrue(Assert.java:52)
		at se.redmind.rmtest.selenium.example.CreateRandomRes3.random14(CreateRandomRes3.java:128)
	</failure>
</testcase>
<testcase name="random1[Windows_8.1_UNKNOWN_firefox_31]" classname="se.redmind.rmtest.selenium.example.RandomClass2(20150317-080346)" time="0.6316483"/>
<testcase name="random1[Windows_8.1_UNKNOWN_chrome_42]" classname="se.redmind.rmtest.selenium.example.RandomClass2(20150317-080346)" time="1.6522201">
	<failure type="java.lang.AssertionError:">java.lang.AssertionError: null
		at org.junit.Assert.fail(Assert.java:86)
		at org.junit.Assert.assertTrue(Assert.java:41)
		at org.junit.Assert.assertTrue(Assert.java:52)
		at se.redmind.rmtest.selenium.example.CreateRandomRes3.random14(CreateRandomRes3.java:128)
	</failure>
</testcase>
<testcase name="random1[Windows_8.1_UNKNOWN_explorer_10]" classname="se.redmind.rmtest.selenium.example.RandomClass2(20150317-080346)" time="1.0505792">
	<failure type="java.lang.AssertionError:">java.lang.AssertionError: null
		at org.junit.Assert.fail(Assert.java:86)
		at org.junit.Assert.assertTrue(Assert.java:41)
		at org.junit.Assert.assertTrue(Assert.java:52)
		at se.redmind.rmtest.selenium.example.CreateRandomRes3.random14(CreateRandomRes3.java:128)
	</failure>
</testcase>
<testcase name="random1[Windows_8.1_UNKNOWN_opera_15]" classname="se.redmind.rmtest.selenium.example.RandomClass2(20150317-080346)" time="0.8194071"/>
<testcase name="random1[Windows_10_UNKNOWN_firefox_31]" classname="se.redmind.rmtest.selenium.example.RandomClass2(20150317-080346)" time="1.0198454"/>
<testcase name="random1[Windows_10_UNKNOWN_chrome_42]" classname="se.redmind.rmtest.selenium.example.RandomClass2(20150317-080346)" time="1.135129"/>
<testcase name="random1[Windows_10_UNKNOWN_explorer_10]" classname="se.redmind.rmtest.selenium.example.RandomClass2(20150317-080346)" time="0.77868545">
	<failure type="java.lang.AssertionError:">java.lang.AssertionError: null
		at org.junit.Assert.fail(Assert.java:86)
		at org.junit.Assert.assertTrue(Assert.java:41)
		at org.junit.Assert.assertTrue(Assert.java:52)
		at se.redmind.rmtest.selenium.example.CreateRandomRes3.random14(CreateRandomRes3.java:128)
	</failure>
</testcase>
<testcase name="random1[Windows_10_UNKNOWN_opera_15]" classname="se.redmind.rmtest.selenium.example.RandomClass2(20150317-080346)" time="1.8202809">
	<failure type="java.lang.AssertionError:">java.lang.AssertionError: null
		at org.junit.Assert.fail(Assert.java:86)
		at org.junit.Assert.assertTrue(Assert.java:41)
		at org.junit.Assert.assertTrue(Assert.java:52)
		at se.redmind.rmtest.selenium.example.CreateRandomRes3.random14(CreateRandomRes3.java:128)
	</failure>
</testcase>
<testcase name="random1[Ubuntu_14.04_UNKNOWN_firefox_31]" classname="se.redmind.rmtest.selenium.example.RandomClass2(20150317-080346)" time="1.0883243"/>
<testcase name="random1[Ubuntu_14.04_UNKNOWN_chrome_42]" classname="se.redmind.rmtest.selenium.example.RandomClass2(20150317-080346)" time="0.37551844"/>
<testcase name="random1[Ubuntu_14.04_UNKNOWN_explorer_10]" classname="se.redmind.rmtest.selenium.example.RandomClass2(20150317-080346)" time="0.197541"/>
<testcase name="random1[Ubuntu_14.04_UNKNOWN_opera_15]" classname="se.redmind.rmtest.selenium.example.RandomClass2(20150317-080346)" time="0.08721542">
	<failure type="java.lang.AssertionError:">java.lang.AssertionError: null
		at org.junit.Assert.fail(Assert.java:86)
		at org.junit.Assert.assertTrue(Assert.java:41)
		at org.junit.Assert.assertTrue(Assert.java:52)
		at se.redmind.rmtest.selenium.example.CreateRandomRes3.random14(CreateRandomRes3.java:128)
	</failure>
</testcase>
<testcase name="random1[Ubuntu_12.10_UNKNOWN_firefox_31]" classname="se.redmind.rmtest.selenium.example.RandomClass2(20150317-080346)" time="1.4212341"/>
<testcase name="random1[Ubuntu_12.10_UNKNOWN_chrome_42]" classname="se.redmind.rmtest.selenium.example.RandomClass2(20150317-080346)" time="0.5963961"/>
<testcase name="random1[Ubuntu_12.10_UNKNOWN_explorer_10]" classname="se.redmind.rmtest.selenium.example.RandomClass2(20150317-080346)" time="1.8057182">
	<failure type="java.lang.AssertionError:">java.lang.AssertionError: null
		at org.junit.Assert.fail(Assert.java:86)
		at org.junit.Assert.assertTrue(Assert.java:41)
		at org.junit.Assert.assertTrue(Assert.java:52)
		at se.redmind.rmtest.selenium.example.CreateRandomRes3.random14(CreateRandomRes3.java:128)
	</failure>
</testcase>
<testcase name="random1[Ubuntu_12.10_UNKNOWN_opera_15]" classname="se.redmind.rmtest.selenium.example.RandomClass2(20150317-080346)" time="0.970809">
	<failure type="java.lang.AssertionError:">java.lang.AssertionError: null
		at org.junit.Assert.fail(Assert.java:86)
		at org.junit.Assert.assertTrue(Assert.java:41)
		at org.junit.Assert.assertTrue(Assert.java:52)
		at se.redmind.rmtest.selenium.example.CreateRandomRes3.random14(CreateRandomRes3.java:128)
	</failure>
</testcase>
<testcase name="random2[Android_4.4.4_HTC ONE_firefox_31]" classname="se.redmind.rmtest.selenium.example.RandomClass2(20150317-080346)" time="1.818857"/>
<testcase name="random2[Android_4.4.4_HTC ONE_chrome_42]" classname="se.redmind.rmtest.selenium.example.RandomClass2(20150317-080346)" time="1.7504319">
	<failure type="java.lang.AssertionError:">java.lang.AssertionError: null
		at org.junit.Assert.fail(Assert.java:86)
		at org.junit.Assert.assertTrue(Assert.java:41)
		at org.junit.Assert.assertTrue(Assert.java:52)
		at se.redmind.rmtest.selenium.example.CreateRandomRes3.random14(CreateRandomRes3.java:128)
	</failure>
</testcase>
<testcase name="random2[Android_4.4.4_HTC ONE_explorer_10]" classname="se.redmind.rmtest.selenium.example.RandomClass2(20150317-080346)" time="0.9768671"/>
<testcase name="random2[Android_4.4.4_HTC ONE_opera_15]" classname="se.redmind.rmtest.selenium.example.RandomClass2(20150317-080346)" time="1.8752711"/>
<testcase name="random2[Android_2.3_VeiVei_firefox_31]" classname="se.redmind.rmtest.selenium.example.RandomClass2(20150317-080346)" time="1.8505867">
	<failure type="java.lang.AssertionError:">java.lang.AssertionError: null
		at org.junit.Assert.fail(Assert.java:86)
		at org.junit.Assert.assertTrue(Assert.java:41)
		at org.junit.Assert.assertTrue(Assert.java:52)
		at se.redmind.rmtest.selenium.example.CreateRandomRes3.random14(CreateRandomRes3.java:128)
	</failure>
</testcase>
<testcase name="random2[Android_2.3_VeiVei_chrome_42]" classname="se.redmind.rmtest.selenium.example.RandomClass2(20150317-080346)" time="0.6029085"/>
<testcase name="random2[Android_2.3_VeiVei_explorer_10]" classname="se.redmind.rmtest.selenium.example.RandomClass2(20150317-080346)" time="1.8716455"/>
<testcase name="random2[Android_2.3_VeiVei_opera_15]" classname="se.redmind.rmtest.selenium.example.RandomClass2(20150317-080346)" time="1.4402231">
	<error type="java.lang.AssertionError:">java.lang.AssertionError: null
		at org.junit.Assert.fail(Assert.java:86)
		at org.junit.Assert.assertTrue(Assert.java:41)
		at org.junit.Assert.assertTrue(Assert.java:52)
		at se.redmind.rmtest.selenium.example.CreateRandomRes3.random14(CreateRandomRes3.java:128)
	</error>
</testcase>
<testcase name="random2[Android_4.4.4_Sony Experia Z3_firefox_31]" classname="se.redmind.rmtest.selenium.example.RandomClass2(20150317-080346)" time="1.1747944">
	<failure type="java.lang.AssertionError:">java.lang.AssertionError: null
		at org.junit.Assert.fail(Assert.java:86)
		at org.junit.Assert.assertTrue(Assert.java:41)
		at org.junit.Assert.assertTrue(Assert.java:52)
		at se.redmind.rmtest.selenium.example.CreateRandomRes3.random14(CreateRandomRes3.java:128)
	</failure>
</testcase>
<testcase name="random2[Android_4.4.4_Sony Experia Z3_chrome_42]" classname="se.redmind.rmtest.selenium.example.RandomClass2(20150317-080346)" time="0.59311795"/>
<testcase name="random2[Android_4.4.4_Sony Experia Z3_explorer_10]" classname="se.redmind.rmtest.selenium.example.RandomClass2(20150317-080346)" time="0.6692517">
	<failure type="java.lang.AssertionError:">java.lang.AssertionError: null
		at org.junit.Assert.fail(Assert.java:86)
		at org.junit.Assert.assertTrue(Assert.java:41)
		at org.junit.Assert.assertTrue(Assert.java:52)
		at se.redmind.rmtest.selenium.example.CreateRandomRes3.random14(CreateRandomRes3.java:128)
	</failure>
</testcase>
<testcase name="random2[Android_4.4.4_Sony Experia Z3_opera_15]" classname="se.redmind.rmtest.selenium.example.RandomClass2(20150317-080346)" time="0.87746584"/>
<testcase name="random2[IOS_8.2_iPhone 6_firefox_31]" classname="se.redmind.rmtest.selenium.example.RandomClass2(20150317-080346)" time="0.28052723">
	<failure type="java.lang.AssertionError:">java.lang.AssertionError: null
		at org.junit.Assert.fail(Assert.java:86)
		at org.junit.Assert.assertTrue(Assert.java:41)
		at org.junit.Assert.assertTrue(Assert.java:52)
		at se.redmind.rmtest.selenium.example.CreateRandomRes3.random14(CreateRandomRes3.java:128)
	</failure>
</testcase>
<testcase name="random2[IOS_8.2_iPhone 6_chrome_42]" classname="se.redmind.rmtest.selenium.example.RandomClass2(20150317-080346)" time="1.5142161">
	<failure type="java.lang.AssertionError:">java.lang.AssertionError: null
		at org.junit.Assert.fail(Assert.java:86)
		at org.junit.Assert.assertTrue(Assert.java:41)
		at org.junit.Assert.assertTrue(Assert.java:52)
		at se.redmind.rmtest.selenium.example.CreateRandomRes3.random14(CreateRandomRes3.java:128)
	</failure>
</testcase>
<testcase name="random2[IOS_8.2_iPhone 6_explorer_10]" classname="se.redmind.rmtest.selenium.example.RandomClass2(20150317-080346)" time="0.61565506">
	<failure type="java.lang.AssertionError:">java.lang.AssertionError: null
		at org.junit.Assert.fail(Assert.java:86)
		at org.junit.Assert.assertTrue(Assert.java:41)
		at org.junit.Assert.assertTrue(Assert.java:52)
		at se.redmind.rmtest.selenium.example.CreateRandomRes3.random14(CreateRandomRes3.java:128)
	</failure>
</testcase>
<testcase name="random2[IOS_8.2_iPhone 6_opera_15]" classname="se.redmind.rmtest.selenium.example.RandomClass2(20150317-080346)" time="0.204947">
	<failure type="java.lang.AssertionError:">java.lang.AssertionError: null
		at org.junit.Assert.fail(Assert.java:86)
		at org.junit.Assert.assertTrue(Assert.java:41)
		at org.junit.Assert.assertTrue(Assert.java:52)
		at se.redmind.rmtest.selenium.example.CreateRandomRes3.random14(CreateRandomRes3.java:128)
	</failure>
</testcase>
<testcase name="random2[IOS_4_iPhone 3Gs_firefox_31]" classname="se.redmind.rmtest.selenium.example.RandomClass2(20150317-080346)" time="1.1895363">
	<failure type="java.lang.AssertionError:">java.lang.AssertionError: null
		at org.junit.Assert.fail(Assert.java:86)
		at org.junit.Assert.assertTrue(Assert.java:41)
		at org.junit.Assert.assertTrue(Assert.java:52)
		at se.redmind.rmtest.selenium.example.CreateRandomRes3.random14(CreateRandomRes3.java:128)
	</failure>
</testcase>
<testcase name="random2[IOS_4_iPhone 3Gs_chrome_42]" classname="se.redmind.rmtest.selenium.example.RandomClass2(20150317-080346)" time="1.5472335"/>
<testcase name="random2[IOS_4_iPhone 3Gs_explorer_10]" classname="se.redmind.rmtest.selenium.example.RandomClass2(20150317-080346)" time="1.7124598">
	<failure type="java.lang.AssertionError:">java.lang.AssertionError: null
		at org.junit.Assert.fail(Assert.java:86)
		at org.junit.Assert.assertTrue(Assert.java:41)
		at org.junit.Assert.assertTrue(Assert.java:52)
		at se.redmind.rmtest.selenium.example.CreateRandomRes3.random14(CreateRandomRes3.java:128)
	</failure>
</testcase>
<testcase name="random2[IOS_4_iPhone 3Gs_opera_15]" classname="se.redmind.rmtest.selenium.example.RandomClass2(20150317-080346)" time="0.7745118"/>
<testcase name="random2[OSX_10.9.5_UNKNOWN_firefox_31]" classname="se.redmind.rmtest.selenium.example.RandomClass2(20150317-080346)" time="1.1906152"/>
<testcase name="random2[OSX_10.9.5_UNKNOWN_chrome_42]" classname="se.redmind.rmtest.selenium.example.RandomClass2(20150317-080346)" time="0.41749525">
	<failure type="java.lang.AssertionError:">java.lang.AssertionError: null
		at org.junit.Assert.fail(Assert.java:86)
		at org.junit.Assert.assertTrue(Assert.java:41)
		at org.junit.Assert.assertTrue(Assert.java:52)
		at se.redmind.rmtest.selenium.example.CreateRandomRes3.random14(CreateRandomRes3.java:128)
	</failure>
</testcase>
<testcase name="random2[OSX_10.9.5_UNKNOWN_explorer_10]" classname="se.redmind.rmtest.selenium.example.RandomClass2(20150317-080346)" time="1.6117859"/>
<testcase name="random2[OSX_10.9.5_UNKNOWN_opera_15]" classname="se.redmind.rmtest.selenium.example.RandomClass2(20150317-080346)" time="0.91216874">
	<failure type="java.lang.AssertionError:">java.lang.AssertionError: null
		at org.junit.Assert.fail(Assert.java:86)
		at org.junit.Assert.assertTrue(Assert.java:41)
		at org.junit.Assert.assertTrue(Assert.java:52)
		at se.redmind.rmtest.selenium.example.CreateRandomRes3.random14(CreateRandomRes3.java:128)
	</failure>
</testcase>
<testcase name="random2[Windows_8.1_UNKNOWN_firefox_31]" classname="se.redmind.rmtest.selenium.example.RandomClass2(20150317-080346)" time="1.7994782"/>
<testcase name="random2[Windows_8.1_UNKNOWN_chrome_42]" classname="se.redmind.rmtest.selenium.example.RandomClass2(20150317-080346)" time="0.46806633">
	<error type="java.lang.AssertionError:">java.lang.AssertionError: null
		at org.junit.Assert.fail(Assert.java:86)
		at org.junit.Assert.assertTrue(Assert.java:41)
		at org.junit.Assert.assertTrue(Assert.java:52)
		at se.redmind.rmtest.selenium.example.CreateRandomRes3.random14(CreateRandomRes3.java:128)
	</error>
</testcase>
<testcase name="random2[Windows_8.1_UNKNOWN_explorer_10]" classname="se.redmind.rmtest.selenium.example.RandomClass2(20150317-080346)" time="1.5180144">
	<failure type="java.lang.AssertionError:">java.lang.AssertionError: null
		at org.junit.Assert.fail(Assert.java:86)
		at org.junit.Assert.assertTrue(Assert.java:41)
		at org.junit.Assert.assertTrue(Assert.java:52)
		at se.redmind.rmtest.selenium.example.CreateRandomRes3.random14(CreateRandomRes3.java:128)
	</failure>
</testcase>
<testcase name="random2[Windows_8.1_UNKNOWN_opera_15]" classname="se.redmind.rmtest.selenium.example.RandomClass2(20150317-080346)" time="1.8014656">
	<failure type="java.lang.AssertionError:">java.lang.AssertionError: null
		at org.junit.Assert.fail(Assert.java:86)
		at org.junit.Assert.assertTrue(Assert.java:41)
		at org.junit.Assert.assertTrue(Assert.java:52)
		at se.redmind.rmtest.selenium.example.CreateRandomRes3.random14(CreateRandomRes3.java:128)
	</failure>
</testcase>
<testcase name="random2[Windows_10_UNKNOWN_firefox_31]" classname="se.redmind.rmtest.selenium.example.RandomClass2(20150317-080346)" time="1.878728"/>
<testcase name="random2[Windows_10_UNKNOWN_chrome_42]" classname="se.redmind.rmtest.selenium.example.RandomClass2(20150317-080346)" time="0.09794378"/>
<testcase name="random2[Windows_10_UNKNOWN_explorer_10]" classname="se.redmind.rmtest.selenium.example.RandomClass2(20150317-080346)" time="1.0959265"/>
<testcase name="random2[Windows_10_UNKNOWN_opera_15]" classname="se.redmind.rmtest.selenium.example.RandomClass2(20150317-080346)" time="1.4790083"/>
<testcase name="random2[Ubuntu_14.04_UNKNOWN_firefox_31]" classname="se.redmind.rmtest.selenium.example.RandomClass2(20150317-080346)" time="0.07003641"/>
<testcase name="random2[Ubuntu_14.04_UNKNOWN_chrome_42]" classname="se.redmind.rmtest.selenium.example.RandomClass2(20150317-080346)" time="1.261149">
	<failure type="java.lang.AssertionError:">java.lang.AssertionError: null
		at org.junit.Assert.fail(Assert.java:86)
		at org.junit.Assert.assertTrue(Assert.java:41)
		at org.junit.Assert.assertTrue(Assert.java:52)
		at se.redmind.rmtest.selenium.example.CreateRandomRes3.random14(CreateRandomRes3.java:128)
	</failure>
</testcase>
<testcase name="random2[Ubuntu_14.04_UNKNOWN_explorer_10]" classname="se.redmind.rmtest.selenium.example.RandomClass2(20150317-080346)" time="0.35937">
	<failure type="java.lang.AssertionError:">java.lang.AssertionError: null
		at org.junit.Assert.fail(Assert.java:86)
		at org.junit.Assert.assertTrue(Assert.java:41)
		at org.junit.Assert.assertTrue(Assert.java:52)
		at se.redmind.rmtest.selenium.example.CreateRandomRes3.random14(CreateRandomRes3.java:128)
	</failure>
</testcase>
<testcase name="random2[Ubuntu_14.04_UNKNOWN_opera_15]" classname="se.redmind.rmtest.selenium.example.RandomClass2(20150317-080346)" time="1.2129883">
	<failure type="java.lang.AssertionError:">java.lang.AssertionError: null
		at org.junit.Assert.fail(Assert.java:86)
		at org.junit.Assert.assertTrue(Assert.java:41)
		at org.junit.Assert.assertTrue(Assert.java:52)
		at se.redmind.rmtest.selenium.example.CreateRandomRes3.random14(CreateRandomRes3.java:128)
	</failure>
</testcase>
<testcase name="random2[Ubuntu_12.10_UNKNOWN_firefox_31]" classname="se.redmind.rmtest.selenium.example.RandomClass2(20150317-080346)" time="1.5098642"/>
<testcase name="random2[Ubuntu_12.10_UNKNOWN_chrome_42]" classname="se.redmind.rmtest.selenium.example.RandomClass2(20150317-080346)" time="1.1160371">
	<failure type="java.lang.AssertionError:">java.lang.AssertionError: null
		at org.junit.Assert.fail(Assert.java:86)
		at org.junit.Assert.assertTrue(Assert.java:41)
		at org.junit.Assert.assertTrue(Assert.java:52)
		at se.redmind.rmtest.selenium.example.CreateRandomRes3.random14(CreateRandomRes3.java:128)
	</failure>
</testcase>
<testcase name="random2[Ubuntu_12.10_UNKNOWN_explorer_10]" classname="se.redmind.rmtest.selenium.example.RandomClass2(20150317-080346)" time="0.7765362"/>
<testcase name="random2[Ubuntu_12.10_UNKNOWN_opera_15]" classname="se.redmind.rmtest.selenium.example.RandomClass2(20150317-080346)" time="1.560515">
	<failure type="java.lang.AssertionError:">java.lang.AssertionError: null
		at org.junit.Assert.fail(Assert.java:86)
		at org.junit.Assert.assertTrue(Assert.java:41)
		at org.junit.Assert.assertTrue(Assert.java:52)
		at se.redmind.rmtest.selenium.example.CreateRandomRes3.random14(CreateRandomRes3.java:128)
	</failure>
</testcase>
<testcase name="random3[Android_4.4.4_HTC ONE_firefox_31]" classname="se.redmind.rmtest.selenium.example.RandomClass2(20150317-080346)" time="0.263528">
	<failure type="java.lang.AssertionError:">java.lang.AssertionError: null
		at org.junit.Assert.fail(Assert.java:86)
		at org.junit.Assert.assertTrue(Assert.java:41)
		at org.junit.Assert.assertTrue(Assert.java:52)
		at se.redmind.rmtest.selenium.example.CreateRandomRes3.random14(CreateRandomRes3.java:128)
	</failure>
</testcase>
<testcase name="random3[Android_4.4.4_HTC ONE_chrome_42]" classname="se.redmind.rmtest.selenium.example.RandomClass2(20150317-080346)" time="1.9794682">
	<failure type="java.lang.AssertionError:">java.lang.AssertionError: null
		at org.junit.Assert.fail(Assert.java:86)
		at org.junit.Assert.assertTrue(Assert.java:41)
		at org.junit.Assert.assertTrue(Assert.java:52)
		at se.redmind.rmtest.selenium.example.CreateRandomRes3.random14(CreateRandomRes3.java:128)
	</failure>
</testcase>
<testcase name="random3[Android_4.4.4_HTC ONE_explorer_10]" classname="se.redmind.rmtest.selenium.example.RandomClass2(20150317-080346)" time="0.41939116">
	<failure type="java.lang.AssertionError:">java.lang.AssertionError: null
		at org.junit.Assert.fail(Assert.java:86)
		at org.junit.Assert.assertTrue(Assert.java:41)
		at org.junit.Assert.assertTrue(Assert.java:52)
		at se.redmind.rmtest.selenium.example.CreateRandomRes3.random14(CreateRandomRes3.java:128)
	</failure>
</testcase>
<testcase name="random3[Android_4.4.4_HTC ONE_opera_15]" classname="se.redmind.rmtest.selenium.example.RandomClass2(20150317-080346)" time="1.1101927">
	<failure type="java.lang.AssertionError:">java.lang.AssertionError: null
		at org.junit.Assert.fail(Assert.java:86)
		at org.junit.Assert.assertTrue(Assert.java:41)
		at org.junit.Assert.assertTrue(Assert.java:52)
		at se.redmind.rmtest.selenium.example.CreateRandomRes3.random14(CreateRandomRes3.java:128)
	</failure>
</testcase>
<testcase name="random3[Android_2.3_VeiVei_firefox_31]" classname="se.redmind.rmtest.selenium.example.RandomClass2(20150317-080346)" time="0.28610063"/>
<testcase name="random3[Android_2.3_VeiVei_chrome_42]" classname="se.redmind.rmtest.selenium.example.RandomClass2(20150317-080346)" time="1.0553293">
	<failure type="java.lang.AssertionError:">java.lang.AssertionError: null
		at org.junit.Assert.fail(Assert.java:86)
		at org.junit.Assert.assertTrue(Assert.java:41)
		at org.junit.Assert.assertTrue(Assert.java:52)
		at se.redmind.rmtest.selenium.example.CreateRandomRes3.random14(CreateRandomRes3.java:128)
	</failure>
</testcase>
<testcase name="random3[Android_2.3_VeiVei_explorer_10]" classname="se.redmind.rmtest.selenium.example.RandomClass2(20150317-080346)" time="1.5552591"/>
<testcase name="random3[Android_2.3_VeiVei_opera_15]" classname="se.redmind.rmtest.selenium.example.RandomClass2(20150317-080346)" time="1.7780312">
	<failure type="java.lang.AssertionError:">java.lang.AssertionError: null
		at org.junit.Assert.fail(Assert.java:86)
		at org.junit.Assert.assertTrue(Assert.java:41)
		at org.junit.Assert.assertTrue(Assert.java:52)
		at se.redmind.rmtest.selenium.example.CreateRandomRes3.random14(CreateRandomRes3.java:128)
	</failure>
</testcase>
<testcase name="random3[Android_4.4.4_Sony Experia Z3_firefox_31]" classname="se.redmind.rmtest.selenium.example.RandomClass2(20150317-080346)" time="0.48182666">
	<failure type="java.lang.AssertionError:">java.lang.AssertionError: null
		at org.junit.Assert.fail(Assert.java:86)
		at org.junit.Assert.assertTrue(Assert.java:41)
		at org.junit.Assert.assertTrue(Assert.java:52)
		at se.redmind.rmtest.selenium.example.CreateRandomRes3.random14(CreateRandomRes3.java:128)
	</failure>
</testcase>
<testcase name="random3[Android_4.4.4_Sony Experia Z3_chrome_42]" classname="se.redmind.rmtest.selenium.example.RandomClass2(20150317-080346)" time="1.515206"/>
<testcase name="random3[Android_4.4.4_Sony Experia Z3_explorer_10]" classname="se.redmind.rmtest.selenium.example.RandomClass2(20150317-080346)" time="1.1053915">
	<failure type="java.lang.AssertionError:">java.lang.AssertionError: null
		at org.junit.Assert.fail(Assert.java:86)
		at org.junit.Assert.assertTrue(Assert.java:41)
		at org.junit.Assert.assertTrue(Assert.java:52)
		at se.redmind.rmtest.selenium.example.CreateRandomRes3.random14(CreateRandomRes3.java:128)
	</failure>
</testcase>
<testcase name="random3[Android_4.4.4_Sony Experia Z3_opera_15]" classname="se.redmind.rmtest.selenium.example.RandomClass2(20150317-080346)" time="1.4232249">
	<failure type="java.lang.AssertionError:">java.lang.AssertionError: null
		at org.junit.Assert.fail(Assert.java:86)
		at org.junit.Assert.assertTrue(Assert.java:41)
		at org.junit.Assert.assertTrue(Assert.java:52)
		at se.redmind.rmtest.selenium.example.CreateRandomRes3.random14(CreateRandomRes3.java:128)
	</failure>
</testcase>
<testcase name="random3[IOS_8.2_iPhone 6_firefox_31]" classname="se.redmind.rmtest.selenium.example.RandomClass2(20150317-080346)" time="0.7210163">
	<failure type="java.lang.AssertionError:">java.lang.AssertionError: null
		at org.junit.Assert.fail(Assert.java:86)
		at org.junit.Assert.assertTrue(Assert.java:41)
		at org.junit.Assert.assertTrue(Assert.java:52)
		at se.redmind.rmtest.selenium.example.CreateRandomRes3.random14(CreateRandomRes3.java:128)
	</failure>
</testcase>
<testcase name="random3[IOS_8.2_iPhone 6_chrome_42]" classname="se.redmind.rmtest.selenium.example.RandomClass2(20150317-080346)" time="0.77388203">
	<error type="java.lang.AssertionError:">java.lang.AssertionError: null
		at org.junit.Assert.fail(Assert.java:86)
		at org.junit.Assert.assertTrue(Assert.java:41)
		at org.junit.Assert.assertTrue(Assert.java:52)
		at se.redmind.rmtest.selenium.example.CreateRandomRes3.random14(CreateRandomRes3.java:128)
	</error>
</testcase>
<testcase name="random3[IOS_8.2_iPhone 6_explorer_10]" classname="se.redmind.rmtest.selenium.example.RandomClass2(20150317-080346)" time="1.6587259">
	<failure type="java.lang.AssertionError:">java.lang.AssertionError: null
		at org.junit.Assert.fail(Assert.java:86)
		at org.junit.Assert.assertTrue(Assert.java:41)
		at org.junit.Assert.assertTrue(Assert.java:52)
		at se.redmind.rmtest.selenium.example.CreateRandomRes3.random14(CreateRandomRes3.java:128)
	</failure>
</testcase>
<testcase name="random3[IOS_8.2_iPhone 6_opera_15]" classname="se.redmind.rmtest.selenium.example.RandomClass2(20150317-080346)" time="0.55303526">
	<failure type="java.lang.AssertionError:">java.lang.AssertionError: null
		at org.junit.Assert.fail(Assert.java:86)
		at org.junit.Assert.assertTrue(Assert.java:41)
		at org.junit.Assert.assertTrue(Assert.java:52)
		at se.redmind.rmtest.selenium.example.CreateRandomRes3.random14(CreateRandomRes3.java:128)
	</failure>
</testcase>
<testcase name="random3[IOS_4_iPhone 3Gs_firefox_31]" classname="se.redmind.rmtest.selenium.example.RandomClass2(20150317-080346)" time="0.4560349">
<skipped/>
</testcase>
<testcase name="random3[IOS_4_iPhone 3Gs_firefox_31]" classname="se.redmind.rmtest.selenium.example.RandomClass2(20150317-080346)" time="0.81690955">
	<failure type="java.lang.AssertionError:">java.lang.AssertionError: null
		at org.junit.Assert.fail(Assert.java:86)
		at org.junit.Assert.assertTrue(Assert.java:41)
		at org.junit.Assert.assertTrue(Assert.java:52)
		at se.redmind.rmtest.selenium.example.CreateRandomRes3.random14(CreateRandomRes3.java:128)
	</failure>
</testcase>
<testcase name="random3[IOS_4_iPhone 3Gs_chrome_42]" classname="se.redmind.rmtest.selenium.example.RandomClass2(20150317-080346)" time="1.4663984">
<skipped/>
</testcase>
<testcase name="random3[IOS_4_iPhone 3Gs_chrome_42]" classname="se.redmind.rmtest.selenium.example.RandomClass2(20150317-080346)" time="0.5656011">
	<failure type="java.lang.AssertionError:">java.lang.AssertionError: null
		at org.junit.Assert.fail(Assert.java:86)
		at org.junit.Assert.assertTrue(Assert.java:41)
		at org.junit.Assert.assertTrue(Assert.java:52)
		at se.redmind.rmtest.selenium.example.CreateRandomRes3.random14(CreateRandomRes3.java:128)
	</failure>
</testcase>
<testcase name="random3[IOS_4_iPhone 3Gs_explorer_10]" classname="se.redmind.rmtest.selenium.example.RandomClass2(20150317-080346)" time="0.30605042">
<skipped/>
</testcase>
<testcase name="random3[IOS_4_iPhone 3Gs_explorer_10]" classname="se.redmind.rmtest.selenium.example.RandomClass2(20150317-080346)" time="1.5166522">
	<failure type="java.lang.AssertionError:">java.lang.AssertionError: null
		at org.junit.Assert.fail(Assert.java:86)
		at org.junit.Assert.assertTrue(Assert.java:41)
		at org.junit.Assert.assertTrue(Assert.java:52)
		at se.redmind.rmtest.selenium.example.CreateRandomRes3.random14(CreateRandomRes3.java:128)
	</failure>
</testcase>
<testcase name="random3[IOS_4_iPhone 3Gs_opera_15]" classname="se.redmind.rmtest.selenium.example.RandomClass2(20150317-080346)" time="0.20424032">
<skipped/>
</testcase>
<testcase name="random3[IOS_4_iPhone 3Gs_opera_15]" classname="se.redmind.rmtest.selenium.example.RandomClass2(20150317-080346)" time="0.56481886"/>
<testcase name="random3[OSX_10.9.5_UNKNOWN_firefox_31]" classname="se.redmind.rmtest.selenium.example.RandomClass2(20150317-080346)" time="0.23641896"/>
<testcase name="random3[OSX_10.9.5_UNKNOWN_chrome_42]" classname="se.redmind.rmtest.selenium.example.RandomClass2(20150317-080346)" time="1.5185694"/>
<testcase name="random3[OSX_10.9.5_UNKNOWN_explorer_10]" classname="se.redmind.rmtest.selenium.example.RandomClass2(20150317-080346)" time="1.5292234">
	<failure type="java.lang.AssertionError:">java.lang.AssertionError: null
		at org.junit.Assert.fail(Assert.java:86)
		at org.junit.Assert.assertTrue(Assert.java:41)
		at org.junit.Assert.assertTrue(Assert.java:52)
		at se.redmind.rmtest.selenium.example.CreateRandomRes3.random14(CreateRandomRes3.java:128)
	</failure>
</testcase>
<testcase name="random3[OSX_10.9.5_UNKNOWN_opera_15]" classname="se.redmind.rmtest.selenium.example.RandomClass2(20150317-080346)" time="0.20458508">
	<failure type="java.lang.AssertionError:">java.lang.AssertionError: null
		at org.junit.Assert.fail(Assert.java:86)
		at org.junit.Assert.assertTrue(Assert.java:41)
		at org.junit.Assert.assertTrue(Assert.java:52)
		at se.redmind.rmtest.selenium.example.CreateRandomRes3.random14(CreateRandomRes3.java:128)
	</failure>
</testcase>
<testcase name="random3[Windows_8.1_UNKNOWN_firefox_31]" classname="se.redmind.rmtest.selenium.example.RandomClass2(20150317-080346)" time="0.90031576">
	<failure type="java.lang.AssertionError:">java.lang.AssertionError: null
		at org.junit.Assert.fail(Assert.java:86)
		at org.junit.Assert.assertTrue(Assert.java:41)
		at org.junit.Assert.assertTrue(Assert.java:52)
		at se.redmind.rmtest.selenium.example.CreateRandomRes3.random14(CreateRandomRes3.java:128)
	</failure>
</testcase>
<testcase name="random3[Windows_8.1_UNKNOWN_chrome_42]" classname="se.redmind.rmtest.selenium.example.RandomClass2(20150317-080346)" time="1.4319977">
	<failure type="java.lang.AssertionError:">java.lang.AssertionError: null
		at org.junit.Assert.fail(Assert.java:86)
		at org.junit.Assert.assertTrue(Assert.java:41)
		at org.junit.Assert.assertTrue(Assert.java:52)
		at se.redmind.rmtest.selenium.example.CreateRandomRes3.random14(CreateRandomRes3.java:128)
	</failure>
</testcase>
<testcase name="random3[Windows_8.1_UNKNOWN_explorer_10]" classname="se.redmind.rmtest.selenium.example.RandomClass2(20150317-080346)" time="0.6885085">
	<failure type="java.lang.AssertionError:">java.lang.AssertionError: null
		at org.junit.Assert.fail(Assert.java:86)
		at org.junit.Assert.assertTrue(Assert.java:41)
		at org.junit.Assert.assertTrue(Assert.java:52)
		at se.redmind.rmtest.selenium.example.CreateRandomRes3.random14(CreateRandomRes3.java:128)
	</failure>
</testcase>
<testcase name="random3[Windows_8.1_UNKNOWN_opera_15]" classname="se.redmind.rmtest.selenium.example.RandomClass2(20150317-080346)" time="0.9950535"/>
<testcase name="random3[Windows_10_UNKNOWN_firefox_31]" classname="se.redmind.rmtest.selenium.example.RandomClass2(20150317-080346)" time="1.1705775">
	<failure type="java.lang.AssertionError:">java.lang.AssertionError: null
		at org.junit.Assert.fail(Assert.java:86)
		at org.junit.Assert.assertTrue(Assert.java:41)
		at org.junit.Assert.assertTrue(Assert.java:52)
		at se.redmind.rmtest.selenium.example.CreateRandomRes3.random14(CreateRandomRes3.java:128)
	</failure>
</testcase>
<testcase name="random3[Windows_10_UNKNOWN_chrome_42]" classname="se.redmind.rmtest.selenium.example.RandomClass2(20150317-080346)" time="0.9822452">
	<failure type="java.lang.AssertionError:">java.lang.AssertionError: null
		at org.junit.Assert.fail(Assert.java:86)
		at org.junit.Assert.assertTrue(Assert.java:41)
		at org.junit.Assert.assertTrue(Assert.java:52)
		at se.redmind.rmtest.selenium.example.CreateRandomRes3.random14(CreateRandomRes3.java:128)
	</failure>
</testcase>
<testcase name="random3[Windows_10_UNKNOWN_explorer_10]" classname="se.redmind.rmtest.selenium.example.RandomClass2(20150317-080346)" time="0.61936665">
	<failure type="java.lang.AssertionError:">java.lang.AssertionError: null
		at org.junit.Assert.fail(Assert.java:86)
		at org.junit.Assert.assertTrue(Assert.java:41)
		at org.junit.Assert.assertTrue(Assert.java:52)
		at se.redmind.rmtest.selenium.example.CreateRandomRes3.random14(CreateRandomRes3.java:128)
	</failure>
</testcase>
<testcase name="random3[Windows_10_UNKNOWN_opera_15]" classname="se.redmind.rmtest.selenium.example.RandomClass2(20150317-080346)" time="0.68522835">
	<failure type="java.lang.AssertionError:">java.lang.AssertionError: null
		at org.junit.Assert.fail(Assert.java:86)
		at org.junit.Assert.assertTrue(Assert.java:41)
		at org.junit.Assert.assertTrue(Assert.java:52)
		at se.redmind.rmtest.selenium.example.CreateRandomRes3.random14(CreateRandomRes3.java:128)
	</failure>
</testcase>
<testcase name="random3[Ubuntu_14.04_UNKNOWN_firefox_31]" classname="se.redmind.rmtest.selenium.example.RandomClass2(20150317-080346)" time="0.4106232"/>
<testcase name="random3[Ubuntu_14.04_UNKNOWN_chrome_42]" classname="se.redmind.rmtest.selenium.example.RandomClass2(20150317-080346)" time="0.79998636"/>
<testcase name="random3[Ubuntu_14.04_UNKNOWN_explorer_10]" classname="se.redmind.rmtest.selenium.example.RandomClass2(20150317-080346)" time="0.5602889">
	<error type="java.lang.AssertionError:">java.lang.AssertionError: null
		at org.junit.Assert.fail(Assert.java:86)
		at org.junit.Assert.assertTrue(Assert.java:41)
		at org.junit.Assert.assertTrue(Assert.java:52)
		at se.redmind.rmtest.selenium.example.CreateRandomRes3.random14(CreateRandomRes3.java:128)
	</error>
</testcase>
<testcase name="random3[Ubuntu_14.04_UNKNOWN_opera_15]" classname="se.redmind.rmtest.selenium.example.RandomClass2(20150317-080346)" time="0.6920452">
	<failure type="java.lang.AssertionError:">java.lang.AssertionError: null
		at org.junit.Assert.fail(Assert.java:86)
		at org.junit.Assert.assertTrue(Assert.java:41)
		at org.junit.Assert.assertTrue(Assert.java:52)
		at se.redmind.rmtest.selenium.example.CreateRandomRes3.random14(CreateRandomRes3.java:128)
	</failure>
</testcase>
<testcase name="random3[Ubuntu_12.10_UNKNOWN_firefox_31]" classname="se.redmind.rmtest.selenium.example.RandomClass2(20150317-080346)" time="0.27872205">
	<failure type="java.lang.AssertionError:">java.lang.AssertionError: null
		at org.junit.Assert.fail(Assert.java:86)
		at org.junit.Assert.assertTrue(Assert.java:41)
		at org.junit.Assert.assertTrue(Assert.java:52)
		at se.redmind.rmtest.selenium.example.CreateRandomRes3.random14(CreateRandomRes3.java:128)
	</failure>
</testcase>
<testcase name="random3[Ubuntu_12.10_UNKNOWN_chrome_42]" classname="se.redmind.rmtest.selenium.example.RandomClass2(20150317-080346)" time="1.9745183"/>
<testcase name="random3[Ubuntu_12.10_UNKNOWN_explorer_10]" classname="se.redmind.rmtest.selenium.example.RandomClass2(20150317-080346)" time="0.5687362">
	<failure type="java.lang.AssertionError:">java.lang.AssertionError: null
		at org.junit.Assert.fail(Assert.java:86)
		at org.junit.Assert.assertTrue(Assert.java:41)
		at org.junit.Assert.assertTrue(Assert.java:52)
		at se.redmind.rmtest.selenium.example.CreateRandomRes3.random14(CreateRandomRes3.java:128)
	</failure>
</testcase>
<testcase name="random3[Ubuntu_12.10_UNKNOWN_opera_15]" classname="se.redmind.rmtest.selenium.example.RandomClass2(20150317-080346)" time="0.75909674">
	<failure type="java.lang.AssertionError:">java.lang.AssertionError: null
		at org.junit.Assert.fail(Assert.java:86)
		at org.junit.Assert.assertTrue(Assert.java:41)
		at org.junit.Assert.assertTrue(Assert.java:52)
		at se.redmind.rmtest.selenium.example.CreateRandomRes3.random14(CreateRandomRes3.java:128)
	</failure>
</testcase>
<testcase name="random4[Android_4.4.4_HTC ONE_firefox_31]" classname="se.redmind.rmtest.selenium.example.RandomClass2(20150317-080346)" time="0.25131035">
	<error type="java.lang.AssertionError:">java.lang.AssertionError: null
		at org.junit.Assert.fail(Assert.java:86)
		at org.junit.Assert.assertTrue(Assert.java:41)
		at org.junit.Assert.assertTrue(Assert.java:52)
		at se.redmind.rmtest.selenium.example.CreateRandomRes3.random14(CreateRandomRes3.java:128)
	</error>
</testcase>
<testcase name="random4[Android_4.4.4_HTC ONE_chrome_42]" classname="se.redmind.rmtest.selenium.example.RandomClass2(20150317-080346)" time="1.6717641">
	<failure type="java.lang.AssertionError:">java.lang.AssertionError: null
		at org.junit.Assert.fail(Assert.java:86)
		at org.junit.Assert.assertTrue(Assert.java:41)
		at org.junit.Assert.assertTrue(Assert.java:52)
		at se.redmind.rmtest.selenium.example.CreateRandomRes3.random14(CreateRandomRes3.java:128)
	</failure>
</testcase>
<testcase name="random4[Android_4.4.4_HTC ONE_explorer_10]" classname="se.redmind.rmtest.selenium.example.RandomClass2(20150317-080346)" time="1.4741971">
	<failure type="java.lang.AssertionError:">java.lang.AssertionError: null
		at org.junit.Assert.fail(Assert.java:86)
		at org.junit.Assert.assertTrue(Assert.java:41)
		at org.junit.Assert.assertTrue(Assert.java:52)
		at se.redmind.rmtest.selenium.example.CreateRandomRes3.random14(CreateRandomRes3.java:128)
	</failure>
</testcase>
<testcase name="random4[Android_4.4.4_HTC ONE_opera_15]" classname="se.redmind.rmtest.selenium.example.RandomClass2(20150317-080346)" time="1.0482591">
	<failure type="java.lang.AssertionError:">java.lang.AssertionError: null
		at org.junit.Assert.fail(Assert.java:86)
		at org.junit.Assert.assertTrue(Assert.java:41)
		at org.junit.Assert.assertTrue(Assert.java:52)
		at se.redmind.rmtest.selenium.example.CreateRandomRes3.random14(CreateRandomRes3.java:128)
	</failure>
</testcase>
<testcase name="random4[Android_2.3_VeiVei_firefox_31]" classname="se.redmind.rmtest.selenium.example.RandomClass2(20150317-080346)" time="0.43718088"/>
<testcase name="random4[Android_2.3_VeiVei_chrome_42]" classname="se.redmind.rmtest.selenium.example.RandomClass2(20150317-080346)" time="1.5565436"/>
<testcase name="random4[Android_2.3_VeiVei_explorer_10]" classname="se.redmind.rmtest.selenium.example.RandomClass2(20150317-080346)" time="1.6674069">
	<failure type="java.lang.AssertionError:">java.lang.AssertionError: null
		at org.junit.Assert.fail(Assert.java:86)
		at org.junit.Assert.assertTrue(Assert.java:41)
		at org.junit.Assert.assertTrue(Assert.java:52)
		at se.redmind.rmtest.selenium.example.CreateRandomRes3.random14(CreateRandomRes3.java:128)
	</failure>
</testcase>
<testcase name="random4[Android_2.3_VeiVei_opera_15]" classname="se.redmind.rmtest.selenium.example.RandomClass2(20150317-080346)" time="1.0272486"/>
<testcase name="random4[Android_4.4.4_Sony Experia Z3_firefox_31]" classname="se.redmind.rmtest.selenium.example.RandomClass2(20150317-080346)" time="1.848973"/>
<testcase name="random4[Android_4.4.4_Sony Experia Z3_chrome_42]" classname="se.redmind.rmtest.selenium.example.RandomClass2(20150317-080346)" time="1.6588514"/>
<testcase name="random4[Android_4.4.4_Sony Experia Z3_explorer_10]" classname="se.redmind.rmtest.selenium.example.RandomClass2(20150317-080346)" time="1.9151782">
	<failure type="java.lang.AssertionError:">java.lang.AssertionError: null
		at org.junit.Assert.fail(Assert.java:86)
		at org.junit.Assert.assertTrue(Assert.java:41)
		at org.junit.Assert.assertTrue(Assert.java:52)
		at se.redmind.rmtest.selenium.example.CreateRandomRes3.random14(CreateRandomRes3.java:128)
	</failure>
</testcase>
<testcase name="random4[Android_4.4.4_Sony Experia Z3_opera_15]" classname="se.redmind.rmtest.selenium.example.RandomClass2(20150317-080346)" time="1.6518475">
	<failure type="java.lang.AssertionError:">java.lang.AssertionError: null
		at org.junit.Assert.fail(Assert.java:86)
		at org.junit.Assert.assertTrue(Assert.java:41)
		at org.junit.Assert.assertTrue(Assert.java:52)
		at se.redmind.rmtest.selenium.example.CreateRandomRes3.random14(CreateRandomRes3.java:128)
	</failure>
</testcase>
<testcase name="random4[IOS_8.2_iPhone 6_firefox_31]" classname="se.redmind.rmtest.selenium.example.RandomClass2(20150317-080346)" time="1.9672353"/>
<testcase name="random4[IOS_8.2_iPhone 6_chrome_42]" classname="se.redmind.rmtest.selenium.example.RandomClass2(20150317-080346)" time="1.9981493"/>
<testcase name="random4[IOS_8.2_iPhone 6_explorer_10]" classname="se.redmind.rmtest.selenium.example.RandomClass2(20150317-080346)" time="0.41231894">
	<failure type="java.lang.AssertionError:">java.lang.AssertionError: null
		at org.junit.Assert.fail(Assert.java:86)
		at org.junit.Assert.assertTrue(Assert.java:41)
		at org.junit.Assert.assertTrue(Assert.java:52)
		at se.redmind.rmtest.selenium.example.CreateRandomRes3.random14(CreateRandomRes3.java:128)
	</failure>
</testcase>
<testcase name="random4[IOS_8.2_iPhone 6_opera_15]" classname="se.redmind.rmtest.selenium.example.RandomClass2(20150317-080346)" time="0.5088521"/>
<testcase name="random4[IOS_4_iPhone 3Gs_firefox_31]" classname="se.redmind.rmtest.selenium.example.RandomClass2(20150317-080346)" time="0.84147835">
	<failure type="java.lang.AssertionError:">java.lang.AssertionError: null
		at org.junit.Assert.fail(Assert.java:86)
		at org.junit.Assert.assertTrue(Assert.java:41)
		at org.junit.Assert.assertTrue(Assert.java:52)
		at se.redmind.rmtest.selenium.example.CreateRandomRes3.random14(CreateRandomRes3.java:128)
	</failure>
</testcase>
<testcase name="random4[IOS_4_iPhone 3Gs_chrome_42]" classname="se.redmind.rmtest.selenium.example.RandomClass2(20150317-080346)" time="0.17177343">
	<failure type="java.lang.AssertionError:">java.lang.AssertionError: null
		at org.junit.Assert.fail(Assert.java:86)
		at org.junit.Assert.assertTrue(Assert.java:41)
		at org.junit.Assert.assertTrue(Assert.java:52)
		at se.redmind.rmtest.selenium.example.CreateRandomRes3.random14(CreateRandomRes3.java:128)
	</failure>
</testcase>
<testcase name="random4[IOS_4_iPhone 3Gs_explorer_10]" classname="se.redmind.rmtest.selenium.example.RandomClass2(20150317-080346)" time="0.35918713">
	<failure type="java.lang.AssertionError:">java.lang.AssertionError: null
		at org.junit.Assert.fail(Assert.java:86)
		at org.junit.Assert.assertTrue(Assert.java:41)
		at org.junit.Assert.assertTrue(Assert.java:52)
		at se.redmind.rmtest.selenium.example.CreateRandomRes3.random14(CreateRandomRes3.java:128)
	</failure>
</testcase>
<testcase name="random4[IOS_4_iPhone 3Gs_opera_15]" classname="se.redmind.rmtest.selenium.example.RandomClass2(20150317-080346)" time="1.3442153"/>
<testcase name="random4[OSX_10.9.5_UNKNOWN_firefox_31]" classname="se.redmind.rmtest.selenium.example.RandomClass2(20150317-080346)" time="0.32307482">
	<failure type="java.lang.AssertionError:">java.lang.AssertionError: null
		at org.junit.Assert.fail(Assert.java:86)
		at org.junit.Assert.assertTrue(Assert.java:41)
		at org.junit.Assert.assertTrue(Assert.java:52)
		at se.redmind.rmtest.selenium.example.CreateRandomRes3.random14(CreateRandomRes3.java:128)
	</failure>
</testcase>
<testcase name="random4[OSX_10.9.5_UNKNOWN_chrome_42]" classname="se.redmind.rmtest.selenium.example.RandomClass2(20150317-080346)" time="1.1651722"/>
<testcase name="random4[OSX_10.9.5_UNKNOWN_explorer_10]" classname="se.redmind.rmtest.selenium.example.RandomClass2(20150317-080346)" time="0.59986496">
	<failure type="java.lang.AssertionError:">java.lang.AssertionError: null
		at org.junit.Assert.fail(Assert.java:86)
		at org.junit.Assert.assertTrue(Assert.java:41)
		at org.junit.Assert.assertTrue(Assert.java:52)
		at se.redmind.rmtest.selenium.example.CreateRandomRes3.random14(CreateRandomRes3.java:128)
	</failure>
</testcase>
<testcase name="random4[OSX_10.9.5_UNKNOWN_opera_15]" classname="se.redmind.rmtest.selenium.example.RandomClass2(20150317-080346)" time="1.0755256"/>
<testcase name="random4[Windows_8.1_UNKNOWN_firefox_31]" classname="se.redmind.rmtest.selenium.example.RandomClass2(20150317-080346)" time="1.661785">
	<failure type="java.lang.AssertionError:">java.lang.AssertionError: null
		at org.junit.Assert.fail(Assert.java:86)
		at org.junit.Assert.assertTrue(Assert.java:41)
		at org.junit.Assert.assertTrue(Assert.java:52)
		at se.redmind.rmtest.selenium.example.CreateRandomRes3.random14(CreateRandomRes3.java:128)
	</failure>
</testcase>
<testcase name="random4[Windows_8.1_UNKNOWN_chrome_42]" classname="se.redmind.rmtest.selenium.example.RandomClass2(20150317-080346)" time="1.2535559"/>
<testcase name="random4[Windows_8.1_UNKNOWN_explorer_10]" classname="se.redmind.rmtest.selenium.example.RandomClass2(20150317-080346)" time="1.8018214"/>
<testcase name="random4[Windows_8.1_UNKNOWN_opera_15]" classname="se.redmind.rmtest.selenium.example.RandomClass2(20150317-080346)" time="1.4493554">
	<error type="java.lang.AssertionError:">java.lang.AssertionError: null
		at org.junit.Assert.fail(Assert.java:86)
		at org.junit.Assert.assertTrue(Assert.java:41)
		at org.junit.Assert.assertTrue(Assert.java:52)
		at se.redmind.rmtest.selenium.example.CreateRandomRes3.random14(CreateRandomRes3.java:128)
	</error>
</testcase>
<testcase name="random4[Windows_10_UNKNOWN_firefox_31]" classname="se.redmind.rmtest.selenium.example.RandomClass2(20150317-080346)" time="0.19599855">
	<failure type="java.lang.AssertionError:">java.lang.AssertionError: null
		at org.junit.Assert.fail(Assert.java:86)
		at org.junit.Assert.assertTrue(Assert.java:41)
		at org.junit.Assert.assertTrue(Assert.java:52)
		at se.redmind.rmtest.selenium.example.CreateRandomRes3.random14(CreateRandomRes3.java:128)
	</failure>
</testcase>
<testcase name="random4[Windows_10_UNKNOWN_chrome_42]" classname="se.redmind.rmtest.selenium.example.RandomClass2(20150317-080346)" time="1.0360565"/>
<testcase name="random4[Windows_10_UNKNOWN_explorer_10]" classname="se.redmind.rmtest.selenium.example.RandomClass2(20150317-080346)" time="0.1667105"/>
<testcase name="random4[Windows_10_UNKNOWN_opera_15]" classname="se.redmind.rmtest.selenium.example.RandomClass2(20150317-080346)" time="1.6825014">
	<failure type="java.lang.AssertionError:">java.lang.AssertionError: null
		at org.junit.Assert.fail(Assert.java:86)
		at org.junit.Assert.assertTrue(Assert.java:41)
		at org.junit.Assert.assertTrue(Assert.java:52)
		at se.redmind.rmtest.selenium.example.CreateRandomRes3.random14(CreateRandomRes3.java:128)
	</failure>
</testcase>
<testcase name="random4[Ubuntu_14.04_UNKNOWN_firefox_31]" classname="se.redmind.rmtest.selenium.example.RandomClass2(20150317-080346)" time="0.78149796"/>
<testcase name="random4[Ubuntu_14.04_UNKNOWN_chrome_42]" classname="se.redmind.rmtest.selenium.example.RandomClass2(20150317-080346)" time="0.8112664">
	<failure type="java.lang.AssertionError:">java.lang.AssertionError: null
		at org.junit.Assert.fail(Assert.java:86)
		at org.junit.Assert.assertTrue(Assert.java:41)
		at org.junit.Assert.assertTrue(Assert.java:52)
		at se.redmind.rmtest.selenium.example.CreateRandomRes3.random14(CreateRandomRes3.java:128)
	</failure>
</testcase>
<testcase name="random4[Ubuntu_14.04_UNKNOWN_explorer_10]" classname="se.redmind.rmtest.selenium.example.RandomClass2(20150317-080346)" time="1.0658094"/>
<testcase name="random4[Ubuntu_14.04_UNKNOWN_opera_15]" classname="se.redmind.rmtest.selenium.example.RandomClass2(20150317-080346)" time="0.9191983">
	<failure type="java.lang.AssertionError:">java.lang.AssertionError: null
		at org.junit.Assert.fail(Assert.java:86)
		at org.junit.Assert.assertTrue(Assert.java:41)
		at org.junit.Assert.assertTrue(Assert.java:52)
		at se.redmind.rmtest.selenium.example.CreateRandomRes3.random14(CreateRandomRes3.java:128)
	</failure>
</testcase>
<testcase name="random4[Ubuntu_12.10_UNKNOWN_firefox_31]" classname="se.redmind.rmtest.selenium.example.RandomClass2(20150317-080346)" time="1.7730378">
	<failure type="java.lang.AssertionError:">java.lang.AssertionError: null
		at org.junit.Assert.fail(Assert.java:86)
		at org.junit.Assert.assertTrue(Assert.java:41)
		at org.junit.Assert.assertTrue(Assert.java:52)
		at se.redmind.rmtest.selenium.example.CreateRandomRes3.random14(CreateRandomRes3.java:128)
	</failure>
</testcase>
<testcase name="random4[Ubuntu_12.10_UNKNOWN_chrome_42]" classname="se.redmind.rmtest.selenium.example.RandomClass2(20150317-080346)" time="1.0741525">
	<failure type="java.lang.AssertionError:">java.lang.AssertionError: null
		at org.junit.Assert.fail(Assert.java:86)
		at org.junit.Assert.assertTrue(Assert.java:41)
		at org.junit.Assert.assertTrue(Assert.java:52)
		at se.redmind.rmtest.selenium.example.CreateRandomRes3.random14(CreateRandomRes3.java:128)
	</failure>
</testcase>
<testcase name="random4[Ubuntu_12.10_UNKNOWN_explorer_10]" classname="se.redmind.rmtest.selenium.example.RandomClass2(20150317-080346)" time="0.79725623"/>
<testcase name="random4[Ubuntu_12.10_UNKNOWN_opera_15]" classname="se.redmind.rmtest.selenium.example.RandomClass2(20150317-080346)" time="1.3025308"/>
<testcase name="random1[Android_4.4.4_HTC ONE_firefox_31]" classname="se.redmind.rmtest.selenium.example.RandomClass3(20150317-080346)" time="0.3277731"/>
<testcase name="random1[Android_4.4.4_HTC ONE_chrome_42]" classname="se.redmind.rmtest.selenium.example.RandomClass3(20150317-080346)" time="0.30152297"/>
<testcase name="random1[Android_4.4.4_HTC ONE_explorer_10]" classname="se.redmind.rmtest.selenium.example.RandomClass3(20150317-080346)" time="0.6139238">
	<failure type="java.lang.AssertionError:">java.lang.AssertionError: null
		at org.junit.Assert.fail(Assert.java:86)
		at org.junit.Assert.assertTrue(Assert.java:41)
		at org.junit.Assert.assertTrue(Assert.java:52)
		at se.redmind.rmtest.selenium.example.CreateRandomRes3.random14(CreateRandomRes3.java:128)
	</failure>
</testcase>
<testcase name="random1[Android_4.4.4_HTC ONE_opera_15]" classname="se.redmind.rmtest.selenium.example.RandomClass3(20150317-080346)" time="0.7996429">
	<failure type="java.lang.AssertionError:">java.lang.AssertionError: null
		at org.junit.Assert.fail(Assert.java:86)
		at org.junit.Assert.assertTrue(Assert.java:41)
		at org.junit.Assert.assertTrue(Assert.java:52)
		at se.redmind.rmtest.selenium.example.CreateRandomRes3.random14(CreateRandomRes3.java:128)
	</failure>
</testcase>
<testcase name="random1[Android_2.3_VeiVei_firefox_31]" classname="se.redmind.rmtest.selenium.example.RandomClass3(20150317-080346)" time="1.8888826"/>
<testcase name="random1[Android_2.3_VeiVei_chrome_42]" classname="se.redmind.rmtest.selenium.example.RandomClass3(20150317-080346)" time="1.9961317"/>
<testcase name="random1[Android_2.3_VeiVei_explorer_10]" classname="se.redmind.rmtest.selenium.example.RandomClass3(20150317-080346)" time="1.8997031"/>
<testcase name="random1[Android_2.3_VeiVei_opera_15]" classname="se.redmind.rmtest.selenium.example.RandomClass3(20150317-080346)" time="1.7927856"/>
<testcase name="random1[Android_4.4.4_Sony Experia Z3_firefox_31]" classname="se.redmind.rmtest.selenium.example.RandomClass3(20150317-080346)" time="1.5717001"/>
<testcase name="random1[Android_4.4.4_Sony Experia Z3_chrome_42]" classname="se.redmind.rmtest.selenium.example.RandomClass3(20150317-080346)" time="0.17195928">
	<failure type="java.lang.AssertionError:">java.lang.AssertionError: null
		at org.junit.Assert.fail(Assert.java:86)
		at org.junit.Assert.assertTrue(Assert.java:41)
		at org.junit.Assert.assertTrue(Assert.java:52)
		at se.redmind.rmtest.selenium.example.CreateRandomRes3.random14(CreateRandomRes3.java:128)
	</failure>
</testcase>
<testcase name="random1[Android_4.4.4_Sony Experia Z3_explorer_10]" classname="se.redmind.rmtest.selenium.example.RandomClass3(20150317-080346)" time="1.9362644">
	<failure type="java.lang.AssertionError:">java.lang.AssertionError: null
		at org.junit.Assert.fail(Assert.java:86)
		at org.junit.Assert.assertTrue(Assert.java:41)
		at org.junit.Assert.assertTrue(Assert.java:52)
		at se.redmind.rmtest.selenium.example.CreateRandomRes3.random14(CreateRandomRes3.java:128)
	</failure>
</testcase>
<testcase name="random1[Android_4.4.4_Sony Experia Z3_opera_15]" classname="se.redmind.rmtest.selenium.example.RandomClass3(20150317-080346)" time="0.91924036"/>
<testcase name="random1[IOS_8.2_iPhone 6_firefox_31]" classname="se.redmind.rmtest.selenium.example.RandomClass3(20150317-080346)" time="0.3297931">
	<failure type="java.lang.AssertionError:">java.lang.AssertionError: null
		at org.junit.Assert.fail(Assert.java:86)
		at org.junit.Assert.assertTrue(Assert.java:41)
		at org.junit.Assert.assertTrue(Assert.java:52)
		at se.redmind.rmtest.selenium.example.CreateRandomRes3.random14(CreateRandomRes3.java:128)
	</failure>
</testcase>
<testcase name="random1[IOS_8.2_iPhone 6_chrome_42]" classname="se.redmind.rmtest.selenium.example.RandomClass3(20150317-080346)" time="1.1572317">
	<failure type="java.lang.AssertionError:">java.lang.AssertionError: null
		at org.junit.Assert.fail(Assert.java:86)
		at org.junit.Assert.assertTrue(Assert.java:41)
		at org.junit.Assert.assertTrue(Assert.java:52)
		at se.redmind.rmtest.selenium.example.CreateRandomRes3.random14(CreateRandomRes3.java:128)
	</failure>
</testcase>
<testcase name="random1[IOS_8.2_iPhone 6_explorer_10]" classname="se.redmind.rmtest.selenium.example.RandomClass3(20150317-080346)" time="0.08460057">
	<failure type="java.lang.AssertionError:">java.lang.AssertionError: null
		at org.junit.Assert.fail(Assert.java:86)
		at org.junit.Assert.assertTrue(Assert.java:41)
		at org.junit.Assert.assertTrue(Assert.java:52)
		at se.redmind.rmtest.selenium.example.CreateRandomRes3.random14(CreateRandomRes3.java:128)
	</failure>
</testcase>
<testcase name="random1[IOS_8.2_iPhone 6_opera_15]" classname="se.redmind.rmtest.selenium.example.RandomClass3(20150317-080346)" time="0.06398249">
	<failure type="java.lang.AssertionError:">java.lang.AssertionError: null
		at org.junit.Assert.fail(Assert.java:86)
		at org.junit.Assert.assertTrue(Assert.java:41)
		at org.junit.Assert.assertTrue(Assert.java:52)
		at se.redmind.rmtest.selenium.example.CreateRandomRes3.random14(CreateRandomRes3.java:128)
	</failure>
</testcase>
<testcase name="random1[IOS_4_iPhone 3Gs_firefox_31]" classname="se.redmind.rmtest.selenium.example.RandomClass3(20150317-080346)" time="0.70104706">
	<error type="java.lang.AssertionError:">java.lang.AssertionError: null
		at org.junit.Assert.fail(Assert.java:86)
		at org.junit.Assert.assertTrue(Assert.java:41)
		at org.junit.Assert.assertTrue(Assert.java:52)
		at se.redmind.rmtest.selenium.example.CreateRandomRes3.random14(CreateRandomRes3.java:128)
	</error>
</testcase>
<testcase name="random1[IOS_4_iPhone 3Gs_chrome_42]" classname="se.redmind.rmtest.selenium.example.RandomClass3(20150317-080346)" time="0.9023787"/>
<testcase name="random1[IOS_4_iPhone 3Gs_explorer_10]" classname="se.redmind.rmtest.selenium.example.RandomClass3(20150317-080346)" time="0.9527112">
	<failure type="java.lang.AssertionError:">java.lang.AssertionError: null
		at org.junit.Assert.fail(Assert.java:86)
		at org.junit.Assert.assertTrue(Assert.java:41)
		at org.junit.Assert.assertTrue(Assert.java:52)
		at se.redmind.rmtest.selenium.example.CreateRandomRes3.random14(CreateRandomRes3.java:128)
	</failure>
</testcase>
<testcase name="random1[IOS_4_iPhone 3Gs_opera_15]" classname="se.redmind.rmtest.selenium.example.RandomClass3(20150317-080346)" time="1.2886759">
	<error type="java.lang.AssertionError:">java.lang.AssertionError: null
		at org.junit.Assert.fail(Assert.java:86)
		at org.junit.Assert.assertTrue(Assert.java:41)
		at org.junit.Assert.assertTrue(Assert.java:52)
		at se.redmind.rmtest.selenium.example.CreateRandomRes3.random14(CreateRandomRes3.java:128)
	</error>
</testcase>
<testcase name="random1[OSX_10.9.5_UNKNOWN_firefox_31]" classname="se.redmind.rmtest.selenium.example.RandomClass3(20150317-080346)" time="1.2199063"/>
<testcase name="random1[OSX_10.9.5_UNKNOWN_chrome_42]" classname="se.redmind.rmtest.selenium.example.RandomClass3(20150317-080346)" time="0.65349996">
	<failure type="java.lang.AssertionError:">java.lang.AssertionError: null
		at org.junit.Assert.fail(Assert.java:86)
		at org.junit.Assert.assertTrue(Assert.java:41)
		at org.junit.Assert.assertTrue(Assert.java:52)
		at se.redmind.rmtest.selenium.example.CreateRandomRes3.random14(CreateRandomRes3.java:128)
	</failure>
</testcase>
<testcase name="random1[OSX_10.9.5_UNKNOWN_explorer_10]" classname="se.redmind.rmtest.selenium.example.RandomClass3(20150317-080346)" time="0.36357796"/>
<testcase name="random1[OSX_10.9.5_UNKNOWN_opera_15]" classname="se.redmind.rmtest.selenium.example.RandomClass3(20150317-080346)" time="0.6838037"/>
<testcase name="random1[Windows_8.1_UNKNOWN_firefox_31]" classname="se.redmind.rmtest.selenium.example.RandomClass3(20150317-080346)" time="1.9719402"/>
<testcase name="random1[Windows_8.1_UNKNOWN_chrome_42]" classname="se.redmind.rmtest.selenium.example.RandomClass3(20150317-080346)" time="0.35931027"/>
<testcase name="random1[Windows_8.1_UNKNOWN_explorer_10]" classname="se.redmind.rmtest.selenium.example.RandomClass3(20150317-080346)" time="1.5248482">
	<failure type="java.lang.AssertionError:">java.lang.AssertionError: null
		at org.junit.Assert.fail(Assert.java:86)
		at org.junit.Assert.assertTrue(Assert.java:41)
		at org.junit.Assert.assertTrue(Assert.java:52)
		at se.redmind.rmtest.selenium.example.CreateRandomRes3.random14(CreateRandomRes3.java:128)
	</failure>
</testcase>
<testcase name="random1[Windows_8.1_UNKNOWN_opera_15]" classname="se.redmind.rmtest.selenium.example.RandomClass3(20150317-080346)" time="0.47403908"/>
<testcase name="random1[Windows_10_UNKNOWN_firefox_31]" classname="se.redmind.rmtest.selenium.example.RandomClass3(20150317-080346)" time="0.6372864">
	<error type="java.lang.AssertionError:">java.lang.AssertionError: null
		at org.junit.Assert.fail(Assert.java:86)
		at org.junit.Assert.assertTrue(Assert.java:41)
		at org.junit.Assert.assertTrue(Assert.java:52)
		at se.redmind.rmtest.selenium.example.CreateRandomRes3.random14(CreateRandomRes3.java:128)
	</error>
</testcase>
<testcase name="random1[Windows_10_UNKNOWN_chrome_42]" classname="se.redmind.rmtest.selenium.example.RandomClass3(20150317-080346)" time="0.069996"/>
<testcase name="random1[Windows_10_UNKNOWN_explorer_10]" classname="se.redmind.rmtest.selenium.example.RandomClass3(20150317-080346)" time="0.29221177">
	<failure type="java.lang.AssertionError:">java.lang.AssertionError: null
		at org.junit.Assert.fail(Assert.java:86)
		at org.junit.Assert.assertTrue(Assert.java:41)
		at org.junit.Assert.assertTrue(Assert.java:52)
		at se.redmind.rmtest.selenium.example.CreateRandomRes3.random14(CreateRandomRes3.java:128)
	</failure>
</testcase>
<testcase name="random1[Windows_10_UNKNOWN_opera_15]" classname="se.redmind.rmtest.selenium.example.RandomClass3(20150317-080346)" time="1.5613134">
	<failure type="java.lang.AssertionError:">java.lang.AssertionError: null
		at org.junit.Assert.fail(Assert.java:86)
		at org.junit.Assert.assertTrue(Assert.java:41)
		at org.junit.Assert.assertTrue(Assert.java:52)
		at se.redmind.rmtest.selenium.example.CreateRandomRes3.random14(CreateRandomRes3.java:128)
	</failure>
</testcase>
<testcase name="random1[Ubuntu_14.04_UNKNOWN_firefox_31]" classname="se.redmind.rmtest.selenium.example.RandomClass3(20150317-080346)" time="0.50750995">
	<failure type="java.lang.AssertionError:">java.lang.AssertionError: null
		at org.junit.Assert.fail(Assert.java:86)
		at org.junit.Assert.assertTrue(Assert.java:41)
		at org.junit.Assert.assertTrue(Assert.java:52)
		at se.redmind.rmtest.selenium.example.CreateRandomRes3.random14(CreateRandomRes3.java:128)
	</failure>
</testcase>
<testcase name="random1[Ubuntu_14.04_UNKNOWN_chrome_42]" classname="se.redmind.rmtest.selenium.example.RandomClass3(20150317-080346)" time="1.5137434">
	<failure type="java.lang.AssertionError:">java.lang.AssertionError: null
		at org.junit.Assert.fail(Assert.java:86)
		at org.junit.Assert.assertTrue(Assert.java:41)
		at org.junit.Assert.assertTrue(Assert.java:52)
		at se.redmind.rmtest.selenium.example.CreateRandomRes3.random14(CreateRandomRes3.java:128)
	</failure>
</testcase>
<testcase name="random1[Ubuntu_14.04_UNKNOWN_explorer_10]" classname="se.redmind.rmtest.selenium.example.RandomClass3(20150317-080346)" time="1.607059"/>
<testcase name="random1[Ubuntu_14.04_UNKNOWN_opera_15]" classname="se.redmind.rmtest.selenium.example.RandomClass3(20150317-080346)" time="1.6924245"/>
<testcase name="random1[Ubuntu_12.10_UNKNOWN_firefox_31]" classname="se.redmind.rmtest.selenium.example.RandomClass3(20150317-080346)" time="0.8615241">
	<failure type="java.lang.AssertionError:">java.lang.AssertionError: null
		at org.junit.Assert.fail(Assert.java:86)
		at org.junit.Assert.assertTrue(Assert.java:41)
		at org.junit.Assert.assertTrue(Assert.java:52)
		at se.redmind.rmtest.selenium.example.CreateRandomRes3.random14(CreateRandomRes3.java:128)
	</failure>
</testcase>
<testcase name="random1[Ubuntu_12.10_UNKNOWN_chrome_42]" classname="se.redmind.rmtest.selenium.example.RandomClass3(20150317-080346)" time="0.8385956"/>
<testcase name="random1[Ubuntu_12.10_UNKNOWN_explorer_10]" classname="se.redmind.rmtest.selenium.example.RandomClass3(20150317-080346)" time="0.81868243">
	<failure type="java.lang.AssertionError:">java.lang.AssertionError: null
		at org.junit.Assert.fail(Assert.java:86)
		at org.junit.Assert.assertTrue(Assert.java:41)
		at org.junit.Assert.assertTrue(Assert.java:52)
		at se.redmind.rmtest.selenium.example.CreateRandomRes3.random14(CreateRandomRes3.java:128)
	</failure>
</testcase>
<testcase name="random1[Ubuntu_12.10_UNKNOWN_opera_15]" classname="se.redmind.rmtest.selenium.example.RandomClass3(20150317-080346)" time="0.48609805"/>
<testcase name="random2[Android_4.4.4_HTC ONE_firefox_31]" classname="se.redmind.rmtest.selenium.example.RandomClass3(20150317-080346)" time="1.5152231">
	<failure type="java.lang.AssertionError:">java.lang.AssertionError: null
		at org.junit.Assert.fail(Assert.java:86)
		at org.junit.Assert.assertTrue(Assert.java:41)
		at org.junit.Assert.assertTrue(Assert.java:52)
		at se.redmind.rmtest.selenium.example.CreateRandomRes3.random14(CreateRandomRes3.java:128)
	</failure>
</testcase>
<testcase name="random2[Android_4.4.4_HTC ONE_chrome_42]" classname="se.redmind.rmtest.selenium.example.RandomClass3(20150317-080346)" time="1.6601069"/>
<testcase name="random2[Android_4.4.4_HTC ONE_explorer_10]" classname="se.redmind.rmtest.selenium.example.RandomClass3(20150317-080346)" time="0.7578732">
	<failure type="java.lang.AssertionError:">java.lang.AssertionError: null
		at org.junit.Assert.fail(Assert.java:86)
		at org.junit.Assert.assertTrue(Assert.java:41)
		at org.junit.Assert.assertTrue(Assert.java:52)
		at se.redmind.rmtest.selenium.example.CreateRandomRes3.random14(CreateRandomRes3.java:128)
	</failure>
</testcase>
<testcase name="random2[Android_4.4.4_HTC ONE_opera_15]" classname="se.redmind.rmtest.selenium.example.RandomClass3(20150317-080346)" time="1.9949187">
	<failure type="java.lang.AssertionError:">java.lang.AssertionError: null
		at org.junit.Assert.fail(Assert.java:86)
		at org.junit.Assert.assertTrue(Assert.java:41)
		at org.junit.Assert.assertTrue(Assert.java:52)
		at se.redmind.rmtest.selenium.example.CreateRandomRes3.random14(CreateRandomRes3.java:128)
	</failure>
</testcase>
<testcase name="random2[Android_2.3_VeiVei_firefox_31]" classname="se.redmind.rmtest.selenium.example.RandomClass3(20150317-080346)" time="1.0789504"/>
<testcase name="random2[Android_2.3_VeiVei_chrome_42]" classname="se.redmind.rmtest.selenium.example.RandomClass3(20150317-080346)" time="1.8319132">
	<failure type="java.lang.AssertionError:">java.lang.AssertionError: null
		at org.junit.Assert.fail(Assert.java:86)
		at org.junit.Assert.assertTrue(Assert.java:41)
		at org.junit.Assert.assertTrue(Assert.java:52)
		at se.redmind.rmtest.selenium.example.CreateRandomRes3.random14(CreateRandomRes3.java:128)
	</failure>
</testcase>
<testcase name="random2[Android_2.3_VeiVei_explorer_10]" classname="se.redmind.rmtest.selenium.example.RandomClass3(20150317-080346)" time="0.7378855">
	<failure type="java.lang.AssertionError:">java.lang.AssertionError: null
		at org.junit.Assert.fail(Assert.java:86)
		at org.junit.Assert.assertTrue(Assert.java:41)
		at org.junit.Assert.assertTrue(Assert.java:52)
		at se.redmind.rmtest.selenium.example.CreateRandomRes3.random14(CreateRandomRes3.java:128)
	</failure>
</testcase>
<testcase name="random2[Android_2.3_VeiVei_opera_15]" classname="se.redmind.rmtest.selenium.example.RandomClass3(20150317-080346)" time="1.5757376">
	<failure type="java.lang.AssertionError:">java.lang.AssertionError: null
		at org.junit.Assert.fail(Assert.java:86)
		at org.junit.Assert.assertTrue(Assert.java:41)
		at org.junit.Assert.assertTrue(Assert.java:52)
		at se.redmind.rmtest.selenium.example.CreateRandomRes3.random14(CreateRandomRes3.java:128)
	</failure>
</testcase>
<testcase name="random2[Android_4.4.4_Sony Experia Z3_firefox_31]" classname="se.redmind.rmtest.selenium.example.RandomClass3(20150317-080346)" time="0.4807477"/>
<testcase name="random2[Android_4.4.4_Sony Experia Z3_chrome_42]" classname="se.redmind.rmtest.selenium.example.RandomClass3(20150317-080346)" time="0.9432906">
	<failure type="java.lang.AssertionError:">java.lang.AssertionError: null
		at org.junit.Assert.fail(Assert.java:86)
		at org.junit.Assert.assertTrue(Assert.java:41)
		at org.junit.Assert.assertTrue(Assert.java:52)
		at se.redmind.rmtest.selenium.example.CreateRandomRes3.random14(CreateRandomRes3.java:128)
	</failure>
</testcase>
<testcase name="random2[Android_4.4.4_Sony Experia Z3_explorer_10]" classname="se.redmind.rmtest.selenium.example.RandomClass3(20150317-080346)" time="0.5187404"/>
<testcase name="random2[Android_4.4.4_Sony Experia Z3_opera_15]" classname="se.redmind.rmtest.selenium.example.RandomClass3(20150317-080346)" time="1.4100477"/>
<testcase name="random2[IOS_8.2_iPhone 6_firefox_31]" classname="se.redmind.rmtest.selenium.example.RandomClass3(20150317-080346)" time="1.1289612"/>
<testcase name="random2[IOS_8.2_iPhone 6_chrome_42]" classname="se.redmind.rmtest.selenium.example.RandomClass3(20150317-080346)" time="0.1658957"/>
<testcase name="random2[IOS_8.2_iPhone 6_explorer_10]" classname="se.redmind.rmtest.selenium.example.RandomClass3(20150317-080346)" time="1.7026838"/>
<testcase name="random2[IOS_8.2_iPhone 6_opera_15]" classname="se.redmind.rmtest.selenium.example.RandomClass3(20150317-080346)" time="1.3554925">
	<failure type="java.lang.AssertionError:">java.lang.AssertionError: null
		at org.junit.Assert.fail(Assert.java:86)
		at org.junit.Assert.assertTrue(Assert.java:41)
		at org.junit.Assert.assertTrue(Assert.java:52)
		at se.redmind.rmtest.selenium.example.CreateRandomRes3.random14(CreateRandomRes3.java:128)
	</failure>
</testcase>
<testcase name="random2[IOS_4_iPhone 3Gs_firefox_31]" classname="se.redmind.rmtest.selenium.example.RandomClass3(20150317-080346)" time="1.0540648">
	<failure type="java.lang.AssertionError:">java.lang.AssertionError: null
		at org.junit.Assert.fail(Assert.java:86)
		at org.junit.Assert.assertTrue(Assert.java:41)
		at org.junit.Assert.assertTrue(Assert.java:52)
		at se.redmind.rmtest.selenium.example.CreateRandomRes3.random14(CreateRandomRes3.java:128)
	</failure>
</testcase>
<testcase name="random2[IOS_4_iPhone 3Gs_chrome_42]" classname="se.redmind.rmtest.selenium.example.RandomClass3(20150317-080346)" time="1.8139905">
	<failure type="java.lang.AssertionError:">java.lang.AssertionError: null
		at org.junit.Assert.fail(Assert.java:86)
		at org.junit.Assert.assertTrue(Assert.java:41)
		at org.junit.Assert.assertTrue(Assert.java:52)
		at se.redmind.rmtest.selenium.example.CreateRandomRes3.random14(CreateRandomRes3.java:128)
	</failure>
</testcase>
<testcase name="random2[IOS_4_iPhone 3Gs_explorer_10]" classname="se.redmind.rmtest.selenium.example.RandomClass3(20150317-080346)" time="0.32492685"/>
<testcase name="random2[IOS_4_iPhone 3Gs_opera_15]" classname="se.redmind.rmtest.selenium.example.RandomClass3(20150317-080346)" time="1.8239442"/>
<testcase name="random2[OSX_10.9.5_UNKNOWN_firefox_31]" classname="se.redmind.rmtest.selenium.example.RandomClass3(20150317-080346)" time="1.9367926">
	<failure type="java.lang.AssertionError:">java.lang.AssertionError: null
		at org.junit.Assert.fail(Assert.java:86)
		at org.junit.Assert.assertTrue(Assert.java:41)
		at org.junit.Assert.assertTrue(Assert.java:52)
		at se.redmind.rmtest.selenium.example.CreateRandomRes3.random14(CreateRandomRes3.java:128)
	</failure>
</testcase>
<testcase name="random2[OSX_10.9.5_UNKNOWN_chrome_42]" classname="se.redmind.rmtest.selenium.example.RandomClass3(20150317-080346)" time="1.169893">
	<failure type="java.lang.AssertionError:">java.lang.AssertionError: null
		at org.junit.Assert.fail(Assert.java:86)
		at org.junit.Assert.assertTrue(Assert.java:41)
		at org.junit.Assert.assertTrue(Assert.java:52)
		at se.redmind.rmtest.selenium.example.CreateRandomRes3.random14(CreateRandomRes3.java:128)
	</failure>
</testcase>
<testcase name="random2[OSX_10.9.5_UNKNOWN_explorer_10]" classname="se.redmind.rmtest.selenium.example.RandomClass3(20150317-080346)" time="0.041747928">
	<failure type="java.lang.AssertionError:">java.lang.AssertionError: null
		at org.junit.Assert.fail(Assert.java:86)
		at org.junit.Assert.assertTrue(Assert.java:41)
		at org.junit.Assert.assertTrue(Assert.java:52)
		at se.redmind.rmtest.selenium.example.CreateRandomRes3.random14(CreateRandomRes3.java:128)
	</failure>
</testcase>
<testcase name="random2[OSX_10.9.5_UNKNOWN_opera_15]" classname="se.redmind.rmtest.selenium.example.RandomClass3(20150317-080346)" time="0.14643466">
	<failure type="java.lang.AssertionError:">java.lang.AssertionError: null
		at org.junit.Assert.fail(Assert.java:86)
		at org.junit.Assert.assertTrue(Assert.java:41)
		at org.junit.Assert.assertTrue(Assert.java:52)
		at se.redmind.rmtest.selenium.example.CreateRandomRes3.random14(CreateRandomRes3.java:128)
	</failure>
</testcase>
<testcase name="random2[Windows_8.1_UNKNOWN_firefox_31]" classname="se.redmind.rmtest.selenium.example.RandomClass3(20150317-080346)" time="0.70771194">
	<failure type="java.lang.AssertionError:">java.lang.AssertionError: null
		at org.junit.Assert.fail(Assert.java:86)
		at org.junit.Assert.assertTrue(Assert.java:41)
		at org.junit.Assert.assertTrue(Assert.java:52)
		at se.redmind.rmtest.selenium.example.CreateRandomRes3.random14(CreateRandomRes3.java:128)
	</failure>
</testcase>
<testcase name="random2[Windows_8.1_UNKNOWN_chrome_42]" classname="se.redmind.rmtest.selenium.example.RandomClass3(20150317-080346)" time="1.9560568">
	<failure type="java.lang.AssertionError:">java.lang.AssertionError: null
		at org.junit.Assert.fail(Assert.java:86)
		at org.junit.Assert.assertTrue(Assert.java:41)
		at org.junit.Assert.assertTrue(Assert.java:52)
		at se.redmind.rmtest.selenium.example.CreateRandomRes3.random14(CreateRandomRes3.java:128)
	</failure>
</testcase>
<testcase name="random2[Windows_8.1_UNKNOWN_explorer_10]" classname="se.redmind.rmtest.selenium.example.RandomClass3(20150317-080346)" time="1.3640611">
	<failure type="java.lang.AssertionError:">java.lang.AssertionError: null
		at org.junit.Assert.fail(Assert.java:86)
		at org.junit.Assert.assertTrue(Assert.java:41)
		at org.junit.Assert.assertTrue(Assert.java:52)
		at se.redmind.rmtest.selenium.example.CreateRandomRes3.random14(CreateRandomRes3.java:128)
	</failure>
</testcase>
<testcase name="random2[Windows_8.1_UNKNOWN_opera_15]" classname="se.redmind.rmtest.selenium.example.RandomClass3(20150317-080346)" time="1.6841147"/>
<testcase name="random2[Windows_10_UNKNOWN_firefox_31]" classname="se.redmind.rmtest.selenium.example.RandomClass3(20150317-080346)" time="0.0802598"/>
<testcase name="random2[Windows_10_UNKNOWN_chrome_42]" classname="se.redmind.rmtest.selenium.example.RandomClass3(20150317-080346)" time="1.648359">
	<failure type="java.lang.AssertionError:">java.lang.AssertionError: null
		at org.junit.Assert.fail(Assert.java:86)
		at org.junit.Assert.assertTrue(Assert.java:41)
		at org.junit.Assert.assertTrue(Assert.java:52)
		at se.redmind.rmtest.selenium.example.CreateRandomRes3.random14(CreateRandomRes3.java:128)
	</failure>
</testcase>
<testcase name="random2[Windows_10_UNKNOWN_explorer_10]" classname="se.redmind.rmtest.selenium.example.RandomClass3(20150317-080346)" time="1.518584">
	<failure type="java.lang.AssertionError:">java.lang.AssertionError: null
		at org.junit.Assert.fail(Assert.java:86)
		at org.junit.Assert.assertTrue(Assert.java:41)
		at org.junit.Assert.assertTrue(Assert.java:52)
		at se.redmind.rmtest.selenium.example.CreateRandomRes3.random14(CreateRandomRes3.java:128)
	</failure>
</testcase>
<testcase name="random2[Windows_10_UNKNOWN_opera_15]" classname="se.redmind.rmtest.selenium.example.RandomClass3(20150317-080346)" time="0.7134285">
	<failure type="java.lang.AssertionError:">java.lang.AssertionError: null
		at org.junit.Assert.fail(Assert.java:86)
		at org.junit.Assert.assertTrue(Assert.java:41)
		at org.junit.Assert.assertTrue(Assert.java:52)
		at se.redmind.rmtest.selenium.example.CreateRandomRes3.random14(CreateRandomRes3.java:128)
	</failure>
</testcase>
<testcase name="random2[Ubuntu_14.04_UNKNOWN_firefox_31]" classname="se.redmind.rmtest.selenium.example.RandomClass3(20150317-080346)" time="0.774369">
	<failure type="java.lang.AssertionError:">java.lang.AssertionError: null
		at org.junit.Assert.fail(Assert.java:86)
		at org.junit.Assert.assertTrue(Assert.java:41)
		at org.junit.Assert.assertTrue(Assert.java:52)
		at se.redmind.rmtest.selenium.example.CreateRandomRes3.random14(CreateRandomRes3.java:128)
	</failure>
</testcase>
<testcase name="random2[Ubuntu_14.04_UNKNOWN_chrome_42]" classname="se.redmind.rmtest.selenium.example.RandomClass3(20150317-080346)" time="1.3799146"/>
<testcase name="random2[Ubuntu_14.04_UNKNOWN_explorer_10]" classname="se.redmind.rmtest.selenium.example.RandomClass3(20150317-080346)" time="0.80747414"/>
<testcase name="random2[Ubuntu_14.04_UNKNOWN_opera_15]" classname="se.redmind.rmtest.selenium.example.RandomClass3(20150317-080346)" time="1.9568746"/>
<testcase name="random2[Ubuntu_12.10_UNKNOWN_firefox_31]" classname="se.redmind.rmtest.selenium.example.RandomClass3(20150317-080346)" time="1.5164242"/>
<testcase name="random2[Ubuntu_12.10_UNKNOWN_chrome_42]" classname="se.redmind.rmtest.selenium.example.RandomClass3(20150317-080346)" time="0.08404541"/>
<testcase name="random2[Ubuntu_12.10_UNKNOWN_explorer_10]" classname="se.redmind.rmtest.selenium.example.RandomClass3(20150317-080346)" time="0.43800604">
	<failure type="java.lang.AssertionError:">java.lang.AssertionError: null
		at org.junit.Assert.fail(Assert.java:86)
		at org.junit.Assert.assertTrue(Assert.java:41)
		at org.junit.Assert.assertTrue(Assert.java:52)
		at se.redmind.rmtest.selenium.example.CreateRandomRes3.random14(CreateRandomRes3.java:128)
	</failure>
</testcase>
<testcase name="random2[Ubuntu_12.10_UNKNOWN_opera_15]" classname="se.redmind.rmtest.selenium.example.RandomClass3(20150317-080346)" time="0.16834676">
	<failure type="java.lang.AssertionError:">java.lang.AssertionError: null
		at org.junit.Assert.fail(Assert.java:86)
		at org.junit.Assert.assertTrue(Assert.java:41)
		at org.junit.Assert.assertTrue(Assert.java:52)
		at se.redmind.rmtest.selenium.example.CreateRandomRes3.random14(CreateRandomRes3.java:128)
	</failure>
</testcase>
<testcase name="random3[Android_4.4.4_HTC ONE_firefox_31]" classname="se.redmind.rmtest.selenium.example.RandomClass3(20150317-080346)" time="1.2531016">
	<error type="java.lang.AssertionError:">java.lang.AssertionError: null
		at org.junit.Assert.fail(Assert.java:86)
		at org.junit.Assert.assertTrue(Assert.java:41)
		at org.junit.Assert.assertTrue(Assert.java:52)
		at se.redmind.rmtest.selenium.example.CreateRandomRes3.random14(CreateRandomRes3.java:128)
	</error>
</testcase>
<testcase name="random3[Android_4.4.4_HTC ONE_chrome_42]" classname="se.redmind.rmtest.selenium.example.RandomClass3(20150317-080346)" time="1.6625246"/>
<testcase name="random3[Android_4.4.4_HTC ONE_explorer_10]" classname="se.redmind.rmtest.selenium.example.RandomClass3(20150317-080346)" time="0.14817917"/>
<testcase name="random3[Android_4.4.4_HTC ONE_opera_15]" classname="se.redmind.rmtest.selenium.example.RandomClass3(20150317-080346)" time="1.6724215">
	<failure type="java.lang.AssertionError:">java.lang.AssertionError: null
		at org.junit.Assert.fail(Assert.java:86)
		at org.junit.Assert.assertTrue(Assert.java:41)
		at org.junit.Assert.assertTrue(Assert.java:52)
		at se.redmind.rmtest.selenium.example.CreateRandomRes3.random14(CreateRandomRes3.java:128)
	</failure>
</testcase>
<testcase name="random3[Android_2.3_VeiVei_firefox_31]" classname="se.redmind.rmtest.selenium.example.RandomClass3(20150317-080346)" time="1.5522144"/>
<testcase name="random3[Android_2.3_VeiVei_chrome_42]" classname="se.redmind.rmtest.selenium.example.RandomClass3(20150317-080346)" time="0.22834444"/>
<testcase name="random3[Android_2.3_VeiVei_explorer_10]" classname="se.redmind.rmtest.selenium.example.RandomClass3(20150317-080346)" time="1.6530409">
	<failure type="java.lang.AssertionError:">java.lang.AssertionError: null
		at org.junit.Assert.fail(Assert.java:86)
		at org.junit.Assert.assertTrue(Assert.java:41)
		at org.junit.Assert.assertTrue(Assert.java:52)
		at se.redmind.rmtest.selenium.example.CreateRandomRes3.random14(CreateRandomRes3.java:128)
	</failure>
</testcase>
<testcase name="random3[Android_2.3_VeiVei_opera_15]" classname="se.redmind.rmtest.selenium.example.RandomClass3(20150317-080346)" time="0.7639997">
	<failure type="java.lang.AssertionError:">java.lang.AssertionError: null
		at org.junit.Assert.fail(Assert.java:86)
		at org.junit.Assert.assertTrue(Assert.java:41)
		at org.junit.Assert.assertTrue(Assert.java:52)
		at se.redmind.rmtest.selenium.example.CreateRandomRes3.random14(CreateRandomRes3.java:128)
	</failure>
</testcase>
<testcase name="random3[Android_4.4.4_Sony Experia Z3_firefox_31]" classname="se.redmind.rmtest.selenium.example.RandomClass3(20150317-080346)" time="0.96476877"/>
<testcase name="random3[Android_4.4.4_Sony Experia Z3_chrome_42]" classname="se.redmind.rmtest.selenium.example.RandomClass3(20150317-080346)" time="0.43742442">
	<failure type="java.lang.AssertionError:">java.lang.AssertionError: null
		at org.junit.Assert.fail(Assert.java:86)
		at org.junit.Assert.assertTrue(Assert.java:41)
		at org.junit.Assert.assertTrue(Assert.java:52)
		at se.redmind.rmtest.selenium.example.CreateRandomRes3.random14(CreateRandomRes3.java:128)
	</failure>
</testcase>
<testcase name="random3[Android_4.4.4_Sony Experia Z3_explorer_10]" classname="se.redmind.rmtest.selenium.example.RandomClass3(20150317-080346)" time="0.7121737">
	<failure type="java.lang.AssertionError:">java.lang.AssertionError: null
		at org.junit.Assert.fail(Assert.java:86)
		at org.junit.Assert.assertTrue(Assert.java:41)
		at org.junit.Assert.assertTrue(Assert.java:52)
		at se.redmind.rmtest.selenium.example.CreateRandomRes3.random14(CreateRandomRes3.java:128)
	</failure>
</testcase>
<testcase name="random3[Android_4.4.4_Sony Experia Z3_opera_15]" classname="se.redmind.rmtest.selenium.example.RandomClass3(20150317-080346)" time="0.120214224">
	<failure type="java.lang.AssertionError:">java.lang.AssertionError: null
		at org.junit.Assert.fail(Assert.java:86)
		at org.junit.Assert.assertTrue(Assert.java:41)
		at org.junit.Assert.assertTrue(Assert.java:52)
		at se.redmind.rmtest.selenium.example.CreateRandomRes3.random14(CreateRandomRes3.java:128)
	</failure>
</testcase>
<testcase name="random3[IOS_8.2_iPhone 6_firefox_31]" classname="se.redmind.rmtest.selenium.example.RandomClass3(20150317-080346)" time="0.42119896">
	<failure type="java.lang.AssertionError:">java.lang.AssertionError: null
		at org.junit.Assert.fail(Assert.java:86)
		at org.junit.Assert.assertTrue(Assert.java:41)
		at org.junit.Assert.assertTrue(Assert.java:52)
		at se.redmind.rmtest.selenium.example.CreateRandomRes3.random14(CreateRandomRes3.java:128)
	</failure>
</testcase>
<testcase name="random3[IOS_8.2_iPhone 6_chrome_42]" classname="se.redmind.rmtest.selenium.example.RandomClass3(20150317-080346)" time="0.110902786"/>
<testcase name="random3[IOS_8.2_iPhone 6_explorer_10]" classname="se.redmind.rmtest.selenium.example.RandomClass3(20150317-080346)" time="0.64895844">
	<failure type="java.lang.AssertionError:">java.lang.AssertionError: null
		at org.junit.Assert.fail(Assert.java:86)
		at org.junit.Assert.assertTrue(Assert.java:41)
		at org.junit.Assert.assertTrue(Assert.java:52)
		at se.redmind.rmtest.selenium.example.CreateRandomRes3.random14(CreateRandomRes3.java:128)
	</failure>
</testcase>
<testcase name="random3[IOS_8.2_iPhone 6_opera_15]" classname="se.redmind.rmtest.selenium.example.RandomClass3(20150317-080346)" time="1.3078691"/>
<testcase name="random3[IOS_4_iPhone 3Gs_firefox_31]" classname="se.redmind.rmtest.selenium.example.RandomClass3(20150317-080346)" time="1.1707748">
<skipped/>
</testcase>
<testcase name="random3[IOS_4_iPhone 3Gs_firefox_31]" classname="se.redmind.rmtest.selenium.example.RandomClass3(20150317-080346)" time="0.4442613"/>
<testcase name="random3[IOS_4_iPhone 3Gs_chrome_42]" classname="se.redmind.rmtest.selenium.example.RandomClass3(20150317-080346)" time="0.51705563">
<skipped/>
</testcase>
<testcase name="random3[IOS_4_iPhone 3Gs_chrome_42]" classname="se.redmind.rmtest.selenium.example.RandomClass3(20150317-080346)" time="1.3831531"/>
<testcase name="random3[IOS_4_iPhone 3Gs_explorer_10]" classname="se.redmind.rmtest.selenium.example.RandomClass3(20150317-080346)" time="1.2191657">
<skipped/>
</testcase>
<testcase name="random3[IOS_4_iPhone 3Gs_explorer_10]" classname="se.redmind.rmtest.selenium.example.RandomClass3(20150317-080346)" time="1.9889748">
	<failure type="java.lang.AssertionError:">java.lang.AssertionError: null
		at org.junit.Assert.fail(Assert.java:86)
		at org.junit.Assert.assertTrue(Assert.java:41)
		at org.junit.Assert.assertTrue(Assert.java:52)
		at se.redmind.rmtest.selenium.example.CreateRandomRes3.random14(CreateRandomRes3.java:128)
	</failure>
</testcase>
<testcase name="random3[IOS_4_iPhone 3Gs_opera_15]" classname="se.redmind.rmtest.selenium.example.RandomClass3(20150317-080346)" time="1.2407503">
<skipped/>
</testcase>
<testcase name="random3[IOS_4_iPhone 3Gs_opera_15]" classname="se.redmind.rmtest.selenium.example.RandomClass3(20150317-080346)" time="1.3937019"/>
<testcase name="random3[OSX_10.9.5_UNKNOWN_firefox_31]" classname="se.redmind.rmtest.selenium.example.RandomClass3(20150317-080346)" time="1.6295681">
	<failure type="java.lang.AssertionError:">java.lang.AssertionError: null
		at org.junit.Assert.fail(Assert.java:86)
		at org.junit.Assert.assertTrue(Assert.java:41)
		at org.junit.Assert.assertTrue(Assert.java:52)
		at se.redmind.rmtest.selenium.example.CreateRandomRes3.random14(CreateRandomRes3.java:128)
	</failure>
</testcase>
<testcase name="random3[OSX_10.9.5_UNKNOWN_chrome_42]" classname="se.redmind.rmtest.selenium.example.RandomClass3(20150317-080346)" time="0.2448368"/>
<testcase name="random3[OSX_10.9.5_UNKNOWN_explorer_10]" classname="se.redmind.rmtest.selenium.example.RandomClass3(20150317-080346)" time="1.1500626"/>
<testcase name="random3[OSX_10.9.5_UNKNOWN_opera_15]" classname="se.redmind.rmtest.selenium.example.RandomClass3(20150317-080346)" time="1.6329539">
	<failure type="java.lang.AssertionError:">java.lang.AssertionError: null
		at org.junit.Assert.fail(Assert.java:86)
		at org.junit.Assert.assertTrue(Assert.java:41)
		at org.junit.Assert.assertTrue(Assert.java:52)
		at se.redmind.rmtest.selenium.example.CreateRandomRes3.random14(CreateRandomRes3.java:128)
	</failure>
</testcase>
<testcase name="random3[Windows_8.1_UNKNOWN_firefox_31]" classname="se.redmind.rmtest.selenium.example.RandomClass3(20150317-080346)" time="1.9777086"/>
<testcase name="random3[Windows_8.1_UNKNOWN_chrome_42]" classname="se.redmind.rmtest.selenium.example.RandomClass3(20150317-080346)" time="0.7739104">
	<error type="java.lang.AssertionError:">java.lang.AssertionError: null
		at org.junit.Assert.fail(Assert.java:86)
		at org.junit.Assert.assertTrue(Assert.java:41)
		at org.junit.Assert.assertTrue(Assert.java:52)
		at se.redmind.rmtest.selenium.example.CreateRandomRes3.random14(CreateRandomRes3.java:128)
	</error>
</testcase>
<testcase name="random3[Windows_8.1_UNKNOWN_explorer_10]" classname="se.redmind.rmtest.selenium.example.RandomClass3(20150317-080346)" time="0.42370653">
	<failure type="java.lang.AssertionError:">java.lang.AssertionError: null
		at org.junit.Assert.fail(Assert.java:86)
		at org.junit.Assert.assertTrue(Assert.java:41)
		at org.junit.Assert.assertTrue(Assert.java:52)
		at se.redmind.rmtest.selenium.example.CreateRandomRes3.random14(CreateRandomRes3.java:128)
	</failure>
</testcase>
<testcase name="random3[Windows_8.1_UNKNOWN_opera_15]" classname="se.redmind.rmtest.selenium.example.RandomClass3(20150317-080346)" time="1.2819719">
	<failure type="java.lang.AssertionError:">java.lang.AssertionError: null
		at org.junit.Assert.fail(Assert.java:86)
		at org.junit.Assert.assertTrue(Assert.java:41)
		at org.junit.Assert.assertTrue(Assert.java:52)
		at se.redmind.rmtest.selenium.example.CreateRandomRes3.random14(CreateRandomRes3.java:128)
	</failure>
</testcase>
<testcase name="random3[Windows_10_UNKNOWN_firefox_31]" classname="se.redmind.rmtest.selenium.example.RandomClass3(20150317-080346)" time="0.2238065"/>
<testcase name="random3[Windows_10_UNKNOWN_chrome_42]" classname="se.redmind.rmtest.selenium.example.RandomClass3(20150317-080346)" time="1.0450425">
	<failure type="java.lang.AssertionError:">java.lang.AssertionError: null
		at org.junit.Assert.fail(Assert.java:86)
		at org.junit.Assert.assertTrue(Assert.java:41)
		at org.junit.Assert.assertTrue(Assert.java:52)
		at se.redmind.rmtest.selenium.example.CreateRandomRes3.random14(CreateRandomRes3.java:128)
	</failure>
</testcase>
<testcase name="random3[Windows_10_UNKNOWN_explorer_10]" classname="se.redmind.rmtest.selenium.example.RandomClass3(20150317-080346)" time="0.5358323"/>
<testcase name="random3[Windows_10_UNKNOWN_opera_15]" classname="se.redmind.rmtest.selenium.example.RandomClass3(20150317-080346)" time="1.8422886">
	<failure type="java.lang.AssertionError:">java.lang.AssertionError: null
		at org.junit.Assert.fail(Assert.java:86)
		at org.junit.Assert.assertTrue(Assert.java:41)
		at org.junit.Assert.assertTrue(Assert.java:52)
		at se.redmind.rmtest.selenium.example.CreateRandomRes3.random14(CreateRandomRes3.java:128)
	</failure>
</testcase>
<testcase name="random3[Ubuntu_14.04_UNKNOWN_firefox_31]" classname="se.redmind.rmtest.selenium.example.RandomClass3(20150317-080346)" time="0.67603517"/>
<testcase name="random3[Ubuntu_14.04_UNKNOWN_chrome_42]" classname="se.redmind.rmtest.selenium.example.RandomClass3(20150317-080346)" time="0.45210266">
	<failure type="java.lang.AssertionError:">java.lang.AssertionError: null
		at org.junit.Assert.fail(Assert.java:86)
		at org.junit.Assert.assertTrue(Assert.java:41)
		at org.junit.Assert.assertTrue(Assert.java:52)
		at se.redmind.rmtest.selenium.example.CreateRandomRes3.random14(CreateRandomRes3.java:128)
	</failure>
</testcase>
<testcase name="random3[Ubuntu_14.04_UNKNOWN_explorer_10]" classname="se.redmind.rmtest.selenium.example.RandomClass3(20150317-080346)" time="0.56630707">
	<failure type="java.lang.AssertionError:">java.lang.AssertionError: null
		at org.junit.Assert.fail(Assert.java:86)
		at org.junit.Assert.assertTrue(Assert.java:41)
		at org.junit.Assert.assertTrue(Assert.java:52)
		at se.redmind.rmtest.selenium.example.CreateRandomRes3.random14(CreateRandomRes3.java:128)
	</failure>
</testcase>
<testcase name="random3[Ubuntu_14.04_UNKNOWN_opera_15]" classname="se.redmind.rmtest.selenium.example.RandomClass3(20150317-080346)" time="0.06741941">
	<failure type="java.lang.AssertionError:">java.lang.AssertionError: null
		at org.junit.Assert.fail(Assert.java:86)
		at org.junit.Assert.assertTrue(Assert.java:41)
		at org.junit.Assert.assertTrue(Assert.java:52)
		at se.redmind.rmtest.selenium.example.CreateRandomRes3.random14(CreateRandomRes3.java:128)
	</failure>
</testcase>
<testcase name="random3[Ubuntu_12.10_UNKNOWN_firefox_31]" classname="se.redmind.rmtest.selenium.example.RandomClass3(20150317-080346)" time="0.21410036">
	<failure type="java.lang.AssertionError:">java.lang.AssertionError: null
		at org.junit.Assert.fail(Assert.java:86)
		at org.junit.Assert.assertTrue(Assert.java:41)
		at org.junit.Assert.assertTrue(Assert.java:52)
		at se.redmind.rmtest.selenium.example.CreateRandomRes3.random14(CreateRandomRes3.java:128)
	</failure>
</testcase>
<testcase name="random3[Ubuntu_12.10_UNKNOWN_chrome_42]" classname="se.redmind.rmtest.selenium.example.RandomClass3(20150317-080346)" time="1.6987373">
	<error type="java.lang.AssertionError:">java.lang.AssertionError: null
		at org.junit.Assert.fail(Assert.java:86)
		at org.junit.Assert.assertTrue(Assert.java:41)
		at org.junit.Assert.assertTrue(Assert.java:52)
		at se.redmind.rmtest.selenium.example.CreateRandomRes3.random14(CreateRandomRes3.java:128)
	</error>
</testcase>
<testcase name="random3[Ubuntu_12.10_UNKNOWN_explorer_10]" classname="se.redmind.rmtest.selenium.example.RandomClass3(20150317-080346)" time="0.39709902">
	<failure type="java.lang.AssertionError:">java.lang.AssertionError: null
		at org.junit.Assert.fail(Assert.java:86)
		at org.junit.Assert.assertTrue(Assert.java:41)
		at org.junit.Assert.assertTrue(Assert.java:52)
		at se.redmind.rmtest.selenium.example.CreateRandomRes3.random14(CreateRandomRes3.java:128)
	</failure>
</testcase>
<testcase name="random3[Ubuntu_12.10_UNKNOWN_opera_15]" classname="se.redmind.rmtest.selenium.example.RandomClass3(20150317-080346)" time="0.20693755"/>
<testcase name="random4[Android_4.4.4_HTC ONE_firefox_31]" classname="se.redmind.rmtest.selenium.example.RandomClass3(20150317-080346)" time="1.4710299"/>
<testcase name="random4[Android_4.4.4_HTC ONE_chrome_42]" classname="se.redmind.rmtest.selenium.example.RandomClass3(20150317-080346)" time="0.6480787">
	<failure type="java.lang.AssertionError:">java.lang.AssertionError: null
		at org.junit.Assert.fail(Assert.java:86)
		at org.junit.Assert.assertTrue(Assert.java:41)
		at org.junit.Assert.assertTrue(Assert.java:52)
		at se.redmind.rmtest.selenium.example.CreateRandomRes3.random14(CreateRandomRes3.java:128)
	</failure>
</testcase>
<testcase name="random4[Android_4.4.4_HTC ONE_explorer_10]" classname="se.redmind.rmtest.selenium.example.RandomClass3(20150317-080346)" time="0.83817136"/>
<testcase name="random4[Android_4.4.4_HTC ONE_opera_15]" classname="se.redmind.rmtest.selenium.example.RandomClass3(20150317-080346)" time="1.7357728"/>
<testcase name="random4[Android_2.3_VeiVei_firefox_31]" classname="se.redmind.rmtest.selenium.example.RandomClass3(20150317-080346)" time="0.6721616">
	<failure type="java.lang.AssertionError:">java.lang.AssertionError: null
		at org.junit.Assert.fail(Assert.java:86)
		at org.junit.Assert.assertTrue(Assert.java:41)
		at org.junit.Assert.assertTrue(Assert.java:52)
		at se.redmind.rmtest.selenium.example.CreateRandomRes3.random14(CreateRandomRes3.java:128)
	</failure>
</testcase>
<testcase name="random4[Android_2.3_VeiVei_chrome_42]" classname="se.redmind.rmtest.selenium.example.RandomClass3(20150317-080346)" time="0.8094566"/>
<testcase name="random4[Android_2.3_VeiVei_explorer_10]" classname="se.redmind.rmtest.selenium.example.RandomClass3(20150317-080346)" time="0.35459483">
	<failure type="java.lang.AssertionError:">java.lang.AssertionError: null
		at org.junit.Assert.fail(Assert.java:86)
		at org.junit.Assert.assertTrue(Assert.java:41)
		at org.junit.Assert.assertTrue(Assert.java:52)
		at se.redmind.rmtest.selenium.example.CreateRandomRes3.random14(CreateRandomRes3.java:128)
	</failure>
</testcase>
<testcase name="random4[Android_2.3_VeiVei_opera_15]" classname="se.redmind.rmtest.selenium.example.RandomClass3(20150317-080346)" time="1.7318186"/>
<testcase name="random4[Android_4.4.4_Sony Experia Z3_firefox_31]" classname="se.redmind.rmtest.selenium.example.RandomClass3(20150317-080346)" time="0.36874533"/>
<testcase name="random4[Android_4.4.4_Sony Experia Z3_chrome_42]" classname="se.redmind.rmtest.selenium.example.RandomClass3(20150317-080346)" time="1.1728482"/>
<testcase name="random4[Android_4.4.4_Sony Experia Z3_explorer_10]" classname="se.redmind.rmtest.selenium.example.RandomClass3(20150317-080346)" time="1.4568564">
	<failure type="java.lang.AssertionError:">java.lang.AssertionError: null
		at org.junit.Assert.fail(Assert.java:86)
		at org.junit.Assert.assertTrue(Assert.java:41)
		at org.junit.Assert.assertTrue(Assert.java:52)
		at se.redmind.rmtest.selenium.example.CreateRandomRes3.random14(CreateRandomRes3.java:128)
	</failure>
</testcase>
<testcase name="random4[Android_4.4.4_Sony Experia Z3_opera_15]" classname="se.redmind.rmtest.selenium.example.RandomClass3(20150317-080346)" time="0.48946893"/>
<testcase name="random4[IOS_8.2_iPhone 6_firefox_31]" classname="se.redmind.rmtest.selenium.example.RandomClass3(20150317-080346)" time="0.89318097">
	<failure type="java.lang.AssertionError:">java.lang.AssertionError: null
		at org.junit.Assert.fail(Assert.java:86)
		at org.junit.Assert.assertTrue(Assert.java:41)
		at org.junit.Assert.assertTrue(Assert.java:52)
		at se.redmind.rmtest.selenium.example.CreateRandomRes3.random14(CreateRandomRes3.java:128)
	</failure>
</testcase>
<testcase name="random4[IOS_8.2_iPhone 6_chrome_42]" classname="se.redmind.rmtest.selenium.example.RandomClass3(20150317-080346)" time="0.042795062"/>
<testcase name="random4[IOS_8.2_iPhone 6_explorer_10]" classname="se.redmind.rmtest.selenium.example.RandomClass3(20150317-080346)" time="1.6415955">
	<failure type="java.lang.AssertionError:">java.lang.AssertionError: null
		at org.junit.Assert.fail(Assert.java:86)
		at org.junit.Assert.assertTrue(Assert.java:41)
		at org.junit.Assert.assertTrue(Assert.java:52)
		at se.redmind.rmtest.selenium.example.CreateRandomRes3.random14(CreateRandomRes3.java:128)
	</failure>
</testcase>
<testcase name="random4[IOS_8.2_iPhone 6_opera_15]" classname="se.redmind.rmtest.selenium.example.RandomClass3(20150317-080346)" time="1.4790566"/>
<testcase name="random4[IOS_4_iPhone 3Gs_firefox_31]" classname="se.redmind.rmtest.selenium.example.RandomClass3(20150317-080346)" time="1.842092">
	<failure type="java.lang.AssertionError:">java.lang.AssertionError: null
		at org.junit.Assert.fail(Assert.java:86)
		at org.junit.Assert.assertTrue(Assert.java:41)
		at org.junit.Assert.assertTrue(Assert.java:52)
		at se.redmind.rmtest.selenium.example.CreateRandomRes3.random14(CreateRandomRes3.java:128)
	</failure>
</testcase>
<testcase name="random4[IOS_4_iPhone 3Gs_chrome_42]" classname="se.redmind.rmtest.selenium.example.RandomClass3(20150317-080346)" time="1.0606159"/>
<testcase name="random4[IOS_4_iPhone 3Gs_explorer_10]" classname="se.redmind.rmtest.selenium.example.RandomClass3(20150317-080346)" time="1.1420823">
	<failure type="java.lang.AssertionError:">java.lang.AssertionError: null
		at org.junit.Assert.fail(Assert.java:86)
		at org.junit.Assert.assertTrue(Assert.java:41)
		at org.junit.Assert.assertTrue(Assert.java:52)
		at se.redmind.rmtest.selenium.example.CreateRandomRes3.random14(CreateRandomRes3.java:128)
	</failure>
</testcase>
<testcase name="random4[IOS_4_iPhone 3Gs_opera_15]" classname="se.redmind.rmtest.selenium.example.RandomClass3(20150317-080346)" time="0.17772365">
	<failure type="java.lang.AssertionError:">java.lang.AssertionError: null
		at org.junit.Assert.fail(Assert.java:86)
		at org.junit.Assert.assertTrue(Assert.java:41)
		at org.junit.Assert.assertTrue(Assert.java:52)
		at se.redmind.rmtest.selenium.example.CreateRandomRes3.random14(CreateRandomRes3.java:128)
	</failure>
</testcase>
<testcase name="random4[OSX_10.9.5_UNKNOWN_firefox_31]" classname="se.redmind.rmtest.selenium.example.RandomClass3(20150317-080346)" time="1.2826432">
	<failure type="java.lang.AssertionError:">java.lang.AssertionError: null
		at org.junit.Assert.fail(Assert.java:86)
		at org.junit.Assert.assertTrue(Assert.java:41)
		at org.junit.Assert.assertTrue(Assert.java:52)
		at se.redmind.rmtest.selenium.example.CreateRandomRes3.random14(CreateRandomRes3.java:128)
	</failure>
</testcase>
<testcase name="random4[OSX_10.9.5_UNKNOWN_chrome_42]" classname="se.redmind.rmtest.selenium.example.RandomClass3(20150317-080346)" time="1.1105777"/>
<testcase name="random4[OSX_10.9.5_UNKNOWN_explorer_10]" classname="se.redmind.rmtest.selenium.example.RandomClass3(20150317-080346)" time="1.3085434">
	<failure type="java.lang.AssertionError:">java.lang.AssertionError: null
		at org.junit.Assert.fail(Assert.java:86)
		at org.junit.Assert.assertTrue(Assert.java:41)
		at org.junit.Assert.assertTrue(Assert.java:52)
		at se.redmind.rmtest.selenium.example.CreateRandomRes3.random14(CreateRandomRes3.java:128)
	</failure>
</testcase>
<testcase name="random4[OSX_10.9.5_UNKNOWN_opera_15]" classname="se.redmind.rmtest.selenium.example.RandomClass3(20150317-080346)" time="0.05798459">
	<failure type="java.lang.AssertionError:">java.lang.AssertionError: null
		at org.junit.Assert.fail(Assert.java:86)
		at org.junit.Assert.assertTrue(Assert.java:41)
		at org.junit.Assert.assertTrue(Assert.java:52)
		at se.redmind.rmtest.selenium.example.CreateRandomRes3.random14(CreateRandomRes3.java:128)
	</failure>
</testcase>
<testcase name="random4[Windows_8.1_UNKNOWN_firefox_31]" classname="se.redmind.rmtest.selenium.example.RandomClass3(20150317-080346)" time="0.23288071">
	<failure type="java.lang.AssertionError:">java.lang.AssertionError: null
		at org.junit.Assert.fail(Assert.java:86)
		at org.junit.Assert.assertTrue(Assert.java:41)
		at org.junit.Assert.assertTrue(Assert.java:52)
		at se.redmind.rmtest.selenium.example.CreateRandomRes3.random14(CreateRandomRes3.java:128)
	</failure>
</testcase>
<testcase name="random4[Windows_8.1_UNKNOWN_chrome_42]" classname="se.redmind.rmtest.selenium.example.RandomClass3(20150317-080346)" time="1.5761312">
	<failure type="java.lang.AssertionError:">java.lang.AssertionError: null
		at org.junit.Assert.fail(Assert.java:86)
		at org.junit.Assert.assertTrue(Assert.java:41)
		at org.junit.Assert.assertTrue(Assert.java:52)
		at se.redmind.rmtest.selenium.example.CreateRandomRes3.random14(CreateRandomRes3.java:128)
	</failure>
</testcase>
<testcase name="random4[Windows_8.1_UNKNOWN_explorer_10]" classname="se.redmind.rmtest.selenium.example.RandomClass3(20150317-080346)" time="1.9476612">
	<failure type="java.lang.AssertionError:">java.lang.AssertionError: null
		at org.junit.Assert.fail(Assert.java:86)
		at org.junit.Assert.assertTrue(Assert.java:41)
		at org.junit.Assert.assertTrue(Assert.java:52)
		at se.redmind.rmtest.selenium.example.CreateRandomRes3.random14(CreateRandomRes3.java:128)
	</failure>
</testcase>
<testcase name="random4[Windows_8.1_UNKNOWN_opera_15]" classname="se.redmind.rmtest.selenium.example.RandomClass3(20150317-080346)" time="1.810221">
	<failure type="java.lang.AssertionError:">java.lang.AssertionError: null
		at org.junit.Assert.fail(Assert.java:86)
		at org.junit.Assert.assertTrue(Assert.java:41)
		at org.junit.Assert.assertTrue(Assert.java:52)
		at se.redmind.rmtest.selenium.example.CreateRandomRes3.random14(CreateRandomRes3.java:128)
	</failure>
</testcase>
<testcase name="random4[Windows_10_UNKNOWN_firefox_31]" classname="se.redmind.rmtest.selenium.example.RandomClass3(20150317-080346)" time="1.7523028"/>
<testcase name="random4[Windows_10_UNKNOWN_chrome_42]" classname="se.redmind.rmtest.selenium.example.RandomClass3(20150317-080346)" time="0.067236066">
	<failure type="java.lang.AssertionError:">java.lang.AssertionError: null
		at org.junit.Assert.fail(Assert.java:86)
		at org.junit.Assert.assertTrue(Assert.java:41)
		at org.junit.Assert.assertTrue(Assert.java:52)
		at se.redmind.rmtest.selenium.example.CreateRandomRes3.random14(CreateRandomRes3.java:128)
	</failure>
</testcase>
<testcase name="random4[Windows_10_UNKNOWN_explorer_10]" classname="se.redmind.rmtest.selenium.example.RandomClass3(20150317-080346)" time="1.9356428"/>
<testcase name="random4[Windows_10_UNKNOWN_opera_15]" classname="se.redmind.rmtest.selenium.example.RandomClass3(20150317-080346)" time="1.6621333">
	<failure type="java.lang.AssertionError:">java.lang.AssertionError: null
		at org.junit.Assert.fail(Assert.java:86)
		at org.junit.Assert.assertTrue(Assert.java:41)
		at org.junit.Assert.assertTrue(Assert.java:52)
		at se.redmind.rmtest.selenium.example.CreateRandomRes3.random14(CreateRandomRes3.java:128)
	</failure>
</testcase>
<testcase name="random4[Ubuntu_14.04_UNKNOWN_firefox_31]" classname="se.redmind.rmtest.selenium.example.RandomClass3(20150317-080346)" time="0.73608315"/>
<testcase name="random4[Ubuntu_14.04_UNKNOWN_chrome_42]" classname="se.redmind.rmtest.selenium.example.RandomClass3(20150317-080346)" time="1.973332">
	<failure type="java.lang.AssertionError:">java.lang.AssertionError: null
		at org.junit.Assert.fail(Assert.java:86)
		at org.junit.Assert.assertTrue(Assert.java:41)
		at org.junit.Assert.assertTrue(Assert.java:52)
		at se.redmind.rmtest.selenium.example.CreateRandomRes3.random14(CreateRandomRes3.java:128)
	</failure>
</testcase>
<testcase name="random4[Ubuntu_14.04_UNKNOWN_explorer_10]" classname="se.redmind.rmtest.selenium.example.RandomClass3(20150317-080346)" time="0.3309033"/>
<testcase name="random4[Ubuntu_14.04_UNKNOWN_opera_15]" classname="se.redmind.rmtest.selenium.example.RandomClass3(20150317-080346)" time="0.17186677">
	<failure type="java.lang.AssertionError:">java.lang.AssertionError: null
		at org.junit.Assert.fail(Assert.java:86)
		at org.junit.Assert.assertTrue(Assert.java:41)
		at org.junit.Assert.assertTrue(Assert.java:52)
		at se.redmind.rmtest.selenium.example.CreateRandomRes3.random14(CreateRandomRes3.java:128)
	</failure>
</testcase>
<testcase name="random4[Ubuntu_12.10_UNKNOWN_firefox_31]" classname="se.redmind.rmtest.selenium.example.RandomClass3(20150317-080346)" time="1.527057">
	<failure type="java.lang.AssertionError:">java.lang.AssertionError: null
		at org.junit.Assert.fail(Assert.java:86)
		at org.junit.Assert.assertTrue(Assert.java:41)
		at org.junit.Assert.assertTrue(Assert.java:52)
		at se.redmind.rmtest.selenium.example.CreateRandomRes3.random14(CreateRandomRes3.java:128)
	</failure>
</testcase>
<testcase name="random4[Ubuntu_12.10_UNKNOWN_chrome_42]" classname="se.redmind.rmtest.selenium.example.RandomClass3(20150317-080346)" time="1.2383137">
	<failure type="java.lang.AssertionError:">java.lang.AssertionError: null
		at org.junit.Assert.fail(Assert.java:86)
		at org.junit.Assert.assertTrue(Assert.java:41)
		at org.junit.Assert.assertTrue(Assert.java:52)
		at se.redmind.rmtest.selenium.example.CreateRandomRes3.random14(CreateRandomRes3.java:128)
	</failure>
</testcase>
<testcase name="random4[Ubuntu_12.10_UNKNOWN_explorer_10]" classname="se.redmind.rmtest.selenium.example.RandomClass3(20150317-080346)" time="1.6616317">
	<failure type="java.lang.AssertionError:">java.lang.AssertionError: null
		at org.junit.Assert.fail(Assert.java:86)
		at org.junit.Assert.assertTrue(Assert.java:41)
		at org.junit.Assert.assertTrue(Assert.java:52)
		at se.redmind.rmtest.selenium.example.CreateRandomRes3.random14(CreateRandomRes3.java:128)
	</failure>
</testcase>
<testcase name="random4[Ubuntu_12.10_UNKNOWN_opera_15]" classname="se.redmind.rmtest.selenium.example.RandomClass3(20150317-080346)" time="1.1775703"/>
<testcase name="random1[Android_4.4.4_HTC ONE_firefox_31]" classname="se.redmind.rmtest.selenium.example.RandomClass4(20150317-080346)" time="1.755725">
	<failure type="java.lang.AssertionError:">java.lang.AssertionError: null
		at org.junit.Assert.fail(Assert.java:86)
		at org.junit.Assert.assertTrue(Assert.java:41)
		at org.junit.Assert.assertTrue(Assert.java:52)
		at se.redmind.rmtest.selenium.example.CreateRandomRes3.random14(CreateRandomRes3.java:128)
	</failure>
</testcase>
<testcase name="random1[Android_4.4.4_HTC ONE_chrome_42]" classname="se.redmind.rmtest.selenium.example.RandomClass4(20150317-080346)" time="0.8955209"/>
<testcase name="random1[Android_4.4.4_HTC ONE_explorer_10]" classname="se.redmind.rmtest.selenium.example.RandomClass4(20150317-080346)" time="0.14816129">
	<failure type="java.lang.AssertionError:">java.lang.AssertionError: null
		at org.junit.Assert.fail(Assert.java:86)
		at org.junit.Assert.assertTrue(Assert.java:41)
		at org.junit.Assert.assertTrue(Assert.java:52)
		at se.redmind.rmtest.selenium.example.CreateRandomRes3.random14(CreateRandomRes3.java:128)
	</failure>
</testcase>
<testcase name="random1[Android_4.4.4_HTC ONE_opera_15]" classname="se.redmind.rmtest.selenium.example.RandomClass4(20150317-080346)" time="0.9463136">
	<failure type="java.lang.AssertionError:">java.lang.AssertionError: null
		at org.junit.Assert.fail(Assert.java:86)
		at org.junit.Assert.assertTrue(Assert.java:41)
		at org.junit.Assert.assertTrue(Assert.java:52)
		at se.redmind.rmtest.selenium.example.CreateRandomRes3.random14(CreateRandomRes3.java:128)
	</failure>
</testcase>
<testcase name="random1[Android_2.3_VeiVei_firefox_31]" classname="se.redmind.rmtest.selenium.example.RandomClass4(20150317-080346)" time="1.7557808">
	<failure type="java.lang.AssertionError:">java.lang.AssertionError: null
		at org.junit.Assert.fail(Assert.java:86)
		at org.junit.Assert.assertTrue(Assert.java:41)
		at org.junit.Assert.assertTrue(Assert.java:52)
		at se.redmind.rmtest.selenium.example.CreateRandomRes3.random14(CreateRandomRes3.java:128)
	</failure>
</testcase>
<testcase name="random1[Android_2.3_VeiVei_chrome_42]" classname="se.redmind.rmtest.selenium.example.RandomClass4(20150317-080346)" time="0.7754973">
	<failure type="java.lang.AssertionError:">java.lang.AssertionError: null
		at org.junit.Assert.fail(Assert.java:86)
		at org.junit.Assert.assertTrue(Assert.java:41)
		at org.junit.Assert.assertTrue(Assert.java:52)
		at se.redmind.rmtest.selenium.example.CreateRandomRes3.random14(CreateRandomRes3.java:128)
	</failure>
</testcase>
<testcase name="random1[Android_2.3_VeiVei_explorer_10]" classname="se.redmind.rmtest.selenium.example.RandomClass4(20150317-080346)" time="0.9882785"/>
<testcase name="random1[Android_2.3_VeiVei_opera_15]" classname="se.redmind.rmtest.selenium.example.RandomClass4(20150317-080346)" time="0.39234626"/>
<testcase name="random1[IOS_8.2_iPhone 6_firefox_31]" classname="se.redmind.rmtest.selenium.example.RandomClass4(20150317-080346)" time="0.812739"/>
<testcase name="random1[IOS_8.2_iPhone 6_chrome_42]" classname="se.redmind.rmtest.selenium.example.RandomClass4(20150317-080346)" time="1.5352046"/>
<testcase name="random1[IOS_8.2_iPhone 6_explorer_10]" classname="se.redmind.rmtest.selenium.example.RandomClass4(20150317-080346)" time="1.402928"/>
<testcase name="random1[IOS_8.2_iPhone 6_opera_15]" classname="se.redmind.rmtest.selenium.example.RandomClass4(20150317-080346)" time="0.3909446">
	<failure type="java.lang.AssertionError:">java.lang.AssertionError: null
		at org.junit.Assert.fail(Assert.java:86)
		at org.junit.Assert.assertTrue(Assert.java:41)
		at org.junit.Assert.assertTrue(Assert.java:52)
		at se.redmind.rmtest.selenium.example.CreateRandomRes3.random14(CreateRandomRes3.java:128)
	</failure>
</testcase>
<testcase name="random1[IOS_4_iPhone 3Gs_firefox_31]" classname="se.redmind.rmtest.selenium.example.RandomClass4(20150317-080346)" time="1.4926132">
	<error type="java.lang.AssertionError:">java.lang.AssertionError: null
		at org.junit.Assert.fail(Assert.java:86)
		at org.junit.Assert.assertTrue(Assert.java:41)
		at org.junit.Assert.assertTrue(Assert.java:52)
		at se.redmind.rmtest.selenium.example.CreateRandomRes3.random14(CreateRandomRes3.java:128)
	</error>
</testcase>
<testcase name="random1[IOS_4_iPhone 3Gs_chrome_42]" classname="se.redmind.rmtest.selenium.example.RandomClass4(20150317-080346)" time="0.6832808">
	<failure type="java.lang.AssertionError:">java.lang.AssertionError: null
		at org.junit.Assert.fail(Assert.java:86)
		at org.junit.Assert.assertTrue(Assert.java:41)
		at org.junit.Assert.assertTrue(Assert.java:52)
		at se.redmind.rmtest.selenium.example.CreateRandomRes3.random14(CreateRandomRes3.java:128)
	</failure>
</testcase>
<testcase name="random1[IOS_4_iPhone 3Gs_explorer_10]" classname="se.redmind.rmtest.selenium.example.RandomClass4(20150317-080346)" time="1.6042447"/>
<testcase name="random1[IOS_4_iPhone 3Gs_opera_15]" classname="se.redmind.rmtest.selenium.example.RandomClass4(20150317-080346)" time="1.784962">
	<failure type="java.lang.AssertionError:">java.lang.AssertionError: null
		at org.junit.Assert.fail(Assert.java:86)
		at org.junit.Assert.assertTrue(Assert.java:41)
		at org.junit.Assert.assertTrue(Assert.java:52)
		at se.redmind.rmtest.selenium.example.CreateRandomRes3.random14(CreateRandomRes3.java:128)
	</failure>
</testcase>
<testcase name="random1[Windows_8.1_UNKNOWN_firefox_31]" classname="se.redmind.rmtest.selenium.example.RandomClass4(20150317-080346)" time="1.9936463">
	<failure type="java.lang.AssertionError:">java.lang.AssertionError: null
		at org.junit.Assert.fail(Assert.java:86)
		at org.junit.Assert.assertTrue(Assert.java:41)
		at org.junit.Assert.assertTrue(Assert.java:52)
		at se.redmind.rmtest.selenium.example.CreateRandomRes3.random14(CreateRandomRes3.java:128)
	</failure>
</testcase>
<testcase name="random1[Windows_8.1_UNKNOWN_chrome_42]" classname="se.redmind.rmtest.selenium.example.RandomClass4(20150317-080346)" time="1.5903206">
	<failure type="java.lang.AssertionError:">java.lang.AssertionError: null
		at org.junit.Assert.fail(Assert.java:86)
		at org.junit.Assert.assertTrue(Assert.java:41)
		at org.junit.Assert.assertTrue(Assert.java:52)
		at se.redmind.rmtest.selenium.example.CreateRandomRes3.random14(CreateRandomRes3.java:128)
	</failure>
</testcase>
<testcase name="random1[Windows_8.1_UNKNOWN_explorer_10]" classname="se.redmind.rmtest.selenium.example.RandomClass4(20150317-080346)" time="0.07325876"/>
<testcase name="random1[Windows_8.1_UNKNOWN_opera_15]" classname="se.redmind.rmtest.selenium.example.RandomClass4(20150317-080346)" time="1.8227129"/>
<testcase name="random1[Windows_10_UNKNOWN_firefox_31]" classname="se.redmind.rmtest.selenium.example.RandomClass4(20150317-080346)" time="1.57157"/>
<testcase name="random1[Windows_10_UNKNOWN_chrome_42]" classname="se.redmind.rmtest.selenium.example.RandomClass4(20150317-080346)" time="0.49453092"/>
<testcase name="random1[Windows_10_UNKNOWN_explorer_10]" classname="se.redmind.rmtest.selenium.example.RandomClass4(20150317-080346)" time="1.0017675">
	<error type="java.lang.AssertionError:">java.lang.AssertionError: null
		at org.junit.Assert.fail(Assert.java:86)
		at org.junit.Assert.assertTrue(Assert.java:41)
		at org.junit.Assert.assertTrue(Assert.java:52)
		at se.redmind.rmtest.selenium.example.CreateRandomRes3.random14(CreateRandomRes3.java:128)
	</error>
</testcase>
<testcase name="random1[Windows_10_UNKNOWN_opera_15]" classname="se.redmind.rmtest.selenium.example.RandomClass4(20150317-080346)" time="1.6699668"/>
<testcase name="random1[Ubuntu_14.04_UNKNOWN_firefox_31]" classname="se.redmind.rmtest.selenium.example.RandomClass4(20150317-080346)" time="0.59095955"/>
<testcase name="random1[Ubuntu_14.04_UNKNOWN_chrome_42]" classname="se.redmind.rmtest.selenium.example.RandomClass4(20150317-080346)" time="0.387089">
	<failure type="java.lang.AssertionError:">java.lang.AssertionError: null
		at org.junit.Assert.fail(Assert.java:86)
		at org.junit.Assert.assertTrue(Assert.java:41)
		at org.junit.Assert.assertTrue(Assert.java:52)
		at se.redmind.rmtest.selenium.example.CreateRandomRes3.random14(CreateRandomRes3.java:128)
	</failure>
</testcase>
<testcase name="random1[Ubuntu_14.04_UNKNOWN_explorer_10]" classname="se.redmind.rmtest.selenium.example.RandomClass4(20150317-080346)" time="0.27653384">
	<failure type="java.lang.AssertionError:">java.lang.AssertionError: null
		at org.junit.Assert.fail(Assert.java:86)
		at org.junit.Assert.assertTrue(Assert.java:41)
		at org.junit.Assert.assertTrue(Assert.java:52)
		at se.redmind.rmtest.selenium.example.CreateRandomRes3.random14(CreateRandomRes3.java:128)
	</failure>
</testcase>
<testcase name="random1[Ubuntu_14.04_UNKNOWN_opera_15]" classname="se.redmind.rmtest.selenium.example.RandomClass4(20150317-080346)" time="0.11095226">
	<failure type="java.lang.AssertionError:">java.lang.AssertionError: null
		at org.junit.Assert.fail(Assert.java:86)
		at org.junit.Assert.assertTrue(Assert.java:41)
		at org.junit.Assert.assertTrue(Assert.java:52)
		at se.redmind.rmtest.selenium.example.CreateRandomRes3.random14(CreateRandomRes3.java:128)
	</failure>
</testcase>
<testcase name="random1[Ubuntu_12.10_UNKNOWN_firefox_31]" classname="se.redmind.rmtest.selenium.example.RandomClass4(20150317-080346)" time="0.86608815"/>
<testcase name="random1[Ubuntu_12.10_UNKNOWN_chrome_42]" classname="se.redmind.rmtest.selenium.example.RandomClass4(20150317-080346)" time="0.15203309"/>
<testcase name="random1[Ubuntu_12.10_UNKNOWN_explorer_10]" classname="se.redmind.rmtest.selenium.example.RandomClass4(20150317-080346)" time="1.3047669"/>
<testcase name="random1[Ubuntu_12.10_UNKNOWN_opera_15]" classname="se.redmind.rmtest.selenium.example.RandomClass4(20150317-080346)" time="1.7355142"/>
<testcase name="random2[Android_4.4.4_HTC ONE_firefox_31]" classname="se.redmind.rmtest.selenium.example.RandomClass4(20150317-080346)" time="0.6221478">
	<failure type="java.lang.AssertionError:">java.lang.AssertionError: null
		at org.junit.Assert.fail(Assert.java:86)
		at org.junit.Assert.assertTrue(Assert.java:41)
		at org.junit.Assert.assertTrue(Assert.java:52)
		at se.redmind.rmtest.selenium.example.CreateRandomRes3.random14(CreateRandomRes3.java:128)
	</failure>
</testcase>
<testcase name="random2[Android_4.4.4_HTC ONE_chrome_42]" classname="se.redmind.rmtest.selenium.example.RandomClass4(20150317-080346)" time="0.043880463">
	<failure type="java.lang.AssertionError:">java.lang.AssertionError: null
		at org.junit.Assert.fail(Assert.java:86)
		at org.junit.Assert.assertTrue(Assert.java:41)
		at org.junit.Assert.assertTrue(Assert.java:52)
		at se.redmind.rmtest.selenium.example.CreateRandomRes3.random14(CreateRandomRes3.java:128)
	</failure>
</testcase>
<testcase name="random2[Android_4.4.4_HTC ONE_explorer_10]" classname="se.redmind.rmtest.selenium.example.RandomClass4(20150317-080346)" time="0.9483532">
	<failure type="java.lang.AssertionError:">java.lang.AssertionError: null
		at org.junit.Assert.fail(Assert.java:86)
		at org.junit.Assert.assertTrue(Assert.java:41)
		at org.junit.Assert.assertTrue(Assert.java:52)
		at se.redmind.rmtest.selenium.example.CreateRandomRes3.random14(CreateRandomRes3.java:128)
	</failure>
</testcase>
<testcase name="random2[Android_4.4.4_HTC ONE_opera_15]" classname="se.redmind.rmtest.selenium.example.RandomClass4(20150317-080346)" time="0.79315996"/>
<testcase name="random2[Android_2.3_VeiVei_firefox_31]" classname="se.redmind.rmtest.selenium.example.RandomClass4(20150317-080346)" time="1.4075713">
	<failure type="java.lang.AssertionError:">java.lang.AssertionError: null
		at org.junit.Assert.fail(Assert.java:86)
		at org.junit.Assert.assertTrue(Assert.java:41)
		at org.junit.Assert.assertTrue(Assert.java:52)
		at se.redmind.rmtest.selenium.example.CreateRandomRes3.random14(CreateRandomRes3.java:128)
	</failure>
</testcase>
<testcase name="random2[Android_2.3_VeiVei_chrome_42]" classname="se.redmind.rmtest.selenium.example.RandomClass4(20150317-080346)" time="1.1435946"/>
<testcase name="random2[Android_2.3_VeiVei_explorer_10]" classname="se.redmind.rmtest.selenium.example.RandomClass4(20150317-080346)" time="1.2665412"/>
<testcase name="random2[Android_2.3_VeiVei_opera_15]" classname="se.redmind.rmtest.selenium.example.RandomClass4(20150317-080346)" time="0.6538328">
	<failure type="java.lang.AssertionError:">java.lang.AssertionError: null
		at org.junit.Assert.fail(Assert.java:86)
		at org.junit.Assert.assertTrue(Assert.java:41)
		at org.junit.Assert.assertTrue(Assert.java:52)
		at se.redmind.rmtest.selenium.example.CreateRandomRes3.random14(CreateRandomRes3.java:128)
	</failure>
</testcase>
<testcase name="random2[IOS_8.2_iPhone 6_firefox_31]" classname="se.redmind.rmtest.selenium.example.RandomClass4(20150317-080346)" time="0.51093996">
	<failure type="java.lang.AssertionError:">java.lang.AssertionError: null
		at org.junit.Assert.fail(Assert.java:86)
		at org.junit.Assert.assertTrue(Assert.java:41)
		at org.junit.Assert.assertTrue(Assert.java:52)
		at se.redmind.rmtest.selenium.example.CreateRandomRes3.random14(CreateRandomRes3.java:128)
	</failure>
</testcase>
<testcase name="random2[IOS_8.2_iPhone 6_chrome_42]" classname="se.redmind.rmtest.selenium.example.RandomClass4(20150317-080346)" time="0.53205574">
	<failure type="java.lang.AssertionError:">java.lang.AssertionError: null
		at org.junit.Assert.fail(Assert.java:86)
		at org.junit.Assert.assertTrue(Assert.java:41)
		at org.junit.Assert.assertTrue(Assert.java:52)
		at se.redmind.rmtest.selenium.example.CreateRandomRes3.random14(CreateRandomRes3.java:128)
	</failure>
</testcase>
<testcase name="random2[IOS_8.2_iPhone 6_explorer_10]" classname="se.redmind.rmtest.selenium.example.RandomClass4(20150317-080346)" time="1.2020552">
	<failure type="java.lang.AssertionError:">java.lang.AssertionError: null
		at org.junit.Assert.fail(Assert.java:86)
		at org.junit.Assert.assertTrue(Assert.java:41)
		at org.junit.Assert.assertTrue(Assert.java:52)
		at se.redmind.rmtest.selenium.example.CreateRandomRes3.random14(CreateRandomRes3.java:128)
	</failure>
</testcase>
<testcase name="random2[IOS_8.2_iPhone 6_opera_15]" classname="se.redmind.rmtest.selenium.example.RandomClass4(20150317-080346)" time="0.8258041">
	<failure type="java.lang.AssertionError:">java.lang.AssertionError: null
		at org.junit.Assert.fail(Assert.java:86)
		at org.junit.Assert.assertTrue(Assert.java:41)
		at org.junit.Assert.assertTrue(Assert.java:52)
		at se.redmind.rmtest.selenium.example.CreateRandomRes3.random14(CreateRandomRes3.java:128)
	</failure>
</testcase>
<testcase name="random2[IOS_4_iPhone 3Gs_firefox_31]" classname="se.redmind.rmtest.selenium.example.RandomClass4(20150317-080346)" time="0.86626995"/>
<testcase name="random2[IOS_4_iPhone 3Gs_chrome_42]" classname="se.redmind.rmtest.selenium.example.RandomClass4(20150317-080346)" time="0.10120916">
	<error type="java.lang.AssertionError:">java.lang.AssertionError: null
		at org.junit.Assert.fail(Assert.java:86)
		at org.junit.Assert.assertTrue(Assert.java:41)
		at org.junit.Assert.assertTrue(Assert.java:52)
		at se.redmind.rmtest.selenium.example.CreateRandomRes3.random14(CreateRandomRes3.java:128)
	</error>
</testcase>
<testcase name="random2[IOS_4_iPhone 3Gs_explorer_10]" classname="se.redmind.rmtest.selenium.example.RandomClass4(20150317-080346)" time="0.8562405">
	<failure type="java.lang.AssertionError:">java.lang.AssertionError: null
		at org.junit.Assert.fail(Assert.java:86)
		at org.junit.Assert.assertTrue(Assert.java:41)
		at org.junit.Assert.assertTrue(Assert.java:52)
		at se.redmind.rmtest.selenium.example.CreateRandomRes3.random14(CreateRandomRes3.java:128)
	</failure>
</testcase>
<testcase name="random2[IOS_4_iPhone 3Gs_opera_15]" classname="se.redmind.rmtest.selenium.example.RandomClass4(20150317-080346)" time="1.0635453"/>
<testcase name="random2[Windows_8.1_UNKNOWN_firefox_31]" classname="se.redmind.rmtest.selenium.example.RandomClass4(20150317-080346)" time="1.7337161">
	<failure type="java.lang.AssertionError:">java.lang.AssertionError: null
		at org.junit.Assert.fail(Assert.java:86)
		at org.junit.Assert.assertTrue(Assert.java:41)
		at org.junit.Assert.assertTrue(Assert.java:52)
		at se.redmind.rmtest.selenium.example.CreateRandomRes3.random14(CreateRandomRes3.java:128)
	</failure>
</testcase>
<testcase name="random2[Windows_8.1_UNKNOWN_chrome_42]" classname="se.redmind.rmtest.selenium.example.RandomClass4(20150317-080346)" time="0.52815354"/>
<testcase name="random2[Windows_8.1_UNKNOWN_explorer_10]" classname="se.redmind.rmtest.selenium.example.RandomClass4(20150317-080346)" time="1.1525582">
	<failure type="java.lang.AssertionError:">java.lang.AssertionError: null
		at org.junit.Assert.fail(Assert.java:86)
		at org.junit.Assert.assertTrue(Assert.java:41)
		at org.junit.Assert.assertTrue(Assert.java:52)
		at se.redmind.rmtest.selenium.example.CreateRandomRes3.random14(CreateRandomRes3.java:128)
	</failure>
</testcase>
<testcase name="random2[Windows_8.1_UNKNOWN_opera_15]" classname="se.redmind.rmtest.selenium.example.RandomClass4(20150317-080346)" time="0.7741343">
	<failure type="java.lang.AssertionError:">java.lang.AssertionError: null
		at org.junit.Assert.fail(Assert.java:86)
		at org.junit.Assert.assertTrue(Assert.java:41)
		at org.junit.Assert.assertTrue(Assert.java:52)
		at se.redmind.rmtest.selenium.example.CreateRandomRes3.random14(CreateRandomRes3.java:128)
	</failure>
</testcase>
<testcase name="random2[Windows_10_UNKNOWN_firefox_31]" classname="se.redmind.rmtest.selenium.example.RandomClass4(20150317-080346)" time="1.2768589">
	<failure type="java.lang.AssertionError:">java.lang.AssertionError: null
		at org.junit.Assert.fail(Assert.java:86)
		at org.junit.Assert.assertTrue(Assert.java:41)
		at org.junit.Assert.assertTrue(Assert.java:52)
		at se.redmind.rmtest.selenium.example.CreateRandomRes3.random14(CreateRandomRes3.java:128)
	</failure>
</testcase>
<testcase name="random2[Windows_10_UNKNOWN_chrome_42]" classname="se.redmind.rmtest.selenium.example.RandomClass4(20150317-080346)" time="0.7605561">
	<failure type="java.lang.AssertionError:">java.lang.AssertionError: null
		at org.junit.Assert.fail(Assert.java:86)
		at org.junit.Assert.assertTrue(Assert.java:41)
		at org.junit.Assert.assertTrue(Assert.java:52)
		at se.redmind.rmtest.selenium.example.CreateRandomRes3.random14(CreateRandomRes3.java:128)
	</failure>
</testcase>
<testcase name="random2[Windows_10_UNKNOWN_explorer_10]" classname="se.redmind.rmtest.selenium.example.RandomClass4(20150317-080346)" time="0.33190656"/>
<testcase name="random2[Windows_10_UNKNOWN_opera_15]" classname="se.redmind.rmtest.selenium.example.RandomClass4(20150317-080346)" time="1.6066184">
	<failure type="java.lang.AssertionError:">java.lang.AssertionError: null
		at org.junit.Assert.fail(Assert.java:86)
		at org.junit.Assert.assertTrue(Assert.java:41)
		at org.junit.Assert.assertTrue(Assert.java:52)
		at se.redmind.rmtest.selenium.example.CreateRandomRes3.random14(CreateRandomRes3.java:128)
	</failure>
</testcase>
<testcase name="random2[Ubuntu_14.04_UNKNOWN_firefox_31]" classname="se.redmind.rmtest.selenium.example.RandomClass4(20150317-080346)" time="1.0071285">
	<failure type="java.lang.AssertionError:">java.lang.AssertionError: null
		at org.junit.Assert.fail(Assert.java:86)
		at org.junit.Assert.assertTrue(Assert.java:41)
		at org.junit.Assert.assertTrue(Assert.java:52)
		at se.redmind.rmtest.selenium.example.CreateRandomRes3.random14(CreateRandomRes3.java:128)
	</failure>
</testcase>
<testcase name="random2[Ubuntu_14.04_UNKNOWN_chrome_42]" classname="se.redmind.rmtest.selenium.example.RandomClass4(20150317-080346)" time="0.5914359">
	<failure type="java.lang.AssertionError:">java.lang.AssertionError: null
		at org.junit.Assert.fail(Assert.java:86)
		at org.junit.Assert.assertTrue(Assert.java:41)
		at org.junit.Assert.assertTrue(Assert.java:52)
		at se.redmind.rmtest.selenium.example.CreateRandomRes3.random14(CreateRandomRes3.java:128)
	</failure>
</testcase>
<testcase name="random2[Ubuntu_14.04_UNKNOWN_explorer_10]" classname="se.redmind.rmtest.selenium.example.RandomClass4(20150317-080346)" time="0.7946098">
	<failure type="java.lang.AssertionError:">java.lang.AssertionError: null
		at org.junit.Assert.fail(Assert.java:86)
		at org.junit.Assert.assertTrue(Assert.java:41)
		at org.junit.Assert.assertTrue(Assert.java:52)
		at se.redmind.rmtest.selenium.example.CreateRandomRes3.random14(CreateRandomRes3.java:128)
	</failure>
</testcase>
<testcase name="random2[Ubuntu_14.04_UNKNOWN_opera_15]" classname="se.redmind.rmtest.selenium.example.RandomClass4(20150317-080346)" time="0.2573769">
	<failure type="java.lang.AssertionError:">java.lang.AssertionError: null
		at org.junit.Assert.fail(Assert.java:86)
		at org.junit.Assert.assertTrue(Assert.java:41)
		at org.junit.Assert.assertTrue(Assert.java:52)
		at se.redmind.rmtest.selenium.example.CreateRandomRes3.random14(CreateRandomRes3.java:128)
	</failure>
</testcase>
<testcase name="random2[Ubuntu_12.10_UNKNOWN_firefox_31]" classname="se.redmind.rmtest.selenium.example.RandomClass4(20150317-080346)" time="1.1316625">
	<failure type="java.lang.AssertionError:">java.lang.AssertionError: null
		at org.junit.Assert.fail(Assert.java:86)
		at org.junit.Assert.assertTrue(Assert.java:41)
		at org.junit.Assert.assertTrue(Assert.java:52)
		at se.redmind.rmtest.selenium.example.CreateRandomRes3.random14(CreateRandomRes3.java:128)
	</failure>
</testcase>
<testcase name="random2[Ubuntu_12.10_UNKNOWN_chrome_42]" classname="se.redmind.rmtest.selenium.example.RandomClass4(20150317-080346)" time="0.25867844"/>
<testcase name="random2[Ubuntu_12.10_UNKNOWN_explorer_10]" classname="se.redmind.rmtest.selenium.example.RandomClass4(20150317-080346)" time="0.57707345">
	<failure type="java.lang.AssertionError:">java.lang.AssertionError: null
		at org.junit.Assert.fail(Assert.java:86)
		at org.junit.Assert.assertTrue(Assert.java:41)
		at org.junit.Assert.assertTrue(Assert.java:52)
		at se.redmind.rmtest.selenium.example.CreateRandomRes3.random14(CreateRandomRes3.java:128)
	</failure>
</testcase>
<testcase name="random2[Ubuntu_12.10_UNKNOWN_opera_15]" classname="se.redmind.rmtest.selenium.example.RandomClass4(20150317-080346)" time="1.7432929"/>
<testcase name="random3[Android_4.4.4_HTC ONE_firefox_31]" classname="se.redmind.rmtest.selenium.example.RandomClass4(20150317-080346)" time="1.3118939">
	<failure type="java.lang.AssertionError:">java.lang.AssertionError: null
		at org.junit.Assert.fail(Assert.java:86)
		at org.junit.Assert.assertTrue(Assert.java:41)
		at org.junit.Assert.assertTrue(Assert.java:52)
		at se.redmind.rmtest.selenium.example.CreateRandomRes3.random14(CreateRandomRes3.java:128)
	</failure>
</testcase>
<testcase name="random3[Android_4.4.4_HTC ONE_chrome_42]" classname="se.redmind.rmtest.selenium.example.RandomClass4(20150317-080346)" time="0.9821845">
	<failure type="java.lang.AssertionError:">java.lang.AssertionError: null
		at org.junit.Assert.fail(Assert.java:86)
		at org.junit.Assert.assertTrue(Assert.java:41)
		at org.junit.Assert.assertTrue(Assert.java:52)
		at se.redmind.rmtest.selenium.example.CreateRandomRes3.random14(CreateRandomRes3.java:128)
	</failure>
</testcase>
<testcase name="random3[Android_4.4.4_HTC ONE_explorer_10]" classname="se.redmind.rmtest.selenium.example.RandomClass4(20150317-080346)" time="1.0538701">
	<failure type="java.lang.AssertionError:">java.lang.AssertionError: null
		at org.junit.Assert.fail(Assert.java:86)
		at org.junit.Assert.assertTrue(Assert.java:41)
		at org.junit.Assert.assertTrue(Assert.java:52)
		at se.redmind.rmtest.selenium.example.CreateRandomRes3.random14(CreateRandomRes3.java:128)
	</failure>
</testcase>
<testcase name="random3[Android_4.4.4_HTC ONE_opera_15]" classname="se.redmind.rmtest.selenium.example.RandomClass4(20150317-080346)" time="1.4439894">
	<failure type="java.lang.AssertionError:">java.lang.AssertionError: null
		at org.junit.Assert.fail(Assert.java:86)
		at org.junit.Assert.assertTrue(Assert.java:41)
		at org.junit.Assert.assertTrue(Assert.java:52)
		at se.redmind.rmtest.selenium.example.CreateRandomRes3.random14(CreateRandomRes3.java:128)
	</failure>
</testcase>
<testcase name="random3[Android_2.3_VeiVei_firefox_31]" classname="se.redmind.rmtest.selenium.example.RandomClass4(20150317-080346)" time="0.3722186">
	<failure type="java.lang.AssertionError:">java.lang.AssertionError: null
		at org.junit.Assert.fail(Assert.java:86)
		at org.junit.Assert.assertTrue(Assert.java:41)
		at org.junit.Assert.assertTrue(Assert.java:52)
		at se.redmind.rmtest.selenium.example.CreateRandomRes3.random14(CreateRandomRes3.java:128)
	</failure>
</testcase>
<testcase name="random3[Android_2.3_VeiVei_chrome_42]" classname="se.redmind.rmtest.selenium.example.RandomClass4(20150317-080346)" time="1.595163">
	<failure type="java.lang.AssertionError:">java.lang.AssertionError: null
		at org.junit.Assert.fail(Assert.java:86)
		at org.junit.Assert.assertTrue(Assert.java:41)
		at org.junit.Assert.assertTrue(Assert.java:52)
		at se.redmind.rmtest.selenium.example.CreateRandomRes3.random14(CreateRandomRes3.java:128)
	</failure>
</testcase>
<testcase name="random3[Android_2.3_VeiVei_explorer_10]" classname="se.redmind.rmtest.selenium.example.RandomClass4(20150317-080346)" time="1.5945282">
	<failure type="java.lang.AssertionError:">java.lang.AssertionError: null
		at org.junit.Assert.fail(Assert.java:86)
		at org.junit.Assert.assertTrue(Assert.java:41)
		at org.junit.Assert.assertTrue(Assert.java:52)
		at se.redmind.rmtest.selenium.example.CreateRandomRes3.random14(CreateRandomRes3.java:128)
	</failure>
</testcase>
<testcase name="random3[Android_2.3_VeiVei_opera_15]" classname="se.redmind.rmtest.selenium.example.RandomClass4(20150317-080346)" time="1.7958217"/>
<testcase name="random3[IOS_8.2_iPhone 6_firefox_31]" classname="se.redmind.rmtest.selenium.example.RandomClass4(20150317-080346)" time="1.1764352">
	<failure type="java.lang.AssertionError:">java.lang.AssertionError: null
		at org.junit.Assert.fail(Assert.java:86)
		at org.junit.Assert.assertTrue(Assert.java:41)
		at org.junit.Assert.assertTrue(Assert.java:52)
		at se.redmind.rmtest.selenium.example.CreateRandomRes3.random14(CreateRandomRes3.java:128)
	</failure>
</testcase>
<testcase name="random3[IOS_8.2_iPhone 6_chrome_42]" classname="se.redmind.rmtest.selenium.example.RandomClass4(20150317-080346)" time="0.92734015"/>
<testcase name="random3[IOS_8.2_iPhone 6_explorer_10]" classname="se.redmind.rmtest.selenium.example.RandomClass4(20150317-080346)" time="0.10348332"/>
<testcase name="random3[IOS_8.2_iPhone 6_opera_15]" classname="se.redmind.rmtest.selenium.example.RandomClass4(20150317-080346)" time="0.23804808">
	<failure type="java.lang.AssertionError:">java.lang.AssertionError: null
		at org.junit.Assert.fail(Assert.java:86)
		at org.junit.Assert.assertTrue(Assert.java:41)
		at org.junit.Assert.assertTrue(Assert.java:52)
		at se.redmind.rmtest.selenium.example.CreateRandomRes3.random14(CreateRandomRes3.java:128)
	</failure>
</testcase>
<testcase name="random3[IOS_4_iPhone 3Gs_firefox_31]" classname="se.redmind.rmtest.selenium.example.RandomClass4(20150317-080346)" time="1.5678836">
<skipped/>
</testcase>
<testcase name="random3[IOS_4_iPhone 3Gs_firefox_31]" classname="se.redmind.rmtest.selenium.example.RandomClass4(20150317-080346)" time="1.2174134"/>
<testcase name="random3[IOS_4_iPhone 3Gs_chrome_42]" classname="se.redmind.rmtest.selenium.example.RandomClass4(20150317-080346)" time="0.014456391">
<skipped/>
</testcase>
<testcase name="random3[IOS_4_iPhone 3Gs_chrome_42]" classname="se.redmind.rmtest.selenium.example.RandomClass4(20150317-080346)" time="0.45947754"/>
<testcase name="random3[IOS_4_iPhone 3Gs_explorer_10]" classname="se.redmind.rmtest.selenium.example.RandomClass4(20150317-080346)" time="1.5129088">
<skipped/>
</testcase>
<testcase name="random3[IOS_4_iPhone 3Gs_explorer_10]" classname="se.redmind.rmtest.selenium.example.RandomClass4(20150317-080346)" time="0.2538867">
	<failure type="java.lang.AssertionError:">java.lang.AssertionError: null
		at org.junit.Assert.fail(Assert.java:86)
		at org.junit.Assert.assertTrue(Assert.java:41)
		at org.junit.Assert.assertTrue(Assert.java:52)
		at se.redmind.rmtest.selenium.example.CreateRandomRes3.random14(CreateRandomRes3.java:128)
	</failure>
</testcase>
<testcase name="random3[IOS_4_iPhone 3Gs_opera_15]" classname="se.redmind.rmtest.selenium.example.RandomClass4(20150317-080346)" time="1.2981035">
<skipped/>
</testcase>
<testcase name="random3[IOS_4_iPhone 3Gs_opera_15]" classname="se.redmind.rmtest.selenium.example.RandomClass4(20150317-080346)" time="1.7797371">
	<failure type="java.lang.AssertionError:">java.lang.AssertionError: null
		at org.junit.Assert.fail(Assert.java:86)
		at org.junit.Assert.assertTrue(Assert.java:41)
		at org.junit.Assert.assertTrue(Assert.java:52)
		at se.redmind.rmtest.selenium.example.CreateRandomRes3.random14(CreateRandomRes3.java:128)
	</failure>
</testcase>
<testcase name="random3[Windows_8.1_UNKNOWN_firefox_31]" classname="se.redmind.rmtest.selenium.example.RandomClass4(20150317-080346)" time="1.2846102"/>
<testcase name="random3[Windows_8.1_UNKNOWN_chrome_42]" classname="se.redmind.rmtest.selenium.example.RandomClass4(20150317-080346)" time="0.31719112"/>
<testcase name="random3[Windows_8.1_UNKNOWN_explorer_10]" classname="se.redmind.rmtest.selenium.example.RandomClass4(20150317-080346)" time="0.8059213"/>
<testcase name="random3[Windows_8.1_UNKNOWN_opera_15]" classname="se.redmind.rmtest.selenium.example.RandomClass4(20150317-080346)" time="1.8242505">
	<failure type="java.lang.AssertionError:">java.lang.AssertionError: null
		at org.junit.Assert.fail(Assert.java:86)
		at org.junit.Assert.assertTrue(Assert.java:41)
		at org.junit.Assert.assertTrue(Assert.java:52)
		at se.redmind.rmtest.selenium.example.CreateRandomRes3.random14(CreateRandomRes3.java:128)
	</failure>
</testcase>
<testcase name="random3[Windows_10_UNKNOWN_firefox_31]" classname="se.redmind.rmtest.selenium.example.RandomClass4(20150317-080346)" time="1.1156961"/>
<testcase name="random3[Windows_10_UNKNOWN_chrome_42]" classname="se.redmind.rmtest.selenium.example.RandomClass4(20150317-080346)" time="1.2814738"/>
<testcase name="random3[Windows_10_UNKNOWN_explorer_10]" classname="se.redmind.rmtest.selenium.example.RandomClass4(20150317-080346)" time="0.115231514"/>
<testcase name="random3[Windows_10_UNKNOWN_opera_15]" classname="se.redmind.rmtest.selenium.example.RandomClass4(20150317-080346)" time="0.8215736">
	<failure type="java.lang.AssertionError:">java.lang.AssertionError: null
		at org.junit.Assert.fail(Assert.java:86)
		at org.junit.Assert.assertTrue(Assert.java:41)
		at org.junit.Assert.assertTrue(Assert.java:52)
		at se.redmind.rmtest.selenium.example.CreateRandomRes3.random14(CreateRandomRes3.java:128)
	</failure>
</testcase>
<testcase name="random3[Ubuntu_14.04_UNKNOWN_firefox_31]" classname="se.redmind.rmtest.selenium.example.RandomClass4(20150317-080346)" time="1.6825851">
	<failure type="java.lang.AssertionError:">java.lang.AssertionError: null
		at org.junit.Assert.fail(Assert.java:86)
		at org.junit.Assert.assertTrue(Assert.java:41)
		at org.junit.Assert.assertTrue(Assert.java:52)
		at se.redmind.rmtest.selenium.example.CreateRandomRes3.random14(CreateRandomRes3.java:128)
	</failure>
</testcase>
<testcase name="random3[Ubuntu_14.04_UNKNOWN_chrome_42]" classname="se.redmind.rmtest.selenium.example.RandomClass4(20150317-080346)" time="0.80049145"/>
<testcase name="random3[Ubuntu_14.04_UNKNOWN_explorer_10]" classname="se.redmind.rmtest.selenium.example.RandomClass4(20150317-080346)" time="0.5415933">
	<failure type="java.lang.AssertionError:">java.lang.AssertionError: null
		at org.junit.Assert.fail(Assert.java:86)
		at org.junit.Assert.assertTrue(Assert.java:41)
		at org.junit.Assert.assertTrue(Assert.java:52)
		at se.redmind.rmtest.selenium.example.CreateRandomRes3.random14(CreateRandomRes3.java:128)
	</failure>
</testcase>
<testcase name="random3[Ubuntu_14.04_UNKNOWN_opera_15]" classname="se.redmind.rmtest.selenium.example.RandomClass4(20150317-080346)" time="1.387637">
	<failure type="java.lang.AssertionError:">java.lang.AssertionError: null
		at org.junit.Assert.fail(Assert.java:86)
		at org.junit.Assert.assertTrue(Assert.java:41)
		at org.junit.Assert.assertTrue(Assert.java:52)
		at se.redmind.rmtest.selenium.example.CreateRandomRes3.random14(CreateRandomRes3.java:128)
	</failure>
</testcase>
<testcase name="random3[Ubuntu_12.10_UNKNOWN_firefox_31]" classname="se.redmind.rmtest.selenium.example.RandomClass4(20150317-080346)" time="1.5853645">
	<failure type="java.lang.AssertionError:">java.lang.AssertionError: null
		at org.junit.Assert.fail(Assert.java:86)
		at org.junit.Assert.assertTrue(Assert.java:41)
		at org.junit.Assert.assertTrue(Assert.java:52)
		at se.redmind.rmtest.selenium.example.CreateRandomRes3.random14(CreateRandomRes3.java:128)
	</failure>
</testcase>
<testcase name="random3[Ubuntu_12.10_UNKNOWN_chrome_42]" classname="se.redmind.rmtest.selenium.example.RandomClass4(20150317-080346)" time="1.1865447">
	<failure type="java.lang.AssertionError:">java.lang.AssertionError: null
		at org.junit.Assert.fail(Assert.java:86)
		at org.junit.Assert.assertTrue(Assert.java:41)
		at org.junit.Assert.assertTrue(Assert.java:52)
		at se.redmind.rmtest.selenium.example.CreateRandomRes3.random14(CreateRandomRes3.java:128)
	</failure>
</testcase>
<testcase name="random3[Ubuntu_12.10_UNKNOWN_explorer_10]" classname="se.redmind.rmtest.selenium.example.RandomClass4(20150317-080346)" time="1.6939819">
	<failure type="java.lang.AssertionError:">java.lang.AssertionError: null
		at org.junit.Assert.fail(Assert.java:86)
		at org.junit.Assert.assertTrue(Assert.java:41)
		at org.junit.Assert.assertTrue(Assert.java:52)
		at se.redmind.rmtest.selenium.example.CreateRandomRes3.random14(CreateRandomRes3.java:128)
	</failure>
</testcase>
<testcase name="random3[Ubuntu_12.10_UNKNOWN_opera_15]" classname="se.redmind.rmtest.selenium.example.RandomClass4(20150317-080346)" time="1.7734293">
	<failure type="java.lang.AssertionError:">java.lang.AssertionError: null
		at org.junit.Assert.fail(Assert.java:86)
		at org.junit.Assert.assertTrue(Assert.java:41)
		at org.junit.Assert.assertTrue(Assert.java:52)
		at se.redmind.rmtest.selenium.example.CreateRandomRes3.random14(CreateRandomRes3.java:128)
	</failure>
</testcase>
<testcase name="random4[Android_4.4.4_HTC ONE_firefox_31]" classname="se.redmind.rmtest.selenium.example.RandomClass4(20150317-080346)" time="0.63284576"/>
<testcase name="random4[Android_4.4.4_HTC ONE_chrome_42]" classname="se.redmind.rmtest.selenium.example.RandomClass4(20150317-080346)" time="1.3109828">
	<failure type="java.lang.AssertionError:">java.lang.AssertionError: null
		at org.junit.Assert.fail(Assert.java:86)
		at org.junit.Assert.assertTrue(Assert.java:41)
		at org.junit.Assert.assertTrue(Assert.java:52)
		at se.redmind.rmtest.selenium.example.CreateRandomRes3.random14(CreateRandomRes3.java:128)
	</failure>
</testcase>
<testcase name="random4[Android_4.4.4_HTC ONE_explorer_10]" classname="se.redmind.rmtest.selenium.example.RandomClass4(20150317-080346)" time="1.0077548"/>
<testcase name="random4[Android_4.4.4_HTC ONE_opera_15]" classname="se.redmind.rmtest.selenium.example.RandomClass4(20150317-080346)" time="1.8097639"/>
<testcase name="random4[Android_2.3_VeiVei_firefox_31]" classname="se.redmind.rmtest.selenium.example.RandomClass4(20150317-080346)" time="1.8504447">
	<failure type="java.lang.AssertionError:">java.lang.AssertionError: null
		at org.junit.Assert.fail(Assert.java:86)
		at org.junit.Assert.assertTrue(Assert.java:41)
		at org.junit.Assert.assertTrue(Assert.java:52)
		at se.redmind.rmtest.selenium.example.CreateRandomRes3.random14(CreateRandomRes3.java:128)
	</failure>
</testcase>
<testcase name="random4[Android_2.3_VeiVei_chrome_42]" classname="se.redmind.rmtest.selenium.example.RandomClass4(20150317-080346)" time="0.57649255">
	<failure type="java.lang.AssertionError:">java.lang.AssertionError: null
		at org.junit.Assert.fail(Assert.java:86)
		at org.junit.Assert.assertTrue(Assert.java:41)
		at org.junit.Assert.assertTrue(Assert.java:52)
		at se.redmind.rmtest.selenium.example.CreateRandomRes3.random14(CreateRandomRes3.java:128)
	</failure>
</testcase>
<testcase name="random4[Android_2.3_VeiVei_explorer_10]" classname="se.redmind.rmtest.selenium.example.RandomClass4(20150317-080346)" time="0.7839221">
	<failure type="java.lang.AssertionError:">java.lang.AssertionError: null
		at org.junit.Assert.fail(Assert.java:86)
		at org.junit.Assert.assertTrue(Assert.java:41)
		at org.junit.Assert.assertTrue(Assert.java:52)
		at se.redmind.rmtest.selenium.example.CreateRandomRes3.random14(CreateRandomRes3.java:128)
	</failure>
</testcase>
<testcase name="random4[Android_2.3_VeiVei_opera_15]" classname="se.redmind.rmtest.selenium.example.RandomClass4(20150317-080346)" time="0.97380567">
	<failure type="java.lang.AssertionError:">java.lang.AssertionError: null
		at org.junit.Assert.fail(Assert.java:86)
		at org.junit.Assert.assertTrue(Assert.java:41)
		at org.junit.Assert.assertTrue(Assert.java:52)
		at se.redmind.rmtest.selenium.example.CreateRandomRes3.random14(CreateRandomRes3.java:128)
	</failure>
</testcase>
<testcase name="random4[IOS_8.2_iPhone 6_firefox_31]" classname="se.redmind.rmtest.selenium.example.RandomClass4(20150317-080346)" time="1.3099113">
	<failure type="java.lang.AssertionError:">java.lang.AssertionError: null
		at org.junit.Assert.fail(Assert.java:86)
		at org.junit.Assert.assertTrue(Assert.java:41)
		at org.junit.Assert.assertTrue(Assert.java:52)
		at se.redmind.rmtest.selenium.example.CreateRandomRes3.random14(CreateRandomRes3.java:128)
	</failure>
</testcase>
<testcase name="random4[IOS_8.2_iPhone 6_chrome_42]" classname="se.redmind.rmtest.selenium.example.RandomClass4(20150317-080346)" time="1.6152889"/>
<testcase name="random4[IOS_8.2_iPhone 6_explorer_10]" classname="se.redmind.rmtest.selenium.example.RandomClass4(20150317-080346)" time="0.69990647"/>
<testcase name="random4[IOS_8.2_iPhone 6_opera_15]" classname="se.redmind.rmtest.selenium.example.RandomClass4(20150317-080346)" time="1.3938272">
	<failure type="java.lang.AssertionError:">java.lang.AssertionError: null
		at org.junit.Assert.fail(Assert.java:86)
		at org.junit.Assert.assertTrue(Assert.java:41)
		at org.junit.Assert.assertTrue(Assert.java:52)
		at se.redmind.rmtest.selenium.example.CreateRandomRes3.random14(CreateRandomRes3.java:128)
	</failure>
</testcase>
<testcase name="random4[IOS_4_iPhone 3Gs_firefox_31]" classname="se.redmind.rmtest.selenium.example.RandomClass4(20150317-080346)" time="0.76918554">
	<failure type="java.lang.AssertionError:">java.lang.AssertionError: null
		at org.junit.Assert.fail(Assert.java:86)
		at org.junit.Assert.assertTrue(Assert.java:41)
		at org.junit.Assert.assertTrue(Assert.java:52)
		at se.redmind.rmtest.selenium.example.CreateRandomRes3.random14(CreateRandomRes3.java:128)
	</failure>
</testcase>
<testcase name="random4[IOS_4_iPhone 3Gs_chrome_42]" classname="se.redmind.rmtest.selenium.example.RandomClass4(20150317-080346)" time="1.4286778"/>
<testcase name="random4[IOS_4_iPhone 3Gs_explorer_10]" classname="se.redmind.rmtest.selenium.example.RandomClass4(20150317-080346)" time="0.25677598"/>
<testcase name="random4[IOS_4_iPhone 3Gs_opera_15]" classname="se.redmind.rmtest.selenium.example.RandomClass4(20150317-080346)" time="0.62339866">
	<failure type="java.lang.AssertionError:">java.lang.AssertionError: null
		at org.junit.Assert.fail(Assert.java:86)
		at org.junit.Assert.assertTrue(Assert.java:41)
		at org.junit.Assert.assertTrue(Assert.java:52)
		at se.redmind.rmtest.selenium.example.CreateRandomRes3.random14(CreateRandomRes3.java:128)
	</failure>
</testcase>
<testcase name="random4[Windows_8.1_UNKNOWN_firefox_31]" classname="se.redmind.rmtest.selenium.example.RandomClass4(20150317-080346)" time="0.22980833">
	<failure type="java.lang.AssertionError:">java.lang.AssertionError: null
		at org.junit.Assert.fail(Assert.java:86)
		at org.junit.Assert.assertTrue(Assert.java:41)
		at org.junit.Assert.assertTrue(Assert.java:52)
		at se.redmind.rmtest.selenium.example.CreateRandomRes3.random14(CreateRandomRes3.java:128)
	</failure>
</testcase>
<testcase name="random4[Windows_8.1_UNKNOWN_chrome_42]" classname="se.redmind.rmtest.selenium.example.RandomClass4(20150317-080346)" time="0.18477392"/>
<testcase name="random4[Windows_8.1_UNKNOWN_explorer_10]" classname="se.redmind.rmtest.selenium.example.RandomClass4(20150317-080346)" time="0.0012609959">
	<error type="java.lang.AssertionError:">java.lang.AssertionError: null
		at org.junit.Assert.fail(Assert.java:86)
		at org.junit.Assert.assertTrue(Assert.java:41)
		at org.junit.Assert.assertTrue(Assert.java:52)
		at se.redmind.rmtest.selenium.example.CreateRandomRes3.random14(CreateRandomRes3.java:128)
	</error>
</testcase>
<testcase name="random4[Windows_8.1_UNKNOWN_opera_15]" classname="se.redmind.rmtest.selenium.example.RandomClass4(20150317-080346)" time="1.0554842"/>
<testcase name="random4[Windows_10_UNKNOWN_firefox_31]" classname="se.redmind.rmtest.selenium.example.RandomClass4(20150317-080346)" time="1.4036119">
	<failure type="java.lang.AssertionError:">java.lang.AssertionError: null
		at org.junit.Assert.fail(Assert.java:86)
		at org.junit.Assert.assertTrue(Assert.java:41)
		at org.junit.Assert.assertTrue(Assert.java:52)
		at se.redmind.rmtest.selenium.example.CreateRandomRes3.random14(CreateRandomRes3.java:128)
	</failure>
</testcase>
<testcase name="random4[Windows_10_UNKNOWN_chrome_42]" classname="se.redmind.rmtest.selenium.example.RandomClass4(20150317-080346)" time="1.4962107"/>
<testcase name="random4[Windows_10_UNKNOWN_explorer_10]" classname="se.redmind.rmtest.selenium.example.RandomClass4(20150317-080346)" time="0.20088351">
	<failure type="java.lang.AssertionError:">java.lang.AssertionError: null
		at org.junit.Assert.fail(Assert.java:86)
		at org.junit.Assert.assertTrue(Assert.java:41)
		at org.junit.Assert.assertTrue(Assert.java:52)
		at se.redmind.rmtest.selenium.example.CreateRandomRes3.random14(CreateRandomRes3.java:128)
	</failure>
</testcase>
<testcase name="random4[Windows_10_UNKNOWN_opera_15]" classname="se.redmind.rmtest.selenium.example.RandomClass4(20150317-080346)" time="1.5895919"/>
<testcase name="random4[Ubuntu_14.04_UNKNOWN_firefox_31]" classname="se.redmind.rmtest.selenium.example.RandomClass4(20150317-080346)" time="0.5258204">
	<failure type="java.lang.AssertionError:">java.lang.AssertionError: null
		at org.junit.Assert.fail(Assert.java:86)
		at org.junit.Assert.assertTrue(Assert.java:41)
		at org.junit.Assert.assertTrue(Assert.java:52)
		at se.redmind.rmtest.selenium.example.CreateRandomRes3.random14(CreateRandomRes3.java:128)
	</failure>
</testcase>
<testcase name="random4[Ubuntu_14.04_UNKNOWN_chrome_42]" classname="se.redmind.rmtest.selenium.example.RandomClass4(20150317-080346)" time="1.7484657">
	<failure type="java.lang.AssertionError:">java.lang.AssertionError: null
		at org.junit.Assert.fail(Assert.java:86)
		at org.junit.Assert.assertTrue(Assert.java:41)
		at org.junit.Assert.assertTrue(Assert.java:52)
		at se.redmind.rmtest.selenium.example.CreateRandomRes3.random14(CreateRandomRes3.java:128)
	</failure>
</testcase>
<testcase name="random4[Ubuntu_14.04_UNKNOWN_explorer_10]" classname="se.redmind.rmtest.selenium.example.RandomClass4(20150317-080346)" time="1.7259613">
	<failure type="java.lang.AssertionError:">java.lang.AssertionError: null
		at org.junit.Assert.fail(Assert.java:86)
		at org.junit.Assert.assertTrue(Assert.java:41)
		at org.junit.Assert.assertTrue(Assert.java:52)
		at se.redmind.rmtest.selenium.example.CreateRandomRes3.random14(CreateRandomRes3.java:128)
	</failure>
</testcase>
<testcase name="random4[Ubuntu_14.04_UNKNOWN_opera_15]" classname="se.redmind.rmtest.selenium.example.RandomClass4(20150317-080346)" time="1.1193984">
	<failure type="java.lang.AssertionError:">java.lang.AssertionError: null
		at org.junit.Assert.fail(Assert.java:86)
		at org.junit.Assert.assertTrue(Assert.java:41)
		at org.junit.Assert.assertTrue(Assert.java:52)
		at se.redmind.rmtest.selenium.example.CreateRandomRes3.random14(CreateRandomRes3.java:128)
	</failure>
</testcase>
<testcase name="random4[Ubuntu_12.10_UNKNOWN_firefox_31]" classname="se.redmind.rmtest.selenium.example.RandomClass4(20150317-080346)" time="1.121027">
	<failure type="java.lang.AssertionError:">java.lang.AssertionError: null
		at org.junit.Assert.fail(Assert.java:86)
		at org.junit.Assert.assertTrue(Assert.java:41)
		at org.junit.Assert.assertTrue(Assert.java:52)
		at se.redmind.rmtest.selenium.example.CreateRandomRes3.random14(CreateRandomRes3.java:128)
	</failure>
</testcase>
<testcase name="random4[Ubuntu_12.10_UNKNOWN_chrome_42]" classname="se.redmind.rmtest.selenium.example.RandomClass4(20150317-080346)" time="0.8082086">
	<failure type="java.lang.AssertionError:">java.lang.AssertionError: null
		at org.junit.Assert.fail(Assert.java:86)
		at org.junit.Assert.assertTrue(Assert.java:41)
		at org.junit.Assert.assertTrue(Assert.java:52)
		at se.redmind.rmtest.selenium.example.CreateRandomRes3.random14(CreateRandomRes3.java:128)
	</failure>
</testcase>
<testcase name="random4[Ubuntu_12.10_UNKNOWN_explorer_10]" classname="se.redmind.rmtest.selenium.example.RandomClass4(20150317-080346)" time="1.2798564"/>
<testcase name="random4[Ubuntu_12.10_UNKNOWN_opera_15]" classname="se.redmind.rmtest.selenium.example.RandomClass4(20150317-080346)" time="0.52477634"/>
<testcase name="random1[Android_2.3_VeiVei_firefox_31]" classname="se.redmind.rmtest.selenium.example.RandomClass5(20150317-080346)" time="1.3966732">
	<failure type="java.lang.AssertionError:">java.lang.AssertionError: null
		at org.junit.Assert.fail(Assert.java:86)
		at org.junit.Assert.assertTrue(Assert.java:41)
		at org.junit.Assert.assertTrue(Assert.java:52)
		at se.redmind.rmtest.selenium.example.CreateRandomRes3.random14(CreateRandomRes3.java:128)
	</failure>
</testcase>
<testcase name="random1[Android_2.3_VeiVei_chrome_42]" classname="se.redmind.rmtest.selenium.example.RandomClass5(20150317-080346)" time="1.5307126">
	<failure type="java.lang.AssertionError:">java.lang.AssertionError: null
		at org.junit.Assert.fail(Assert.java:86)
		at org.junit.Assert.assertTrue(Assert.java:41)
		at org.junit.Assert.assertTrue(Assert.java:52)
		at se.redmind.rmtest.selenium.example.CreateRandomRes3.random14(CreateRandomRes3.java:128)
	</failure>
</testcase>
<testcase name="random1[Android_2.3_VeiVei_explorer_10]" classname="se.redmind.rmtest.selenium.example.RandomClass5(20150317-080346)" time="0.18438625"/>
<testcase name="random1[Android_2.3_VeiVei_opera_15]" classname="se.redmind.rmtest.selenium.example.RandomClass5(20150317-080346)" time="1.666177"/>
<testcase name="random1[Android_4.4.4_Sony Experia Z3_firefox_31]" classname="se.redmind.rmtest.selenium.example.RandomClass5(20150317-080346)" time="0.20723712">
	<failure type="java.lang.AssertionError:">java.lang.AssertionError: null
		at org.junit.Assert.fail(Assert.java:86)
		at org.junit.Assert.assertTrue(Assert.java:41)
		at org.junit.Assert.assertTrue(Assert.java:52)
		at se.redmind.rmtest.selenium.example.CreateRandomRes3.random14(CreateRandomRes3.java:128)
	</failure>
</testcase>
<testcase name="random1[Android_4.4.4_Sony Experia Z3_chrome_42]" classname="se.redmind.rmtest.selenium.example.RandomClass5(20150317-080346)" time="1.64787">
	<failure type="java.lang.AssertionError:">java.lang.AssertionError: null
		at org.junit.Assert.fail(Assert.java:86)
		at org.junit.Assert.assertTrue(Assert.java:41)
		at org.junit.Assert.assertTrue(Assert.java:52)
		at se.redmind.rmtest.selenium.example.CreateRandomRes3.random14(CreateRandomRes3.java:128)
	</failure>
</testcase>
<testcase name="random1[Android_4.4.4_Sony Experia Z3_explorer_10]" classname="se.redmind.rmtest.selenium.example.RandomClass5(20150317-080346)" time="0.742689"/>
<testcase name="random1[Android_4.4.4_Sony Experia Z3_opera_15]" classname="se.redmind.rmtest.selenium.example.RandomClass5(20150317-080346)" time="1.7784903"/>
<testcase name="random1[IOS_8.2_iPhone 6_firefox_31]" classname="se.redmind.rmtest.selenium.example.RandomClass5(20150317-080346)" time="0.44741166"/>
<testcase name="random1[IOS_8.2_iPhone 6_chrome_42]" classname="se.redmind.rmtest.selenium.example.RandomClass5(20150317-080346)" time="1.4757794">
	<error type="java.lang.AssertionError:">java.lang.AssertionError: null
		at org.junit.Assert.fail(Assert.java:86)
		at org.junit.Assert.assertTrue(Assert.java:41)
		at org.junit.Assert.assertTrue(Assert.java:52)
		at se.redmind.rmtest.selenium.example.CreateRandomRes3.random14(CreateRandomRes3.java:128)
	</error>
</testcase>
<testcase name="random1[IOS_8.2_iPhone 6_explorer_10]" classname="se.redmind.rmtest.selenium.example.RandomClass5(20150317-080346)" time="1.3018233">
	<failure type="java.lang.AssertionError:">java.lang.AssertionError: null
		at org.junit.Assert.fail(Assert.java:86)
		at org.junit.Assert.assertTrue(Assert.java:41)
		at org.junit.Assert.assertTrue(Assert.java:52)
		at se.redmind.rmtest.selenium.example.CreateRandomRes3.random14(CreateRandomRes3.java:128)
	</failure>
</testcase>
<testcase name="random1[IOS_8.2_iPhone 6_opera_15]" classname="se.redmind.rmtest.selenium.example.RandomClass5(20150317-080346)" time="0.8404598"/>
<testcase name="random1[IOS_4_iPhone 3Gs_firefox_31]" classname="se.redmind.rmtest.selenium.example.RandomClass5(20150317-080346)" time="1.2774024"/>
<testcase name="random1[IOS_4_iPhone 3Gs_chrome_42]" classname="se.redmind.rmtest.selenium.example.RandomClass5(20150317-080346)" time="1.6927562">
	<failure type="java.lang.AssertionError:">java.lang.AssertionError: null
		at org.junit.Assert.fail(Assert.java:86)
		at org.junit.Assert.assertTrue(Assert.java:41)
		at org.junit.Assert.assertTrue(Assert.java:52)
		at se.redmind.rmtest.selenium.example.CreateRandomRes3.random14(CreateRandomRes3.java:128)
	</failure>
</testcase>
<testcase name="random1[IOS_4_iPhone 3Gs_explorer_10]" classname="se.redmind.rmtest.selenium.example.RandomClass5(20150317-080346)" time="1.5224866"/>
<testcase name="random1[IOS_4_iPhone 3Gs_opera_15]" classname="se.redmind.rmtest.selenium.example.RandomClass5(20150317-080346)" time="0.001726985"/>
<testcase name="random1[OSX_10.9.5_UNKNOWN_firefox_31]" classname="se.redmind.rmtest.selenium.example.RandomClass5(20150317-080346)" time="1.0308692">
	<failure type="java.lang.AssertionError:">java.lang.AssertionError: null
		at org.junit.Assert.fail(Assert.java:86)
		at org.junit.Assert.assertTrue(Assert.java:41)
		at org.junit.Assert.assertTrue(Assert.java:52)
		at se.redmind.rmtest.selenium.example.CreateRandomRes3.random14(CreateRandomRes3.java:128)
	</failure>
</testcase>
<testcase name="random1[OSX_10.9.5_UNKNOWN_chrome_42]" classname="se.redmind.rmtest.selenium.example.RandomClass5(20150317-080346)" time="0.6907115">
	<failure type="java.lang.AssertionError:">java.lang.AssertionError: null
		at org.junit.Assert.fail(Assert.java:86)
		at org.junit.Assert.assertTrue(Assert.java:41)
		at org.junit.Assert.assertTrue(Assert.java:52)
		at se.redmind.rmtest.selenium.example.CreateRandomRes3.random14(CreateRandomRes3.java:128)
	</failure>
</testcase>
<testcase name="random1[OSX_10.9.5_UNKNOWN_explorer_10]" classname="se.redmind.rmtest.selenium.example.RandomClass5(20150317-080346)" time="1.345911">
	<failure type="java.lang.AssertionError:">java.lang.AssertionError: null
		at org.junit.Assert.fail(Assert.java:86)
		at org.junit.Assert.assertTrue(Assert.java:41)
		at org.junit.Assert.assertTrue(Assert.java:52)
		at se.redmind.rmtest.selenium.example.CreateRandomRes3.random14(CreateRandomRes3.java:128)
	</failure>
</testcase>
<testcase name="random1[OSX_10.9.5_UNKNOWN_opera_15]" classname="se.redmind.rmtest.selenium.example.RandomClass5(20150317-080346)" time="0.3448441"/>
<testcase name="random1[Windows_8.1_UNKNOWN_firefox_31]" classname="se.redmind.rmtest.selenium.example.RandomClass5(20150317-080346)" time="0.11530638">
	<failure type="java.lang.AssertionError:">java.lang.AssertionError: null
		at org.junit.Assert.fail(Assert.java:86)
		at org.junit.Assert.assertTrue(Assert.java:41)
		at org.junit.Assert.assertTrue(Assert.java:52)
		at se.redmind.rmtest.selenium.example.CreateRandomRes3.random14(CreateRandomRes3.java:128)
	</failure>
</testcase>
<testcase name="random1[Windows_8.1_UNKNOWN_chrome_42]" classname="se.redmind.rmtest.selenium.example.RandomClass5(20150317-080346)" time="1.8896497">
	<failure type="java.lang.AssertionError:">java.lang.AssertionError: null
		at org.junit.Assert.fail(Assert.java:86)
		at org.junit.Assert.assertTrue(Assert.java:41)
		at org.junit.Assert.assertTrue(Assert.java:52)
		at se.redmind.rmtest.selenium.example.CreateRandomRes3.random14(CreateRandomRes3.java:128)
	</failure>
</testcase>
<testcase name="random1[Windows_8.1_UNKNOWN_explorer_10]" classname="se.redmind.rmtest.selenium.example.RandomClass5(20150317-080346)" time="1.9289805">
	<failure type="java.lang.AssertionError:">java.lang.AssertionError: null
		at org.junit.Assert.fail(Assert.java:86)
		at org.junit.Assert.assertTrue(Assert.java:41)
		at org.junit.Assert.assertTrue(Assert.java:52)
		at se.redmind.rmtest.selenium.example.CreateRandomRes3.random14(CreateRandomRes3.java:128)
	</failure>
</testcase>
<testcase name="random1[Windows_8.1_UNKNOWN_opera_15]" classname="se.redmind.rmtest.selenium.example.RandomClass5(20150317-080346)" time="0.7445097">
	<failure type="java.lang.AssertionError:">java.lang.AssertionError: null
		at org.junit.Assert.fail(Assert.java:86)
		at org.junit.Assert.assertTrue(Assert.java:41)
		at org.junit.Assert.assertTrue(Assert.java:52)
		at se.redmind.rmtest.selenium.example.CreateRandomRes3.random14(CreateRandomRes3.java:128)
	</failure>
</testcase>
<testcase name="random1[Ubuntu_14.04_UNKNOWN_firefox_31]" classname="se.redmind.rmtest.selenium.example.RandomClass5(20150317-080346)" time="0.24509394">
	<failure type="java.lang.AssertionError:">java.lang.AssertionError: null
		at org.junit.Assert.fail(Assert.java:86)
		at org.junit.Assert.assertTrue(Assert.java:41)
		at org.junit.Assert.assertTrue(Assert.java:52)
		at se.redmind.rmtest.selenium.example.CreateRandomRes3.random14(CreateRandomRes3.java:128)
	</failure>
</testcase>
<testcase name="random1[Ubuntu_14.04_UNKNOWN_chrome_42]" classname="se.redmind.rmtest.selenium.example.RandomClass5(20150317-080346)" time="0.9361005">
	<failure type="java.lang.AssertionError:">java.lang.AssertionError: null
		at org.junit.Assert.fail(Assert.java:86)
		at org.junit.Assert.assertTrue(Assert.java:41)
		at org.junit.Assert.assertTrue(Assert.java:52)
		at se.redmind.rmtest.selenium.example.CreateRandomRes3.random14(CreateRandomRes3.java:128)
	</failure>
</testcase>
<testcase name="random1[Ubuntu_14.04_UNKNOWN_explorer_10]" classname="se.redmind.rmtest.selenium.example.RandomClass5(20150317-080346)" time="0.50283694">
	<failure type="java.lang.AssertionError:">java.lang.AssertionError: null
		at org.junit.Assert.fail(Assert.java:86)
		at org.junit.Assert.assertTrue(Assert.java:41)
		at org.junit.Assert.assertTrue(Assert.java:52)
		at se.redmind.rmtest.selenium.example.CreateRandomRes3.random14(CreateRandomRes3.java:128)
	</failure>
</testcase>
<testcase name="random1[Ubuntu_14.04_UNKNOWN_opera_15]" classname="se.redmind.rmtest.selenium.example.RandomClass5(20150317-080346)" time="1.9263909"/>
<testcase name="random1[Ubuntu_12.10_UNKNOWN_firefox_31]" classname="se.redmind.rmtest.selenium.example.RandomClass5(20150317-080346)" time="1.4146662">
	<failure type="java.lang.AssertionError:">java.lang.AssertionError: null
		at org.junit.Assert.fail(Assert.java:86)
		at org.junit.Assert.assertTrue(Assert.java:41)
		at org.junit.Assert.assertTrue(Assert.java:52)
		at se.redmind.rmtest.selenium.example.CreateRandomRes3.random14(CreateRandomRes3.java:128)
	</failure>
</testcase>
<testcase name="random1[Ubuntu_12.10_UNKNOWN_chrome_42]" classname="se.redmind.rmtest.selenium.example.RandomClass5(20150317-080346)" time="1.8929176">
	<failure type="java.lang.AssertionError:">java.lang.AssertionError: null
		at org.junit.Assert.fail(Assert.java:86)
		at org.junit.Assert.assertTrue(Assert.java:41)
		at org.junit.Assert.assertTrue(Assert.java:52)
		at se.redmind.rmtest.selenium.example.CreateRandomRes3.random14(CreateRandomRes3.java:128)
	</failure>
</testcase>
<testcase name="random1[Ubuntu_12.10_UNKNOWN_explorer_10]" classname="se.redmind.rmtest.selenium.example.RandomClass5(20150317-080346)" time="1.2189865">
	<error type="java.lang.AssertionError:">java.lang.AssertionError: null
		at org.junit.Assert.fail(Assert.java:86)
		at org.junit.Assert.assertTrue(Assert.java:41)
		at org.junit.Assert.assertTrue(Assert.java:52)
		at se.redmind.rmtest.selenium.example.CreateRandomRes3.random14(CreateRandomRes3.java:128)
	</error>
</testcase>
<testcase name="random1[Ubuntu_12.10_UNKNOWN_opera_15]" classname="se.redmind.rmtest.selenium.example.RandomClass5(20150317-080346)" time="1.9401743"/>
<testcase name="random2[Android_2.3_VeiVei_firefox_31]" classname="se.redmind.rmtest.selenium.example.RandomClass5(20150317-080346)" time="0.76645553"/>
<testcase name="random2[Android_2.3_VeiVei_chrome_42]" classname="se.redmind.rmtest.selenium.example.RandomClass5(20150317-080346)" time="0.80622256">
	<error type="java.lang.AssertionError:">java.lang.AssertionError: null
		at org.junit.Assert.fail(Assert.java:86)
		at org.junit.Assert.assertTrue(Assert.java:41)
		at org.junit.Assert.assertTrue(Assert.java:52)
		at se.redmind.rmtest.selenium.example.CreateRandomRes3.random14(CreateRandomRes3.java:128)
	</error>
</testcase>
<testcase name="random2[Android_2.3_VeiVei_explorer_10]" classname="se.redmind.rmtest.selenium.example.RandomClass5(20150317-080346)" time="1.7803904"/>
<testcase name="random2[Android_2.3_VeiVei_opera_15]" classname="se.redmind.rmtest.selenium.example.RandomClass5(20150317-080346)" time="1.2616332"/>
<testcase name="random2[Android_4.4.4_Sony Experia Z3_firefox_31]" classname="se.redmind.rmtest.selenium.example.RandomClass5(20150317-080346)" time="1.6497463">
	<failure type="java.lang.AssertionError:">java.lang.AssertionError: null
		at org.junit.Assert.fail(Assert.java:86)
		at org.junit.Assert.assertTrue(Assert.java:41)
		at org.junit.Assert.assertTrue(Assert.java:52)
		at se.redmind.rmtest.selenium.example.CreateRandomRes3.random14(CreateRandomRes3.java:128)
	</failure>
</testcase>
<testcase name="random2[Android_4.4.4_Sony Experia Z3_chrome_42]" classname="se.redmind.rmtest.selenium.example.RandomClass5(20150317-080346)" time="0.91002035">
	<error type="java.lang.AssertionError:">java.lang.AssertionError: null
		at org.junit.Assert.fail(Assert.java:86)
		at org.junit.Assert.assertTrue(Assert.java:41)
		at org.junit.Assert.assertTrue(Assert.java:52)
		at se.redmind.rmtest.selenium.example.CreateRandomRes3.random14(CreateRandomRes3.java:128)
	</error>
</testcase>
<testcase name="random2[Android_4.4.4_Sony Experia Z3_explorer_10]" classname="se.redmind.rmtest.selenium.example.RandomClass5(20150317-080346)" time="0.18193436"/>
<testcase name="random2[Android_4.4.4_Sony Experia Z3_opera_15]" classname="se.redmind.rmtest.selenium.example.RandomClass5(20150317-080346)" time="1.1643041">
	<failure type="java.lang.AssertionError:">java.lang.AssertionError: null
		at org.junit.Assert.fail(Assert.java:86)
		at org.junit.Assert.assertTrue(Assert.java:41)
		at org.junit.Assert.assertTrue(Assert.java:52)
		at se.redmind.rmtest.selenium.example.CreateRandomRes3.random14(CreateRandomRes3.java:128)
	</failure>
</testcase>
<testcase name="random2[IOS_8.2_iPhone 6_firefox_31]" classname="se.redmind.rmtest.selenium.example.RandomClass5(20150317-080346)" time="0.9022633">
	<failure type="java.lang.AssertionError:">java.lang.AssertionError: null
		at org.junit.Assert.fail(Assert.java:86)
		at org.junit.Assert.assertTrue(Assert.java:41)
		at org.junit.Assert.assertTrue(Assert.java:52)
		at se.redmind.rmtest.selenium.example.CreateRandomRes3.random14(CreateRandomRes3.java:128)
	</failure>
</testcase>
<testcase name="random2[IOS_8.2_iPhone 6_chrome_42]" classname="se.redmind.rmtest.selenium.example.RandomClass5(20150317-080346)" time="0.63633597"/>
<testcase name="random2[IOS_8.2_iPhone 6_explorer_10]" classname="se.redmind.rmtest.selenium.example.RandomClass5(20150317-080346)" time="1.851404">
	<failure type="java.lang.AssertionError:">java.lang.AssertionError: null
		at org.junit.Assert.fail(Assert.java:86)
		at org.junit.Assert.assertTrue(Assert.java:41)
		at org.junit.Assert.assertTrue(Assert.java:52)
		at se.redmind.rmtest.selenium.example.CreateRandomRes3.random14(CreateRandomRes3.java:128)
	</failure>
</testcase>
<testcase name="random2[IOS_8.2_iPhone 6_opera_15]" classname="se.redmind.rmtest.selenium.example.RandomClass5(20150317-080346)" time="0.33519828">
	<failure type="java.lang.AssertionError:">java.lang.AssertionError: null
		at org.junit.Assert.fail(Assert.java:86)
		at org.junit.Assert.assertTrue(Assert.java:41)
		at org.junit.Assert.assertTrue(Assert.java:52)
		at se.redmind.rmtest.selenium.example.CreateRandomRes3.random14(CreateRandomRes3.java:128)
	</failure>
</testcase>
<testcase name="random2[IOS_4_iPhone 3Gs_firefox_31]" classname="se.redmind.rmtest.selenium.example.RandomClass5(20150317-080346)" time="0.87086964"/>
<testcase name="random2[IOS_4_iPhone 3Gs_chrome_42]" classname="se.redmind.rmtest.selenium.example.RandomClass5(20150317-080346)" time="1.2174121"/>
<testcase name="random2[IOS_4_iPhone 3Gs_explorer_10]" classname="se.redmind.rmtest.selenium.example.RandomClass5(20150317-080346)" time="0.35612404">
	<failure type="java.lang.AssertionError:">java.lang.AssertionError: null
		at org.junit.Assert.fail(Assert.java:86)
		at org.junit.Assert.assertTrue(Assert.java:41)
		at org.junit.Assert.assertTrue(Assert.java:52)
		at se.redmind.rmtest.selenium.example.CreateRandomRes3.random14(CreateRandomRes3.java:128)
	</failure>
</testcase>
<testcase name="random2[IOS_4_iPhone 3Gs_opera_15]" classname="se.redmind.rmtest.selenium.example.RandomClass5(20150317-080346)" time="1.4193112">
	<failure type="java.lang.AssertionError:">java.lang.AssertionError: null
		at org.junit.Assert.fail(Assert.java:86)
		at org.junit.Assert.assertTrue(Assert.java:41)
		at org.junit.Assert.assertTrue(Assert.java:52)
		at se.redmind.rmtest.selenium.example.CreateRandomRes3.random14(CreateRandomRes3.java:128)
	</failure>
</testcase>
<testcase name="random2[OSX_10.9.5_UNKNOWN_firefox_31]" classname="se.redmind.rmtest.selenium.example.RandomClass5(20150317-080346)" time="1.9763364">
	<failure type="java.lang.AssertionError:">java.lang.AssertionError: null
		at org.junit.Assert.fail(Assert.java:86)
		at org.junit.Assert.assertTrue(Assert.java:41)
		at org.junit.Assert.assertTrue(Assert.java:52)
		at se.redmind.rmtest.selenium.example.CreateRandomRes3.random14(CreateRandomRes3.java:128)
	</failure>
</testcase>
<testcase name="random2[OSX_10.9.5_UNKNOWN_chrome_42]" classname="se.redmind.rmtest.selenium.example.RandomClass5(20150317-080346)" time="0.71873796"/>
<testcase name="random2[OSX_10.9.5_UNKNOWN_explorer_10]" classname="se.redmind.rmtest.selenium.example.RandomClass5(20150317-080346)" time="1.4576111"/>
<testcase name="random2[OSX_10.9.5_UNKNOWN_opera_15]" classname="se.redmind.rmtest.selenium.example.RandomClass5(20150317-080346)" time="1.6923074">
	<failure type="java.lang.AssertionError:">java.lang.AssertionError: null
		at org.junit.Assert.fail(Assert.java:86)
		at org.junit.Assert.assertTrue(Assert.java:41)
		at org.junit.Assert.assertTrue(Assert.java:52)
		at se.redmind.rmtest.selenium.example.CreateRandomRes3.random14(CreateRandomRes3.java:128)
	</failure>
</testcase>
<testcase name="random2[Windows_8.1_UNKNOWN_firefox_31]" classname="se.redmind.rmtest.selenium.example.RandomClass5(20150317-080346)" time="1.156294">
	<failure type="java.lang.AssertionError:">java.lang.AssertionError: null
		at org.junit.Assert.fail(Assert.java:86)
		at org.junit.Assert.assertTrue(Assert.java:41)
		at org.junit.Assert.assertTrue(Assert.java:52)
		at se.redmind.rmtest.selenium.example.CreateRandomRes3.random14(CreateRandomRes3.java:128)
	</failure>
</testcase>
<testcase name="random2[Windows_8.1_UNKNOWN_chrome_42]" classname="se.redmind.rmtest.selenium.example.RandomClass5(20150317-080346)" time="1.3717967"/>
<testcase name="random2[Windows_8.1_UNKNOWN_explorer_10]" classname="se.redmind.rmtest.selenium.example.RandomClass5(20150317-080346)" time="1.6252664">
	<failure type="java.lang.AssertionError:">java.lang.AssertionError: null
		at org.junit.Assert.fail(Assert.java:86)
		at org.junit.Assert.assertTrue(Assert.java:41)
		at org.junit.Assert.assertTrue(Assert.java:52)
		at se.redmind.rmtest.selenium.example.CreateRandomRes3.random14(CreateRandomRes3.java:128)
	</failure>
</testcase>
<testcase name="random2[Windows_8.1_UNKNOWN_opera_15]" classname="se.redmind.rmtest.selenium.example.RandomClass5(20150317-080346)" time="0.64474106">
	<failure type="java.lang.AssertionError:">java.lang.AssertionError: null
		at org.junit.Assert.fail(Assert.java:86)
		at org.junit.Assert.assertTrue(Assert.java:41)
		at org.junit.Assert.assertTrue(Assert.java:52)
		at se.redmind.rmtest.selenium.example.CreateRandomRes3.random14(CreateRandomRes3.java:128)
	</failure>
</testcase>
<testcase name="random2[Ubuntu_14.04_UNKNOWN_firefox_31]" classname="se.redmind.rmtest.selenium.example.RandomClass5(20150317-080346)" time="1.5240238"/>
<testcase name="random2[Ubuntu_14.04_UNKNOWN_chrome_42]" classname="se.redmind.rmtest.selenium.example.RandomClass5(20150317-080346)" time="1.2543057">
	<failure type="java.lang.AssertionError:">java.lang.AssertionError: null
		at org.junit.Assert.fail(Assert.java:86)
		at org.junit.Assert.assertTrue(Assert.java:41)
		at org.junit.Assert.assertTrue(Assert.java:52)
		at se.redmind.rmtest.selenium.example.CreateRandomRes3.random14(CreateRandomRes3.java:128)
	</failure>
</testcase>
<testcase name="random2[Ubuntu_14.04_UNKNOWN_explorer_10]" classname="se.redmind.rmtest.selenium.example.RandomClass5(20150317-080346)" time="0.6181632"/>
<testcase name="random2[Ubuntu_14.04_UNKNOWN_opera_15]" classname="se.redmind.rmtest.selenium.example.RandomClass5(20150317-080346)" time="1.48086">
	<failure type="java.lang.AssertionError:">java.lang.AssertionError: null
		at org.junit.Assert.fail(Assert.java:86)
		at org.junit.Assert.assertTrue(Assert.java:41)
		at org.junit.Assert.assertTrue(Assert.java:52)
		at se.redmind.rmtest.selenium.example.CreateRandomRes3.random14(CreateRandomRes3.java:128)
	</failure>
</testcase>
<testcase name="random2[Ubuntu_12.10_UNKNOWN_firefox_31]" classname="se.redmind.rmtest.selenium.example.RandomClass5(20150317-080346)" time="1.6268742">
	<failure type="java.lang.AssertionError:">java.lang.AssertionError: null
		at org.junit.Assert.fail(Assert.java:86)
		at org.junit.Assert.assertTrue(Assert.java:41)
		at org.junit.Assert.assertTrue(Assert.java:52)
		at se.redmind.rmtest.selenium.example.CreateRandomRes3.random14(CreateRandomRes3.java:128)
	</failure>
</testcase>
<testcase name="random2[Ubuntu_12.10_UNKNOWN_chrome_42]" classname="se.redmind.rmtest.selenium.example.RandomClass5(20150317-080346)" time="1.7122492"/>
<testcase name="random2[Ubuntu_12.10_UNKNOWN_explorer_10]" classname="se.redmind.rmtest.selenium.example.RandomClass5(20150317-080346)" time="0.3876264">
	<failure type="java.lang.AssertionError:">java.lang.AssertionError: null
		at org.junit.Assert.fail(Assert.java:86)
		at org.junit.Assert.assertTrue(Assert.java:41)
		at org.junit.Assert.assertTrue(Assert.java:52)
		at se.redmind.rmtest.selenium.example.CreateRandomRes3.random14(CreateRandomRes3.java:128)
	</failure>
</testcase>
<testcase name="random2[Ubuntu_12.10_UNKNOWN_opera_15]" classname="se.redmind.rmtest.selenium.example.RandomClass5(20150317-080346)" time="0.32354522">
	<failure type="java.lang.AssertionError:">java.lang.AssertionError: null
		at org.junit.Assert.fail(Assert.java:86)
		at org.junit.Assert.assertTrue(Assert.java:41)
		at org.junit.Assert.assertTrue(Assert.java:52)
		at se.redmind.rmtest.selenium.example.CreateRandomRes3.random14(CreateRandomRes3.java:128)
	</failure>
</testcase>
<testcase name="random3[Android_2.3_VeiVei_firefox_31]" classname="se.redmind.rmtest.selenium.example.RandomClass5(20150317-080346)" time="0.25845897">
	<failure type="java.lang.AssertionError:">java.lang.AssertionError: null
		at org.junit.Assert.fail(Assert.java:86)
		at org.junit.Assert.assertTrue(Assert.java:41)
		at org.junit.Assert.assertTrue(Assert.java:52)
		at se.redmind.rmtest.selenium.example.CreateRandomRes3.random14(CreateRandomRes3.java:128)
	</failure>
</testcase>
<testcase name="random3[Android_2.3_VeiVei_chrome_42]" classname="se.redmind.rmtest.selenium.example.RandomClass5(20150317-080346)" time="1.2861825"/>
<testcase name="random3[Android_2.3_VeiVei_explorer_10]" classname="se.redmind.rmtest.selenium.example.RandomClass5(20150317-080346)" time="1.4315269"/>
<testcase name="random3[Android_2.3_VeiVei_opera_15]" classname="se.redmind.rmtest.selenium.example.RandomClass5(20150317-080346)" time="0.3966627">
	<failure type="java.lang.AssertionError:">java.lang.AssertionError: null
		at org.junit.Assert.fail(Assert.java:86)
		at org.junit.Assert.assertTrue(Assert.java:41)
		at org.junit.Assert.assertTrue(Assert.java:52)
		at se.redmind.rmtest.selenium.example.CreateRandomRes3.random14(CreateRandomRes3.java:128)
	</failure>
</testcase>
<testcase name="random3[Android_4.4.4_Sony Experia Z3_firefox_31]" classname="se.redmind.rmtest.selenium.example.RandomClass5(20150317-080346)" time="1.755095"/>
<testcase name="random3[Android_4.4.4_Sony Experia Z3_chrome_42]" classname="se.redmind.rmtest.selenium.example.RandomClass5(20150317-080346)" time="1.0836781"/>
<testcase name="random3[Android_4.4.4_Sony Experia Z3_explorer_10]" classname="se.redmind.rmtest.selenium.example.RandomClass5(20150317-080346)" time="1.104443"/>
<testcase name="random3[Android_4.4.4_Sony Experia Z3_opera_15]" classname="se.redmind.rmtest.selenium.example.RandomClass5(20150317-080346)" time="1.1944895">
	<failure type="java.lang.AssertionError:">java.lang.AssertionError: null
		at org.junit.Assert.fail(Assert.java:86)
		at org.junit.Assert.assertTrue(Assert.java:41)
		at org.junit.Assert.assertTrue(Assert.java:52)
		at se.redmind.rmtest.selenium.example.CreateRandomRes3.random14(CreateRandomRes3.java:128)
	</failure>
</testcase>
<testcase name="random3[IOS_8.2_iPhone 6_firefox_31]" classname="se.redmind.rmtest.selenium.example.RandomClass5(20150317-080346)" time="0.20614529">
	<failure type="java.lang.AssertionError:">java.lang.AssertionError: null
		at org.junit.Assert.fail(Assert.java:86)
		at org.junit.Assert.assertTrue(Assert.java:41)
		at org.junit.Assert.assertTrue(Assert.java:52)
		at se.redmind.rmtest.selenium.example.CreateRandomRes3.random14(CreateRandomRes3.java:128)
	</failure>
</testcase>
<testcase name="random3[IOS_8.2_iPhone 6_chrome_42]" classname="se.redmind.rmtest.selenium.example.RandomClass5(20150317-080346)" time="1.7994424">
	<failure type="java.lang.AssertionError:">java.lang.AssertionError: null
		at org.junit.Assert.fail(Assert.java:86)
		at org.junit.Assert.assertTrue(Assert.java:41)
		at org.junit.Assert.assertTrue(Assert.java:52)
		at se.redmind.rmtest.selenium.example.CreateRandomRes3.random14(CreateRandomRes3.java:128)
	</failure>
</testcase>
<testcase name="random3[IOS_8.2_iPhone 6_explorer_10]" classname="se.redmind.rmtest.selenium.example.RandomClass5(20150317-080346)" time="1.7123628"/>
<testcase name="random3[IOS_8.2_iPhone 6_opera_15]" classname="se.redmind.rmtest.selenium.example.RandomClass5(20150317-080346)" time="0.13227761">
	<failure type="java.lang.AssertionError:">java.lang.AssertionError: null
		at org.junit.Assert.fail(Assert.java:86)
		at org.junit.Assert.assertTrue(Assert.java:41)
		at org.junit.Assert.assertTrue(Assert.java:52)
		at se.redmind.rmtest.selenium.example.CreateRandomRes3.random14(CreateRandomRes3.java:128)
	</failure>
</testcase>
<testcase name="random3[IOS_4_iPhone 3Gs_firefox_31]" classname="se.redmind.rmtest.selenium.example.RandomClass5(20150317-080346)" time="1.1668942">
<skipped/>
</testcase>
<testcase name="random3[IOS_4_iPhone 3Gs_firefox_31]" classname="se.redmind.rmtest.selenium.example.RandomClass5(20150317-080346)" time="1.7807086"/>
<testcase name="random3[IOS_4_iPhone 3Gs_chrome_42]" classname="se.redmind.rmtest.selenium.example.RandomClass5(20150317-080346)" time="0.6060736">
<skipped/>
</testcase>
<testcase name="random3[IOS_4_iPhone 3Gs_chrome_42]" classname="se.redmind.rmtest.selenium.example.RandomClass5(20150317-080346)" time="0.8673732">
	<failure type="java.lang.AssertionError:">java.lang.AssertionError: null
		at org.junit.Assert.fail(Assert.java:86)
		at org.junit.Assert.assertTrue(Assert.java:41)
		at org.junit.Assert.assertTrue(Assert.java:52)
		at se.redmind.rmtest.selenium.example.CreateRandomRes3.random14(CreateRandomRes3.java:128)
	</failure>
</testcase>
<testcase name="random3[IOS_4_iPhone 3Gs_explorer_10]" classname="se.redmind.rmtest.selenium.example.RandomClass5(20150317-080346)" time="1.2833079">
<skipped/>
</testcase>
<testcase name="random3[IOS_4_iPhone 3Gs_explorer_10]" classname="se.redmind.rmtest.selenium.example.RandomClass5(20150317-080346)" time="1.9298819">
	<error type="java.lang.AssertionError:">java.lang.AssertionError: null
		at org.junit.Assert.fail(Assert.java:86)
		at org.junit.Assert.assertTrue(Assert.java:41)
		at org.junit.Assert.assertTrue(Assert.java:52)
		at se.redmind.rmtest.selenium.example.CreateRandomRes3.random14(CreateRandomRes3.java:128)
	</error>
</testcase>
<testcase name="random3[IOS_4_iPhone 3Gs_opera_15]" classname="se.redmind.rmtest.selenium.example.RandomClass5(20150317-080346)" time="1.4170009">
<skipped/>
</testcase>
<testcase name="random3[IOS_4_iPhone 3Gs_opera_15]" classname="se.redmind.rmtest.selenium.example.RandomClass5(20150317-080346)" time="1.0125312"/>
<testcase name="random3[OSX_10.9.5_UNKNOWN_firefox_31]" classname="se.redmind.rmtest.selenium.example.RandomClass5(20150317-080346)" time="0.93290436"/>
<testcase name="random3[OSX_10.9.5_UNKNOWN_chrome_42]" classname="se.redmind.rmtest.selenium.example.RandomClass5(20150317-080346)" time="0.23859203"/>
<testcase name="random3[OSX_10.9.5_UNKNOWN_explorer_10]" classname="se.redmind.rmtest.selenium.example.RandomClass5(20150317-080346)" time="0.14696097"/>
<testcase name="random3[OSX_10.9.5_UNKNOWN_opera_15]" classname="se.redmind.rmtest.selenium.example.RandomClass5(20150317-080346)" time="1.6758553">
	<failure type="java.lang.AssertionError:">java.lang.AssertionError: null
		at org.junit.Assert.fail(Assert.java:86)
		at org.junit.Assert.assertTrue(Assert.java:41)
		at org.junit.Assert.assertTrue(Assert.java:52)
		at se.redmind.rmtest.selenium.example.CreateRandomRes3.random14(CreateRandomRes3.java:128)
	</failure>
</testcase>
<testcase name="random3[Windows_8.1_UNKNOWN_firefox_31]" classname="se.redmind.rmtest.selenium.example.RandomClass5(20150317-080346)" time="1.5226446"/>
<testcase name="random3[Windows_8.1_UNKNOWN_chrome_42]" classname="se.redmind.rmtest.selenium.example.RandomClass5(20150317-080346)" time="1.7537681">
	<failure type="java.lang.AssertionError:">java.lang.AssertionError: null
		at org.junit.Assert.fail(Assert.java:86)
		at org.junit.Assert.assertTrue(Assert.java:41)
		at org.junit.Assert.assertTrue(Assert.java:52)
		at se.redmind.rmtest.selenium.example.CreateRandomRes3.random14(CreateRandomRes3.java:128)
	</failure>
</testcase>
<testcase name="random3[Windows_8.1_UNKNOWN_explorer_10]" classname="se.redmind.rmtest.selenium.example.RandomClass5(20150317-080346)" time="1.9019852">
	<failure type="java.lang.AssertionError:">java.lang.AssertionError: null
		at org.junit.Assert.fail(Assert.java:86)
		at org.junit.Assert.assertTrue(Assert.java:41)
		at org.junit.Assert.assertTrue(Assert.java:52)
		at se.redmind.rmtest.selenium.example.CreateRandomRes3.random14(CreateRandomRes3.java:128)
	</failure>
</testcase>
<testcase name="random3[Windows_8.1_UNKNOWN_opera_15]" classname="se.redmind.rmtest.selenium.example.RandomClass5(20150317-080346)" time="1.4575145"/>
<testcase name="random3[Ubuntu_14.04_UNKNOWN_firefox_31]" classname="se.redmind.rmtest.selenium.example.RandomClass5(20150317-080346)" time="0.37703454">
	<failure type="java.lang.AssertionError:">java.lang.AssertionError: null
		at org.junit.Assert.fail(Assert.java:86)
		at org.junit.Assert.assertTrue(Assert.java:41)
		at org.junit.Assert.assertTrue(Assert.java:52)
		at se.redmind.rmtest.selenium.example.CreateRandomRes3.random14(CreateRandomRes3.java:128)
	</failure>
</testcase>
<testcase name="random3[Ubuntu_14.04_UNKNOWN_chrome_42]" classname="se.redmind.rmtest.selenium.example.RandomClass5(20150317-080346)" time="1.1678709">
	<failure type="java.lang.AssertionError:">java.lang.AssertionError: null
		at org.junit.Assert.fail(Assert.java:86)
		at org.junit.Assert.assertTrue(Assert.java:41)
		at org.junit.Assert.assertTrue(Assert.java:52)
		at se.redmind.rmtest.selenium.example.CreateRandomRes3.random14(CreateRandomRes3.java:128)
	</failure>
</testcase>
<testcase name="random3[Ubuntu_14.04_UNKNOWN_explorer_10]" classname="se.redmind.rmtest.selenium.example.RandomClass5(20150317-080346)" time="1.8723105">
	<failure type="java.lang.AssertionError:">java.lang.AssertionError: null
		at org.junit.Assert.fail(Assert.java:86)
		at org.junit.Assert.assertTrue(Assert.java:41)
		at org.junit.Assert.assertTrue(Assert.java:52)
		at se.redmind.rmtest.selenium.example.CreateRandomRes3.random14(CreateRandomRes3.java:128)
	</failure>
</testcase>
<testcase name="random3[Ubuntu_14.04_UNKNOWN_opera_15]" classname="se.redmind.rmtest.selenium.example.RandomClass5(20150317-080346)" time="1.011245">
	<failure type="java.lang.AssertionError:">java.lang.AssertionError: null
		at org.junit.Assert.fail(Assert.java:86)
		at org.junit.Assert.assertTrue(Assert.java:41)
		at org.junit.Assert.assertTrue(Assert.java:52)
		at se.redmind.rmtest.selenium.example.CreateRandomRes3.random14(CreateRandomRes3.java:128)
	</failure>
</testcase>
<testcase name="random3[Ubuntu_12.10_UNKNOWN_firefox_31]" classname="se.redmind.rmtest.selenium.example.RandomClass5(20150317-080346)" time="0.61728">
	<failure type="java.lang.AssertionError:">java.lang.AssertionError: null
		at org.junit.Assert.fail(Assert.java:86)
		at org.junit.Assert.assertTrue(Assert.java:41)
		at org.junit.Assert.assertTrue(Assert.java:52)
		at se.redmind.rmtest.selenium.example.CreateRandomRes3.random14(CreateRandomRes3.java:128)
	</failure>
</testcase>
<testcase name="random3[Ubuntu_12.10_UNKNOWN_chrome_42]" classname="se.redmind.rmtest.selenium.example.RandomClass5(20150317-080346)" time="0.20729852"/>
<testcase name="random3[Ubuntu_12.10_UNKNOWN_explorer_10]" classname="se.redmind.rmtest.selenium.example.RandomClass5(20150317-080346)" time="1.5403807">
	<failure type="java.lang.AssertionError:">java.lang.AssertionError: null
		at org.junit.Assert.fail(Assert.java:86)
		at org.junit.Assert.assertTrue(Assert.java:41)
		at org.junit.Assert.assertTrue(Assert.java:52)
		at se.redmind.rmtest.selenium.example.CreateRandomRes3.random14(CreateRandomRes3.java:128)
	</failure>
</testcase>
<testcase name="random3[Ubuntu_12.10_UNKNOWN_opera_15]" classname="se.redmind.rmtest.selenium.example.RandomClass5(20150317-080346)" time="0.015899777"/>
<testcase name="random4[Android_2.3_VeiVei_firefox_31]" classname="se.redmind.rmtest.selenium.example.RandomClass5(20150317-080346)" time="1.8284981">
	<failure type="java.lang.AssertionError:">java.lang.AssertionError: null
		at org.junit.Assert.fail(Assert.java:86)
		at org.junit.Assert.assertTrue(Assert.java:41)
		at org.junit.Assert.assertTrue(Assert.java:52)
		at se.redmind.rmtest.selenium.example.CreateRandomRes3.random14(CreateRandomRes3.java:128)
	</failure>
</testcase>
<testcase name="random4[Android_2.3_VeiVei_chrome_42]" classname="se.redmind.rmtest.selenium.example.RandomClass5(20150317-080346)" time="1.8035362"/>
<testcase name="random4[Android_2.3_VeiVei_explorer_10]" classname="se.redmind.rmtest.selenium.example.RandomClass5(20150317-080346)" time="0.70398545">
	<failure type="java.lang.AssertionError:">java.lang.AssertionError: null
		at org.junit.Assert.fail(Assert.java:86)
		at org.junit.Assert.assertTrue(Assert.java:41)
		at org.junit.Assert.assertTrue(Assert.java:52)
		at se.redmind.rmtest.selenium.example.CreateRandomRes3.random14(CreateRandomRes3.java:128)
	</failure>
</testcase>
<testcase name="random4[Android_2.3_VeiVei_opera_15]" classname="se.redmind.rmtest.selenium.example.RandomClass5(20150317-080346)" time="0.88387585">
	<failure type="java.lang.AssertionError:">java.lang.AssertionError: null
		at org.junit.Assert.fail(Assert.java:86)
		at org.junit.Assert.assertTrue(Assert.java:41)
		at org.junit.Assert.assertTrue(Assert.java:52)
		at se.redmind.rmtest.selenium.example.CreateRandomRes3.random14(CreateRandomRes3.java:128)
	</failure>
</testcase>
<testcase name="random4[Android_4.4.4_Sony Experia Z3_firefox_31]" classname="se.redmind.rmtest.selenium.example.RandomClass5(20150317-080346)" time="0.39381576">
	<failure type="java.lang.AssertionError:">java.lang.AssertionError: null
		at org.junit.Assert.fail(Assert.java:86)
		at org.junit.Assert.assertTrue(Assert.java:41)
		at org.junit.Assert.assertTrue(Assert.java:52)
		at se.redmind.rmtest.selenium.example.CreateRandomRes3.random14(CreateRandomRes3.java:128)
	</failure>
</testcase>
<testcase name="random4[Android_4.4.4_Sony Experia Z3_chrome_42]" classname="se.redmind.rmtest.selenium.example.RandomClass5(20150317-080346)" time="0.026907802"/>
<testcase name="random4[Android_4.4.4_Sony Experia Z3_explorer_10]" classname="se.redmind.rmtest.selenium.example.RandomClass5(20150317-080346)" time="0.98897994">
	<failure type="java.lang.AssertionError:">java.lang.AssertionError: null
		at org.junit.Assert.fail(Assert.java:86)
		at org.junit.Assert.assertTrue(Assert.java:41)
		at org.junit.Assert.assertTrue(Assert.java:52)
		at se.redmind.rmtest.selenium.example.CreateRandomRes3.random14(CreateRandomRes3.java:128)
	</failure>
</testcase>
<testcase name="random4[Android_4.4.4_Sony Experia Z3_opera_15]" classname="se.redmind.rmtest.selenium.example.RandomClass5(20150317-080346)" time="1.7168279">
	<failure type="java.lang.AssertionError:">java.lang.AssertionError: null
		at org.junit.Assert.fail(Assert.java:86)
		at org.junit.Assert.assertTrue(Assert.java:41)
		at org.junit.Assert.assertTrue(Assert.java:52)
		at se.redmind.rmtest.selenium.example.CreateRandomRes3.random14(CreateRandomRes3.java:128)
	</failure>
</testcase>
<testcase name="random4[IOS_8.2_iPhone 6_firefox_31]" classname="se.redmind.rmtest.selenium.example.RandomClass5(20150317-080346)" time="1.5358188">
	<failure type="java.lang.AssertionError:">java.lang.AssertionError: null
		at org.junit.Assert.fail(Assert.java:86)
		at org.junit.Assert.assertTrue(Assert.java:41)
		at org.junit.Assert.assertTrue(Assert.java:52)
		at se.redmind.rmtest.selenium.example.CreateRandomRes3.random14(CreateRandomRes3.java:128)
	</failure>
</testcase>
<testcase name="random4[IOS_8.2_iPhone 6_chrome_42]" classname="se.redmind.rmtest.selenium.example.RandomClass5(20150317-080346)" time="0.23429906">
	<failure type="java.lang.AssertionError:">java.lang.AssertionError: null
		at org.junit.Assert.fail(Assert.java:86)
		at org.junit.Assert.assertTrue(Assert.java:41)
		at org.junit.Assert.assertTrue(Assert.java:52)
		at se.redmind.rmtest.selenium.example.CreateRandomRes3.random14(CreateRandomRes3.java:128)
	</failure>
</testcase>
<testcase name="random4[IOS_8.2_iPhone 6_explorer_10]" classname="se.redmind.rmtest.selenium.example.RandomClass5(20150317-080346)" time="0.62653446"/>
<testcase name="random4[IOS_8.2_iPhone 6_opera_15]" classname="se.redmind.rmtest.selenium.example.RandomClass5(20150317-080346)" time="0.48929584"/>
<testcase name="random4[IOS_4_iPhone 3Gs_firefox_31]" classname="se.redmind.rmtest.selenium.example.RandomClass5(20150317-080346)" time="1.332872">
	<failure type="java.lang.AssertionError:">java.lang.AssertionError: null
		at org.junit.Assert.fail(Assert.java:86)
		at org.junit.Assert.assertTrue(Assert.java:41)
		at org.junit.Assert.assertTrue(Assert.java:52)
		at se.redmind.rmtest.selenium.example.CreateRandomRes3.random14(CreateRandomRes3.java:128)
	</failure>
</testcase>
<testcase name="random4[IOS_4_iPhone 3Gs_chrome_42]" classname="se.redmind.rmtest.selenium.example.RandomClass5(20150317-080346)" time="1.1065406">
	<failure type="java.lang.AssertionError:">java.lang.AssertionError: null
		at org.junit.Assert.fail(Assert.java:86)
		at org.junit.Assert.assertTrue(Assert.java:41)
		at org.junit.Assert.assertTrue(Assert.java:52)
		at se.redmind.rmtest.selenium.example.CreateRandomRes3.random14(CreateRandomRes3.java:128)
	</failure>
</testcase>
<testcase name="random4[IOS_4_iPhone 3Gs_explorer_10]" classname="se.redmind.rmtest.selenium.example.RandomClass5(20150317-080346)" time="0.72871864">
	<failure type="java.lang.AssertionError:">java.lang.AssertionError: null
		at org.junit.Assert.fail(Assert.java:86)
		at org.junit.Assert.assertTrue(Assert.java:41)
		at org.junit.Assert.assertTrue(Assert.java:52)
		at se.redmind.rmtest.selenium.example.CreateRandomRes3.random14(CreateRandomRes3.java:128)
	</failure>
</testcase>
<testcase name="random4[IOS_4_iPhone 3Gs_opera_15]" classname="se.redmind.rmtest.selenium.example.RandomClass5(20150317-080346)" time="1.8822849"/>
<testcase name="random4[OSX_10.9.5_UNKNOWN_firefox_31]" classname="se.redmind.rmtest.selenium.example.RandomClass5(20150317-080346)" time="1.0232078">
	<failure type="java.lang.AssertionError:">java.lang.AssertionError: null
		at org.junit.Assert.fail(Assert.java:86)
		at org.junit.Assert.assertTrue(Assert.java:41)
		at org.junit.Assert.assertTrue(Assert.java:52)
		at se.redmind.rmtest.selenium.example.CreateRandomRes3.random14(CreateRandomRes3.java:128)
	</failure>
</testcase>
<testcase name="random4[OSX_10.9.5_UNKNOWN_chrome_42]" classname="se.redmind.rmtest.selenium.example.RandomClass5(20150317-080346)" time="1.4082367">
	<failure type="java.lang.AssertionError:">java.lang.AssertionError: null
		at org.junit.Assert.fail(Assert.java:86)
		at org.junit.Assert.assertTrue(Assert.java:41)
		at org.junit.Assert.assertTrue(Assert.java:52)
		at se.redmind.rmtest.selenium.example.CreateRandomRes3.random14(CreateRandomRes3.java:128)
	</failure>
</testcase>
<testcase name="random4[OSX_10.9.5_UNKNOWN_explorer_10]" classname="se.redmind.rmtest.selenium.example.RandomClass5(20150317-080346)" time="1.3253355"/>
<testcase name="random4[OSX_10.9.5_UNKNOWN_opera_15]" classname="se.redmind.rmtest.selenium.example.RandomClass5(20150317-080346)" time="1.3425959">
	<failure type="java.lang.AssertionError:">java.lang.AssertionError: null
		at org.junit.Assert.fail(Assert.java:86)
		at org.junit.Assert.assertTrue(Assert.java:41)
		at org.junit.Assert.assertTrue(Assert.java:52)
		at se.redmind.rmtest.selenium.example.CreateRandomRes3.random14(CreateRandomRes3.java:128)
	</failure>
</testcase>
<testcase name="random4[Windows_8.1_UNKNOWN_firefox_31]" classname="se.redmind.rmtest.selenium.example.RandomClass5(20150317-080346)" time="0.7873274"/>
<testcase name="random4[Windows_8.1_UNKNOWN_chrome_42]" classname="se.redmind.rmtest.selenium.example.RandomClass5(20150317-080346)" time="0.63757956"/>
<testcase name="random4[Windows_8.1_UNKNOWN_explorer_10]" classname="se.redmind.rmtest.selenium.example.RandomClass5(20150317-080346)" time="0.89596534">
	<failure type="java.lang.AssertionError:">java.lang.AssertionError: null
		at org.junit.Assert.fail(Assert.java:86)
		at org.junit.Assert.assertTrue(Assert.java:41)
		at org.junit.Assert.assertTrue(Assert.java:52)
		at se.redmind.rmtest.selenium.example.CreateRandomRes3.random14(CreateRandomRes3.java:128)
	</failure>
</testcase>
<testcase name="random4[Windows_8.1_UNKNOWN_opera_15]" classname="se.redmind.rmtest.selenium.example.RandomClass5(20150317-080346)" time="1.3246893"/>
<testcase name="random4[Ubuntu_14.04_UNKNOWN_firefox_31]" classname="se.redmind.rmtest.selenium.example.RandomClass5(20150317-080346)" time="0.059747458"/>
<testcase name="random4[Ubuntu_14.04_UNKNOWN_chrome_42]" classname="se.redmind.rmtest.selenium.example.RandomClass5(20150317-080346)" time="0.6686466"/>
<testcase name="random4[Ubuntu_14.04_UNKNOWN_explorer_10]" classname="se.redmind.rmtest.selenium.example.RandomClass5(20150317-080346)" time="0.9575403">
	<failure type="java.lang.AssertionError:">java.lang.AssertionError: null
		at org.junit.Assert.fail(Assert.java:86)
		at org.junit.Assert.assertTrue(Assert.java:41)
		at org.junit.Assert.assertTrue(Assert.java:52)
		at se.redmind.rmtest.selenium.example.CreateRandomRes3.random14(CreateRandomRes3.java:128)
	</failure>
</testcase>
<testcase name="random4[Ubuntu_14.04_UNKNOWN_opera_15]" classname="se.redmind.rmtest.selenium.example.RandomClass5(20150317-080346)" time="0.55662906">
	<failure type="java.lang.AssertionError:">java.lang.AssertionError: null
		at org.junit.Assert.fail(Assert.java:86)
		at org.junit.Assert.assertTrue(Assert.java:41)
		at org.junit.Assert.assertTrue(Assert.java:52)
		at se.redmind.rmtest.selenium.example.CreateRandomRes3.random14(CreateRandomRes3.java:128)
	</failure>
</testcase>
<testcase name="random4[Ubuntu_12.10_UNKNOWN_firefox_31]" classname="se.redmind.rmtest.selenium.example.RandomClass5(20150317-080346)" time="1.6506358"/>
<testcase name="random4[Ubuntu_12.10_UNKNOWN_chrome_42]" classname="se.redmind.rmtest.selenium.example.RandomClass5(20150317-080346)" time="0.5497321">
	<failure type="java.lang.AssertionError:">java.lang.AssertionError: null
		at org.junit.Assert.fail(Assert.java:86)
		at org.junit.Assert.assertTrue(Assert.java:41)
		at org.junit.Assert.assertTrue(Assert.java:52)
		at se.redmind.rmtest.selenium.example.CreateRandomRes3.random14(CreateRandomRes3.java:128)
	</failure>
</testcase>
<testcase name="random4[Ubuntu_12.10_UNKNOWN_explorer_10]" classname="se.redmind.rmtest.selenium.example.RandomClass5(20150317-080346)" time="0.87609696"/>
<testcase name="random4[Ubuntu_12.10_UNKNOWN_opera_15]" classname="se.redmind.rmtest.selenium.example.RandomClass5(20150317-080346)" time="1.2415038"/>
<testcase name="random1[Android_4.4.4_HTC ONE_firefox_31]" classname="se.redmind.rmtest.selenium.example.RandomClass6(20150317-080346)" time="1.6530843">
	<failure type="java.lang.AssertionError:">java.lang.AssertionError: null
		at org.junit.Assert.fail(Assert.java:86)
		at org.junit.Assert.assertTrue(Assert.java:41)
		at org.junit.Assert.assertTrue(Assert.java:52)
		at se.redmind.rmtest.selenium.example.CreateRandomRes3.random14(CreateRandomRes3.java:128)
	</failure>
</testcase>
<testcase name="random1[Android_4.4.4_HTC ONE_chrome_42]" classname="se.redmind.rmtest.selenium.example.RandomClass6(20150317-080346)" time="1.8090323">
	<failure type="java.lang.AssertionError:">java.lang.AssertionError: null
		at org.junit.Assert.fail(Assert.java:86)
		at org.junit.Assert.assertTrue(Assert.java:41)
		at org.junit.Assert.assertTrue(Assert.java:52)
		at se.redmind.rmtest.selenium.example.CreateRandomRes3.random14(CreateRandomRes3.java:128)
	</failure>
</testcase>
<testcase name="random1[Android_4.4.4_HTC ONE_explorer_10]" classname="se.redmind.rmtest.selenium.example.RandomClass6(20150317-080346)" time="1.8585644">
	<failure type="java.lang.AssertionError:">java.lang.AssertionError: null
		at org.junit.Assert.fail(Assert.java:86)
		at org.junit.Assert.assertTrue(Assert.java:41)
		at org.junit.Assert.assertTrue(Assert.java:52)
		at se.redmind.rmtest.selenium.example.CreateRandomRes3.random14(CreateRandomRes3.java:128)
	</failure>
</testcase>
<testcase name="random1[Android_4.4.4_HTC ONE_opera_15]" classname="se.redmind.rmtest.selenium.example.RandomClass6(20150317-080346)" time="0.32767045"/>
<testcase name="random1[Android_5.1_Nexus 6_firefox_31]" classname="se.redmind.rmtest.selenium.example.RandomClass6(20150317-080346)" time="1.8792722"/>
<testcase name="random1[Android_5.1_Nexus 6_chrome_42]" classname="se.redmind.rmtest.selenium.example.RandomClass6(20150317-080346)" time="0.111599326">
	<failure type="java.lang.AssertionError:">java.lang.AssertionError: null
		at org.junit.Assert.fail(Assert.java:86)
		at org.junit.Assert.assertTrue(Assert.java:41)
		at org.junit.Assert.assertTrue(Assert.java:52)
		at se.redmind.rmtest.selenium.example.CreateRandomRes3.random14(CreateRandomRes3.java:128)
	</failure>
</testcase>
<testcase name="random1[Android_5.1_Nexus 6_explorer_10]" classname="se.redmind.rmtest.selenium.example.RandomClass6(20150317-080346)" time="1.9300666"/>
<testcase name="random1[Android_5.1_Nexus 6_opera_15]" classname="se.redmind.rmtest.selenium.example.RandomClass6(20150317-080346)" time="0.116568804"/>
<testcase name="random1[Android_2.3_VeiVei_firefox_31]" classname="se.redmind.rmtest.selenium.example.RandomClass6(20150317-080346)" time="1.2172936">
	<failure type="java.lang.AssertionError:">java.lang.AssertionError: null
		at org.junit.Assert.fail(Assert.java:86)
		at org.junit.Assert.assertTrue(Assert.java:41)
		at org.junit.Assert.assertTrue(Assert.java:52)
		at se.redmind.rmtest.selenium.example.CreateRandomRes3.random14(CreateRandomRes3.java:128)
	</failure>
</testcase>
<testcase name="random1[Android_2.3_VeiVei_chrome_42]" classname="se.redmind.rmtest.selenium.example.RandomClass6(20150317-080346)" time="0.27577138">
	<failure type="java.lang.AssertionError:">java.lang.AssertionError: null
		at org.junit.Assert.fail(Assert.java:86)
		at org.junit.Assert.assertTrue(Assert.java:41)
		at org.junit.Assert.assertTrue(Assert.java:52)
		at se.redmind.rmtest.selenium.example.CreateRandomRes3.random14(CreateRandomRes3.java:128)
	</failure>
</testcase>
<testcase name="random1[Android_2.3_VeiVei_explorer_10]" classname="se.redmind.rmtest.selenium.example.RandomClass6(20150317-080346)" time="0.5507699">
	<failure type="java.lang.AssertionError:">java.lang.AssertionError: null
		at org.junit.Assert.fail(Assert.java:86)
		at org.junit.Assert.assertTrue(Assert.java:41)
		at org.junit.Assert.assertTrue(Assert.java:52)
		at se.redmind.rmtest.selenium.example.CreateRandomRes3.random14(CreateRandomRes3.java:128)
	</failure>
</testcase>
<testcase name="random1[Android_2.3_VeiVei_opera_15]" classname="se.redmind.rmtest.selenium.example.RandomClass6(20150317-080346)" time="0.95107126">
	<failure type="java.lang.AssertionError:">java.lang.AssertionError: null
		at org.junit.Assert.fail(Assert.java:86)
		at org.junit.Assert.assertTrue(Assert.java:41)
		at org.junit.Assert.assertTrue(Assert.java:52)
		at se.redmind.rmtest.selenium.example.CreateRandomRes3.random14(CreateRandomRes3.java:128)
	</failure>
</testcase>
<testcase name="random1[Android_4.4.4_Sony Experia Z3_firefox_31]" classname="se.redmind.rmtest.selenium.example.RandomClass6(20150317-080346)" time="1.411764">
	<failure type="java.lang.AssertionError:">java.lang.AssertionError: null
		at org.junit.Assert.fail(Assert.java:86)
		at org.junit.Assert.assertTrue(Assert.java:41)
		at org.junit.Assert.assertTrue(Assert.java:52)
		at se.redmind.rmtest.selenium.example.CreateRandomRes3.random14(CreateRandomRes3.java:128)
	</failure>
</testcase>
<testcase name="random1[Android_4.4.4_Sony Experia Z3_chrome_42]" classname="se.redmind.rmtest.selenium.example.RandomClass6(20150317-080346)" time="0.19585538"/>
<testcase name="random1[Android_4.4.4_Sony Experia Z3_explorer_10]" classname="se.redmind.rmtest.selenium.example.RandomClass6(20150317-080346)" time="1.2658764"/>
<testcase name="random1[Android_4.4.4_Sony Experia Z3_opera_15]" classname="se.redmind.rmtest.selenium.example.RandomClass6(20150317-080346)" time="1.9395144">
	<failure type="java.lang.AssertionError:">java.lang.AssertionError: null
		at org.junit.Assert.fail(Assert.java:86)
		at org.junit.Assert.assertTrue(Assert.java:41)
		at org.junit.Assert.assertTrue(Assert.java:52)
		at se.redmind.rmtest.selenium.example.CreateRandomRes3.random14(CreateRandomRes3.java:128)
	</failure>
</testcase>
<testcase name="random1[OSX_10.9.5_UNKNOWN_firefox_31]" classname="se.redmind.rmtest.selenium.example.RandomClass6(20150317-080346)" time="0.08708203">
	<failure type="java.lang.AssertionError:">java.lang.AssertionError: null
		at org.junit.Assert.fail(Assert.java:86)
		at org.junit.Assert.assertTrue(Assert.java:41)
		at org.junit.Assert.assertTrue(Assert.java:52)
		at se.redmind.rmtest.selenium.example.CreateRandomRes3.random14(CreateRandomRes3.java:128)
	</failure>
</testcase>
<testcase name="random1[OSX_10.9.5_UNKNOWN_chrome_42]" classname="se.redmind.rmtest.selenium.example.RandomClass6(20150317-080346)" time="0.8663287"/>
<testcase name="random1[OSX_10.9.5_UNKNOWN_explorer_10]" classname="se.redmind.rmtest.selenium.example.RandomClass6(20150317-080346)" time="0.8584634"/>
<testcase name="random1[OSX_10.9.5_UNKNOWN_opera_15]" classname="se.redmind.rmtest.selenium.example.RandomClass6(20150317-080346)" time="1.6384403">
	<error type="java.lang.AssertionError:">java.lang.AssertionError: null
		at org.junit.Assert.fail(Assert.java:86)
		at org.junit.Assert.assertTrue(Assert.java:41)
		at org.junit.Assert.assertTrue(Assert.java:52)
		at se.redmind.rmtest.selenium.example.CreateRandomRes3.random14(CreateRandomRes3.java:128)
	</error>
</testcase>
<testcase name="random1[Windows_8.1_UNKNOWN_firefox_31]" classname="se.redmind.rmtest.selenium.example.RandomClass6(20150317-080346)" time="0.38208914"/>
<testcase name="random1[Windows_8.1_UNKNOWN_chrome_42]" classname="se.redmind.rmtest.selenium.example.RandomClass6(20150317-080346)" time="0.5130992">
	<failure type="java.lang.AssertionError:">java.lang.AssertionError: null
		at org.junit.Assert.fail(Assert.java:86)
		at org.junit.Assert.assertTrue(Assert.java:41)
		at org.junit.Assert.assertTrue(Assert.java:52)
		at se.redmind.rmtest.selenium.example.CreateRandomRes3.random14(CreateRandomRes3.java:128)
	</failure>
</testcase>
<testcase name="random1[Windows_8.1_UNKNOWN_explorer_10]" classname="se.redmind.rmtest.selenium.example.RandomClass6(20150317-080346)" time="1.4837266">
	<failure type="java.lang.AssertionError:">java.lang.AssertionError: null
		at org.junit.Assert.fail(Assert.java:86)
		at org.junit.Assert.assertTrue(Assert.java:41)
		at org.junit.Assert.assertTrue(Assert.java:52)
		at se.redmind.rmtest.selenium.example.CreateRandomRes3.random14(CreateRandomRes3.java:128)
	</failure>
</testcase>
<testcase name="random1[Windows_8.1_UNKNOWN_opera_15]" classname="se.redmind.rmtest.selenium.example.RandomClass6(20150317-080346)" time="0.2720654"/>
<testcase name="random1[Windows_10_UNKNOWN_firefox_31]" classname="se.redmind.rmtest.selenium.example.RandomClass6(20150317-080346)" time="1.142706"/>
<testcase name="random1[Windows_10_UNKNOWN_chrome_42]" classname="se.redmind.rmtest.selenium.example.RandomClass6(20150317-080346)" time="0.4185338">
	<failure type="java.lang.AssertionError:">java.lang.AssertionError: null
		at org.junit.Assert.fail(Assert.java:86)
		at org.junit.Assert.assertTrue(Assert.java:41)
		at org.junit.Assert.assertTrue(Assert.java:52)
		at se.redmind.rmtest.selenium.example.CreateRandomRes3.random14(CreateRandomRes3.java:128)
	</failure>
</testcase>
<testcase name="random1[Windows_10_UNKNOWN_explorer_10]" classname="se.redmind.rmtest.selenium.example.RandomClass6(20150317-080346)" time="1.8526042">
	<failure type="java.lang.AssertionError:">java.lang.AssertionError: null
		at org.junit.Assert.fail(Assert.java:86)
		at org.junit.Assert.assertTrue(Assert.java:41)
		at org.junit.Assert.assertTrue(Assert.java:52)
		at se.redmind.rmtest.selenium.example.CreateRandomRes3.random14(CreateRandomRes3.java:128)
	</failure>
</testcase>
<testcase name="random1[Windows_10_UNKNOWN_opera_15]" classname="se.redmind.rmtest.selenium.example.RandomClass6(20150317-080346)" time="0.60966384"/>
<testcase name="random2[Android_4.4.4_HTC ONE_firefox_31]" classname="se.redmind.rmtest.selenium.example.RandomClass6(20150317-080346)" time="0.78514075">
	<failure type="java.lang.AssertionError:">java.lang.AssertionError: null
		at org.junit.Assert.fail(Assert.java:86)
		at org.junit.Assert.assertTrue(Assert.java:41)
		at org.junit.Assert.assertTrue(Assert.java:52)
		at se.redmind.rmtest.selenium.example.CreateRandomRes3.random14(CreateRandomRes3.java:128)
	</failure>
</testcase>
<testcase name="random2[Android_4.4.4_HTC ONE_chrome_42]" classname="se.redmind.rmtest.selenium.example.RandomClass6(20150317-080346)" time="1.4051411">
	<failure type="java.lang.AssertionError:">java.lang.AssertionError: null
		at org.junit.Assert.fail(Assert.java:86)
		at org.junit.Assert.assertTrue(Assert.java:41)
		at org.junit.Assert.assertTrue(Assert.java:52)
		at se.redmind.rmtest.selenium.example.CreateRandomRes3.random14(CreateRandomRes3.java:128)
	</failure>
</testcase>
<testcase name="random2[Android_4.4.4_HTC ONE_explorer_10]" classname="se.redmind.rmtest.selenium.example.RandomClass6(20150317-080346)" time="0.98772347"/>
<testcase name="random2[Android_4.4.4_HTC ONE_opera_15]" classname="se.redmind.rmtest.selenium.example.RandomClass6(20150317-080346)" time="1.4056869"/>
<testcase name="random2[Android_5.1_Nexus 6_firefox_31]" classname="se.redmind.rmtest.selenium.example.RandomClass6(20150317-080346)" time="1.0268257"/>
<testcase name="random2[Android_5.1_Nexus 6_chrome_42]" classname="se.redmind.rmtest.selenium.example.RandomClass6(20150317-080346)" time="1.4714894"/>
<testcase name="random2[Android_5.1_Nexus 6_explorer_10]" classname="se.redmind.rmtest.selenium.example.RandomClass6(20150317-080346)" time="1.629414"/>
<testcase name="random2[Android_5.1_Nexus 6_opera_15]" classname="se.redmind.rmtest.selenium.example.RandomClass6(20150317-080346)" time="1.5319303">
	<failure type="java.lang.AssertionError:">java.lang.AssertionError: null
		at org.junit.Assert.fail(Assert.java:86)
		at org.junit.Assert.assertTrue(Assert.java:41)
		at org.junit.Assert.assertTrue(Assert.java:52)
		at se.redmind.rmtest.selenium.example.CreateRandomRes3.random14(CreateRandomRes3.java:128)
	</failure>
</testcase>
<testcase name="random2[Android_2.3_VeiVei_firefox_31]" classname="se.redmind.rmtest.selenium.example.RandomClass6(20150317-080346)" time="0.11064541">
	<failure type="java.lang.AssertionError:">java.lang.AssertionError: null
		at org.junit.Assert.fail(Assert.java:86)
		at org.junit.Assert.assertTrue(Assert.java:41)
		at org.junit.Assert.assertTrue(Assert.java:52)
		at se.redmind.rmtest.selenium.example.CreateRandomRes3.random14(CreateRandomRes3.java:128)
	</failure>
</testcase>
<testcase name="random2[Android_2.3_VeiVei_chrome_42]" classname="se.redmind.rmtest.selenium.example.RandomClass6(20150317-080346)" time="1.7255168">
	<failure type="java.lang.AssertionError:">java.lang.AssertionError: null
		at org.junit.Assert.fail(Assert.java:86)
		at org.junit.Assert.assertTrue(Assert.java:41)
		at org.junit.Assert.assertTrue(Assert.java:52)
		at se.redmind.rmtest.selenium.example.CreateRandomRes3.random14(CreateRandomRes3.java:128)
	</failure>
</testcase>
<testcase name="random2[Android_2.3_VeiVei_explorer_10]" classname="se.redmind.rmtest.selenium.example.RandomClass6(20150317-080346)" time="0.7467456"/>
<testcase name="random2[Android_2.3_VeiVei_opera_15]" classname="se.redmind.rmtest.selenium.example.RandomClass6(20150317-080346)" time="0.9198594"/>
<testcase name="random2[Android_4.4.4_Sony Experia Z3_firefox_31]" classname="se.redmind.rmtest.selenium.example.RandomClass6(20150317-080346)" time="0.63073957"/>
<testcase name="random2[Android_4.4.4_Sony Experia Z3_chrome_42]" classname="se.redmind.rmtest.selenium.example.RandomClass6(20150317-080346)" time="0.8511126"/>
<testcase name="random2[Android_4.4.4_Sony Experia Z3_explorer_10]" classname="se.redmind.rmtest.selenium.example.RandomClass6(20150317-080346)" time="0.19617784">
	<failure type="java.lang.AssertionError:">java.lang.AssertionError: null
		at org.junit.Assert.fail(Assert.java:86)
		at org.junit.Assert.assertTrue(Assert.java:41)
		at org.junit.Assert.assertTrue(Assert.java:52)
		at se.redmind.rmtest.selenium.example.CreateRandomRes3.random14(CreateRandomRes3.java:128)
	</failure>
</testcase>
<testcase name="random2[Android_4.4.4_Sony Experia Z3_opera_15]" classname="se.redmind.rmtest.selenium.example.RandomClass6(20150317-080346)" time="0.7059208"/>
<testcase name="random2[OSX_10.9.5_UNKNOWN_firefox_31]" classname="se.redmind.rmtest.selenium.example.RandomClass6(20150317-080346)" time="0.17017877">
	<failure type="java.lang.AssertionError:">java.lang.AssertionError: null
		at org.junit.Assert.fail(Assert.java:86)
		at org.junit.Assert.assertTrue(Assert.java:41)
		at org.junit.Assert.assertTrue(Assert.java:52)
		at se.redmind.rmtest.selenium.example.CreateRandomRes3.random14(CreateRandomRes3.java:128)
	</failure>
</testcase>
<testcase name="random2[OSX_10.9.5_UNKNOWN_chrome_42]" classname="se.redmind.rmtest.selenium.example.RandomClass6(20150317-080346)" time="0.95251584">
	<failure type="java.lang.AssertionError:">java.lang.AssertionError: null
		at org.junit.Assert.fail(Assert.java:86)
		at org.junit.Assert.assertTrue(Assert.java:41)
		at org.junit.Assert.assertTrue(Assert.java:52)
		at se.redmind.rmtest.selenium.example.CreateRandomRes3.random14(CreateRandomRes3.java:128)
	</failure>
</testcase>
<testcase name="random2[OSX_10.9.5_UNKNOWN_explorer_10]" classname="se.redmind.rmtest.selenium.example.RandomClass6(20150317-080346)" time="1.9339877">
	<failure type="java.lang.AssertionError:">java.lang.AssertionError: null
		at org.junit.Assert.fail(Assert.java:86)
		at org.junit.Assert.assertTrue(Assert.java:41)
		at org.junit.Assert.assertTrue(Assert.java:52)
		at se.redmind.rmtest.selenium.example.CreateRandomRes3.random14(CreateRandomRes3.java:128)
	</failure>
</testcase>
<testcase name="random2[OSX_10.9.5_UNKNOWN_opera_15]" classname="se.redmind.rmtest.selenium.example.RandomClass6(20150317-080346)" time="1.5679375">
	<failure type="java.lang.AssertionError:">java.lang.AssertionError: null
		at org.junit.Assert.fail(Assert.java:86)
		at org.junit.Assert.assertTrue(Assert.java:41)
		at org.junit.Assert.assertTrue(Assert.java:52)
		at se.redmind.rmtest.selenium.example.CreateRandomRes3.random14(CreateRandomRes3.java:128)
	</failure>
</testcase>
<testcase name="random2[Windows_8.1_UNKNOWN_firefox_31]" classname="se.redmind.rmtest.selenium.example.RandomClass6(20150317-080346)" time="0.16326523"/>
<testcase name="random2[Windows_8.1_UNKNOWN_chrome_42]" classname="se.redmind.rmtest.selenium.example.RandomClass6(20150317-080346)" time="1.4924531"/>
<testcase name="random2[Windows_8.1_UNKNOWN_explorer_10]" classname="se.redmind.rmtest.selenium.example.RandomClass6(20150317-080346)" time="1.5504947"/>
<testcase name="random2[Windows_8.1_UNKNOWN_opera_15]" classname="se.redmind.rmtest.selenium.example.RandomClass6(20150317-080346)" time="0.5135467">
	<failure type="java.lang.AssertionError:">java.lang.AssertionError: null
		at org.junit.Assert.fail(Assert.java:86)
		at org.junit.Assert.assertTrue(Assert.java:41)
		at org.junit.Assert.assertTrue(Assert.java:52)
		at se.redmind.rmtest.selenium.example.CreateRandomRes3.random14(CreateRandomRes3.java:128)
	</failure>
</testcase>
<testcase name="random2[Windows_10_UNKNOWN_firefox_31]" classname="se.redmind.rmtest.selenium.example.RandomClass6(20150317-080346)" time="1.8382875"/>
<testcase name="random2[Windows_10_UNKNOWN_chrome_42]" classname="se.redmind.rmtest.selenium.example.RandomClass6(20150317-080346)" time="1.870204"/>
<testcase name="random2[Windows_10_UNKNOWN_explorer_10]" classname="se.redmind.rmtest.selenium.example.RandomClass6(20150317-080346)" time="1.8137321"/>
<testcase name="random2[Windows_10_UNKNOWN_opera_15]" classname="se.redmind.rmtest.selenium.example.RandomClass6(20150317-080346)" time="0.27723384">
	<failure type="java.lang.AssertionError:">java.lang.AssertionError: null
		at org.junit.Assert.fail(Assert.java:86)
		at org.junit.Assert.assertTrue(Assert.java:41)
		at org.junit.Assert.assertTrue(Assert.java:52)
		at se.redmind.rmtest.selenium.example.CreateRandomRes3.random14(CreateRandomRes3.java:128)
	</failure>
</testcase>
<testcase name="random3[Android_4.4.4_HTC ONE_firefox_31]" classname="se.redmind.rmtest.selenium.example.RandomClass6(20150317-080346)" time="1.9116048"/>
<testcase name="random3[Android_4.4.4_HTC ONE_chrome_42]" classname="se.redmind.rmtest.selenium.example.RandomClass6(20150317-080346)" time="0.041929483">
	<failure type="java.lang.AssertionError:">java.lang.AssertionError: null
		at org.junit.Assert.fail(Assert.java:86)
		at org.junit.Assert.assertTrue(Assert.java:41)
		at org.junit.Assert.assertTrue(Assert.java:52)
		at se.redmind.rmtest.selenium.example.CreateRandomRes3.random14(CreateRandomRes3.java:128)
	</failure>
</testcase>
<testcase name="random3[Android_4.4.4_HTC ONE_explorer_10]" classname="se.redmind.rmtest.selenium.example.RandomClass6(20150317-080346)" time="1.5074599">
	<error type="java.lang.AssertionError:">java.lang.AssertionError: null
		at org.junit.Assert.fail(Assert.java:86)
		at org.junit.Assert.assertTrue(Assert.java:41)
		at org.junit.Assert.assertTrue(Assert.java:52)
		at se.redmind.rmtest.selenium.example.CreateRandomRes3.random14(CreateRandomRes3.java:128)
	</error>
</testcase>
<testcase name="random3[Android_4.4.4_HTC ONE_opera_15]" classname="se.redmind.rmtest.selenium.example.RandomClass6(20150317-080346)" time="0.69114757">
	<failure type="java.lang.AssertionError:">java.lang.AssertionError: null
		at org.junit.Assert.fail(Assert.java:86)
		at org.junit.Assert.assertTrue(Assert.java:41)
		at org.junit.Assert.assertTrue(Assert.java:52)
		at se.redmind.rmtest.selenium.example.CreateRandomRes3.random14(CreateRandomRes3.java:128)
	</failure>
</testcase>
<testcase name="random3[Android_5.1_Nexus 6_firefox_31]" classname="se.redmind.rmtest.selenium.example.RandomClass6(20150317-080346)" time="1.1748381"/>
<testcase name="random3[Android_5.1_Nexus 6_chrome_42]" classname="se.redmind.rmtest.selenium.example.RandomClass6(20150317-080346)" time="1.2510728">
	<failure type="java.lang.AssertionError:">java.lang.AssertionError: null
		at org.junit.Assert.fail(Assert.java:86)
		at org.junit.Assert.assertTrue(Assert.java:41)
		at org.junit.Assert.assertTrue(Assert.java:52)
		at se.redmind.rmtest.selenium.example.CreateRandomRes3.random14(CreateRandomRes3.java:128)
	</failure>
</testcase>
<testcase name="random3[Android_5.1_Nexus 6_explorer_10]" classname="se.redmind.rmtest.selenium.example.RandomClass6(20150317-080346)" time="1.8505839">
	<failure type="java.lang.AssertionError:">java.lang.AssertionError: null
		at org.junit.Assert.fail(Assert.java:86)
		at org.junit.Assert.assertTrue(Assert.java:41)
		at org.junit.Assert.assertTrue(Assert.java:52)
		at se.redmind.rmtest.selenium.example.CreateRandomRes3.random14(CreateRandomRes3.java:128)
	</failure>
</testcase>
<testcase name="random3[Android_5.1_Nexus 6_opera_15]" classname="se.redmind.rmtest.selenium.example.RandomClass6(20150317-080346)" time="1.8202201">
	<failure type="java.lang.AssertionError:">java.lang.AssertionError: null
		at org.junit.Assert.fail(Assert.java:86)
		at org.junit.Assert.assertTrue(Assert.java:41)
		at org.junit.Assert.assertTrue(Assert.java:52)
		at se.redmind.rmtest.selenium.example.CreateRandomRes3.random14(CreateRandomRes3.java:128)
	</failure>
</testcase>
<testcase name="random3[Android_2.3_VeiVei_firefox_31]" classname="se.redmind.rmtest.selenium.example.RandomClass6(20150317-080346)" time="0.51350164">
	<failure type="java.lang.AssertionError:">java.lang.AssertionError: null
		at org.junit.Assert.fail(Assert.java:86)
		at org.junit.Assert.assertTrue(Assert.java:41)
		at org.junit.Assert.assertTrue(Assert.java:52)
		at se.redmind.rmtest.selenium.example.CreateRandomRes3.random14(CreateRandomRes3.java:128)
	</failure>
</testcase>
<testcase name="random3[Android_2.3_VeiVei_chrome_42]" classname="se.redmind.rmtest.selenium.example.RandomClass6(20150317-080346)" time="1.5555837"/>
<testcase name="random3[Android_2.3_VeiVei_explorer_10]" classname="se.redmind.rmtest.selenium.example.RandomClass6(20150317-080346)" time="0.58988655">
	<failure type="java.lang.AssertionError:">java.lang.AssertionError: null
		at org.junit.Assert.fail(Assert.java:86)
		at org.junit.Assert.assertTrue(Assert.java:41)
		at org.junit.Assert.assertTrue(Assert.java:52)
		at se.redmind.rmtest.selenium.example.CreateRandomRes3.random14(CreateRandomRes3.java:128)
	</failure>
</testcase>
<testcase name="random3[Android_2.3_VeiVei_opera_15]" classname="se.redmind.rmtest.selenium.example.RandomClass6(20150317-080346)" time="0.51807284">
	<failure type="java.lang.AssertionError:">java.lang.AssertionError: null
		at org.junit.Assert.fail(Assert.java:86)
		at org.junit.Assert.assertTrue(Assert.java:41)
		at org.junit.Assert.assertTrue(Assert.java:52)
		at se.redmind.rmtest.selenium.example.CreateRandomRes3.random14(CreateRandomRes3.java:128)
	</failure>
</testcase>
<testcase name="random3[Android_4.4.4_Sony Experia Z3_firefox_31]" classname="se.redmind.rmtest.selenium.example.RandomClass6(20150317-080346)" time="1.7278156"/>
<testcase name="random3[Android_4.4.4_Sony Experia Z3_chrome_42]" classname="se.redmind.rmtest.selenium.example.RandomClass6(20150317-080346)" time="0.10744965"/>
<testcase name="random3[Android_4.4.4_Sony Experia Z3_explorer_10]" classname="se.redmind.rmtest.selenium.example.RandomClass6(20150317-080346)" time="0.8498459">
	<failure type="java.lang.AssertionError:">java.lang.AssertionError: null
		at org.junit.Assert.fail(Assert.java:86)
		at org.junit.Assert.assertTrue(Assert.java:41)
		at org.junit.Assert.assertTrue(Assert.java:52)
		at se.redmind.rmtest.selenium.example.CreateRandomRes3.random14(CreateRandomRes3.java:128)
	</failure>
</testcase>
<testcase name="random3[Android_4.4.4_Sony Experia Z3_opera_15]" classname="se.redmind.rmtest.selenium.example.RandomClass6(20150317-080346)" time="0.3682903"/>
<testcase name="random3[OSX_10.9.5_UNKNOWN_firefox_31]" classname="se.redmind.rmtest.selenium.example.RandomClass6(20150317-080346)" time="0.8936826"/>
<testcase name="random3[OSX_10.9.5_UNKNOWN_chrome_42]" classname="se.redmind.rmtest.selenium.example.RandomClass6(20150317-080346)" time="1.1735137">
	<failure type="java.lang.AssertionError:">java.lang.AssertionError: null
		at org.junit.Assert.fail(Assert.java:86)
		at org.junit.Assert.assertTrue(Assert.java:41)
		at org.junit.Assert.assertTrue(Assert.java:52)
		at se.redmind.rmtest.selenium.example.CreateRandomRes3.random14(CreateRandomRes3.java:128)
	</failure>
</testcase>
<testcase name="random3[OSX_10.9.5_UNKNOWN_explorer_10]" classname="se.redmind.rmtest.selenium.example.RandomClass6(20150317-080346)" time="0.97302055">
	<failure type="java.lang.AssertionError:">java.lang.AssertionError: null
		at org.junit.Assert.fail(Assert.java:86)
		at org.junit.Assert.assertTrue(Assert.java:41)
		at org.junit.Assert.assertTrue(Assert.java:52)
		at se.redmind.rmtest.selenium.example.CreateRandomRes3.random14(CreateRandomRes3.java:128)
	</failure>
</testcase>
<testcase name="random3[OSX_10.9.5_UNKNOWN_opera_15]" classname="se.redmind.rmtest.selenium.example.RandomClass6(20150317-080346)" time="1.1136678"/>
<testcase name="random3[Windows_8.1_UNKNOWN_firefox_31]" classname="se.redmind.rmtest.selenium.example.RandomClass6(20150317-080346)" time="1.1410809"/>
<testcase name="random3[Windows_8.1_UNKNOWN_chrome_42]" classname="se.redmind.rmtest.selenium.example.RandomClass6(20150317-080346)" time="0.98471093">
	<failure type="java.lang.AssertionError:">java.lang.AssertionError: null
		at org.junit.Assert.fail(Assert.java:86)
		at org.junit.Assert.assertTrue(Assert.java:41)
		at org.junit.Assert.assertTrue(Assert.java:52)
		at se.redmind.rmtest.selenium.example.CreateRandomRes3.random14(CreateRandomRes3.java:128)
	</failure>
</testcase>
<testcase name="random3[Windows_8.1_UNKNOWN_explorer_10]" classname="se.redmind.rmtest.selenium.example.RandomClass6(20150317-080346)" time="1.8699783">
	<failure type="java.lang.AssertionError:">java.lang.AssertionError: null
		at org.junit.Assert.fail(Assert.java:86)
		at org.junit.Assert.assertTrue(Assert.java:41)
		at org.junit.Assert.assertTrue(Assert.java:52)
		at se.redmind.rmtest.selenium.example.CreateRandomRes3.random14(CreateRandomRes3.java:128)
	</failure>
</testcase>
<testcase name="random3[Windows_8.1_UNKNOWN_opera_15]" classname="se.redmind.rmtest.selenium.example.RandomClass6(20150317-080346)" time="0.8912418"/>
<testcase name="random3[Windows_10_UNKNOWN_firefox_31]" classname="se.redmind.rmtest.selenium.example.RandomClass6(20150317-080346)" time="0.7856473">
	<failure type="java.lang.AssertionError:">java.lang.AssertionError: null
		at org.junit.Assert.fail(Assert.java:86)
		at org.junit.Assert.assertTrue(Assert.java:41)
		at org.junit.Assert.assertTrue(Assert.java:52)
		at se.redmind.rmtest.selenium.example.CreateRandomRes3.random14(CreateRandomRes3.java:128)
	</failure>
</testcase>
<testcase name="random3[Windows_10_UNKNOWN_chrome_42]" classname="se.redmind.rmtest.selenium.example.RandomClass6(20150317-080346)" time="0.37187886"/>
<testcase name="random3[Windows_10_UNKNOWN_explorer_10]" classname="se.redmind.rmtest.selenium.example.RandomClass6(20150317-080346)" time="1.6480528">
	<failure type="java.lang.AssertionError:">java.lang.AssertionError: null
		at org.junit.Assert.fail(Assert.java:86)
		at org.junit.Assert.assertTrue(Assert.java:41)
		at org.junit.Assert.assertTrue(Assert.java:52)
		at se.redmind.rmtest.selenium.example.CreateRandomRes3.random14(CreateRandomRes3.java:128)
	</failure>
</testcase>
<testcase name="random3[Windows_10_UNKNOWN_opera_15]" classname="se.redmind.rmtest.selenium.example.RandomClass6(20150317-080346)" time="1.9555868">
	<failure type="java.lang.AssertionError:">java.lang.AssertionError: null
		at org.junit.Assert.fail(Assert.java:86)
		at org.junit.Assert.assertTrue(Assert.java:41)
		at org.junit.Assert.assertTrue(Assert.java:52)
		at se.redmind.rmtest.selenium.example.CreateRandomRes3.random14(CreateRandomRes3.java:128)
	</failure>
</testcase>
<testcase name="random4[Android_4.4.4_HTC ONE_firefox_31]" classname="se.redmind.rmtest.selenium.example.RandomClass6(20150317-080346)" time="0.8717551"/>
<testcase name="random4[Android_4.4.4_HTC ONE_chrome_42]" classname="se.redmind.rmtest.selenium.example.RandomClass6(20150317-080346)" time="1.5819575">
	<error type="java.lang.AssertionError:">java.lang.AssertionError: null
		at org.junit.Assert.fail(Assert.java:86)
		at org.junit.Assert.assertTrue(Assert.java:41)
		at org.junit.Assert.assertTrue(Assert.java:52)
		at se.redmind.rmtest.selenium.example.CreateRandomRes3.random14(CreateRandomRes3.java:128)
	</error>
</testcase>
<testcase name="random4[Android_4.4.4_HTC ONE_explorer_10]" classname="se.redmind.rmtest.selenium.example.RandomClass6(20150317-080346)" time="1.5033534"/>
<testcase name="random4[Android_4.4.4_HTC ONE_opera_15]" classname="se.redmind.rmtest.selenium.example.RandomClass6(20150317-080346)" time="0.27238536"/>
<testcase name="random4[Android_5.1_Nexus 6_firefox_31]" classname="se.redmind.rmtest.selenium.example.RandomClass6(20150317-080346)" time="0.32083"/>
<testcase name="random4[Android_5.1_Nexus 6_chrome_42]" classname="se.redmind.rmtest.selenium.example.RandomClass6(20150317-080346)" time="1.6499219">
	<error type="java.lang.AssertionError:">java.lang.AssertionError: null
		at org.junit.Assert.fail(Assert.java:86)
		at org.junit.Assert.assertTrue(Assert.java:41)
		at org.junit.Assert.assertTrue(Assert.java:52)
		at se.redmind.rmtest.selenium.example.CreateRandomRes3.random14(CreateRandomRes3.java:128)
	</error>
</testcase>
<testcase name="random4[Android_5.1_Nexus 6_explorer_10]" classname="se.redmind.rmtest.selenium.example.RandomClass6(20150317-080346)" time="0.19252801"/>
<testcase name="random4[Android_5.1_Nexus 6_opera_15]" classname="se.redmind.rmtest.selenium.example.RandomClass6(20150317-080346)" time="0.94119847"/>
<testcase name="random4[Android_2.3_VeiVei_firefox_31]" classname="se.redmind.rmtest.selenium.example.RandomClass6(20150317-080346)" time="0.9555819"/>
<testcase name="random4[Android_2.3_VeiVei_chrome_42]" classname="se.redmind.rmtest.selenium.example.RandomClass6(20150317-080346)" time="0.8069793"/>
<testcase name="random4[Android_2.3_VeiVei_explorer_10]" classname="se.redmind.rmtest.selenium.example.RandomClass6(20150317-080346)" time="1.8241225">
	<failure type="java.lang.AssertionError:">java.lang.AssertionError: null
		at org.junit.Assert.fail(Assert.java:86)
		at org.junit.Assert.assertTrue(Assert.java:41)
		at org.junit.Assert.assertTrue(Assert.java:52)
		at se.redmind.rmtest.selenium.example.CreateRandomRes3.random14(CreateRandomRes3.java:128)
	</failure>
</testcase>
<testcase name="random4[Android_2.3_VeiVei_opera_15]" classname="se.redmind.rmtest.selenium.example.RandomClass6(20150317-080346)" time="1.7090985"/>
<testcase name="random4[Android_4.4.4_Sony Experia Z3_firefox_31]" classname="se.redmind.rmtest.selenium.example.RandomClass6(20150317-080346)" time="1.8060244">
	<failure type="java.lang.AssertionError:">java.lang.AssertionError: null
		at org.junit.Assert.fail(Assert.java:86)
		at org.junit.Assert.assertTrue(Assert.java:41)
		at org.junit.Assert.assertTrue(Assert.java:52)
		at se.redmind.rmtest.selenium.example.CreateRandomRes3.random14(CreateRandomRes3.java:128)
	</failure>
</testcase>
<testcase name="random4[Android_4.4.4_Sony Experia Z3_chrome_42]" classname="se.redmind.rmtest.selenium.example.RandomClass6(20150317-080346)" time="1.5836427">
	<failure type="java.lang.AssertionError:">java.lang.AssertionError: null
		at org.junit.Assert.fail(Assert.java:86)
		at org.junit.Assert.assertTrue(Assert.java:41)
		at org.junit.Assert.assertTrue(Assert.java:52)
		at se.redmind.rmtest.selenium.example.CreateRandomRes3.random14(CreateRandomRes3.java:128)
	</failure>
</testcase>
<testcase name="random4[Android_4.4.4_Sony Experia Z3_explorer_10]" classname="se.redmind.rmtest.selenium.example.RandomClass6(20150317-080346)" time="0.48918748">
	<error type="java.lang.AssertionError:">java.lang.AssertionError: null
		at org.junit.Assert.fail(Assert.java:86)
		at org.junit.Assert.assertTrue(Assert.java:41)
		at org.junit.Assert.assertTrue(Assert.java:52)
		at se.redmind.rmtest.selenium.example.CreateRandomRes3.random14(CreateRandomRes3.java:128)
	</error>
</testcase>
<testcase name="random4[Android_4.4.4_Sony Experia Z3_opera_15]" classname="se.redmind.rmtest.selenium.example.RandomClass6(20150317-080346)" time="1.6710826"/>
<testcase name="random4[OSX_10.9.5_UNKNOWN_firefox_31]" classname="se.redmind.rmtest.selenium.example.RandomClass6(20150317-080346)" time="1.5417004">
	<failure type="java.lang.AssertionError:">java.lang.AssertionError: null
		at org.junit.Assert.fail(Assert.java:86)
		at org.junit.Assert.assertTrue(Assert.java:41)
		at org.junit.Assert.assertTrue(Assert.java:52)
		at se.redmind.rmtest.selenium.example.CreateRandomRes3.random14(CreateRandomRes3.java:128)
	</failure>
</testcase>
<testcase name="random4[OSX_10.9.5_UNKNOWN_chrome_42]" classname="se.redmind.rmtest.selenium.example.RandomClass6(20150317-080346)" time="0.45953858"/>
<testcase name="random4[OSX_10.9.5_UNKNOWN_explorer_10]" classname="se.redmind.rmtest.selenium.example.RandomClass6(20150317-080346)" time="1.0431002">
	<failure type="java.lang.AssertionError:">java.lang.AssertionError: null
		at org.junit.Assert.fail(Assert.java:86)
		at org.junit.Assert.assertTrue(Assert.java:41)
		at org.junit.Assert.assertTrue(Assert.java:52)
		at se.redmind.rmtest.selenium.example.CreateRandomRes3.random14(CreateRandomRes3.java:128)
	</failure>
</testcase>
<testcase name="random4[OSX_10.9.5_UNKNOWN_opera_15]" classname="se.redmind.rmtest.selenium.example.RandomClass6(20150317-080346)" time="1.0620023">
	<failure type="java.lang.AssertionError:">java.lang.AssertionError: null
		at org.junit.Assert.fail(Assert.java:86)
		at org.junit.Assert.assertTrue(Assert.java:41)
		at org.junit.Assert.assertTrue(Assert.java:52)
		at se.redmind.rmtest.selenium.example.CreateRandomRes3.random14(CreateRandomRes3.java:128)
	</failure>
</testcase>
<testcase name="random4[Windows_8.1_UNKNOWN_firefox_31]" classname="se.redmind.rmtest.selenium.example.RandomClass6(20150317-080346)" time="1.8087056">
	<failure type="java.lang.AssertionError:">java.lang.AssertionError: null
		at org.junit.Assert.fail(Assert.java:86)
		at org.junit.Assert.assertTrue(Assert.java:41)
		at org.junit.Assert.assertTrue(Assert.java:52)
		at se.redmind.rmtest.selenium.example.CreateRandomRes3.random14(CreateRandomRes3.java:128)
	</failure>
</testcase>
<testcase name="random4[Windows_8.1_UNKNOWN_chrome_42]" classname="se.redmind.rmtest.selenium.example.RandomClass6(20150317-080346)" time="1.9432367">
	<failure type="java.lang.AssertionError:">java.lang.AssertionError: null
		at org.junit.Assert.fail(Assert.java:86)
		at org.junit.Assert.assertTrue(Assert.java:41)
		at org.junit.Assert.assertTrue(Assert.java:52)
		at se.redmind.rmtest.selenium.example.CreateRandomRes3.random14(CreateRandomRes3.java:128)
	</failure>
</testcase>
<testcase name="random4[Windows_8.1_UNKNOWN_explorer_10]" classname="se.redmind.rmtest.selenium.example.RandomClass6(20150317-080346)" time="0.45486093">
	<failure type="java.lang.AssertionError:">java.lang.AssertionError: null
		at org.junit.Assert.fail(Assert.java:86)
		at org.junit.Assert.assertTrue(Assert.java:41)
		at org.junit.Assert.assertTrue(Assert.java:52)
		at se.redmind.rmtest.selenium.example.CreateRandomRes3.random14(CreateRandomRes3.java:128)
	</failure>
</testcase>
<testcase name="random4[Windows_8.1_UNKNOWN_opera_15]" classname="se.redmind.rmtest.selenium.example.RandomClass6(20150317-080346)" time="0.67278755">
	<failure type="java.lang.AssertionError:">java.lang.AssertionError: null
		at org.junit.Assert.fail(Assert.java:86)
		at org.junit.Assert.assertTrue(Assert.java:41)
		at org.junit.Assert.assertTrue(Assert.java:52)
		at se.redmind.rmtest.selenium.example.CreateRandomRes3.random14(CreateRandomRes3.java:128)
	</failure>
</testcase>
<testcase name="random4[Windows_10_UNKNOWN_firefox_31]" classname="se.redmind.rmtest.selenium.example.RandomClass6(20150317-080346)" time="0.44256186"/>
<testcase name="random4[Windows_10_UNKNOWN_chrome_42]" classname="se.redmind.rmtest.selenium.example.RandomClass6(20150317-080346)" time="1.1634858">
	<failure type="java.lang.AssertionError:">java.lang.AssertionError: null
		at org.junit.Assert.fail(Assert.java:86)
		at org.junit.Assert.assertTrue(Assert.java:41)
		at org.junit.Assert.assertTrue(Assert.java:52)
		at se.redmind.rmtest.selenium.example.CreateRandomRes3.random14(CreateRandomRes3.java:128)
	</failure>
</testcase>
<testcase name="random4[Windows_10_UNKNOWN_explorer_10]" classname="se.redmind.rmtest.selenium.example.RandomClass6(20150317-080346)" time="0.0997535">
	<failure type="java.lang.AssertionError:">java.lang.AssertionError: null
		at org.junit.Assert.fail(Assert.java:86)
		at org.junit.Assert.assertTrue(Assert.java:41)
		at org.junit.Assert.assertTrue(Assert.java:52)
		at se.redmind.rmtest.selenium.example.CreateRandomRes3.random14(CreateRandomRes3.java:128)
	</failure>
</testcase>
<testcase name="random4[Windows_10_UNKNOWN_opera_15]" classname="se.redmind.rmtest.selenium.example.RandomClass6(20150317-080346)" time="1.4767766"/>
<testcase name="random1[Android_4.4.4_HTC ONE_firefox_31]" classname="se.redmind.rmtest.selenium.example.RandomClass7(20150317-080346)" time="0.5544672">
	<failure type="java.lang.AssertionError:">java.lang.AssertionError: null
		at org.junit.Assert.fail(Assert.java:86)
		at org.junit.Assert.assertTrue(Assert.java:41)
		at org.junit.Assert.assertTrue(Assert.java:52)
		at se.redmind.rmtest.selenium.example.CreateRandomRes3.random14(CreateRandomRes3.java:128)
	</failure>
</testcase>
<testcase name="random1[Android_4.4.4_HTC ONE_chrome_42]" classname="se.redmind.rmtest.selenium.example.RandomClass7(20150317-080346)" time="1.0138373"/>
<testcase name="random1[Android_4.4.4_HTC ONE_explorer_10]" classname="se.redmind.rmtest.selenium.example.RandomClass7(20150317-080346)" time="1.0155597">
	<failure type="java.lang.AssertionError:">java.lang.AssertionError: null
		at org.junit.Assert.fail(Assert.java:86)
		at org.junit.Assert.assertTrue(Assert.java:41)
		at org.junit.Assert.assertTrue(Assert.java:52)
		at se.redmind.rmtest.selenium.example.CreateRandomRes3.random14(CreateRandomRes3.java:128)
	</failure>
</testcase>
<testcase name="random1[Android_4.4.4_HTC ONE_opera_15]" classname="se.redmind.rmtest.selenium.example.RandomClass7(20150317-080346)" time="0.42204642"/>
<testcase name="random1[Android_5.1_Nexus 6_firefox_31]" classname="se.redmind.rmtest.selenium.example.RandomClass7(20150317-080346)" time="0.9151176"/>
<testcase name="random1[Android_5.1_Nexus 6_chrome_42]" classname="se.redmind.rmtest.selenium.example.RandomClass7(20150317-080346)" time="0.07032478"/>
<testcase name="random1[Android_5.1_Nexus 6_explorer_10]" classname="se.redmind.rmtest.selenium.example.RandomClass7(20150317-080346)" time="0.93390584"/>
<testcase name="random1[Android_5.1_Nexus 6_opera_15]" classname="se.redmind.rmtest.selenium.example.RandomClass7(20150317-080346)" time="1.6549324">
	<failure type="java.lang.AssertionError:">java.lang.AssertionError: null
		at org.junit.Assert.fail(Assert.java:86)
		at org.junit.Assert.assertTrue(Assert.java:41)
		at org.junit.Assert.assertTrue(Assert.java:52)
		at se.redmind.rmtest.selenium.example.CreateRandomRes3.random14(CreateRandomRes3.java:128)
	</failure>
</testcase>
<testcase name="random1[Android_2.3_VeiVei_firefox_31]" classname="se.redmind.rmtest.selenium.example.RandomClass7(20150317-080346)" time="0.8689064">
	<failure type="java.lang.AssertionError:">java.lang.AssertionError: null
		at org.junit.Assert.fail(Assert.java:86)
		at org.junit.Assert.assertTrue(Assert.java:41)
		at org.junit.Assert.assertTrue(Assert.java:52)
		at se.redmind.rmtest.selenium.example.CreateRandomRes3.random14(CreateRandomRes3.java:128)
	</failure>
</testcase>
<testcase name="random1[Android_2.3_VeiVei_chrome_42]" classname="se.redmind.rmtest.selenium.example.RandomClass7(20150317-080346)" time="0.57035756">
	<failure type="java.lang.AssertionError:">java.lang.AssertionError: null
		at org.junit.Assert.fail(Assert.java:86)
		at org.junit.Assert.assertTrue(Assert.java:41)
		at org.junit.Assert.assertTrue(Assert.java:52)
		at se.redmind.rmtest.selenium.example.CreateRandomRes3.random14(CreateRandomRes3.java:128)
	</failure>
</testcase>
<testcase name="random1[Android_2.3_VeiVei_explorer_10]" classname="se.redmind.rmtest.selenium.example.RandomClass7(20150317-080346)" time="1.7274911">
	<failure type="java.lang.AssertionError:">java.lang.AssertionError: null
		at org.junit.Assert.fail(Assert.java:86)
		at org.junit.Assert.assertTrue(Assert.java:41)
		at org.junit.Assert.assertTrue(Assert.java:52)
		at se.redmind.rmtest.selenium.example.CreateRandomRes3.random14(CreateRandomRes3.java:128)
	</failure>
</testcase>
<testcase name="random1[Android_2.3_VeiVei_opera_15]" classname="se.redmind.rmtest.selenium.example.RandomClass7(20150317-080346)" time="1.4337072"/>
<testcase name="random1[IOS_8.2_iPhone 6_firefox_31]" classname="se.redmind.rmtest.selenium.example.RandomClass7(20150317-080346)" time="0.819087">
	<failure type="java.lang.AssertionError:">java.lang.AssertionError: null
		at org.junit.Assert.fail(Assert.java:86)
		at org.junit.Assert.assertTrue(Assert.java:41)
		at org.junit.Assert.assertTrue(Assert.java:52)
		at se.redmind.rmtest.selenium.example.CreateRandomRes3.random14(CreateRandomRes3.java:128)
	</failure>
</testcase>
<testcase name="random1[IOS_8.2_iPhone 6_chrome_42]" classname="se.redmind.rmtest.selenium.example.RandomClass7(20150317-080346)" time="1.7269139"/>
<testcase name="random1[IOS_8.2_iPhone 6_explorer_10]" classname="se.redmind.rmtest.selenium.example.RandomClass7(20150317-080346)" time="1.8252552">
	<failure type="java.lang.AssertionError:">java.lang.AssertionError: null
		at org.junit.Assert.fail(Assert.java:86)
		at org.junit.Assert.assertTrue(Assert.java:41)
		at org.junit.Assert.assertTrue(Assert.java:52)
		at se.redmind.rmtest.selenium.example.CreateRandomRes3.random14(CreateRandomRes3.java:128)
	</failure>
</testcase>
<testcase name="random1[IOS_8.2_iPhone 6_opera_15]" classname="se.redmind.rmtest.selenium.example.RandomClass7(20150317-080346)" time="0.57630587">
	<failure type="java.lang.AssertionError:">java.lang.AssertionError: null
		at org.junit.Assert.fail(Assert.java:86)
		at org.junit.Assert.assertTrue(Assert.java:41)
		at org.junit.Assert.assertTrue(Assert.java:52)
		at se.redmind.rmtest.selenium.example.CreateRandomRes3.random14(CreateRandomRes3.java:128)
	</failure>
</testcase>
<testcase name="random1[IOS_4_iPhone 3Gs_firefox_31]" classname="se.redmind.rmtest.selenium.example.RandomClass7(20150317-080346)" time="0.8418071">
	<error type="java.lang.AssertionError:">java.lang.AssertionError: null
		at org.junit.Assert.fail(Assert.java:86)
		at org.junit.Assert.assertTrue(Assert.java:41)
		at org.junit.Assert.assertTrue(Assert.java:52)
		at se.redmind.rmtest.selenium.example.CreateRandomRes3.random14(CreateRandomRes3.java:128)
	</error>
</testcase>
<testcase name="random1[IOS_4_iPhone 3Gs_chrome_42]" classname="se.redmind.rmtest.selenium.example.RandomClass7(20150317-080346)" time="1.4905565">
	<failure type="java.lang.AssertionError:">java.lang.AssertionError: null
		at org.junit.Assert.fail(Assert.java:86)
		at org.junit.Assert.assertTrue(Assert.java:41)
		at org.junit.Assert.assertTrue(Assert.java:52)
		at se.redmind.rmtest.selenium.example.CreateRandomRes3.random14(CreateRandomRes3.java:128)
	</failure>
</testcase>
<testcase name="random1[IOS_4_iPhone 3Gs_explorer_10]" classname="se.redmind.rmtest.selenium.example.RandomClass7(20150317-080346)" time="0.5910742"/>
<testcase name="random1[IOS_4_iPhone 3Gs_opera_15]" classname="se.redmind.rmtest.selenium.example.RandomClass7(20150317-080346)" time="0.15468669"/>
<testcase name="random1[Windows_8.1_UNKNOWN_firefox_31]" classname="se.redmind.rmtest.selenium.example.RandomClass7(20150317-080346)" time="0.8132564">
	<failure type="java.lang.AssertionError:">java.lang.AssertionError: null
		at org.junit.Assert.fail(Assert.java:86)
		at org.junit.Assert.assertTrue(Assert.java:41)
		at org.junit.Assert.assertTrue(Assert.java:52)
		at se.redmind.rmtest.selenium.example.CreateRandomRes3.random14(CreateRandomRes3.java:128)
	</failure>
</testcase>
<testcase name="random1[Windows_8.1_UNKNOWN_chrome_42]" classname="se.redmind.rmtest.selenium.example.RandomClass7(20150317-080346)" time="1.9940726">
	<failure type="java.lang.AssertionError:">java.lang.AssertionError: null
		at org.junit.Assert.fail(Assert.java:86)
		at org.junit.Assert.assertTrue(Assert.java:41)
		at org.junit.Assert.assertTrue(Assert.java:52)
		at se.redmind.rmtest.selenium.example.CreateRandomRes3.random14(CreateRandomRes3.java:128)
	</failure>
</testcase>
<testcase name="random1[Windows_8.1_UNKNOWN_explorer_10]" classname="se.redmind.rmtest.selenium.example.RandomClass7(20150317-080346)" time="0.568159"/>
<testcase name="random1[Windows_8.1_UNKNOWN_opera_15]" classname="se.redmind.rmtest.selenium.example.RandomClass7(20150317-080346)" time="1.7239594"/>
<testcase name="random1[Windows_10_UNKNOWN_firefox_31]" classname="se.redmind.rmtest.selenium.example.RandomClass7(20150317-080346)" time="0.36818182"/>
<testcase name="random1[Windows_10_UNKNOWN_chrome_42]" classname="se.redmind.rmtest.selenium.example.RandomClass7(20150317-080346)" time="0.53486085">
	<failure type="java.lang.AssertionError:">java.lang.AssertionError: null
		at org.junit.Assert.fail(Assert.java:86)
		at org.junit.Assert.assertTrue(Assert.java:41)
		at org.junit.Assert.assertTrue(Assert.java:52)
		at se.redmind.rmtest.selenium.example.CreateRandomRes3.random14(CreateRandomRes3.java:128)
	</failure>
</testcase>
<testcase name="random1[Windows_10_UNKNOWN_explorer_10]" classname="se.redmind.rmtest.selenium.example.RandomClass7(20150317-080346)" time="1.6055459"/>
<testcase name="random1[Windows_10_UNKNOWN_opera_15]" classname="se.redmind.rmtest.selenium.example.RandomClass7(20150317-080346)" time="1.4372426">
	<failure type="java.lang.AssertionError:">java.lang.AssertionError: null
		at org.junit.Assert.fail(Assert.java:86)
		at org.junit.Assert.assertTrue(Assert.java:41)
		at org.junit.Assert.assertTrue(Assert.java:52)
		at se.redmind.rmtest.selenium.example.CreateRandomRes3.random14(CreateRandomRes3.java:128)
	</failure>
</testcase>
<testcase name="random1[Ubuntu_14.04_UNKNOWN_firefox_31]" classname="se.redmind.rmtest.selenium.example.RandomClass7(20150317-080346)" time="1.3248557"/>
<testcase name="random1[Ubuntu_14.04_UNKNOWN_chrome_42]" classname="se.redmind.rmtest.selenium.example.RandomClass7(20150317-080346)" time="0.8735043">
	<failure type="java.lang.AssertionError:">java.lang.AssertionError: null
		at org.junit.Assert.fail(Assert.java:86)
		at org.junit.Assert.assertTrue(Assert.java:41)
		at org.junit.Assert.assertTrue(Assert.java:52)
		at se.redmind.rmtest.selenium.example.CreateRandomRes3.random14(CreateRandomRes3.java:128)
	</failure>
</testcase>
<testcase name="random1[Ubuntu_14.04_UNKNOWN_explorer_10]" classname="se.redmind.rmtest.selenium.example.RandomClass7(20150317-080346)" time="1.2362877">
	<failure type="java.lang.AssertionError:">java.lang.AssertionError: null
		at org.junit.Assert.fail(Assert.java:86)
		at org.junit.Assert.assertTrue(Assert.java:41)
		at org.junit.Assert.assertTrue(Assert.java:52)
		at se.redmind.rmtest.selenium.example.CreateRandomRes3.random14(CreateRandomRes3.java:128)
	</failure>
</testcase>
<testcase name="random1[Ubuntu_14.04_UNKNOWN_opera_15]" classname="se.redmind.rmtest.selenium.example.RandomClass7(20150317-080346)" time="1.6687357"/>
<testcase name="random1[Ubuntu_12.10_UNKNOWN_firefox_31]" classname="se.redmind.rmtest.selenium.example.RandomClass7(20150317-080346)" time="0.63174105"/>
<testcase name="random1[Ubuntu_12.10_UNKNOWN_chrome_42]" classname="se.redmind.rmtest.selenium.example.RandomClass7(20150317-080346)" time="1.6435436">
	<failure type="java.lang.AssertionError:">java.lang.AssertionError: null
		at org.junit.Assert.fail(Assert.java:86)
		at org.junit.Assert.assertTrue(Assert.java:41)
		at org.junit.Assert.assertTrue(Assert.java:52)
		at se.redmind.rmtest.selenium.example.CreateRandomRes3.random14(CreateRandomRes3.java:128)
	</failure>
</testcase>
<testcase name="random1[Ubuntu_12.10_UNKNOWN_explorer_10]" classname="se.redmind.rmtest.selenium.example.RandomClass7(20150317-080346)" time="0.64507914"/>
<testcase name="random1[Ubuntu_12.10_UNKNOWN_opera_15]" classname="se.redmind.rmtest.selenium.example.RandomClass7(20150317-080346)" time="1.6750056"/>
<testcase name="random2[Android_4.4.4_HTC ONE_firefox_31]" classname="se.redmind.rmtest.selenium.example.RandomClass7(20150317-080346)" time="0.6331092">
	<failure type="java.lang.AssertionError:">java.lang.AssertionError: null
		at org.junit.Assert.fail(Assert.java:86)
		at org.junit.Assert.assertTrue(Assert.java:41)
		at org.junit.Assert.assertTrue(Assert.java:52)
		at se.redmind.rmtest.selenium.example.CreateRandomRes3.random14(CreateRandomRes3.java:128)
	</failure>
</testcase>
<testcase name="random2[Android_4.4.4_HTC ONE_chrome_42]" classname="se.redmind.rmtest.selenium.example.RandomClass7(20150317-080346)" time="1.5992712"/>
<testcase name="random2[Android_4.4.4_HTC ONE_explorer_10]" classname="se.redmind.rmtest.selenium.example.RandomClass7(20150317-080346)" time="1.314671"/>
<testcase name="random2[Android_4.4.4_HTC ONE_opera_15]" classname="se.redmind.rmtest.selenium.example.RandomClass7(20150317-080346)" time="1.889328"/>
<testcase name="random2[Android_5.1_Nexus 6_firefox_31]" classname="se.redmind.rmtest.selenium.example.RandomClass7(20150317-080346)" time="0.4423113">
	<failure type="java.lang.AssertionError:">java.lang.AssertionError: null
		at org.junit.Assert.fail(Assert.java:86)
		at org.junit.Assert.assertTrue(Assert.java:41)
		at org.junit.Assert.assertTrue(Assert.java:52)
		at se.redmind.rmtest.selenium.example.CreateRandomRes3.random14(CreateRandomRes3.java:128)
	</failure>
</testcase>
<testcase name="random2[Android_5.1_Nexus 6_chrome_42]" classname="se.redmind.rmtest.selenium.example.RandomClass7(20150317-080346)" time="1.5437074"/>
<testcase name="random2[Android_5.1_Nexus 6_explorer_10]" classname="se.redmind.rmtest.selenium.example.RandomClass7(20150317-080346)" time="0.4203788"/>
<testcase name="random2[Android_5.1_Nexus 6_opera_15]" classname="se.redmind.rmtest.selenium.example.RandomClass7(20150317-080346)" time="1.4041908"/>
<testcase name="random2[Android_2.3_VeiVei_firefox_31]" classname="se.redmind.rmtest.selenium.example.RandomClass7(20150317-080346)" time="0.8541745">
	<failure type="java.lang.AssertionError:">java.lang.AssertionError: null
		at org.junit.Assert.fail(Assert.java:86)
		at org.junit.Assert.assertTrue(Assert.java:41)
		at org.junit.Assert.assertTrue(Assert.java:52)
		at se.redmind.rmtest.selenium.example.CreateRandomRes3.random14(CreateRandomRes3.java:128)
	</failure>
</testcase>
<testcase name="random2[Android_2.3_VeiVei_chrome_42]" classname="se.redmind.rmtest.selenium.example.RandomClass7(20150317-080346)" time="1.4445959">
	<failure type="java.lang.AssertionError:">java.lang.AssertionError: null
		at org.junit.Assert.fail(Assert.java:86)
		at org.junit.Assert.assertTrue(Assert.java:41)
		at org.junit.Assert.assertTrue(Assert.java:52)
		at se.redmind.rmtest.selenium.example.CreateRandomRes3.random14(CreateRandomRes3.java:128)
	</failure>
</testcase>
<testcase name="random2[Android_2.3_VeiVei_explorer_10]" classname="se.redmind.rmtest.selenium.example.RandomClass7(20150317-080346)" time="0.8571805"/>
<testcase name="random2[Android_2.3_VeiVei_opera_15]" classname="se.redmind.rmtest.selenium.example.RandomClass7(20150317-080346)" time="1.8118898">
	<failure type="java.lang.AssertionError:">java.lang.AssertionError: null
		at org.junit.Assert.fail(Assert.java:86)
		at org.junit.Assert.assertTrue(Assert.java:41)
		at org.junit.Assert.assertTrue(Assert.java:52)
		at se.redmind.rmtest.selenium.example.CreateRandomRes3.random14(CreateRandomRes3.java:128)
	</failure>
</testcase>
<testcase name="random2[IOS_8.2_iPhone 6_firefox_31]" classname="se.redmind.rmtest.selenium.example.RandomClass7(20150317-080346)" time="0.7080643">
	<failure type="java.lang.AssertionError:">java.lang.AssertionError: null
		at org.junit.Assert.fail(Assert.java:86)
		at org.junit.Assert.assertTrue(Assert.java:41)
		at org.junit.Assert.assertTrue(Assert.java:52)
		at se.redmind.rmtest.selenium.example.CreateRandomRes3.random14(CreateRandomRes3.java:128)
	</failure>
</testcase>
<testcase name="random2[IOS_8.2_iPhone 6_chrome_42]" classname="se.redmind.rmtest.selenium.example.RandomClass7(20150317-080346)" time="1.87006"/>
<testcase name="random2[IOS_8.2_iPhone 6_explorer_10]" classname="se.redmind.rmtest.selenium.example.RandomClass7(20150317-080346)" time="1.7014729"/>
<testcase name="random2[IOS_8.2_iPhone 6_opera_15]" classname="se.redmind.rmtest.selenium.example.RandomClass7(20150317-080346)" time="0.92764163">
	<failure type="java.lang.AssertionError:">java.lang.AssertionError: null
		at org.junit.Assert.fail(Assert.java:86)
		at org.junit.Assert.assertTrue(Assert.java:41)
		at org.junit.Assert.assertTrue(Assert.java:52)
		at se.redmind.rmtest.selenium.example.CreateRandomRes3.random14(CreateRandomRes3.java:128)
	</failure>
</testcase>
<testcase name="random2[IOS_4_iPhone 3Gs_firefox_31]" classname="se.redmind.rmtest.selenium.example.RandomClass7(20150317-080346)" time="0.49223328"/>
<testcase name="random2[IOS_4_iPhone 3Gs_chrome_42]" classname="se.redmind.rmtest.selenium.example.RandomClass7(20150317-080346)" time="1.7508978">
	<failure type="java.lang.AssertionError:">java.lang.AssertionError: null
		at org.junit.Assert.fail(Assert.java:86)
		at org.junit.Assert.assertTrue(Assert.java:41)
		at org.junit.Assert.assertTrue(Assert.java:52)
		at se.redmind.rmtest.selenium.example.CreateRandomRes3.random14(CreateRandomRes3.java:128)
	</failure>
</testcase>
<testcase name="random2[IOS_4_iPhone 3Gs_explorer_10]" classname="se.redmind.rmtest.selenium.example.RandomClass7(20150317-080346)" time="0.8014246"/>
<testcase name="random2[IOS_4_iPhone 3Gs_opera_15]" classname="se.redmind.rmtest.selenium.example.RandomClass7(20150317-080346)" time="0.4374081">
	<failure type="java.lang.AssertionError:">java.lang.AssertionError: null
		at org.junit.Assert.fail(Assert.java:86)
		at org.junit.Assert.assertTrue(Assert.java:41)
		at org.junit.Assert.assertTrue(Assert.java:52)
		at se.redmind.rmtest.selenium.example.CreateRandomRes3.random14(CreateRandomRes3.java:128)
	</failure>
</testcase>
<testcase name="random2[Windows_8.1_UNKNOWN_firefox_31]" classname="se.redmind.rmtest.selenium.example.RandomClass7(20150317-080346)" time="1.5144773">
	<failure type="java.lang.AssertionError:">java.lang.AssertionError: null
		at org.junit.Assert.fail(Assert.java:86)
		at org.junit.Assert.assertTrue(Assert.java:41)
		at org.junit.Assert.assertTrue(Assert.java:52)
		at se.redmind.rmtest.selenium.example.CreateRandomRes3.random14(CreateRandomRes3.java:128)
	</failure>
</testcase>
<testcase name="random2[Windows_8.1_UNKNOWN_chrome_42]" classname="se.redmind.rmtest.selenium.example.RandomClass7(20150317-080346)" time="0.5980903">
	<failure type="java.lang.AssertionError:">java.lang.AssertionError: null
		at org.junit.Assert.fail(Assert.java:86)
		at org.junit.Assert.assertTrue(Assert.java:41)
		at org.junit.Assert.assertTrue(Assert.java:52)
		at se.redmind.rmtest.selenium.example.CreateRandomRes3.random14(CreateRandomRes3.java:128)
	</failure>
</testcase>
<testcase name="random2[Windows_8.1_UNKNOWN_explorer_10]" classname="se.redmind.rmtest.selenium.example.RandomClass7(20150317-080346)" time="1.6745868">
	<failure type="java.lang.AssertionError:">java.lang.AssertionError: null
		at org.junit.Assert.fail(Assert.java:86)
		at org.junit.Assert.assertTrue(Assert.java:41)
		at org.junit.Assert.assertTrue(Assert.java:52)
		at se.redmind.rmtest.selenium.example.CreateRandomRes3.random14(CreateRandomRes3.java:128)
	</failure>
</testcase>
<testcase name="random2[Windows_8.1_UNKNOWN_opera_15]" classname="se.redmind.rmtest.selenium.example.RandomClass7(20150317-080346)" time="0.22592819"/>
<testcase name="random2[Windows_10_UNKNOWN_firefox_31]" classname="se.redmind.rmtest.selenium.example.RandomClass7(20150317-080346)" time="1.0030752">
	<failure type="java.lang.AssertionError:">java.lang.AssertionError: null
		at org.junit.Assert.fail(Assert.java:86)
		at org.junit.Assert.assertTrue(Assert.java:41)
		at org.junit.Assert.assertTrue(Assert.java:52)
		at se.redmind.rmtest.selenium.example.CreateRandomRes3.random14(CreateRandomRes3.java:128)
	</failure>
</testcase>
<testcase name="random2[Windows_10_UNKNOWN_chrome_42]" classname="se.redmind.rmtest.selenium.example.RandomClass7(20150317-080346)" time="0.56623733">
	<failure type="java.lang.AssertionError:">java.lang.AssertionError: null
		at org.junit.Assert.fail(Assert.java:86)
		at org.junit.Assert.assertTrue(Assert.java:41)
		at org.junit.Assert.assertTrue(Assert.java:52)
		at se.redmind.rmtest.selenium.example.CreateRandomRes3.random14(CreateRandomRes3.java:128)
	</failure>
</testcase>
<testcase name="random2[Windows_10_UNKNOWN_explorer_10]" classname="se.redmind.rmtest.selenium.example.RandomClass7(20150317-080346)" time="1.687955">
	<failure type="java.lang.AssertionError:">java.lang.AssertionError: null
		at org.junit.Assert.fail(Assert.java:86)
		at org.junit.Assert.assertTrue(Assert.java:41)
		at org.junit.Assert.assertTrue(Assert.java:52)
		at se.redmind.rmtest.selenium.example.CreateRandomRes3.random14(CreateRandomRes3.java:128)
	</failure>
</testcase>
<testcase name="random2[Windows_10_UNKNOWN_opera_15]" classname="se.redmind.rmtest.selenium.example.RandomClass7(20150317-080346)" time="0.032191277"/>
<testcase name="random2[Ubuntu_14.04_UNKNOWN_firefox_31]" classname="se.redmind.rmtest.selenium.example.RandomClass7(20150317-080346)" time="1.5648863"/>
<testcase name="random2[Ubuntu_14.04_UNKNOWN_chrome_42]" classname="se.redmind.rmtest.selenium.example.RandomClass7(20150317-080346)" time="0.9601377">
	<failure type="java.lang.AssertionError:">java.lang.AssertionError: null
		at org.junit.Assert.fail(Assert.java:86)
		at org.junit.Assert.assertTrue(Assert.java:41)
		at org.junit.Assert.assertTrue(Assert.java:52)
		at se.redmind.rmtest.selenium.example.CreateRandomRes3.random14(CreateRandomRes3.java:128)
	</failure>
</testcase>
<testcase name="random2[Ubuntu_14.04_UNKNOWN_explorer_10]" classname="se.redmind.rmtest.selenium.example.RandomClass7(20150317-080346)" time="1.7803209">
	<failure type="java.lang.AssertionError:">java.lang.AssertionError: null
		at org.junit.Assert.fail(Assert.java:86)
		at org.junit.Assert.assertTrue(Assert.java:41)
		at org.junit.Assert.assertTrue(Assert.java:52)
		at se.redmind.rmtest.selenium.example.CreateRandomRes3.random14(CreateRandomRes3.java:128)
	</failure>
</testcase>
<testcase name="random2[Ubuntu_14.04_UNKNOWN_opera_15]" classname="se.redmind.rmtest.selenium.example.RandomClass7(20150317-080346)" time="0.051198363">
	<failure type="java.lang.AssertionError:">java.lang.AssertionError: null
		at org.junit.Assert.fail(Assert.java:86)
		at org.junit.Assert.assertTrue(Assert.java:41)
		at org.junit.Assert.assertTrue(Assert.java:52)
		at se.redmind.rmtest.selenium.example.CreateRandomRes3.random14(CreateRandomRes3.java:128)
	</failure>
</testcase>
<testcase name="random2[Ubuntu_12.10_UNKNOWN_firefox_31]" classname="se.redmind.rmtest.selenium.example.RandomClass7(20150317-080346)" time="1.7588782">
	<failure type="java.lang.AssertionError:">java.lang.AssertionError: null
		at org.junit.Assert.fail(Assert.java:86)
		at org.junit.Assert.assertTrue(Assert.java:41)
		at org.junit.Assert.assertTrue(Assert.java:52)
		at se.redmind.rmtest.selenium.example.CreateRandomRes3.random14(CreateRandomRes3.java:128)
	</failure>
</testcase>
<testcase name="random2[Ubuntu_12.10_UNKNOWN_chrome_42]" classname="se.redmind.rmtest.selenium.example.RandomClass7(20150317-080346)" time="0.48434377">
	<failure type="java.lang.AssertionError:">java.lang.AssertionError: null
		at org.junit.Assert.fail(Assert.java:86)
		at org.junit.Assert.assertTrue(Assert.java:41)
		at org.junit.Assert.assertTrue(Assert.java:52)
		at se.redmind.rmtest.selenium.example.CreateRandomRes3.random14(CreateRandomRes3.java:128)
	</failure>
</testcase>
<testcase name="random2[Ubuntu_12.10_UNKNOWN_explorer_10]" classname="se.redmind.rmtest.selenium.example.RandomClass7(20150317-080346)" time="0.81318724"/>
<testcase name="random2[Ubuntu_12.10_UNKNOWN_opera_15]" classname="se.redmind.rmtest.selenium.example.RandomClass7(20150317-080346)" time="1.3271984">
	<failure type="java.lang.AssertionError:">java.lang.AssertionError: null
		at org.junit.Assert.fail(Assert.java:86)
		at org.junit.Assert.assertTrue(Assert.java:41)
		at org.junit.Assert.assertTrue(Assert.java:52)
		at se.redmind.rmtest.selenium.example.CreateRandomRes3.random14(CreateRandomRes3.java:128)
	</failure>
</testcase>
<testcase name="random3[Android_4.4.4_HTC ONE_firefox_31]" classname="se.redmind.rmtest.selenium.example.RandomClass7(20150317-080346)" time="1.7402256"/>
<testcase name="random3[Android_4.4.4_HTC ONE_chrome_42]" classname="se.redmind.rmtest.selenium.example.RandomClass7(20150317-080346)" time="1.594187"/>
<testcase name="random3[Android_4.4.4_HTC ONE_explorer_10]" classname="se.redmind.rmtest.selenium.example.RandomClass7(20150317-080346)" time="1.9461718">
	<failure type="java.lang.AssertionError:">java.lang.AssertionError: null
		at org.junit.Assert.fail(Assert.java:86)
		at org.junit.Assert.assertTrue(Assert.java:41)
		at org.junit.Assert.assertTrue(Assert.java:52)
		at se.redmind.rmtest.selenium.example.CreateRandomRes3.random14(CreateRandomRes3.java:128)
	</failure>
</testcase>
<testcase name="random3[Android_4.4.4_HTC ONE_opera_15]" classname="se.redmind.rmtest.selenium.example.RandomClass7(20150317-080346)" time="1.9249467"/>
<testcase name="random3[Android_5.1_Nexus 6_firefox_31]" classname="se.redmind.rmtest.selenium.example.RandomClass7(20150317-080346)" time="0.502144">
	<failure type="java.lang.AssertionError:">java.lang.AssertionError: null
		at org.junit.Assert.fail(Assert.java:86)
		at org.junit.Assert.assertTrue(Assert.java:41)
		at org.junit.Assert.assertTrue(Assert.java:52)
		at se.redmind.rmtest.selenium.example.CreateRandomRes3.random14(CreateRandomRes3.java:128)
	</failure>
</testcase>
<testcase name="random3[Android_5.1_Nexus 6_chrome_42]" classname="se.redmind.rmtest.selenium.example.RandomClass7(20150317-080346)" time="1.4437853">
	<failure type="java.lang.AssertionError:">java.lang.AssertionError: null
		at org.junit.Assert.fail(Assert.java:86)
		at org.junit.Assert.assertTrue(Assert.java:41)
		at org.junit.Assert.assertTrue(Assert.java:52)
		at se.redmind.rmtest.selenium.example.CreateRandomRes3.random14(CreateRandomRes3.java:128)
	</failure>
</testcase>
<testcase name="random3[Android_5.1_Nexus 6_explorer_10]" classname="se.redmind.rmtest.selenium.example.RandomClass7(20150317-080346)" time="1.4007239">
	<failure type="java.lang.AssertionError:">java.lang.AssertionError: null
		at org.junit.Assert.fail(Assert.java:86)
		at org.junit.Assert.assertTrue(Assert.java:41)
		at org.junit.Assert.assertTrue(Assert.java:52)
		at se.redmind.rmtest.selenium.example.CreateRandomRes3.random14(CreateRandomRes3.java:128)
	</failure>
</testcase>
<testcase name="random3[Android_5.1_Nexus 6_opera_15]" classname="se.redmind.rmtest.selenium.example.RandomClass7(20150317-080346)" time="1.4232408">
	<error type="java.lang.AssertionError:">java.lang.AssertionError: null
		at org.junit.Assert.fail(Assert.java:86)
		at org.junit.Assert.assertTrue(Assert.java:41)
		at org.junit.Assert.assertTrue(Assert.java:52)
		at se.redmind.rmtest.selenium.example.CreateRandomRes3.random14(CreateRandomRes3.java:128)
	</error>
</testcase>
<testcase name="random3[Android_2.3_VeiVei_firefox_31]" classname="se.redmind.rmtest.selenium.example.RandomClass7(20150317-080346)" time="1.0872823">
	<failure type="java.lang.AssertionError:">java.lang.AssertionError: null
		at org.junit.Assert.fail(Assert.java:86)
		at org.junit.Assert.assertTrue(Assert.java:41)
		at org.junit.Assert.assertTrue(Assert.java:52)
		at se.redmind.rmtest.selenium.example.CreateRandomRes3.random14(CreateRandomRes3.java:128)
	</failure>
</testcase>
<testcase name="random3[Android_2.3_VeiVei_chrome_42]" classname="se.redmind.rmtest.selenium.example.RandomClass7(20150317-080346)" time="1.2882277"/>
<testcase name="random3[Android_2.3_VeiVei_explorer_10]" classname="se.redmind.rmtest.selenium.example.RandomClass7(20150317-080346)" time="0.87475276">
	<failure type="java.lang.AssertionError:">java.lang.AssertionError: null
		at org.junit.Assert.fail(Assert.java:86)
		at org.junit.Assert.assertTrue(Assert.java:41)
		at org.junit.Assert.assertTrue(Assert.java:52)
		at se.redmind.rmtest.selenium.example.CreateRandomRes3.random14(CreateRandomRes3.java:128)
	</failure>
</testcase>
<testcase name="random3[Android_2.3_VeiVei_opera_15]" classname="se.redmind.rmtest.selenium.example.RandomClass7(20150317-080346)" time="1.872307"/>
<testcase name="random3[IOS_8.2_iPhone 6_firefox_31]" classname="se.redmind.rmtest.selenium.example.RandomClass7(20150317-080346)" time="1.4152268"/>
<testcase name="random3[IOS_8.2_iPhone 6_chrome_42]" classname="se.redmind.rmtest.selenium.example.RandomClass7(20150317-080346)" time="1.4487876">
	<failure type="java.lang.AssertionError:">java.lang.AssertionError: null
		at org.junit.Assert.fail(Assert.java:86)
		at org.junit.Assert.assertTrue(Assert.java:41)
		at org.junit.Assert.assertTrue(Assert.java:52)
		at se.redmind.rmtest.selenium.example.CreateRandomRes3.random14(CreateRandomRes3.java:128)
	</failure>
</testcase>
<testcase name="random3[IOS_8.2_iPhone 6_explorer_10]" classname="se.redmind.rmtest.selenium.example.RandomClass7(20150317-080346)" time="1.5318557">
	<failure type="java.lang.AssertionError:">java.lang.AssertionError: null
		at org.junit.Assert.fail(Assert.java:86)
		at org.junit.Assert.assertTrue(Assert.java:41)
		at org.junit.Assert.assertTrue(Assert.java:52)
		at se.redmind.rmtest.selenium.example.CreateRandomRes3.random14(CreateRandomRes3.java:128)
	</failure>
</testcase>
<testcase name="random3[IOS_8.2_iPhone 6_opera_15]" classname="se.redmind.rmtest.selenium.example.RandomClass7(20150317-080346)" time="1.5701282">
	<failure type="java.lang.AssertionError:">java.lang.AssertionError: null
		at org.junit.Assert.fail(Assert.java:86)
		at org.junit.Assert.assertTrue(Assert.java:41)
		at org.junit.Assert.assertTrue(Assert.java:52)
		at se.redmind.rmtest.selenium.example.CreateRandomRes3.random14(CreateRandomRes3.java:128)
	</failure>
</testcase>
<testcase name="random3[IOS_4_iPhone 3Gs_firefox_31]" classname="se.redmind.rmtest.selenium.example.RandomClass7(20150317-080346)" time="1.9355577">
<skipped/>
</testcase>
<testcase name="random3[IOS_4_iPhone 3Gs_firefox_31]" classname="se.redmind.rmtest.selenium.example.RandomClass7(20150317-080346)" time="0.6934705"/>
<testcase name="random3[IOS_4_iPhone 3Gs_chrome_42]" classname="se.redmind.rmtest.selenium.example.RandomClass7(20150317-080346)" time="0.45243573">
<skipped/>
</testcase>
<testcase name="random3[IOS_4_iPhone 3Gs_chrome_42]" classname="se.redmind.rmtest.selenium.example.RandomClass7(20150317-080346)" time="0.53100705">
	<failure type="java.lang.AssertionError:">java.lang.AssertionError: null
		at org.junit.Assert.fail(Assert.java:86)
		at org.junit.Assert.assertTrue(Assert.java:41)
		at org.junit.Assert.assertTrue(Assert.java:52)
		at se.redmind.rmtest.selenium.example.CreateRandomRes3.random14(CreateRandomRes3.java:128)
	</failure>
</testcase>
<testcase name="random3[IOS_4_iPhone 3Gs_explorer_10]" classname="se.redmind.rmtest.selenium.example.RandomClass7(20150317-080346)" time="1.1934366">
<skipped/>
</testcase>
<testcase name="random3[IOS_4_iPhone 3Gs_explorer_10]" classname="se.redmind.rmtest.selenium.example.RandomClass7(20150317-080346)" time="1.0543723">
	<failure type="java.lang.AssertionError:">java.lang.AssertionError: null
		at org.junit.Assert.fail(Assert.java:86)
		at org.junit.Assert.assertTrue(Assert.java:41)
		at org.junit.Assert.assertTrue(Assert.java:52)
		at se.redmind.rmtest.selenium.example.CreateRandomRes3.random14(CreateRandomRes3.java:128)
	</failure>
</testcase>
<testcase name="random3[IOS_4_iPhone 3Gs_opera_15]" classname="se.redmind.rmtest.selenium.example.RandomClass7(20150317-080346)" time="0.39627326">
<skipped/>
</testcase>
<testcase name="random3[IOS_4_iPhone 3Gs_opera_15]" classname="se.redmind.rmtest.selenium.example.RandomClass7(20150317-080346)" time="0.19451356">
	<failure type="java.lang.AssertionError:">java.lang.AssertionError: null
		at org.junit.Assert.fail(Assert.java:86)
		at org.junit.Assert.assertTrue(Assert.java:41)
		at org.junit.Assert.assertTrue(Assert.java:52)
		at se.redmind.rmtest.selenium.example.CreateRandomRes3.random14(CreateRandomRes3.java:128)
	</failure>
</testcase>
<testcase name="random3[Windows_8.1_UNKNOWN_firefox_31]" classname="se.redmind.rmtest.selenium.example.RandomClass7(20150317-080346)" time="0.31376374">
	<failure type="java.lang.AssertionError:">java.lang.AssertionError: null
		at org.junit.Assert.fail(Assert.java:86)
		at org.junit.Assert.assertTrue(Assert.java:41)
		at org.junit.Assert.assertTrue(Assert.java:52)
		at se.redmind.rmtest.selenium.example.CreateRandomRes3.random14(CreateRandomRes3.java:128)
	</failure>
</testcase>
<testcase name="random3[Windows_8.1_UNKNOWN_chrome_42]" classname="se.redmind.rmtest.selenium.example.RandomClass7(20150317-080346)" time="1.8345042">
	<failure type="java.lang.AssertionError:">java.lang.AssertionError: null
		at org.junit.Assert.fail(Assert.java:86)
		at org.junit.Assert.assertTrue(Assert.java:41)
		at org.junit.Assert.assertTrue(Assert.java:52)
		at se.redmind.rmtest.selenium.example.CreateRandomRes3.random14(CreateRandomRes3.java:128)
	</failure>
</testcase>
<testcase name="random3[Windows_8.1_UNKNOWN_explorer_10]" classname="se.redmind.rmtest.selenium.example.RandomClass7(20150317-080346)" time="1.3475263">
	<failure type="java.lang.AssertionError:">java.lang.AssertionError: null
		at org.junit.Assert.fail(Assert.java:86)
		at org.junit.Assert.assertTrue(Assert.java:41)
		at org.junit.Assert.assertTrue(Assert.java:52)
		at se.redmind.rmtest.selenium.example.CreateRandomRes3.random14(CreateRandomRes3.java:128)
	</failure>
</testcase>
<testcase name="random3[Windows_8.1_UNKNOWN_opera_15]" classname="se.redmind.rmtest.selenium.example.RandomClass7(20150317-080346)" time="1.1841322">
	<failure type="java.lang.AssertionError:">java.lang.AssertionError: null
		at org.junit.Assert.fail(Assert.java:86)
		at org.junit.Assert.assertTrue(Assert.java:41)
		at org.junit.Assert.assertTrue(Assert.java:52)
		at se.redmind.rmtest.selenium.example.CreateRandomRes3.random14(CreateRandomRes3.java:128)
	</failure>
</testcase>
<testcase name="random3[Windows_10_UNKNOWN_firefox_31]" classname="se.redmind.rmtest.selenium.example.RandomClass7(20150317-080346)" time="0.17443597">
	<failure type="java.lang.AssertionError:">java.lang.AssertionError: null
		at org.junit.Assert.fail(Assert.java:86)
		at org.junit.Assert.assertTrue(Assert.java:41)
		at org.junit.Assert.assertTrue(Assert.java:52)
		at se.redmind.rmtest.selenium.example.CreateRandomRes3.random14(CreateRandomRes3.java:128)
	</failure>
</testcase>
<testcase name="random3[Windows_10_UNKNOWN_chrome_42]" classname="se.redmind.rmtest.selenium.example.RandomClass7(20150317-080346)" time="0.45729125"/>
<testcase name="random3[Windows_10_UNKNOWN_explorer_10]" classname="se.redmind.rmtest.selenium.example.RandomClass7(20150317-080346)" time="0.6511923">
	<failure type="java.lang.AssertionError:">java.lang.AssertionError: null
		at org.junit.Assert.fail(Assert.java:86)
		at org.junit.Assert.assertTrue(Assert.java:41)
		at org.junit.Assert.assertTrue(Assert.java:52)
		at se.redmind.rmtest.selenium.example.CreateRandomRes3.random14(CreateRandomRes3.java:128)
	</failure>
</testcase>
<testcase name="random3[Windows_10_UNKNOWN_opera_15]" classname="se.redmind.rmtest.selenium.example.RandomClass7(20150317-080346)" time="0.034879446"/>
<testcase name="random3[Ubuntu_14.04_UNKNOWN_firefox_31]" classname="se.redmind.rmtest.selenium.example.RandomClass7(20150317-080346)" time="0.31774187">
	<failure type="java.lang.AssertionError:">java.lang.AssertionError: null
		at org.junit.Assert.fail(Assert.java:86)
		at org.junit.Assert.assertTrue(Assert.java:41)
		at org.junit.Assert.assertTrue(Assert.java:52)
		at se.redmind.rmtest.selenium.example.CreateRandomRes3.random14(CreateRandomRes3.java:128)
	</failure>
</testcase>
<testcase name="random3[Ubuntu_14.04_UNKNOWN_chrome_42]" classname="se.redmind.rmtest.selenium.example.RandomClass7(20150317-080346)" time="1.5523049">
	<failure type="java.lang.AssertionError:">java.lang.AssertionError: null
		at org.junit.Assert.fail(Assert.java:86)
		at org.junit.Assert.assertTrue(Assert.java:41)
		at org.junit.Assert.assertTrue(Assert.java:52)
		at se.redmind.rmtest.selenium.example.CreateRandomRes3.random14(CreateRandomRes3.java:128)
	</failure>
</testcase>
<testcase name="random3[Ubuntu_14.04_UNKNOWN_explorer_10]" classname="se.redmind.rmtest.selenium.example.RandomClass7(20150317-080346)" time="1.0401802">
	<failure type="java.lang.AssertionError:">java.lang.AssertionError: null
		at org.junit.Assert.fail(Assert.java:86)
		at org.junit.Assert.assertTrue(Assert.java:41)
		at org.junit.Assert.assertTrue(Assert.java:52)
		at se.redmind.rmtest.selenium.example.CreateRandomRes3.random14(CreateRandomRes3.java:128)
	</failure>
</testcase>
<testcase name="random3[Ubuntu_14.04_UNKNOWN_opera_15]" classname="se.redmind.rmtest.selenium.example.RandomClass7(20150317-080346)" time="1.5830631">
	<failure type="java.lang.AssertionError:">java.lang.AssertionError: null
		at org.junit.Assert.fail(Assert.java:86)
		at org.junit.Assert.assertTrue(Assert.java:41)
		at org.junit.Assert.assertTrue(Assert.java:52)
		at se.redmind.rmtest.selenium.example.CreateRandomRes3.random14(CreateRandomRes3.java:128)
	</failure>
</testcase>
<testcase name="random3[Ubuntu_12.10_UNKNOWN_firefox_31]" classname="se.redmind.rmtest.selenium.example.RandomClass7(20150317-080346)" time="0.95549965">
	<failure type="java.lang.AssertionError:">java.lang.AssertionError: null
		at org.junit.Assert.fail(Assert.java:86)
		at org.junit.Assert.assertTrue(Assert.java:41)
		at org.junit.Assert.assertTrue(Assert.java:52)
		at se.redmind.rmtest.selenium.example.CreateRandomRes3.random14(CreateRandomRes3.java:128)
	</failure>
</testcase>
<testcase name="random3[Ubuntu_12.10_UNKNOWN_chrome_42]" classname="se.redmind.rmtest.selenium.example.RandomClass7(20150317-080346)" time="1.4908221"/>
<testcase name="random3[Ubuntu_12.10_UNKNOWN_explorer_10]" classname="se.redmind.rmtest.selenium.example.RandomClass7(20150317-080346)" time="0.027558208">
	<error type="java.lang.AssertionError:">java.lang.AssertionError: null
		at org.junit.Assert.fail(Assert.java:86)
		at org.junit.Assert.assertTrue(Assert.java:41)
		at org.junit.Assert.assertTrue(Assert.java:52)
		at se.redmind.rmtest.selenium.example.CreateRandomRes3.random14(CreateRandomRes3.java:128)
	</error>
</testcase>
<testcase name="random3[Ubuntu_12.10_UNKNOWN_opera_15]" classname="se.redmind.rmtest.selenium.example.RandomClass7(20150317-080346)" time="1.23996">
	<failure type="java.lang.AssertionError:">java.lang.AssertionError: null
		at org.junit.Assert.fail(Assert.java:86)
		at org.junit.Assert.assertTrue(Assert.java:41)
		at org.junit.Assert.assertTrue(Assert.java:52)
		at se.redmind.rmtest.selenium.example.CreateRandomRes3.random14(CreateRandomRes3.java:128)
	</failure>
</testcase>
<testcase name="random4[Android_4.4.4_HTC ONE_firefox_31]" classname="se.redmind.rmtest.selenium.example.RandomClass7(20150317-080346)" time="1.5028949">
	<failure type="java.lang.AssertionError:">java.lang.AssertionError: null
		at org.junit.Assert.fail(Assert.java:86)
		at org.junit.Assert.assertTrue(Assert.java:41)
		at org.junit.Assert.assertTrue(Assert.java:52)
		at se.redmind.rmtest.selenium.example.CreateRandomRes3.random14(CreateRandomRes3.java:128)
	</failure>
</testcase>
<testcase name="random4[Android_4.4.4_HTC ONE_chrome_42]" classname="se.redmind.rmtest.selenium.example.RandomClass7(20150317-080346)" time="0.16653275">
	<failure type="java.lang.AssertionError:">java.lang.AssertionError: null
		at org.junit.Assert.fail(Assert.java:86)
		at org.junit.Assert.assertTrue(Assert.java:41)
		at org.junit.Assert.assertTrue(Assert.java:52)
		at se.redmind.rmtest.selenium.example.CreateRandomRes3.random14(CreateRandomRes3.java:128)
	</failure>
</testcase>
<testcase name="random4[Android_4.4.4_HTC ONE_explorer_10]" classname="se.redmind.rmtest.selenium.example.RandomClass7(20150317-080346)" time="1.1121042"/>
<testcase name="random4[Android_4.4.4_HTC ONE_opera_15]" classname="se.redmind.rmtest.selenium.example.RandomClass7(20150317-080346)" time="0.7133179">
	<failure type="java.lang.AssertionError:">java.lang.AssertionError: null
		at org.junit.Assert.fail(Assert.java:86)
		at org.junit.Assert.assertTrue(Assert.java:41)
		at org.junit.Assert.assertTrue(Assert.java:52)
		at se.redmind.rmtest.selenium.example.CreateRandomRes3.random14(CreateRandomRes3.java:128)
	</failure>
</testcase>
<testcase name="random4[Android_5.1_Nexus 6_firefox_31]" classname="se.redmind.rmtest.selenium.example.RandomClass7(20150317-080346)" time="1.0422589"/>
<testcase name="random4[Android_5.1_Nexus 6_chrome_42]" classname="se.redmind.rmtest.selenium.example.RandomClass7(20150317-080346)" time="1.3584505"/>
<testcase name="random4[Android_5.1_Nexus 6_explorer_10]" classname="se.redmind.rmtest.selenium.example.RandomClass7(20150317-080346)" time="1.7329302"/>
<testcase name="random4[Android_5.1_Nexus 6_opera_15]" classname="se.redmind.rmtest.selenium.example.RandomClass7(20150317-080346)" time="0.37577116">
	<failure type="java.lang.AssertionError:">java.lang.AssertionError: null
		at org.junit.Assert.fail(Assert.java:86)
		at org.junit.Assert.assertTrue(Assert.java:41)
		at org.junit.Assert.assertTrue(Assert.java:52)
		at se.redmind.rmtest.selenium.example.CreateRandomRes3.random14(CreateRandomRes3.java:128)
	</failure>
</testcase>
<testcase name="random4[Android_2.3_VeiVei_firefox_31]" classname="se.redmind.rmtest.selenium.example.RandomClass7(20150317-080346)" time="1.5552933"/>
<testcase name="random4[Android_2.3_VeiVei_chrome_42]" classname="se.redmind.rmtest.selenium.example.RandomClass7(20150317-080346)" time="0.1420474"/>
<testcase name="random4[Android_2.3_VeiVei_explorer_10]" classname="se.redmind.rmtest.selenium.example.RandomClass7(20150317-080346)" time="0.15256548">
	<failure type="java.lang.AssertionError:">java.lang.AssertionError: null
		at org.junit.Assert.fail(Assert.java:86)
		at org.junit.Assert.assertTrue(Assert.java:41)
		at org.junit.Assert.assertTrue(Assert.java:52)
		at se.redmind.rmtest.selenium.example.CreateRandomRes3.random14(CreateRandomRes3.java:128)
	</failure>
</testcase>
<testcase name="random4[Android_2.3_VeiVei_opera_15]" classname="se.redmind.rmtest.selenium.example.RandomClass7(20150317-080346)" time="0.33930707"/>
<testcase name="random4[IOS_8.2_iPhone 6_firefox_31]" classname="se.redmind.rmtest.selenium.example.RandomClass7(20150317-080346)" time="0.9711846"/>
<testcase name="random4[IOS_8.2_iPhone 6_chrome_42]" classname="se.redmind.rmtest.selenium.example.RandomClass7(20150317-080346)" time="1.1099588">
	<failure type="java.lang.AssertionError:">java.lang.AssertionError: null
		at org.junit.Assert.fail(Assert.java:86)
		at org.junit.Assert.assertTrue(Assert.java:41)
		at org.junit.Assert.assertTrue(Assert.java:52)
		at se.redmind.rmtest.selenium.example.CreateRandomRes3.random14(CreateRandomRes3.java:128)
	</failure>
</testcase>
<testcase name="random4[IOS_8.2_iPhone 6_explorer_10]" classname="se.redmind.rmtest.selenium.example.RandomClass7(20150317-080346)" time="1.6111084">
	<failure type="java.lang.AssertionError:">java.lang.AssertionError: null
		at org.junit.Assert.fail(Assert.java:86)
		at org.junit.Assert.assertTrue(Assert.java:41)
		at org.junit.Assert.assertTrue(Assert.java:52)
		at se.redmind.rmtest.selenium.example.CreateRandomRes3.random14(CreateRandomRes3.java:128)
	</failure>
</testcase>
<testcase name="random4[IOS_8.2_iPhone 6_opera_15]" classname="se.redmind.rmtest.selenium.example.RandomClass7(20150317-080346)" time="0.95521176">
	<failure type="java.lang.AssertionError:">java.lang.AssertionError: null
		at org.junit.Assert.fail(Assert.java:86)
		at org.junit.Assert.assertTrue(Assert.java:41)
		at org.junit.Assert.assertTrue(Assert.java:52)
		at se.redmind.rmtest.selenium.example.CreateRandomRes3.random14(CreateRandomRes3.java:128)
	</failure>
</testcase>
<testcase name="random4[IOS_4_iPhone 3Gs_firefox_31]" classname="se.redmind.rmtest.selenium.example.RandomClass7(20150317-080346)" time="1.4228462">
	<failure type="java.lang.AssertionError:">java.lang.AssertionError: null
		at org.junit.Assert.fail(Assert.java:86)
		at org.junit.Assert.assertTrue(Assert.java:41)
		at org.junit.Assert.assertTrue(Assert.java:52)
		at se.redmind.rmtest.selenium.example.CreateRandomRes3.random14(CreateRandomRes3.java:128)
	</failure>
</testcase>
<testcase name="random4[IOS_4_iPhone 3Gs_chrome_42]" classname="se.redmind.rmtest.selenium.example.RandomClass7(20150317-080346)" time="1.8515756">
	<error type="java.lang.AssertionError:">java.lang.AssertionError: null
		at org.junit.Assert.fail(Assert.java:86)
		at org.junit.Assert.assertTrue(Assert.java:41)
		at org.junit.Assert.assertTrue(Assert.java:52)
		at se.redmind.rmtest.selenium.example.CreateRandomRes3.random14(CreateRandomRes3.java:128)
	</error>
</testcase>
<testcase name="random4[IOS_4_iPhone 3Gs_explorer_10]" classname="se.redmind.rmtest.selenium.example.RandomClass7(20150317-080346)" time="0.6804768">
	<failure type="java.lang.AssertionError:">java.lang.AssertionError: null
		at org.junit.Assert.fail(Assert.java:86)
		at org.junit.Assert.assertTrue(Assert.java:41)
		at org.junit.Assert.assertTrue(Assert.java:52)
		at se.redmind.rmtest.selenium.example.CreateRandomRes3.random14(CreateRandomRes3.java:128)
	</failure>
</testcase>
<testcase name="random4[IOS_4_iPhone 3Gs_opera_15]" classname="se.redmind.rmtest.selenium.example.RandomClass7(20150317-080346)" time="0.5327923">
	<failure type="java.lang.AssertionError:">java.lang.AssertionError: null
		at org.junit.Assert.fail(Assert.java:86)
		at org.junit.Assert.assertTrue(Assert.java:41)
		at org.junit.Assert.assertTrue(Assert.java:52)
		at se.redmind.rmtest.selenium.example.CreateRandomRes3.random14(CreateRandomRes3.java:128)
	</failure>
</testcase>
<testcase name="random4[Windows_8.1_UNKNOWN_firefox_31]" classname="se.redmind.rmtest.selenium.example.RandomClass7(20150317-080346)" time="1.7505889">
	<failure type="java.lang.AssertionError:">java.lang.AssertionError: null
		at org.junit.Assert.fail(Assert.java:86)
		at org.junit.Assert.assertTrue(Assert.java:41)
		at org.junit.Assert.assertTrue(Assert.java:52)
		at se.redmind.rmtest.selenium.example.CreateRandomRes3.random14(CreateRandomRes3.java:128)
	</failure>
</testcase>
<testcase name="random4[Windows_8.1_UNKNOWN_chrome_42]" classname="se.redmind.rmtest.selenium.example.RandomClass7(20150317-080346)" time="1.6575406">
	<failure type="java.lang.AssertionError:">java.lang.AssertionError: null
		at org.junit.Assert.fail(Assert.java:86)
		at org.junit.Assert.assertTrue(Assert.java:41)
		at org.junit.Assert.assertTrue(Assert.java:52)
		at se.redmind.rmtest.selenium.example.CreateRandomRes3.random14(CreateRandomRes3.java:128)
	</failure>
</testcase>
<testcase name="random4[Windows_8.1_UNKNOWN_explorer_10]" classname="se.redmind.rmtest.selenium.example.RandomClass7(20150317-080346)" time="0.63269913">
	<failure type="java.lang.AssertionError:">java.lang.AssertionError: null
		at org.junit.Assert.fail(Assert.java:86)
		at org.junit.Assert.assertTrue(Assert.java:41)
		at org.junit.Assert.assertTrue(Assert.java:52)
		at se.redmind.rmtest.selenium.example.CreateRandomRes3.random14(CreateRandomRes3.java:128)
	</failure>
</testcase>
<testcase name="random4[Windows_8.1_UNKNOWN_opera_15]" classname="se.redmind.rmtest.selenium.example.RandomClass7(20150317-080346)" time="0.23445892"/>
<testcase name="random4[Windows_10_UNKNOWN_firefox_31]" classname="se.redmind.rmtest.selenium.example.RandomClass7(20150317-080346)" time="1.1281137">
	<failure type="java.lang.AssertionError:">java.lang.AssertionError: null
		at org.junit.Assert.fail(Assert.java:86)
		at org.junit.Assert.assertTrue(Assert.java:41)
		at org.junit.Assert.assertTrue(Assert.java:52)
		at se.redmind.rmtest.selenium.example.CreateRandomRes3.random14(CreateRandomRes3.java:128)
	</failure>
</testcase>
<testcase name="random4[Windows_10_UNKNOWN_chrome_42]" classname="se.redmind.rmtest.selenium.example.RandomClass7(20150317-080346)" time="0.19095433">
	<failure type="java.lang.AssertionError:">java.lang.AssertionError: null
		at org.junit.Assert.fail(Assert.java:86)
		at org.junit.Assert.assertTrue(Assert.java:41)
		at org.junit.Assert.assertTrue(Assert.java:52)
		at se.redmind.rmtest.selenium.example.CreateRandomRes3.random14(CreateRandomRes3.java:128)
	</failure>
</testcase>
<testcase name="random4[Windows_10_UNKNOWN_explorer_10]" classname="se.redmind.rmtest.selenium.example.RandomClass7(20150317-080346)" time="1.1770664">
	<failure type="java.lang.AssertionError:">java.lang.AssertionError: null
		at org.junit.Assert.fail(Assert.java:86)
		at org.junit.Assert.assertTrue(Assert.java:41)
		at org.junit.Assert.assertTrue(Assert.java:52)
		at se.redmind.rmtest.selenium.example.CreateRandomRes3.random14(CreateRandomRes3.java:128)
	</failure>
</testcase>
<testcase name="random4[Windows_10_UNKNOWN_opera_15]" classname="se.redmind.rmtest.selenium.example.RandomClass7(20150317-080346)" time="0.051453233">
	<failure type="java.lang.AssertionError:">java.lang.AssertionError: null
		at org.junit.Assert.fail(Assert.java:86)
		at org.junit.Assert.assertTrue(Assert.java:41)
		at org.junit.Assert.assertTrue(Assert.java:52)
		at se.redmind.rmtest.selenium.example.CreateRandomRes3.random14(CreateRandomRes3.java:128)
	</failure>
</testcase>
<testcase name="random4[Ubuntu_14.04_UNKNOWN_firefox_31]" classname="se.redmind.rmtest.selenium.example.RandomClass7(20150317-080346)" time="1.7443589"/>
<testcase name="random4[Ubuntu_14.04_UNKNOWN_chrome_42]" classname="se.redmind.rmtest.selenium.example.RandomClass7(20150317-080346)" time="1.4318768">
	<failure type="java.lang.AssertionError:">java.lang.AssertionError: null
		at org.junit.Assert.fail(Assert.java:86)
		at org.junit.Assert.assertTrue(Assert.java:41)
		at org.junit.Assert.assertTrue(Assert.java:52)
		at se.redmind.rmtest.selenium.example.CreateRandomRes3.random14(CreateRandomRes3.java:128)
	</failure>
</testcase>
<testcase name="random4[Ubuntu_14.04_UNKNOWN_explorer_10]" classname="se.redmind.rmtest.selenium.example.RandomClass7(20150317-080346)" time="1.8230867">
	<failure type="java.lang.AssertionError:">java.lang.AssertionError: null
		at org.junit.Assert.fail(Assert.java:86)
		at org.junit.Assert.assertTrue(Assert.java:41)
		at org.junit.Assert.assertTrue(Assert.java:52)
		at se.redmind.rmtest.selenium.example.CreateRandomRes3.random14(CreateRandomRes3.java:128)
	</failure>
</testcase>
<testcase name="random4[Ubuntu_14.04_UNKNOWN_opera_15]" classname="se.redmind.rmtest.selenium.example.RandomClass7(20150317-080346)" time="1.0614687">
	<failure type="java.lang.AssertionError:">java.lang.AssertionError: null
		at org.junit.Assert.fail(Assert.java:86)
		at org.junit.Assert.assertTrue(Assert.java:41)
		at org.junit.Assert.assertTrue(Assert.java:52)
		at se.redmind.rmtest.selenium.example.CreateRandomRes3.random14(CreateRandomRes3.java:128)
	</failure>
</testcase>
<testcase name="random4[Ubuntu_12.10_UNKNOWN_firefox_31]" classname="se.redmind.rmtest.selenium.example.RandomClass7(20150317-080346)" time="0.93492496"/>
<testcase name="random4[Ubuntu_12.10_UNKNOWN_chrome_42]" classname="se.redmind.rmtest.selenium.example.RandomClass7(20150317-080346)" time="1.7640165">
	<failure type="java.lang.AssertionError:">java.lang.AssertionError: null
		at org.junit.Assert.fail(Assert.java:86)
		at org.junit.Assert.assertTrue(Assert.java:41)
		at org.junit.Assert.assertTrue(Assert.java:52)
		at se.redmind.rmtest.selenium.example.CreateRandomRes3.random14(CreateRandomRes3.java:128)
	</failure>
</testcase>
<testcase name="random4[Ubuntu_12.10_UNKNOWN_explorer_10]" classname="se.redmind.rmtest.selenium.example.RandomClass7(20150317-080346)" time="1.2661428"/>
<testcase name="random4[Ubuntu_12.10_UNKNOWN_opera_15]" classname="se.redmind.rmtest.selenium.example.RandomClass7(20150317-080346)" time="0.71040964"/>
<testcase name="random1[Android_4.4.4_HTC ONE_firefox_31]" classname="se.redmind.rmtest.selenium.example.RandomClass8(20150317-080346)" time="0.82333314">
	<failure type="java.lang.AssertionError:">java.lang.AssertionError: null
		at org.junit.Assert.fail(Assert.java:86)
		at org.junit.Assert.assertTrue(Assert.java:41)
		at org.junit.Assert.assertTrue(Assert.java:52)
		at se.redmind.rmtest.selenium.example.CreateRandomRes3.random14(CreateRandomRes3.java:128)
	</failure>
</testcase>
<testcase name="random1[Android_4.4.4_HTC ONE_chrome_42]" classname="se.redmind.rmtest.selenium.example.RandomClass8(20150317-080346)" time="1.005322"/>
<testcase name="random1[Android_4.4.4_HTC ONE_explorer_10]" classname="se.redmind.rmtest.selenium.example.RandomClass8(20150317-080346)" time="1.9655466">
	<failure type="java.lang.AssertionError:">java.lang.AssertionError: null
		at org.junit.Assert.fail(Assert.java:86)
		at org.junit.Assert.assertTrue(Assert.java:41)
		at org.junit.Assert.assertTrue(Assert.java:52)
		at se.redmind.rmtest.selenium.example.CreateRandomRes3.random14(CreateRandomRes3.java:128)
	</failure>
</testcase>
<testcase name="random1[Android_4.4.4_HTC ONE_opera_15]" classname="se.redmind.rmtest.selenium.example.RandomClass8(20150317-080346)" time="0.1391269">
	<failure type="java.lang.AssertionError:">java.lang.AssertionError: null
		at org.junit.Assert.fail(Assert.java:86)
		at org.junit.Assert.assertTrue(Assert.java:41)
		at org.junit.Assert.assertTrue(Assert.java:52)
		at se.redmind.rmtest.selenium.example.CreateRandomRes3.random14(CreateRandomRes3.java:128)
	</failure>
</testcase>
<testcase name="random1[Android_5.1_Nexus 6_firefox_31]" classname="se.redmind.rmtest.selenium.example.RandomClass8(20150317-080346)" time="1.1684725"/>
<testcase name="random1[Android_5.1_Nexus 6_chrome_42]" classname="se.redmind.rmtest.selenium.example.RandomClass8(20150317-080346)" time="0.65235865">
	<failure type="java.lang.AssertionError:">java.lang.AssertionError: null
		at org.junit.Assert.fail(Assert.java:86)
		at org.junit.Assert.assertTrue(Assert.java:41)
		at org.junit.Assert.assertTrue(Assert.java:52)
		at se.redmind.rmtest.selenium.example.CreateRandomRes3.random14(CreateRandomRes3.java:128)
	</failure>
</testcase>
<testcase name="random1[Android_5.1_Nexus 6_explorer_10]" classname="se.redmind.rmtest.selenium.example.RandomClass8(20150317-080346)" time="1.329441"/>
<testcase name="random1[Android_5.1_Nexus 6_opera_15]" classname="se.redmind.rmtest.selenium.example.RandomClass8(20150317-080346)" time="1.7154373"/>
<testcase name="random1[Android_2.3_VeiVei_firefox_31]" classname="se.redmind.rmtest.selenium.example.RandomClass8(20150317-080346)" time="1.5707057">
	<failure type="java.lang.AssertionError:">java.lang.AssertionError: null
		at org.junit.Assert.fail(Assert.java:86)
		at org.junit.Assert.assertTrue(Assert.java:41)
		at org.junit.Assert.assertTrue(Assert.java:52)
		at se.redmind.rmtest.selenium.example.CreateRandomRes3.random14(CreateRandomRes3.java:128)
	</failure>
</testcase>
<testcase name="random1[Android_2.3_VeiVei_chrome_42]" classname="se.redmind.rmtest.selenium.example.RandomClass8(20150317-080346)" time="0.50922453">
	<failure type="java.lang.AssertionError:">java.lang.AssertionError: null
		at org.junit.Assert.fail(Assert.java:86)
		at org.junit.Assert.assertTrue(Assert.java:41)
		at org.junit.Assert.assertTrue(Assert.java:52)
		at se.redmind.rmtest.selenium.example.CreateRandomRes3.random14(CreateRandomRes3.java:128)
	</failure>
</testcase>
<testcase name="random1[Android_2.3_VeiVei_explorer_10]" classname="se.redmind.rmtest.selenium.example.RandomClass8(20150317-080346)" time="1.2937778"/>
<testcase name="random1[Android_2.3_VeiVei_opera_15]" classname="se.redmind.rmtest.selenium.example.RandomClass8(20150317-080346)" time="0.49915504"/>
<testcase name="random1[Android_4.4.4_Sony Experia Z3_firefox_31]" classname="se.redmind.rmtest.selenium.example.RandomClass8(20150317-080346)" time="0.6862869">
	<failure type="java.lang.AssertionError:">java.lang.AssertionError: null
		at org.junit.Assert.fail(Assert.java:86)
		at org.junit.Assert.assertTrue(Assert.java:41)
		at org.junit.Assert.assertTrue(Assert.java:52)
		at se.redmind.rmtest.selenium.example.CreateRandomRes3.random14(CreateRandomRes3.java:128)
	</failure>
</testcase>
<testcase name="random1[Android_4.4.4_Sony Experia Z3_chrome_42]" classname="se.redmind.rmtest.selenium.example.RandomClass8(20150317-080346)" time="0.90947616">
	<failure type="java.lang.AssertionError:">java.lang.AssertionError: null
		at org.junit.Assert.fail(Assert.java:86)
		at org.junit.Assert.assertTrue(Assert.java:41)
		at org.junit.Assert.assertTrue(Assert.java:52)
		at se.redmind.rmtest.selenium.example.CreateRandomRes3.random14(CreateRandomRes3.java:128)
	</failure>
</testcase>
<testcase name="random1[Android_4.4.4_Sony Experia Z3_explorer_10]" classname="se.redmind.rmtest.selenium.example.RandomClass8(20150317-080346)" time="1.5145258">
	<failure type="java.lang.AssertionError:">java.lang.AssertionError: null
		at org.junit.Assert.fail(Assert.java:86)
		at org.junit.Assert.assertTrue(Assert.java:41)
		at org.junit.Assert.assertTrue(Assert.java:52)
		at se.redmind.rmtest.selenium.example.CreateRandomRes3.random14(CreateRandomRes3.java:128)
	</failure>
</testcase>
<testcase name="random1[Android_4.4.4_Sony Experia Z3_opera_15]" classname="se.redmind.rmtest.selenium.example.RandomClass8(20150317-080346)" time="1.9046143">
	<failure type="java.lang.AssertionError:">java.lang.AssertionError: null
		at org.junit.Assert.fail(Assert.java:86)
		at org.junit.Assert.assertTrue(Assert.java:41)
		at org.junit.Assert.assertTrue(Assert.java:52)
		at se.redmind.rmtest.selenium.example.CreateRandomRes3.random14(CreateRandomRes3.java:128)
	</failure>
</testcase>
<testcase name="random1[IOS_8.2_iPhone 6_firefox_31]" classname="se.redmind.rmtest.selenium.example.RandomClass8(20150317-080346)" time="0.32216442"/>
<testcase name="random1[IOS_8.2_iPhone 6_chrome_42]" classname="se.redmind.rmtest.selenium.example.RandomClass8(20150317-080346)" time="1.8444041"/>
<testcase name="random1[IOS_8.2_iPhone 6_explorer_10]" classname="se.redmind.rmtest.selenium.example.RandomClass8(20150317-080346)" time="1.4219208">
	<failure type="java.lang.AssertionError:">java.lang.AssertionError: null
		at org.junit.Assert.fail(Assert.java:86)
		at org.junit.Assert.assertTrue(Assert.java:41)
		at org.junit.Assert.assertTrue(Assert.java:52)
		at se.redmind.rmtest.selenium.example.CreateRandomRes3.random14(CreateRandomRes3.java:128)
	</failure>
</testcase>
<testcase name="random1[IOS_8.2_iPhone 6_opera_15]" classname="se.redmind.rmtest.selenium.example.RandomClass8(20150317-080346)" time="1.6532598">
	<failure type="java.lang.AssertionError:">java.lang.AssertionError: null
		at org.junit.Assert.fail(Assert.java:86)
		at org.junit.Assert.assertTrue(Assert.java:41)
		at org.junit.Assert.assertTrue(Assert.java:52)
		at se.redmind.rmtest.selenium.example.CreateRandomRes3.random14(CreateRandomRes3.java:128)
	</failure>
</testcase>
<testcase name="random1[IOS_4_iPhone 3Gs_firefox_31]" classname="se.redmind.rmtest.selenium.example.RandomClass8(20150317-080346)" time="1.2255479">
	<failure type="java.lang.AssertionError:">java.lang.AssertionError: null
		at org.junit.Assert.fail(Assert.java:86)
		at org.junit.Assert.assertTrue(Assert.java:41)
		at org.junit.Assert.assertTrue(Assert.java:52)
		at se.redmind.rmtest.selenium.example.CreateRandomRes3.random14(CreateRandomRes3.java:128)
	</failure>
</testcase>
<testcase name="random1[IOS_4_iPhone 3Gs_chrome_42]" classname="se.redmind.rmtest.selenium.example.RandomClass8(20150317-080346)" time="0.9524102"/>
<testcase name="random1[IOS_4_iPhone 3Gs_explorer_10]" classname="se.redmind.rmtest.selenium.example.RandomClass8(20150317-080346)" time="0.7310878"/>
<testcase name="random1[IOS_4_iPhone 3Gs_opera_15]" classname="se.redmind.rmtest.selenium.example.RandomClass8(20150317-080346)" time="1.649748"/>
<testcase name="random1[OSX_10.9.5_UNKNOWN_firefox_31]" classname="se.redmind.rmtest.selenium.example.RandomClass8(20150317-080346)" time="0.089119315">
	<failure type="java.lang.AssertionError:">java.lang.AssertionError: null
		at org.junit.Assert.fail(Assert.java:86)
		at org.junit.Assert.assertTrue(Assert.java:41)
		at org.junit.Assert.assertTrue(Assert.java:52)
		at se.redmind.rmtest.selenium.example.CreateRandomRes3.random14(CreateRandomRes3.java:128)
	</failure>
</testcase>
<testcase name="random1[OSX_10.9.5_UNKNOWN_chrome_42]" classname="se.redmind.rmtest.selenium.example.RandomClass8(20150317-080346)" time="1.5682545">
	<failure type="java.lang.AssertionError:">java.lang.AssertionError: null
		at org.junit.Assert.fail(Assert.java:86)
		at org.junit.Assert.assertTrue(Assert.java:41)
		at org.junit.Assert.assertTrue(Assert.java:52)
		at se.redmind.rmtest.selenium.example.CreateRandomRes3.random14(CreateRandomRes3.java:128)
	</failure>
</testcase>
<testcase name="random1[OSX_10.9.5_UNKNOWN_explorer_10]" classname="se.redmind.rmtest.selenium.example.RandomClass8(20150317-080346)" time="1.0681248"/>
<testcase name="random1[OSX_10.9.5_UNKNOWN_opera_15]" classname="se.redmind.rmtest.selenium.example.RandomClass8(20150317-080346)" time="0.9790188">
	<failure type="java.lang.AssertionError:">java.lang.AssertionError: null
		at org.junit.Assert.fail(Assert.java:86)
		at org.junit.Assert.assertTrue(Assert.java:41)
		at org.junit.Assert.assertTrue(Assert.java:52)
		at se.redmind.rmtest.selenium.example.CreateRandomRes3.random14(CreateRandomRes3.java:128)
	</failure>
</testcase>
<testcase name="random1[Windows_10_UNKNOWN_firefox_31]" classname="se.redmind.rmtest.selenium.example.RandomClass8(20150317-080346)" time="1.8323635"/>
<testcase name="random1[Windows_10_UNKNOWN_chrome_42]" classname="se.redmind.rmtest.selenium.example.RandomClass8(20150317-080346)" time="0.44904554">
	<failure type="java.lang.AssertionError:">java.lang.AssertionError: null
		at org.junit.Assert.fail(Assert.java:86)
		at org.junit.Assert.assertTrue(Assert.java:41)
		at org.junit.Assert.assertTrue(Assert.java:52)
		at se.redmind.rmtest.selenium.example.CreateRandomRes3.random14(CreateRandomRes3.java:128)
	</failure>
</testcase>
<testcase name="random1[Windows_10_UNKNOWN_explorer_10]" classname="se.redmind.rmtest.selenium.example.RandomClass8(20150317-080346)" time="1.6928902"/>
<testcase name="random1[Windows_10_UNKNOWN_opera_15]" classname="se.redmind.rmtest.selenium.example.RandomClass8(20150317-080346)" time="1.5083956"/>
<testcase name="random1[Ubuntu_14.04_UNKNOWN_firefox_31]" classname="se.redmind.rmtest.selenium.example.RandomClass8(20150317-080346)" time="0.5558511"/>
<testcase name="random1[Ubuntu_14.04_UNKNOWN_chrome_42]" classname="se.redmind.rmtest.selenium.example.RandomClass8(20150317-080346)" time="0.47454262">
	<failure type="java.lang.AssertionError:">java.lang.AssertionError: null
		at org.junit.Assert.fail(Assert.java:86)
		at org.junit.Assert.assertTrue(Assert.java:41)
		at org.junit.Assert.assertTrue(Assert.java:52)
		at se.redmind.rmtest.selenium.example.CreateRandomRes3.random14(CreateRandomRes3.java:128)
	</failure>
</testcase>
<testcase name="random1[Ubuntu_14.04_UNKNOWN_explorer_10]" classname="se.redmind.rmtest.selenium.example.RandomClass8(20150317-080346)" time="0.0355649"/>
<testcase name="random1[Ubuntu_14.04_UNKNOWN_opera_15]" classname="se.redmind.rmtest.selenium.example.RandomClass8(20150317-080346)" time="1.2814773">
	<failure type="java.lang.AssertionError:">java.lang.AssertionError: null
		at org.junit.Assert.fail(Assert.java:86)
		at org.junit.Assert.assertTrue(Assert.java:41)
		at org.junit.Assert.assertTrue(Assert.java:52)
		at se.redmind.rmtest.selenium.example.CreateRandomRes3.random14(CreateRandomRes3.java:128)
	</failure>
</testcase>
<testcase name="random1[Ubuntu_12.10_UNKNOWN_firefox_31]" classname="se.redmind.rmtest.selenium.example.RandomClass8(20150317-080346)" time="1.8896024">
	<failure type="java.lang.AssertionError:">java.lang.AssertionError: null
		at org.junit.Assert.fail(Assert.java:86)
		at org.junit.Assert.assertTrue(Assert.java:41)
		at org.junit.Assert.assertTrue(Assert.java:52)
		at se.redmind.rmtest.selenium.example.CreateRandomRes3.random14(CreateRandomRes3.java:128)
	</failure>
</testcase>
<testcase name="random1[Ubuntu_12.10_UNKNOWN_chrome_42]" classname="se.redmind.rmtest.selenium.example.RandomClass8(20150317-080346)" time="1.699996">
	<failure type="java.lang.AssertionError:">java.lang.AssertionError: null
		at org.junit.Assert.fail(Assert.java:86)
		at org.junit.Assert.assertTrue(Assert.java:41)
		at org.junit.Assert.assertTrue(Assert.java:52)
		at se.redmind.rmtest.selenium.example.CreateRandomRes3.random14(CreateRandomRes3.java:128)
	</failure>
</testcase>
<testcase name="random1[Ubuntu_12.10_UNKNOWN_explorer_10]" classname="se.redmind.rmtest.selenium.example.RandomClass8(20150317-080346)" time="0.07822168"/>
<testcase name="random1[Ubuntu_12.10_UNKNOWN_opera_15]" classname="se.redmind.rmtest.selenium.example.RandomClass8(20150317-080346)" time="0.08767855"/>
<testcase name="random2[Android_4.4.4_HTC ONE_firefox_31]" classname="se.redmind.rmtest.selenium.example.RandomClass8(20150317-080346)" time="0.9601029"/>
<testcase name="random2[Android_4.4.4_HTC ONE_chrome_42]" classname="se.redmind.rmtest.selenium.example.RandomClass8(20150317-080346)" time="0.3045137"/>
<testcase name="random2[Android_4.4.4_HTC ONE_explorer_10]" classname="se.redmind.rmtest.selenium.example.RandomClass8(20150317-080346)" time="0.34343123"/>
<testcase name="random2[Android_4.4.4_HTC ONE_opera_15]" classname="se.redmind.rmtest.selenium.example.RandomClass8(20150317-080346)" time="1.550689">
	<failure type="java.lang.AssertionError:">java.lang.AssertionError: null
		at org.junit.Assert.fail(Assert.java:86)
		at org.junit.Assert.assertTrue(Assert.java:41)
		at org.junit.Assert.assertTrue(Assert.java:52)
		at se.redmind.rmtest.selenium.example.CreateRandomRes3.random14(CreateRandomRes3.java:128)
	</failure>
</testcase>
<testcase name="random2[Android_5.1_Nexus 6_firefox_31]" classname="se.redmind.rmtest.selenium.example.RandomClass8(20150317-080346)" time="0.61343086">
	<failure type="java.lang.AssertionError:">java.lang.AssertionError: null
		at org.junit.Assert.fail(Assert.java:86)
		at org.junit.Assert.assertTrue(Assert.java:41)
		at org.junit.Assert.assertTrue(Assert.java:52)
		at se.redmind.rmtest.selenium.example.CreateRandomRes3.random14(CreateRandomRes3.java:128)
	</failure>
</testcase>
<testcase name="random2[Android_5.1_Nexus 6_chrome_42]" classname="se.redmind.rmtest.selenium.example.RandomClass8(20150317-080346)" time="0.35033536">
	<failure type="java.lang.AssertionError:">java.lang.AssertionError: null
		at org.junit.Assert.fail(Assert.java:86)
		at org.junit.Assert.assertTrue(Assert.java:41)
		at org.junit.Assert.assertTrue(Assert.java:52)
		at se.redmind.rmtest.selenium.example.CreateRandomRes3.random14(CreateRandomRes3.java:128)
	</failure>
</testcase>
<testcase name="random2[Android_5.1_Nexus 6_explorer_10]" classname="se.redmind.rmtest.selenium.example.RandomClass8(20150317-080346)" time="0.17102265"/>
<testcase name="random2[Android_5.1_Nexus 6_opera_15]" classname="se.redmind.rmtest.selenium.example.RandomClass8(20150317-080346)" time="1.7182312"/>
<testcase name="random2[Android_2.3_VeiVei_firefox_31]" classname="se.redmind.rmtest.selenium.example.RandomClass8(20150317-080346)" time="0.16658545"/>
<testcase name="random2[Android_2.3_VeiVei_chrome_42]" classname="se.redmind.rmtest.selenium.example.RandomClass8(20150317-080346)" time="1.4778976">
	<failure type="java.lang.AssertionError:">java.lang.AssertionError: null
		at org.junit.Assert.fail(Assert.java:86)
		at org.junit.Assert.assertTrue(Assert.java:41)
		at org.junit.Assert.assertTrue(Assert.java:52)
		at se.redmind.rmtest.selenium.example.CreateRandomRes3.random14(CreateRandomRes3.java:128)
	</failure>
</testcase>
<testcase name="random2[Android_2.3_VeiVei_explorer_10]" classname="se.redmind.rmtest.selenium.example.RandomClass8(20150317-080346)" time="0.7030164"/>
<testcase name="random2[Android_2.3_VeiVei_opera_15]" classname="se.redmind.rmtest.selenium.example.RandomClass8(20150317-080346)" time="1.9732162">
	<failure type="java.lang.AssertionError:">java.lang.AssertionError: null
		at org.junit.Assert.fail(Assert.java:86)
		at org.junit.Assert.assertTrue(Assert.java:41)
		at org.junit.Assert.assertTrue(Assert.java:52)
		at se.redmind.rmtest.selenium.example.CreateRandomRes3.random14(CreateRandomRes3.java:128)
	</failure>
</testcase>
<testcase name="random2[Android_4.4.4_Sony Experia Z3_firefox_31]" classname="se.redmind.rmtest.selenium.example.RandomClass8(20150317-080346)" time="1.9927675"/>
<testcase name="random2[Android_4.4.4_Sony Experia Z3_chrome_42]" classname="se.redmind.rmtest.selenium.example.RandomClass8(20150317-080346)" time="1.8475996">
	<failure type="java.lang.AssertionError:">java.lang.AssertionError: null
		at org.junit.Assert.fail(Assert.java:86)
		at org.junit.Assert.assertTrue(Assert.java:41)
		at org.junit.Assert.assertTrue(Assert.java:52)
		at se.redmind.rmtest.selenium.example.CreateRandomRes3.random14(CreateRandomRes3.java:128)
	</failure>
</testcase>
<testcase name="random2[Android_4.4.4_Sony Experia Z3_explorer_10]" classname="se.redmind.rmtest.selenium.example.RandomClass8(20150317-080346)" time="0.25655532"/>
<testcase name="random2[Android_4.4.4_Sony Experia Z3_opera_15]" classname="se.redmind.rmtest.selenium.example.RandomClass8(20150317-080346)" time="0.8203479"/>
<testcase name="random2[IOS_8.2_iPhone 6_firefox_31]" classname="se.redmind.rmtest.selenium.example.RandomClass8(20150317-080346)" time="0.08161378">
	<failure type="java.lang.AssertionError:">java.lang.AssertionError: null
		at org.junit.Assert.fail(Assert.java:86)
		at org.junit.Assert.assertTrue(Assert.java:41)
		at org.junit.Assert.assertTrue(Assert.java:52)
		at se.redmind.rmtest.selenium.example.CreateRandomRes3.random14(CreateRandomRes3.java:128)
	</failure>
</testcase>
<testcase name="random2[IOS_8.2_iPhone 6_chrome_42]" classname="se.redmind.rmtest.selenium.example.RandomClass8(20150317-080346)" time="1.217505">
	<failure type="java.lang.AssertionError:">java.lang.AssertionError: null
		at org.junit.Assert.fail(Assert.java:86)
		at org.junit.Assert.assertTrue(Assert.java:41)
		at org.junit.Assert.assertTrue(Assert.java:52)
		at se.redmind.rmtest.selenium.example.CreateRandomRes3.random14(CreateRandomRes3.java:128)
	</failure>
</testcase>
<testcase name="random2[IOS_8.2_iPhone 6_explorer_10]" classname="se.redmind.rmtest.selenium.example.RandomClass8(20150317-080346)" time="1.8852402">
	<failure type="java.lang.AssertionError:">java.lang.AssertionError: null
		at org.junit.Assert.fail(Assert.java:86)
		at org.junit.Assert.assertTrue(Assert.java:41)
		at org.junit.Assert.assertTrue(Assert.java:52)
		at se.redmind.rmtest.selenium.example.CreateRandomRes3.random14(CreateRandomRes3.java:128)
	</failure>
</testcase>
<testcase name="random2[IOS_8.2_iPhone 6_opera_15]" classname="se.redmind.rmtest.selenium.example.RandomClass8(20150317-080346)" time="0.14571404">
	<failure type="java.lang.AssertionError:">java.lang.AssertionError: null
		at org.junit.Assert.fail(Assert.java:86)
		at org.junit.Assert.assertTrue(Assert.java:41)
		at org.junit.Assert.assertTrue(Assert.java:52)
		at se.redmind.rmtest.selenium.example.CreateRandomRes3.random14(CreateRandomRes3.java:128)
	</failure>
</testcase>
<testcase name="random2[IOS_4_iPhone 3Gs_firefox_31]" classname="se.redmind.rmtest.selenium.example.RandomClass8(20150317-080346)" time="0.554855"/>
<testcase name="random2[IOS_4_iPhone 3Gs_chrome_42]" classname="se.redmind.rmtest.selenium.example.RandomClass8(20150317-080346)" time="0.16317165">
	<failure type="java.lang.AssertionError:">java.lang.AssertionError: null
		at org.junit.Assert.fail(Assert.java:86)
		at org.junit.Assert.assertTrue(Assert.java:41)
		at org.junit.Assert.assertTrue(Assert.java:52)
		at se.redmind.rmtest.selenium.example.CreateRandomRes3.random14(CreateRandomRes3.java:128)
	</failure>
</testcase>
<testcase name="random2[IOS_4_iPhone 3Gs_explorer_10]" classname="se.redmind.rmtest.selenium.example.RandomClass8(20150317-080346)" time="1.1146308"/>
<testcase name="random2[IOS_4_iPhone 3Gs_opera_15]" classname="se.redmind.rmtest.selenium.example.RandomClass8(20150317-080346)" time="0.26933753">
	<failure type="java.lang.AssertionError:">java.lang.AssertionError: null
		at org.junit.Assert.fail(Assert.java:86)
		at org.junit.Assert.assertTrue(Assert.java:41)
		at org.junit.Assert.assertTrue(Assert.java:52)
		at se.redmind.rmtest.selenium.example.CreateRandomRes3.random14(CreateRandomRes3.java:128)
	</failure>
</testcase>
<testcase name="random2[OSX_10.9.5_UNKNOWN_firefox_31]" classname="se.redmind.rmtest.selenium.example.RandomClass8(20150317-080346)" time="0.6539191">
	<failure type="java.lang.AssertionError:">java.lang.AssertionError: null
		at org.junit.Assert.fail(Assert.java:86)
		at org.junit.Assert.assertTrue(Assert.java:41)
		at org.junit.Assert.assertTrue(Assert.java:52)
		at se.redmind.rmtest.selenium.example.CreateRandomRes3.random14(CreateRandomRes3.java:128)
	</failure>
</testcase>
<testcase name="random2[OSX_10.9.5_UNKNOWN_chrome_42]" classname="se.redmind.rmtest.selenium.example.RandomClass8(20150317-080346)" time="0.4015795"/>
<testcase name="random2[OSX_10.9.5_UNKNOWN_explorer_10]" classname="se.redmind.rmtest.selenium.example.RandomClass8(20150317-080346)" time="0.5047767">
	<failure type="java.lang.AssertionError:">java.lang.AssertionError: null
		at org.junit.Assert.fail(Assert.java:86)
		at org.junit.Assert.assertTrue(Assert.java:41)
		at org.junit.Assert.assertTrue(Assert.java:52)
		at se.redmind.rmtest.selenium.example.CreateRandomRes3.random14(CreateRandomRes3.java:128)
	</failure>
</testcase>
<testcase name="random2[OSX_10.9.5_UNKNOWN_opera_15]" classname="se.redmind.rmtest.selenium.example.RandomClass8(20150317-080346)" time="0.80631804"/>
<testcase name="random2[Windows_10_UNKNOWN_firefox_31]" classname="se.redmind.rmtest.selenium.example.RandomClass8(20150317-080346)" time="1.7238367"/>
<testcase name="random2[Windows_10_UNKNOWN_chrome_42]" classname="se.redmind.rmtest.selenium.example.RandomClass8(20150317-080346)" time="1.9578193">
	<failure type="java.lang.AssertionError:">java.lang.AssertionError: null
		at org.junit.Assert.fail(Assert.java:86)
		at org.junit.Assert.assertTrue(Assert.java:41)
		at org.junit.Assert.assertTrue(Assert.java:52)
		at se.redmind.rmtest.selenium.example.CreateRandomRes3.random14(CreateRandomRes3.java:128)
	</failure>
</testcase>
<testcase name="random2[Windows_10_UNKNOWN_explorer_10]" classname="se.redmind.rmtest.selenium.example.RandomClass8(20150317-080346)" time="1.8323413"/>
<testcase name="random2[Windows_10_UNKNOWN_opera_15]" classname="se.redmind.rmtest.selenium.example.RandomClass8(20150317-080346)" time="0.026862264">
	<failure type="java.lang.AssertionError:">java.lang.AssertionError: null
		at org.junit.Assert.fail(Assert.java:86)
		at org.junit.Assert.assertTrue(Assert.java:41)
		at org.junit.Assert.assertTrue(Assert.java:52)
		at se.redmind.rmtest.selenium.example.CreateRandomRes3.random14(CreateRandomRes3.java:128)
	</failure>
</testcase>
<testcase name="random2[Ubuntu_14.04_UNKNOWN_firefox_31]" classname="se.redmind.rmtest.selenium.example.RandomClass8(20150317-080346)" time="1.0856482"/>
<testcase name="random2[Ubuntu_14.04_UNKNOWN_chrome_42]" classname="se.redmind.rmtest.selenium.example.RandomClass8(20150317-080346)" time="1.3238012">
	<failure type="java.lang.AssertionError:">java.lang.AssertionError: null
		at org.junit.Assert.fail(Assert.java:86)
		at org.junit.Assert.assertTrue(Assert.java:41)
		at org.junit.Assert.assertTrue(Assert.java:52)
		at se.redmind.rmtest.selenium.example.CreateRandomRes3.random14(CreateRandomRes3.java:128)
	</failure>
</testcase>
<testcase name="random2[Ubuntu_14.04_UNKNOWN_explorer_10]" classname="se.redmind.rmtest.selenium.example.RandomClass8(20150317-080346)" time="0.9129784">
	<failure type="java.lang.AssertionError:">java.lang.AssertionError: null
		at org.junit.Assert.fail(Assert.java:86)
		at org.junit.Assert.assertTrue(Assert.java:41)
		at org.junit.Assert.assertTrue(Assert.java:52)
		at se.redmind.rmtest.selenium.example.CreateRandomRes3.random14(CreateRandomRes3.java:128)
	</failure>
</testcase>
<testcase name="random2[Ubuntu_14.04_UNKNOWN_opera_15]" classname="se.redmind.rmtest.selenium.example.RandomClass8(20150317-080346)" time="1.1109725">
	<failure type="java.lang.AssertionError:">java.lang.AssertionError: null
		at org.junit.Assert.fail(Assert.java:86)
		at org.junit.Assert.assertTrue(Assert.java:41)
		at org.junit.Assert.assertTrue(Assert.java:52)
		at se.redmind.rmtest.selenium.example.CreateRandomRes3.random14(CreateRandomRes3.java:128)
	</failure>
</testcase>
<testcase name="random2[Ubuntu_12.10_UNKNOWN_firefox_31]" classname="se.redmind.rmtest.selenium.example.RandomClass8(20150317-080346)" time="0.8057451">
	<failure type="java.lang.AssertionError:">java.lang.AssertionError: null
		at org.junit.Assert.fail(Assert.java:86)
		at org.junit.Assert.assertTrue(Assert.java:41)
		at org.junit.Assert.assertTrue(Assert.java:52)
		at se.redmind.rmtest.selenium.example.CreateRandomRes3.random14(CreateRandomRes3.java:128)
	</failure>
</testcase>
<testcase name="random2[Ubuntu_12.10_UNKNOWN_chrome_42]" classname="se.redmind.rmtest.selenium.example.RandomClass8(20150317-080346)" time="1.4742985"/>
<testcase name="random2[Ubuntu_12.10_UNKNOWN_explorer_10]" classname="se.redmind.rmtest.selenium.example.RandomClass8(20150317-080346)" time="0.6017791">
	<failure type="java.lang.AssertionError:">java.lang.AssertionError: null
		at org.junit.Assert.fail(Assert.java:86)
		at org.junit.Assert.assertTrue(Assert.java:41)
		at org.junit.Assert.assertTrue(Assert.java:52)
		at se.redmind.rmtest.selenium.example.CreateRandomRes3.random14(CreateRandomRes3.java:128)
	</failure>
</testcase>
<testcase name="random2[Ubuntu_12.10_UNKNOWN_opera_15]" classname="se.redmind.rmtest.selenium.example.RandomClass8(20150317-080346)" time="0.16017902">
	<failure type="java.lang.AssertionError:">java.lang.AssertionError: null
		at org.junit.Assert.fail(Assert.java:86)
		at org.junit.Assert.assertTrue(Assert.java:41)
		at org.junit.Assert.assertTrue(Assert.java:52)
		at se.redmind.rmtest.selenium.example.CreateRandomRes3.random14(CreateRandomRes3.java:128)
	</failure>
</testcase>
<testcase name="random3[Android_4.4.4_HTC ONE_firefox_31]" classname="se.redmind.rmtest.selenium.example.RandomClass8(20150317-080346)" time="0.29589736"/>
<testcase name="random3[Android_4.4.4_HTC ONE_chrome_42]" classname="se.redmind.rmtest.selenium.example.RandomClass8(20150317-080346)" time="0.54123425">
	<failure type="java.lang.AssertionError:">java.lang.AssertionError: null
		at org.junit.Assert.fail(Assert.java:86)
		at org.junit.Assert.assertTrue(Assert.java:41)
		at org.junit.Assert.assertTrue(Assert.java:52)
		at se.redmind.rmtest.selenium.example.CreateRandomRes3.random14(CreateRandomRes3.java:128)
	</failure>
</testcase>
<testcase name="random3[Android_4.4.4_HTC ONE_explorer_10]" classname="se.redmind.rmtest.selenium.example.RandomClass8(20150317-080346)" time="1.2294669"/>
<testcase name="random3[Android_4.4.4_HTC ONE_opera_15]" classname="se.redmind.rmtest.selenium.example.RandomClass8(20150317-080346)" time="1.3856232"/>
<testcase name="random3[Android_5.1_Nexus 6_firefox_31]" classname="se.redmind.rmtest.selenium.example.RandomClass8(20150317-080346)" time="0.5173191">
	<failure type="java.lang.AssertionError:">java.lang.AssertionError: null
		at org.junit.Assert.fail(Assert.java:86)
		at org.junit.Assert.assertTrue(Assert.java:41)
		at org.junit.Assert.assertTrue(Assert.java:52)
		at se.redmind.rmtest.selenium.example.CreateRandomRes3.random14(CreateRandomRes3.java:128)
	</failure>
</testcase>
<testcase name="random3[Android_5.1_Nexus 6_chrome_42]" classname="se.redmind.rmtest.selenium.example.RandomClass8(20150317-080346)" time="0.5163615">
	<failure type="java.lang.AssertionError:">java.lang.AssertionError: null
		at org.junit.Assert.fail(Assert.java:86)
		at org.junit.Assert.assertTrue(Assert.java:41)
		at org.junit.Assert.assertTrue(Assert.java:52)
		at se.redmind.rmtest.selenium.example.CreateRandomRes3.random14(CreateRandomRes3.java:128)
	</failure>
</testcase>
<testcase name="random3[Android_5.1_Nexus 6_explorer_10]" classname="se.redmind.rmtest.selenium.example.RandomClass8(20150317-080346)" time="1.2175267">
	<failure type="java.lang.AssertionError:">java.lang.AssertionError: null
		at org.junit.Assert.fail(Assert.java:86)
		at org.junit.Assert.assertTrue(Assert.java:41)
		at org.junit.Assert.assertTrue(Assert.java:52)
		at se.redmind.rmtest.selenium.example.CreateRandomRes3.random14(CreateRandomRes3.java:128)
	</failure>
</testcase>
<testcase name="random3[Android_5.1_Nexus 6_opera_15]" classname="se.redmind.rmtest.selenium.example.RandomClass8(20150317-080346)" time="1.4107999">
	<failure type="java.lang.AssertionError:">java.lang.AssertionError: null
		at org.junit.Assert.fail(Assert.java:86)
		at org.junit.Assert.assertTrue(Assert.java:41)
		at org.junit.Assert.assertTrue(Assert.java:52)
		at se.redmind.rmtest.selenium.example.CreateRandomRes3.random14(CreateRandomRes3.java:128)
	</failure>
</testcase>
<testcase name="random3[Android_2.3_VeiVei_firefox_31]" classname="se.redmind.rmtest.selenium.example.RandomClass8(20150317-080346)" time="0.099298">
	<failure type="java.lang.AssertionError:">java.lang.AssertionError: null
		at org.junit.Assert.fail(Assert.java:86)
		at org.junit.Assert.assertTrue(Assert.java:41)
		at org.junit.Assert.assertTrue(Assert.java:52)
		at se.redmind.rmtest.selenium.example.CreateRandomRes3.random14(CreateRandomRes3.java:128)
	</failure>
</testcase>
<testcase name="random3[Android_2.3_VeiVei_chrome_42]" classname="se.redmind.rmtest.selenium.example.RandomClass8(20150317-080346)" time="1.0298178">
	<failure type="java.lang.AssertionError:">java.lang.AssertionError: null
		at org.junit.Assert.fail(Assert.java:86)
		at org.junit.Assert.assertTrue(Assert.java:41)
		at org.junit.Assert.assertTrue(Assert.java:52)
		at se.redmind.rmtest.selenium.example.CreateRandomRes3.random14(CreateRandomRes3.java:128)
	</failure>
</testcase>
<testcase name="random3[Android_2.3_VeiVei_explorer_10]" classname="se.redmind.rmtest.selenium.example.RandomClass8(20150317-080346)" time="1.9344134"/>
<testcase name="random3[Android_2.3_VeiVei_opera_15]" classname="se.redmind.rmtest.selenium.example.RandomClass8(20150317-080346)" time="1.6661301">
	<failure type="java.lang.AssertionError:">java.lang.AssertionError: null
		at org.junit.Assert.fail(Assert.java:86)
		at org.junit.Assert.assertTrue(Assert.java:41)
		at org.junit.Assert.assertTrue(Assert.java:52)
		at se.redmind.rmtest.selenium.example.CreateRandomRes3.random14(CreateRandomRes3.java:128)
	</failure>
</testcase>
<testcase name="random3[Android_4.4.4_Sony Experia Z3_firefox_31]" classname="se.redmind.rmtest.selenium.example.RandomClass8(20150317-080346)" time="0.29191887"/>
<testcase name="random3[Android_4.4.4_Sony Experia Z3_chrome_42]" classname="se.redmind.rmtest.selenium.example.RandomClass8(20150317-080346)" time="0.27335238">
	<error type="java.lang.AssertionError:">java.lang.AssertionError: null
		at org.junit.Assert.fail(Assert.java:86)
		at org.junit.Assert.assertTrue(Assert.java:41)
		at org.junit.Assert.assertTrue(Assert.java:52)
		at se.redmind.rmtest.selenium.example.CreateRandomRes3.random14(CreateRandomRes3.java:128)
	</error>
</testcase>
<testcase name="random3[Android_4.4.4_Sony Experia Z3_explorer_10]" classname="se.redmind.rmtest.selenium.example.RandomClass8(20150317-080346)" time="0.4361415">
	<failure type="java.lang.AssertionError:">java.lang.AssertionError: null
		at org.junit.Assert.fail(Assert.java:86)
		at org.junit.Assert.assertTrue(Assert.java:41)
		at org.junit.Assert.assertTrue(Assert.java:52)
		at se.redmind.rmtest.selenium.example.CreateRandomRes3.random14(CreateRandomRes3.java:128)
	</failure>
</testcase>
<testcase name="random3[Android_4.4.4_Sony Experia Z3_opera_15]" classname="se.redmind.rmtest.selenium.example.RandomClass8(20150317-080346)" time="1.8578593"/>
<testcase name="random3[IOS_8.2_iPhone 6_firefox_31]" classname="se.redmind.rmtest.selenium.example.RandomClass8(20150317-080346)" time="1.7261926"/>
<testcase name="random3[IOS_8.2_iPhone 6_chrome_42]" classname="se.redmind.rmtest.selenium.example.RandomClass8(20150317-080346)" time="1.0881233">
	<failure type="java.lang.AssertionError:">java.lang.AssertionError: null
		at org.junit.Assert.fail(Assert.java:86)
		at org.junit.Assert.assertTrue(Assert.java:41)
		at org.junit.Assert.assertTrue(Assert.java:52)
		at se.redmind.rmtest.selenium.example.CreateRandomRes3.random14(CreateRandomRes3.java:128)
	</failure>
</testcase>
<testcase name="random3[IOS_8.2_iPhone 6_explorer_10]" classname="se.redmind.rmtest.selenium.example.RandomClass8(20150317-080346)" time="0.8288828">
	<failure type="java.lang.AssertionError:">java.lang.AssertionError: null
		at org.junit.Assert.fail(Assert.java:86)
		at org.junit.Assert.assertTrue(Assert.java:41)
		at org.junit.Assert.assertTrue(Assert.java:52)
		at se.redmind.rmtest.selenium.example.CreateRandomRes3.random14(CreateRandomRes3.java:128)
	</failure>
</testcase>
<testcase name="random3[IOS_8.2_iPhone 6_opera_15]" classname="se.redmind.rmtest.selenium.example.RandomClass8(20150317-080346)" time="1.58334"/>
<testcase name="random3[IOS_4_iPhone 3Gs_firefox_31]" classname="se.redmind.rmtest.selenium.example.RandomClass8(20150317-080346)" time="1.5161799">
<skipped/>
</testcase>
<testcase name="random3[IOS_4_iPhone 3Gs_firefox_31]" classname="se.redmind.rmtest.selenium.example.RandomClass8(20150317-080346)" time="0.22274947">
	<failure type="java.lang.AssertionError:">java.lang.AssertionError: null
		at org.junit.Assert.fail(Assert.java:86)
		at org.junit.Assert.assertTrue(Assert.java:41)
		at org.junit.Assert.assertTrue(Assert.java:52)
		at se.redmind.rmtest.selenium.example.CreateRandomRes3.random14(CreateRandomRes3.java:128)
	</failure>
</testcase>
<testcase name="random3[IOS_4_iPhone 3Gs_chrome_42]" classname="se.redmind.rmtest.selenium.example.RandomClass8(20150317-080346)" time="1.8840055">
<skipped/>
</testcase>
<testcase name="random3[IOS_4_iPhone 3Gs_chrome_42]" classname="se.redmind.rmtest.selenium.example.RandomClass8(20150317-080346)" time="1.795453">
	<failure type="java.lang.AssertionError:">java.lang.AssertionError: null
		at org.junit.Assert.fail(Assert.java:86)
		at org.junit.Assert.assertTrue(Assert.java:41)
		at org.junit.Assert.assertTrue(Assert.java:52)
		at se.redmind.rmtest.selenium.example.CreateRandomRes3.random14(CreateRandomRes3.java:128)
	</failure>
</testcase>
<testcase name="random3[IOS_4_iPhone 3Gs_explorer_10]" classname="se.redmind.rmtest.selenium.example.RandomClass8(20150317-080346)" time="1.9443879">
<skipped/>
</testcase>
<testcase name="random3[IOS_4_iPhone 3Gs_explorer_10]" classname="se.redmind.rmtest.selenium.example.RandomClass8(20150317-080346)" time="1.2403368">
	<failure type="java.lang.AssertionError:">java.lang.AssertionError: null
		at org.junit.Assert.fail(Assert.java:86)
		at org.junit.Assert.assertTrue(Assert.java:41)
		at org.junit.Assert.assertTrue(Assert.java:52)
		at se.redmind.rmtest.selenium.example.CreateRandomRes3.random14(CreateRandomRes3.java:128)
	</failure>
</testcase>
<testcase name="random3[IOS_4_iPhone 3Gs_opera_15]" classname="se.redmind.rmtest.selenium.example.RandomClass8(20150317-080346)" time="1.5931568">
<skipped/>
</testcase>
<testcase name="random3[IOS_4_iPhone 3Gs_opera_15]" classname="se.redmind.rmtest.selenium.example.RandomClass8(20150317-080346)" time="1.4139681">
	<failure type="java.lang.AssertionError:">java.lang.AssertionError: null
		at org.junit.Assert.fail(Assert.java:86)
		at org.junit.Assert.assertTrue(Assert.java:41)
		at org.junit.Assert.assertTrue(Assert.java:52)
		at se.redmind.rmtest.selenium.example.CreateRandomRes3.random14(CreateRandomRes3.java:128)
	</failure>
</testcase>
<testcase name="random3[OSX_10.9.5_UNKNOWN_firefox_31]" classname="se.redmind.rmtest.selenium.example.RandomClass8(20150317-080346)" time="0.8529823"/>
<testcase name="random3[OSX_10.9.5_UNKNOWN_chrome_42]" classname="se.redmind.rmtest.selenium.example.RandomClass8(20150317-080346)" time="0.8682052">
	<failure type="java.lang.AssertionError:">java.lang.AssertionError: null
		at org.junit.Assert.fail(Assert.java:86)
		at org.junit.Assert.assertTrue(Assert.java:41)
		at org.junit.Assert.assertTrue(Assert.java:52)
		at se.redmind.rmtest.selenium.example.CreateRandomRes3.random14(CreateRandomRes3.java:128)
	</failure>
</testcase>
<testcase name="random3[OSX_10.9.5_UNKNOWN_explorer_10]" classname="se.redmind.rmtest.selenium.example.RandomClass8(20150317-080346)" time="0.18557274"/>
<testcase name="random3[OSX_10.9.5_UNKNOWN_opera_15]" classname="se.redmind.rmtest.selenium.example.RandomClass8(20150317-080346)" time="0.50442195"/>
<testcase name="random3[Windows_10_UNKNOWN_firefox_31]" classname="se.redmind.rmtest.selenium.example.RandomClass8(20150317-080346)" time="0.022999287">
	<failure type="java.lang.AssertionError:">java.lang.AssertionError: null
		at org.junit.Assert.fail(Assert.java:86)
		at org.junit.Assert.assertTrue(Assert.java:41)
		at org.junit.Assert.assertTrue(Assert.java:52)
		at se.redmind.rmtest.selenium.example.CreateRandomRes3.random14(CreateRandomRes3.java:128)
	</failure>
</testcase>
<testcase name="random3[Windows_10_UNKNOWN_chrome_42]" classname="se.redmind.rmtest.selenium.example.RandomClass8(20150317-080346)" time="1.4041878"/>
<testcase name="random3[Windows_10_UNKNOWN_explorer_10]" classname="se.redmind.rmtest.selenium.example.RandomClass8(20150317-080346)" time="1.2879404"/>
<testcase name="random3[Windows_10_UNKNOWN_opera_15]" classname="se.redmind.rmtest.selenium.example.RandomClass8(20150317-080346)" time="1.1093012">
	<failure type="java.lang.AssertionError:">java.lang.AssertionError: null
		at org.junit.Assert.fail(Assert.java:86)
		at org.junit.Assert.assertTrue(Assert.java:41)
		at org.junit.Assert.assertTrue(Assert.java:52)
		at se.redmind.rmtest.selenium.example.CreateRandomRes3.random14(CreateRandomRes3.java:128)
	</failure>
</testcase>
<testcase name="random3[Ubuntu_14.04_UNKNOWN_firefox_31]" classname="se.redmind.rmtest.selenium.example.RandomClass8(20150317-080346)" time="1.6324648">
	<failure type="java.lang.AssertionError:">java.lang.AssertionError: null
		at org.junit.Assert.fail(Assert.java:86)
		at org.junit.Assert.assertTrue(Assert.java:41)
		at org.junit.Assert.assertTrue(Assert.java:52)
		at se.redmind.rmtest.selenium.example.CreateRandomRes3.random14(CreateRandomRes3.java:128)
	</failure>
</testcase>
<testcase name="random3[Ubuntu_14.04_UNKNOWN_chrome_42]" classname="se.redmind.rmtest.selenium.example.RandomClass8(20150317-080346)" time="1.9383384"/>
<testcase name="random3[Ubuntu_14.04_UNKNOWN_explorer_10]" classname="se.redmind.rmtest.selenium.example.RandomClass8(20150317-080346)" time="1.4073339"/>
<testcase name="random3[Ubuntu_14.04_UNKNOWN_opera_15]" classname="se.redmind.rmtest.selenium.example.RandomClass8(20150317-080346)" time="0.38551712">
	<failure type="java.lang.AssertionError:">java.lang.AssertionError: null
		at org.junit.Assert.fail(Assert.java:86)
		at org.junit.Assert.assertTrue(Assert.java:41)
		at org.junit.Assert.assertTrue(Assert.java:52)
		at se.redmind.rmtest.selenium.example.CreateRandomRes3.random14(CreateRandomRes3.java:128)
	</failure>
</testcase>
<testcase name="random3[Ubuntu_12.10_UNKNOWN_firefox_31]" classname="se.redmind.rmtest.selenium.example.RandomClass8(20150317-080346)" time="0.9559376"/>
<testcase name="random3[Ubuntu_12.10_UNKNOWN_chrome_42]" classname="se.redmind.rmtest.selenium.example.RandomClass8(20150317-080346)" time="0.5470853">
	<failure type="java.lang.AssertionError:">java.lang.AssertionError: null
		at org.junit.Assert.fail(Assert.java:86)
		at org.junit.Assert.assertTrue(Assert.java:41)
		at org.junit.Assert.assertTrue(Assert.java:52)
		at se.redmind.rmtest.selenium.example.CreateRandomRes3.random14(CreateRandomRes3.java:128)
	</failure>
</testcase>
<testcase name="random3[Ubuntu_12.10_UNKNOWN_explorer_10]" classname="se.redmind.rmtest.selenium.example.RandomClass8(20150317-080346)" time="1.4126259">
	<failure type="java.lang.AssertionError:">java.lang.AssertionError: null
		at org.junit.Assert.fail(Assert.java:86)
		at org.junit.Assert.assertTrue(Assert.java:41)
		at org.junit.Assert.assertTrue(Assert.java:52)
		at se.redmind.rmtest.selenium.example.CreateRandomRes3.random14(CreateRandomRes3.java:128)
	</failure>
</testcase>
<testcase name="random3[Ubuntu_12.10_UNKNOWN_opera_15]" classname="se.redmind.rmtest.selenium.example.RandomClass8(20150317-080346)" time="1.3637189">
	<failure type="java.lang.AssertionError:">java.lang.AssertionError: null
		at org.junit.Assert.fail(Assert.java:86)
		at org.junit.Assert.assertTrue(Assert.java:41)
		at org.junit.Assert.assertTrue(Assert.java:52)
		at se.redmind.rmtest.selenium.example.CreateRandomRes3.random14(CreateRandomRes3.java:128)
	</failure>
</testcase>
<testcase name="random4[Android_4.4.4_HTC ONE_firefox_31]" classname="se.redmind.rmtest.selenium.example.RandomClass8(20150317-080346)" time="0.73057985">
	<failure type="java.lang.AssertionError:">java.lang.AssertionError: null
		at org.junit.Assert.fail(Assert.java:86)
		at org.junit.Assert.assertTrue(Assert.java:41)
		at org.junit.Assert.assertTrue(Assert.java:52)
		at se.redmind.rmtest.selenium.example.CreateRandomRes3.random14(CreateRandomRes3.java:128)
	</failure>
</testcase>
<testcase name="random4[Android_4.4.4_HTC ONE_chrome_42]" classname="se.redmind.rmtest.selenium.example.RandomClass8(20150317-080346)" time="1.7591177">
	<failure type="java.lang.AssertionError:">java.lang.AssertionError: null
		at org.junit.Assert.fail(Assert.java:86)
		at org.junit.Assert.assertTrue(Assert.java:41)
		at org.junit.Assert.assertTrue(Assert.java:52)
		at se.redmind.rmtest.selenium.example.CreateRandomRes3.random14(CreateRandomRes3.java:128)
	</failure>
</testcase>
<testcase name="random4[Android_4.4.4_HTC ONE_explorer_10]" classname="se.redmind.rmtest.selenium.example.RandomClass8(20150317-080346)" time="0.29938936">
	<failure type="java.lang.AssertionError:">java.lang.AssertionError: null
		at org.junit.Assert.fail(Assert.java:86)
		at org.junit.Assert.assertTrue(Assert.java:41)
		at org.junit.Assert.assertTrue(Assert.java:52)
		at se.redmind.rmtest.selenium.example.CreateRandomRes3.random14(CreateRandomRes3.java:128)
	</failure>
</testcase>
<testcase name="random4[Android_4.4.4_HTC ONE_opera_15]" classname="se.redmind.rmtest.selenium.example.RandomClass8(20150317-080346)" time="0.48203647">
	<failure type="java.lang.AssertionError:">java.lang.AssertionError: null
		at org.junit.Assert.fail(Assert.java:86)
		at org.junit.Assert.assertTrue(Assert.java:41)
		at org.junit.Assert.assertTrue(Assert.java:52)
		at se.redmind.rmtest.selenium.example.CreateRandomRes3.random14(CreateRandomRes3.java:128)
	</failure>
</testcase>
<testcase name="random4[Android_5.1_Nexus 6_firefox_31]" classname="se.redmind.rmtest.selenium.example.RandomClass8(20150317-080346)" time="1.6232872">
	<failure type="java.lang.AssertionError:">java.lang.AssertionError: null
		at org.junit.Assert.fail(Assert.java:86)
		at org.junit.Assert.assertTrue(Assert.java:41)
		at org.junit.Assert.assertTrue(Assert.java:52)
		at se.redmind.rmtest.selenium.example.CreateRandomRes3.random14(CreateRandomRes3.java:128)
	</failure>
</testcase>
<testcase name="random4[Android_5.1_Nexus 6_chrome_42]" classname="se.redmind.rmtest.selenium.example.RandomClass8(20150317-080346)" time="0.9113635"/>
<testcase name="random4[Android_5.1_Nexus 6_explorer_10]" classname="se.redmind.rmtest.selenium.example.RandomClass8(20150317-080346)" time="1.9623214">
	<failure type="java.lang.AssertionError:">java.lang.AssertionError: null
		at org.junit.Assert.fail(Assert.java:86)
		at org.junit.Assert.assertTrue(Assert.java:41)
		at org.junit.Assert.assertTrue(Assert.java:52)
		at se.redmind.rmtest.selenium.example.CreateRandomRes3.random14(CreateRandomRes3.java:128)
	</failure>
</testcase>
<testcase name="random4[Android_5.1_Nexus 6_opera_15]" classname="se.redmind.rmtest.selenium.example.RandomClass8(20150317-080346)" time="1.2825003"/>
<testcase name="random4[Android_2.3_VeiVei_firefox_31]" classname="se.redmind.rmtest.selenium.example.RandomClass8(20150317-080346)" time="1.7921295">
	<failure type="java.lang.AssertionError:">java.lang.AssertionError: null
		at org.junit.Assert.fail(Assert.java:86)
		at org.junit.Assert.assertTrue(Assert.java:41)
		at org.junit.Assert.assertTrue(Assert.java:52)
		at se.redmind.rmtest.selenium.example.CreateRandomRes3.random14(CreateRandomRes3.java:128)
	</failure>
</testcase>
<testcase name="random4[Android_2.3_VeiVei_chrome_42]" classname="se.redmind.rmtest.selenium.example.RandomClass8(20150317-080346)" time="0.17995858"/>
<testcase name="random4[Android_2.3_VeiVei_explorer_10]" classname="se.redmind.rmtest.selenium.example.RandomClass8(20150317-080346)" time="0.6865754">
	<failure type="java.lang.AssertionError:">java.lang.AssertionError: null
		at org.junit.Assert.fail(Assert.java:86)
		at org.junit.Assert.assertTrue(Assert.java:41)
		at org.junit.Assert.assertTrue(Assert.java:52)
		at se.redmind.rmtest.selenium.example.CreateRandomRes3.random14(CreateRandomRes3.java:128)
	</failure>
</testcase>
<testcase name="random4[Android_2.3_VeiVei_opera_15]" classname="se.redmind.rmtest.selenium.example.RandomClass8(20150317-080346)" time="1.5493289">
	<failure type="java.lang.AssertionError:">java.lang.AssertionError: null
		at org.junit.Assert.fail(Assert.java:86)
		at org.junit.Assert.assertTrue(Assert.java:41)
		at org.junit.Assert.assertTrue(Assert.java:52)
		at se.redmind.rmtest.selenium.example.CreateRandomRes3.random14(CreateRandomRes3.java:128)
	</failure>
</testcase>
<testcase name="random4[Android_4.4.4_Sony Experia Z3_firefox_31]" classname="se.redmind.rmtest.selenium.example.RandomClass8(20150317-080346)" time="1.3126372">
	<failure type="java.lang.AssertionError:">java.lang.AssertionError: null
		at org.junit.Assert.fail(Assert.java:86)
		at org.junit.Assert.assertTrue(Assert.java:41)
		at org.junit.Assert.assertTrue(Assert.java:52)
		at se.redmind.rmtest.selenium.example.CreateRandomRes3.random14(CreateRandomRes3.java:128)
	</failure>
</testcase>
<testcase name="random4[Android_4.4.4_Sony Experia Z3_chrome_42]" classname="se.redmind.rmtest.selenium.example.RandomClass8(20150317-080346)" time="0.018336058"/>
<testcase name="random4[Android_4.4.4_Sony Experia Z3_explorer_10]" classname="se.redmind.rmtest.selenium.example.RandomClass8(20150317-080346)" time="0.3085934">
	<error type="java.lang.AssertionError:">java.lang.AssertionError: null
		at org.junit.Assert.fail(Assert.java:86)
		at org.junit.Assert.assertTrue(Assert.java:41)
		at org.junit.Assert.assertTrue(Assert.java:52)
		at se.redmind.rmtest.selenium.example.CreateRandomRes3.random14(CreateRandomRes3.java:128)
	</error>
</testcase>
<testcase name="random4[Android_4.4.4_Sony Experia Z3_opera_15]" classname="se.redmind.rmtest.selenium.example.RandomClass8(20150317-080346)" time="0.48967195">
	<failure type="java.lang.AssertionError:">java.lang.AssertionError: null
		at org.junit.Assert.fail(Assert.java:86)
		at org.junit.Assert.assertTrue(Assert.java:41)
		at org.junit.Assert.assertTrue(Assert.java:52)
		at se.redmind.rmtest.selenium.example.CreateRandomRes3.random14(CreateRandomRes3.java:128)
	</failure>
</testcase>
<testcase name="random4[IOS_8.2_iPhone 6_firefox_31]" classname="se.redmind.rmtest.selenium.example.RandomClass8(20150317-080346)" time="1.029156">
	<error type="java.lang.AssertionError:">java.lang.AssertionError: null
		at org.junit.Assert.fail(Assert.java:86)
		at org.junit.Assert.assertTrue(Assert.java:41)
		at org.junit.Assert.assertTrue(Assert.java:52)
		at se.redmind.rmtest.selenium.example.CreateRandomRes3.random14(CreateRandomRes3.java:128)
	</error>
</testcase>
<testcase name="random4[IOS_8.2_iPhone 6_chrome_42]" classname="se.redmind.rmtest.selenium.example.RandomClass8(20150317-080346)" time="0.09618509">
	<failure type="java.lang.AssertionError:">java.lang.AssertionError: null
		at org.junit.Assert.fail(Assert.java:86)
		at org.junit.Assert.assertTrue(Assert.java:41)
		at org.junit.Assert.assertTrue(Assert.java:52)
		at se.redmind.rmtest.selenium.example.CreateRandomRes3.random14(CreateRandomRes3.java:128)
	</failure>
</testcase>
<testcase name="random4[IOS_8.2_iPhone 6_explorer_10]" classname="se.redmind.rmtest.selenium.example.RandomClass8(20150317-080346)" time="0.07107186"/>
<testcase name="random4[IOS_8.2_iPhone 6_opera_15]" classname="se.redmind.rmtest.selenium.example.RandomClass8(20150317-080346)" time="0.2629956"/>
<testcase name="random4[IOS_4_iPhone 3Gs_firefox_31]" classname="se.redmind.rmtest.selenium.example.RandomClass8(20150317-080346)" time="1.4621289"/>
<testcase name="random4[IOS_4_iPhone 3Gs_chrome_42]" classname="se.redmind.rmtest.selenium.example.RandomClass8(20150317-080346)" time="0.29759026">
	<failure type="java.lang.AssertionError:">java.lang.AssertionError: null
		at org.junit.Assert.fail(Assert.java:86)
		at org.junit.Assert.assertTrue(Assert.java:41)
		at org.junit.Assert.assertTrue(Assert.java:52)
		at se.redmind.rmtest.selenium.example.CreateRandomRes3.random14(CreateRandomRes3.java:128)
	</failure>
</testcase>
<testcase name="random4[IOS_4_iPhone 3Gs_explorer_10]" classname="se.redmind.rmtest.selenium.example.RandomClass8(20150317-080346)" time="0.67762244">
	<failure type="java.lang.AssertionError:">java.lang.AssertionError: null
		at org.junit.Assert.fail(Assert.java:86)
		at org.junit.Assert.assertTrue(Assert.java:41)
		at org.junit.Assert.assertTrue(Assert.java:52)
		at se.redmind.rmtest.selenium.example.CreateRandomRes3.random14(CreateRandomRes3.java:128)
	</failure>
</testcase>
<testcase name="random4[IOS_4_iPhone 3Gs_opera_15]" classname="se.redmind.rmtest.selenium.example.RandomClass8(20150317-080346)" time="0.08741641">
	<failure type="java.lang.AssertionError:">java.lang.AssertionError: null
		at org.junit.Assert.fail(Assert.java:86)
		at org.junit.Assert.assertTrue(Assert.java:41)
		at org.junit.Assert.assertTrue(Assert.java:52)
		at se.redmind.rmtest.selenium.example.CreateRandomRes3.random14(CreateRandomRes3.java:128)
	</failure>
</testcase>
<testcase name="random4[OSX_10.9.5_UNKNOWN_firefox_31]" classname="se.redmind.rmtest.selenium.example.RandomClass8(20150317-080346)" time="0.99285936">
	<failure type="java.lang.AssertionError:">java.lang.AssertionError: null
		at org.junit.Assert.fail(Assert.java:86)
		at org.junit.Assert.assertTrue(Assert.java:41)
		at org.junit.Assert.assertTrue(Assert.java:52)
		at se.redmind.rmtest.selenium.example.CreateRandomRes3.random14(CreateRandomRes3.java:128)
	</failure>
</testcase>
<testcase name="random4[OSX_10.9.5_UNKNOWN_chrome_42]" classname="se.redmind.rmtest.selenium.example.RandomClass8(20150317-080346)" time="0.75213385">
	<failure type="java.lang.AssertionError:">java.lang.AssertionError: null
		at org.junit.Assert.fail(Assert.java:86)
		at org.junit.Assert.assertTrue(Assert.java:41)
		at org.junit.Assert.assertTrue(Assert.java:52)
		at se.redmind.rmtest.selenium.example.CreateRandomRes3.random14(CreateRandomRes3.java:128)
	</failure>
</testcase>
<testcase name="random4[OSX_10.9.5_UNKNOWN_explorer_10]" classname="se.redmind.rmtest.selenium.example.RandomClass8(20150317-080346)" time="1.2482855">
	<failure type="java.lang.AssertionError:">java.lang.AssertionError: null
		at org.junit.Assert.fail(Assert.java:86)
		at org.junit.Assert.assertTrue(Assert.java:41)
		at org.junit.Assert.assertTrue(Assert.java:52)
		at se.redmind.rmtest.selenium.example.CreateRandomRes3.random14(CreateRandomRes3.java:128)
	</failure>
</testcase>
<testcase name="random4[OSX_10.9.5_UNKNOWN_opera_15]" classname="se.redmind.rmtest.selenium.example.RandomClass8(20150317-080346)" time="1.2222953"/>
<testcase name="random4[Windows_10_UNKNOWN_firefox_31]" classname="se.redmind.rmtest.selenium.example.RandomClass8(20150317-080346)" time="0.6314695"/>
<testcase name="random4[Windows_10_UNKNOWN_chrome_42]" classname="se.redmind.rmtest.selenium.example.RandomClass8(20150317-080346)" time="0.82164025">
	<failure type="java.lang.AssertionError:">java.lang.AssertionError: null
		at org.junit.Assert.fail(Assert.java:86)
		at org.junit.Assert.assertTrue(Assert.java:41)
		at org.junit.Assert.assertTrue(Assert.java:52)
		at se.redmind.rmtest.selenium.example.CreateRandomRes3.random14(CreateRandomRes3.java:128)
	</failure>
</testcase>
<testcase name="random4[Windows_10_UNKNOWN_explorer_10]" classname="se.redmind.rmtest.selenium.example.RandomClass8(20150317-080346)" time="1.3879186">
	<failure type="java.lang.AssertionError:">java.lang.AssertionError: null
		at org.junit.Assert.fail(Assert.java:86)
		at org.junit.Assert.assertTrue(Assert.java:41)
		at org.junit.Assert.assertTrue(Assert.java:52)
		at se.redmind.rmtest.selenium.example.CreateRandomRes3.random14(CreateRandomRes3.java:128)
	</failure>
</testcase>
<testcase name="random4[Windows_10_UNKNOWN_opera_15]" classname="se.redmind.rmtest.selenium.example.RandomClass8(20150317-080346)" time="1.577253">
	<failure type="java.lang.AssertionError:">java.lang.AssertionError: null
		at org.junit.Assert.fail(Assert.java:86)
		at org.junit.Assert.assertTrue(Assert.java:41)
		at org.junit.Assert.assertTrue(Assert.java:52)
		at se.redmind.rmtest.selenium.example.CreateRandomRes3.random14(CreateRandomRes3.java:128)
	</failure>
</testcase>
<testcase name="random4[Ubuntu_14.04_UNKNOWN_firefox_31]" classname="se.redmind.rmtest.selenium.example.RandomClass8(20150317-080346)" time="0.7685777"/>
<testcase name="random4[Ubuntu_14.04_UNKNOWN_chrome_42]" classname="se.redmind.rmtest.selenium.example.RandomClass8(20150317-080346)" time="0.2774619">
	<failure type="java.lang.AssertionError:">java.lang.AssertionError: null
		at org.junit.Assert.fail(Assert.java:86)
		at org.junit.Assert.assertTrue(Assert.java:41)
		at org.junit.Assert.assertTrue(Assert.java:52)
		at se.redmind.rmtest.selenium.example.CreateRandomRes3.random14(CreateRandomRes3.java:128)
	</failure>
</testcase>
<testcase name="random4[Ubuntu_14.04_UNKNOWN_explorer_10]" classname="se.redmind.rmtest.selenium.example.RandomClass8(20150317-080346)" time="1.6903166"/>
<testcase name="random4[Ubuntu_14.04_UNKNOWN_opera_15]" classname="se.redmind.rmtest.selenium.example.RandomClass8(20150317-080346)" time="1.8561434"/>
<testcase name="random4[Ubuntu_12.10_UNKNOWN_firefox_31]" classname="se.redmind.rmtest.selenium.example.RandomClass8(20150317-080346)" time="0.12209177"/>
<testcase name="random4[Ubuntu_12.10_UNKNOWN_chrome_42]" classname="se.redmind.rmtest.selenium.example.RandomClass8(20150317-080346)" time="1.6918948">
	<failure type="java.lang.AssertionError:">java.lang.AssertionError: null
		at org.junit.Assert.fail(Assert.java:86)
		at org.junit.Assert.assertTrue(Assert.java:41)
		at org.junit.Assert.assertTrue(Assert.java:52)
		at se.redmind.rmtest.selenium.example.CreateRandomRes3.random14(CreateRandomRes3.java:128)
	</failure>
</testcase>
<testcase name="random4[Ubuntu_12.10_UNKNOWN_explorer_10]" classname="se.redmind.rmtest.selenium.example.RandomClass8(20150317-080346)" time="1.564988">
	<failure type="java.lang.AssertionError:">java.lang.AssertionError: null
		at org.junit.Assert.fail(Assert.java:86)
		at org.junit.Assert.assertTrue(Assert.java:41)
		at org.junit.Assert.assertTrue(Assert.java:52)
		at se.redmind.rmtest.selenium.example.CreateRandomRes3.random14(CreateRandomRes3.java:128)
	</failure>
</testcase>
<testcase name="random4[Ubuntu_12.10_UNKNOWN_opera_15]" classname="se.redmind.rmtest.selenium.example.RandomClass8(20150317-080346)" time="0.9478195">
	<error type="java.lang.AssertionError:">java.lang.AssertionError: null
		at org.junit.Assert.fail(Assert.java:86)
		at org.junit.Assert.assertTrue(Assert.java:41)
		at org.junit.Assert.assertTrue(Assert.java:52)
		at se.redmind.rmtest.selenium.example.CreateRandomRes3.random14(CreateRandomRes3.java:128)
	</error>
</testcase>
<testcase name="random1[Android_4.4.4_HTC ONE_firefox_31]" classname="se.redmind.rmtest.selenium.example.RandomClass9(20150317-080346)" time="0.65403664">
	<failure type="java.lang.AssertionError:">java.lang.AssertionError: null
		at org.junit.Assert.fail(Assert.java:86)
		at org.junit.Assert.assertTrue(Assert.java:41)
		at org.junit.Assert.assertTrue(Assert.java:52)
		at se.redmind.rmtest.selenium.example.CreateRandomRes3.random14(CreateRandomRes3.java:128)
	</failure>
</testcase>
<testcase name="random1[Android_4.4.4_HTC ONE_chrome_42]" classname="se.redmind.rmtest.selenium.example.RandomClass9(20150317-080346)" time="0.4172064"/>
<testcase name="random1[Android_4.4.4_HTC ONE_explorer_10]" classname="se.redmind.rmtest.selenium.example.RandomClass9(20150317-080346)" time="1.419434">
	<failure type="java.lang.AssertionError:">java.lang.AssertionError: null
		at org.junit.Assert.fail(Assert.java:86)
		at org.junit.Assert.assertTrue(Assert.java:41)
		at org.junit.Assert.assertTrue(Assert.java:52)
		at se.redmind.rmtest.selenium.example.CreateRandomRes3.random14(CreateRandomRes3.java:128)
	</failure>
</testcase>
<testcase name="random1[Android_4.4.4_HTC ONE_opera_15]" classname="se.redmind.rmtest.selenium.example.RandomClass9(20150317-080346)" time="0.73694825">
	<failure type="java.lang.AssertionError:">java.lang.AssertionError: null
		at org.junit.Assert.fail(Assert.java:86)
		at org.junit.Assert.assertTrue(Assert.java:41)
		at org.junit.Assert.assertTrue(Assert.java:52)
		at se.redmind.rmtest.selenium.example.CreateRandomRes3.random14(CreateRandomRes3.java:128)
	</failure>
</testcase>
<testcase name="random1[Android_2.3_VeiVei_firefox_31]" classname="se.redmind.rmtest.selenium.example.RandomClass9(20150317-080346)" time="0.58739495"/>
<testcase name="random1[Android_2.3_VeiVei_chrome_42]" classname="se.redmind.rmtest.selenium.example.RandomClass9(20150317-080346)" time="0.5438287"/>
<testcase name="random1[Android_2.3_VeiVei_explorer_10]" classname="se.redmind.rmtest.selenium.example.RandomClass9(20150317-080346)" time="1.8417042"/>
<testcase name="random1[Android_2.3_VeiVei_opera_15]" classname="se.redmind.rmtest.selenium.example.RandomClass9(20150317-080346)" time="1.548809">
	<failure type="java.lang.AssertionError:">java.lang.AssertionError: null
		at org.junit.Assert.fail(Assert.java:86)
		at org.junit.Assert.assertTrue(Assert.java:41)
		at org.junit.Assert.assertTrue(Assert.java:52)
		at se.redmind.rmtest.selenium.example.CreateRandomRes3.random14(CreateRandomRes3.java:128)
	</failure>
</testcase>
<testcase name="random1[Android_4.4.4_Sony Experia Z3_firefox_31]" classname="se.redmind.rmtest.selenium.example.RandomClass9(20150317-080346)" time="1.9569461">
	<failure type="java.lang.AssertionError:">java.lang.AssertionError: null
		at org.junit.Assert.fail(Assert.java:86)
		at org.junit.Assert.assertTrue(Assert.java:41)
		at org.junit.Assert.assertTrue(Assert.java:52)
		at se.redmind.rmtest.selenium.example.CreateRandomRes3.random14(CreateRandomRes3.java:128)
	</failure>
</testcase>
<testcase name="random1[Android_4.4.4_Sony Experia Z3_chrome_42]" classname="se.redmind.rmtest.selenium.example.RandomClass9(20150317-080346)" time="1.2563349"/>
<testcase name="random1[Android_4.4.4_Sony Experia Z3_explorer_10]" classname="se.redmind.rmtest.selenium.example.RandomClass9(20150317-080346)" time="0.68748057">
	<failure type="java.lang.AssertionError:">java.lang.AssertionError: null
		at org.junit.Assert.fail(Assert.java:86)
		at org.junit.Assert.assertTrue(Assert.java:41)
		at org.junit.Assert.assertTrue(Assert.java:52)
		at se.redmind.rmtest.selenium.example.CreateRandomRes3.random14(CreateRandomRes3.java:128)
	</failure>
</testcase>
<testcase name="random1[Android_4.4.4_Sony Experia Z3_opera_15]" classname="se.redmind.rmtest.selenium.example.RandomClass9(20150317-080346)" time="1.2204922">
	<failure type="java.lang.AssertionError:">java.lang.AssertionError: null
		at org.junit.Assert.fail(Assert.java:86)
		at org.junit.Assert.assertTrue(Assert.java:41)
		at org.junit.Assert.assertTrue(Assert.java:52)
		at se.redmind.rmtest.selenium.example.CreateRandomRes3.random14(CreateRandomRes3.java:128)
	</failure>
</testcase>
<testcase name="random1[IOS_8.2_iPhone 6_firefox_31]" classname="se.redmind.rmtest.selenium.example.RandomClass9(20150317-080346)" time="0.88998485">
	<error type="java.lang.AssertionError:">java.lang.AssertionError: null
		at org.junit.Assert.fail(Assert.java:86)
		at org.junit.Assert.assertTrue(Assert.java:41)
		at org.junit.Assert.assertTrue(Assert.java:52)
		at se.redmind.rmtest.selenium.example.CreateRandomRes3.random14(CreateRandomRes3.java:128)
	</error>
</testcase>
<testcase name="random1[IOS_8.2_iPhone 6_chrome_42]" classname="se.redmind.rmtest.selenium.example.RandomClass9(20150317-080346)" time="1.476949">
	<failure type="java.lang.AssertionError:">java.lang.AssertionError: null
		at org.junit.Assert.fail(Assert.java:86)
		at org.junit.Assert.assertTrue(Assert.java:41)
		at org.junit.Assert.assertTrue(Assert.java:52)
		at se.redmind.rmtest.selenium.example.CreateRandomRes3.random14(CreateRandomRes3.java:128)
	</failure>
</testcase>
<testcase name="random1[IOS_8.2_iPhone 6_explorer_10]" classname="se.redmind.rmtest.selenium.example.RandomClass9(20150317-080346)" time="1.4486576"/>
<testcase name="random1[IOS_8.2_iPhone 6_opera_15]" classname="se.redmind.rmtest.selenium.example.RandomClass9(20150317-080346)" time="0.43551517"/>
<testcase name="random1[IOS_4_iPhone 3Gs_firefox_31]" classname="se.redmind.rmtest.selenium.example.RandomClass9(20150317-080346)" time="1.8634585"/>
<testcase name="random1[IOS_4_iPhone 3Gs_chrome_42]" classname="se.redmind.rmtest.selenium.example.RandomClass9(20150317-080346)" time="1.1941308"/>
<testcase name="random1[IOS_4_iPhone 3Gs_explorer_10]" classname="se.redmind.rmtest.selenium.example.RandomClass9(20150317-080346)" time="1.4917877">
	<failure type="java.lang.AssertionError:">java.lang.AssertionError: null
		at org.junit.Assert.fail(Assert.java:86)
		at org.junit.Assert.assertTrue(Assert.java:41)
		at org.junit.Assert.assertTrue(Assert.java:52)
		at se.redmind.rmtest.selenium.example.CreateRandomRes3.random14(CreateRandomRes3.java:128)
	</failure>
</testcase>
<testcase name="random1[IOS_4_iPhone 3Gs_opera_15]" classname="se.redmind.rmtest.selenium.example.RandomClass9(20150317-080346)" time="0.68272245"/>
<testcase name="random1[OSX_10.9.5_UNKNOWN_firefox_31]" classname="se.redmind.rmtest.selenium.example.RandomClass9(20150317-080346)" time="1.8883119">
	<failure type="java.lang.AssertionError:">java.lang.AssertionError: null
		at org.junit.Assert.fail(Assert.java:86)
		at org.junit.Assert.assertTrue(Assert.java:41)
		at org.junit.Assert.assertTrue(Assert.java:52)
		at se.redmind.rmtest.selenium.example.CreateRandomRes3.random14(CreateRandomRes3.java:128)
	</failure>
</testcase>
<testcase name="random1[OSX_10.9.5_UNKNOWN_chrome_42]" classname="se.redmind.rmtest.selenium.example.RandomClass9(20150317-080346)" time="1.9995768">
	<failure type="java.lang.AssertionError:">java.lang.AssertionError: null
		at org.junit.Assert.fail(Assert.java:86)
		at org.junit.Assert.assertTrue(Assert.java:41)
		at org.junit.Assert.assertTrue(Assert.java:52)
		at se.redmind.rmtest.selenium.example.CreateRandomRes3.random14(CreateRandomRes3.java:128)
	</failure>
</testcase>
<testcase name="random1[OSX_10.9.5_UNKNOWN_explorer_10]" classname="se.redmind.rmtest.selenium.example.RandomClass9(20150317-080346)" time="1.429197">
	<failure type="java.lang.AssertionError:">java.lang.AssertionError: null
		at org.junit.Assert.fail(Assert.java:86)
		at org.junit.Assert.assertTrue(Assert.java:41)
		at org.junit.Assert.assertTrue(Assert.java:52)
		at se.redmind.rmtest.selenium.example.CreateRandomRes3.random14(CreateRandomRes3.java:128)
	</failure>
</testcase>
<testcase name="random1[OSX_10.9.5_UNKNOWN_opera_15]" classname="se.redmind.rmtest.selenium.example.RandomClass9(20150317-080346)" time="1.6981299">
	<failure type="java.lang.AssertionError:">java.lang.AssertionError: null
		at org.junit.Assert.fail(Assert.java:86)
		at org.junit.Assert.assertTrue(Assert.java:41)
		at org.junit.Assert.assertTrue(Assert.java:52)
		at se.redmind.rmtest.selenium.example.CreateRandomRes3.random14(CreateRandomRes3.java:128)
	</failure>
</testcase>
<testcase name="random1[Windows_8.1_UNKNOWN_firefox_31]" classname="se.redmind.rmtest.selenium.example.RandomClass9(20150317-080346)" time="1.0471028">
	<failure type="java.lang.AssertionError:">java.lang.AssertionError: null
		at org.junit.Assert.fail(Assert.java:86)
		at org.junit.Assert.assertTrue(Assert.java:41)
		at org.junit.Assert.assertTrue(Assert.java:52)
		at se.redmind.rmtest.selenium.example.CreateRandomRes3.random14(CreateRandomRes3.java:128)
	</failure>
</testcase>
<testcase name="random1[Windows_8.1_UNKNOWN_chrome_42]" classname="se.redmind.rmtest.selenium.example.RandomClass9(20150317-080346)" time="1.7483884">
	<failure type="java.lang.AssertionError:">java.lang.AssertionError: null
		at org.junit.Assert.fail(Assert.java:86)
		at org.junit.Assert.assertTrue(Assert.java:41)
		at org.junit.Assert.assertTrue(Assert.java:52)
		at se.redmind.rmtest.selenium.example.CreateRandomRes3.random14(CreateRandomRes3.java:128)
	</failure>
</testcase>
<testcase name="random1[Windows_8.1_UNKNOWN_explorer_10]" classname="se.redmind.rmtest.selenium.example.RandomClass9(20150317-080346)" time="0.6715007"/>
<testcase name="random1[Windows_8.1_UNKNOWN_opera_15]" classname="se.redmind.rmtest.selenium.example.RandomClass9(20150317-080346)" time="0.13987756">
	<failure type="java.lang.AssertionError:">java.lang.AssertionError: null
		at org.junit.Assert.fail(Assert.java:86)
		at org.junit.Assert.assertTrue(Assert.java:41)
		at org.junit.Assert.assertTrue(Assert.java:52)
		at se.redmind.rmtest.selenium.example.CreateRandomRes3.random14(CreateRandomRes3.java:128)
	</failure>
</testcase>
<testcase name="random1[Windows_10_UNKNOWN_firefox_31]" classname="se.redmind.rmtest.selenium.example.RandomClass9(20150317-080346)" time="0.43497372">
	<failure type="java.lang.AssertionError:">java.lang.AssertionError: null
		at org.junit.Assert.fail(Assert.java:86)
		at org.junit.Assert.assertTrue(Assert.java:41)
		at org.junit.Assert.assertTrue(Assert.java:52)
		at se.redmind.rmtest.selenium.example.CreateRandomRes3.random14(CreateRandomRes3.java:128)
	</failure>
</testcase>
<testcase name="random1[Windows_10_UNKNOWN_chrome_42]" classname="se.redmind.rmtest.selenium.example.RandomClass9(20150317-080346)" time="0.3650149">
	<failure type="java.lang.AssertionError:">java.lang.AssertionError: null
		at org.junit.Assert.fail(Assert.java:86)
		at org.junit.Assert.assertTrue(Assert.java:41)
		at org.junit.Assert.assertTrue(Assert.java:52)
		at se.redmind.rmtest.selenium.example.CreateRandomRes3.random14(CreateRandomRes3.java:128)
	</failure>
</testcase>
<testcase name="random1[Windows_10_UNKNOWN_explorer_10]" classname="se.redmind.rmtest.selenium.example.RandomClass9(20150317-080346)" time="0.78413546"/>
<testcase name="random1[Windows_10_UNKNOWN_opera_15]" classname="se.redmind.rmtest.selenium.example.RandomClass9(20150317-080346)" time="1.2287385">
	<failure type="java.lang.AssertionError:">java.lang.AssertionError: null
		at org.junit.Assert.fail(Assert.java:86)
		at org.junit.Assert.assertTrue(Assert.java:41)
		at org.junit.Assert.assertTrue(Assert.java:52)
		at se.redmind.rmtest.selenium.example.CreateRandomRes3.random14(CreateRandomRes3.java:128)
	</failure>
</testcase>
<testcase name="random1[Ubuntu_14.04_UNKNOWN_firefox_31]" classname="se.redmind.rmtest.selenium.example.RandomClass9(20150317-080346)" time="1.8918073"/>
<testcase name="random1[Ubuntu_14.04_UNKNOWN_chrome_42]" classname="se.redmind.rmtest.selenium.example.RandomClass9(20150317-080346)" time="1.5558921"/>
<testcase name="random1[Ubuntu_14.04_UNKNOWN_explorer_10]" classname="se.redmind.rmtest.selenium.example.RandomClass9(20150317-080346)" time="0.82171834"/>
<testcase name="random1[Ubuntu_14.04_UNKNOWN_opera_15]" classname="se.redmind.rmtest.selenium.example.RandomClass9(20150317-080346)" time="1.5590757"/>
<testcase name="random1[Ubuntu_12.10_UNKNOWN_firefox_31]" classname="se.redmind.rmtest.selenium.example.RandomClass9(20150317-080346)" time="0.12290549">
	<failure type="java.lang.AssertionError:">java.lang.AssertionError: null
		at org.junit.Assert.fail(Assert.java:86)
		at org.junit.Assert.assertTrue(Assert.java:41)
		at org.junit.Assert.assertTrue(Assert.java:52)
		at se.redmind.rmtest.selenium.example.CreateRandomRes3.random14(CreateRandomRes3.java:128)
	</failure>
</testcase>
<testcase name="random1[Ubuntu_12.10_UNKNOWN_chrome_42]" classname="se.redmind.rmtest.selenium.example.RandomClass9(20150317-080346)" time="1.8891413"/>
<testcase name="random1[Ubuntu_12.10_UNKNOWN_explorer_10]" classname="se.redmind.rmtest.selenium.example.RandomClass9(20150317-080346)" time="1.9967222"/>
<testcase name="random1[Ubuntu_12.10_UNKNOWN_opera_15]" classname="se.redmind.rmtest.selenium.example.RandomClass9(20150317-080346)" time="1.606475"/>
<testcase name="random2[Android_4.4.4_HTC ONE_firefox_31]" classname="se.redmind.rmtest.selenium.example.RandomClass9(20150317-080346)" time="1.99198">
	<failure type="java.lang.AssertionError:">java.lang.AssertionError: null
		at org.junit.Assert.fail(Assert.java:86)
		at org.junit.Assert.assertTrue(Assert.java:41)
		at org.junit.Assert.assertTrue(Assert.java:52)
		at se.redmind.rmtest.selenium.example.CreateRandomRes3.random14(CreateRandomRes3.java:128)
	</failure>
</testcase>
<testcase name="random2[Android_4.4.4_HTC ONE_chrome_42]" classname="se.redmind.rmtest.selenium.example.RandomClass9(20150317-080346)" time="1.5492803"/>
<testcase name="random2[Android_4.4.4_HTC ONE_explorer_10]" classname="se.redmind.rmtest.selenium.example.RandomClass9(20150317-080346)" time="0.31012607"/>
<testcase name="random2[Android_4.4.4_HTC ONE_opera_15]" classname="se.redmind.rmtest.selenium.example.RandomClass9(20150317-080346)" time="0.42786098">
	<failure type="java.lang.AssertionError:">java.lang.AssertionError: null
		at org.junit.Assert.fail(Assert.java:86)
		at org.junit.Assert.assertTrue(Assert.java:41)
		at org.junit.Assert.assertTrue(Assert.java:52)
		at se.redmind.rmtest.selenium.example.CreateRandomRes3.random14(CreateRandomRes3.java:128)
	</failure>
</testcase>
<testcase name="random2[Android_2.3_VeiVei_firefox_31]" classname="se.redmind.rmtest.selenium.example.RandomClass9(20150317-080346)" time="0.6484939"/>
<testcase name="random2[Android_2.3_VeiVei_chrome_42]" classname="se.redmind.rmtest.selenium.example.RandomClass9(20150317-080346)" time="0.38850808">
	<failure type="java.lang.AssertionError:">java.lang.AssertionError: null
		at org.junit.Assert.fail(Assert.java:86)
		at org.junit.Assert.assertTrue(Assert.java:41)
		at org.junit.Assert.assertTrue(Assert.java:52)
		at se.redmind.rmtest.selenium.example.CreateRandomRes3.random14(CreateRandomRes3.java:128)
	</failure>
</testcase>
<testcase name="random2[Android_2.3_VeiVei_explorer_10]" classname="se.redmind.rmtest.selenium.example.RandomClass9(20150317-080346)" time="1.1237553">
	<failure type="java.lang.AssertionError:">java.lang.AssertionError: null
		at org.junit.Assert.fail(Assert.java:86)
		at org.junit.Assert.assertTrue(Assert.java:41)
		at org.junit.Assert.assertTrue(Assert.java:52)
		at se.redmind.rmtest.selenium.example.CreateRandomRes3.random14(CreateRandomRes3.java:128)
	</failure>
</testcase>
<testcase name="random2[Android_2.3_VeiVei_opera_15]" classname="se.redmind.rmtest.selenium.example.RandomClass9(20150317-080346)" time="1.7676951"/>
<testcase name="random2[Android_4.4.4_Sony Experia Z3_firefox_31]" classname="se.redmind.rmtest.selenium.example.RandomClass9(20150317-080346)" time="0.6740507"/>
<testcase name="random2[Android_4.4.4_Sony Experia Z3_chrome_42]" classname="se.redmind.rmtest.selenium.example.RandomClass9(20150317-080346)" time="1.5479493"/>
<testcase name="random2[Android_4.4.4_Sony Experia Z3_explorer_10]" classname="se.redmind.rmtest.selenium.example.RandomClass9(20150317-080346)" time="0.9488671"/>
<testcase name="random2[Android_4.4.4_Sony Experia Z3_opera_15]" classname="se.redmind.rmtest.selenium.example.RandomClass9(20150317-080346)" time="0.57604635">
	<failure type="java.lang.AssertionError:">java.lang.AssertionError: null
		at org.junit.Assert.fail(Assert.java:86)
		at org.junit.Assert.assertTrue(Assert.java:41)
		at org.junit.Assert.assertTrue(Assert.java:52)
		at se.redmind.rmtest.selenium.example.CreateRandomRes3.random14(CreateRandomRes3.java:128)
	</failure>
</testcase>
<testcase name="random2[IOS_8.2_iPhone 6_firefox_31]" classname="se.redmind.rmtest.selenium.example.RandomClass9(20150317-080346)" time="1.233253">
	<failure type="java.lang.AssertionError:">java.lang.AssertionError: null
		at org.junit.Assert.fail(Assert.java:86)
		at org.junit.Assert.assertTrue(Assert.java:41)
		at org.junit.Assert.assertTrue(Assert.java:52)
		at se.redmind.rmtest.selenium.example.CreateRandomRes3.random14(CreateRandomRes3.java:128)
	</failure>
</testcase>
<testcase name="random2[IOS_8.2_iPhone 6_chrome_42]" classname="se.redmind.rmtest.selenium.example.RandomClass9(20150317-080346)" time="0.496531">
	<failure type="java.lang.AssertionError:">java.lang.AssertionError: null
		at org.junit.Assert.fail(Assert.java:86)
		at org.junit.Assert.assertTrue(Assert.java:41)
		at org.junit.Assert.assertTrue(Assert.java:52)
		at se.redmind.rmtest.selenium.example.CreateRandomRes3.random14(CreateRandomRes3.java:128)
	</failure>
</testcase>
<testcase name="random2[IOS_8.2_iPhone 6_explorer_10]" classname="se.redmind.rmtest.selenium.example.RandomClass9(20150317-080346)" time="1.6990134">
	<failure type="java.lang.AssertionError:">java.lang.AssertionError: null
		at org.junit.Assert.fail(Assert.java:86)
		at org.junit.Assert.assertTrue(Assert.java:41)
		at org.junit.Assert.assertTrue(Assert.java:52)
		at se.redmind.rmtest.selenium.example.CreateRandomRes3.random14(CreateRandomRes3.java:128)
	</failure>
</testcase>
<testcase name="random2[IOS_8.2_iPhone 6_opera_15]" classname="se.redmind.rmtest.selenium.example.RandomClass9(20150317-080346)" time="1.5298222"/>
<testcase name="random2[IOS_4_iPhone 3Gs_firefox_31]" classname="se.redmind.rmtest.selenium.example.RandomClass9(20150317-080346)" time="1.4734337"/>
<testcase name="random2[IOS_4_iPhone 3Gs_chrome_42]" classname="se.redmind.rmtest.selenium.example.RandomClass9(20150317-080346)" time="1.7237582">
	<failure type="java.lang.AssertionError:">java.lang.AssertionError: null
		at org.junit.Assert.fail(Assert.java:86)
		at org.junit.Assert.assertTrue(Assert.java:41)
		at org.junit.Assert.assertTrue(Assert.java:52)
		at se.redmind.rmtest.selenium.example.CreateRandomRes3.random14(CreateRandomRes3.java:128)
	</failure>
</testcase>
<testcase name="random2[IOS_4_iPhone 3Gs_explorer_10]" classname="se.redmind.rmtest.selenium.example.RandomClass9(20150317-080346)" time="1.2509317">
	<failure type="java.lang.AssertionError:">java.lang.AssertionError: null
		at org.junit.Assert.fail(Assert.java:86)
		at org.junit.Assert.assertTrue(Assert.java:41)
		at org.junit.Assert.assertTrue(Assert.java:52)
		at se.redmind.rmtest.selenium.example.CreateRandomRes3.random14(CreateRandomRes3.java:128)
	</failure>
</testcase>
<testcase name="random2[IOS_4_iPhone 3Gs_opera_15]" classname="se.redmind.rmtest.selenium.example.RandomClass9(20150317-080346)" time="0.19890404">
	<failure type="java.lang.AssertionError:">java.lang.AssertionError: null
		at org.junit.Assert.fail(Assert.java:86)
		at org.junit.Assert.assertTrue(Assert.java:41)
		at org.junit.Assert.assertTrue(Assert.java:52)
		at se.redmind.rmtest.selenium.example.CreateRandomRes3.random14(CreateRandomRes3.java:128)
	</failure>
</testcase>
<testcase name="random2[OSX_10.9.5_UNKNOWN_firefox_31]" classname="se.redmind.rmtest.selenium.example.RandomClass9(20150317-080346)" time="1.6449729">
	<error type="java.lang.AssertionError:">java.lang.AssertionError: null
		at org.junit.Assert.fail(Assert.java:86)
		at org.junit.Assert.assertTrue(Assert.java:41)
		at org.junit.Assert.assertTrue(Assert.java:52)
		at se.redmind.rmtest.selenium.example.CreateRandomRes3.random14(CreateRandomRes3.java:128)
	</error>
</testcase>
<testcase name="random2[OSX_10.9.5_UNKNOWN_chrome_42]" classname="se.redmind.rmtest.selenium.example.RandomClass9(20150317-080346)" time="1.2982954"/>
<testcase name="random2[OSX_10.9.5_UNKNOWN_explorer_10]" classname="se.redmind.rmtest.selenium.example.RandomClass9(20150317-080346)" time="1.5644104">
	<failure type="java.lang.AssertionError:">java.lang.AssertionError: null
		at org.junit.Assert.fail(Assert.java:86)
		at org.junit.Assert.assertTrue(Assert.java:41)
		at org.junit.Assert.assertTrue(Assert.java:52)
		at se.redmind.rmtest.selenium.example.CreateRandomRes3.random14(CreateRandomRes3.java:128)
	</failure>
</testcase>
<testcase name="random2[OSX_10.9.5_UNKNOWN_opera_15]" classname="se.redmind.rmtest.selenium.example.RandomClass9(20150317-080346)" time="1.9504898"/>
<testcase name="random2[Windows_8.1_UNKNOWN_firefox_31]" classname="se.redmind.rmtest.selenium.example.RandomClass9(20150317-080346)" time="0.017195582"/>
<testcase name="random2[Windows_8.1_UNKNOWN_chrome_42]" classname="se.redmind.rmtest.selenium.example.RandomClass9(20150317-080346)" time="0.25981832">
	<failure type="java.lang.AssertionError:">java.lang.AssertionError: null
		at org.junit.Assert.fail(Assert.java:86)
		at org.junit.Assert.assertTrue(Assert.java:41)
		at org.junit.Assert.assertTrue(Assert.java:52)
		at se.redmind.rmtest.selenium.example.CreateRandomRes3.random14(CreateRandomRes3.java:128)
	</failure>
</testcase>
<testcase name="random2[Windows_8.1_UNKNOWN_explorer_10]" classname="se.redmind.rmtest.selenium.example.RandomClass9(20150317-080346)" time="0.016850352">
	<failure type="java.lang.AssertionError:">java.lang.AssertionError: null
		at org.junit.Assert.fail(Assert.java:86)
		at org.junit.Assert.assertTrue(Assert.java:41)
		at org.junit.Assert.assertTrue(Assert.java:52)
		at se.redmind.rmtest.selenium.example.CreateRandomRes3.random14(CreateRandomRes3.java:128)
	</failure>
</testcase>
<testcase name="random2[Windows_8.1_UNKNOWN_opera_15]" classname="se.redmind.rmtest.selenium.example.RandomClass9(20150317-080346)" time="1.1381207">
	<failure type="java.lang.AssertionError:">java.lang.AssertionError: null
		at org.junit.Assert.fail(Assert.java:86)
		at org.junit.Assert.assertTrue(Assert.java:41)
		at org.junit.Assert.assertTrue(Assert.java:52)
		at se.redmind.rmtest.selenium.example.CreateRandomRes3.random14(CreateRandomRes3.java:128)
	</failure>
</testcase>
<testcase name="random2[Windows_10_UNKNOWN_firefox_31]" classname="se.redmind.rmtest.selenium.example.RandomClass9(20150317-080346)" time="0.9213407">
	<failure type="java.lang.AssertionError:">java.lang.AssertionError: null
		at org.junit.Assert.fail(Assert.java:86)
		at org.junit.Assert.assertTrue(Assert.java:41)
		at org.junit.Assert.assertTrue(Assert.java:52)
		at se.redmind.rmtest.selenium.example.CreateRandomRes3.random14(CreateRandomRes3.java:128)
	</failure>
</testcase>
<testcase name="random2[Windows_10_UNKNOWN_chrome_42]" classname="se.redmind.rmtest.selenium.example.RandomClass9(20150317-080346)" time="1.5018368"/>
<testcase name="random2[Windows_10_UNKNOWN_explorer_10]" classname="se.redmind.rmtest.selenium.example.RandomClass9(20150317-080346)" time="0.114991784">
	<failure type="java.lang.AssertionError:">java.lang.AssertionError: null
		at org.junit.Assert.fail(Assert.java:86)
		at org.junit.Assert.assertTrue(Assert.java:41)
		at org.junit.Assert.assertTrue(Assert.java:52)
		at se.redmind.rmtest.selenium.example.CreateRandomRes3.random14(CreateRandomRes3.java:128)
	</failure>
</testcase>
<testcase name="random2[Windows_10_UNKNOWN_opera_15]" classname="se.redmind.rmtest.selenium.example.RandomClass9(20150317-080346)" time="0.15429425">
	<failure type="java.lang.AssertionError:">java.lang.AssertionError: null
		at org.junit.Assert.fail(Assert.java:86)
		at org.junit.Assert.assertTrue(Assert.java:41)
		at org.junit.Assert.assertTrue(Assert.java:52)
		at se.redmind.rmtest.selenium.example.CreateRandomRes3.random14(CreateRandomRes3.java:128)
	</failure>
</testcase>
<testcase name="random2[Ubuntu_14.04_UNKNOWN_firefox_31]" classname="se.redmind.rmtest.selenium.example.RandomClass9(20150317-080346)" time="0.66535795"/>
<testcase name="random2[Ubuntu_14.04_UNKNOWN_chrome_42]" classname="se.redmind.rmtest.selenium.example.RandomClass9(20150317-080346)" time="0.81274164">
	<failure type="java.lang.AssertionError:">java.lang.AssertionError: null
		at org.junit.Assert.fail(Assert.java:86)
		at org.junit.Assert.assertTrue(Assert.java:41)
		at org.junit.Assert.assertTrue(Assert.java:52)
		at se.redmind.rmtest.selenium.example.CreateRandomRes3.random14(CreateRandomRes3.java:128)
	</failure>
</testcase>
<testcase name="random2[Ubuntu_14.04_UNKNOWN_explorer_10]" classname="se.redmind.rmtest.selenium.example.RandomClass9(20150317-080346)" time="1.6681969">
	<failure type="java.lang.AssertionError:">java.lang.AssertionError: null
		at org.junit.Assert.fail(Assert.java:86)
		at org.junit.Assert.assertTrue(Assert.java:41)
		at org.junit.Assert.assertTrue(Assert.java:52)
		at se.redmind.rmtest.selenium.example.CreateRandomRes3.random14(CreateRandomRes3.java:128)
	</failure>
</testcase>
<testcase name="random2[Ubuntu_14.04_UNKNOWN_opera_15]" classname="se.redmind.rmtest.selenium.example.RandomClass9(20150317-080346)" time="1.2410637"/>
<testcase name="random2[Ubuntu_12.10_UNKNOWN_firefox_31]" classname="se.redmind.rmtest.selenium.example.RandomClass9(20150317-080346)" time="1.3464875">
	<failure type="java.lang.AssertionError:">java.lang.AssertionError: null
		at org.junit.Assert.fail(Assert.java:86)
		at org.junit.Assert.assertTrue(Assert.java:41)
		at org.junit.Assert.assertTrue(Assert.java:52)
		at se.redmind.rmtest.selenium.example.CreateRandomRes3.random14(CreateRandomRes3.java:128)
	</failure>
</testcase>
<testcase name="random2[Ubuntu_12.10_UNKNOWN_chrome_42]" classname="se.redmind.rmtest.selenium.example.RandomClass9(20150317-080346)" time="0.08851576"/>
<testcase name="random2[Ubuntu_12.10_UNKNOWN_explorer_10]" classname="se.redmind.rmtest.selenium.example.RandomClass9(20150317-080346)" time="0.32682216"/>
<testcase name="random2[Ubuntu_12.10_UNKNOWN_opera_15]" classname="se.redmind.rmtest.selenium.example.RandomClass9(20150317-080346)" time="1.7860948">
	<failure type="java.lang.AssertionError:">java.lang.AssertionError: null
		at org.junit.Assert.fail(Assert.java:86)
		at org.junit.Assert.assertTrue(Assert.java:41)
		at org.junit.Assert.assertTrue(Assert.java:52)
		at se.redmind.rmtest.selenium.example.CreateRandomRes3.random14(CreateRandomRes3.java:128)
	</failure>
</testcase>
<testcase name="random3[Android_4.4.4_HTC ONE_firefox_31]" classname="se.redmind.rmtest.selenium.example.RandomClass9(20150317-080346)" time="0.2828182">
	<failure type="java.lang.AssertionError:">java.lang.AssertionError: null
		at org.junit.Assert.fail(Assert.java:86)
		at org.junit.Assert.assertTrue(Assert.java:41)
		at org.junit.Assert.assertTrue(Assert.java:52)
		at se.redmind.rmtest.selenium.example.CreateRandomRes3.random14(CreateRandomRes3.java:128)
	</failure>
</testcase>
<testcase name="random3[Android_4.4.4_HTC ONE_chrome_42]" classname="se.redmind.rmtest.selenium.example.RandomClass9(20150317-080346)" time="0.5868101"/>
<testcase name="random3[Android_4.4.4_HTC ONE_explorer_10]" classname="se.redmind.rmtest.selenium.example.RandomClass9(20150317-080346)" time="1.8542203"/>
<testcase name="random3[Android_4.4.4_HTC ONE_opera_15]" classname="se.redmind.rmtest.selenium.example.RandomClass9(20150317-080346)" time="0.70609975">
	<failure type="java.lang.AssertionError:">java.lang.AssertionError: null
		at org.junit.Assert.fail(Assert.java:86)
		at org.junit.Assert.assertTrue(Assert.java:41)
		at org.junit.Assert.assertTrue(Assert.java:52)
		at se.redmind.rmtest.selenium.example.CreateRandomRes3.random14(CreateRandomRes3.java:128)
	</failure>
</testcase>
<testcase name="random3[Android_2.3_VeiVei_firefox_31]" classname="se.redmind.rmtest.selenium.example.RandomClass9(20150317-080346)" time="0.27686846">
	<failure type="java.lang.AssertionError:">java.lang.AssertionError: null
		at org.junit.Assert.fail(Assert.java:86)
		at org.junit.Assert.assertTrue(Assert.java:41)
		at org.junit.Assert.assertTrue(Assert.java:52)
		at se.redmind.rmtest.selenium.example.CreateRandomRes3.random14(CreateRandomRes3.java:128)
	</failure>
</testcase>
<testcase name="random3[Android_2.3_VeiVei_chrome_42]" classname="se.redmind.rmtest.selenium.example.RandomClass9(20150317-080346)" time="1.8690279"/>
<testcase name="random3[Android_2.3_VeiVei_explorer_10]" classname="se.redmind.rmtest.selenium.example.RandomClass9(20150317-080346)" time="1.1428059">
	<failure type="java.lang.AssertionError:">java.lang.AssertionError: null
		at org.junit.Assert.fail(Assert.java:86)
		at org.junit.Assert.assertTrue(Assert.java:41)
		at org.junit.Assert.assertTrue(Assert.java:52)
		at se.redmind.rmtest.selenium.example.CreateRandomRes3.random14(CreateRandomRes3.java:128)
	</failure>
</testcase>
<testcase name="random3[Android_2.3_VeiVei_opera_15]" classname="se.redmind.rmtest.selenium.example.RandomClass9(20150317-080346)" time="1.6332148"/>
<testcase name="random3[Android_4.4.4_Sony Experia Z3_firefox_31]" classname="se.redmind.rmtest.selenium.example.RandomClass9(20150317-080346)" time="0.606657">
	<failure type="java.lang.AssertionError:">java.lang.AssertionError: null
		at org.junit.Assert.fail(Assert.java:86)
		at org.junit.Assert.assertTrue(Assert.java:41)
		at org.junit.Assert.assertTrue(Assert.java:52)
		at se.redmind.rmtest.selenium.example.CreateRandomRes3.random14(CreateRandomRes3.java:128)
	</failure>
</testcase>
<testcase name="random3[Android_4.4.4_Sony Experia Z3_chrome_42]" classname="se.redmind.rmtest.selenium.example.RandomClass9(20150317-080346)" time="1.0431664">
	<failure type="java.lang.AssertionError:">java.lang.AssertionError: null
		at org.junit.Assert.fail(Assert.java:86)
		at org.junit.Assert.assertTrue(Assert.java:41)
		at org.junit.Assert.assertTrue(Assert.java:52)
		at se.redmind.rmtest.selenium.example.CreateRandomRes3.random14(CreateRandomRes3.java:128)
	</failure>
</testcase>
<testcase name="random3[Android_4.4.4_Sony Experia Z3_explorer_10]" classname="se.redmind.rmtest.selenium.example.RandomClass9(20150317-080346)" time="0.3647536">
	<failure type="java.lang.AssertionError:">java.lang.AssertionError: null
		at org.junit.Assert.fail(Assert.java:86)
		at org.junit.Assert.assertTrue(Assert.java:41)
		at org.junit.Assert.assertTrue(Assert.java:52)
		at se.redmind.rmtest.selenium.example.CreateRandomRes3.random14(CreateRandomRes3.java:128)
	</failure>
</testcase>
<testcase name="random3[Android_4.4.4_Sony Experia Z3_opera_15]" classname="se.redmind.rmtest.selenium.example.RandomClass9(20150317-080346)" time="1.2691845">
	<failure type="java.lang.AssertionError:">java.lang.AssertionError: null
		at org.junit.Assert.fail(Assert.java:86)
		at org.junit.Assert.assertTrue(Assert.java:41)
		at org.junit.Assert.assertTrue(Assert.java:52)
		at se.redmind.rmtest.selenium.example.CreateRandomRes3.random14(CreateRandomRes3.java:128)
	</failure>
</testcase>
<testcase name="random3[IOS_8.2_iPhone 6_firefox_31]" classname="se.redmind.rmtest.selenium.example.RandomClass9(20150317-080346)" time="0.3500924">
	<failure type="java.lang.AssertionError:">java.lang.AssertionError: null
		at org.junit.Assert.fail(Assert.java:86)
		at org.junit.Assert.assertTrue(Assert.java:41)
		at org.junit.Assert.assertTrue(Assert.java:52)
		at se.redmind.rmtest.selenium.example.CreateRandomRes3.random14(CreateRandomRes3.java:128)
	</failure>
</testcase>
<testcase name="random3[IOS_8.2_iPhone 6_chrome_42]" classname="se.redmind.rmtest.selenium.example.RandomClass9(20150317-080346)" time="0.8740039">
	<failure type="java.lang.AssertionError:">java.lang.AssertionError: null
		at org.junit.Assert.fail(Assert.java:86)
		at org.junit.Assert.assertTrue(Assert.java:41)
		at org.junit.Assert.assertTrue(Assert.java:52)
		at se.redmind.rmtest.selenium.example.CreateRandomRes3.random14(CreateRandomRes3.java:128)
	</failure>
</testcase>
<testcase name="random3[IOS_8.2_iPhone 6_explorer_10]" classname="se.redmind.rmtest.selenium.example.RandomClass9(20150317-080346)" time="0.22393513"/>
<testcase name="random3[IOS_8.2_iPhone 6_opera_15]" classname="se.redmind.rmtest.selenium.example.RandomClass9(20150317-080346)" time="1.6234385"/>
<testcase name="random3[IOS_4_iPhone 3Gs_firefox_31]" classname="se.redmind.rmtest.selenium.example.RandomClass9(20150317-080346)" time="0.6576719">
<skipped/>
</testcase>
<testcase name="random3[IOS_4_iPhone 3Gs_firefox_31]" classname="se.redmind.rmtest.selenium.example.RandomClass9(20150317-080346)" time="1.2035096"/>
<testcase name="random3[IOS_4_iPhone 3Gs_chrome_42]" classname="se.redmind.rmtest.selenium.example.RandomClass9(20150317-080346)" time="1.6170541">
<skipped/>
</testcase>
<testcase name="random3[IOS_4_iPhone 3Gs_chrome_42]" classname="se.redmind.rmtest.selenium.example.RandomClass9(20150317-080346)" time="1.1403027">
	<failure type="java.lang.AssertionError:">java.lang.AssertionError: null
		at org.junit.Assert.fail(Assert.java:86)
		at org.junit.Assert.assertTrue(Assert.java:41)
		at org.junit.Assert.assertTrue(Assert.java:52)
		at se.redmind.rmtest.selenium.example.CreateRandomRes3.random14(CreateRandomRes3.java:128)
	</failure>
</testcase>
<testcase name="random3[IOS_4_iPhone 3Gs_explorer_10]" classname="se.redmind.rmtest.selenium.example.RandomClass9(20150317-080346)" time="1.6322578">
<skipped/>
</testcase>
<testcase name="random3[IOS_4_iPhone 3Gs_explorer_10]" classname="se.redmind.rmtest.selenium.example.RandomClass9(20150317-080346)" time="1.6603179"/>
<testcase name="random3[IOS_4_iPhone 3Gs_opera_15]" classname="se.redmind.rmtest.selenium.example.RandomClass9(20150317-080346)" time="1.2864074">
<skipped/>
</testcase>
<testcase name="random3[IOS_4_iPhone 3Gs_opera_15]" classname="se.redmind.rmtest.selenium.example.RandomClass9(20150317-080346)" time="1.0912398">
	<failure type="java.lang.AssertionError:">java.lang.AssertionError: null
		at org.junit.Assert.fail(Assert.java:86)
		at org.junit.Assert.assertTrue(Assert.java:41)
		at org.junit.Assert.assertTrue(Assert.java:52)
		at se.redmind.rmtest.selenium.example.CreateRandomRes3.random14(CreateRandomRes3.java:128)
	</failure>
</testcase>
<testcase name="random3[OSX_10.9.5_UNKNOWN_firefox_31]" classname="se.redmind.rmtest.selenium.example.RandomClass9(20150317-080346)" time="0.5852022"/>
<testcase name="random3[OSX_10.9.5_UNKNOWN_chrome_42]" classname="se.redmind.rmtest.selenium.example.RandomClass9(20150317-080346)" time="0.53485584">
	<failure type="java.lang.AssertionError:">java.lang.AssertionError: null
		at org.junit.Assert.fail(Assert.java:86)
		at org.junit.Assert.assertTrue(Assert.java:41)
		at org.junit.Assert.assertTrue(Assert.java:52)
		at se.redmind.rmtest.selenium.example.CreateRandomRes3.random14(CreateRandomRes3.java:128)
	</failure>
</testcase>
<testcase name="random3[OSX_10.9.5_UNKNOWN_explorer_10]" classname="se.redmind.rmtest.selenium.example.RandomClass9(20150317-080346)" time="1.8398803">
	<failure type="java.lang.AssertionError:">java.lang.AssertionError: null
		at org.junit.Assert.fail(Assert.java:86)
		at org.junit.Assert.assertTrue(Assert.java:41)
		at org.junit.Assert.assertTrue(Assert.java:52)
		at se.redmind.rmtest.selenium.example.CreateRandomRes3.random14(CreateRandomRes3.java:128)
	</failure>
</testcase>
<testcase name="random3[OSX_10.9.5_UNKNOWN_opera_15]" classname="se.redmind.rmtest.selenium.example.RandomClass9(20150317-080346)" time="1.7844845">
	<failure type="java.lang.AssertionError:">java.lang.AssertionError: null
		at org.junit.Assert.fail(Assert.java:86)
		at org.junit.Assert.assertTrue(Assert.java:41)
		at org.junit.Assert.assertTrue(Assert.java:52)
		at se.redmind.rmtest.selenium.example.CreateRandomRes3.random14(CreateRandomRes3.java:128)
	</failure>
</testcase>
<testcase name="random3[Windows_8.1_UNKNOWN_firefox_31]" classname="se.redmind.rmtest.selenium.example.RandomClass9(20150317-080346)" time="0.278661"/>
<testcase name="random3[Windows_8.1_UNKNOWN_chrome_42]" classname="se.redmind.rmtest.selenium.example.RandomClass9(20150317-080346)" time="0.9155575"/>
<testcase name="random3[Windows_8.1_UNKNOWN_explorer_10]" classname="se.redmind.rmtest.selenium.example.RandomClass9(20150317-080346)" time="0.16508007">
	<failure type="java.lang.AssertionError:">java.lang.AssertionError: null
		at org.junit.Assert.fail(Assert.java:86)
		at org.junit.Assert.assertTrue(Assert.java:41)
		at org.junit.Assert.assertTrue(Assert.java:52)
		at se.redmind.rmtest.selenium.example.CreateRandomRes3.random14(CreateRandomRes3.java:128)
	</failure>
</testcase>
<testcase name="random3[Windows_8.1_UNKNOWN_opera_15]" classname="se.redmind.rmtest.selenium.example.RandomClass9(20150317-080346)" time="0.07943547">
	<failure type="java.lang.AssertionError:">java.lang.AssertionError: null
		at org.junit.Assert.fail(Assert.java:86)
		at org.junit.Assert.assertTrue(Assert.java:41)
		at org.junit.Assert.assertTrue(Assert.java:52)
		at se.redmind.rmtest.selenium.example.CreateRandomRes3.random14(CreateRandomRes3.java:128)
	</failure>
</testcase>
<testcase name="random3[Windows_10_UNKNOWN_firefox_31]" classname="se.redmind.rmtest.selenium.example.RandomClass9(20150317-080346)" time="1.0027163">
	<failure type="java.lang.AssertionError:">java.lang.AssertionError: null
		at org.junit.Assert.fail(Assert.java:86)
		at org.junit.Assert.assertTrue(Assert.java:41)
		at org.junit.Assert.assertTrue(Assert.java:52)
		at se.redmind.rmtest.selenium.example.CreateRandomRes3.random14(CreateRandomRes3.java:128)
	</failure>
</testcase>
<testcase name="random3[Windows_10_UNKNOWN_chrome_42]" classname="se.redmind.rmtest.selenium.example.RandomClass9(20150317-080346)" time="0.95983696"/>
<testcase name="random3[Windows_10_UNKNOWN_explorer_10]" classname="se.redmind.rmtest.selenium.example.RandomClass9(20150317-080346)" time="1.7274966">
	<failure type="java.lang.AssertionError:">java.lang.AssertionError: null
		at org.junit.Assert.fail(Assert.java:86)
		at org.junit.Assert.assertTrue(Assert.java:41)
		at org.junit.Assert.assertTrue(Assert.java:52)
		at se.redmind.rmtest.selenium.example.CreateRandomRes3.random14(CreateRandomRes3.java:128)
	</failure>
</testcase>
<testcase name="random3[Windows_10_UNKNOWN_opera_15]" classname="se.redmind.rmtest.selenium.example.RandomClass9(20150317-080346)" time="0.025211334">
	<failure type="java.lang.AssertionError:">java.lang.AssertionError: null
		at org.junit.Assert.fail(Assert.java:86)
		at org.junit.Assert.assertTrue(Assert.java:41)
		at org.junit.Assert.assertTrue(Assert.java:52)
		at se.redmind.rmtest.selenium.example.CreateRandomRes3.random14(CreateRandomRes3.java:128)
	</failure>
</testcase>
<testcase name="random3[Ubuntu_14.04_UNKNOWN_firefox_31]" classname="se.redmind.rmtest.selenium.example.RandomClass9(20150317-080346)" time="0.9853152">
	<failure type="java.lang.AssertionError:">java.lang.AssertionError: null
		at org.junit.Assert.fail(Assert.java:86)
		at org.junit.Assert.assertTrue(Assert.java:41)
		at org.junit.Assert.assertTrue(Assert.java:52)
		at se.redmind.rmtest.selenium.example.CreateRandomRes3.random14(CreateRandomRes3.java:128)
	</failure>
</testcase>
<testcase name="random3[Ubuntu_14.04_UNKNOWN_chrome_42]" classname="se.redmind.rmtest.selenium.example.RandomClass9(20150317-080346)" time="0.24202657">
	<failure type="java.lang.AssertionError:">java.lang.AssertionError: null
		at org.junit.Assert.fail(Assert.java:86)
		at org.junit.Assert.assertTrue(Assert.java:41)
		at org.junit.Assert.assertTrue(Assert.java:52)
		at se.redmind.rmtest.selenium.example.CreateRandomRes3.random14(CreateRandomRes3.java:128)
	</failure>
</testcase>
<testcase name="random3[Ubuntu_14.04_UNKNOWN_explorer_10]" classname="se.redmind.rmtest.selenium.example.RandomClass9(20150317-080346)" time="1.49044">
	<failure type="java.lang.AssertionError:">java.lang.AssertionError: null
		at org.junit.Assert.fail(Assert.java:86)
		at org.junit.Assert.assertTrue(Assert.java:41)
		at org.junit.Assert.assertTrue(Assert.java:52)
		at se.redmind.rmtest.selenium.example.CreateRandomRes3.random14(CreateRandomRes3.java:128)
	</failure>
</testcase>
<testcase name="random3[Ubuntu_14.04_UNKNOWN_opera_15]" classname="se.redmind.rmtest.selenium.example.RandomClass9(20150317-080346)" time="1.325158">
	<failure type="java.lang.AssertionError:">java.lang.AssertionError: null
		at org.junit.Assert.fail(Assert.java:86)
		at org.junit.Assert.assertTrue(Assert.java:41)
		at org.junit.Assert.assertTrue(Assert.java:52)
		at se.redmind.rmtest.selenium.example.CreateRandomRes3.random14(CreateRandomRes3.java:128)
	</failure>
</testcase>
<testcase name="random3[Ubuntu_12.10_UNKNOWN_firefox_31]" classname="se.redmind.rmtest.selenium.example.RandomClass9(20150317-080346)" time="1.9842246"/>
<testcase name="random3[Ubuntu_12.10_UNKNOWN_chrome_42]" classname="se.redmind.rmtest.selenium.example.RandomClass9(20150317-080346)" time="1.389124">
	<failure type="java.lang.AssertionError:">java.lang.AssertionError: null
		at org.junit.Assert.fail(Assert.java:86)
		at org.junit.Assert.assertTrue(Assert.java:41)
		at org.junit.Assert.assertTrue(Assert.java:52)
		at se.redmind.rmtest.selenium.example.CreateRandomRes3.random14(CreateRandomRes3.java:128)
	</failure>
</testcase>
<testcase name="random3[Ubuntu_12.10_UNKNOWN_explorer_10]" classname="se.redmind.rmtest.selenium.example.RandomClass9(20150317-080346)" time="0.39970922">
	<failure type="java.lang.AssertionError:">java.lang.AssertionError: null
		at org.junit.Assert.fail(Assert.java:86)
		at org.junit.Assert.assertTrue(Assert.java:41)
		at org.junit.Assert.assertTrue(Assert.java:52)
		at se.redmind.rmtest.selenium.example.CreateRandomRes3.random14(CreateRandomRes3.java:128)
	</failure>
</testcase>
<testcase name="random3[Ubuntu_12.10_UNKNOWN_opera_15]" classname="se.redmind.rmtest.selenium.example.RandomClass9(20150317-080346)" time="1.5277827">
	<failure type="java.lang.AssertionError:">java.lang.AssertionError: null
		at org.junit.Assert.fail(Assert.java:86)
		at org.junit.Assert.assertTrue(Assert.java:41)
		at org.junit.Assert.assertTrue(Assert.java:52)
		at se.redmind.rmtest.selenium.example.CreateRandomRes3.random14(CreateRandomRes3.java:128)
	</failure>
</testcase>
<testcase name="random4[Android_4.4.4_HTC ONE_firefox_31]" classname="se.redmind.rmtest.selenium.example.RandomClass9(20150317-080346)" time="0.9336126">
	<failure type="java.lang.AssertionError:">java.lang.AssertionError: null
		at org.junit.Assert.fail(Assert.java:86)
		at org.junit.Assert.assertTrue(Assert.java:41)
		at org.junit.Assert.assertTrue(Assert.java:52)
		at se.redmind.rmtest.selenium.example.CreateRandomRes3.random14(CreateRandomRes3.java:128)
	</failure>
</testcase>
<testcase name="random4[Android_4.4.4_HTC ONE_chrome_42]" classname="se.redmind.rmtest.selenium.example.RandomClass9(20150317-080346)" time="1.190352"/>
<testcase name="random4[Android_4.4.4_HTC ONE_explorer_10]" classname="se.redmind.rmtest.selenium.example.RandomClass9(20150317-080346)" time="1.8081821"/>
<testcase name="random4[Android_4.4.4_HTC ONE_opera_15]" classname="se.redmind.rmtest.selenium.example.RandomClass9(20150317-080346)" time="0.77487695">
	<failure type="java.lang.AssertionError:">java.lang.AssertionError: null
		at org.junit.Assert.fail(Assert.java:86)
		at org.junit.Assert.assertTrue(Assert.java:41)
		at org.junit.Assert.assertTrue(Assert.java:52)
		at se.redmind.rmtest.selenium.example.CreateRandomRes3.random14(CreateRandomRes3.java:128)
	</failure>
</testcase>
<testcase name="random4[Android_2.3_VeiVei_firefox_31]" classname="se.redmind.rmtest.selenium.example.RandomClass9(20150317-080346)" time="1.748884"/>
<testcase name="random4[Android_2.3_VeiVei_chrome_42]" classname="se.redmind.rmtest.selenium.example.RandomClass9(20150317-080346)" time="0.011826396">
	<failure type="java.lang.AssertionError:">java.lang.AssertionError: null
		at org.junit.Assert.fail(Assert.java:86)
		at org.junit.Assert.assertTrue(Assert.java:41)
		at org.junit.Assert.assertTrue(Assert.java:52)
		at se.redmind.rmtest.selenium.example.CreateRandomRes3.random14(CreateRandomRes3.java:128)
	</failure>
</testcase>
<testcase name="random4[Android_2.3_VeiVei_explorer_10]" classname="se.redmind.rmtest.selenium.example.RandomClass9(20150317-080346)" time="1.1398106">
	<failure type="java.lang.AssertionError:">java.lang.AssertionError: null
		at org.junit.Assert.fail(Assert.java:86)
		at org.junit.Assert.assertTrue(Assert.java:41)
		at org.junit.Assert.assertTrue(Assert.java:52)
		at se.redmind.rmtest.selenium.example.CreateRandomRes3.random14(CreateRandomRes3.java:128)
	</failure>
</testcase>
<testcase name="random4[Android_2.3_VeiVei_opera_15]" classname="se.redmind.rmtest.selenium.example.RandomClass9(20150317-080346)" time="1.9867857"/>
<testcase name="random4[Android_4.4.4_Sony Experia Z3_firefox_31]" classname="se.redmind.rmtest.selenium.example.RandomClass9(20150317-080346)" time="0.29371905"/>
<testcase name="random4[Android_4.4.4_Sony Experia Z3_chrome_42]" classname="se.redmind.rmtest.selenium.example.RandomClass9(20150317-080346)" time="0.30877316">
	<failure type="java.lang.AssertionError:">java.lang.AssertionError: null
		at org.junit.Assert.fail(Assert.java:86)
		at org.junit.Assert.assertTrue(Assert.java:41)
		at org.junit.Assert.assertTrue(Assert.java:52)
		at se.redmind.rmtest.selenium.example.CreateRandomRes3.random14(CreateRandomRes3.java:128)
	</failure>
</testcase>
<testcase name="random4[Android_4.4.4_Sony Experia Z3_explorer_10]" classname="se.redmind.rmtest.selenium.example.RandomClass9(20150317-080346)" time="1.7488786">
	<failure type="java.lang.AssertionError:">java.lang.AssertionError: null
		at org.junit.Assert.fail(Assert.java:86)
		at org.junit.Assert.assertTrue(Assert.java:41)
		at org.junit.Assert.assertTrue(Assert.java:52)
		at se.redmind.rmtest.selenium.example.CreateRandomRes3.random14(CreateRandomRes3.java:128)
	</failure>
</testcase>
<testcase name="random4[Android_4.4.4_Sony Experia Z3_opera_15]" classname="se.redmind.rmtest.selenium.example.RandomClass9(20150317-080346)" time="0.065325856">
	<error type="java.lang.AssertionError:">java.lang.AssertionError: null
		at org.junit.Assert.fail(Assert.java:86)
		at org.junit.Assert.assertTrue(Assert.java:41)
		at org.junit.Assert.assertTrue(Assert.java:52)
		at se.redmind.rmtest.selenium.example.CreateRandomRes3.random14(CreateRandomRes3.java:128)
	</error>
</testcase>
<testcase name="random4[IOS_8.2_iPhone 6_firefox_31]" classname="se.redmind.rmtest.selenium.example.RandomClass9(20150317-080346)" time="0.20323443">
	<failure type="java.lang.AssertionError:">java.lang.AssertionError: null
		at org.junit.Assert.fail(Assert.java:86)
		at org.junit.Assert.assertTrue(Assert.java:41)
		at org.junit.Assert.assertTrue(Assert.java:52)
		at se.redmind.rmtest.selenium.example.CreateRandomRes3.random14(CreateRandomRes3.java:128)
	</failure>
</testcase>
<testcase name="random4[IOS_8.2_iPhone 6_chrome_42]" classname="se.redmind.rmtest.selenium.example.RandomClass9(20150317-080346)" time="1.7514964">
	<failure type="java.lang.AssertionError:">java.lang.AssertionError: null
		at org.junit.Assert.fail(Assert.java:86)
		at org.junit.Assert.assertTrue(Assert.java:41)
		at org.junit.Assert.assertTrue(Assert.java:52)
		at se.redmind.rmtest.selenium.example.CreateRandomRes3.random14(CreateRandomRes3.java:128)
	</failure>
</testcase>
<testcase name="random4[IOS_8.2_iPhone 6_explorer_10]" classname="se.redmind.rmtest.selenium.example.RandomClass9(20150317-080346)" time="1.9694462"/>
<testcase name="random4[IOS_8.2_iPhone 6_opera_15]" classname="se.redmind.rmtest.selenium.example.RandomClass9(20150317-080346)" time="1.0847592">
	<failure type="java.lang.AssertionError:">java.lang.AssertionError: null
		at org.junit.Assert.fail(Assert.java:86)
		at org.junit.Assert.assertTrue(Assert.java:41)
		at org.junit.Assert.assertTrue(Assert.java:52)
		at se.redmind.rmtest.selenium.example.CreateRandomRes3.random14(CreateRandomRes3.java:128)
	</failure>
</testcase>
<testcase name="random4[IOS_4_iPhone 3Gs_firefox_31]" classname="se.redmind.rmtest.selenium.example.RandomClass9(20150317-080346)" time="1.3366047"/>
<testcase name="random4[IOS_4_iPhone 3Gs_chrome_42]" classname="se.redmind.rmtest.selenium.example.RandomClass9(20150317-080346)" time="0.9447948">
	<failure type="java.lang.AssertionError:">java.lang.AssertionError: null
		at org.junit.Assert.fail(Assert.java:86)
		at org.junit.Assert.assertTrue(Assert.java:41)
		at org.junit.Assert.assertTrue(Assert.java:52)
		at se.redmind.rmtest.selenium.example.CreateRandomRes3.random14(CreateRandomRes3.java:128)
	</failure>
</testcase>
<testcase name="random4[IOS_4_iPhone 3Gs_explorer_10]" classname="se.redmind.rmtest.selenium.example.RandomClass9(20150317-080346)" time="0.713917">
	<failure type="java.lang.AssertionError:">java.lang.AssertionError: null
		at org.junit.Assert.fail(Assert.java:86)
		at org.junit.Assert.assertTrue(Assert.java:41)
		at org.junit.Assert.assertTrue(Assert.java:52)
		at se.redmind.rmtest.selenium.example.CreateRandomRes3.random14(CreateRandomRes3.java:128)
	</failure>
</testcase>
<testcase name="random4[IOS_4_iPhone 3Gs_opera_15]" classname="se.redmind.rmtest.selenium.example.RandomClass9(20150317-080346)" time="1.6609138"/>
<testcase name="random4[OSX_10.9.5_UNKNOWN_firefox_31]" classname="se.redmind.rmtest.selenium.example.RandomClass9(20150317-080346)" time="1.5968748">
	<failure type="java.lang.AssertionError:">java.lang.AssertionError: null
		at org.junit.Assert.fail(Assert.java:86)
		at org.junit.Assert.assertTrue(Assert.java:41)
		at org.junit.Assert.assertTrue(Assert.java:52)
		at se.redmind.rmtest.selenium.example.CreateRandomRes3.random14(CreateRandomRes3.java:128)
	</failure>
</testcase>
<testcase name="random4[OSX_10.9.5_UNKNOWN_chrome_42]" classname="se.redmind.rmtest.selenium.example.RandomClass9(20150317-080346)" time="1.0382938">
	<error type="java.lang.AssertionError:">java.lang.AssertionError: null
		at org.junit.Assert.fail(Assert.java:86)
		at org.junit.Assert.assertTrue(Assert.java:41)
		at org.junit.Assert.assertTrue(Assert.java:52)
		at se.redmind.rmtest.selenium.example.CreateRandomRes3.random14(CreateRandomRes3.java:128)
	</error>
</testcase>
<testcase name="random4[OSX_10.9.5_UNKNOWN_explorer_10]" classname="se.redmind.rmtest.selenium.example.RandomClass9(20150317-080346)" time="1.7963568">
	<failure type="java.lang.AssertionError:">java.lang.AssertionError: null
		at org.junit.Assert.fail(Assert.java:86)
		at org.junit.Assert.assertTrue(Assert.java:41)
		at org.junit.Assert.assertTrue(Assert.java:52)
		at se.redmind.rmtest.selenium.example.CreateRandomRes3.random14(CreateRandomRes3.java:128)
	</failure>
</testcase>
<testcase name="random4[OSX_10.9.5_UNKNOWN_opera_15]" classname="se.redmind.rmtest.selenium.example.RandomClass9(20150317-080346)" time="1.1999816">
	<failure type="java.lang.AssertionError:">java.lang.AssertionError: null
		at org.junit.Assert.fail(Assert.java:86)
		at org.junit.Assert.assertTrue(Assert.java:41)
		at org.junit.Assert.assertTrue(Assert.java:52)
		at se.redmind.rmtest.selenium.example.CreateRandomRes3.random14(CreateRandomRes3.java:128)
	</failure>
</testcase>
<testcase name="random4[Windows_8.1_UNKNOWN_firefox_31]" classname="se.redmind.rmtest.selenium.example.RandomClass9(20150317-080346)" time="1.9179397"/>
<testcase name="random4[Windows_8.1_UNKNOWN_chrome_42]" classname="se.redmind.rmtest.selenium.example.RandomClass9(20150317-080346)" time="1.3278189"/>
<testcase name="random4[Windows_8.1_UNKNOWN_explorer_10]" classname="se.redmind.rmtest.selenium.example.RandomClass9(20150317-080346)" time="0.14879692"/>
<testcase name="random4[Windows_8.1_UNKNOWN_opera_15]" classname="se.redmind.rmtest.selenium.example.RandomClass9(20150317-080346)" time="0.77753365"/>
<testcase name="random4[Windows_10_UNKNOWN_firefox_31]" classname="se.redmind.rmtest.selenium.example.RandomClass9(20150317-080346)" time="0.020459175">
	<failure type="java.lang.AssertionError:">java.lang.AssertionError: null
		at org.junit.Assert.fail(Assert.java:86)
		at org.junit.Assert.assertTrue(Assert.java:41)
		at org.junit.Assert.assertTrue(Assert.java:52)
		at se.redmind.rmtest.selenium.example.CreateRandomRes3.random14(CreateRandomRes3.java:128)
	</failure>
</testcase>
<testcase name="random4[Windows_10_UNKNOWN_chrome_42]" classname="se.redmind.rmtest.selenium.example.RandomClass9(20150317-080346)" time="0.44696772">
	<failure type="java.lang.AssertionError:">java.lang.AssertionError: null
		at org.junit.Assert.fail(Assert.java:86)
		at org.junit.Assert.assertTrue(Assert.java:41)
		at org.junit.Assert.assertTrue(Assert.java:52)
		at se.redmind.rmtest.selenium.example.CreateRandomRes3.random14(CreateRandomRes3.java:128)
	</failure>
</testcase>
<testcase name="random4[Windows_10_UNKNOWN_explorer_10]" classname="se.redmind.rmtest.selenium.example.RandomClass9(20150317-080346)" time="1.5318118">
	<failure type="java.lang.AssertionError:">java.lang.AssertionError: null
		at org.junit.Assert.fail(Assert.java:86)
		at org.junit.Assert.assertTrue(Assert.java:41)
		at org.junit.Assert.assertTrue(Assert.java:52)
		at se.redmind.rmtest.selenium.example.CreateRandomRes3.random14(CreateRandomRes3.java:128)
	</failure>
</testcase>
<testcase name="random4[Windows_10_UNKNOWN_opera_15]" classname="se.redmind.rmtest.selenium.example.RandomClass9(20150317-080346)" time="1.8487273"/>
<testcase name="random4[Ubuntu_14.04_UNKNOWN_firefox_31]" classname="se.redmind.rmtest.selenium.example.RandomClass9(20150317-080346)" time="0.47387898"/>
<testcase name="random4[Ubuntu_14.04_UNKNOWN_chrome_42]" classname="se.redmind.rmtest.selenium.example.RandomClass9(20150317-080346)" time="1.9858336">
	<failure type="java.lang.AssertionError:">java.lang.AssertionError: null
		at org.junit.Assert.fail(Assert.java:86)
		at org.junit.Assert.assertTrue(Assert.java:41)
		at org.junit.Assert.assertTrue(Assert.java:52)
		at se.redmind.rmtest.selenium.example.CreateRandomRes3.random14(CreateRandomRes3.java:128)
	</failure>
</testcase>
<testcase name="random4[Ubuntu_14.04_UNKNOWN_explorer_10]" classname="se.redmind.rmtest.selenium.example.RandomClass9(20150317-080346)" time="1.4150323"/>
<testcase name="random4[Ubuntu_14.04_UNKNOWN_opera_15]" classname="se.redmind.rmtest.selenium.example.RandomClass9(20150317-080346)" time="0.53101957">
	<failure type="java.lang.AssertionError:">java.lang.AssertionError: null
		at org.junit.Assert.fail(Assert.java:86)
		at org.junit.Assert.assertTrue(Assert.java:41)
		at org.junit.Assert.assertTrue(Assert.java:52)
		at se.redmind.rmtest.selenium.example.CreateRandomRes3.random14(CreateRandomRes3.java:128)
	</failure>
</testcase>
<testcase name="random4[Ubuntu_12.10_UNKNOWN_firefox_31]" classname="se.redmind.rmtest.selenium.example.RandomClass9(20150317-080346)" time="1.1392447"/>
<testcase name="random4[Ubuntu_12.10_UNKNOWN_chrome_42]" classname="se.redmind.rmtest.selenium.example.RandomClass9(20150317-080346)" time="1.5984329"/>
<testcase name="random4[Ubuntu_12.10_UNKNOWN_explorer_10]" classname="se.redmind.rmtest.selenium.example.RandomClass9(20150317-080346)" time="0.011149764">
	<failure type="java.lang.AssertionError:">java.lang.AssertionError: null
		at org.junit.Assert.fail(Assert.java:86)
		at org.junit.Assert.assertTrue(Assert.java:41)
		at org.junit.Assert.assertTrue(Assert.java:52)
		at se.redmind.rmtest.selenium.example.CreateRandomRes3.random14(CreateRandomRes3.java:128)
	</failure>
</testcase>
<testcase name="random4[Ubuntu_12.10_UNKNOWN_opera_15]" classname="se.redmind.rmtest.selenium.example.RandomClass9(20150317-080346)" time="0.46133506">
	<failure type="java.lang.AssertionError:">java.lang.AssertionError: null
		at org.junit.Assert.fail(Assert.java:86)
		at org.junit.Assert.assertTrue(Assert.java:41)
		at org.junit.Assert.assertTrue(Assert.java:52)
		at se.redmind.rmtest.selenium.example.CreateRandomRes3.random14(CreateRandomRes3.java:128)
	</failure>
</testcase>
</testsuite>