<?xml version="1.0" encoding="UTF-8"?>
<testsuite name="test.java.se.redmind.rmtest.selenium.example.GeneratedSuite(20150107-080018)" time="0.0" tests="0" errors="0" skipped="0" failures="0">
  <properties>
    <property name="java.runtime.name" value="Java(TM) SE Runtime Environment"/>
    <property name="sun.boot.library.path" value="/Library/Java/JavaVirtualMachines/jdk1.8.0_25.jdk/Contents/Home/jre/lib"/>
    <property name="java.vm.version" value="25.25-b02"/>
    <property name="gopherProxySet" value="false"/>
    <property name="java.vm.vendor" value="Oracle Corporation"/>
    <property name="java.vendor.url" value="http://java.oracle.com/"/>
    <property name="path.separator" value=":"/>
    <property name="guice.disable.misplaced.annotation.check" value="true"/>
    <property name="java.vm.name" value="Java HotSpot(TM) 64-Bit Server VM"/>
    <property name="file.encoding.pkg" value="sun.io"/>
    <property name="user.country" value="SE"/>
    <property name="sun.java.launcher" value="SUN_STANDARD"/>
    <property name="sun.os.patch.level" value="unknown"/>
    <property name="java.vm.specification.name" value="Java Virtual Machine Specification"/>
    <property name="user.dir" value="/Users/gustavholfve/redmind/RMTest"/>
    <property name="java.runtime.version" value="1.8.0_25-b17"/>
    <property name="java.awt.graphicsenv" value="sun.awt.CGraphicsEnvironment"/>
    <property name="java.endorsed.dirs" value="/Library/Java/JavaVirtualMachines/jdk1.8.0_25.jdk/Contents/Home/jre/lib/endorsed"/>
    <property name="os.arch" value="x86_64"/>
    <property name="java.io.tmpdir" value="/var/folders/g6/ynxs0t3j7r15myt344kjfly00000gn/T/"/>
    <property name="line.separator" value="&#10;"/>
    <property name="java.vm.specification.vendor" value="Oracle Corporation"/>
    <property name="os.name" value="Mac OS X"/>
    <property name="classworlds.conf" value="/Users/gustavholfve/Documents/RMTest/.metadata/.plugins/org.eclipse.m2e.launching/launches/m2conf4824253298632382667.tmp"/>
    <property name="sun.jnu.encoding" value="UTF-8"/>
    <property name="java.library.path" value="/Users/gustavholfve/Library/Java/Extensions:/Library/Java/Extensions:/Network/Library/Java/Extensions:/System/Library/Java/Extensions:/usr/lib/java:."/>
    <property name="java.specification.name" value="Java Platform API Specification"/>
    <property name="java.class.version" value="52.0"/>
    <property name="sun.management.compiler" value="HotSpot 64-Bit Tiered Compilers"/>
    <property name="os.version" value="10.9.5"/>
    <property name="http.nonProxyHosts" value="local|*.local|169.254/16|*.169.254/16"/>
    <property name="user.home" value="/Users/gustavholfve"/>
    <property name="user.timezone" value="Europe/Stockholm"/>
    <property name="java.awt.printerjob" value="sun.lwawt.macosx.CPrinterJob"/>
    <property name="java.specification.version" value="1.8"/>
    <property name="file.encoding" value="UTF-8"/>
    <property name="user.name" value="gustavholfve"/>
    <property name="java.class.path" value="/Users/gustavholfve/Downloads/eclipse 4/plugins/org.eclipse.m2e.maven.runtime_1.5.0.20140605-2032/jars/plexus-classworlds-2.5.1.jar"/>
    <property name="org.slf4j.simpleLogger.defaultLogLevel" value="info"/>
    <property name="java.vm.specification.version" value="1.8"/>
    <property name="sun.arch.data.model" value="64"/>
    <property name="java.home" value="/Library/Java/JavaVirtualMachines/jdk1.8.0_25.jdk/Contents/Home/jre"/>
    <property name="sun.java.command" value="org.codehaus.plexus.classworlds.launcher.Launcher -B test"/>
    <property name="java.specification.vendor" value="Oracle Corporation"/>
    <property name="user.language" value="sv"/>
    <property name="awt.toolkit" value="sun.lwawt.macosx.LWCToolkit"/>
    <property name="java.vm.info" value="mixed mode"/>
    <property name="java.version" value="1.8.0_25"/>
    <property name="java.ext.dirs" value="/Users/gustavholfve/Library/Java/Extensions:/Library/Java/JavaVirtualMachines/jdk1.8.0_25.jdk/Contents/Home/jre/lib/ext:/Library/Java/Extensions:/Network/Library/Java/Extensions:/System/Library/Java/Extensions:/usr/lib/java"/>
    <property name="sun.boot.class.path" value="/Library/Java/JavaVirtualMachines/jdk1.8.0_25.jdk/Contents/Home/jre/lib/resources.jar:/Library/Java/JavaVirtualMachines/jdk1.8.0_25.jdk/Contents/Home/jre/lib/rt.jar:/Library/Java/JavaVirtualMachines/jdk1.8.0_25.jdk/Contents/Home/jre/lib/sunrsasign.jar:/Library/Java/JavaVirtualMachines/jdk1.8.0_25.jdk/Contents/Home/jre/lib/jsse.jar:/Library/Java/JavaVirtualMachines/jdk1.8.0_25.jdk/Contents/Home/jre/lib/jce.jar:/Library/Java/JavaVirtualMachines/jdk1.8.0_25.jdk/Contents/Home/jre/lib/charsets.jar:/Library/Java/JavaVirtualMachines/jdk1.8.0_25.jdk/Contents/Home/jre/lib/jfr.jar:/Library/Java/JavaVirtualMachines/jdk1.8.0_25.jdk/Contents/Home/jre/classes"/>
    <property name="java.vendor" value="Oracle Corporation"/>
    <property name="maven.home" value="/Users/gustavholfve/redmind/RMTest/EMBEDDED"/>
    <property name="file.separator" value="/"/>
    <property name="java.vendor.url.bug" value="http://bugreport.sun.com/bugreport/"/>
    <property name="sun.cpu.endian" value="little"/>
    <property name="sun.io.unicode.encoding" value="UnicodeBig"/>
    <property name="socksNonProxyHosts" value="local|*.local|169.254/16|*.169.254/16"/>
    <property name="ftp.nonProxyHosts" value="local|*.local|169.254/16|*.169.254/16"/>
    <property name="sun.cpu.isalist" value=""/>
  </properties>
<testcase name="random1[Android_4.4.4_HTC ONE_firefox_31]" classname="se.redmind.rmtest.selenium.example.RandomClass0(20150107-080018)" time="1.5345513">
	<error type="java.lang.AssertionError:">java.lang.AssertionError: null
		at org.junit.Assert.fail(Assert.java:86)
		at org.junit.Assert.assertTrue(Assert.java:41)
		at org.junit.Assert.assertTrue(Assert.java:52)
		at se.redmind.rmtest.selenium.example.CreateRandomRes3.random14(CreateRandomRes3.java:128)
	</error>
</testcase>
<testcase name="random1[Android_4.4.4_HTC ONE_chrome_42]" classname="se.redmind.rmtest.selenium.example.RandomClass0(20150107-080018)" time="0.015917659"/>
<testcase name="random1[Android_4.4.4_HTC ONE_explorer_10]" classname="se.redmind.rmtest.selenium.example.RandomClass0(20150107-080018)" time="0.873103">
	<failure type="java.lang.AssertionError:">java.lang.AssertionError: null
		at org.junit.Assert.fail(Assert.java:86)
		at org.junit.Assert.assertTrue(Assert.java:41)
		at org.junit.Assert.assertTrue(Assert.java:52)
		at se.redmind.rmtest.selenium.example.CreateRandomRes3.random14(CreateRandomRes3.java:128)
	</failure>
</testcase>
<testcase name="random1[Android_4.4.4_HTC ONE_opera_15]" classname="se.redmind.rmtest.selenium.example.RandomClass0(20150107-080018)" time="0.9712851">
	<error type="java.lang.AssertionError:">java.lang.AssertionError: null
		at org.junit.Assert.fail(Assert.java:86)
		at org.junit.Assert.assertTrue(Assert.java:41)
		at org.junit.Assert.assertTrue(Assert.java:52)
		at se.redmind.rmtest.selenium.example.CreateRandomRes3.random14(CreateRandomRes3.java:128)
	</error>
</testcase>
<testcase name="random1[Android_5.1_Nexus 6_firefox_31]" classname="se.redmind.rmtest.selenium.example.RandomClass0(20150107-080018)" time="1.7371546"/>
<testcase name="random1[Android_5.1_Nexus 6_chrome_42]" classname="se.redmind.rmtest.selenium.example.RandomClass0(20150107-080018)" time="0.9865457"/>
<testcase name="random1[Android_5.1_Nexus 6_explorer_10]" classname="se.redmind.rmtest.selenium.example.RandomClass0(20150107-080018)" time="0.06730318">
	<failure type="java.lang.AssertionError:">java.lang.AssertionError: null
		at org.junit.Assert.fail(Assert.java:86)
		at org.junit.Assert.assertTrue(Assert.java:41)
		at org.junit.Assert.assertTrue(Assert.java:52)
		at se.redmind.rmtest.selenium.example.CreateRandomRes3.random14(CreateRandomRes3.java:128)
	</failure>
</testcase>
<testcase name="random1[Android_5.1_Nexus 6_opera_15]" classname="se.redmind.rmtest.selenium.example.RandomClass0(20150107-080018)" time="0.33866334">
	<failure type="java.lang.AssertionError:">java.lang.AssertionError: null
		at org.junit.Assert.fail(Assert.java:86)
		at org.junit.Assert.assertTrue(Assert.java:41)
		at org.junit.Assert.assertTrue(Assert.java:52)
		at se.redmind.rmtest.selenium.example.CreateRandomRes3.random14(CreateRandomRes3.java:128)
	</failure>
</testcase>
<testcase name="random1[Android_2.3_VeiVei_firefox_31]" classname="se.redmind.rmtest.selenium.example.RandomClass0(20150107-080018)" time="0.29611015"/>
<testcase name="random1[Android_2.3_VeiVei_chrome_42]" classname="se.redmind.rmtest.selenium.example.RandomClass0(20150107-080018)" time="0.91956055"/>
<testcase name="random1[Android_2.3_VeiVei_explorer_10]" classname="se.redmind.rmtest.selenium.example.RandomClass0(20150107-080018)" time="0.015327334"/>
<testcase name="random1[Android_2.3_VeiVei_opera_15]" classname="se.redmind.rmtest.selenium.example.RandomClass0(20150107-080018)" time="0.03629005">
	<failure type="java.lang.AssertionError:">java.lang.AssertionError: null
		at org.junit.Assert.fail(Assert.java:86)
		at org.junit.Assert.assertTrue(Assert.java:41)
		at org.junit.Assert.assertTrue(Assert.java:52)
		at se.redmind.rmtest.selenium.example.CreateRandomRes3.random14(CreateRandomRes3.java:128)
	</failure>
</testcase>
<testcase name="random1[Android_4.4.4_Sony Experia Z3_firefox_31]" classname="se.redmind.rmtest.selenium.example.RandomClass0(20150107-080018)" time="1.4939352">
	<failure type="java.lang.AssertionError:">java.lang.AssertionError: null
		at org.junit.Assert.fail(Assert.java:86)
		at org.junit.Assert.assertTrue(Assert.java:41)
		at org.junit.Assert.assertTrue(Assert.java:52)
		at se.redmind.rmtest.selenium.example.CreateRandomRes3.random14(CreateRandomRes3.java:128)
	</failure>
</testcase>
<testcase name="random1[Android_4.4.4_Sony Experia Z3_chrome_42]" classname="se.redmind.rmtest.selenium.example.RandomClass0(20150107-080018)" time="0.019348979">
	<failure type="java.lang.AssertionError:">java.lang.AssertionError: null
		at org.junit.Assert.fail(Assert.java:86)
		at org.junit.Assert.assertTrue(Assert.java:41)
		at org.junit.Assert.assertTrue(Assert.java:52)
		at se.redmind.rmtest.selenium.example.CreateRandomRes3.random14(CreateRandomRes3.java:128)
	</failure>
</testcase>
<testcase name="random1[Android_4.4.4_Sony Experia Z3_explorer_10]" classname="se.redmind.rmtest.selenium.example.RandomClass0(20150107-080018)" time="1.4470654">
	<error type="java.lang.AssertionError:">java.lang.AssertionError: null
		at org.junit.Assert.fail(Assert.java:86)
		at org.junit.Assert.assertTrue(Assert.java:41)
		at org.junit.Assert.assertTrue(Assert.java:52)
		at se.redmind.rmtest.selenium.example.CreateRandomRes3.random14(CreateRandomRes3.java:128)
	</error>
</testcase>
<testcase name="random1[Android_4.4.4_Sony Experia Z3_opera_15]" classname="se.redmind.rmtest.selenium.example.RandomClass0(20150107-080018)" time="1.995965"/>
<testcase name="random1[IOS_4_iPhone 3Gs_firefox_31]" classname="se.redmind.rmtest.selenium.example.RandomClass0(20150107-080018)" time="1.3962541"/>
<testcase name="random1[IOS_4_iPhone 3Gs_chrome_42]" classname="se.redmind.rmtest.selenium.example.RandomClass0(20150107-080018)" time="1.9810715"/>
<testcase name="random1[IOS_4_iPhone 3Gs_explorer_10]" classname="se.redmind.rmtest.selenium.example.RandomClass0(20150107-080018)" time="0.5719111"/>
<testcase name="random1[IOS_4_iPhone 3Gs_opera_15]" classname="se.redmind.rmtest.selenium.example.RandomClass0(20150107-080018)" time="0.87697995">
	<failure type="java.lang.AssertionError:">java.lang.AssertionError: null
		at org.junit.Assert.fail(Assert.java:86)
		at org.junit.Assert.assertTrue(Assert.java:41)
		at org.junit.Assert.assertTrue(Assert.java:52)
		at se.redmind.rmtest.selenium.example.CreateRandomRes3.random14(CreateRandomRes3.java:128)
	</failure>
</testcase>
<testcase name="random1[Windows_8.1_UNKNOWN_firefox_31]" classname="se.redmind.rmtest.selenium.example.RandomClass0(20150107-080018)" time="0.6261363">
	<failure type="java.lang.AssertionError:">java.lang.AssertionError: null
		at org.junit.Assert.fail(Assert.java:86)
		at org.junit.Assert.assertTrue(Assert.java:41)
		at org.junit.Assert.assertTrue(Assert.java:52)
		at se.redmind.rmtest.selenium.example.CreateRandomRes3.random14(CreateRandomRes3.java:128)
	</failure>
</testcase>
<testcase name="random1[Windows_8.1_UNKNOWN_chrome_42]" classname="se.redmind.rmtest.selenium.example.RandomClass0(20150107-080018)" time="1.4077045">
	<failure type="java.lang.AssertionError:">java.lang.AssertionError: null
		at org.junit.Assert.fail(Assert.java:86)
		at org.junit.Assert.assertTrue(Assert.java:41)
		at org.junit.Assert.assertTrue(Assert.java:52)
		at se.redmind.rmtest.selenium.example.CreateRandomRes3.random14(CreateRandomRes3.java:128)
	</failure>
</testcase>
<testcase name="random1[Windows_8.1_UNKNOWN_explorer_10]" classname="se.redmind.rmtest.selenium.example.RandomClass0(20150107-080018)" time="0.6689297"/>
<testcase name="random1[Windows_8.1_UNKNOWN_opera_15]" classname="se.redmind.rmtest.selenium.example.RandomClass0(20150107-080018)" time="1.7992681">
	<failure type="java.lang.AssertionError:">java.lang.AssertionError: null
		at org.junit.Assert.fail(Assert.java:86)
		at org.junit.Assert.assertTrue(Assert.java:41)
		at org.junit.Assert.assertTrue(Assert.java:52)
		at se.redmind.rmtest.selenium.example.CreateRandomRes3.random14(CreateRandomRes3.java:128)
	</failure>
</testcase>
<testcase name="random1[Ubuntu_14.04_UNKNOWN_firefox_31]" classname="se.redmind.rmtest.selenium.example.RandomClass0(20150107-080018)" time="1.5060925">
	<failure type="java.lang.AssertionError:">java.lang.AssertionError: null
		at org.junit.Assert.fail(Assert.java:86)
		at org.junit.Assert.assertTrue(Assert.java:41)
		at org.junit.Assert.assertTrue(Assert.java:52)
		at se.redmind.rmtest.selenium.example.CreateRandomRes3.random14(CreateRandomRes3.java:128)
	</failure>
</testcase>
<testcase name="random1[Ubuntu_14.04_UNKNOWN_chrome_42]" classname="se.redmind.rmtest.selenium.example.RandomClass0(20150107-080018)" time="0.81846464"/>
<testcase name="random1[Ubuntu_14.04_UNKNOWN_explorer_10]" classname="se.redmind.rmtest.selenium.example.RandomClass0(20150107-080018)" time="1.9212173">
	<failure type="java.lang.AssertionError:">java.lang.AssertionError: null
		at org.junit.Assert.fail(Assert.java:86)
		at org.junit.Assert.assertTrue(Assert.java:41)
		at org.junit.Assert.assertTrue(Assert.java:52)
		at se.redmind.rmtest.selenium.example.CreateRandomRes3.random14(CreateRandomRes3.java:128)
	</failure>
</testcase>
<testcase name="random1[Ubuntu_14.04_UNKNOWN_opera_15]" classname="se.redmind.rmtest.selenium.example.RandomClass0(20150107-080018)" time="1.7780005">
	<failure type="java.lang.AssertionError:">java.lang.AssertionError: null
		at org.junit.Assert.fail(Assert.java:86)
		at org.junit.Assert.assertTrue(Assert.java:41)
		at org.junit.Assert.assertTrue(Assert.java:52)
		at se.redmind.rmtest.selenium.example.CreateRandomRes3.random14(CreateRandomRes3.java:128)
	</failure>
</testcase>
<testcase name="random1[Ubuntu_12.10_UNKNOWN_firefox_31]" classname="se.redmind.rmtest.selenium.example.RandomClass0(20150107-080018)" time="1.6731223">
	<failure type="java.lang.AssertionError:">java.lang.AssertionError: null
		at org.junit.Assert.fail(Assert.java:86)
		at org.junit.Assert.assertTrue(Assert.java:41)
		at org.junit.Assert.assertTrue(Assert.java:52)
		at se.redmind.rmtest.selenium.example.CreateRandomRes3.random14(CreateRandomRes3.java:128)
	</failure>
</testcase>
<testcase name="random1[Ubuntu_12.10_UNKNOWN_chrome_42]" classname="se.redmind.rmtest.selenium.example.RandomClass0(20150107-080018)" time="1.4494936"/>
<testcase name="random1[Ubuntu_12.10_UNKNOWN_explorer_10]" classname="se.redmind.rmtest.selenium.example.RandomClass0(20150107-080018)" time="0.62600887">
	<failure type="java.lang.AssertionError:">java.lang.AssertionError: null
		at org.junit.Assert.fail(Assert.java:86)
		at org.junit.Assert.assertTrue(Assert.java:41)
		at org.junit.Assert.assertTrue(Assert.java:52)
		at se.redmind.rmtest.selenium.example.CreateRandomRes3.random14(CreateRandomRes3.java:128)
	</failure>
</testcase>
<testcase name="random1[Ubuntu_12.10_UNKNOWN_opera_15]" classname="se.redmind.rmtest.selenium.example.RandomClass0(20150107-080018)" time="1.992379">
	<failure type="java.lang.AssertionError:">java.lang.AssertionError: null
		at org.junit.Assert.fail(Assert.java:86)
		at org.junit.Assert.assertTrue(Assert.java:41)
		at org.junit.Assert.assertTrue(Assert.java:52)
		at se.redmind.rmtest.selenium.example.CreateRandomRes3.random14(CreateRandomRes3.java:128)
	</failure>
</testcase>
<testcase name="random2[Android_4.4.4_HTC ONE_firefox_31]" classname="se.redmind.rmtest.selenium.example.RandomClass0(20150107-080018)" time="0.3781662"/>
<testcase name="random2[Android_4.4.4_HTC ONE_chrome_42]" classname="se.redmind.rmtest.selenium.example.RandomClass0(20150107-080018)" time="0.5441438"/>
<testcase name="random2[Android_4.4.4_HTC ONE_explorer_10]" classname="se.redmind.rmtest.selenium.example.RandomClass0(20150107-080018)" time="1.4225923">
	<failure type="java.lang.AssertionError:">java.lang.AssertionError: null
		at org.junit.Assert.fail(Assert.java:86)
		at org.junit.Assert.assertTrue(Assert.java:41)
		at org.junit.Assert.assertTrue(Assert.java:52)
		at se.redmind.rmtest.selenium.example.CreateRandomRes3.random14(CreateRandomRes3.java:128)
	</failure>
</testcase>
<testcase name="random2[Android_4.4.4_HTC ONE_opera_15]" classname="se.redmind.rmtest.selenium.example.RandomClass0(20150107-080018)" time="0.040546298">
	<failure type="java.lang.AssertionError:">java.lang.AssertionError: null
		at org.junit.Assert.fail(Assert.java:86)
		at org.junit.Assert.assertTrue(Assert.java:41)
		at org.junit.Assert.assertTrue(Assert.java:52)
		at se.redmind.rmtest.selenium.example.CreateRandomRes3.random14(CreateRandomRes3.java:128)
	</failure>
</testcase>
<testcase name="random2[Android_5.1_Nexus 6_firefox_31]" classname="se.redmind.rmtest.selenium.example.RandomClass0(20150107-080018)" time="1.4691678">
	<failure type="java.lang.AssertionError:">java.lang.AssertionError: null
		at org.junit.Assert.fail(Assert.java:86)
		at org.junit.Assert.assertTrue(Assert.java:41)
		at org.junit.Assert.assertTrue(Assert.java:52)
		at se.redmind.rmtest.selenium.example.CreateRandomRes3.random14(CreateRandomRes3.java:128)
	</failure>
</testcase>
<testcase name="random2[Android_5.1_Nexus 6_chrome_42]" classname="se.redmind.rmtest.selenium.example.RandomClass0(20150107-080018)" time="0.88228965"/>
<testcase name="random2[Android_5.1_Nexus 6_explorer_10]" classname="se.redmind.rmtest.selenium.example.RandomClass0(20150107-080018)" time="1.5099778">
	<error type="java.lang.AssertionError:">java.lang.AssertionError: null
		at org.junit.Assert.fail(Assert.java:86)
		at org.junit.Assert.assertTrue(Assert.java:41)
		at org.junit.Assert.assertTrue(Assert.java:52)
		at se.redmind.rmtest.selenium.example.CreateRandomRes3.random14(CreateRandomRes3.java:128)
	</error>
</testcase>
<testcase name="random2[Android_5.1_Nexus 6_opera_15]" classname="se.redmind.rmtest.selenium.example.RandomClass0(20150107-080018)" time="1.8305541"/>
<testcase name="random2[Android_2.3_VeiVei_firefox_31]" classname="se.redmind.rmtest.selenium.example.RandomClass0(20150107-080018)" time="1.6588637">
	<failure type="java.lang.AssertionError:">java.lang.AssertionError: null
		at org.junit.Assert.fail(Assert.java:86)
		at org.junit.Assert.assertTrue(Assert.java:41)
		at org.junit.Assert.assertTrue(Assert.java:52)
		at se.redmind.rmtest.selenium.example.CreateRandomRes3.random14(CreateRandomRes3.java:128)
	</failure>
</testcase>
<testcase name="random2[Android_2.3_VeiVei_chrome_42]" classname="se.redmind.rmtest.selenium.example.RandomClass0(20150107-080018)" time="0.5546206"/>
<testcase name="random2[Android_2.3_VeiVei_explorer_10]" classname="se.redmind.rmtest.selenium.example.RandomClass0(20150107-080018)" time="0.15778053">
	<failure type="java.lang.AssertionError:">java.lang.AssertionError: null
		at org.junit.Assert.fail(Assert.java:86)
		at org.junit.Assert.assertTrue(Assert.java:41)
		at org.junit.Assert.assertTrue(Assert.java:52)
		at se.redmind.rmtest.selenium.example.CreateRandomRes3.random14(CreateRandomRes3.java:128)
	</failure>
</testcase>
<testcase name="random2[Android_2.3_VeiVei_opera_15]" classname="se.redmind.rmtest.selenium.example.RandomClass0(20150107-080018)" time="1.9849068"/>
<testcase name="random2[Android_4.4.4_Sony Experia Z3_firefox_31]" classname="se.redmind.rmtest.selenium.example.RandomClass0(20150107-080018)" time="1.3293743">
	<failure type="java.lang.AssertionError:">java.lang.AssertionError: null
		at org.junit.Assert.fail(Assert.java:86)
		at org.junit.Assert.assertTrue(Assert.java:41)
		at org.junit.Assert.assertTrue(Assert.java:52)
		at se.redmind.rmtest.selenium.example.CreateRandomRes3.random14(CreateRandomRes3.java:128)
	</failure>
</testcase>
<testcase name="random2[Android_4.4.4_Sony Experia Z3_chrome_42]" classname="se.redmind.rmtest.selenium.example.RandomClass0(20150107-080018)" time="0.31615663">
	<failure type="java.lang.AssertionError:">java.lang.AssertionError: null
		at org.junit.Assert.fail(Assert.java:86)
		at org.junit.Assert.assertTrue(Assert.java:41)
		at org.junit.Assert.assertTrue(Assert.java:52)
		at se.redmind.rmtest.selenium.example.CreateRandomRes3.random14(CreateRandomRes3.java:128)
	</failure>
</testcase>
<testcase name="random2[Android_4.4.4_Sony Experia Z3_explorer_10]" classname="se.redmind.rmtest.selenium.example.RandomClass0(20150107-080018)" time="1.407879">
	<failure type="java.lang.AssertionError:">java.lang.AssertionError: null
		at org.junit.Assert.fail(Assert.java:86)
		at org.junit.Assert.assertTrue(Assert.java:41)
		at org.junit.Assert.assertTrue(Assert.java:52)
		at se.redmind.rmtest.selenium.example.CreateRandomRes3.random14(CreateRandomRes3.java:128)
	</failure>
</testcase>
<testcase name="random2[Android_4.4.4_Sony Experia Z3_opera_15]" classname="se.redmind.rmtest.selenium.example.RandomClass0(20150107-080018)" time="1.1226425">
	<failure type="java.lang.AssertionError:">java.lang.AssertionError: null
		at org.junit.Assert.fail(Assert.java:86)
		at org.junit.Assert.assertTrue(Assert.java:41)
		at org.junit.Assert.assertTrue(Assert.java:52)
		at se.redmind.rmtest.selenium.example.CreateRandomRes3.random14(CreateRandomRes3.java:128)
	</failure>
</testcase>
<testcase name="random2[IOS_4_iPhone 3Gs_firefox_31]" classname="se.redmind.rmtest.selenium.example.RandomClass0(20150107-080018)" time="0.73481023">
	<failure type="java.lang.AssertionError:">java.lang.AssertionError: null
		at org.junit.Assert.fail(Assert.java:86)
		at org.junit.Assert.assertTrue(Assert.java:41)
		at org.junit.Assert.assertTrue(Assert.java:52)
		at se.redmind.rmtest.selenium.example.CreateRandomRes3.random14(CreateRandomRes3.java:128)
	</failure>
</testcase>
<testcase name="random2[IOS_4_iPhone 3Gs_chrome_42]" classname="se.redmind.rmtest.selenium.example.RandomClass0(20150107-080018)" time="0.3610394"/>
<testcase name="random2[IOS_4_iPhone 3Gs_explorer_10]" classname="se.redmind.rmtest.selenium.example.RandomClass0(20150107-080018)" time="1.0345488">
	<failure type="java.lang.AssertionError:">java.lang.AssertionError: null
		at org.junit.Assert.fail(Assert.java:86)
		at org.junit.Assert.assertTrue(Assert.java:41)
		at org.junit.Assert.assertTrue(Assert.java:52)
		at se.redmind.rmtest.selenium.example.CreateRandomRes3.random14(CreateRandomRes3.java:128)
	</failure>
</testcase>
<testcase name="random2[IOS_4_iPhone 3Gs_opera_15]" classname="se.redmind.rmtest.selenium.example.RandomClass0(20150107-080018)" time="1.0334575">
	<failure type="java.lang.AssertionError:">java.lang.AssertionError: null
		at org.junit.Assert.fail(Assert.java:86)
		at org.junit.Assert.assertTrue(Assert.java:41)
		at org.junit.Assert.assertTrue(Assert.java:52)
		at se.redmind.rmtest.selenium.example.CreateRandomRes3.random14(CreateRandomRes3.java:128)
	</failure>
</testcase>
<testcase name="random2[Windows_8.1_UNKNOWN_firefox_31]" classname="se.redmind.rmtest.selenium.example.RandomClass0(20150107-080018)" time="0.11850262"/>
<testcase name="random2[Windows_8.1_UNKNOWN_chrome_42]" classname="se.redmind.rmtest.selenium.example.RandomClass0(20150107-080018)" time="0.01426959"/>
<testcase name="random2[Windows_8.1_UNKNOWN_explorer_10]" classname="se.redmind.rmtest.selenium.example.RandomClass0(20150107-080018)" time="1.6212711"/>
<testcase name="random2[Windows_8.1_UNKNOWN_opera_15]" classname="se.redmind.rmtest.selenium.example.RandomClass0(20150107-080018)" time="0.19611537">
	<failure type="java.lang.AssertionError:">java.lang.AssertionError: null
		at org.junit.Assert.fail(Assert.java:86)
		at org.junit.Assert.assertTrue(Assert.java:41)
		at org.junit.Assert.assertTrue(Assert.java:52)
		at se.redmind.rmtest.selenium.example.CreateRandomRes3.random14(CreateRandomRes3.java:128)
	</failure>
</testcase>
<testcase name="random2[Ubuntu_14.04_UNKNOWN_firefox_31]" classname="se.redmind.rmtest.selenium.example.RandomClass0(20150107-080018)" time="0.5402372">
	<failure type="java.lang.AssertionError:">java.lang.AssertionError: null
		at org.junit.Assert.fail(Assert.java:86)
		at org.junit.Assert.assertTrue(Assert.java:41)
		at org.junit.Assert.assertTrue(Assert.java:52)
		at se.redmind.rmtest.selenium.example.CreateRandomRes3.random14(CreateRandomRes3.java:128)
	</failure>
</testcase>
<testcase name="random2[Ubuntu_14.04_UNKNOWN_chrome_42]" classname="se.redmind.rmtest.selenium.example.RandomClass0(20150107-080018)" time="1.786435">
	<failure type="java.lang.AssertionError:">java.lang.AssertionError: null
		at org.junit.Assert.fail(Assert.java:86)
		at org.junit.Assert.assertTrue(Assert.java:41)
		at org.junit.Assert.assertTrue(Assert.java:52)
		at se.redmind.rmtest.selenium.example.CreateRandomRes3.random14(CreateRandomRes3.java:128)
	</failure>
</testcase>
<testcase name="random2[Ubuntu_14.04_UNKNOWN_explorer_10]" classname="se.redmind.rmtest.selenium.example.RandomClass0(20150107-080018)" time="1.6167794"/>
<testcase name="random2[Ubuntu_14.04_UNKNOWN_opera_15]" classname="se.redmind.rmtest.selenium.example.RandomClass0(20150107-080018)" time="0.17896485"/>
<testcase name="random2[Ubuntu_12.10_UNKNOWN_firefox_31]" classname="se.redmind.rmtest.selenium.example.RandomClass0(20150107-080018)" time="0.542351"/>
<testcase name="random2[Ubuntu_12.10_UNKNOWN_chrome_42]" classname="se.redmind.rmtest.selenium.example.RandomClass0(20150107-080018)" time="1.7140291"/>
<testcase name="random2[Ubuntu_12.10_UNKNOWN_explorer_10]" classname="se.redmind.rmtest.selenium.example.RandomClass0(20150107-080018)" time="1.563286"/>
<testcase name="random2[Ubuntu_12.10_UNKNOWN_opera_15]" classname="se.redmind.rmtest.selenium.example.RandomClass0(20150107-080018)" time="0.09734416">
	<failure type="java.lang.AssertionError:">java.lang.AssertionError: null
		at org.junit.Assert.fail(Assert.java:86)
		at org.junit.Assert.assertTrue(Assert.java:41)
		at org.junit.Assert.assertTrue(Assert.java:52)
		at se.redmind.rmtest.selenium.example.CreateRandomRes3.random14(CreateRandomRes3.java:128)
	</failure>
</testcase>
<testcase name="random3[Android_4.4.4_HTC ONE_firefox_31]" classname="se.redmind.rmtest.selenium.example.RandomClass0(20150107-080018)" time="1.0100007">
	<failure type="java.lang.AssertionError:">java.lang.AssertionError: null
		at org.junit.Assert.fail(Assert.java:86)
		at org.junit.Assert.assertTrue(Assert.java:41)
		at org.junit.Assert.assertTrue(Assert.java:52)
		at se.redmind.rmtest.selenium.example.CreateRandomRes3.random14(CreateRandomRes3.java:128)
	</failure>
</testcase>
<testcase name="random3[Android_4.4.4_HTC ONE_chrome_42]" classname="se.redmind.rmtest.selenium.example.RandomClass0(20150107-080018)" time="0.090164185">
	<failure type="java.lang.AssertionError:">java.lang.AssertionError: null
		at org.junit.Assert.fail(Assert.java:86)
		at org.junit.Assert.assertTrue(Assert.java:41)
		at org.junit.Assert.assertTrue(Assert.java:52)
		at se.redmind.rmtest.selenium.example.CreateRandomRes3.random14(CreateRandomRes3.java:128)
	</failure>
</testcase>
<testcase name="random3[Android_4.4.4_HTC ONE_explorer_10]" classname="se.redmind.rmtest.selenium.example.RandomClass0(20150107-080018)" time="0.03252697">
	<failure type="java.lang.AssertionError:">java.lang.AssertionError: null
		at org.junit.Assert.fail(Assert.java:86)
		at org.junit.Assert.assertTrue(Assert.java:41)
		at org.junit.Assert.assertTrue(Assert.java:52)
		at se.redmind.rmtest.selenium.example.CreateRandomRes3.random14(CreateRandomRes3.java:128)
	</failure>
</testcase>
<testcase name="random3[Android_4.4.4_HTC ONE_opera_15]" classname="se.redmind.rmtest.selenium.example.RandomClass0(20150107-080018)" time="1.4239125"/>
<testcase name="random3[Android_5.1_Nexus 6_firefox_31]" classname="se.redmind.rmtest.selenium.example.RandomClass0(20150107-080018)" time="1.0663394"/>
<testcase name="random3[Android_5.1_Nexus 6_chrome_42]" classname="se.redmind.rmtest.selenium.example.RandomClass0(20150107-080018)" time="0.25177836"/>
<testcase name="random3[Android_5.1_Nexus 6_explorer_10]" classname="se.redmind.rmtest.selenium.example.RandomClass0(20150107-080018)" time="1.0643318">
	<failure type="java.lang.AssertionError:">java.lang.AssertionError: null
		at org.junit.Assert.fail(Assert.java:86)
		at org.junit.Assert.assertTrue(Assert.java:41)
		at org.junit.Assert.assertTrue(Assert.java:52)
		at se.redmind.rmtest.selenium.example.CreateRandomRes3.random14(CreateRandomRes3.java:128)
	</failure>
</testcase>
<testcase name="random3[Android_5.1_Nexus 6_opera_15]" classname="se.redmind.rmtest.selenium.example.RandomClass0(20150107-080018)" time="1.5923424">
	<error type="java.lang.AssertionError:">java.lang.AssertionError: null
		at org.junit.Assert.fail(Assert.java:86)
		at org.junit.Assert.assertTrue(Assert.java:41)
		at org.junit.Assert.assertTrue(Assert.java:52)
		at se.redmind.rmtest.selenium.example.CreateRandomRes3.random14(CreateRandomRes3.java:128)
	</error>
</testcase>
<testcase name="random3[Android_2.3_VeiVei_firefox_31]" classname="se.redmind.rmtest.selenium.example.RandomClass0(20150107-080018)" time="1.9259859"/>
<testcase name="random3[Android_2.3_VeiVei_chrome_42]" classname="se.redmind.rmtest.selenium.example.RandomClass0(20150107-080018)" time="0.79488707">
	<failure type="java.lang.AssertionError:">java.lang.AssertionError: null
		at org.junit.Assert.fail(Assert.java:86)
		at org.junit.Assert.assertTrue(Assert.java:41)
		at org.junit.Assert.assertTrue(Assert.java:52)
		at se.redmind.rmtest.selenium.example.CreateRandomRes3.random14(CreateRandomRes3.java:128)
	</failure>
</testcase>
<testcase name="random3[Android_2.3_VeiVei_explorer_10]" classname="se.redmind.rmtest.selenium.example.RandomClass0(20150107-080018)" time="0.29475105"/>
<testcase name="random3[Android_2.3_VeiVei_opera_15]" classname="se.redmind.rmtest.selenium.example.RandomClass0(20150107-080018)" time="0.7911036">
	<failure type="java.lang.AssertionError:">java.lang.AssertionError: null
		at org.junit.Assert.fail(Assert.java:86)
		at org.junit.Assert.assertTrue(Assert.java:41)
		at org.junit.Assert.assertTrue(Assert.java:52)
		at se.redmind.rmtest.selenium.example.CreateRandomRes3.random14(CreateRandomRes3.java:128)
	</failure>
</testcase>
<testcase name="random3[Android_4.4.4_Sony Experia Z3_firefox_31]" classname="se.redmind.rmtest.selenium.example.RandomClass0(20150107-080018)" time="1.220349">
	<failure type="java.lang.AssertionError:">java.lang.AssertionError: null
		at org.junit.Assert.fail(Assert.java:86)
		at org.junit.Assert.assertTrue(Assert.java:41)
		at org.junit.Assert.assertTrue(Assert.java:52)
		at se.redmind.rmtest.selenium.example.CreateRandomRes3.random14(CreateRandomRes3.java:128)
	</failure>
</testcase>
<testcase name="random3[Android_4.4.4_Sony Experia Z3_chrome_42]" classname="se.redmind.rmtest.selenium.example.RandomClass0(20150107-080018)" time="1.8547851"/>
<testcase name="random3[Android_4.4.4_Sony Experia Z3_explorer_10]" classname="se.redmind.rmtest.selenium.example.RandomClass0(20150107-080018)" time="0.35680473"/>
<testcase name="random3[Android_4.4.4_Sony Experia Z3_opera_15]" classname="se.redmind.rmtest.selenium.example.RandomClass0(20150107-080018)" time="0.8736712"/>
<testcase name="random3[IOS_4_iPhone 3Gs_firefox_31]" classname="se.redmind.rmtest.selenium.example.RandomClass0(20150107-080018)" time="1.7041397">
<skipped/>
</testcase>
<testcase name="random3[IOS_4_iPhone 3Gs_firefox_31]" classname="se.redmind.rmtest.selenium.example.RandomClass0(20150107-080018)" time="0.40134692">
	<failure type="java.lang.AssertionError:">java.lang.AssertionError: null
		at org.junit.Assert.fail(Assert.java:86)
		at org.junit.Assert.assertTrue(Assert.java:41)
		at org.junit.Assert.assertTrue(Assert.java:52)
		at se.redmind.rmtest.selenium.example.CreateRandomRes3.random14(CreateRandomRes3.java:128)
	</failure>
</testcase>
<testcase name="random3[IOS_4_iPhone 3Gs_chrome_42]" classname="se.redmind.rmtest.selenium.example.RandomClass0(20150107-080018)" time="0.47339857">
<skipped/>
</testcase>
<testcase name="random3[IOS_4_iPhone 3Gs_chrome_42]" classname="se.redmind.rmtest.selenium.example.RandomClass0(20150107-080018)" time="0.81728315">
	<failure type="java.lang.AssertionError:">java.lang.AssertionError: null
		at org.junit.Assert.fail(Assert.java:86)
		at org.junit.Assert.assertTrue(Assert.java:41)
		at org.junit.Assert.assertTrue(Assert.java:52)
		at se.redmind.rmtest.selenium.example.CreateRandomRes3.random14(CreateRandomRes3.java:128)
	</failure>
</testcase>
<testcase name="random3[IOS_4_iPhone 3Gs_explorer_10]" classname="se.redmind.rmtest.selenium.example.RandomClass0(20150107-080018)" time="1.5714767">
<skipped/>
</testcase>
<testcase name="random3[IOS_4_iPhone 3Gs_explorer_10]" classname="se.redmind.rmtest.selenium.example.RandomClass0(20150107-080018)" time="0.9431987">
	<failure type="java.lang.AssertionError:">java.lang.AssertionError: null
		at org.junit.Assert.fail(Assert.java:86)
		at org.junit.Assert.assertTrue(Assert.java:41)
		at org.junit.Assert.assertTrue(Assert.java:52)
		at se.redmind.rmtest.selenium.example.CreateRandomRes3.random14(CreateRandomRes3.java:128)
	</failure>
</testcase>
<testcase name="random3[IOS_4_iPhone 3Gs_opera_15]" classname="se.redmind.rmtest.selenium.example.RandomClass0(20150107-080018)" time="1.8327097">
<skipped/>
</testcase>
<testcase name="random3[IOS_4_iPhone 3Gs_opera_15]" classname="se.redmind.rmtest.selenium.example.RandomClass0(20150107-080018)" time="1.9525602"/>
<testcase name="random3[Windows_8.1_UNKNOWN_firefox_31]" classname="se.redmind.rmtest.selenium.example.RandomClass0(20150107-080018)" time="0.6958933">
	<failure type="java.lang.AssertionError:">java.lang.AssertionError: null
		at org.junit.Assert.fail(Assert.java:86)
		at org.junit.Assert.assertTrue(Assert.java:41)
		at org.junit.Assert.assertTrue(Assert.java:52)
		at se.redmind.rmtest.selenium.example.CreateRandomRes3.random14(CreateRandomRes3.java:128)
	</failure>
</testcase>
<testcase name="random3[Windows_8.1_UNKNOWN_chrome_42]" classname="se.redmind.rmtest.selenium.example.RandomClass0(20150107-080018)" time="0.15095985">
	<failure type="java.lang.AssertionError:">java.lang.AssertionError: null
		at org.junit.Assert.fail(Assert.java:86)
		at org.junit.Assert.assertTrue(Assert.java:41)
		at org.junit.Assert.assertTrue(Assert.java:52)
		at se.redmind.rmtest.selenium.example.CreateRandomRes3.random14(CreateRandomRes3.java:128)
	</failure>
</testcase>
<testcase name="random3[Windows_8.1_UNKNOWN_explorer_10]" classname="se.redmind.rmtest.selenium.example.RandomClass0(20150107-080018)" time="0.115538836">
	<failure type="java.lang.AssertionError:">java.lang.AssertionError: null
		at org.junit.Assert.fail(Assert.java:86)
		at org.junit.Assert.assertTrue(Assert.java:41)
		at org.junit.Assert.assertTrue(Assert.java:52)
		at se.redmind.rmtest.selenium.example.CreateRandomRes3.random14(CreateRandomRes3.java:128)
	</failure>
</testcase>
<testcase name="random3[Windows_8.1_UNKNOWN_opera_15]" classname="se.redmind.rmtest.selenium.example.RandomClass0(20150107-080018)" time="0.34794736"/>
<testcase name="random3[Ubuntu_14.04_UNKNOWN_firefox_31]" classname="se.redmind.rmtest.selenium.example.RandomClass0(20150107-080018)" time="1.8278292"/>
<testcase name="random3[Ubuntu_14.04_UNKNOWN_chrome_42]" classname="se.redmind.rmtest.selenium.example.RandomClass0(20150107-080018)" time="0.16933548">
	<failure type="java.lang.AssertionError:">java.lang.AssertionError: null
		at org.junit.Assert.fail(Assert.java:86)
		at org.junit.Assert.assertTrue(Assert.java:41)
		at org.junit.Assert.assertTrue(Assert.java:52)
		at se.redmind.rmtest.selenium.example.CreateRandomRes3.random14(CreateRandomRes3.java:128)
	</failure>
</testcase>
<testcase name="random3[Ubuntu_14.04_UNKNOWN_explorer_10]" classname="se.redmind.rmtest.selenium.example.RandomClass0(20150107-080018)" time="0.039868474"/>
<testcase name="random3[Ubuntu_14.04_UNKNOWN_opera_15]" classname="se.redmind.rmtest.selenium.example.RandomClass0(20150107-080018)" time="0.57139075">
	<failure type="java.lang.AssertionError:">java.lang.AssertionError: null
		at org.junit.Assert.fail(Assert.java:86)
		at org.junit.Assert.assertTrue(Assert.java:41)
		at org.junit.Assert.assertTrue(Assert.java:52)
		at se.redmind.rmtest.selenium.example.CreateRandomRes3.random14(CreateRandomRes3.java:128)
	</failure>
</testcase>
<testcase name="random3[Ubuntu_12.10_UNKNOWN_firefox_31]" classname="se.redmind.rmtest.selenium.example.RandomClass0(20150107-080018)" time="0.328524">
	<failure type="java.lang.AssertionError:">java.lang.AssertionError: null
		at org.junit.Assert.fail(Assert.java:86)
		at org.junit.Assert.assertTrue(Assert.java:41)
		at org.junit.Assert.assertTrue(Assert.java:52)
		at se.redmind.rmtest.selenium.example.CreateRandomRes3.random14(CreateRandomRes3.java:128)
	</failure>
</testcase>
<testcase name="random3[Ubuntu_12.10_UNKNOWN_chrome_42]" classname="se.redmind.rmtest.selenium.example.RandomClass0(20150107-080018)" time="0.10330033">
	<failure type="java.lang.AssertionError:">java.lang.AssertionError: null
		at org.junit.Assert.fail(Assert.java:86)
		at org.junit.Assert.assertTrue(Assert.java:41)
		at org.junit.Assert.assertTrue(Assert.java:52)
		at se.redmind.rmtest.selenium.example.CreateRandomRes3.random14(CreateRandomRes3.java:128)
	</failure>
</testcase>
<testcase name="random3[Ubuntu_12.10_UNKNOWN_explorer_10]" classname="se.redmind.rmtest.selenium.example.RandomClass0(20150107-080018)" time="1.8808701"/>
<testcase name="random3[Ubuntu_12.10_UNKNOWN_opera_15]" classname="se.redmind.rmtest.selenium.example.RandomClass0(20150107-080018)" time="1.4643112"/>
<testcase name="random4[Android_4.4.4_HTC ONE_firefox_31]" classname="se.redmind.rmtest.selenium.example.RandomClass0(20150107-080018)" time="1.5271262"/>
<testcase name="random4[Android_4.4.4_HTC ONE_chrome_42]" classname="se.redmind.rmtest.selenium.example.RandomClass0(20150107-080018)" time="1.1048447"/>
<testcase name="random4[Android_4.4.4_HTC ONE_explorer_10]" classname="se.redmind.rmtest.selenium.example.RandomClass0(20150107-080018)" time="0.33743548"/>
<testcase name="random4[Android_4.4.4_HTC ONE_opera_15]" classname="se.redmind.rmtest.selenium.example.RandomClass0(20150107-080018)" time="1.6255392">
	<failure type="java.lang.AssertionError:">java.lang.AssertionError: null
		at org.junit.Assert.fail(Assert.java:86)
		at org.junit.Assert.assertTrue(Assert.java:41)
		at org.junit.Assert.assertTrue(Assert.java:52)
		at se.redmind.rmtest.selenium.example.CreateRandomRes3.random14(CreateRandomRes3.java:128)
	</failure>
</testcase>
<testcase name="random4[Android_5.1_Nexus 6_firefox_31]" classname="se.redmind.rmtest.selenium.example.RandomClass0(20150107-080018)" time="1.5350932"/>
<testcase name="random4[Android_5.1_Nexus 6_chrome_42]" classname="se.redmind.rmtest.selenium.example.RandomClass0(20150107-080018)" time="0.47396708"/>
<testcase name="random4[Android_5.1_Nexus 6_explorer_10]" classname="se.redmind.rmtest.selenium.example.RandomClass0(20150107-080018)" time="0.69043636"/>
<testcase name="random4[Android_5.1_Nexus 6_opera_15]" classname="se.redmind.rmtest.selenium.example.RandomClass0(20150107-080018)" time="0.35564542"/>
<testcase name="random4[Android_2.3_VeiVei_firefox_31]" classname="se.redmind.rmtest.selenium.example.RandomClass0(20150107-080018)" time="1.2968173"/>
<testcase name="random4[Android_2.3_VeiVei_chrome_42]" classname="se.redmind.rmtest.selenium.example.RandomClass0(20150107-080018)" time="1.3435161"/>
<testcase name="random4[Android_2.3_VeiVei_explorer_10]" classname="se.redmind.rmtest.selenium.example.RandomClass0(20150107-080018)" time="1.2166057">
	<failure type="java.lang.AssertionError:">java.lang.AssertionError: null
		at org.junit.Assert.fail(Assert.java:86)
		at org.junit.Assert.assertTrue(Assert.java:41)
		at org.junit.Assert.assertTrue(Assert.java:52)
		at se.redmind.rmtest.selenium.example.CreateRandomRes3.random14(CreateRandomRes3.java:128)
	</failure>
</testcase>
<testcase name="random4[Android_2.3_VeiVei_opera_15]" classname="se.redmind.rmtest.selenium.example.RandomClass0(20150107-080018)" time="0.70408547">
	<failure type="java.lang.AssertionError:">java.lang.AssertionError: null
		at org.junit.Assert.fail(Assert.java:86)
		at org.junit.Assert.assertTrue(Assert.java:41)
		at org.junit.Assert.assertTrue(Assert.java:52)
		at se.redmind.rmtest.selenium.example.CreateRandomRes3.random14(CreateRandomRes3.java:128)
	</failure>
</testcase>
<testcase name="random4[Android_4.4.4_Sony Experia Z3_firefox_31]" classname="se.redmind.rmtest.selenium.example.RandomClass0(20150107-080018)" time="0.37576795"/>
<testcase name="random4[Android_4.4.4_Sony Experia Z3_chrome_42]" classname="se.redmind.rmtest.selenium.example.RandomClass0(20150107-080018)" time="1.6074474"/>
<testcase name="random4[Android_4.4.4_Sony Experia Z3_explorer_10]" classname="se.redmind.rmtest.selenium.example.RandomClass0(20150107-080018)" time="0.50295436">
	<failure type="java.lang.AssertionError:">java.lang.AssertionError: null
		at org.junit.Assert.fail(Assert.java:86)
		at org.junit.Assert.assertTrue(Assert.java:41)
		at org.junit.Assert.assertTrue(Assert.java:52)
		at se.redmind.rmtest.selenium.example.CreateRandomRes3.random14(CreateRandomRes3.java:128)
	</failure>
</testcase>
<testcase name="random4[Android_4.4.4_Sony Experia Z3_opera_15]" classname="se.redmind.rmtest.selenium.example.RandomClass0(20150107-080018)" time="1.2151403">
	<failure type="java.lang.AssertionError:">java.lang.AssertionError: null
		at org.junit.Assert.fail(Assert.java:86)
		at org.junit.Assert.assertTrue(Assert.java:41)
		at org.junit.Assert.assertTrue(Assert.java:52)
		at se.redmind.rmtest.selenium.example.CreateRandomRes3.random14(CreateRandomRes3.java:128)
	</failure>
</testcase>
<testcase name="random4[IOS_4_iPhone 3Gs_firefox_31]" classname="se.redmind.rmtest.selenium.example.RandomClass0(20150107-080018)" time="1.6700294">
	<failure type="java.lang.AssertionError:">java.lang.AssertionError: null
		at org.junit.Assert.fail(Assert.java:86)
		at org.junit.Assert.assertTrue(Assert.java:41)
		at org.junit.Assert.assertTrue(Assert.java:52)
		at se.redmind.rmtest.selenium.example.CreateRandomRes3.random14(CreateRandomRes3.java:128)
	</failure>
</testcase>
<testcase name="random4[IOS_4_iPhone 3Gs_chrome_42]" classname="se.redmind.rmtest.selenium.example.RandomClass0(20150107-080018)" time="0.85929465"/>
<testcase name="random4[IOS_4_iPhone 3Gs_explorer_10]" classname="se.redmind.rmtest.selenium.example.RandomClass0(20150107-080018)" time="0.4195553">
	<failure type="java.lang.AssertionError:">java.lang.AssertionError: null
		at org.junit.Assert.fail(Assert.java:86)
		at org.junit.Assert.assertTrue(Assert.java:41)
		at org.junit.Assert.assertTrue(Assert.java:52)
		at se.redmind.rmtest.selenium.example.CreateRandomRes3.random14(CreateRandomRes3.java:128)
	</failure>
</testcase>
<testcase name="random4[IOS_4_iPhone 3Gs_opera_15]" classname="se.redmind.rmtest.selenium.example.RandomClass0(20150107-080018)" time="1.3704426"/>
<testcase name="random4[Windows_8.1_UNKNOWN_firefox_31]" classname="se.redmind.rmtest.selenium.example.RandomClass0(20150107-080018)" time="1.7766387">
	<failure type="java.lang.AssertionError:">java.lang.AssertionError: null
		at org.junit.Assert.fail(Assert.java:86)
		at org.junit.Assert.assertTrue(Assert.java:41)
		at org.junit.Assert.assertTrue(Assert.java:52)
		at se.redmind.rmtest.selenium.example.CreateRandomRes3.random14(CreateRandomRes3.java:128)
	</failure>
</testcase>
<testcase name="random4[Windows_8.1_UNKNOWN_chrome_42]" classname="se.redmind.rmtest.selenium.example.RandomClass0(20150107-080018)" time="0.6258968">
	<error type="java.lang.AssertionError:">java.lang.AssertionError: null
		at org.junit.Assert.fail(Assert.java:86)
		at org.junit.Assert.assertTrue(Assert.java:41)
		at org.junit.Assert.assertTrue(Assert.java:52)
		at se.redmind.rmtest.selenium.example.CreateRandomRes3.random14(CreateRandomRes3.java:128)
	</error>
</testcase>
<testcase name="random4[Windows_8.1_UNKNOWN_explorer_10]" classname="se.redmind.rmtest.selenium.example.RandomClass0(20150107-080018)" time="0.541121"/>
<testcase name="random4[Windows_8.1_UNKNOWN_opera_15]" classname="se.redmind.rmtest.selenium.example.RandomClass0(20150107-080018)" time="0.13165534">
	<failure type="java.lang.AssertionError:">java.lang.AssertionError: null
		at org.junit.Assert.fail(Assert.java:86)
		at org.junit.Assert.assertTrue(Assert.java:41)
		at org.junit.Assert.assertTrue(Assert.java:52)
		at se.redmind.rmtest.selenium.example.CreateRandomRes3.random14(CreateRandomRes3.java:128)
	</failure>
</testcase>
<testcase name="random4[Ubuntu_14.04_UNKNOWN_firefox_31]" classname="se.redmind.rmtest.selenium.example.RandomClass0(20150107-080018)" time="1.1966468">
	<failure type="java.lang.AssertionError:">java.lang.AssertionError: null
		at org.junit.Assert.fail(Assert.java:86)
		at org.junit.Assert.assertTrue(Assert.java:41)
		at org.junit.Assert.assertTrue(Assert.java:52)
		at se.redmind.rmtest.selenium.example.CreateRandomRes3.random14(CreateRandomRes3.java:128)
	</failure>
</testcase>
<testcase name="random4[Ubuntu_14.04_UNKNOWN_chrome_42]" classname="se.redmind.rmtest.selenium.example.RandomClass0(20150107-080018)" time="0.26995432"/>
<testcase name="random4[Ubuntu_14.04_UNKNOWN_explorer_10]" classname="se.redmind.rmtest.selenium.example.RandomClass0(20150107-080018)" time="1.5606439">
	<failure type="java.lang.AssertionError:">java.lang.AssertionError: null
		at org.junit.Assert.fail(Assert.java:86)
		at org.junit.Assert.assertTrue(Assert.java:41)
		at org.junit.Assert.assertTrue(Assert.java:52)
		at se.redmind.rmtest.selenium.example.CreateRandomRes3.random14(CreateRandomRes3.java:128)
	</failure>
</testcase>
<testcase name="random4[Ubuntu_14.04_UNKNOWN_opera_15]" classname="se.redmind.rmtest.selenium.example.RandomClass0(20150107-080018)" time="0.8289647">
	<failure type="java.lang.AssertionError:">java.lang.AssertionError: null
		at org.junit.Assert.fail(Assert.java:86)
		at org.junit.Assert.assertTrue(Assert.java:41)
		at org.junit.Assert.assertTrue(Assert.java:52)
		at se.redmind.rmtest.selenium.example.CreateRandomRes3.random14(CreateRandomRes3.java:128)
	</failure>
</testcase>
<testcase name="random4[Ubuntu_12.10_UNKNOWN_firefox_31]" classname="se.redmind.rmtest.selenium.example.RandomClass0(20150107-080018)" time="0.34306955"/>
<testcase name="random4[Ubuntu_12.10_UNKNOWN_chrome_42]" classname="se.redmind.rmtest.selenium.example.RandomClass0(20150107-080018)" time="1.7803558">
	<failure type="java.lang.AssertionError:">java.lang.AssertionError: null
		at org.junit.Assert.fail(Assert.java:86)
		at org.junit.Assert.assertTrue(Assert.java:41)
		at org.junit.Assert.assertTrue(Assert.java:52)
		at se.redmind.rmtest.selenium.example.CreateRandomRes3.random14(CreateRandomRes3.java:128)
	</failure>
</testcase>
<testcase name="random4[Ubuntu_12.10_UNKNOWN_explorer_10]" classname="se.redmind.rmtest.selenium.example.RandomClass0(20150107-080018)" time="1.3047367">
	<failure type="java.lang.AssertionError:">java.lang.AssertionError: null
		at org.junit.Assert.fail(Assert.java:86)
		at org.junit.Assert.assertTrue(Assert.java:41)
		at org.junit.Assert.assertTrue(Assert.java:52)
		at se.redmind.rmtest.selenium.example.CreateRandomRes3.random14(CreateRandomRes3.java:128)
	</failure>
</testcase>
<testcase name="random4[Ubuntu_12.10_UNKNOWN_opera_15]" classname="se.redmind.rmtest.selenium.example.RandomClass0(20150107-080018)" time="0.6251131">
	<failure type="java.lang.AssertionError:">java.lang.AssertionError: null
		at org.junit.Assert.fail(Assert.java:86)
		at org.junit.Assert.assertTrue(Assert.java:41)
		at org.junit.Assert.assertTrue(Assert.java:52)
		at se.redmind.rmtest.selenium.example.CreateRandomRes3.random14(CreateRandomRes3.java:128)
	</failure>
</testcase>
<testcase name="random1[Android_4.4.4_HTC ONE_firefox_31]" classname="se.redmind.rmtest.selenium.example.RandomClass1(20150107-080018)" time="1.8035815">
	<failure type="java.lang.AssertionError:">java.lang.AssertionError: null
		at org.junit.Assert.fail(Assert.java:86)
		at org.junit.Assert.assertTrue(Assert.java:41)
		at org.junit.Assert.assertTrue(Assert.java:52)
		at se.redmind.rmtest.selenium.example.CreateRandomRes3.random14(CreateRandomRes3.java:128)
	</failure>
</testcase>
<testcase name="random1[Android_4.4.4_HTC ONE_chrome_42]" classname="se.redmind.rmtest.selenium.example.RandomClass1(20150107-080018)" time="0.43773997">
	<failure type="java.lang.AssertionError:">java.lang.AssertionError: null
		at org.junit.Assert.fail(Assert.java:86)
		at org.junit.Assert.assertTrue(Assert.java:41)
		at org.junit.Assert.assertTrue(Assert.java:52)
		at se.redmind.rmtest.selenium.example.CreateRandomRes3.random14(CreateRandomRes3.java:128)
	</failure>
</testcase>
<testcase name="random1[Android_4.4.4_HTC ONE_explorer_10]" classname="se.redmind.rmtest.selenium.example.RandomClass1(20150107-080018)" time="0.14800274">
	<failure type="java.lang.AssertionError:">java.lang.AssertionError: null
		at org.junit.Assert.fail(Assert.java:86)
		at org.junit.Assert.assertTrue(Assert.java:41)
		at org.junit.Assert.assertTrue(Assert.java:52)
		at se.redmind.rmtest.selenium.example.CreateRandomRes3.random14(CreateRandomRes3.java:128)
	</failure>
</testcase>
<testcase name="random1[Android_4.4.4_HTC ONE_opera_15]" classname="se.redmind.rmtest.selenium.example.RandomClass1(20150107-080018)" time="0.43657994"/>
<testcase name="random1[Android_5.1_Nexus 6_firefox_31]" classname="se.redmind.rmtest.selenium.example.RandomClass1(20150107-080018)" time="0.10624957">
	<failure type="java.lang.AssertionError:">java.lang.AssertionError: null
		at org.junit.Assert.fail(Assert.java:86)
		at org.junit.Assert.assertTrue(Assert.java:41)
		at org.junit.Assert.assertTrue(Assert.java:52)
		at se.redmind.rmtest.selenium.example.CreateRandomRes3.random14(CreateRandomRes3.java:128)
	</failure>
</testcase>
<testcase name="random1[Android_5.1_Nexus 6_chrome_42]" classname="se.redmind.rmtest.selenium.example.RandomClass1(20150107-080018)" time="0.15088677">
	<failure type="java.lang.AssertionError:">java.lang.AssertionError: null
		at org.junit.Assert.fail(Assert.java:86)
		at org.junit.Assert.assertTrue(Assert.java:41)
		at org.junit.Assert.assertTrue(Assert.java:52)
		at se.redmind.rmtest.selenium.example.CreateRandomRes3.random14(CreateRandomRes3.java:128)
	</failure>
</testcase>
<testcase name="random1[Android_5.1_Nexus 6_explorer_10]" classname="se.redmind.rmtest.selenium.example.RandomClass1(20150107-080018)" time="1.8945242">
	<failure type="java.lang.AssertionError:">java.lang.AssertionError: null
		at org.junit.Assert.fail(Assert.java:86)
		at org.junit.Assert.assertTrue(Assert.java:41)
		at org.junit.Assert.assertTrue(Assert.java:52)
		at se.redmind.rmtest.selenium.example.CreateRandomRes3.random14(CreateRandomRes3.java:128)
	</failure>
</testcase>
<testcase name="random1[Android_5.1_Nexus 6_opera_15]" classname="se.redmind.rmtest.selenium.example.RandomClass1(20150107-080018)" time="1.3119586"/>
<testcase name="random1[Android_2.3_VeiVei_firefox_31]" classname="se.redmind.rmtest.selenium.example.RandomClass1(20150107-080018)" time="0.1899563">
	<failure type="java.lang.AssertionError:">java.lang.AssertionError: null
		at org.junit.Assert.fail(Assert.java:86)
		at org.junit.Assert.assertTrue(Assert.java:41)
		at org.junit.Assert.assertTrue(Assert.java:52)
		at se.redmind.rmtest.selenium.example.CreateRandomRes3.random14(CreateRandomRes3.java:128)
	</failure>
</testcase>
<testcase name="random1[Android_2.3_VeiVei_chrome_42]" classname="se.redmind.rmtest.selenium.example.RandomClass1(20150107-080018)" time="0.22842848">
	<failure type="java.lang.AssertionError:">java.lang.AssertionError: null
		at org.junit.Assert.fail(Assert.java:86)
		at org.junit.Assert.assertTrue(Assert.java:41)
		at org.junit.Assert.assertTrue(Assert.java:52)
		at se.redmind.rmtest.selenium.example.CreateRandomRes3.random14(CreateRandomRes3.java:128)
	</failure>
</testcase>
<testcase name="random1[Android_2.3_VeiVei_explorer_10]" classname="se.redmind.rmtest.selenium.example.RandomClass1(20150107-080018)" time="0.06435907">
	<failure type="java.lang.AssertionError:">java.lang.AssertionError: null
		at org.junit.Assert.fail(Assert.java:86)
		at org.junit.Assert.assertTrue(Assert.java:41)
		at org.junit.Assert.assertTrue(Assert.java:52)
		at se.redmind.rmtest.selenium.example.CreateRandomRes3.random14(CreateRandomRes3.java:128)
	</failure>
</testcase>
<testcase name="random1[Android_2.3_VeiVei_opera_15]" classname="se.redmind.rmtest.selenium.example.RandomClass1(20150107-080018)" time="0.107069016">
	<failure type="java.lang.AssertionError:">java.lang.AssertionError: null
		at org.junit.Assert.fail(Assert.java:86)
		at org.junit.Assert.assertTrue(Assert.java:41)
		at org.junit.Assert.assertTrue(Assert.java:52)
		at se.redmind.rmtest.selenium.example.CreateRandomRes3.random14(CreateRandomRes3.java:128)
	</failure>
</testcase>
<testcase name="random1[IOS_8.2_iPhone 6_firefox_31]" classname="se.redmind.rmtest.selenium.example.RandomClass1(20150107-080018)" time="0.18754172"/>
<testcase name="random1[IOS_8.2_iPhone 6_chrome_42]" classname="se.redmind.rmtest.selenium.example.RandomClass1(20150107-080018)" time="1.1709765">
	<failure type="java.lang.AssertionError:">java.lang.AssertionError: null
		at org.junit.Assert.fail(Assert.java:86)
		at org.junit.Assert.assertTrue(Assert.java:41)
		at org.junit.Assert.assertTrue(Assert.java:52)
		at se.redmind.rmtest.selenium.example.CreateRandomRes3.random14(CreateRandomRes3.java:128)
	</failure>
</testcase>
<testcase name="random1[IOS_8.2_iPhone 6_explorer_10]" classname="se.redmind.rmtest.selenium.example.RandomClass1(20150107-080018)" time="1.7985924">
	<failure type="java.lang.AssertionError:">java.lang.AssertionError: null
		at org.junit.Assert.fail(Assert.java:86)
		at org.junit.Assert.assertTrue(Assert.java:41)
		at org.junit.Assert.assertTrue(Assert.java:52)
		at se.redmind.rmtest.selenium.example.CreateRandomRes3.random14(CreateRandomRes3.java:128)
	</failure>
</testcase>
<testcase name="random1[IOS_8.2_iPhone 6_opera_15]" classname="se.redmind.rmtest.selenium.example.RandomClass1(20150107-080018)" time="0.9784498"/>
<testcase name="random1[IOS_4_iPhone 3Gs_firefox_31]" classname="se.redmind.rmtest.selenium.example.RandomClass1(20150107-080018)" time="0.63708305"/>
<testcase name="random1[IOS_4_iPhone 3Gs_chrome_42]" classname="se.redmind.rmtest.selenium.example.RandomClass1(20150107-080018)" time="1.4336944"/>
<testcase name="random1[IOS_4_iPhone 3Gs_explorer_10]" classname="se.redmind.rmtest.selenium.example.RandomClass1(20150107-080018)" time="0.47056484">
	<failure type="java.lang.AssertionError:">java.lang.AssertionError: null
		at org.junit.Assert.fail(Assert.java:86)
		at org.junit.Assert.assertTrue(Assert.java:41)
		at org.junit.Assert.assertTrue(Assert.java:52)
		at se.redmind.rmtest.selenium.example.CreateRandomRes3.random14(CreateRandomRes3.java:128)
	</failure>
</testcase>
<testcase name="random1[IOS_4_iPhone 3Gs_opera_15]" classname="se.redmind.rmtest.selenium.example.RandomClass1(20150107-080018)" time="1.5351039">
	<failure type="java.lang.AssertionError:">java.lang.AssertionError: null
		at org.junit.Assert.fail(Assert.java:86)
		at org.junit.Assert.assertTrue(Assert.java:41)
		at org.junit.Assert.assertTrue(Assert.java:52)
		at se.redmind.rmtest.selenium.example.CreateRandomRes3.random14(CreateRandomRes3.java:128)
	</failure>
</testcase>
<testcase name="random1[OSX_10.9.5_UNKNOWN_firefox_31]" classname="se.redmind.rmtest.selenium.example.RandomClass1(20150107-080018)" time="0.76756144">
	<failure type="java.lang.AssertionError:">java.lang.AssertionError: null
		at org.junit.Assert.fail(Assert.java:86)
		at org.junit.Assert.assertTrue(Assert.java:41)
		at org.junit.Assert.assertTrue(Assert.java:52)
		at se.redmind.rmtest.selenium.example.CreateRandomRes3.random14(CreateRandomRes3.java:128)
	</failure>
</testcase>
<testcase name="random1[OSX_10.9.5_UNKNOWN_chrome_42]" classname="se.redmind.rmtest.selenium.example.RandomClass1(20150107-080018)" time="1.2175087"/>
<testcase name="random1[OSX_10.9.5_UNKNOWN_explorer_10]" classname="se.redmind.rmtest.selenium.example.RandomClass1(20150107-080018)" time="0.5925046"/>
<testcase name="random1[OSX_10.9.5_UNKNOWN_opera_15]" classname="se.redmind.rmtest.selenium.example.RandomClass1(20150107-080018)" time="1.5900823">
	<failure type="java.lang.AssertionError:">java.lang.AssertionError: null
		at org.junit.Assert.fail(Assert.java:86)
		at org.junit.Assert.assertTrue(Assert.java:41)
		at org.junit.Assert.assertTrue(Assert.java:52)
		at se.redmind.rmtest.selenium.example.CreateRandomRes3.random14(CreateRandomRes3.java:128)
	</failure>
</testcase>
<testcase name="random1[Ubuntu_14.04_UNKNOWN_firefox_31]" classname="se.redmind.rmtest.selenium.example.RandomClass1(20150107-080018)" time="0.99309194">
	<failure type="java.lang.AssertionError:">java.lang.AssertionError: null
		at org.junit.Assert.fail(Assert.java:86)
		at org.junit.Assert.assertTrue(Assert.java:41)
		at org.junit.Assert.assertTrue(Assert.java:52)
		at se.redmind.rmtest.selenium.example.CreateRandomRes3.random14(CreateRandomRes3.java:128)
	</failure>
</testcase>
<testcase name="random1[Ubuntu_14.04_UNKNOWN_chrome_42]" classname="se.redmind.rmtest.selenium.example.RandomClass1(20150107-080018)" time="1.9816039">
	<failure type="java.lang.AssertionError:">java.lang.AssertionError: null
		at org.junit.Assert.fail(Assert.java:86)
		at org.junit.Assert.assertTrue(Assert.java:41)
		at org.junit.Assert.assertTrue(Assert.java:52)
		at se.redmind.rmtest.selenium.example.CreateRandomRes3.random14(CreateRandomRes3.java:128)
	</failure>
</testcase>
<testcase name="random1[Ubuntu_14.04_UNKNOWN_explorer_10]" classname="se.redmind.rmtest.selenium.example.RandomClass1(20150107-080018)" time="0.5670943"/>
<testcase name="random1[Ubuntu_14.04_UNKNOWN_opera_15]" classname="se.redmind.rmtest.selenium.example.RandomClass1(20150107-080018)" time="0.2074852">
	<error type="java.lang.AssertionError:">java.lang.AssertionError: null
		at org.junit.Assert.fail(Assert.java:86)
		at org.junit.Assert.assertTrue(Assert.java:41)
		at org.junit.Assert.assertTrue(Assert.java:52)
		at se.redmind.rmtest.selenium.example.CreateRandomRes3.random14(CreateRandomRes3.java:128)
	</error>
</testcase>
<testcase name="random1[Ubuntu_12.10_UNKNOWN_firefox_31]" classname="se.redmind.rmtest.selenium.example.RandomClass1(20150107-080018)" time="0.12779033">
	<failure type="java.lang.AssertionError:">java.lang.AssertionError: null
		at org.junit.Assert.fail(Assert.java:86)
		at org.junit.Assert.assertTrue(Assert.java:41)
		at org.junit.Assert.assertTrue(Assert.java:52)
		at se.redmind.rmtest.selenium.example.CreateRandomRes3.random14(CreateRandomRes3.java:128)
	</failure>
</testcase>
<testcase name="random1[Ubuntu_12.10_UNKNOWN_chrome_42]" classname="se.redmind.rmtest.selenium.example.RandomClass1(20150107-080018)" time="0.25747383">
	<failure type="java.lang.AssertionError:">java.lang.AssertionError: null
		at org.junit.Assert.fail(Assert.java:86)
		at org.junit.Assert.assertTrue(Assert.java:41)
		at org.junit.Assert.assertTrue(Assert.java:52)
		at se.redmind.rmtest.selenium.example.CreateRandomRes3.random14(CreateRandomRes3.java:128)
	</failure>
</testcase>
<testcase name="random1[Ubuntu_12.10_UNKNOWN_explorer_10]" classname="se.redmind.rmtest.selenium.example.RandomClass1(20150107-080018)" time="1.5132623">
	<failure type="java.lang.AssertionError:">java.lang.AssertionError: null
		at org.junit.Assert.fail(Assert.java:86)
		at org.junit.Assert.assertTrue(Assert.java:41)
		at org.junit.Assert.assertTrue(Assert.java:52)
		at se.redmind.rmtest.selenium.example.CreateRandomRes3.random14(CreateRandomRes3.java:128)
	</failure>
</testcase>
<testcase name="random1[Ubuntu_12.10_UNKNOWN_opera_15]" classname="se.redmind.rmtest.selenium.example.RandomClass1(20150107-080018)" time="0.6036148">
	<failure type="java.lang.AssertionError:">java.lang.AssertionError: null
		at org.junit.Assert.fail(Assert.java:86)
		at org.junit.Assert.assertTrue(Assert.java:41)
		at org.junit.Assert.assertTrue(Assert.java:52)
		at se.redmind.rmtest.selenium.example.CreateRandomRes3.random14(CreateRandomRes3.java:128)
	</failure>
</testcase>
<testcase name="random2[Android_4.4.4_HTC ONE_firefox_31]" classname="se.redmind.rmtest.selenium.example.RandomClass1(20150107-080018)" time="1.157384"/>
<testcase name="random2[Android_4.4.4_HTC ONE_chrome_42]" classname="se.redmind.rmtest.selenium.example.RandomClass1(20150107-080018)" time="1.19271"/>
<testcase name="random2[Android_4.4.4_HTC ONE_explorer_10]" classname="se.redmind.rmtest.selenium.example.RandomClass1(20150107-080018)" time="1.1466911">
	<failure type="java.lang.AssertionError:">java.lang.AssertionError: null
		at org.junit.Assert.fail(Assert.java:86)
		at org.junit.Assert.assertTrue(Assert.java:41)
		at org.junit.Assert.assertTrue(Assert.java:52)
		at se.redmind.rmtest.selenium.example.CreateRandomRes3.random14(CreateRandomRes3.java:128)
	</failure>
</testcase>
<testcase name="random2[Android_4.4.4_HTC ONE_opera_15]" classname="se.redmind.rmtest.selenium.example.RandomClass1(20150107-080018)" time="1.4311142"/>
<testcase name="random2[Android_5.1_Nexus 6_firefox_31]" classname="se.redmind.rmtest.selenium.example.RandomClass1(20150107-080018)" time="1.1248391"/>
<testcase name="random2[Android_5.1_Nexus 6_chrome_42]" classname="se.redmind.rmtest.selenium.example.RandomClass1(20150107-080018)" time="1.7107205"/>
<testcase name="random2[Android_5.1_Nexus 6_explorer_10]" classname="se.redmind.rmtest.selenium.example.RandomClass1(20150107-080018)" time="1.5468708"/>
<testcase name="random2[Android_5.1_Nexus 6_opera_15]" classname="se.redmind.rmtest.selenium.example.RandomClass1(20150107-080018)" time="0.99938786"/>
<testcase name="random2[Android_2.3_VeiVei_firefox_31]" classname="se.redmind.rmtest.selenium.example.RandomClass1(20150107-080018)" time="1.8254843"/>
<testcase name="random2[Android_2.3_VeiVei_chrome_42]" classname="se.redmind.rmtest.selenium.example.RandomClass1(20150107-080018)" time="0.7411201">
	<error type="java.lang.AssertionError:">java.lang.AssertionError: null
		at org.junit.Assert.fail(Assert.java:86)
		at org.junit.Assert.assertTrue(Assert.java:41)
		at org.junit.Assert.assertTrue(Assert.java:52)
		at se.redmind.rmtest.selenium.example.CreateRandomRes3.random14(CreateRandomRes3.java:128)
	</error>
</testcase>
<testcase name="random2[Android_2.3_VeiVei_explorer_10]" classname="se.redmind.rmtest.selenium.example.RandomClass1(20150107-080018)" time="1.9890134">
	<failure type="java.lang.AssertionError:">java.lang.AssertionError: null
		at org.junit.Assert.fail(Assert.java:86)
		at org.junit.Assert.assertTrue(Assert.java:41)
		at org.junit.Assert.assertTrue(Assert.java:52)
		at se.redmind.rmtest.selenium.example.CreateRandomRes3.random14(CreateRandomRes3.java:128)
	</failure>
</testcase>
<testcase name="random2[Android_2.3_VeiVei_opera_15]" classname="se.redmind.rmtest.selenium.example.RandomClass1(20150107-080018)" time="0.20410812">
	<failure type="java.lang.AssertionError:">java.lang.AssertionError: null
		at org.junit.Assert.fail(Assert.java:86)
		at org.junit.Assert.assertTrue(Assert.java:41)
		at org.junit.Assert.assertTrue(Assert.java:52)
		at se.redmind.rmtest.selenium.example.CreateRandomRes3.random14(CreateRandomRes3.java:128)
	</failure>
</testcase>
<testcase name="random2[IOS_8.2_iPhone 6_firefox_31]" classname="se.redmind.rmtest.selenium.example.RandomClass1(20150107-080018)" time="0.551991">
	<failure type="java.lang.AssertionError:">java.lang.AssertionError: null
		at org.junit.Assert.fail(Assert.java:86)
		at org.junit.Assert.assertTrue(Assert.java:41)
		at org.junit.Assert.assertTrue(Assert.java:52)
		at se.redmind.rmtest.selenium.example.CreateRandomRes3.random14(CreateRandomRes3.java:128)
	</failure>
</testcase>
<testcase name="random2[IOS_8.2_iPhone 6_chrome_42]" classname="se.redmind.rmtest.selenium.example.RandomClass1(20150107-080018)" time="1.578273"/>
<testcase name="random2[IOS_8.2_iPhone 6_explorer_10]" classname="se.redmind.rmtest.selenium.example.RandomClass1(20150107-080018)" time="0.48019028"/>
<testcase name="random2[IOS_8.2_iPhone 6_opera_15]" classname="se.redmind.rmtest.selenium.example.RandomClass1(20150107-080018)" time="0.9840039">
	<failure type="java.lang.AssertionError:">java.lang.AssertionError: null
		at org.junit.Assert.fail(Assert.java:86)
		at org.junit.Assert.assertTrue(Assert.java:41)
		at org.junit.Assert.assertTrue(Assert.java:52)
		at se.redmind.rmtest.selenium.example.CreateRandomRes3.random14(CreateRandomRes3.java:128)
	</failure>
</testcase>
<testcase name="random2[IOS_4_iPhone 3Gs_firefox_31]" classname="se.redmind.rmtest.selenium.example.RandomClass1(20150107-080018)" time="1.2859302"/>
<testcase name="random2[IOS_4_iPhone 3Gs_chrome_42]" classname="se.redmind.rmtest.selenium.example.RandomClass1(20150107-080018)" time="0.97907186">
	<failure type="java.lang.AssertionError:">java.lang.AssertionError: null
		at org.junit.Assert.fail(Assert.java:86)
		at org.junit.Assert.assertTrue(Assert.java:41)
		at org.junit.Assert.assertTrue(Assert.java:52)
		at se.redmind.rmtest.selenium.example.CreateRandomRes3.random14(CreateRandomRes3.java:128)
	</failure>
</testcase>
<testcase name="random2[IOS_4_iPhone 3Gs_explorer_10]" classname="se.redmind.rmtest.selenium.example.RandomClass1(20150107-080018)" time="0.030845165">
	<failure type="java.lang.AssertionError:">java.lang.AssertionError: null
		at org.junit.Assert.fail(Assert.java:86)
		at org.junit.Assert.assertTrue(Assert.java:41)
		at org.junit.Assert.assertTrue(Assert.java:52)
		at se.redmind.rmtest.selenium.example.CreateRandomRes3.random14(CreateRandomRes3.java:128)
	</failure>
</testcase>
<testcase name="random2[IOS_4_iPhone 3Gs_opera_15]" classname="se.redmind.rmtest.selenium.example.RandomClass1(20150107-080018)" time="1.1500387"/>
<testcase name="random2[OSX_10.9.5_UNKNOWN_firefox_31]" classname="se.redmind.rmtest.selenium.example.RandomClass1(20150107-080018)" time="1.1210493">
	<failure type="java.lang.AssertionError:">java.lang.AssertionError: null
		at org.junit.Assert.fail(Assert.java:86)
		at org.junit.Assert.assertTrue(Assert.java:41)
		at org.junit.Assert.assertTrue(Assert.java:52)
		at se.redmind.rmtest.selenium.example.CreateRandomRes3.random14(CreateRandomRes3.java:128)
	</failure>
</testcase>
<testcase name="random2[OSX_10.9.5_UNKNOWN_chrome_42]" classname="se.redmind.rmtest.selenium.example.RandomClass1(20150107-080018)" time="1.9646559"/>
<testcase name="random2[OSX_10.9.5_UNKNOWN_explorer_10]" classname="se.redmind.rmtest.selenium.example.RandomClass1(20150107-080018)" time="0.6956165">
	<failure type="java.lang.AssertionError:">java.lang.AssertionError: null
		at org.junit.Assert.fail(Assert.java:86)
		at org.junit.Assert.assertTrue(Assert.java:41)
		at org.junit.Assert.assertTrue(Assert.java:52)
		at se.redmind.rmtest.selenium.example.CreateRandomRes3.random14(CreateRandomRes3.java:128)
	</failure>
</testcase>
<testcase name="random2[OSX_10.9.5_UNKNOWN_opera_15]" classname="se.redmind.rmtest.selenium.example.RandomClass1(20150107-080018)" time="0.9921831">
	<failure type="java.lang.AssertionError:">java.lang.AssertionError: null
		at org.junit.Assert.fail(Assert.java:86)
		at org.junit.Assert.assertTrue(Assert.java:41)
		at org.junit.Assert.assertTrue(Assert.java:52)
		at se.redmind.rmtest.selenium.example.CreateRandomRes3.random14(CreateRandomRes3.java:128)
	</failure>
</testcase>
<testcase name="random2[Ubuntu_14.04_UNKNOWN_firefox_31]" classname="se.redmind.rmtest.selenium.example.RandomClass1(20150107-080018)" time="1.7783949">
	<failure type="java.lang.AssertionError:">java.lang.AssertionError: null
		at org.junit.Assert.fail(Assert.java:86)
		at org.junit.Assert.assertTrue(Assert.java:41)
		at org.junit.Assert.assertTrue(Assert.java:52)
		at se.redmind.rmtest.selenium.example.CreateRandomRes3.random14(CreateRandomRes3.java:128)
	</failure>
</testcase>
<testcase name="random2[Ubuntu_14.04_UNKNOWN_chrome_42]" classname="se.redmind.rmtest.selenium.example.RandomClass1(20150107-080018)" time="0.5866742"/>
<testcase name="random2[Ubuntu_14.04_UNKNOWN_explorer_10]" classname="se.redmind.rmtest.selenium.example.RandomClass1(20150107-080018)" time="1.1306403"/>
<testcase name="random2[Ubuntu_14.04_UNKNOWN_opera_15]" classname="se.redmind.rmtest.selenium.example.RandomClass1(20150107-080018)" time="0.5157831">
	<failure type="java.lang.AssertionError:">java.lang.AssertionError: null
		at org.junit.Assert.fail(Assert.java:86)
		at org.junit.Assert.assertTrue(Assert.java:41)
		at org.junit.Assert.assertTrue(Assert.java:52)
		at se.redmind.rmtest.selenium.example.CreateRandomRes3.random14(CreateRandomRes3.java:128)
	</failure>
</testcase>
<testcase name="random2[Ubuntu_12.10_UNKNOWN_firefox_31]" classname="se.redmind.rmtest.selenium.example.RandomClass1(20150107-080018)" time="1.7096093">
	<failure type="java.lang.AssertionError:">java.lang.AssertionError: null
		at org.junit.Assert.fail(Assert.java:86)
		at org.junit.Assert.assertTrue(Assert.java:41)
		at org.junit.Assert.assertTrue(Assert.java:52)
		at se.redmind.rmtest.selenium.example.CreateRandomRes3.random14(CreateRandomRes3.java:128)
	</failure>
</testcase>
<testcase name="random2[Ubuntu_12.10_UNKNOWN_chrome_42]" classname="se.redmind.rmtest.selenium.example.RandomClass1(20150107-080018)" time="1.2763506">
	<failure type="java.lang.AssertionError:">java.lang.AssertionError: null
		at org.junit.Assert.fail(Assert.java:86)
		at org.junit.Assert.assertTrue(Assert.java:41)
		at org.junit.Assert.assertTrue(Assert.java:52)
		at se.redmind.rmtest.selenium.example.CreateRandomRes3.random14(CreateRandomRes3.java:128)
	</failure>
</testcase>
<testcase name="random2[Ubuntu_12.10_UNKNOWN_explorer_10]" classname="se.redmind.rmtest.selenium.example.RandomClass1(20150107-080018)" time="1.3180445"/>
<testcase name="random2[Ubuntu_12.10_UNKNOWN_opera_15]" classname="se.redmind.rmtest.selenium.example.RandomClass1(20150107-080018)" time="0.041461945">
	<failure type="java.lang.AssertionError:">java.lang.AssertionError: null
		at org.junit.Assert.fail(Assert.java:86)
		at org.junit.Assert.assertTrue(Assert.java:41)
		at org.junit.Assert.assertTrue(Assert.java:52)
		at se.redmind.rmtest.selenium.example.CreateRandomRes3.random14(CreateRandomRes3.java:128)
	</failure>
</testcase>
<testcase name="random3[Android_4.4.4_HTC ONE_firefox_31]" classname="se.redmind.rmtest.selenium.example.RandomClass1(20150107-080018)" time="1.4217318">
	<failure type="java.lang.AssertionError:">java.lang.AssertionError: null
		at org.junit.Assert.fail(Assert.java:86)
		at org.junit.Assert.assertTrue(Assert.java:41)
		at org.junit.Assert.assertTrue(Assert.java:52)
		at se.redmind.rmtest.selenium.example.CreateRandomRes3.random14(CreateRandomRes3.java:128)
	</failure>
</testcase>
<testcase name="random3[Android_4.4.4_HTC ONE_chrome_42]" classname="se.redmind.rmtest.selenium.example.RandomClass1(20150107-080018)" time="1.2432168">
	<failure type="java.lang.AssertionError:">java.lang.AssertionError: null
		at org.junit.Assert.fail(Assert.java:86)
		at org.junit.Assert.assertTrue(Assert.java:41)
		at org.junit.Assert.assertTrue(Assert.java:52)
		at se.redmind.rmtest.selenium.example.CreateRandomRes3.random14(CreateRandomRes3.java:128)
	</failure>
</testcase>
<testcase name="random3[Android_4.4.4_HTC ONE_explorer_10]" classname="se.redmind.rmtest.selenium.example.RandomClass1(20150107-080018)" time="0.423383">
	<failure type="java.lang.AssertionError:">java.lang.AssertionError: null
		at org.junit.Assert.fail(Assert.java:86)
		at org.junit.Assert.assertTrue(Assert.java:41)
		at org.junit.Assert.assertTrue(Assert.java:52)
		at se.redmind.rmtest.selenium.example.CreateRandomRes3.random14(CreateRandomRes3.java:128)
	</failure>
</testcase>
<testcase name="random3[Android_4.4.4_HTC ONE_opera_15]" classname="se.redmind.rmtest.selenium.example.RandomClass1(20150107-080018)" time="1.3812573"/>
<testcase name="random3[Android_5.1_Nexus 6_firefox_31]" classname="se.redmind.rmtest.selenium.example.RandomClass1(20150107-080018)" time="1.0863138">
	<failure type="java.lang.AssertionError:">java.lang.AssertionError: null
		at org.junit.Assert.fail(Assert.java:86)
		at org.junit.Assert.assertTrue(Assert.java:41)
		at org.junit.Assert.assertTrue(Assert.java:52)
		at se.redmind.rmtest.selenium.example.CreateRandomRes3.random14(CreateRandomRes3.java:128)
	</failure>
</testcase>
<testcase name="random3[Android_5.1_Nexus 6_chrome_42]" classname="se.redmind.rmtest.selenium.example.RandomClass1(20150107-080018)" time="1.765207"/>
<testcase name="random3[Android_5.1_Nexus 6_explorer_10]" classname="se.redmind.rmtest.selenium.example.RandomClass1(20150107-080018)" time="1.6761909"/>
<testcase name="random3[Android_5.1_Nexus 6_opera_15]" classname="se.redmind.rmtest.selenium.example.RandomClass1(20150107-080018)" time="1.8363296">
	<failure type="java.lang.AssertionError:">java.lang.AssertionError: null
		at org.junit.Assert.fail(Assert.java:86)
		at org.junit.Assert.assertTrue(Assert.java:41)
		at org.junit.Assert.assertTrue(Assert.java:52)
		at se.redmind.rmtest.selenium.example.CreateRandomRes3.random14(CreateRandomRes3.java:128)
	</failure>
</testcase>
<testcase name="random3[Android_2.3_VeiVei_firefox_31]" classname="se.redmind.rmtest.selenium.example.RandomClass1(20150107-080018)" time="0.54997945">
	<failure type="java.lang.AssertionError:">java.lang.AssertionError: null
		at org.junit.Assert.fail(Assert.java:86)
		at org.junit.Assert.assertTrue(Assert.java:41)
		at org.junit.Assert.assertTrue(Assert.java:52)
		at se.redmind.rmtest.selenium.example.CreateRandomRes3.random14(CreateRandomRes3.java:128)
	</failure>
</testcase>
<testcase name="random3[Android_2.3_VeiVei_chrome_42]" classname="se.redmind.rmtest.selenium.example.RandomClass1(20150107-080018)" time="0.66304505">
	<error type="java.lang.AssertionError:">java.lang.AssertionError: null
		at org.junit.Assert.fail(Assert.java:86)
		at org.junit.Assert.assertTrue(Assert.java:41)
		at org.junit.Assert.assertTrue(Assert.java:52)
		at se.redmind.rmtest.selenium.example.CreateRandomRes3.random14(CreateRandomRes3.java:128)
	</error>
</testcase>
<testcase name="random3[Android_2.3_VeiVei_explorer_10]" classname="se.redmind.rmtest.selenium.example.RandomClass1(20150107-080018)" time="0.017896056">
	<failure type="java.lang.AssertionError:">java.lang.AssertionError: null
		at org.junit.Assert.fail(Assert.java:86)
		at org.junit.Assert.assertTrue(Assert.java:41)
		at org.junit.Assert.assertTrue(Assert.java:52)
		at se.redmind.rmtest.selenium.example.CreateRandomRes3.random14(CreateRandomRes3.java:128)
	</failure>
</testcase>
<testcase name="random3[Android_2.3_VeiVei_opera_15]" classname="se.redmind.rmtest.selenium.example.RandomClass1(20150107-080018)" time="1.0069267"/>
<testcase name="random3[IOS_8.2_iPhone 6_firefox_31]" classname="se.redmind.rmtest.selenium.example.RandomClass1(20150107-080018)" time="0.31750607">
	<failure type="java.lang.AssertionError:">java.lang.AssertionError: null
		at org.junit.Assert.fail(Assert.java:86)
		at org.junit.Assert.assertTrue(Assert.java:41)
		at org.junit.Assert.assertTrue(Assert.java:52)
		at se.redmind.rmtest.selenium.example.CreateRandomRes3.random14(CreateRandomRes3.java:128)
	</failure>
</testcase>
<testcase name="random3[IOS_8.2_iPhone 6_chrome_42]" classname="se.redmind.rmtest.selenium.example.RandomClass1(20150107-080018)" time="1.2588972"/>
<testcase name="random3[IOS_8.2_iPhone 6_explorer_10]" classname="se.redmind.rmtest.selenium.example.RandomClass1(20150107-080018)" time="1.1172177">
	<failure type="java.lang.AssertionError:">java.lang.AssertionError: null
		at org.junit.Assert.fail(Assert.java:86)
		at org.junit.Assert.assertTrue(Assert.java:41)
		at org.junit.Assert.assertTrue(Assert.java:52)
		at se.redmind.rmtest.selenium.example.CreateRandomRes3.random14(CreateRandomRes3.java:128)
	</failure>
</testcase>
<testcase name="random3[IOS_8.2_iPhone 6_opera_15]" classname="se.redmind.rmtest.selenium.example.RandomClass1(20150107-080018)" time="0.5425788"/>
<testcase name="random3[IOS_4_iPhone 3Gs_firefox_31]" classname="se.redmind.rmtest.selenium.example.RandomClass1(20150107-080018)" time="1.7188878">
<skipped/>
</testcase>
<testcase name="random3[IOS_4_iPhone 3Gs_firefox_31]" classname="se.redmind.rmtest.selenium.example.RandomClass1(20150107-080018)" time="1.1855361">
	<failure type="java.lang.AssertionError:">java.lang.AssertionError: null
		at org.junit.Assert.fail(Assert.java:86)
		at org.junit.Assert.assertTrue(Assert.java:41)
		at org.junit.Assert.assertTrue(Assert.java:52)
		at se.redmind.rmtest.selenium.example.CreateRandomRes3.random14(CreateRandomRes3.java:128)
	</failure>
</testcase>
<testcase name="random3[IOS_4_iPhone 3Gs_chrome_42]" classname="se.redmind.rmtest.selenium.example.RandomClass1(20150107-080018)" time="1.8155469">
<skipped/>
</testcase>
<testcase name="random3[IOS_4_iPhone 3Gs_chrome_42]" classname="se.redmind.rmtest.selenium.example.RandomClass1(20150107-080018)" time="1.2492769"/>
<testcase name="random3[IOS_4_iPhone 3Gs_explorer_10]" classname="se.redmind.rmtest.selenium.example.RandomClass1(20150107-080018)" time="1.1345843">
<skipped/>
</testcase>
<testcase name="random3[IOS_4_iPhone 3Gs_explorer_10]" classname="se.redmind.rmtest.selenium.example.RandomClass1(20150107-080018)" time="1.9763119"/>
<testcase name="random3[IOS_4_iPhone 3Gs_opera_15]" classname="se.redmind.rmtest.selenium.example.RandomClass1(20150107-080018)" time="1.6009165">
<skipped/>
</testcase>
<testcase name="random3[IOS_4_iPhone 3Gs_opera_15]" classname="se.redmind.rmtest.selenium.example.RandomClass1(20150107-080018)" time="1.7511853">
	<failure type="java.lang.AssertionError:">java.lang.AssertionError: null
		at org.junit.Assert.fail(Assert.java:86)
		at org.junit.Assert.assertTrue(Assert.java:41)
		at org.junit.Assert.assertTrue(Assert.java:52)
		at se.redmind.rmtest.selenium.example.CreateRandomRes3.random14(CreateRandomRes3.java:128)
	</failure>
</testcase>
<testcase name="random3[OSX_10.9.5_UNKNOWN_firefox_31]" classname="se.redmind.rmtest.selenium.example.RandomClass1(20150107-080018)" time="1.7702845"/>
<testcase name="random3[OSX_10.9.5_UNKNOWN_chrome_42]" classname="se.redmind.rmtest.selenium.example.RandomClass1(20150107-080018)" time="0.22750258">
	<failure type="java.lang.AssertionError:">java.lang.AssertionError: null
		at org.junit.Assert.fail(Assert.java:86)
		at org.junit.Assert.assertTrue(Assert.java:41)
		at org.junit.Assert.assertTrue(Assert.java:52)
		at se.redmind.rmtest.selenium.example.CreateRandomRes3.random14(CreateRandomRes3.java:128)
	</failure>
</testcase>
<testcase name="random3[OSX_10.9.5_UNKNOWN_explorer_10]" classname="se.redmind.rmtest.selenium.example.RandomClass1(20150107-080018)" time="0.026863456">
	<failure type="java.lang.AssertionError:">java.lang.AssertionError: null
		at org.junit.Assert.fail(Assert.java:86)
		at org.junit.Assert.assertTrue(Assert.java:41)
		at org.junit.Assert.assertTrue(Assert.java:52)
		at se.redmind.rmtest.selenium.example.CreateRandomRes3.random14(CreateRandomRes3.java:128)
	</failure>
</testcase>
<testcase name="random3[OSX_10.9.5_UNKNOWN_opera_15]" classname="se.redmind.rmtest.selenium.example.RandomClass1(20150107-080018)" time="0.94892573">
	<failure type="java.lang.AssertionError:">java.lang.AssertionError: null
		at org.junit.Assert.fail(Assert.java:86)
		at org.junit.Assert.assertTrue(Assert.java:41)
		at org.junit.Assert.assertTrue(Assert.java:52)
		at se.redmind.rmtest.selenium.example.CreateRandomRes3.random14(CreateRandomRes3.java:128)
	</failure>
</testcase>
<testcase name="random3[Ubuntu_14.04_UNKNOWN_firefox_31]" classname="se.redmind.rmtest.selenium.example.RandomClass1(20150107-080018)" time="0.64930415"/>
<testcase name="random3[Ubuntu_14.04_UNKNOWN_chrome_42]" classname="se.redmind.rmtest.selenium.example.RandomClass1(20150107-080018)" time="0.8344786"/>
<testcase name="random3[Ubuntu_14.04_UNKNOWN_explorer_10]" classname="se.redmind.rmtest.selenium.example.RandomClass1(20150107-080018)" time="0.11808121"/>
<testcase name="random3[Ubuntu_14.04_UNKNOWN_opera_15]" classname="se.redmind.rmtest.selenium.example.RandomClass1(20150107-080018)" time="0.021290064">
	<error type="java.lang.AssertionError:">java.lang.AssertionError: null
		at org.junit.Assert.fail(Assert.java:86)
		at org.junit.Assert.assertTrue(Assert.java:41)
		at org.junit.Assert.assertTrue(Assert.java:52)
		at se.redmind.rmtest.selenium.example.CreateRandomRes3.random14(CreateRandomRes3.java:128)
	</error>
</testcase>
<testcase name="random3[Ubuntu_12.10_UNKNOWN_firefox_31]" classname="se.redmind.rmtest.selenium.example.RandomClass1(20150107-080018)" time="0.60349464">
	<failure type="java.lang.AssertionError:">java.lang.AssertionError: null
		at org.junit.Assert.fail(Assert.java:86)
		at org.junit.Assert.assertTrue(Assert.java:41)
		at org.junit.Assert.assertTrue(Assert.java:52)
		at se.redmind.rmtest.selenium.example.CreateRandomRes3.random14(CreateRandomRes3.java:128)
	</failure>
</testcase>
<testcase name="random3[Ubuntu_12.10_UNKNOWN_chrome_42]" classname="se.redmind.rmtest.selenium.example.RandomClass1(20150107-080018)" time="0.83263195">
	<failure type="java.lang.AssertionError:">java.lang.AssertionError: null
		at org.junit.Assert.fail(Assert.java:86)
		at org.junit.Assert.assertTrue(Assert.java:41)
		at org.junit.Assert.assertTrue(Assert.java:52)
		at se.redmind.rmtest.selenium.example.CreateRandomRes3.random14(CreateRandomRes3.java:128)
	</failure>
</testcase>
<testcase name="random3[Ubuntu_12.10_UNKNOWN_explorer_10]" classname="se.redmind.rmtest.selenium.example.RandomClass1(20150107-080018)" time="1.2270734">
	<failure type="java.lang.AssertionError:">java.lang.AssertionError: null
		at org.junit.Assert.fail(Assert.java:86)
		at org.junit.Assert.assertTrue(Assert.java:41)
		at org.junit.Assert.assertTrue(Assert.java:52)
		at se.redmind.rmtest.selenium.example.CreateRandomRes3.random14(CreateRandomRes3.java:128)
	</failure>
</testcase>
<testcase name="random3[Ubuntu_12.10_UNKNOWN_opera_15]" classname="se.redmind.rmtest.selenium.example.RandomClass1(20150107-080018)" time="0.6332103"/>
<testcase name="random4[Android_4.4.4_HTC ONE_firefox_31]" classname="se.redmind.rmtest.selenium.example.RandomClass1(20150107-080018)" time="0.82867956">
	<failure type="java.lang.AssertionError:">java.lang.AssertionError: null
		at org.junit.Assert.fail(Assert.java:86)
		at org.junit.Assert.assertTrue(Assert.java:41)
		at org.junit.Assert.assertTrue(Assert.java:52)
		at se.redmind.rmtest.selenium.example.CreateRandomRes3.random14(CreateRandomRes3.java:128)
	</failure>
</testcase>
<testcase name="random4[Android_4.4.4_HTC ONE_chrome_42]" classname="se.redmind.rmtest.selenium.example.RandomClass1(20150107-080018)" time="0.52260053">
	<failure type="java.lang.AssertionError:">java.lang.AssertionError: null
		at org.junit.Assert.fail(Assert.java:86)
		at org.junit.Assert.assertTrue(Assert.java:41)
		at org.junit.Assert.assertTrue(Assert.java:52)
		at se.redmind.rmtest.selenium.example.CreateRandomRes3.random14(CreateRandomRes3.java:128)
	</failure>
</testcase>
<testcase name="random4[Android_4.4.4_HTC ONE_explorer_10]" classname="se.redmind.rmtest.selenium.example.RandomClass1(20150107-080018)" time="0.7589593">
	<failure type="java.lang.AssertionError:">java.lang.AssertionError: null
		at org.junit.Assert.fail(Assert.java:86)
		at org.junit.Assert.assertTrue(Assert.java:41)
		at org.junit.Assert.assertTrue(Assert.java:52)
		at se.redmind.rmtest.selenium.example.CreateRandomRes3.random14(CreateRandomRes3.java:128)
	</failure>
</testcase>
<testcase name="random4[Android_4.4.4_HTC ONE_opera_15]" classname="se.redmind.rmtest.selenium.example.RandomClass1(20150107-080018)" time="0.60484123">
	<failure type="java.lang.AssertionError:">java.lang.AssertionError: null
		at org.junit.Assert.fail(Assert.java:86)
		at org.junit.Assert.assertTrue(Assert.java:41)
		at org.junit.Assert.assertTrue(Assert.java:52)
		at se.redmind.rmtest.selenium.example.CreateRandomRes3.random14(CreateRandomRes3.java:128)
	</failure>
</testcase>
<testcase name="random4[Android_5.1_Nexus 6_firefox_31]" classname="se.redmind.rmtest.selenium.example.RandomClass1(20150107-080018)" time="0.21069312">
	<failure type="java.lang.AssertionError:">java.lang.AssertionError: null
		at org.junit.Assert.fail(Assert.java:86)
		at org.junit.Assert.assertTrue(Assert.java:41)
		at org.junit.Assert.assertTrue(Assert.java:52)
		at se.redmind.rmtest.selenium.example.CreateRandomRes3.random14(CreateRandomRes3.java:128)
	</failure>
</testcase>
<testcase name="random4[Android_5.1_Nexus 6_chrome_42]" classname="se.redmind.rmtest.selenium.example.RandomClass1(20150107-080018)" time="0.37188745"/>
<testcase name="random4[Android_5.1_Nexus 6_explorer_10]" classname="se.redmind.rmtest.selenium.example.RandomClass1(20150107-080018)" time="1.0219587">
	<failure type="java.lang.AssertionError:">java.lang.AssertionError: null
		at org.junit.Assert.fail(Assert.java:86)
		at org.junit.Assert.assertTrue(Assert.java:41)
		at org.junit.Assert.assertTrue(Assert.java:52)
		at se.redmind.rmtest.selenium.example.CreateRandomRes3.random14(CreateRandomRes3.java:128)
	</failure>
</testcase>
<testcase name="random4[Android_5.1_Nexus 6_opera_15]" classname="se.redmind.rmtest.selenium.example.RandomClass1(20150107-080018)" time="1.8013308"/>
<testcase name="random4[Android_2.3_VeiVei_firefox_31]" classname="se.redmind.rmtest.selenium.example.RandomClass1(20150107-080018)" time="0.29576707">
	<error type="java.lang.AssertionError:">java.lang.AssertionError: null
		at org.junit.Assert.fail(Assert.java:86)
		at org.junit.Assert.assertTrue(Assert.java:41)
		at org.junit.Assert.assertTrue(Assert.java:52)
		at se.redmind.rmtest.selenium.example.CreateRandomRes3.random14(CreateRandomRes3.java:128)
	</error>
</testcase>
<testcase name="random4[Android_2.3_VeiVei_chrome_42]" classname="se.redmind.rmtest.selenium.example.RandomClass1(20150107-080018)" time="1.7638328">
	<failure type="java.lang.AssertionError:">java.lang.AssertionError: null
		at org.junit.Assert.fail(Assert.java:86)
		at org.junit.Assert.assertTrue(Assert.java:41)
		at org.junit.Assert.assertTrue(Assert.java:52)
		at se.redmind.rmtest.selenium.example.CreateRandomRes3.random14(CreateRandomRes3.java:128)
	</failure>
</testcase>
<testcase name="random4[Android_2.3_VeiVei_explorer_10]" classname="se.redmind.rmtest.selenium.example.RandomClass1(20150107-080018)" time="1.5389768"/>
<testcase name="random4[Android_2.3_VeiVei_opera_15]" classname="se.redmind.rmtest.selenium.example.RandomClass1(20150107-080018)" time="1.8206401">
	<failure type="java.lang.AssertionError:">java.lang.AssertionError: null
		at org.junit.Assert.fail(Assert.java:86)
		at org.junit.Assert.assertTrue(Assert.java:41)
		at org.junit.Assert.assertTrue(Assert.java:52)
		at se.redmind.rmtest.selenium.example.CreateRandomRes3.random14(CreateRandomRes3.java:128)
	</failure>
</testcase>
<testcase name="random4[IOS_8.2_iPhone 6_firefox_31]" classname="se.redmind.rmtest.selenium.example.RandomClass1(20150107-080018)" time="1.4315131">
	<failure type="java.lang.AssertionError:">java.lang.AssertionError: null
		at org.junit.Assert.fail(Assert.java:86)
		at org.junit.Assert.assertTrue(Assert.java:41)
		at org.junit.Assert.assertTrue(Assert.java:52)
		at se.redmind.rmtest.selenium.example.CreateRandomRes3.random14(CreateRandomRes3.java:128)
	</failure>
</testcase>
<testcase name="random4[IOS_8.2_iPhone 6_chrome_42]" classname="se.redmind.rmtest.selenium.example.RandomClass1(20150107-080018)" time="1.9554534">
	<failure type="java.lang.AssertionError:">java.lang.AssertionError: null
		at org.junit.Assert.fail(Assert.java:86)
		at org.junit.Assert.assertTrue(Assert.java:41)
		at org.junit.Assert.assertTrue(Assert.java:52)
		at se.redmind.rmtest.selenium.example.CreateRandomRes3.random14(CreateRandomRes3.java:128)
	</failure>
</testcase>
<testcase name="random4[IOS_8.2_iPhone 6_explorer_10]" classname="se.redmind.rmtest.selenium.example.RandomClass1(20150107-080018)" time="1.8930646">
	<failure type="java.lang.AssertionError:">java.lang.AssertionError: null
		at org.junit.Assert.fail(Assert.java:86)
		at org.junit.Assert.assertTrue(Assert.java:41)
		at org.junit.Assert.assertTrue(Assert.java:52)
		at se.redmind.rmtest.selenium.example.CreateRandomRes3.random14(CreateRandomRes3.java:128)
	</failure>
</testcase>
<testcase name="random4[IOS_8.2_iPhone 6_opera_15]" classname="se.redmind.rmtest.selenium.example.RandomClass1(20150107-080018)" time="0.14042974"/>
<testcase name="random4[IOS_4_iPhone 3Gs_firefox_31]" classname="se.redmind.rmtest.selenium.example.RandomClass1(20150107-080018)" time="0.8910347"/>
<testcase name="random4[IOS_4_iPhone 3Gs_chrome_42]" classname="se.redmind.rmtest.selenium.example.RandomClass1(20150107-080018)" time="1.5387075"/>
<testcase name="random4[IOS_4_iPhone 3Gs_explorer_10]" classname="se.redmind.rmtest.selenium.example.RandomClass1(20150107-080018)" time="1.6899554">
	<failure type="java.lang.AssertionError:">java.lang.AssertionError: null
		at org.junit.Assert.fail(Assert.java:86)
		at org.junit.Assert.assertTrue(Assert.java:41)
		at org.junit.Assert.assertTrue(Assert.java:52)
		at se.redmind.rmtest.selenium.example.CreateRandomRes3.random14(CreateRandomRes3.java:128)
	</failure>
</testcase>
<testcase name="random4[IOS_4_iPhone 3Gs_opera_15]" classname="se.redmind.rmtest.selenium.example.RandomClass1(20150107-080018)" time="1.2366868">
	<failure type="java.lang.AssertionError:">java.lang.AssertionError: null
		at org.junit.Assert.fail(Assert.java:86)
		at org.junit.Assert.assertTrue(Assert.java:41)
		at org.junit.Assert.assertTrue(Assert.java:52)
		at se.redmind.rmtest.selenium.example.CreateRandomRes3.random14(CreateRandomRes3.java:128)
	</failure>
</testcase>
<testcase name="random4[OSX_10.9.5_UNKNOWN_firefox_31]" classname="se.redmind.rmtest.selenium.example.RandomClass1(20150107-080018)" time="0.77318645">
	<failure type="java.lang.AssertionError:">java.lang.AssertionError: null
		at org.junit.Assert.fail(Assert.java:86)
		at org.junit.Assert.assertTrue(Assert.java:41)
		at org.junit.Assert.assertTrue(Assert.java:52)
		at se.redmind.rmtest.selenium.example.CreateRandomRes3.random14(CreateRandomRes3.java:128)
	</failure>
</testcase>
<testcase name="random4[OSX_10.9.5_UNKNOWN_chrome_42]" classname="se.redmind.rmtest.selenium.example.RandomClass1(20150107-080018)" time="1.2112117"/>
<testcase name="random4[OSX_10.9.5_UNKNOWN_explorer_10]" classname="se.redmind.rmtest.selenium.example.RandomClass1(20150107-080018)" time="1.1383277"/>
<testcase name="random4[OSX_10.9.5_UNKNOWN_opera_15]" classname="se.redmind.rmtest.selenium.example.RandomClass1(20150107-080018)" time="0.7941154"/>
<testcase name="random4[Ubuntu_14.04_UNKNOWN_firefox_31]" classname="se.redmind.rmtest.selenium.example.RandomClass1(20150107-080018)" time="0.47523284">
	<error type="java.lang.AssertionError:">java.lang.AssertionError: null
		at org.junit.Assert.fail(Assert.java:86)
		at org.junit.Assert.assertTrue(Assert.java:41)
		at org.junit.Assert.assertTrue(Assert.java:52)
		at se.redmind.rmtest.selenium.example.CreateRandomRes3.random14(CreateRandomRes3.java:128)
	</error>
</testcase>
<testcase name="random4[Ubuntu_14.04_UNKNOWN_chrome_42]" classname="se.redmind.rmtest.selenium.example.RandomClass1(20150107-080018)" time="0.7875086"/>
<testcase name="random4[Ubuntu_14.04_UNKNOWN_explorer_10]" classname="se.redmind.rmtest.selenium.example.RandomClass1(20150107-080018)" time="0.78814924">
	<error type="java.lang.AssertionError:">java.lang.AssertionError: null
		at org.junit.Assert.fail(Assert.java:86)
		at org.junit.Assert.assertTrue(Assert.java:41)
		at org.junit.Assert.assertTrue(Assert.java:52)
		at se.redmind.rmtest.selenium.example.CreateRandomRes3.random14(CreateRandomRes3.java:128)
	</error>
</testcase>
<testcase name="random4[Ubuntu_14.04_UNKNOWN_opera_15]" classname="se.redmind.rmtest.selenium.example.RandomClass1(20150107-080018)" time="0.57884157">
	<failure type="java.lang.AssertionError:">java.lang.AssertionError: null
		at org.junit.Assert.fail(Assert.java:86)
		at org.junit.Assert.assertTrue(Assert.java:41)
		at org.junit.Assert.assertTrue(Assert.java:52)
		at se.redmind.rmtest.selenium.example.CreateRandomRes3.random14(CreateRandomRes3.java:128)
	</failure>
</testcase>
<testcase name="random4[Ubuntu_12.10_UNKNOWN_firefox_31]" classname="se.redmind.rmtest.selenium.example.RandomClass1(20150107-080018)" time="1.9851841">
	<failure type="java.lang.AssertionError:">java.lang.AssertionError: null
		at org.junit.Assert.fail(Assert.java:86)
		at org.junit.Assert.assertTrue(Assert.java:41)
		at org.junit.Assert.assertTrue(Assert.java:52)
		at se.redmind.rmtest.selenium.example.CreateRandomRes3.random14(CreateRandomRes3.java:128)
	</failure>
</testcase>
<testcase name="random4[Ubuntu_12.10_UNKNOWN_chrome_42]" classname="se.redmind.rmtest.selenium.example.RandomClass1(20150107-080018)" time="0.20424557">
	<error type="java.lang.AssertionError:">java.lang.AssertionError: null
		at org.junit.Assert.fail(Assert.java:86)
		at org.junit.Assert.assertTrue(Assert.java:41)
		at org.junit.Assert.assertTrue(Assert.java:52)
		at se.redmind.rmtest.selenium.example.CreateRandomRes3.random14(CreateRandomRes3.java:128)
	</error>
</testcase>
<testcase name="random4[Ubuntu_12.10_UNKNOWN_explorer_10]" classname="se.redmind.rmtest.selenium.example.RandomClass1(20150107-080018)" time="1.1000265">
	<error type="java.lang.AssertionError:">java.lang.AssertionError: null
		at org.junit.Assert.fail(Assert.java:86)
		at org.junit.Assert.assertTrue(Assert.java:41)
		at org.junit.Assert.assertTrue(Assert.java:52)
		at se.redmind.rmtest.selenium.example.CreateRandomRes3.random14(CreateRandomRes3.java:128)
	</error>
</testcase>
<testcase name="random4[Ubuntu_12.10_UNKNOWN_opera_15]" classname="se.redmind.rmtest.selenium.example.RandomClass1(20150107-080018)" time="1.6200855">
	<failure type="java.lang.AssertionError:">java.lang.AssertionError: null
		at org.junit.Assert.fail(Assert.java:86)
		at org.junit.Assert.assertTrue(Assert.java:41)
		at org.junit.Assert.assertTrue(Assert.java:52)
		at se.redmind.rmtest.selenium.example.CreateRandomRes3.random14(CreateRandomRes3.java:128)
	</failure>
</testcase>
<testcase name="random1[Android_4.4.4_HTC ONE_firefox_31]" classname="se.redmind.rmtest.selenium.example.RandomClass2(20150107-080018)" time="0.44210923">
	<failure type="java.lang.AssertionError:">java.lang.AssertionError: null
		at org.junit.Assert.fail(Assert.java:86)
		at org.junit.Assert.assertTrue(Assert.java:41)
		at org.junit.Assert.assertTrue(Assert.java:52)
		at se.redmind.rmtest.selenium.example.CreateRandomRes3.random14(CreateRandomRes3.java:128)
	</failure>
</testcase>
<testcase name="random1[Android_4.4.4_HTC ONE_chrome_42]" classname="se.redmind.rmtest.selenium.example.RandomClass2(20150107-080018)" time="0.05614829">
	<failure type="java.lang.AssertionError:">java.lang.AssertionError: null
		at org.junit.Assert.fail(Assert.java:86)
		at org.junit.Assert.assertTrue(Assert.java:41)
		at org.junit.Assert.assertTrue(Assert.java:52)
		at se.redmind.rmtest.selenium.example.CreateRandomRes3.random14(CreateRandomRes3.java:128)
	</failure>
</testcase>
<testcase name="random1[Android_4.4.4_HTC ONE_explorer_10]" classname="se.redmind.rmtest.selenium.example.RandomClass2(20150107-080018)" time="1.0577223">
	<failure type="java.lang.AssertionError:">java.lang.AssertionError: null
		at org.junit.Assert.fail(Assert.java:86)
		at org.junit.Assert.assertTrue(Assert.java:41)
		at org.junit.Assert.assertTrue(Assert.java:52)
		at se.redmind.rmtest.selenium.example.CreateRandomRes3.random14(CreateRandomRes3.java:128)
	</failure>
</testcase>
<testcase name="random1[Android_4.4.4_HTC ONE_opera_15]" classname="se.redmind.rmtest.selenium.example.RandomClass2(20150107-080018)" time="0.8053454">
	<failure type="java.lang.AssertionError:">java.lang.AssertionError: null
		at org.junit.Assert.fail(Assert.java:86)
		at org.junit.Assert.assertTrue(Assert.java:41)
		at org.junit.Assert.assertTrue(Assert.java:52)
		at se.redmind.rmtest.selenium.example.CreateRandomRes3.random14(CreateRandomRes3.java:128)
	</failure>
</testcase>
<testcase name="random1[Android_5.1_Nexus 6_firefox_31]" classname="se.redmind.rmtest.selenium.example.RandomClass2(20150107-080018)" time="0.2673031"/>
<testcase name="random1[Android_5.1_Nexus 6_chrome_42]" classname="se.redmind.rmtest.selenium.example.RandomClass2(20150107-080018)" time="0.43810797">
	<failure type="java.lang.AssertionError:">java.lang.AssertionError: null
		at org.junit.Assert.fail(Assert.java:86)
		at org.junit.Assert.assertTrue(Assert.java:41)
		at org.junit.Assert.assertTrue(Assert.java:52)
		at se.redmind.rmtest.selenium.example.CreateRandomRes3.random14(CreateRandomRes3.java:128)
	</failure>
</testcase>
<testcase name="random1[Android_5.1_Nexus 6_explorer_10]" classname="se.redmind.rmtest.selenium.example.RandomClass2(20150107-080018)" time="0.3668325"/>
<testcase name="random1[Android_5.1_Nexus 6_opera_15]" classname="se.redmind.rmtest.selenium.example.RandomClass2(20150107-080018)" time="0.26887548"/>
<testcase name="random1[Android_2.3_VeiVei_firefox_31]" classname="se.redmind.rmtest.selenium.example.RandomClass2(20150107-080018)" time="1.294894">
	<error type="java.lang.AssertionError:">java.lang.AssertionError: null
		at org.junit.Assert.fail(Assert.java:86)
		at org.junit.Assert.assertTrue(Assert.java:41)
		at org.junit.Assert.assertTrue(Assert.java:52)
		at se.redmind.rmtest.selenium.example.CreateRandomRes3.random14(CreateRandomRes3.java:128)
	</error>
</testcase>
<testcase name="random1[Android_2.3_VeiVei_chrome_42]" classname="se.redmind.rmtest.selenium.example.RandomClass2(20150107-080018)" time="1.2767653"/>
<testcase name="random1[Android_2.3_VeiVei_explorer_10]" classname="se.redmind.rmtest.selenium.example.RandomClass2(20150107-080018)" time="1.9252369"/>
<testcase name="random1[Android_2.3_VeiVei_opera_15]" classname="se.redmind.rmtest.selenium.example.RandomClass2(20150107-080018)" time="1.333841">
	<failure type="java.lang.AssertionError:">java.lang.AssertionError: null
		at org.junit.Assert.fail(Assert.java:86)
		at org.junit.Assert.assertTrue(Assert.java:41)
		at org.junit.Assert.assertTrue(Assert.java:52)
		at se.redmind.rmtest.selenium.example.CreateRandomRes3.random14(CreateRandomRes3.java:128)
	</failure>
</testcase>
<testcase name="random1[IOS_4_iPhone 3Gs_firefox_31]" classname="se.redmind.rmtest.selenium.example.RandomClass2(20150107-080018)" time="1.4592439">
	<failure type="java.lang.AssertionError:">java.lang.AssertionError: null
		at org.junit.Assert.fail(Assert.java:86)
		at org.junit.Assert.assertTrue(Assert.java:41)
		at org.junit.Assert.assertTrue(Assert.java:52)
		at se.redmind.rmtest.selenium.example.CreateRandomRes3.random14(CreateRandomRes3.java:128)
	</failure>
</testcase>
<testcase name="random1[IOS_4_iPhone 3Gs_chrome_42]" classname="se.redmind.rmtest.selenium.example.RandomClass2(20150107-080018)" time="0.51603115"/>
<testcase name="random1[IOS_4_iPhone 3Gs_explorer_10]" classname="se.redmind.rmtest.selenium.example.RandomClass2(20150107-080018)" time="1.0863487">
	<failure type="java.lang.AssertionError:">java.lang.AssertionError: null
		at org.junit.Assert.fail(Assert.java:86)
		at org.junit.Assert.assertTrue(Assert.java:41)
		at org.junit.Assert.assertTrue(Assert.java:52)
		at se.redmind.rmtest.selenium.example.CreateRandomRes3.random14(CreateRandomRes3.java:128)
	</failure>
</testcase>
<testcase name="random1[IOS_4_iPhone 3Gs_opera_15]" classname="se.redmind.rmtest.selenium.example.RandomClass2(20150107-080018)" time="0.114454746">
	<failure type="java.lang.AssertionError:">java.lang.AssertionError: null
		at org.junit.Assert.fail(Assert.java:86)
		at org.junit.Assert.assertTrue(Assert.java:41)
		at org.junit.Assert.assertTrue(Assert.java:52)
		at se.redmind.rmtest.selenium.example.CreateRandomRes3.random14(CreateRandomRes3.java:128)
	</failure>
</testcase>
<testcase name="random1[Windows_8.1_UNKNOWN_firefox_31]" classname="se.redmind.rmtest.selenium.example.RandomClass2(20150107-080018)" time="1.2417853"/>
<testcase name="random1[Windows_8.1_UNKNOWN_chrome_42]" classname="se.redmind.rmtest.selenium.example.RandomClass2(20150107-080018)" time="0.6922927">
	<failure type="java.lang.AssertionError:">java.lang.AssertionError: null
		at org.junit.Assert.fail(Assert.java:86)
		at org.junit.Assert.assertTrue(Assert.java:41)
		at org.junit.Assert.assertTrue(Assert.java:52)
		at se.redmind.rmtest.selenium.example.CreateRandomRes3.random14(CreateRandomRes3.java:128)
	</failure>
</testcase>
<testcase name="random1[Windows_8.1_UNKNOWN_explorer_10]" classname="se.redmind.rmtest.selenium.example.RandomClass2(20150107-080018)" time="0.6996392"/>
<testcase name="random1[Windows_8.1_UNKNOWN_opera_15]" classname="se.redmind.rmtest.selenium.example.RandomClass2(20150107-080018)" time="0.0075742006">
	<failure type="java.lang.AssertionError:">java.lang.AssertionError: null
		at org.junit.Assert.fail(Assert.java:86)
		at org.junit.Assert.assertTrue(Assert.java:41)
		at org.junit.Assert.assertTrue(Assert.java:52)
		at se.redmind.rmtest.selenium.example.CreateRandomRes3.random14(CreateRandomRes3.java:128)
	</failure>
</testcase>
<testcase name="random1[Windows_10_UNKNOWN_firefox_31]" classname="se.redmind.rmtest.selenium.example.RandomClass2(20150107-080018)" time="1.2446618"/>
<testcase name="random1[Windows_10_UNKNOWN_chrome_42]" classname="se.redmind.rmtest.selenium.example.RandomClass2(20150107-080018)" time="1.1359285"/>
<testcase name="random1[Windows_10_UNKNOWN_explorer_10]" classname="se.redmind.rmtest.selenium.example.RandomClass2(20150107-080018)" time="1.030861">
	<failure type="java.lang.AssertionError:">java.lang.AssertionError: null
		at org.junit.Assert.fail(Assert.java:86)
		at org.junit.Assert.assertTrue(Assert.java:41)
		at org.junit.Assert.assertTrue(Assert.java:52)
		at se.redmind.rmtest.selenium.example.CreateRandomRes3.random14(CreateRandomRes3.java:128)
	</failure>
</testcase>
<testcase name="random1[Windows_10_UNKNOWN_opera_15]" classname="se.redmind.rmtest.selenium.example.RandomClass2(20150107-080018)" time="0.22035873">
	<failure type="java.lang.AssertionError:">java.lang.AssertionError: null
		at org.junit.Assert.fail(Assert.java:86)
		at org.junit.Assert.assertTrue(Assert.java:41)
		at org.junit.Assert.assertTrue(Assert.java:52)
		at se.redmind.rmtest.selenium.example.CreateRandomRes3.random14(CreateRandomRes3.java:128)
	</failure>
</testcase>
<testcase name="random1[Ubuntu_14.04_UNKNOWN_firefox_31]" classname="se.redmind.rmtest.selenium.example.RandomClass2(20150107-080018)" time="1.5037848">
	<failure type="java.lang.AssertionError:">java.lang.AssertionError: null
		at org.junit.Assert.fail(Assert.java:86)
		at org.junit.Assert.assertTrue(Assert.java:41)
		at org.junit.Assert.assertTrue(Assert.java:52)
		at se.redmind.rmtest.selenium.example.CreateRandomRes3.random14(CreateRandomRes3.java:128)
	</failure>
</testcase>
<testcase name="random1[Ubuntu_14.04_UNKNOWN_chrome_42]" classname="se.redmind.rmtest.selenium.example.RandomClass2(20150107-080018)" time="1.8774987"/>
<testcase name="random1[Ubuntu_14.04_UNKNOWN_explorer_10]" classname="se.redmind.rmtest.selenium.example.RandomClass2(20150107-080018)" time="1.1473109"/>
<testcase name="random1[Ubuntu_14.04_UNKNOWN_opera_15]" classname="se.redmind.rmtest.selenium.example.RandomClass2(20150107-080018)" time="1.068914">
	<failure type="java.lang.AssertionError:">java.lang.AssertionError: null
		at org.junit.Assert.fail(Assert.java:86)
		at org.junit.Assert.assertTrue(Assert.java:41)
		at org.junit.Assert.assertTrue(Assert.java:52)
		at se.redmind.rmtest.selenium.example.CreateRandomRes3.random14(CreateRandomRes3.java:128)
	</failure>
</testcase>
<testcase name="random1[Ubuntu_12.10_UNKNOWN_firefox_31]" classname="se.redmind.rmtest.selenium.example.RandomClass2(20150107-080018)" time="1.2967067"/>
<testcase name="random1[Ubuntu_12.10_UNKNOWN_chrome_42]" classname="se.redmind.rmtest.selenium.example.RandomClass2(20150107-080018)" time="1.1890103">
	<failure type="java.lang.AssertionError:">java.lang.AssertionError: null
		at org.junit.Assert.fail(Assert.java:86)
		at org.junit.Assert.assertTrue(Assert.java:41)
		at org.junit.Assert.assertTrue(Assert.java:52)
		at se.redmind.rmtest.selenium.example.CreateRandomRes3.random14(CreateRandomRes3.java:128)
	</failure>
</testcase>
<testcase name="random1[Ubuntu_12.10_UNKNOWN_explorer_10]" classname="se.redmind.rmtest.selenium.example.RandomClass2(20150107-080018)" time="1.327485">
	<failure type="java.lang.AssertionError:">java.lang.AssertionError: null
		at org.junit.Assert.fail(Assert.java:86)
		at org.junit.Assert.assertTrue(Assert.java:41)
		at org.junit.Assert.assertTrue(Assert.java:52)
		at se.redmind.rmtest.selenium.example.CreateRandomRes3.random14(CreateRandomRes3.java:128)
	</failure>
</testcase>
<testcase name="random1[Ubuntu_12.10_UNKNOWN_opera_15]" classname="se.redmind.rmtest.selenium.example.RandomClass2(20150107-080018)" time="0.17427206">
	<failure type="java.lang.AssertionError:">java.lang.AssertionError: null
		at org.junit.Assert.fail(Assert.java:86)
		at org.junit.Assert.assertTrue(Assert.java:41)
		at org.junit.Assert.assertTrue(Assert.java:52)
		at se.redmind.rmtest.selenium.example.CreateRandomRes3.random14(CreateRandomRes3.java:128)
	</failure>
</testcase>
<testcase name="random2[Android_4.4.4_HTC ONE_firefox_31]" classname="se.redmind.rmtest.selenium.example.RandomClass2(20150107-080018)" time="1.0721408"/>
<testcase name="random2[Android_4.4.4_HTC ONE_chrome_42]" classname="se.redmind.rmtest.selenium.example.RandomClass2(20150107-080018)" time="0.94331646">
	<failure type="java.lang.AssertionError:">java.lang.AssertionError: null
		at org.junit.Assert.fail(Assert.java:86)
		at org.junit.Assert.assertTrue(Assert.java:41)
		at org.junit.Assert.assertTrue(Assert.java:52)
		at se.redmind.rmtest.selenium.example.CreateRandomRes3.random14(CreateRandomRes3.java:128)
	</failure>
</testcase>
<testcase name="random2[Android_4.4.4_HTC ONE_explorer_10]" classname="se.redmind.rmtest.selenium.example.RandomClass2(20150107-080018)" time="0.92852163"/>
<testcase name="random2[Android_4.4.4_HTC ONE_opera_15]" classname="se.redmind.rmtest.selenium.example.RandomClass2(20150107-080018)" time="0.5559702"/>
<testcase name="random2[Android_5.1_Nexus 6_firefox_31]" classname="se.redmind.rmtest.selenium.example.RandomClass2(20150107-080018)" time="1.0137535">
	<failure type="java.lang.AssertionError:">java.lang.AssertionError: null
		at org.junit.Assert.fail(Assert.java:86)
		at org.junit.Assert.assertTrue(Assert.java:41)
		at org.junit.Assert.assertTrue(Assert.java:52)
		at se.redmind.rmtest.selenium.example.CreateRandomRes3.random14(CreateRandomRes3.java:128)
	</failure>
</testcase>
<testcase name="random2[Android_5.1_Nexus 6_chrome_42]" classname="se.redmind.rmtest.selenium.example.RandomClass2(20150107-080018)" time="0.2050358"/>
<testcase name="random2[Android_5.1_Nexus 6_explorer_10]" classname="se.redmind.rmtest.selenium.example.RandomClass2(20150107-080018)" time="1.3466012">
	<failure type="java.lang.AssertionError:">java.lang.AssertionError: null
		at org.junit.Assert.fail(Assert.java:86)
		at org.junit.Assert.assertTrue(Assert.java:41)
		at org.junit.Assert.assertTrue(Assert.java:52)
		at se.redmind.rmtest.selenium.example.CreateRandomRes3.random14(CreateRandomRes3.java:128)
	</failure>
</testcase>
<testcase name="random2[Android_5.1_Nexus 6_opera_15]" classname="se.redmind.rmtest.selenium.example.RandomClass2(20150107-080018)" time="0.9140792">
	<failure type="java.lang.AssertionError:">java.lang.AssertionError: null
		at org.junit.Assert.fail(Assert.java:86)
		at org.junit.Assert.assertTrue(Assert.java:41)
		at org.junit.Assert.assertTrue(Assert.java:52)
		at se.redmind.rmtest.selenium.example.CreateRandomRes3.random14(CreateRandomRes3.java:128)
	</failure>
</testcase>
<testcase name="random2[Android_2.3_VeiVei_firefox_31]" classname="se.redmind.rmtest.selenium.example.RandomClass2(20150107-080018)" time="0.055725574">
	<failure type="java.lang.AssertionError:">java.lang.AssertionError: null
		at org.junit.Assert.fail(Assert.java:86)
		at org.junit.Assert.assertTrue(Assert.java:41)
		at org.junit.Assert.assertTrue(Assert.java:52)
		at se.redmind.rmtest.selenium.example.CreateRandomRes3.random14(CreateRandomRes3.java:128)
	</failure>
</testcase>
<testcase name="random2[Android_2.3_VeiVei_chrome_42]" classname="se.redmind.rmtest.selenium.example.RandomClass2(20150107-080018)" time="0.22256124">
	<failure type="java.lang.AssertionError:">java.lang.AssertionError: null
		at org.junit.Assert.fail(Assert.java:86)
		at org.junit.Assert.assertTrue(Assert.java:41)
		at org.junit.Assert.assertTrue(Assert.java:52)
		at se.redmind.rmtest.selenium.example.CreateRandomRes3.random14(CreateRandomRes3.java:128)
	</failure>
</testcase>
<testcase name="random2[Android_2.3_VeiVei_explorer_10]" classname="se.redmind.rmtest.selenium.example.RandomClass2(20150107-080018)" time="1.9171668"/>
<testcase name="random2[Android_2.3_VeiVei_opera_15]" classname="se.redmind.rmtest.selenium.example.RandomClass2(20150107-080018)" time="1.3797252">
	<failure type="java.lang.AssertionError:">java.lang.AssertionError: null
		at org.junit.Assert.fail(Assert.java:86)
		at org.junit.Assert.assertTrue(Assert.java:41)
		at org.junit.Assert.assertTrue(Assert.java:52)
		at se.redmind.rmtest.selenium.example.CreateRandomRes3.random14(CreateRandomRes3.java:128)
	</failure>
</testcase>
<testcase name="random2[IOS_4_iPhone 3Gs_firefox_31]" classname="se.redmind.rmtest.selenium.example.RandomClass2(20150107-080018)" time="1.8365439">
	<failure type="java.lang.AssertionError:">java.lang.AssertionError: null
		at org.junit.Assert.fail(Assert.java:86)
		at org.junit.Assert.assertTrue(Assert.java:41)
		at org.junit.Assert.assertTrue(Assert.java:52)
		at se.redmind.rmtest.selenium.example.CreateRandomRes3.random14(CreateRandomRes3.java:128)
	</failure>
</testcase>
<testcase name="random2[IOS_4_iPhone 3Gs_chrome_42]" classname="se.redmind.rmtest.selenium.example.RandomClass2(20150107-080018)" time="0.7325783"/>
<testcase name="random2[IOS_4_iPhone 3Gs_explorer_10]" classname="se.redmind.rmtest.selenium.example.RandomClass2(20150107-080018)" time="0.032820463">
	<failure type="java.lang.AssertionError:">java.lang.AssertionError: null
		at org.junit.Assert.fail(Assert.java:86)
		at org.junit.Assert.assertTrue(Assert.java:41)
		at org.junit.Assert.assertTrue(Assert.java:52)
		at se.redmind.rmtest.selenium.example.CreateRandomRes3.random14(CreateRandomRes3.java:128)
	</failure>
</testcase>
<testcase name="random2[IOS_4_iPhone 3Gs_opera_15]" classname="se.redmind.rmtest.selenium.example.RandomClass2(20150107-080018)" time="0.9386822"/>
<testcase name="random2[Windows_8.1_UNKNOWN_firefox_31]" classname="se.redmind.rmtest.selenium.example.RandomClass2(20150107-080018)" time="1.1671861">
	<failure type="java.lang.AssertionError:">java.lang.AssertionError: null
		at org.junit.Assert.fail(Assert.java:86)
		at org.junit.Assert.assertTrue(Assert.java:41)
		at org.junit.Assert.assertTrue(Assert.java:52)
		at se.redmind.rmtest.selenium.example.CreateRandomRes3.random14(CreateRandomRes3.java:128)
	</failure>
</testcase>
<testcase name="random2[Windows_8.1_UNKNOWN_chrome_42]" classname="se.redmind.rmtest.selenium.example.RandomClass2(20150107-080018)" time="0.60901177">
	<failure type="java.lang.AssertionError:">java.lang.AssertionError: null
		at org.junit.Assert.fail(Assert.java:86)
		at org.junit.Assert.assertTrue(Assert.java:41)
		at org.junit.Assert.assertTrue(Assert.java:52)
		at se.redmind.rmtest.selenium.example.CreateRandomRes3.random14(CreateRandomRes3.java:128)
	</failure>
</testcase>
<testcase name="random2[Windows_8.1_UNKNOWN_explorer_10]" classname="se.redmind.rmtest.selenium.example.RandomClass2(20150107-080018)" time="0.64642906">
	<failure type="java.lang.AssertionError:">java.lang.AssertionError: null
		at org.junit.Assert.fail(Assert.java:86)
		at org.junit.Assert.assertTrue(Assert.java:41)
		at org.junit.Assert.assertTrue(Assert.java:52)
		at se.redmind.rmtest.selenium.example.CreateRandomRes3.random14(CreateRandomRes3.java:128)
	</failure>
</testcase>
<testcase name="random2[Windows_8.1_UNKNOWN_opera_15]" classname="se.redmind.rmtest.selenium.example.RandomClass2(20150107-080018)" time="0.7529181"/>
<testcase name="random2[Windows_10_UNKNOWN_firefox_31]" classname="se.redmind.rmtest.selenium.example.RandomClass2(20150107-080018)" time="0.90702987">
	<failure type="java.lang.AssertionError:">java.lang.AssertionError: null
		at org.junit.Assert.fail(Assert.java:86)
		at org.junit.Assert.assertTrue(Assert.java:41)
		at org.junit.Assert.assertTrue(Assert.java:52)
		at se.redmind.rmtest.selenium.example.CreateRandomRes3.random14(CreateRandomRes3.java:128)
	</failure>
</testcase>
<testcase name="random2[Windows_10_UNKNOWN_chrome_42]" classname="se.redmind.rmtest.selenium.example.RandomClass2(20150107-080018)" time="1.0036998"/>
<testcase name="random2[Windows_10_UNKNOWN_explorer_10]" classname="se.redmind.rmtest.selenium.example.RandomClass2(20150107-080018)" time="1.6333209"/>
<testcase name="random2[Windows_10_UNKNOWN_opera_15]" classname="se.redmind.rmtest.selenium.example.RandomClass2(20150107-080018)" time="1.6796132">
	<failure type="java.lang.AssertionError:">java.lang.AssertionError: null
		at org.junit.Assert.fail(Assert.java:86)
		at org.junit.Assert.assertTrue(Assert.java:41)
		at org.junit.Assert.assertTrue(Assert.java:52)
		at se.redmind.rmtest.selenium.example.CreateRandomRes3.random14(CreateRandomRes3.java:128)
	</failure>
</testcase>
<testcase name="random2[Ubuntu_14.04_UNKNOWN_firefox_31]" classname="se.redmind.rmtest.selenium.example.RandomClass2(20150107-080018)" time="1.2288486"/>
<testcase name="random2[Ubuntu_14.04_UNKNOWN_chrome_42]" classname="se.redmind.rmtest.selenium.example.RandomClass2(20150107-080018)" time="0.9378753">
	<failure type="java.lang.AssertionError:">java.lang.AssertionError: null
		at org.junit.Assert.fail(Assert.java:86)
		at org.junit.Assert.assertTrue(Assert.java:41)
		at org.junit.Assert.assertTrue(Assert.java:52)
		at se.redmind.rmtest.selenium.example.CreateRandomRes3.random14(CreateRandomRes3.java:128)
	</failure>
</testcase>
<testcase name="random2[Ubuntu_14.04_UNKNOWN_explorer_10]" classname="se.redmind.rmtest.selenium.example.RandomClass2(20150107-080018)" time="0.5987383"/>
<testcase name="random2[Ubuntu_14.04_UNKNOWN_opera_15]" classname="se.redmind.rmtest.selenium.example.RandomClass2(20150107-080018)" time="1.5637783">
	<failure type="java.lang.AssertionError:">java.lang.AssertionError: null
		at org.junit.Assert.fail(Assert.java:86)
		at org.junit.Assert.assertTrue(Assert.java:41)
		at org.junit.Assert.assertTrue(Assert.java:52)
		at se.redmind.rmtest.selenium.example.CreateRandomRes3.random14(CreateRandomRes3.java:128)
	</failure>
</testcase>
<testcase name="random2[Ubuntu_12.10_UNKNOWN_firefox_31]" classname="se.redmind.rmtest.selenium.example.RandomClass2(20150107-080018)" time="1.103695"/>
<testcase name="random2[Ubuntu_12.10_UNKNOWN_chrome_42]" classname="se.redmind.rmtest.selenium.example.RandomClass2(20150107-080018)" time="0.89315975">
	<failure type="java.lang.AssertionError:">java.lang.AssertionError: null
		at org.junit.Assert.fail(Assert.java:86)
		at org.junit.Assert.assertTrue(Assert.java:41)
		at org.junit.Assert.assertTrue(Assert.java:52)
		at se.redmind.rmtest.selenium.example.CreateRandomRes3.random14(CreateRandomRes3.java:128)
	</failure>
</testcase>
<testcase name="random2[Ubuntu_12.10_UNKNOWN_explorer_10]" classname="se.redmind.rmtest.selenium.example.RandomClass2(20150107-080018)" time="1.956392">
	<failure type="java.lang.AssertionError:">java.lang.AssertionError: null
		at org.junit.Assert.fail(Assert.java:86)
		at org.junit.Assert.assertTrue(Assert.java:41)
		at org.junit.Assert.assertTrue(Assert.java:52)
		at se.redmind.rmtest.selenium.example.CreateRandomRes3.random14(CreateRandomRes3.java:128)
	</failure>
</testcase>
<testcase name="random2[Ubuntu_12.10_UNKNOWN_opera_15]" classname="se.redmind.rmtest.selenium.example.RandomClass2(20150107-080018)" time="0.96149004"/>
<testcase name="random3[Android_4.4.4_HTC ONE_firefox_31]" classname="se.redmind.rmtest.selenium.example.RandomClass2(20150107-080018)" time="1.4492116">
	<failure type="java.lang.AssertionError:">java.lang.AssertionError: null
		at org.junit.Assert.fail(Assert.java:86)
		at org.junit.Assert.assertTrue(Assert.java:41)
		at org.junit.Assert.assertTrue(Assert.java:52)
		at se.redmind.rmtest.selenium.example.CreateRandomRes3.random14(CreateRandomRes3.java:128)
	</failure>
</testcase>
<testcase name="random3[Android_4.4.4_HTC ONE_chrome_42]" classname="se.redmind.rmtest.selenium.example.RandomClass2(20150107-080018)" time="0.5245222">
	<failure type="java.lang.AssertionError:">java.lang.AssertionError: null
		at org.junit.Assert.fail(Assert.java:86)
		at org.junit.Assert.assertTrue(Assert.java:41)
		at org.junit.Assert.assertTrue(Assert.java:52)
		at se.redmind.rmtest.selenium.example.CreateRandomRes3.random14(CreateRandomRes3.java:128)
	</failure>
</testcase>
<testcase name="random3[Android_4.4.4_HTC ONE_explorer_10]" classname="se.redmind.rmtest.selenium.example.RandomClass2(20150107-080018)" time="1.8922548">
	<failure type="java.lang.AssertionError:">java.lang.AssertionError: null
		at org.junit.Assert.fail(Assert.java:86)
		at org.junit.Assert.assertTrue(Assert.java:41)
		at org.junit.Assert.assertTrue(Assert.java:52)
		at se.redmind.rmtest.selenium.example.CreateRandomRes3.random14(CreateRandomRes3.java:128)
	</failure>
</testcase>
<testcase name="random3[Android_4.4.4_HTC ONE_opera_15]" classname="se.redmind.rmtest.selenium.example.RandomClass2(20150107-080018)" time="0.38270986"/>
<testcase name="random3[Android_5.1_Nexus 6_firefox_31]" classname="se.redmind.rmtest.selenium.example.RandomClass2(20150107-080018)" time="1.5418104">
	<failure type="java.lang.AssertionError:">java.lang.AssertionError: null
		at org.junit.Assert.fail(Assert.java:86)
		at org.junit.Assert.assertTrue(Assert.java:41)
		at org.junit.Assert.assertTrue(Assert.java:52)
		at se.redmind.rmtest.selenium.example.CreateRandomRes3.random14(CreateRandomRes3.java:128)
	</failure>
</testcase>
<testcase name="random3[Android_5.1_Nexus 6_chrome_42]" classname="se.redmind.rmtest.selenium.example.RandomClass2(20150107-080018)" time="1.6997982">
	<failure type="java.lang.AssertionError:">java.lang.AssertionError: null
		at org.junit.Assert.fail(Assert.java:86)
		at org.junit.Assert.assertTrue(Assert.java:41)
		at org.junit.Assert.assertTrue(Assert.java:52)
		at se.redmind.rmtest.selenium.example.CreateRandomRes3.random14(CreateRandomRes3.java:128)
	</failure>
</testcase>
<testcase name="random3[Android_5.1_Nexus 6_explorer_10]" classname="se.redmind.rmtest.selenium.example.RandomClass2(20150107-080018)" time="1.9064989">
	<failure type="java.lang.AssertionError:">java.lang.AssertionError: null
		at org.junit.Assert.fail(Assert.java:86)
		at org.junit.Assert.assertTrue(Assert.java:41)
		at org.junit.Assert.assertTrue(Assert.java:52)
		at se.redmind.rmtest.selenium.example.CreateRandomRes3.random14(CreateRandomRes3.java:128)
	</failure>
</testcase>
<testcase name="random3[Android_5.1_Nexus 6_opera_15]" classname="se.redmind.rmtest.selenium.example.RandomClass2(20150107-080018)" time="0.5547186"/>
<testcase name="random3[Android_2.3_VeiVei_firefox_31]" classname="se.redmind.rmtest.selenium.example.RandomClass2(20150107-080018)" time="1.0201334"/>
<testcase name="random3[Android_2.3_VeiVei_chrome_42]" classname="se.redmind.rmtest.selenium.example.RandomClass2(20150107-080018)" time="1.2636124">
	<failure type="java.lang.AssertionError:">java.lang.AssertionError: null
		at org.junit.Assert.fail(Assert.java:86)
		at org.junit.Assert.assertTrue(Assert.java:41)
		at org.junit.Assert.assertTrue(Assert.java:52)
		at se.redmind.rmtest.selenium.example.CreateRandomRes3.random14(CreateRandomRes3.java:128)
	</failure>
</testcase>
<testcase name="random3[Android_2.3_VeiVei_explorer_10]" classname="se.redmind.rmtest.selenium.example.RandomClass2(20150107-080018)" time="0.8091198">
	<failure type="java.lang.AssertionError:">java.lang.AssertionError: null
		at org.junit.Assert.fail(Assert.java:86)
		at org.junit.Assert.assertTrue(Assert.java:41)
		at org.junit.Assert.assertTrue(Assert.java:52)
		at se.redmind.rmtest.selenium.example.CreateRandomRes3.random14(CreateRandomRes3.java:128)
	</failure>
</testcase>
<testcase name="random3[Android_2.3_VeiVei_opera_15]" classname="se.redmind.rmtest.selenium.example.RandomClass2(20150107-080018)" time="1.9115347"/>
<testcase name="random3[IOS_4_iPhone 3Gs_firefox_31]" classname="se.redmind.rmtest.selenium.example.RandomClass2(20150107-080018)" time="1.9118984">
<skipped/>
</testcase>
<testcase name="random3[IOS_4_iPhone 3Gs_firefox_31]" classname="se.redmind.rmtest.selenium.example.RandomClass2(20150107-080018)" time="0.6786225">
	<failure type="java.lang.AssertionError:">java.lang.AssertionError: null
		at org.junit.Assert.fail(Assert.java:86)
		at org.junit.Assert.assertTrue(Assert.java:41)
		at org.junit.Assert.assertTrue(Assert.java:52)
		at se.redmind.rmtest.selenium.example.CreateRandomRes3.random14(CreateRandomRes3.java:128)
	</failure>
</testcase>
<testcase name="random3[IOS_4_iPhone 3Gs_chrome_42]" classname="se.redmind.rmtest.selenium.example.RandomClass2(20150107-080018)" time="1.3136255">
<skipped/>
</testcase>
<testcase name="random3[IOS_4_iPhone 3Gs_chrome_42]" classname="se.redmind.rmtest.selenium.example.RandomClass2(20150107-080018)" time="0.47670698">
	<failure type="java.lang.AssertionError:">java.lang.AssertionError: null
		at org.junit.Assert.fail(Assert.java:86)
		at org.junit.Assert.assertTrue(Assert.java:41)
		at org.junit.Assert.assertTrue(Assert.java:52)
		at se.redmind.rmtest.selenium.example.CreateRandomRes3.random14(CreateRandomRes3.java:128)
	</failure>
</testcase>
<testcase name="random3[IOS_4_iPhone 3Gs_explorer_10]" classname="se.redmind.rmtest.selenium.example.RandomClass2(20150107-080018)" time="1.4679998">
<skipped/>
</testcase>
<testcase name="random3[IOS_4_iPhone 3Gs_explorer_10]" classname="se.redmind.rmtest.selenium.example.RandomClass2(20150107-080018)" time="0.007957697"/>
<testcase name="random3[IOS_4_iPhone 3Gs_opera_15]" classname="se.redmind.rmtest.selenium.example.RandomClass2(20150107-080018)" time="1.9053332">
<skipped/>
</testcase>
<testcase name="random3[IOS_4_iPhone 3Gs_opera_15]" classname="se.redmind.rmtest.selenium.example.RandomClass2(20150107-080018)" time="1.2942781">
	<failure type="java.lang.AssertionError:">java.lang.AssertionError: null
		at org.junit.Assert.fail(Assert.java:86)
		at org.junit.Assert.assertTrue(Assert.java:41)
		at org.junit.Assert.assertTrue(Assert.java:52)
		at se.redmind.rmtest.selenium.example.CreateRandomRes3.random14(CreateRandomRes3.java:128)
	</failure>
</testcase>
<testcase name="random3[Windows_8.1_UNKNOWN_firefox_31]" classname="se.redmind.rmtest.selenium.example.RandomClass2(20150107-080018)" time="0.42378068"/>
<testcase name="random3[Windows_8.1_UNKNOWN_chrome_42]" classname="se.redmind.rmtest.selenium.example.RandomClass2(20150107-080018)" time="0.045374513"/>
<testcase name="random3[Windows_8.1_UNKNOWN_explorer_10]" classname="se.redmind.rmtest.selenium.example.RandomClass2(20150107-080018)" time="1.8275566">
	<failure type="java.lang.AssertionError:">java.lang.AssertionError: null
		at org.junit.Assert.fail(Assert.java:86)
		at org.junit.Assert.assertTrue(Assert.java:41)
		at org.junit.Assert.assertTrue(Assert.java:52)
		at se.redmind.rmtest.selenium.example.CreateRandomRes3.random14(CreateRandomRes3.java:128)
	</failure>
</testcase>
<testcase name="random3[Windows_8.1_UNKNOWN_opera_15]" classname="se.redmind.rmtest.selenium.example.RandomClass2(20150107-080018)" time="0.23702705">
	<failure type="java.lang.AssertionError:">java.lang.AssertionError: null
		at org.junit.Assert.fail(Assert.java:86)
		at org.junit.Assert.assertTrue(Assert.java:41)
		at org.junit.Assert.assertTrue(Assert.java:52)
		at se.redmind.rmtest.selenium.example.CreateRandomRes3.random14(CreateRandomRes3.java:128)
	</failure>
</testcase>
<testcase name="random3[Windows_10_UNKNOWN_firefox_31]" classname="se.redmind.rmtest.selenium.example.RandomClass2(20150107-080018)" time="1.3808669">
	<failure type="java.lang.AssertionError:">java.lang.AssertionError: null
		at org.junit.Assert.fail(Assert.java:86)
		at org.junit.Assert.assertTrue(Assert.java:41)
		at org.junit.Assert.assertTrue(Assert.java:52)
		at se.redmind.rmtest.selenium.example.CreateRandomRes3.random14(CreateRandomRes3.java:128)
	</failure>
</testcase>
<testcase name="random3[Windows_10_UNKNOWN_chrome_42]" classname="se.redmind.rmtest.selenium.example.RandomClass2(20150107-080018)" time="0.58482337">
	<failure type="java.lang.AssertionError:">java.lang.AssertionError: null
		at org.junit.Assert.fail(Assert.java:86)
		at org.junit.Assert.assertTrue(Assert.java:41)
		at org.junit.Assert.assertTrue(Assert.java:52)
		at se.redmind.rmtest.selenium.example.CreateRandomRes3.random14(CreateRandomRes3.java:128)
	</failure>
</testcase>
<testcase name="random3[Windows_10_UNKNOWN_explorer_10]" classname="se.redmind.rmtest.selenium.example.RandomClass2(20150107-080018)" time="0.27328444">
	<failure type="java.lang.AssertionError:">java.lang.AssertionError: null
		at org.junit.Assert.fail(Assert.java:86)
		at org.junit.Assert.assertTrue(Assert.java:41)
		at org.junit.Assert.assertTrue(Assert.java:52)
		at se.redmind.rmtest.selenium.example.CreateRandomRes3.random14(CreateRandomRes3.java:128)
	</failure>
</testcase>
<testcase name="random3[Windows_10_UNKNOWN_opera_15]" classname="se.redmind.rmtest.selenium.example.RandomClass2(20150107-080018)" time="1.4934394"/>
<testcase name="random3[Ubuntu_14.04_UNKNOWN_firefox_31]" classname="se.redmind.rmtest.selenium.example.RandomClass2(20150107-080018)" time="1.6864289"/>
<testcase name="random3[Ubuntu_14.04_UNKNOWN_chrome_42]" classname="se.redmind.rmtest.selenium.example.RandomClass2(20150107-080018)" time="0.06751883"/>
<testcase name="random3[Ubuntu_14.04_UNKNOWN_explorer_10]" classname="se.redmind.rmtest.selenium.example.RandomClass2(20150107-080018)" time="0.5816643">
	<failure type="java.lang.AssertionError:">java.lang.AssertionError: null
		at org.junit.Assert.fail(Assert.java:86)
		at org.junit.Assert.assertTrue(Assert.java:41)
		at org.junit.Assert.assertTrue(Assert.java:52)
		at se.redmind.rmtest.selenium.example.CreateRandomRes3.random14(CreateRandomRes3.java:128)
	</failure>
</testcase>
<testcase name="random3[Ubuntu_14.04_UNKNOWN_opera_15]" classname="se.redmind.rmtest.selenium.example.RandomClass2(20150107-080018)" time="0.12573993"/>
<testcase name="random3[Ubuntu_12.10_UNKNOWN_firefox_31]" classname="se.redmind.rmtest.selenium.example.RandomClass2(20150107-080018)" time="1.3678033">
	<failure type="java.lang.AssertionError:">java.lang.AssertionError: null
		at org.junit.Assert.fail(Assert.java:86)
		at org.junit.Assert.assertTrue(Assert.java:41)
		at org.junit.Assert.assertTrue(Assert.java:52)
		at se.redmind.rmtest.selenium.example.CreateRandomRes3.random14(CreateRandomRes3.java:128)
	</failure>
</testcase>
<testcase name="random3[Ubuntu_12.10_UNKNOWN_chrome_42]" classname="se.redmind.rmtest.selenium.example.RandomClass2(20150107-080018)" time="1.664231"/>
<testcase name="random3[Ubuntu_12.10_UNKNOWN_explorer_10]" classname="se.redmind.rmtest.selenium.example.RandomClass2(20150107-080018)" time="1.6508794">
	<failure type="java.lang.AssertionError:">java.lang.AssertionError: null
		at org.junit.Assert.fail(Assert.java:86)
		at org.junit.Assert.assertTrue(Assert.java:41)
		at org.junit.Assert.assertTrue(Assert.java:52)
		at se.redmind.rmtest.selenium.example.CreateRandomRes3.random14(CreateRandomRes3.java:128)
	</failure>
</testcase>
<testcase name="random3[Ubuntu_12.10_UNKNOWN_opera_15]" classname="se.redmind.rmtest.selenium.example.RandomClass2(20150107-080018)" time="0.91780055">
	<failure type="java.lang.AssertionError:">java.lang.AssertionError: null
		at org.junit.Assert.fail(Assert.java:86)
		at org.junit.Assert.assertTrue(Assert.java:41)
		at org.junit.Assert.assertTrue(Assert.java:52)
		at se.redmind.rmtest.selenium.example.CreateRandomRes3.random14(CreateRandomRes3.java:128)
	</failure>
</testcase>
<testcase name="random4[Android_4.4.4_HTC ONE_firefox_31]" classname="se.redmind.rmtest.selenium.example.RandomClass2(20150107-080018)" time="1.970555">
	<failure type="java.lang.AssertionError:">java.lang.AssertionError: null
		at org.junit.Assert.fail(Assert.java:86)
		at org.junit.Assert.assertTrue(Assert.java:41)
		at org.junit.Assert.assertTrue(Assert.java:52)
		at se.redmind.rmtest.selenium.example.CreateRandomRes3.random14(CreateRandomRes3.java:128)
	</failure>
</testcase>
<testcase name="random4[Android_4.4.4_HTC ONE_chrome_42]" classname="se.redmind.rmtest.selenium.example.RandomClass2(20150107-080018)" time="1.0982713">
	<failure type="java.lang.AssertionError:">java.lang.AssertionError: null
		at org.junit.Assert.fail(Assert.java:86)
		at org.junit.Assert.assertTrue(Assert.java:41)
		at org.junit.Assert.assertTrue(Assert.java:52)
		at se.redmind.rmtest.selenium.example.CreateRandomRes3.random14(CreateRandomRes3.java:128)
	</failure>
</testcase>
<testcase name="random4[Android_4.4.4_HTC ONE_explorer_10]" classname="se.redmind.rmtest.selenium.example.RandomClass2(20150107-080018)" time="0.053472042"/>
<testcase name="random4[Android_4.4.4_HTC ONE_opera_15]" classname="se.redmind.rmtest.selenium.example.RandomClass2(20150107-080018)" time="0.34025145"/>
<testcase name="random4[Android_5.1_Nexus 6_firefox_31]" classname="se.redmind.rmtest.selenium.example.RandomClass2(20150107-080018)" time="1.2148701"/>
<testcase name="random4[Android_5.1_Nexus 6_chrome_42]" classname="se.redmind.rmtest.selenium.example.RandomClass2(20150107-080018)" time="1.5135584"/>
<testcase name="random4[Android_5.1_Nexus 6_explorer_10]" classname="se.redmind.rmtest.selenium.example.RandomClass2(20150107-080018)" time="1.5015584"/>
<testcase name="random4[Android_5.1_Nexus 6_opera_15]" classname="se.redmind.rmtest.selenium.example.RandomClass2(20150107-080018)" time="1.1766492"/>
<testcase name="random4[Android_2.3_VeiVei_firefox_31]" classname="se.redmind.rmtest.selenium.example.RandomClass2(20150107-080018)" time="1.1733308">
	<failure type="java.lang.AssertionError:">java.lang.AssertionError: null
		at org.junit.Assert.fail(Assert.java:86)
		at org.junit.Assert.assertTrue(Assert.java:41)
		at org.junit.Assert.assertTrue(Assert.java:52)
		at se.redmind.rmtest.selenium.example.CreateRandomRes3.random14(CreateRandomRes3.java:128)
	</failure>
</testcase>
<testcase name="random4[Android_2.3_VeiVei_chrome_42]" classname="se.redmind.rmtest.selenium.example.RandomClass2(20150107-080018)" time="1.331944"/>
<testcase name="random4[Android_2.3_VeiVei_explorer_10]" classname="se.redmind.rmtest.selenium.example.RandomClass2(20150107-080018)" time="1.2269859">
	<failure type="java.lang.AssertionError:">java.lang.AssertionError: null
		at org.junit.Assert.fail(Assert.java:86)
		at org.junit.Assert.assertTrue(Assert.java:41)
		at org.junit.Assert.assertTrue(Assert.java:52)
		at se.redmind.rmtest.selenium.example.CreateRandomRes3.random14(CreateRandomRes3.java:128)
	</failure>
</testcase>
<testcase name="random4[Android_2.3_VeiVei_opera_15]" classname="se.redmind.rmtest.selenium.example.RandomClass2(20150107-080018)" time="1.5283045"/>
<testcase name="random4[IOS_4_iPhone 3Gs_firefox_31]" classname="se.redmind.rmtest.selenium.example.RandomClass2(20150107-080018)" time="0.4416839">
	<failure type="java.lang.AssertionError:">java.lang.AssertionError: null
		at org.junit.Assert.fail(Assert.java:86)
		at org.junit.Assert.assertTrue(Assert.java:41)
		at org.junit.Assert.assertTrue(Assert.java:52)
		at se.redmind.rmtest.selenium.example.CreateRandomRes3.random14(CreateRandomRes3.java:128)
	</failure>
</testcase>
<testcase name="random4[IOS_4_iPhone 3Gs_chrome_42]" classname="se.redmind.rmtest.selenium.example.RandomClass2(20150107-080018)" time="0.12365639">
	<failure type="java.lang.AssertionError:">java.lang.AssertionError: null
		at org.junit.Assert.fail(Assert.java:86)
		at org.junit.Assert.assertTrue(Assert.java:41)
		at org.junit.Assert.assertTrue(Assert.java:52)
		at se.redmind.rmtest.selenium.example.CreateRandomRes3.random14(CreateRandomRes3.java:128)
	</failure>
</testcase>
<testcase name="random4[IOS_4_iPhone 3Gs_explorer_10]" classname="se.redmind.rmtest.selenium.example.RandomClass2(20150107-080018)" time="0.3135023">
	<failure type="java.lang.AssertionError:">java.lang.AssertionError: null
		at org.junit.Assert.fail(Assert.java:86)
		at org.junit.Assert.assertTrue(Assert.java:41)
		at org.junit.Assert.assertTrue(Assert.java:52)
		at se.redmind.rmtest.selenium.example.CreateRandomRes3.random14(CreateRandomRes3.java:128)
	</failure>
</testcase>
<testcase name="random4[IOS_4_iPhone 3Gs_opera_15]" classname="se.redmind.rmtest.selenium.example.RandomClass2(20150107-080018)" time="1.3720193"/>
<testcase name="random4[Windows_8.1_UNKNOWN_firefox_31]" classname="se.redmind.rmtest.selenium.example.RandomClass2(20150107-080018)" time="1.7673023"/>
<testcase name="random4[Windows_8.1_UNKNOWN_chrome_42]" classname="se.redmind.rmtest.selenium.example.RandomClass2(20150107-080018)" time="0.90670884">
	<failure type="java.lang.AssertionError:">java.lang.AssertionError: null
		at org.junit.Assert.fail(Assert.java:86)
		at org.junit.Assert.assertTrue(Assert.java:41)
		at org.junit.Assert.assertTrue(Assert.java:52)
		at se.redmind.rmtest.selenium.example.CreateRandomRes3.random14(CreateRandomRes3.java:128)
	</failure>
</testcase>
<testcase name="random4[Windows_8.1_UNKNOWN_explorer_10]" classname="se.redmind.rmtest.selenium.example.RandomClass2(20150107-080018)" time="0.7665235"/>
<testcase name="random4[Windows_8.1_UNKNOWN_opera_15]" classname="se.redmind.rmtest.selenium.example.RandomClass2(20150107-080018)" time="1.7223283">
	<failure type="java.lang.AssertionError:">java.lang.AssertionError: null
		at org.junit.Assert.fail(Assert.java:86)
		at org.junit.Assert.assertTrue(Assert.java:41)
		at org.junit.Assert.assertTrue(Assert.java:52)
		at se.redmind.rmtest.selenium.example.CreateRandomRes3.random14(CreateRandomRes3.java:128)
	</failure>
</testcase>
<testcase name="random4[Windows_10_UNKNOWN_firefox_31]" classname="se.redmind.rmtest.selenium.example.RandomClass2(20150107-080018)" time="1.9490103">
	<failure type="java.lang.AssertionError:">java.lang.AssertionError: null
		at org.junit.Assert.fail(Assert.java:86)
		at org.junit.Assert.assertTrue(Assert.java:41)
		at org.junit.Assert.assertTrue(Assert.java:52)
		at se.redmind.rmtest.selenium.example.CreateRandomRes3.random14(CreateRandomRes3.java:128)
	</failure>
</testcase>
<testcase name="random4[Windows_10_UNKNOWN_chrome_42]" classname="se.redmind.rmtest.selenium.example.RandomClass2(20150107-080018)" time="1.8274207"/>
<testcase name="random4[Windows_10_UNKNOWN_explorer_10]" classname="se.redmind.rmtest.selenium.example.RandomClass2(20150107-080018)" time="0.7654104">
	<failure type="java.lang.AssertionError:">java.lang.AssertionError: null
		at org.junit.Assert.fail(Assert.java:86)
		at org.junit.Assert.assertTrue(Assert.java:41)
		at org.junit.Assert.assertTrue(Assert.java:52)
		at se.redmind.rmtest.selenium.example.CreateRandomRes3.random14(CreateRandomRes3.java:128)
	</failure>
</testcase>
<testcase name="random4[Windows_10_UNKNOWN_opera_15]" classname="se.redmind.rmtest.selenium.example.RandomClass2(20150107-080018)" time="1.4352031">
	<failure type="java.lang.AssertionError:">java.lang.AssertionError: null
		at org.junit.Assert.fail(Assert.java:86)
		at org.junit.Assert.assertTrue(Assert.java:41)
		at org.junit.Assert.assertTrue(Assert.java:52)
		at se.redmind.rmtest.selenium.example.CreateRandomRes3.random14(CreateRandomRes3.java:128)
	</failure>
</testcase>
<testcase name="random4[Ubuntu_14.04_UNKNOWN_firefox_31]" classname="se.redmind.rmtest.selenium.example.RandomClass2(20150107-080018)" time="1.2016281"/>
<testcase name="random4[Ubuntu_14.04_UNKNOWN_chrome_42]" classname="se.redmind.rmtest.selenium.example.RandomClass2(20150107-080018)" time="1.617507">
	<failure type="java.lang.AssertionError:">java.lang.AssertionError: null
		at org.junit.Assert.fail(Assert.java:86)
		at org.junit.Assert.assertTrue(Assert.java:41)
		at org.junit.Assert.assertTrue(Assert.java:52)
		at se.redmind.rmtest.selenium.example.CreateRandomRes3.random14(CreateRandomRes3.java:128)
	</failure>
</testcase>
<testcase name="random4[Ubuntu_14.04_UNKNOWN_explorer_10]" classname="se.redmind.rmtest.selenium.example.RandomClass2(20150107-080018)" time="0.15714848">
	<failure type="java.lang.AssertionError:">java.lang.AssertionError: null
		at org.junit.Assert.fail(Assert.java:86)
		at org.junit.Assert.assertTrue(Assert.java:41)
		at org.junit.Assert.assertTrue(Assert.java:52)
		at se.redmind.rmtest.selenium.example.CreateRandomRes3.random14(CreateRandomRes3.java:128)
	</failure>
</testcase>
<testcase name="random4[Ubuntu_14.04_UNKNOWN_opera_15]" classname="se.redmind.rmtest.selenium.example.RandomClass2(20150107-080018)" time="0.5573325">
	<failure type="java.lang.AssertionError:">java.lang.AssertionError: null
		at org.junit.Assert.fail(Assert.java:86)
		at org.junit.Assert.assertTrue(Assert.java:41)
		at org.junit.Assert.assertTrue(Assert.java:52)
		at se.redmind.rmtest.selenium.example.CreateRandomRes3.random14(CreateRandomRes3.java:128)
	</failure>
</testcase>
<testcase name="random4[Ubuntu_12.10_UNKNOWN_firefox_31]" classname="se.redmind.rmtest.selenium.example.RandomClass2(20150107-080018)" time="0.31644058"/>
<testcase name="random4[Ubuntu_12.10_UNKNOWN_chrome_42]" classname="se.redmind.rmtest.selenium.example.RandomClass2(20150107-080018)" time="1.0171978"/>
<testcase name="random4[Ubuntu_12.10_UNKNOWN_explorer_10]" classname="se.redmind.rmtest.selenium.example.RandomClass2(20150107-080018)" time="0.78899837">
	<failure type="java.lang.AssertionError:">java.lang.AssertionError: null
		at org.junit.Assert.fail(Assert.java:86)
		at org.junit.Assert.assertTrue(Assert.java:41)
		at org.junit.Assert.assertTrue(Assert.java:52)
		at se.redmind.rmtest.selenium.example.CreateRandomRes3.random14(CreateRandomRes3.java:128)
	</failure>
</testcase>
<testcase name="random4[Ubuntu_12.10_UNKNOWN_opera_15]" classname="se.redmind.rmtest.selenium.example.RandomClass2(20150107-080018)" time="1.4985957">
	<failure type="java.lang.AssertionError:">java.lang.AssertionError: null
		at org.junit.Assert.fail(Assert.java:86)
		at org.junit.Assert.assertTrue(Assert.java:41)
		at org.junit.Assert.assertTrue(Assert.java:52)
		at se.redmind.rmtest.selenium.example.CreateRandomRes3.random14(CreateRandomRes3.java:128)
	</failure>
</testcase>
<testcase name="random1[Android_4.4.4_HTC ONE_firefox_31]" classname="se.redmind.rmtest.selenium.example.RandomClass3(20150107-080018)" time="1.185961"/>
<testcase name="random1[Android_4.4.4_HTC ONE_chrome_42]" classname="se.redmind.rmtest.selenium.example.RandomClass3(20150107-080018)" time="1.4476427">
	<failure type="java.lang.AssertionError:">java.lang.AssertionError: null
		at org.junit.Assert.fail(Assert.java:86)
		at org.junit.Assert.assertTrue(Assert.java:41)
		at org.junit.Assert.assertTrue(Assert.java:52)
		at se.redmind.rmtest.selenium.example.CreateRandomRes3.random14(CreateRandomRes3.java:128)
	</failure>
</testcase>
<testcase name="random1[Android_4.4.4_HTC ONE_explorer_10]" classname="se.redmind.rmtest.selenium.example.RandomClass3(20150107-080018)" time="0.12827802"/>
<testcase name="random1[Android_4.4.4_HTC ONE_opera_15]" classname="se.redmind.rmtest.selenium.example.RandomClass3(20150107-080018)" time="1.2992291">
	<failure type="java.lang.AssertionError:">java.lang.AssertionError: null
		at org.junit.Assert.fail(Assert.java:86)
		at org.junit.Assert.assertTrue(Assert.java:41)
		at org.junit.Assert.assertTrue(Assert.java:52)
		at se.redmind.rmtest.selenium.example.CreateRandomRes3.random14(CreateRandomRes3.java:128)
	</failure>
</testcase>
<testcase name="random1[Android_5.1_Nexus 6_firefox_31]" classname="se.redmind.rmtest.selenium.example.RandomClass3(20150107-080018)" time="0.33678544"/>
<testcase name="random1[Android_5.1_Nexus 6_chrome_42]" classname="se.redmind.rmtest.selenium.example.RandomClass3(20150107-080018)" time="0.64316654">
	<failure type="java.lang.AssertionError:">java.lang.AssertionError: null
		at org.junit.Assert.fail(Assert.java:86)
		at org.junit.Assert.assertTrue(Assert.java:41)
		at org.junit.Assert.assertTrue(Assert.java:52)
		at se.redmind.rmtest.selenium.example.CreateRandomRes3.random14(CreateRandomRes3.java:128)
	</failure>
</testcase>
<testcase name="random1[Android_5.1_Nexus 6_explorer_10]" classname="se.redmind.rmtest.selenium.example.RandomClass3(20150107-080018)" time="0.68849015">
	<failure type="java.lang.AssertionError:">java.lang.AssertionError: null
		at org.junit.Assert.fail(Assert.java:86)
		at org.junit.Assert.assertTrue(Assert.java:41)
		at org.junit.Assert.assertTrue(Assert.java:52)
		at se.redmind.rmtest.selenium.example.CreateRandomRes3.random14(CreateRandomRes3.java:128)
	</failure>
</testcase>
<testcase name="random1[Android_5.1_Nexus 6_opera_15]" classname="se.redmind.rmtest.selenium.example.RandomClass3(20150107-080018)" time="1.3739175">
	<failure type="java.lang.AssertionError:">java.lang.AssertionError: null
		at org.junit.Assert.fail(Assert.java:86)
		at org.junit.Assert.assertTrue(Assert.java:41)
		at org.junit.Assert.assertTrue(Assert.java:52)
		at se.redmind.rmtest.selenium.example.CreateRandomRes3.random14(CreateRandomRes3.java:128)
	</failure>
</testcase>
<testcase name="random1[Android_2.3_VeiVei_firefox_31]" classname="se.redmind.rmtest.selenium.example.RandomClass3(20150107-080018)" time="0.031281352"/>
<testcase name="random1[Android_2.3_VeiVei_chrome_42]" classname="se.redmind.rmtest.selenium.example.RandomClass3(20150107-080018)" time="1.9067242">
	<failure type="java.lang.AssertionError:">java.lang.AssertionError: null
		at org.junit.Assert.fail(Assert.java:86)
		at org.junit.Assert.assertTrue(Assert.java:41)
		at org.junit.Assert.assertTrue(Assert.java:52)
		at se.redmind.rmtest.selenium.example.CreateRandomRes3.random14(CreateRandomRes3.java:128)
	</failure>
</testcase>
<testcase name="random1[Android_2.3_VeiVei_explorer_10]" classname="se.redmind.rmtest.selenium.example.RandomClass3(20150107-080018)" time="1.4185573">
	<failure type="java.lang.AssertionError:">java.lang.AssertionError: null
		at org.junit.Assert.fail(Assert.java:86)
		at org.junit.Assert.assertTrue(Assert.java:41)
		at org.junit.Assert.assertTrue(Assert.java:52)
		at se.redmind.rmtest.selenium.example.CreateRandomRes3.random14(CreateRandomRes3.java:128)
	</failure>
</testcase>
<testcase name="random1[Android_2.3_VeiVei_opera_15]" classname="se.redmind.rmtest.selenium.example.RandomClass3(20150107-080018)" time="1.3900812">
	<failure type="java.lang.AssertionError:">java.lang.AssertionError: null
		at org.junit.Assert.fail(Assert.java:86)
		at org.junit.Assert.assertTrue(Assert.java:41)
		at org.junit.Assert.assertTrue(Assert.java:52)
		at se.redmind.rmtest.selenium.example.CreateRandomRes3.random14(CreateRandomRes3.java:128)
	</failure>
</testcase>
<testcase name="random1[Android_4.4.4_Sony Experia Z3_firefox_31]" classname="se.redmind.rmtest.selenium.example.RandomClass3(20150107-080018)" time="1.7286291">
	<failure type="java.lang.AssertionError:">java.lang.AssertionError: null
		at org.junit.Assert.fail(Assert.java:86)
		at org.junit.Assert.assertTrue(Assert.java:41)
		at org.junit.Assert.assertTrue(Assert.java:52)
		at se.redmind.rmtest.selenium.example.CreateRandomRes3.random14(CreateRandomRes3.java:128)
	</failure>
</testcase>
<testcase name="random1[Android_4.4.4_Sony Experia Z3_chrome_42]" classname="se.redmind.rmtest.selenium.example.RandomClass3(20150107-080018)" time="1.2769654">
	<failure type="java.lang.AssertionError:">java.lang.AssertionError: null
		at org.junit.Assert.fail(Assert.java:86)
		at org.junit.Assert.assertTrue(Assert.java:41)
		at org.junit.Assert.assertTrue(Assert.java:52)
		at se.redmind.rmtest.selenium.example.CreateRandomRes3.random14(CreateRandomRes3.java:128)
	</failure>
</testcase>
<testcase name="random1[Android_4.4.4_Sony Experia Z3_explorer_10]" classname="se.redmind.rmtest.selenium.example.RandomClass3(20150107-080018)" time="0.80851376"/>
<testcase name="random1[Android_4.4.4_Sony Experia Z3_opera_15]" classname="se.redmind.rmtest.selenium.example.RandomClass3(20150107-080018)" time="0.35410905"/>
<testcase name="random1[IOS_4_iPhone 3Gs_firefox_31]" classname="se.redmind.rmtest.selenium.example.RandomClass3(20150107-080018)" time="0.6767093">
	<failure type="java.lang.AssertionError:">java.lang.AssertionError: null
		at org.junit.Assert.fail(Assert.java:86)
		at org.junit.Assert.assertTrue(Assert.java:41)
		at org.junit.Assert.assertTrue(Assert.java:52)
		at se.redmind.rmtest.selenium.example.CreateRandomRes3.random14(CreateRandomRes3.java:128)
	</failure>
</testcase>
<testcase name="random1[IOS_4_iPhone 3Gs_chrome_42]" classname="se.redmind.rmtest.selenium.example.RandomClass3(20150107-080018)" time="1.6096686">
	<failure type="java.lang.AssertionError:">java.lang.AssertionError: null
		at org.junit.Assert.fail(Assert.java:86)
		at org.junit.Assert.assertTrue(Assert.java:41)
		at org.junit.Assert.assertTrue(Assert.java:52)
		at se.redmind.rmtest.selenium.example.CreateRandomRes3.random14(CreateRandomRes3.java:128)
	</failure>
</testcase>
<testcase name="random1[IOS_4_iPhone 3Gs_explorer_10]" classname="se.redmind.rmtest.selenium.example.RandomClass3(20150107-080018)" time="0.91461754">
	<failure type="java.lang.AssertionError:">java.lang.AssertionError: null
		at org.junit.Assert.fail(Assert.java:86)
		at org.junit.Assert.assertTrue(Assert.java:41)
		at org.junit.Assert.assertTrue(Assert.java:52)
		at se.redmind.rmtest.selenium.example.CreateRandomRes3.random14(CreateRandomRes3.java:128)
	</failure>
</testcase>
<testcase name="random1[IOS_4_iPhone 3Gs_opera_15]" classname="se.redmind.rmtest.selenium.example.RandomClass3(20150107-080018)" time="0.32708824"/>
<testcase name="random1[OSX_10.9.5_UNKNOWN_firefox_31]" classname="se.redmind.rmtest.selenium.example.RandomClass3(20150107-080018)" time="0.24491799">
	<failure type="java.lang.AssertionError:">java.lang.AssertionError: null
		at org.junit.Assert.fail(Assert.java:86)
		at org.junit.Assert.assertTrue(Assert.java:41)
		at org.junit.Assert.assertTrue(Assert.java:52)
		at se.redmind.rmtest.selenium.example.CreateRandomRes3.random14(CreateRandomRes3.java:128)
	</failure>
</testcase>
<testcase name="random1[OSX_10.9.5_UNKNOWN_chrome_42]" classname="se.redmind.rmtest.selenium.example.RandomClass3(20150107-080018)" time="0.55363">
	<failure type="java.lang.AssertionError:">java.lang.AssertionError: null
		at org.junit.Assert.fail(Assert.java:86)
		at org.junit.Assert.assertTrue(Assert.java:41)
		at org.junit.Assert.assertTrue(Assert.java:52)
		at se.redmind.rmtest.selenium.example.CreateRandomRes3.random14(CreateRandomRes3.java:128)
	</failure>
</testcase>
<testcase name="random1[OSX_10.9.5_UNKNOWN_explorer_10]" classname="se.redmind.rmtest.selenium.example.RandomClass3(20150107-080018)" time="1.1850777">
	<failure type="java.lang.AssertionError:">java.lang.AssertionError: null
		at org.junit.Assert.fail(Assert.java:86)
		at org.junit.Assert.assertTrue(Assert.java:41)
		at org.junit.Assert.assertTrue(Assert.java:52)
		at se.redmind.rmtest.selenium.example.CreateRandomRes3.random14(CreateRandomRes3.java:128)
	</failure>
</testcase>
<testcase name="random1[OSX_10.9.5_UNKNOWN_opera_15]" classname="se.redmind.rmtest.selenium.example.RandomClass3(20150107-080018)" time="0.8859037">
	<failure type="java.lang.AssertionError:">java.lang.AssertionError: null
		at org.junit.Assert.fail(Assert.java:86)
		at org.junit.Assert.assertTrue(Assert.java:41)
		at org.junit.Assert.assertTrue(Assert.java:52)
		at se.redmind.rmtest.selenium.example.CreateRandomRes3.random14(CreateRandomRes3.java:128)
	</failure>
</testcase>
<testcase name="random1[Windows_8.1_UNKNOWN_firefox_31]" classname="se.redmind.rmtest.selenium.example.RandomClass3(20150107-080018)" time="1.2127593">
	<failure type="java.lang.AssertionError:">java.lang.AssertionError: null
		at org.junit.Assert.fail(Assert.java:86)
		at org.junit.Assert.assertTrue(Assert.java:41)
		at org.junit.Assert.assertTrue(Assert.java:52)
		at se.redmind.rmtest.selenium.example.CreateRandomRes3.random14(CreateRandomRes3.java:128)
	</failure>
</testcase>
<testcase name="random1[Windows_8.1_UNKNOWN_chrome_42]" classname="se.redmind.rmtest.selenium.example.RandomClass3(20150107-080018)" time="0.78314745">
	<failure type="java.lang.AssertionError:">java.lang.AssertionError: null
		at org.junit.Assert.fail(Assert.java:86)
		at org.junit.Assert.assertTrue(Assert.java:41)
		at org.junit.Assert.assertTrue(Assert.java:52)
		at se.redmind.rmtest.selenium.example.CreateRandomRes3.random14(CreateRandomRes3.java:128)
	</failure>
</testcase>
<testcase name="random1[Windows_8.1_UNKNOWN_explorer_10]" classname="se.redmind.rmtest.selenium.example.RandomClass3(20150107-080018)" time="0.14679873">
	<failure type="java.lang.AssertionError:">java.lang.AssertionError: null
		at org.junit.Assert.fail(Assert.java:86)
		at org.junit.Assert.assertTrue(Assert.java:41)
		at org.junit.Assert.assertTrue(Assert.java:52)
		at se.redmind.rmtest.selenium.example.CreateRandomRes3.random14(CreateRandomRes3.java:128)
	</failure>
</testcase>
<testcase name="random1[Windows_8.1_UNKNOWN_opera_15]" classname="se.redmind.rmtest.selenium.example.RandomClass3(20150107-080018)" time="1.8225366">
	<failure type="java.lang.AssertionError:">java.lang.AssertionError: null
		at org.junit.Assert.fail(Assert.java:86)
		at org.junit.Assert.assertTrue(Assert.java:41)
		at org.junit.Assert.assertTrue(Assert.java:52)
		at se.redmind.rmtest.selenium.example.CreateRandomRes3.random14(CreateRandomRes3.java:128)
	</failure>
</testcase>
<testcase name="random1[Windows_10_UNKNOWN_firefox_31]" classname="se.redmind.rmtest.selenium.example.RandomClass3(20150107-080018)" time="0.6143342">
	<failure type="java.lang.AssertionError:">java.lang.AssertionError: null
		at org.junit.Assert.fail(Assert.java:86)
		at org.junit.Assert.assertTrue(Assert.java:41)
		at org.junit.Assert.assertTrue(Assert.java:52)
		at se.redmind.rmtest.selenium.example.CreateRandomRes3.random14(CreateRandomRes3.java:128)
	</failure>
</testcase>
<testcase name="random1[Windows_10_UNKNOWN_chrome_42]" classname="se.redmind.rmtest.selenium.example.RandomClass3(20150107-080018)" time="0.036112905"/>
<testcase name="random1[Windows_10_UNKNOWN_explorer_10]" classname="se.redmind.rmtest.selenium.example.RandomClass3(20150107-080018)" time="1.0184481">
	<failure type="java.lang.AssertionError:">java.lang.AssertionError: null
		at org.junit.Assert.fail(Assert.java:86)
		at org.junit.Assert.assertTrue(Assert.java:41)
		at org.junit.Assert.assertTrue(Assert.java:52)
		at se.redmind.rmtest.selenium.example.CreateRandomRes3.random14(CreateRandomRes3.java:128)
	</failure>
</testcase>
<testcase name="random1[Windows_10_UNKNOWN_opera_15]" classname="se.redmind.rmtest.selenium.example.RandomClass3(20150107-080018)" time="1.731606">
	<failure type="java.lang.AssertionError:">java.lang.AssertionError: null
		at org.junit.Assert.fail(Assert.java:86)
		at org.junit.Assert.assertTrue(Assert.java:41)
		at org.junit.Assert.assertTrue(Assert.java:52)
		at se.redmind.rmtest.selenium.example.CreateRandomRes3.random14(CreateRandomRes3.java:128)
	</failure>
</testcase>
<testcase name="random2[Android_4.4.4_HTC ONE_firefox_31]" classname="se.redmind.rmtest.selenium.example.RandomClass3(20150107-080018)" time="1.5227867"/>
<testcase name="random2[Android_4.4.4_HTC ONE_chrome_42]" classname="se.redmind.rmtest.selenium.example.RandomClass3(20150107-080018)" time="0.7265589"/>
<testcase name="random2[Android_4.4.4_HTC ONE_explorer_10]" classname="se.redmind.rmtest.selenium.example.RandomClass3(20150107-080018)" time="1.1652641">
	<failure type="java.lang.AssertionError:">java.lang.AssertionError: null
		at org.junit.Assert.fail(Assert.java:86)
		at org.junit.Assert.assertTrue(Assert.java:41)
		at org.junit.Assert.assertTrue(Assert.java:52)
		at se.redmind.rmtest.selenium.example.CreateRandomRes3.random14(CreateRandomRes3.java:128)
	</failure>
</testcase>
<testcase name="random2[Android_4.4.4_HTC ONE_opera_15]" classname="se.redmind.rmtest.selenium.example.RandomClass3(20150107-080018)" time="1.852864"/>
<testcase name="random2[Android_5.1_Nexus 6_firefox_31]" classname="se.redmind.rmtest.selenium.example.RandomClass3(20150107-080018)" time="1.4230152"/>
<testcase name="random2[Android_5.1_Nexus 6_chrome_42]" classname="se.redmind.rmtest.selenium.example.RandomClass3(20150107-080018)" time="0.79426694"/>
<testcase name="random2[Android_5.1_Nexus 6_explorer_10]" classname="se.redmind.rmtest.selenium.example.RandomClass3(20150107-080018)" time="1.5095934"/>
<testcase name="random2[Android_5.1_Nexus 6_opera_15]" classname="se.redmind.rmtest.selenium.example.RandomClass3(20150107-080018)" time="1.8422406">
	<failure type="java.lang.AssertionError:">java.lang.AssertionError: null
		at org.junit.Assert.fail(Assert.java:86)
		at org.junit.Assert.assertTrue(Assert.java:41)
		at org.junit.Assert.assertTrue(Assert.java:52)
		at se.redmind.rmtest.selenium.example.CreateRandomRes3.random14(CreateRandomRes3.java:128)
	</failure>
</testcase>
<testcase name="random2[Android_2.3_VeiVei_firefox_31]" classname="se.redmind.rmtest.selenium.example.RandomClass3(20150107-080018)" time="0.23775041">
	<failure type="java.lang.AssertionError:">java.lang.AssertionError: null
		at org.junit.Assert.fail(Assert.java:86)
		at org.junit.Assert.assertTrue(Assert.java:41)
		at org.junit.Assert.assertTrue(Assert.java:52)
		at se.redmind.rmtest.selenium.example.CreateRandomRes3.random14(CreateRandomRes3.java:128)
	</failure>
</testcase>
<testcase name="random2[Android_2.3_VeiVei_chrome_42]" classname="se.redmind.rmtest.selenium.example.RandomClass3(20150107-080018)" time="1.5682621">
	<failure type="java.lang.AssertionError:">java.lang.AssertionError: null
		at org.junit.Assert.fail(Assert.java:86)
		at org.junit.Assert.assertTrue(Assert.java:41)
		at org.junit.Assert.assertTrue(Assert.java:52)
		at se.redmind.rmtest.selenium.example.CreateRandomRes3.random14(CreateRandomRes3.java:128)
	</failure>
</testcase>
<testcase name="random2[Android_2.3_VeiVei_explorer_10]" classname="se.redmind.rmtest.selenium.example.RandomClass3(20150107-080018)" time="1.6067227"/>
<testcase name="random2[Android_2.3_VeiVei_opera_15]" classname="se.redmind.rmtest.selenium.example.RandomClass3(20150107-080018)" time="1.5986472">
	<failure type="java.lang.AssertionError:">java.lang.AssertionError: null
		at org.junit.Assert.fail(Assert.java:86)
		at org.junit.Assert.assertTrue(Assert.java:41)
		at org.junit.Assert.assertTrue(Assert.java:52)
		at se.redmind.rmtest.selenium.example.CreateRandomRes3.random14(CreateRandomRes3.java:128)
	</failure>
</testcase>
<testcase name="random2[Android_4.4.4_Sony Experia Z3_firefox_31]" classname="se.redmind.rmtest.selenium.example.RandomClass3(20150107-080018)" time="1.0831846"/>
<testcase name="random2[Android_4.4.4_Sony Experia Z3_chrome_42]" classname="se.redmind.rmtest.selenium.example.RandomClass3(20150107-080018)" time="1.8912756"/>
<testcase name="random2[Android_4.4.4_Sony Experia Z3_explorer_10]" classname="se.redmind.rmtest.selenium.example.RandomClass3(20150107-080018)" time="1.6988689">
	<failure type="java.lang.AssertionError:">java.lang.AssertionError: null
		at org.junit.Assert.fail(Assert.java:86)
		at org.junit.Assert.assertTrue(Assert.java:41)
		at org.junit.Assert.assertTrue(Assert.java:52)
		at se.redmind.rmtest.selenium.example.CreateRandomRes3.random14(CreateRandomRes3.java:128)
	</failure>
</testcase>
<testcase name="random2[Android_4.4.4_Sony Experia Z3_opera_15]" classname="se.redmind.rmtest.selenium.example.RandomClass3(20150107-080018)" time="0.757138"/>
<testcase name="random2[IOS_4_iPhone 3Gs_firefox_31]" classname="se.redmind.rmtest.selenium.example.RandomClass3(20150107-080018)" time="1.229782">
	<failure type="java.lang.AssertionError:">java.lang.AssertionError: null
		at org.junit.Assert.fail(Assert.java:86)
		at org.junit.Assert.assertTrue(Assert.java:41)
		at org.junit.Assert.assertTrue(Assert.java:52)
		at se.redmind.rmtest.selenium.example.CreateRandomRes3.random14(CreateRandomRes3.java:128)
	</failure>
</testcase>
<testcase name="random2[IOS_4_iPhone 3Gs_chrome_42]" classname="se.redmind.rmtest.selenium.example.RandomClass3(20150107-080018)" time="0.19021273">
	<failure type="java.lang.AssertionError:">java.lang.AssertionError: null
		at org.junit.Assert.fail(Assert.java:86)
		at org.junit.Assert.assertTrue(Assert.java:41)
		at org.junit.Assert.assertTrue(Assert.java:52)
		at se.redmind.rmtest.selenium.example.CreateRandomRes3.random14(CreateRandomRes3.java:128)
	</failure>
</testcase>
<testcase name="random2[IOS_4_iPhone 3Gs_explorer_10]" classname="se.redmind.rmtest.selenium.example.RandomClass3(20150107-080018)" time="0.94254184">
	<failure type="java.lang.AssertionError:">java.lang.AssertionError: null
		at org.junit.Assert.fail(Assert.java:86)
		at org.junit.Assert.assertTrue(Assert.java:41)
		at org.junit.Assert.assertTrue(Assert.java:52)
		at se.redmind.rmtest.selenium.example.CreateRandomRes3.random14(CreateRandomRes3.java:128)
	</failure>
</testcase>
<testcase name="random2[IOS_4_iPhone 3Gs_opera_15]" classname="se.redmind.rmtest.selenium.example.RandomClass3(20150107-080018)" time="0.27715993"/>
<testcase name="random2[OSX_10.9.5_UNKNOWN_firefox_31]" classname="se.redmind.rmtest.selenium.example.RandomClass3(20150107-080018)" time="0.2696985">
	<failure type="java.lang.AssertionError:">java.lang.AssertionError: null
		at org.junit.Assert.fail(Assert.java:86)
		at org.junit.Assert.assertTrue(Assert.java:41)
		at org.junit.Assert.assertTrue(Assert.java:52)
		at se.redmind.rmtest.selenium.example.CreateRandomRes3.random14(CreateRandomRes3.java:128)
	</failure>
</testcase>
<testcase name="random2[OSX_10.9.5_UNKNOWN_chrome_42]" classname="se.redmind.rmtest.selenium.example.RandomClass3(20150107-080018)" time="0.20896447">
	<failure type="java.lang.AssertionError:">java.lang.AssertionError: null
		at org.junit.Assert.fail(Assert.java:86)
		at org.junit.Assert.assertTrue(Assert.java:41)
		at org.junit.Assert.assertTrue(Assert.java:52)
		at se.redmind.rmtest.selenium.example.CreateRandomRes3.random14(CreateRandomRes3.java:128)
	</failure>
</testcase>
<testcase name="random2[OSX_10.9.5_UNKNOWN_explorer_10]" classname="se.redmind.rmtest.selenium.example.RandomClass3(20150107-080018)" time="0.5873637">
	<failure type="java.lang.AssertionError:">java.lang.AssertionError: null
		at org.junit.Assert.fail(Assert.java:86)
		at org.junit.Assert.assertTrue(Assert.java:41)
		at org.junit.Assert.assertTrue(Assert.java:52)
		at se.redmind.rmtest.selenium.example.CreateRandomRes3.random14(CreateRandomRes3.java:128)
	</failure>
</testcase>
<testcase name="random2[OSX_10.9.5_UNKNOWN_opera_15]" classname="se.redmind.rmtest.selenium.example.RandomClass3(20150107-080018)" time="1.6332093">
	<failure type="java.lang.AssertionError:">java.lang.AssertionError: null
		at org.junit.Assert.fail(Assert.java:86)
		at org.junit.Assert.assertTrue(Assert.java:41)
		at org.junit.Assert.assertTrue(Assert.java:52)
		at se.redmind.rmtest.selenium.example.CreateRandomRes3.random14(CreateRandomRes3.java:128)
	</failure>
</testcase>
<testcase name="random2[Windows_8.1_UNKNOWN_firefox_31]" classname="se.redmind.rmtest.selenium.example.RandomClass3(20150107-080018)" time="1.6969305"/>
<testcase name="random2[Windows_8.1_UNKNOWN_chrome_42]" classname="se.redmind.rmtest.selenium.example.RandomClass3(20150107-080018)" time="1.4365288">
	<error type="java.lang.AssertionError:">java.lang.AssertionError: null
		at org.junit.Assert.fail(Assert.java:86)
		at org.junit.Assert.assertTrue(Assert.java:41)
		at org.junit.Assert.assertTrue(Assert.java:52)
		at se.redmind.rmtest.selenium.example.CreateRandomRes3.random14(CreateRandomRes3.java:128)
	</error>
</testcase>
<testcase name="random2[Windows_8.1_UNKNOWN_explorer_10]" classname="se.redmind.rmtest.selenium.example.RandomClass3(20150107-080018)" time="0.2535367"/>
<testcase name="random2[Windows_8.1_UNKNOWN_opera_15]" classname="se.redmind.rmtest.selenium.example.RandomClass3(20150107-080018)" time="1.9641278"/>
<testcase name="random2[Windows_10_UNKNOWN_firefox_31]" classname="se.redmind.rmtest.selenium.example.RandomClass3(20150107-080018)" time="1.8195721"/>
<testcase name="random2[Windows_10_UNKNOWN_chrome_42]" classname="se.redmind.rmtest.selenium.example.RandomClass3(20150107-080018)" time="0.5493015">
	<failure type="java.lang.AssertionError:">java.lang.AssertionError: null
		at org.junit.Assert.fail(Assert.java:86)
		at org.junit.Assert.assertTrue(Assert.java:41)
		at org.junit.Assert.assertTrue(Assert.java:52)
		at se.redmind.rmtest.selenium.example.CreateRandomRes3.random14(CreateRandomRes3.java:128)
	</failure>
</testcase>
<testcase name="random2[Windows_10_UNKNOWN_explorer_10]" classname="se.redmind.rmtest.selenium.example.RandomClass3(20150107-080018)" time="1.2761492">
	<failure type="java.lang.AssertionError:">java.lang.AssertionError: null
		at org.junit.Assert.fail(Assert.java:86)
		at org.junit.Assert.assertTrue(Assert.java:41)
		at org.junit.Assert.assertTrue(Assert.java:52)
		at se.redmind.rmtest.selenium.example.CreateRandomRes3.random14(CreateRandomRes3.java:128)
	</failure>
</testcase>
<testcase name="random2[Windows_10_UNKNOWN_opera_15]" classname="se.redmind.rmtest.selenium.example.RandomClass3(20150107-080018)" time="1.5216104"/>
<testcase name="random3[Android_4.4.4_HTC ONE_firefox_31]" classname="se.redmind.rmtest.selenium.example.RandomClass3(20150107-080018)" time="0.58716345">
	<failure type="java.lang.AssertionError:">java.lang.AssertionError: null
		at org.junit.Assert.fail(Assert.java:86)
		at org.junit.Assert.assertTrue(Assert.java:41)
		at org.junit.Assert.assertTrue(Assert.java:52)
		at se.redmind.rmtest.selenium.example.CreateRandomRes3.random14(CreateRandomRes3.java:128)
	</failure>
</testcase>
<testcase name="random3[Android_4.4.4_HTC ONE_chrome_42]" classname="se.redmind.rmtest.selenium.example.RandomClass3(20150107-080018)" time="0.59805036">
	<failure type="java.lang.AssertionError:">java.lang.AssertionError: null
		at org.junit.Assert.fail(Assert.java:86)
		at org.junit.Assert.assertTrue(Assert.java:41)
		at org.junit.Assert.assertTrue(Assert.java:52)
		at se.redmind.rmtest.selenium.example.CreateRandomRes3.random14(CreateRandomRes3.java:128)
	</failure>
</testcase>
<testcase name="random3[Android_4.4.4_HTC ONE_explorer_10]" classname="se.redmind.rmtest.selenium.example.RandomClass3(20150107-080018)" time="1.871584"/>
<testcase name="random3[Android_4.4.4_HTC ONE_opera_15]" classname="se.redmind.rmtest.selenium.example.RandomClass3(20150107-080018)" time="1.5201572">
	<failure type="java.lang.AssertionError:">java.lang.AssertionError: null
		at org.junit.Assert.fail(Assert.java:86)
		at org.junit.Assert.assertTrue(Assert.java:41)
		at org.junit.Assert.assertTrue(Assert.java:52)
		at se.redmind.rmtest.selenium.example.CreateRandomRes3.random14(CreateRandomRes3.java:128)
	</failure>
</testcase>
<testcase name="random3[Android_5.1_Nexus 6_firefox_31]" classname="se.redmind.rmtest.selenium.example.RandomClass3(20150107-080018)" time="1.7974627">
	<failure type="java.lang.AssertionError:">java.lang.AssertionError: null
		at org.junit.Assert.fail(Assert.java:86)
		at org.junit.Assert.assertTrue(Assert.java:41)
		at org.junit.Assert.assertTrue(Assert.java:52)
		at se.redmind.rmtest.selenium.example.CreateRandomRes3.random14(CreateRandomRes3.java:128)
	</failure>
</testcase>
<testcase name="random3[Android_5.1_Nexus 6_chrome_42]" classname="se.redmind.rmtest.selenium.example.RandomClass3(20150107-080018)" time="0.44397843">
	<failure type="java.lang.AssertionError:">java.lang.AssertionError: null
		at org.junit.Assert.fail(Assert.java:86)
		at org.junit.Assert.assertTrue(Assert.java:41)
		at org.junit.Assert.assertTrue(Assert.java:52)
		at se.redmind.rmtest.selenium.example.CreateRandomRes3.random14(CreateRandomRes3.java:128)
	</failure>
</testcase>
<testcase name="random3[Android_5.1_Nexus 6_explorer_10]" classname="se.redmind.rmtest.selenium.example.RandomClass3(20150107-080018)" time="1.9752809"/>
<testcase name="random3[Android_5.1_Nexus 6_opera_15]" classname="se.redmind.rmtest.selenium.example.RandomClass3(20150107-080018)" time="0.4040295">
	<failure type="java.lang.AssertionError:">java.lang.AssertionError: null
		at org.junit.Assert.fail(Assert.java:86)
		at org.junit.Assert.assertTrue(Assert.java:41)
		at org.junit.Assert.assertTrue(Assert.java:52)
		at se.redmind.rmtest.selenium.example.CreateRandomRes3.random14(CreateRandomRes3.java:128)
	</failure>
</testcase>
<testcase name="random3[Android_2.3_VeiVei_firefox_31]" classname="se.redmind.rmtest.selenium.example.RandomClass3(20150107-080018)" time="1.9088752"/>
<testcase name="random3[Android_2.3_VeiVei_chrome_42]" classname="se.redmind.rmtest.selenium.example.RandomClass3(20150107-080018)" time="1.548934"/>
<testcase name="random3[Android_2.3_VeiVei_explorer_10]" classname="se.redmind.rmtest.selenium.example.RandomClass3(20150107-080018)" time="0.4441799">
	<failure type="java.lang.AssertionError:">java.lang.AssertionError: null
		at org.junit.Assert.fail(Assert.java:86)
		at org.junit.Assert.assertTrue(Assert.java:41)
		at org.junit.Assert.assertTrue(Assert.java:52)
		at se.redmind.rmtest.selenium.example.CreateRandomRes3.random14(CreateRandomRes3.java:128)
	</failure>
</testcase>
<testcase name="random3[Android_2.3_VeiVei_opera_15]" classname="se.redmind.rmtest.selenium.example.RandomClass3(20150107-080018)" time="0.73057914"/>
<testcase name="random3[Android_4.4.4_Sony Experia Z3_firefox_31]" classname="se.redmind.rmtest.selenium.example.RandomClass3(20150107-080018)" time="1.7968708">
	<failure type="java.lang.AssertionError:">java.lang.AssertionError: null
		at org.junit.Assert.fail(Assert.java:86)
		at org.junit.Assert.assertTrue(Assert.java:41)
		at org.junit.Assert.assertTrue(Assert.java:52)
		at se.redmind.rmtest.selenium.example.CreateRandomRes3.random14(CreateRandomRes3.java:128)
	</failure>
</testcase>
<testcase name="random3[Android_4.4.4_Sony Experia Z3_chrome_42]" classname="se.redmind.rmtest.selenium.example.RandomClass3(20150107-080018)" time="0.42088938">
	<failure type="java.lang.AssertionError:">java.lang.AssertionError: null
		at org.junit.Assert.fail(Assert.java:86)
		at org.junit.Assert.assertTrue(Assert.java:41)
		at org.junit.Assert.assertTrue(Assert.java:52)
		at se.redmind.rmtest.selenium.example.CreateRandomRes3.random14(CreateRandomRes3.java:128)
	</failure>
</testcase>
<testcase name="random3[Android_4.4.4_Sony Experia Z3_explorer_10]" classname="se.redmind.rmtest.selenium.example.RandomClass3(20150107-080018)" time="0.090776086">
	<failure type="java.lang.AssertionError:">java.lang.AssertionError: null
		at org.junit.Assert.fail(Assert.java:86)
		at org.junit.Assert.assertTrue(Assert.java:41)
		at org.junit.Assert.assertTrue(Assert.java:52)
		at se.redmind.rmtest.selenium.example.CreateRandomRes3.random14(CreateRandomRes3.java:128)
	</failure>
</testcase>
<testcase name="random3[Android_4.4.4_Sony Experia Z3_opera_15]" classname="se.redmind.rmtest.selenium.example.RandomClass3(20150107-080018)" time="1.9823452"/>
<testcase name="random3[IOS_4_iPhone 3Gs_firefox_31]" classname="se.redmind.rmtest.selenium.example.RandomClass3(20150107-080018)" time="1.24442">
<skipped/>
</testcase>
<testcase name="random3[IOS_4_iPhone 3Gs_firefox_31]" classname="se.redmind.rmtest.selenium.example.RandomClass3(20150107-080018)" time="0.043364644"/>
<testcase name="random3[IOS_4_iPhone 3Gs_chrome_42]" classname="se.redmind.rmtest.selenium.example.RandomClass3(20150107-080018)" time="0.79891765">
<skipped/>
</testcase>
<testcase name="random3[IOS_4_iPhone 3Gs_chrome_42]" classname="se.redmind.rmtest.selenium.example.RandomClass3(20150107-080018)" time="1.7674493"/>
<testcase name="random3[IOS_4_iPhone 3Gs_explorer_10]" classname="se.redmind.rmtest.selenium.example.RandomClass3(20150107-080018)" time="0.22390652">
<skipped/>
</testcase>
<testcase name="random3[IOS_4_iPhone 3Gs_explorer_10]" classname="se.redmind.rmtest.selenium.example.RandomClass3(20150107-080018)" time="1.6017662">
	<failure type="java.lang.AssertionError:">java.lang.AssertionError: null
		at org.junit.Assert.fail(Assert.java:86)
		at org.junit.Assert.assertTrue(Assert.java:41)
		at org.junit.Assert.assertTrue(Assert.java:52)
		at se.redmind.rmtest.selenium.example.CreateRandomRes3.random14(CreateRandomRes3.java:128)
	</failure>
</testcase>
<testcase name="random3[IOS_4_iPhone 3Gs_opera_15]" classname="se.redmind.rmtest.selenium.example.RandomClass3(20150107-080018)" time="1.1362498">
<skipped/>
</testcase>
<testcase name="random3[IOS_4_iPhone 3Gs_opera_15]" classname="se.redmind.rmtest.selenium.example.RandomClass3(20150107-080018)" time="0.64366686">
	<failure type="java.lang.AssertionError:">java.lang.AssertionError: null
		at org.junit.Assert.fail(Assert.java:86)
		at org.junit.Assert.assertTrue(Assert.java:41)
		at org.junit.Assert.assertTrue(Assert.java:52)
		at se.redmind.rmtest.selenium.example.CreateRandomRes3.random14(CreateRandomRes3.java:128)
	</failure>
</testcase>
<testcase name="random3[OSX_10.9.5_UNKNOWN_firefox_31]" classname="se.redmind.rmtest.selenium.example.RandomClass3(20150107-080018)" time="0.9559877">
	<failure type="java.lang.AssertionError:">java.lang.AssertionError: null
		at org.junit.Assert.fail(Assert.java:86)
		at org.junit.Assert.assertTrue(Assert.java:41)
		at org.junit.Assert.assertTrue(Assert.java:52)
		at se.redmind.rmtest.selenium.example.CreateRandomRes3.random14(CreateRandomRes3.java:128)
	</failure>
</testcase>
<testcase name="random3[OSX_10.9.5_UNKNOWN_chrome_42]" classname="se.redmind.rmtest.selenium.example.RandomClass3(20150107-080018)" time="1.7538098"/>
<testcase name="random3[OSX_10.9.5_UNKNOWN_explorer_10]" classname="se.redmind.rmtest.selenium.example.RandomClass3(20150107-080018)" time="0.98394024"/>
<testcase name="random3[OSX_10.9.5_UNKNOWN_opera_15]" classname="se.redmind.rmtest.selenium.example.RandomClass3(20150107-080018)" time="1.0995263">
	<failure type="java.lang.AssertionError:">java.lang.AssertionError: null
		at org.junit.Assert.fail(Assert.java:86)
		at org.junit.Assert.assertTrue(Assert.java:41)
		at org.junit.Assert.assertTrue(Assert.java:52)
		at se.redmind.rmtest.selenium.example.CreateRandomRes3.random14(CreateRandomRes3.java:128)
	</failure>
</testcase>
<testcase name="random3[Windows_8.1_UNKNOWN_firefox_31]" classname="se.redmind.rmtest.selenium.example.RandomClass3(20150107-080018)" time="0.8072885">
	<failure type="java.lang.AssertionError:">java.lang.AssertionError: null
		at org.junit.Assert.fail(Assert.java:86)
		at org.junit.Assert.assertTrue(Assert.java:41)
		at org.junit.Assert.assertTrue(Assert.java:52)
		at se.redmind.rmtest.selenium.example.CreateRandomRes3.random14(CreateRandomRes3.java:128)
	</failure>
</testcase>
<testcase name="random3[Windows_8.1_UNKNOWN_chrome_42]" classname="se.redmind.rmtest.selenium.example.RandomClass3(20150107-080018)" time="0.2996297"/>
<testcase name="random3[Windows_8.1_UNKNOWN_explorer_10]" classname="se.redmind.rmtest.selenium.example.RandomClass3(20150107-080018)" time="1.9999815"/>
<testcase name="random3[Windows_8.1_UNKNOWN_opera_15]" classname="se.redmind.rmtest.selenium.example.RandomClass3(20150107-080018)" time="1.0730126"/>
<testcase name="random3[Windows_10_UNKNOWN_firefox_31]" classname="se.redmind.rmtest.selenium.example.RandomClass3(20150107-080018)" time="1.9022943">
	<error type="java.lang.AssertionError:">java.lang.AssertionError: null
		at org.junit.Assert.fail(Assert.java:86)
		at org.junit.Assert.assertTrue(Assert.java:41)
		at org.junit.Assert.assertTrue(Assert.java:52)
		at se.redmind.rmtest.selenium.example.CreateRandomRes3.random14(CreateRandomRes3.java:128)
	</error>
</testcase>
<testcase name="random3[Windows_10_UNKNOWN_chrome_42]" classname="se.redmind.rmtest.selenium.example.RandomClass3(20150107-080018)" time="0.33764887"/>
<testcase name="random3[Windows_10_UNKNOWN_explorer_10]" classname="se.redmind.rmtest.selenium.example.RandomClass3(20150107-080018)" time="1.8580838">
	<failure type="java.lang.AssertionError:">java.lang.AssertionError: null
		at org.junit.Assert.fail(Assert.java:86)
		at org.junit.Assert.assertTrue(Assert.java:41)
		at org.junit.Assert.assertTrue(Assert.java:52)
		at se.redmind.rmtest.selenium.example.CreateRandomRes3.random14(CreateRandomRes3.java:128)
	</failure>
</testcase>
<testcase name="random3[Windows_10_UNKNOWN_opera_15]" classname="se.redmind.rmtest.selenium.example.RandomClass3(20150107-080018)" time="1.3821752"/>
<testcase name="random4[Android_4.4.4_HTC ONE_firefox_31]" classname="se.redmind.rmtest.selenium.example.RandomClass3(20150107-080018)" time="1.4067229">
	<failure type="java.lang.AssertionError:">java.lang.AssertionError: null
		at org.junit.Assert.fail(Assert.java:86)
		at org.junit.Assert.assertTrue(Assert.java:41)
		at org.junit.Assert.assertTrue(Assert.java:52)
		at se.redmind.rmtest.selenium.example.CreateRandomRes3.random14(CreateRandomRes3.java:128)
	</failure>
</testcase>
<testcase name="random4[Android_4.4.4_HTC ONE_chrome_42]" classname="se.redmind.rmtest.selenium.example.RandomClass3(20150107-080018)" time="0.75408554">
	<error type="java.lang.AssertionError:">java.lang.AssertionError: null
		at org.junit.Assert.fail(Assert.java:86)
		at org.junit.Assert.assertTrue(Assert.java:41)
		at org.junit.Assert.assertTrue(Assert.java:52)
		at se.redmind.rmtest.selenium.example.CreateRandomRes3.random14(CreateRandomRes3.java:128)
	</error>
</testcase>
<testcase name="random4[Android_4.4.4_HTC ONE_explorer_10]" classname="se.redmind.rmtest.selenium.example.RandomClass3(20150107-080018)" time="0.86688185">
	<failure type="java.lang.AssertionError:">java.lang.AssertionError: null
		at org.junit.Assert.fail(Assert.java:86)
		at org.junit.Assert.assertTrue(Assert.java:41)
		at org.junit.Assert.assertTrue(Assert.java:52)
		at se.redmind.rmtest.selenium.example.CreateRandomRes3.random14(CreateRandomRes3.java:128)
	</failure>
</testcase>
<testcase name="random4[Android_4.4.4_HTC ONE_opera_15]" classname="se.redmind.rmtest.selenium.example.RandomClass3(20150107-080018)" time="1.5018697"/>
<testcase name="random4[Android_5.1_Nexus 6_firefox_31]" classname="se.redmind.rmtest.selenium.example.RandomClass3(20150107-080018)" time="0.30962682">
	<failure type="java.lang.AssertionError:">java.lang.AssertionError: null
		at org.junit.Assert.fail(Assert.java:86)
		at org.junit.Assert.assertTrue(Assert.java:41)
		at org.junit.Assert.assertTrue(Assert.java:52)
		at se.redmind.rmtest.selenium.example.CreateRandomRes3.random14(CreateRandomRes3.java:128)
	</failure>
</testcase>
<testcase name="random4[Android_5.1_Nexus 6_chrome_42]" classname="se.redmind.rmtest.selenium.example.RandomClass3(20150107-080018)" time="0.6640662">
	<failure type="java.lang.AssertionError:">java.lang.AssertionError: null
		at org.junit.Assert.fail(Assert.java:86)
		at org.junit.Assert.assertTrue(Assert.java:41)
		at org.junit.Assert.assertTrue(Assert.java:52)
		at se.redmind.rmtest.selenium.example.CreateRandomRes3.random14(CreateRandomRes3.java:128)
	</failure>
</testcase>
<testcase name="random4[Android_5.1_Nexus 6_explorer_10]" classname="se.redmind.rmtest.selenium.example.RandomClass3(20150107-080018)" time="0.26163948">
	<failure type="java.lang.AssertionError:">java.lang.AssertionError: null
		at org.junit.Assert.fail(Assert.java:86)
		at org.junit.Assert.assertTrue(Assert.java:41)
		at org.junit.Assert.assertTrue(Assert.java:52)
		at se.redmind.rmtest.selenium.example.CreateRandomRes3.random14(CreateRandomRes3.java:128)
	</failure>
</testcase>
<testcase name="random4[Android_5.1_Nexus 6_opera_15]" classname="se.redmind.rmtest.selenium.example.RandomClass3(20150107-080018)" time="1.3029338"/>
<testcase name="random4[Android_2.3_VeiVei_firefox_31]" classname="se.redmind.rmtest.selenium.example.RandomClass3(20150107-080018)" time="0.4528197">
	<failure type="java.lang.AssertionError:">java.lang.AssertionError: null
		at org.junit.Assert.fail(Assert.java:86)
		at org.junit.Assert.assertTrue(Assert.java:41)
		at org.junit.Assert.assertTrue(Assert.java:52)
		at se.redmind.rmtest.selenium.example.CreateRandomRes3.random14(CreateRandomRes3.java:128)
	</failure>
</testcase>
<testcase name="random4[Android_2.3_VeiVei_chrome_42]" classname="se.redmind.rmtest.selenium.example.RandomClass3(20150107-080018)" time="1.6015694"/>
<testcase name="random4[Android_2.3_VeiVei_explorer_10]" classname="se.redmind.rmtest.selenium.example.RandomClass3(20150107-080018)" time="0.6714529"/>
<testcase name="random4[Android_2.3_VeiVei_opera_15]" classname="se.redmind.rmtest.selenium.example.RandomClass3(20150107-080018)" time="1.3947891">
	<failure type="java.lang.AssertionError:">java.lang.AssertionError: null
		at org.junit.Assert.fail(Assert.java:86)
		at org.junit.Assert.assertTrue(Assert.java:41)
		at org.junit.Assert.assertTrue(Assert.java:52)
		at se.redmind.rmtest.selenium.example.CreateRandomRes3.random14(CreateRandomRes3.java:128)
	</failure>
</testcase>
<testcase name="random4[Android_4.4.4_Sony Experia Z3_firefox_31]" classname="se.redmind.rmtest.selenium.example.RandomClass3(20150107-080018)" time="0.64195037">
	<failure type="java.lang.AssertionError:">java.lang.AssertionError: null
		at org.junit.Assert.fail(Assert.java:86)
		at org.junit.Assert.assertTrue(Assert.java:41)
		at org.junit.Assert.assertTrue(Assert.java:52)
		at se.redmind.rmtest.selenium.example.CreateRandomRes3.random14(CreateRandomRes3.java:128)
	</failure>
</testcase>
<testcase name="random4[Android_4.4.4_Sony Experia Z3_chrome_42]" classname="se.redmind.rmtest.selenium.example.RandomClass3(20150107-080018)" time="0.45673776"/>
<testcase name="random4[Android_4.4.4_Sony Experia Z3_explorer_10]" classname="se.redmind.rmtest.selenium.example.RandomClass3(20150107-080018)" time="0.5883564">
	<failure type="java.lang.AssertionError:">java.lang.AssertionError: null
		at org.junit.Assert.fail(Assert.java:86)
		at org.junit.Assert.assertTrue(Assert.java:41)
		at org.junit.Assert.assertTrue(Assert.java:52)
		at se.redmind.rmtest.selenium.example.CreateRandomRes3.random14(CreateRandomRes3.java:128)
	</failure>
</testcase>
<testcase name="random4[Android_4.4.4_Sony Experia Z3_opera_15]" classname="se.redmind.rmtest.selenium.example.RandomClass3(20150107-080018)" time="1.9850981">
	<failure type="java.lang.AssertionError:">java.lang.AssertionError: null
		at org.junit.Assert.fail(Assert.java:86)
		at org.junit.Assert.assertTrue(Assert.java:41)
		at org.junit.Assert.assertTrue(Assert.java:52)
		at se.redmind.rmtest.selenium.example.CreateRandomRes3.random14(CreateRandomRes3.java:128)
	</failure>
</testcase>
<testcase name="random4[IOS_4_iPhone 3Gs_firefox_31]" classname="se.redmind.rmtest.selenium.example.RandomClass3(20150107-080018)" time="0.63736355"/>
<testcase name="random4[IOS_4_iPhone 3Gs_chrome_42]" classname="se.redmind.rmtest.selenium.example.RandomClass3(20150107-080018)" time="0.48800004">
	<failure type="java.lang.AssertionError:">java.lang.AssertionError: null
		at org.junit.Assert.fail(Assert.java:86)
		at org.junit.Assert.assertTrue(Assert.java:41)
		at org.junit.Assert.assertTrue(Assert.java:52)
		at se.redmind.rmtest.selenium.example.CreateRandomRes3.random14(CreateRandomRes3.java:128)
	</failure>
</testcase>
<testcase name="random4[IOS_4_iPhone 3Gs_explorer_10]" classname="se.redmind.rmtest.selenium.example.RandomClass3(20150107-080018)" time="0.06747818"/>
<testcase name="random4[IOS_4_iPhone 3Gs_opera_15]" classname="se.redmind.rmtest.selenium.example.RandomClass3(20150107-080018)" time="1.6339841">
	<failure type="java.lang.AssertionError:">java.lang.AssertionError: null
		at org.junit.Assert.fail(Assert.java:86)
		at org.junit.Assert.assertTrue(Assert.java:41)
		at org.junit.Assert.assertTrue(Assert.java:52)
		at se.redmind.rmtest.selenium.example.CreateRandomRes3.random14(CreateRandomRes3.java:128)
	</failure>
</testcase>
<testcase name="random4[OSX_10.9.5_UNKNOWN_firefox_31]" classname="se.redmind.rmtest.selenium.example.RandomClass3(20150107-080018)" time="0.9434359"/>
<testcase name="random4[OSX_10.9.5_UNKNOWN_chrome_42]" classname="se.redmind.rmtest.selenium.example.RandomClass3(20150107-080018)" time="1.4784303"/>
<testcase name="random4[OSX_10.9.5_UNKNOWN_explorer_10]" classname="se.redmind.rmtest.selenium.example.RandomClass3(20150107-080018)" time="1.4826934">
	<failure type="java.lang.AssertionError:">java.lang.AssertionError: null
		at org.junit.Assert.fail(Assert.java:86)
		at org.junit.Assert.assertTrue(Assert.java:41)
		at org.junit.Assert.assertTrue(Assert.java:52)
		at se.redmind.rmtest.selenium.example.CreateRandomRes3.random14(CreateRandomRes3.java:128)
	</failure>
</testcase>
<testcase name="random4[OSX_10.9.5_UNKNOWN_opera_15]" classname="se.redmind.rmtest.selenium.example.RandomClass3(20150107-080018)" time="0.7527553">
	<failure type="java.lang.AssertionError:">java.lang.AssertionError: null
		at org.junit.Assert.fail(Assert.java:86)
		at org.junit.Assert.assertTrue(Assert.java:41)
		at org.junit.Assert.assertTrue(Assert.java:52)
		at se.redmind.rmtest.selenium.example.CreateRandomRes3.random14(CreateRandomRes3.java:128)
	</failure>
</testcase>
<testcase name="random4[Windows_8.1_UNKNOWN_firefox_31]" classname="se.redmind.rmtest.selenium.example.RandomClass3(20150107-080018)" time="0.014443994">
	<failure type="java.lang.AssertionError:">java.lang.AssertionError: null
		at org.junit.Assert.fail(Assert.java:86)
		at org.junit.Assert.assertTrue(Assert.java:41)
		at org.junit.Assert.assertTrue(Assert.java:52)
		at se.redmind.rmtest.selenium.example.CreateRandomRes3.random14(CreateRandomRes3.java:128)
	</failure>
</testcase>
<testcase name="random4[Windows_8.1_UNKNOWN_chrome_42]" classname="se.redmind.rmtest.selenium.example.RandomClass3(20150107-080018)" time="1.7611201">
	<failure type="java.lang.AssertionError:">java.lang.AssertionError: null
		at org.junit.Assert.fail(Assert.java:86)
		at org.junit.Assert.assertTrue(Assert.java:41)
		at org.junit.Assert.assertTrue(Assert.java:52)
		at se.redmind.rmtest.selenium.example.CreateRandomRes3.random14(CreateRandomRes3.java:128)
	</failure>
</testcase>
<testcase name="random4[Windows_8.1_UNKNOWN_explorer_10]" classname="se.redmind.rmtest.selenium.example.RandomClass3(20150107-080018)" time="1.6040704">
	<failure type="java.lang.AssertionError:">java.lang.AssertionError: null
		at org.junit.Assert.fail(Assert.java:86)
		at org.junit.Assert.assertTrue(Assert.java:41)
		at org.junit.Assert.assertTrue(Assert.java:52)
		at se.redmind.rmtest.selenium.example.CreateRandomRes3.random14(CreateRandomRes3.java:128)
	</failure>
</testcase>
<testcase name="random4[Windows_8.1_UNKNOWN_opera_15]" classname="se.redmind.rmtest.selenium.example.RandomClass3(20150107-080018)" time="0.27915"/>
<testcase name="random4[Windows_10_UNKNOWN_firefox_31]" classname="se.redmind.rmtest.selenium.example.RandomClass3(20150107-080018)" time="0.37892735">
	<error type="java.lang.AssertionError:">java.lang.AssertionError: null
		at org.junit.Assert.fail(Assert.java:86)
		at org.junit.Assert.assertTrue(Assert.java:41)
		at org.junit.Assert.assertTrue(Assert.java:52)
		at se.redmind.rmtest.selenium.example.CreateRandomRes3.random14(CreateRandomRes3.java:128)
	</error>
</testcase>
<testcase name="random4[Windows_10_UNKNOWN_chrome_42]" classname="se.redmind.rmtest.selenium.example.RandomClass3(20150107-080018)" time="1.5856955"/>
<testcase name="random4[Windows_10_UNKNOWN_explorer_10]" classname="se.redmind.rmtest.selenium.example.RandomClass3(20150107-080018)" time="0.62495565">
	<failure type="java.lang.AssertionError:">java.lang.AssertionError: null
		at org.junit.Assert.fail(Assert.java:86)
		at org.junit.Assert.assertTrue(Assert.java:41)
		at org.junit.Assert.assertTrue(Assert.java:52)
		at se.redmind.rmtest.selenium.example.CreateRandomRes3.random14(CreateRandomRes3.java:128)
	</failure>
</testcase>
<testcase name="random4[Windows_10_UNKNOWN_opera_15]" classname="se.redmind.rmtest.selenium.example.RandomClass3(20150107-080018)" time="0.7837491">
	<failure type="java.lang.AssertionError:">java.lang.AssertionError: null
		at org.junit.Assert.fail(Assert.java:86)
		at org.junit.Assert.assertTrue(Assert.java:41)
		at org.junit.Assert.assertTrue(Assert.java:52)
		at se.redmind.rmtest.selenium.example.CreateRandomRes3.random14(CreateRandomRes3.java:128)
	</failure>
</testcase>
<testcase name="random1[Android_4.4.4_HTC ONE_firefox_31]" classname="se.redmind.rmtest.selenium.example.RandomClass4(20150107-080018)" time="1.948962">
	<failure type="java.lang.AssertionError:">java.lang.AssertionError: null
		at org.junit.Assert.fail(Assert.java:86)
		at org.junit.Assert.assertTrue(Assert.java:41)
		at org.junit.Assert.assertTrue(Assert.java:52)
		at se.redmind.rmtest.selenium.example.CreateRandomRes3.random14(CreateRandomRes3.java:128)
	</failure>
</testcase>
<testcase name="random1[Android_4.4.4_HTC ONE_chrome_42]" classname="se.redmind.rmtest.selenium.example.RandomClass4(20150107-080018)" time="1.9340504">
	<error type="java.lang.AssertionError:">java.lang.AssertionError: null
		at org.junit.Assert.fail(Assert.java:86)
		at org.junit.Assert.assertTrue(Assert.java:41)
		at org.junit.Assert.assertTrue(Assert.java:52)
		at se.redmind.rmtest.selenium.example.CreateRandomRes3.random14(CreateRandomRes3.java:128)
	</error>
</testcase>
<testcase name="random1[Android_4.4.4_HTC ONE_explorer_10]" classname="se.redmind.rmtest.selenium.example.RandomClass4(20150107-080018)" time="1.9690378"/>
<testcase name="random1[Android_4.4.4_HTC ONE_opera_15]" classname="se.redmind.rmtest.selenium.example.RandomClass4(20150107-080018)" time="1.6301719"/>
<testcase name="random1[Android_5.1_Nexus 6_firefox_31]" classname="se.redmind.rmtest.selenium.example.RandomClass4(20150107-080018)" time="1.5541677"/>
<testcase name="random1[Android_5.1_Nexus 6_chrome_42]" classname="se.redmind.rmtest.selenium.example.RandomClass4(20150107-080018)" time="1.0234298">
	<error type="java.lang.AssertionError:">java.lang.AssertionError: null
		at org.junit.Assert.fail(Assert.java:86)
		at org.junit.Assert.assertTrue(Assert.java:41)
		at org.junit.Assert.assertTrue(Assert.java:52)
		at se.redmind.rmtest.selenium.example.CreateRandomRes3.random14(CreateRandomRes3.java:128)
	</error>
</testcase>
<testcase name="random1[Android_5.1_Nexus 6_explorer_10]" classname="se.redmind.rmtest.selenium.example.RandomClass4(20150107-080018)" time="0.04586613"/>
<testcase name="random1[Android_5.1_Nexus 6_opera_15]" classname="se.redmind.rmtest.selenium.example.RandomClass4(20150107-080018)" time="0.859226">
	<failure type="java.lang.AssertionError:">java.lang.AssertionError: null
		at org.junit.Assert.fail(Assert.java:86)
		at org.junit.Assert.assertTrue(Assert.java:41)
		at org.junit.Assert.assertTrue(Assert.java:52)
		at se.redmind.rmtest.selenium.example.CreateRandomRes3.random14(CreateRandomRes3.java:128)
	</failure>
</testcase>
<testcase name="random1[Android_2.3_VeiVei_firefox_31]" classname="se.redmind.rmtest.selenium.example.RandomClass4(20150107-080018)" time="1.2238214">
	<failure type="java.lang.AssertionError:">java.lang.AssertionError: null
		at org.junit.Assert.fail(Assert.java:86)
		at org.junit.Assert.assertTrue(Assert.java:41)
		at org.junit.Assert.assertTrue(Assert.java:52)
		at se.redmind.rmtest.selenium.example.CreateRandomRes3.random14(CreateRandomRes3.java:128)
	</failure>
</testcase>
<testcase name="random1[Android_2.3_VeiVei_chrome_42]" classname="se.redmind.rmtest.selenium.example.RandomClass4(20150107-080018)" time="1.2136339">
	<error type="java.lang.AssertionError:">java.lang.AssertionError: null
		at org.junit.Assert.fail(Assert.java:86)
		at org.junit.Assert.assertTrue(Assert.java:41)
		at org.junit.Assert.assertTrue(Assert.java:52)
		at se.redmind.rmtest.selenium.example.CreateRandomRes3.random14(CreateRandomRes3.java:128)
	</error>
</testcase>
<testcase name="random1[Android_2.3_VeiVei_explorer_10]" classname="se.redmind.rmtest.selenium.example.RandomClass4(20150107-080018)" time="0.7927357">
	<failure type="java.lang.AssertionError:">java.lang.AssertionError: null
		at org.junit.Assert.fail(Assert.java:86)
		at org.junit.Assert.assertTrue(Assert.java:41)
		at org.junit.Assert.assertTrue(Assert.java:52)
		at se.redmind.rmtest.selenium.example.CreateRandomRes3.random14(CreateRandomRes3.java:128)
	</failure>
</testcase>
<testcase name="random1[Android_2.3_VeiVei_opera_15]" classname="se.redmind.rmtest.selenium.example.RandomClass4(20150107-080018)" time="0.7011831"/>
<testcase name="random1[Android_4.4.4_Sony Experia Z3_firefox_31]" classname="se.redmind.rmtest.selenium.example.RandomClass4(20150107-080018)" time="0.39914262"/>
<testcase name="random1[Android_4.4.4_Sony Experia Z3_chrome_42]" classname="se.redmind.rmtest.selenium.example.RandomClass4(20150107-080018)" time="1.5025421"/>
<testcase name="random1[Android_4.4.4_Sony Experia Z3_explorer_10]" classname="se.redmind.rmtest.selenium.example.RandomClass4(20150107-080018)" time="1.6389631">
	<failure type="java.lang.AssertionError:">java.lang.AssertionError: null
		at org.junit.Assert.fail(Assert.java:86)
		at org.junit.Assert.assertTrue(Assert.java:41)
		at org.junit.Assert.assertTrue(Assert.java:52)
		at se.redmind.rmtest.selenium.example.CreateRandomRes3.random14(CreateRandomRes3.java:128)
	</failure>
</testcase>
<testcase name="random1[Android_4.4.4_Sony Experia Z3_opera_15]" classname="se.redmind.rmtest.selenium.example.RandomClass4(20150107-080018)" time="0.40741336">
	<failure type="java.lang.AssertionError:">java.lang.AssertionError: null
		at org.junit.Assert.fail(Assert.java:86)
		at org.junit.Assert.assertTrue(Assert.java:41)
		at org.junit.Assert.assertTrue(Assert.java:52)
		at se.redmind.rmtest.selenium.example.CreateRandomRes3.random14(CreateRandomRes3.java:128)
	</failure>
</testcase>
<testcase name="random1[IOS_8.2_iPhone 6_firefox_31]" classname="se.redmind.rmtest.selenium.example.RandomClass4(20150107-080018)" time="1.9384195"/>
<testcase name="random1[IOS_8.2_iPhone 6_chrome_42]" classname="se.redmind.rmtest.selenium.example.RandomClass4(20150107-080018)" time="0.17325461">
	<failure type="java.lang.AssertionError:">java.lang.AssertionError: null
		at org.junit.Assert.fail(Assert.java:86)
		at org.junit.Assert.assertTrue(Assert.java:41)
		at org.junit.Assert.assertTrue(Assert.java:52)
		at se.redmind.rmtest.selenium.example.CreateRandomRes3.random14(CreateRandomRes3.java:128)
	</failure>
</testcase>
<testcase name="random1[IOS_8.2_iPhone 6_explorer_10]" classname="se.redmind.rmtest.selenium.example.RandomClass4(20150107-080018)" time="1.4622562">
	<failure type="java.lang.AssertionError:">java.lang.AssertionError: null
		at org.junit.Assert.fail(Assert.java:86)
		at org.junit.Assert.assertTrue(Assert.java:41)
		at org.junit.Assert.assertTrue(Assert.java:52)
		at se.redmind.rmtest.selenium.example.CreateRandomRes3.random14(CreateRandomRes3.java:128)
	</failure>
</testcase>
<testcase name="random1[IOS_8.2_iPhone 6_opera_15]" classname="se.redmind.rmtest.selenium.example.RandomClass4(20150107-080018)" time="1.8304957">
	<failure type="java.lang.AssertionError:">java.lang.AssertionError: null
		at org.junit.Assert.fail(Assert.java:86)
		at org.junit.Assert.assertTrue(Assert.java:41)
		at org.junit.Assert.assertTrue(Assert.java:52)
		at se.redmind.rmtest.selenium.example.CreateRandomRes3.random14(CreateRandomRes3.java:128)
	</failure>
</testcase>
<testcase name="random1[IOS_4_iPhone 3Gs_firefox_31]" classname="se.redmind.rmtest.selenium.example.RandomClass4(20150107-080018)" time="0.047228336"/>
<testcase name="random1[IOS_4_iPhone 3Gs_chrome_42]" classname="se.redmind.rmtest.selenium.example.RandomClass4(20150107-080018)" time="1.6549723">
	<failure type="java.lang.AssertionError:">java.lang.AssertionError: null
		at org.junit.Assert.fail(Assert.java:86)
		at org.junit.Assert.assertTrue(Assert.java:41)
		at org.junit.Assert.assertTrue(Assert.java:52)
		at se.redmind.rmtest.selenium.example.CreateRandomRes3.random14(CreateRandomRes3.java:128)
	</failure>
</testcase>
<testcase name="random1[IOS_4_iPhone 3Gs_explorer_10]" classname="se.redmind.rmtest.selenium.example.RandomClass4(20150107-080018)" time="1.2444742"/>
<testcase name="random1[IOS_4_iPhone 3Gs_opera_15]" classname="se.redmind.rmtest.selenium.example.RandomClass4(20150107-080018)" time="1.1475576"/>
<testcase name="random1[OSX_10.9.5_UNKNOWN_firefox_31]" classname="se.redmind.rmtest.selenium.example.RandomClass4(20150107-080018)" time="1.9999716">
	<failure type="java.lang.AssertionError:">java.lang.AssertionError: null
		at org.junit.Assert.fail(Assert.java:86)
		at org.junit.Assert.assertTrue(Assert.java:41)
		at org.junit.Assert.assertTrue(Assert.java:52)
		at se.redmind.rmtest.selenium.example.CreateRandomRes3.random14(CreateRandomRes3.java:128)
	</failure>
</testcase>
<testcase name="random1[OSX_10.9.5_UNKNOWN_chrome_42]" classname="se.redmind.rmtest.selenium.example.RandomClass4(20150107-080018)" time="1.1798267">
	<failure type="java.lang.AssertionError:">java.lang.AssertionError: null
		at org.junit.Assert.fail(Assert.java:86)
		at org.junit.Assert.assertTrue(Assert.java:41)
		at org.junit.Assert.assertTrue(Assert.java:52)
		at se.redmind.rmtest.selenium.example.CreateRandomRes3.random14(CreateRandomRes3.java:128)
	</failure>
</testcase>
<testcase name="random1[OSX_10.9.5_UNKNOWN_explorer_10]" classname="se.redmind.rmtest.selenium.example.RandomClass4(20150107-080018)" time="1.432235">
	<failure type="java.lang.AssertionError:">java.lang.AssertionError: null
		at org.junit.Assert.fail(Assert.java:86)
		at org.junit.Assert.assertTrue(Assert.java:41)
		at org.junit.Assert.assertTrue(Assert.java:52)
		at se.redmind.rmtest.selenium.example.CreateRandomRes3.random14(CreateRandomRes3.java:128)
	</failure>
</testcase>
<testcase name="random1[OSX_10.9.5_UNKNOWN_opera_15]" classname="se.redmind.rmtest.selenium.example.RandomClass4(20150107-080018)" time="1.9227114">
	<failure type="java.lang.AssertionError:">java.lang.AssertionError: null
		at org.junit.Assert.fail(Assert.java:86)
		at org.junit.Assert.assertTrue(Assert.java:41)
		at org.junit.Assert.assertTrue(Assert.java:52)
		at se.redmind.rmtest.selenium.example.CreateRandomRes3.random14(CreateRandomRes3.java:128)
	</failure>
</testcase>
<testcase name="random1[Windows_8.1_UNKNOWN_firefox_31]" classname="se.redmind.rmtest.selenium.example.RandomClass4(20150107-080018)" time="1.3362519">
	<failure type="java.lang.AssertionError:">java.lang.AssertionError: null
		at org.junit.Assert.fail(Assert.java:86)
		at org.junit.Assert.assertTrue(Assert.java:41)
		at org.junit.Assert.assertTrue(Assert.java:52)
		at se.redmind.rmtest.selenium.example.CreateRandomRes3.random14(CreateRandomRes3.java:128)
	</failure>
</testcase>
<testcase name="random1[Windows_8.1_UNKNOWN_chrome_42]" classname="se.redmind.rmtest.selenium.example.RandomClass4(20150107-080018)" time="0.1626116">
	<failure type="java.lang.AssertionError:">java.lang.AssertionError: null
		at org.junit.Assert.fail(Assert.java:86)
		at org.junit.Assert.assertTrue(Assert.java:41)
		at org.junit.Assert.assertTrue(Assert.java:52)
		at se.redmind.rmtest.selenium.example.CreateRandomRes3.random14(CreateRandomRes3.java:128)
	</failure>
</testcase>
<testcase name="random1[Windows_8.1_UNKNOWN_explorer_10]" classname="se.redmind.rmtest.selenium.example.RandomClass4(20150107-080018)" time="0.5538956">
	<failure type="java.lang.AssertionError:">java.lang.AssertionError: null
		at org.junit.Assert.fail(Assert.java:86)
		at org.junit.Assert.assertTrue(Assert.java:41)
		at org.junit.Assert.assertTrue(Assert.java:52)
		at se.redmind.rmtest.selenium.example.CreateRandomRes3.random14(CreateRandomRes3.java:128)
	</failure>
</testcase>
<testcase name="random1[Windows_8.1_UNKNOWN_opera_15]" classname="se.redmind.rmtest.selenium.example.RandomClass4(20150107-080018)" time="0.8788638"/>
<testcase name="random1[Ubuntu_14.04_UNKNOWN_firefox_31]" classname="se.redmind.rmtest.selenium.example.RandomClass4(20150107-080018)" time="1.6628187">
	<failure type="java.lang.AssertionError:">java.lang.AssertionError: null
		at org.junit.Assert.fail(Assert.java:86)
		at org.junit.Assert.assertTrue(Assert.java:41)
		at org.junit.Assert.assertTrue(Assert.java:52)
		at se.redmind.rmtest.selenium.example.CreateRandomRes3.random14(CreateRandomRes3.java:128)
	</failure>
</testcase>
<testcase name="random1[Ubuntu_14.04_UNKNOWN_chrome_42]" classname="se.redmind.rmtest.selenium.example.RandomClass4(20150107-080018)" time="0.19585383"/>
<testcase name="random1[Ubuntu_14.04_UNKNOWN_explorer_10]" classname="se.redmind.rmtest.selenium.example.RandomClass4(20150107-080018)" time="0.56893754">
	<failure type="java.lang.AssertionError:">java.lang.AssertionError: null
		at org.junit.Assert.fail(Assert.java:86)
		at org.junit.Assert.assertTrue(Assert.java:41)
		at org.junit.Assert.assertTrue(Assert.java:52)
		at se.redmind.rmtest.selenium.example.CreateRandomRes3.random14(CreateRandomRes3.java:128)
	</failure>
</testcase>
<testcase name="random1[Ubuntu_14.04_UNKNOWN_opera_15]" classname="se.redmind.rmtest.selenium.example.RandomClass4(20150107-080018)" time="1.2443584"/>
<testcase name="random2[Android_4.4.4_HTC ONE_firefox_31]" classname="se.redmind.rmtest.selenium.example.RandomClass4(20150107-080018)" time="1.1065887">
	<error type="java.lang.AssertionError:">java.lang.AssertionError: null
		at org.junit.Assert.fail(Assert.java:86)
		at org.junit.Assert.assertTrue(Assert.java:41)
		at org.junit.Assert.assertTrue(Assert.java:52)
		at se.redmind.rmtest.selenium.example.CreateRandomRes3.random14(CreateRandomRes3.java:128)
	</error>
</testcase>
<testcase name="random2[Android_4.4.4_HTC ONE_chrome_42]" classname="se.redmind.rmtest.selenium.example.RandomClass4(20150107-080018)" time="1.4929663"/>
<testcase name="random2[Android_4.4.4_HTC ONE_explorer_10]" classname="se.redmind.rmtest.selenium.example.RandomClass4(20150107-080018)" time="1.8566256">
	<failure type="java.lang.AssertionError:">java.lang.AssertionError: null
		at org.junit.Assert.fail(Assert.java:86)
		at org.junit.Assert.assertTrue(Assert.java:41)
		at org.junit.Assert.assertTrue(Assert.java:52)
		at se.redmind.rmtest.selenium.example.CreateRandomRes3.random14(CreateRandomRes3.java:128)
	</failure>
</testcase>
<testcase name="random2[Android_4.4.4_HTC ONE_opera_15]" classname="se.redmind.rmtest.selenium.example.RandomClass4(20150107-080018)" time="1.39681"/>
<testcase name="random2[Android_5.1_Nexus 6_firefox_31]" classname="se.redmind.rmtest.selenium.example.RandomClass4(20150107-080018)" time="1.942395"/>
<testcase name="random2[Android_5.1_Nexus 6_chrome_42]" classname="se.redmind.rmtest.selenium.example.RandomClass4(20150107-080018)" time="1.7319077">
	<failure type="java.lang.AssertionError:">java.lang.AssertionError: null
		at org.junit.Assert.fail(Assert.java:86)
		at org.junit.Assert.assertTrue(Assert.java:41)
		at org.junit.Assert.assertTrue(Assert.java:52)
		at se.redmind.rmtest.selenium.example.CreateRandomRes3.random14(CreateRandomRes3.java:128)
	</failure>
</testcase>
<testcase name="random2[Android_5.1_Nexus 6_explorer_10]" classname="se.redmind.rmtest.selenium.example.RandomClass4(20150107-080018)" time="1.7699422">
	<failure type="java.lang.AssertionError:">java.lang.AssertionError: null
		at org.junit.Assert.fail(Assert.java:86)
		at org.junit.Assert.assertTrue(Assert.java:41)
		at org.junit.Assert.assertTrue(Assert.java:52)
		at se.redmind.rmtest.selenium.example.CreateRandomRes3.random14(CreateRandomRes3.java:128)
	</failure>
</testcase>
<testcase name="random2[Android_5.1_Nexus 6_opera_15]" classname="se.redmind.rmtest.selenium.example.RandomClass4(20150107-080018)" time="0.1176641"/>
<testcase name="random2[Android_2.3_VeiVei_firefox_31]" classname="se.redmind.rmtest.selenium.example.RandomClass4(20150107-080018)" time="0.7050879">
	<failure type="java.lang.AssertionError:">java.lang.AssertionError: null
		at org.junit.Assert.fail(Assert.java:86)
		at org.junit.Assert.assertTrue(Assert.java:41)
		at org.junit.Assert.assertTrue(Assert.java:52)
		at se.redmind.rmtest.selenium.example.CreateRandomRes3.random14(CreateRandomRes3.java:128)
	</failure>
</testcase>
<testcase name="random2[Android_2.3_VeiVei_chrome_42]" classname="se.redmind.rmtest.selenium.example.RandomClass4(20150107-080018)" time="0.48865485">
	<failure type="java.lang.AssertionError:">java.lang.AssertionError: null
		at org.junit.Assert.fail(Assert.java:86)
		at org.junit.Assert.assertTrue(Assert.java:41)
		at org.junit.Assert.assertTrue(Assert.java:52)
		at se.redmind.rmtest.selenium.example.CreateRandomRes3.random14(CreateRandomRes3.java:128)
	</failure>
</testcase>
<testcase name="random2[Android_2.3_VeiVei_explorer_10]" classname="se.redmind.rmtest.selenium.example.RandomClass4(20150107-080018)" time="0.9519899"/>
<testcase name="random2[Android_2.3_VeiVei_opera_15]" classname="se.redmind.rmtest.selenium.example.RandomClass4(20150107-080018)" time="0.6290506">
	<failure type="java.lang.AssertionError:">java.lang.AssertionError: null
		at org.junit.Assert.fail(Assert.java:86)
		at org.junit.Assert.assertTrue(Assert.java:41)
		at org.junit.Assert.assertTrue(Assert.java:52)
		at se.redmind.rmtest.selenium.example.CreateRandomRes3.random14(CreateRandomRes3.java:128)
	</failure>
</testcase>
<testcase name="random2[Android_4.4.4_Sony Experia Z3_firefox_31]" classname="se.redmind.rmtest.selenium.example.RandomClass4(20150107-080018)" time="1.7227967">
	<failure type="java.lang.AssertionError:">java.lang.AssertionError: null
		at org.junit.Assert.fail(Assert.java:86)
		at org.junit.Assert.assertTrue(Assert.java:41)
		at org.junit.Assert.assertTrue(Assert.java:52)
		at se.redmind.rmtest.selenium.example.CreateRandomRes3.random14(CreateRandomRes3.java:128)
	</failure>
</testcase>
<testcase name="random2[Android_4.4.4_Sony Experia Z3_chrome_42]" classname="se.redmind.rmtest.selenium.example.RandomClass4(20150107-080018)" time="1.0937241"/>
<testcase name="random2[Android_4.4.4_Sony Experia Z3_explorer_10]" classname="se.redmind.rmtest.selenium.example.RandomClass4(20150107-080018)" time="1.1443182">
	<failure type="java.lang.AssertionError:">java.lang.AssertionError: null
		at org.junit.Assert.fail(Assert.java:86)
		at org.junit.Assert.assertTrue(Assert.java:41)
		at org.junit.Assert.assertTrue(Assert.java:52)
		at se.redmind.rmtest.selenium.example.CreateRandomRes3.random14(CreateRandomRes3.java:128)
	</failure>
</testcase>
<testcase name="random2[Android_4.4.4_Sony Experia Z3_opera_15]" classname="se.redmind.rmtest.selenium.example.RandomClass4(20150107-080018)" time="0.4815309"/>
<testcase name="random2[IOS_8.2_iPhone 6_firefox_31]" classname="se.redmind.rmtest.selenium.example.RandomClass4(20150107-080018)" time="0.008050203">
	<failure type="java.lang.AssertionError:">java.lang.AssertionError: null
		at org.junit.Assert.fail(Assert.java:86)
		at org.junit.Assert.assertTrue(Assert.java:41)
		at org.junit.Assert.assertTrue(Assert.java:52)
		at se.redmind.rmtest.selenium.example.CreateRandomRes3.random14(CreateRandomRes3.java:128)
	</failure>
</testcase>
<testcase name="random2[IOS_8.2_iPhone 6_chrome_42]" classname="se.redmind.rmtest.selenium.example.RandomClass4(20150107-080018)" time="1.1151656">
	<failure type="java.lang.AssertionError:">java.lang.AssertionError: null
		at org.junit.Assert.fail(Assert.java:86)
		at org.junit.Assert.assertTrue(Assert.java:41)
		at org.junit.Assert.assertTrue(Assert.java:52)
		at se.redmind.rmtest.selenium.example.CreateRandomRes3.random14(CreateRandomRes3.java:128)
	</failure>
</testcase>
<testcase name="random2[IOS_8.2_iPhone 6_explorer_10]" classname="se.redmind.rmtest.selenium.example.RandomClass4(20150107-080018)" time="0.3586278">
	<failure type="java.lang.AssertionError:">java.lang.AssertionError: null
		at org.junit.Assert.fail(Assert.java:86)
		at org.junit.Assert.assertTrue(Assert.java:41)
		at org.junit.Assert.assertTrue(Assert.java:52)
		at se.redmind.rmtest.selenium.example.CreateRandomRes3.random14(CreateRandomRes3.java:128)
	</failure>
</testcase>
<testcase name="random2[IOS_8.2_iPhone 6_opera_15]" classname="se.redmind.rmtest.selenium.example.RandomClass4(20150107-080018)" time="1.788538"/>
<testcase name="random2[IOS_4_iPhone 3Gs_firefox_31]" classname="se.redmind.rmtest.selenium.example.RandomClass4(20150107-080018)" time="1.2719928">
	<failure type="java.lang.AssertionError:">java.lang.AssertionError: null
		at org.junit.Assert.fail(Assert.java:86)
		at org.junit.Assert.assertTrue(Assert.java:41)
		at org.junit.Assert.assertTrue(Assert.java:52)
		at se.redmind.rmtest.selenium.example.CreateRandomRes3.random14(CreateRandomRes3.java:128)
	</failure>
</testcase>
<testcase name="random2[IOS_4_iPhone 3Gs_chrome_42]" classname="se.redmind.rmtest.selenium.example.RandomClass4(20150107-080018)" time="1.9527742">
	<failure type="java.lang.AssertionError:">java.lang.AssertionError: null
		at org.junit.Assert.fail(Assert.java:86)
		at org.junit.Assert.assertTrue(Assert.java:41)
		at org.junit.Assert.assertTrue(Assert.java:52)
		at se.redmind.rmtest.selenium.example.CreateRandomRes3.random14(CreateRandomRes3.java:128)
	</failure>
</testcase>
<testcase name="random2[IOS_4_iPhone 3Gs_explorer_10]" classname="se.redmind.rmtest.selenium.example.RandomClass4(20150107-080018)" time="1.4359581">
	<error type="java.lang.AssertionError:">java.lang.AssertionError: null
		at org.junit.Assert.fail(Assert.java:86)
		at org.junit.Assert.assertTrue(Assert.java:41)
		at org.junit.Assert.assertTrue(Assert.java:52)
		at se.redmind.rmtest.selenium.example.CreateRandomRes3.random14(CreateRandomRes3.java:128)
	</error>
</testcase>
<testcase name="random2[IOS_4_iPhone 3Gs_opera_15]" classname="se.redmind.rmtest.selenium.example.RandomClass4(20150107-080018)" time="0.10036874">
	<failure type="java.lang.AssertionError:">java.lang.AssertionError: null
		at org.junit.Assert.fail(Assert.java:86)
		at org.junit.Assert.assertTrue(Assert.java:41)
		at org.junit.Assert.assertTrue(Assert.java:52)
		at se.redmind.rmtest.selenium.example.CreateRandomRes3.random14(CreateRandomRes3.java:128)
	</failure>
</testcase>
<testcase name="random2[OSX_10.9.5_UNKNOWN_firefox_31]" classname="se.redmind.rmtest.selenium.example.RandomClass4(20150107-080018)" time="0.041347146">
	<failure type="java.lang.AssertionError:">java.lang.AssertionError: null
		at org.junit.Assert.fail(Assert.java:86)
		at org.junit.Assert.assertTrue(Assert.java:41)
		at org.junit.Assert.assertTrue(Assert.java:52)
		at se.redmind.rmtest.selenium.example.CreateRandomRes3.random14(CreateRandomRes3.java:128)
	</failure>
</testcase>
<testcase name="random2[OSX_10.9.5_UNKNOWN_chrome_42]" classname="se.redmind.rmtest.selenium.example.RandomClass4(20150107-080018)" time="1.5310551">
	<failure type="java.lang.AssertionError:">java.lang.AssertionError: null
		at org.junit.Assert.fail(Assert.java:86)
		at org.junit.Assert.assertTrue(Assert.java:41)
		at org.junit.Assert.assertTrue(Assert.java:52)
		at se.redmind.rmtest.selenium.example.CreateRandomRes3.random14(CreateRandomRes3.java:128)
	</failure>
</testcase>
<testcase name="random2[OSX_10.9.5_UNKNOWN_explorer_10]" classname="se.redmind.rmtest.selenium.example.RandomClass4(20150107-080018)" time="1.3459975">
	<failure type="java.lang.AssertionError:">java.lang.AssertionError: null
		at org.junit.Assert.fail(Assert.java:86)
		at org.junit.Assert.assertTrue(Assert.java:41)
		at org.junit.Assert.assertTrue(Assert.java:52)
		at se.redmind.rmtest.selenium.example.CreateRandomRes3.random14(CreateRandomRes3.java:128)
	</failure>
</testcase>
<testcase name="random2[OSX_10.9.5_UNKNOWN_opera_15]" classname="se.redmind.rmtest.selenium.example.RandomClass4(20150107-080018)" time="1.2618084">
	<failure type="java.lang.AssertionError:">java.lang.AssertionError: null
		at org.junit.Assert.fail(Assert.java:86)
		at org.junit.Assert.assertTrue(Assert.java:41)
		at org.junit.Assert.assertTrue(Assert.java:52)
		at se.redmind.rmtest.selenium.example.CreateRandomRes3.random14(CreateRandomRes3.java:128)
	</failure>
</testcase>
<testcase name="random2[Windows_8.1_UNKNOWN_firefox_31]" classname="se.redmind.rmtest.selenium.example.RandomClass4(20150107-080018)" time="1.6430036"/>
<testcase name="random2[Windows_8.1_UNKNOWN_chrome_42]" classname="se.redmind.rmtest.selenium.example.RandomClass4(20150107-080018)" time="1.9439609">
	<failure type="java.lang.AssertionError:">java.lang.AssertionError: null
		at org.junit.Assert.fail(Assert.java:86)
		at org.junit.Assert.assertTrue(Assert.java:41)
		at org.junit.Assert.assertTrue(Assert.java:52)
		at se.redmind.rmtest.selenium.example.CreateRandomRes3.random14(CreateRandomRes3.java:128)
	</failure>
</testcase>
<testcase name="random2[Windows_8.1_UNKNOWN_explorer_10]" classname="se.redmind.rmtest.selenium.example.RandomClass4(20150107-080018)" time="1.599207"/>
<testcase name="random2[Windows_8.1_UNKNOWN_opera_15]" classname="se.redmind.rmtest.selenium.example.RandomClass4(20150107-080018)" time="1.0759449">
	<failure type="java.lang.AssertionError:">java.lang.AssertionError: null
		at org.junit.Assert.fail(Assert.java:86)
		at org.junit.Assert.assertTrue(Assert.java:41)
		at org.junit.Assert.assertTrue(Assert.java:52)
		at se.redmind.rmtest.selenium.example.CreateRandomRes3.random14(CreateRandomRes3.java:128)
	</failure>
</testcase>
<testcase name="random2[Ubuntu_14.04_UNKNOWN_firefox_31]" classname="se.redmind.rmtest.selenium.example.RandomClass4(20150107-080018)" time="1.3121868"/>
<testcase name="random2[Ubuntu_14.04_UNKNOWN_chrome_42]" classname="se.redmind.rmtest.selenium.example.RandomClass4(20150107-080018)" time="0.51050246">
	<failure type="java.lang.AssertionError:">java.lang.AssertionError: null
		at org.junit.Assert.fail(Assert.java:86)
		at org.junit.Assert.assertTrue(Assert.java:41)
		at org.junit.Assert.assertTrue(Assert.java:52)
		at se.redmind.rmtest.selenium.example.CreateRandomRes3.random14(CreateRandomRes3.java:128)
	</failure>
</testcase>
<testcase name="random2[Ubuntu_14.04_UNKNOWN_explorer_10]" classname="se.redmind.rmtest.selenium.example.RandomClass4(20150107-080018)" time="0.50866807">
	<failure type="java.lang.AssertionError:">java.lang.AssertionError: null
		at org.junit.Assert.fail(Assert.java:86)
		at org.junit.Assert.assertTrue(Assert.java:41)
		at org.junit.Assert.assertTrue(Assert.java:52)
		at se.redmind.rmtest.selenium.example.CreateRandomRes3.random14(CreateRandomRes3.java:128)
	</failure>
</testcase>
<testcase name="random2[Ubuntu_14.04_UNKNOWN_opera_15]" classname="se.redmind.rmtest.selenium.example.RandomClass4(20150107-080018)" time="0.25859094"/>
<testcase name="random3[Android_4.4.4_HTC ONE_firefox_31]" classname="se.redmind.rmtest.selenium.example.RandomClass4(20150107-080018)" time="1.2438399"/>
<testcase name="random3[Android_4.4.4_HTC ONE_chrome_42]" classname="se.redmind.rmtest.selenium.example.RandomClass4(20150107-080018)" time="1.3334414">
	<failure type="java.lang.AssertionError:">java.lang.AssertionError: null
		at org.junit.Assert.fail(Assert.java:86)
		at org.junit.Assert.assertTrue(Assert.java:41)
		at org.junit.Assert.assertTrue(Assert.java:52)
		at se.redmind.rmtest.selenium.example.CreateRandomRes3.random14(CreateRandomRes3.java:128)
	</failure>
</testcase>
<testcase name="random3[Android_4.4.4_HTC ONE_explorer_10]" classname="se.redmind.rmtest.selenium.example.RandomClass4(20150107-080018)" time="1.3340129"/>
<testcase name="random3[Android_4.4.4_HTC ONE_opera_15]" classname="se.redmind.rmtest.selenium.example.RandomClass4(20150107-080018)" time="0.5659362">
	<failure type="java.lang.AssertionError:">java.lang.AssertionError: null
		at org.junit.Assert.fail(Assert.java:86)
		at org.junit.Assert.assertTrue(Assert.java:41)
		at org.junit.Assert.assertTrue(Assert.java:52)
		at se.redmind.rmtest.selenium.example.CreateRandomRes3.random14(CreateRandomRes3.java:128)
	</failure>
</testcase>
<testcase name="random3[Android_5.1_Nexus 6_firefox_31]" classname="se.redmind.rmtest.selenium.example.RandomClass4(20150107-080018)" time="1.9309442">
	<failure type="java.lang.AssertionError:">java.lang.AssertionError: null
		at org.junit.Assert.fail(Assert.java:86)
		at org.junit.Assert.assertTrue(Assert.java:41)
		at org.junit.Assert.assertTrue(Assert.java:52)
		at se.redmind.rmtest.selenium.example.CreateRandomRes3.random14(CreateRandomRes3.java:128)
	</failure>
</testcase>
<testcase name="random3[Android_5.1_Nexus 6_chrome_42]" classname="se.redmind.rmtest.selenium.example.RandomClass4(20150107-080018)" time="0.96400714"/>
<testcase name="random3[Android_5.1_Nexus 6_explorer_10]" classname="se.redmind.rmtest.selenium.example.RandomClass4(20150107-080018)" time="0.6167389"/>
<testcase name="random3[Android_5.1_Nexus 6_opera_15]" classname="se.redmind.rmtest.selenium.example.RandomClass4(20150107-080018)" time="0.51351595">
	<failure type="java.lang.AssertionError:">java.lang.AssertionError: null
		at org.junit.Assert.fail(Assert.java:86)
		at org.junit.Assert.assertTrue(Assert.java:41)
		at org.junit.Assert.assertTrue(Assert.java:52)
		at se.redmind.rmtest.selenium.example.CreateRandomRes3.random14(CreateRandomRes3.java:128)
	</failure>
</testcase>
<testcase name="random3[Android_2.3_VeiVei_firefox_31]" classname="se.redmind.rmtest.selenium.example.RandomClass4(20150107-080018)" time="1.0742022"/>
<testcase name="random3[Android_2.3_VeiVei_chrome_42]" classname="se.redmind.rmtest.selenium.example.RandomClass4(20150107-080018)" time="0.10700011">
	<failure type="java.lang.AssertionError:">java.lang.AssertionError: null
		at org.junit.Assert.fail(Assert.java:86)
		at org.junit.Assert.assertTrue(Assert.java:41)
		at org.junit.Assert.assertTrue(Assert.java:52)
		at se.redmind.rmtest.selenium.example.CreateRandomRes3.random14(CreateRandomRes3.java:128)
	</failure>
</testcase>
<testcase name="random3[Android_2.3_VeiVei_explorer_10]" classname="se.redmind.rmtest.selenium.example.RandomClass4(20150107-080018)" time="0.9251851">
	<failure type="java.lang.AssertionError:">java.lang.AssertionError: null
		at org.junit.Assert.fail(Assert.java:86)
		at org.junit.Assert.assertTrue(Assert.java:41)
		at org.junit.Assert.assertTrue(Assert.java:52)
		at se.redmind.rmtest.selenium.example.CreateRandomRes3.random14(CreateRandomRes3.java:128)
	</failure>
</testcase>
<testcase name="random3[Android_2.3_VeiVei_opera_15]" classname="se.redmind.rmtest.selenium.example.RandomClass4(20150107-080018)" time="1.4696871">
	<failure type="java.lang.AssertionError:">java.lang.AssertionError: null
		at org.junit.Assert.fail(Assert.java:86)
		at org.junit.Assert.assertTrue(Assert.java:41)
		at org.junit.Assert.assertTrue(Assert.java:52)
		at se.redmind.rmtest.selenium.example.CreateRandomRes3.random14(CreateRandomRes3.java:128)
	</failure>
</testcase>
<testcase name="random3[Android_4.4.4_Sony Experia Z3_firefox_31]" classname="se.redmind.rmtest.selenium.example.RandomClass4(20150107-080018)" time="1.9248738"/>
<testcase name="random3[Android_4.4.4_Sony Experia Z3_chrome_42]" classname="se.redmind.rmtest.selenium.example.RandomClass4(20150107-080018)" time="1.6150537"/>
<testcase name="random3[Android_4.4.4_Sony Experia Z3_explorer_10]" classname="se.redmind.rmtest.selenium.example.RandomClass4(20150107-080018)" time="0.5764141">
	<failure type="java.lang.AssertionError:">java.lang.AssertionError: null
		at org.junit.Assert.fail(Assert.java:86)
		at org.junit.Assert.assertTrue(Assert.java:41)
		at org.junit.Assert.assertTrue(Assert.java:52)
		at se.redmind.rmtest.selenium.example.CreateRandomRes3.random14(CreateRandomRes3.java:128)
	</failure>
</testcase>
<testcase name="random3[Android_4.4.4_Sony Experia Z3_opera_15]" classname="se.redmind.rmtest.selenium.example.RandomClass4(20150107-080018)" time="1.3258702"/>
<testcase name="random3[IOS_8.2_iPhone 6_firefox_31]" classname="se.redmind.rmtest.selenium.example.RandomClass4(20150107-080018)" time="1.5623689">
	<failure type="java.lang.AssertionError:">java.lang.AssertionError: null
		at org.junit.Assert.fail(Assert.java:86)
		at org.junit.Assert.assertTrue(Assert.java:41)
		at org.junit.Assert.assertTrue(Assert.java:52)
		at se.redmind.rmtest.selenium.example.CreateRandomRes3.random14(CreateRandomRes3.java:128)
	</failure>
</testcase>
<testcase name="random3[IOS_8.2_iPhone 6_chrome_42]" classname="se.redmind.rmtest.selenium.example.RandomClass4(20150107-080018)" time="1.5532113"/>
<testcase name="random3[IOS_8.2_iPhone 6_explorer_10]" classname="se.redmind.rmtest.selenium.example.RandomClass4(20150107-080018)" time="0.75528157"/>
<testcase name="random3[IOS_8.2_iPhone 6_opera_15]" classname="se.redmind.rmtest.selenium.example.RandomClass4(20150107-080018)" time="1.6459937">
	<error type="java.lang.AssertionError:">java.lang.AssertionError: null
		at org.junit.Assert.fail(Assert.java:86)
		at org.junit.Assert.assertTrue(Assert.java:41)
		at org.junit.Assert.assertTrue(Assert.java:52)
		at se.redmind.rmtest.selenium.example.CreateRandomRes3.random14(CreateRandomRes3.java:128)
	</error>
</testcase>
<testcase name="random3[IOS_4_iPhone 3Gs_firefox_31]" classname="se.redmind.rmtest.selenium.example.RandomClass4(20150107-080018)" time="1.4391578">
<skipped/>
</testcase>
<testcase name="random3[IOS_4_iPhone 3Gs_firefox_31]" classname="se.redmind.rmtest.selenium.example.RandomClass4(20150107-080018)" time="0.46994233"/>
<testcase name="random3[IOS_4_iPhone 3Gs_chrome_42]" classname="se.redmind.rmtest.selenium.example.RandomClass4(20150107-080018)" time="1.8188933">
<skipped/>
</testcase>
<testcase name="random3[IOS_4_iPhone 3Gs_chrome_42]" classname="se.redmind.rmtest.selenium.example.RandomClass4(20150107-080018)" time="1.608509">
	<failure type="java.lang.AssertionError:">java.lang.AssertionError: null
		at org.junit.Assert.fail(Assert.java:86)
		at org.junit.Assert.assertTrue(Assert.java:41)
		at org.junit.Assert.assertTrue(Assert.java:52)
		at se.redmind.rmtest.selenium.example.CreateRandomRes3.random14(CreateRandomRes3.java:128)
	</failure>
</testcase>
<testcase name="random3[IOS_4_iPhone 3Gs_explorer_10]" classname="se.redmind.rmtest.selenium.example.RandomClass4(20150107-080018)" time="1.0001591">
<skipped/>
</testcase>
<testcase name="random3[IOS_4_iPhone 3Gs_explorer_10]" classname="se.redmind.rmtest.selenium.example.RandomClass4(20150107-080018)" time="1.4418586">
	<failure type="java.lang.AssertionError:">java.lang.AssertionError: null
		at org.junit.Assert.fail(Assert.java:86)
		at org.junit.Assert.assertTrue(Assert.java:41)
		at org.junit.Assert.assertTrue(Assert.java:52)
		at se.redmind.rmtest.selenium.example.CreateRandomRes3.random14(CreateRandomRes3.java:128)
	</failure>
</testcase>
<testcase name="random3[IOS_4_iPhone 3Gs_opera_15]" classname="se.redmind.rmtest.selenium.example.RandomClass4(20150107-080018)" time="1.3000354">
<skipped/>
</testcase>
<testcase name="random3[IOS_4_iPhone 3Gs_opera_15]" classname="se.redmind.rmtest.selenium.example.RandomClass4(20150107-080018)" time="1.1186445"/>
<testcase name="random3[OSX_10.9.5_UNKNOWN_firefox_31]" classname="se.redmind.rmtest.selenium.example.RandomClass4(20150107-080018)" time="0.53414357">
	<failure type="java.lang.AssertionError:">java.lang.AssertionError: null
		at org.junit.Assert.fail(Assert.java:86)
		at org.junit.Assert.assertTrue(Assert.java:41)
		at org.junit.Assert.assertTrue(Assert.java:52)
		at se.redmind.rmtest.selenium.example.CreateRandomRes3.random14(CreateRandomRes3.java:128)
	</failure>
</testcase>
<testcase name="random3[OSX_10.9.5_UNKNOWN_chrome_42]" classname="se.redmind.rmtest.selenium.example.RandomClass4(20150107-080018)" time="1.4576541">
	<failure type="java.lang.AssertionError:">java.lang.AssertionError: null
		at org.junit.Assert.fail(Assert.java:86)
		at org.junit.Assert.assertTrue(Assert.java:41)
		at org.junit.Assert.assertTrue(Assert.java:52)
		at se.redmind.rmtest.selenium.example.CreateRandomRes3.random14(CreateRandomRes3.java:128)
	</failure>
</testcase>
<testcase name="random3[OSX_10.9.5_UNKNOWN_explorer_10]" classname="se.redmind.rmtest.selenium.example.RandomClass4(20150107-080018)" time="1.5874919"/>
<testcase name="random3[OSX_10.9.5_UNKNOWN_opera_15]" classname="se.redmind.rmtest.selenium.example.RandomClass4(20150107-080018)" time="1.6929306">
	<failure type="java.lang.AssertionError:">java.lang.AssertionError: null
		at org.junit.Assert.fail(Assert.java:86)
		at org.junit.Assert.assertTrue(Assert.java:41)
		at org.junit.Assert.assertTrue(Assert.java:52)
		at se.redmind.rmtest.selenium.example.CreateRandomRes3.random14(CreateRandomRes3.java:128)
	</failure>
</testcase>
<testcase name="random3[Windows_8.1_UNKNOWN_firefox_31]" classname="se.redmind.rmtest.selenium.example.RandomClass4(20150107-080018)" time="1.6321741"/>
<testcase name="random3[Windows_8.1_UNKNOWN_chrome_42]" classname="se.redmind.rmtest.selenium.example.RandomClass4(20150107-080018)" time="1.4967847"/>
<testcase name="random3[Windows_8.1_UNKNOWN_explorer_10]" classname="se.redmind.rmtest.selenium.example.RandomClass4(20150107-080018)" time="0.5670186">
	<failure type="java.lang.AssertionError:">java.lang.AssertionError: null
		at org.junit.Assert.fail(Assert.java:86)
		at org.junit.Assert.assertTrue(Assert.java:41)
		at org.junit.Assert.assertTrue(Assert.java:52)
		at se.redmind.rmtest.selenium.example.CreateRandomRes3.random14(CreateRandomRes3.java:128)
	</failure>
</testcase>
<testcase name="random3[Windows_8.1_UNKNOWN_opera_15]" classname="se.redmind.rmtest.selenium.example.RandomClass4(20150107-080018)" time="0.56815016">
	<failure type="java.lang.AssertionError:">java.lang.AssertionError: null
		at org.junit.Assert.fail(Assert.java:86)
		at org.junit.Assert.assertTrue(Assert.java:41)
		at org.junit.Assert.assertTrue(Assert.java:52)
		at se.redmind.rmtest.selenium.example.CreateRandomRes3.random14(CreateRandomRes3.java:128)
	</failure>
</testcase>
<testcase name="random3[Ubuntu_14.04_UNKNOWN_firefox_31]" classname="se.redmind.rmtest.selenium.example.RandomClass4(20150107-080018)" time="1.7242465">
	<failure type="java.lang.AssertionError:">java.lang.AssertionError: null
		at org.junit.Assert.fail(Assert.java:86)
		at org.junit.Assert.assertTrue(Assert.java:41)
		at org.junit.Assert.assertTrue(Assert.java:52)
		at se.redmind.rmtest.selenium.example.CreateRandomRes3.random14(CreateRandomRes3.java:128)
	</failure>
</testcase>
<testcase name="random3[Ubuntu_14.04_UNKNOWN_chrome_42]" classname="se.redmind.rmtest.selenium.example.RandomClass4(20150107-080018)" time="1.1210767"/>
<testcase name="random3[Ubuntu_14.04_UNKNOWN_explorer_10]" classname="se.redmind.rmtest.selenium.example.RandomClass4(20150107-080018)" time="0.9339007">
	<failure type="java.lang.AssertionError:">java.lang.AssertionError: null
		at org.junit.Assert.fail(Assert.java:86)
		at org.junit.Assert.assertTrue(Assert.java:41)
		at org.junit.Assert.assertTrue(Assert.java:52)
		at se.redmind.rmtest.selenium.example.CreateRandomRes3.random14(CreateRandomRes3.java:128)
	</failure>
</testcase>
<testcase name="random3[Ubuntu_14.04_UNKNOWN_opera_15]" classname="se.redmind.rmtest.selenium.example.RandomClass4(20150107-080018)" time="1.1383952">
	<failure type="java.lang.AssertionError:">java.lang.AssertionError: null
		at org.junit.Assert.fail(Assert.java:86)
		at org.junit.Assert.assertTrue(Assert.java:41)
		at org.junit.Assert.assertTrue(Assert.java:52)
		at se.redmind.rmtest.selenium.example.CreateRandomRes3.random14(CreateRandomRes3.java:128)
	</failure>
</testcase>
<testcase name="random4[Android_4.4.4_HTC ONE_firefox_31]" classname="se.redmind.rmtest.selenium.example.RandomClass4(20150107-080018)" time="0.6537485"/>
<testcase name="random4[Android_4.4.4_HTC ONE_chrome_42]" classname="se.redmind.rmtest.selenium.example.RandomClass4(20150107-080018)" time="1.5265621"/>
<testcase name="random4[Android_4.4.4_HTC ONE_explorer_10]" classname="se.redmind.rmtest.selenium.example.RandomClass4(20150107-080018)" time="1.3210354">
	<failure type="java.lang.AssertionError:">java.lang.AssertionError: null
		at org.junit.Assert.fail(Assert.java:86)
		at org.junit.Assert.assertTrue(Assert.java:41)
		at org.junit.Assert.assertTrue(Assert.java:52)
		at se.redmind.rmtest.selenium.example.CreateRandomRes3.random14(CreateRandomRes3.java:128)
	</failure>
</testcase>
<testcase name="random4[Android_4.4.4_HTC ONE_opera_15]" classname="se.redmind.rmtest.selenium.example.RandomClass4(20150107-080018)" time="0.86703646">
	<failure type="java.lang.AssertionError:">java.lang.AssertionError: null
		at org.junit.Assert.fail(Assert.java:86)
		at org.junit.Assert.assertTrue(Assert.java:41)
		at org.junit.Assert.assertTrue(Assert.java:52)
		at se.redmind.rmtest.selenium.example.CreateRandomRes3.random14(CreateRandomRes3.java:128)
	</failure>
</testcase>
<testcase name="random4[Android_5.1_Nexus 6_firefox_31]" classname="se.redmind.rmtest.selenium.example.RandomClass4(20150107-080018)" time="1.2432734">
	<failure type="java.lang.AssertionError:">java.lang.AssertionError: null
		at org.junit.Assert.fail(Assert.java:86)
		at org.junit.Assert.assertTrue(Assert.java:41)
		at org.junit.Assert.assertTrue(Assert.java:52)
		at se.redmind.rmtest.selenium.example.CreateRandomRes3.random14(CreateRandomRes3.java:128)
	</failure>
</testcase>
<testcase name="random4[Android_5.1_Nexus 6_chrome_42]" classname="se.redmind.rmtest.selenium.example.RandomClass4(20150107-080018)" time="0.82497466"/>
<testcase name="random4[Android_5.1_Nexus 6_explorer_10]" classname="se.redmind.rmtest.selenium.example.RandomClass4(20150107-080018)" time="1.4573368"/>
<testcase name="random4[Android_5.1_Nexus 6_opera_15]" classname="se.redmind.rmtest.selenium.example.RandomClass4(20150107-080018)" time="0.59510195">
	<failure type="java.lang.AssertionError:">java.lang.AssertionError: null
		at org.junit.Assert.fail(Assert.java:86)
		at org.junit.Assert.assertTrue(Assert.java:41)
		at org.junit.Assert.assertTrue(Assert.java:52)
		at se.redmind.rmtest.selenium.example.CreateRandomRes3.random14(CreateRandomRes3.java:128)
	</failure>
</testcase>
<testcase name="random4[Android_2.3_VeiVei_firefox_31]" classname="se.redmind.rmtest.selenium.example.RandomClass4(20150107-080018)" time="0.47801363"/>
<testcase name="random4[Android_2.3_VeiVei_chrome_42]" classname="se.redmind.rmtest.selenium.example.RandomClass4(20150107-080018)" time="1.6469103"/>
<testcase name="random4[Android_2.3_VeiVei_explorer_10]" classname="se.redmind.rmtest.selenium.example.RandomClass4(20150107-080018)" time="0.37962472">
	<error type="java.lang.AssertionError:">java.lang.AssertionError: null
		at org.junit.Assert.fail(Assert.java:86)
		at org.junit.Assert.assertTrue(Assert.java:41)
		at org.junit.Assert.assertTrue(Assert.java:52)
		at se.redmind.rmtest.selenium.example.CreateRandomRes3.random14(CreateRandomRes3.java:128)
	</error>
</testcase>
<testcase name="random4[Android_2.3_VeiVei_opera_15]" classname="se.redmind.rmtest.selenium.example.RandomClass4(20150107-080018)" time="1.838751"/>
<testcase name="random4[Android_4.4.4_Sony Experia Z3_firefox_31]" classname="se.redmind.rmtest.selenium.example.RandomClass4(20150107-080018)" time="0.5700413">
	<failure type="java.lang.AssertionError:">java.lang.AssertionError: null
		at org.junit.Assert.fail(Assert.java:86)
		at org.junit.Assert.assertTrue(Assert.java:41)
		at org.junit.Assert.assertTrue(Assert.java:52)
		at se.redmind.rmtest.selenium.example.CreateRandomRes3.random14(CreateRandomRes3.java:128)
	</failure>
</testcase>
<testcase name="random4[Android_4.4.4_Sony Experia Z3_chrome_42]" classname="se.redmind.rmtest.selenium.example.RandomClass4(20150107-080018)" time="0.71661735"/>
<testcase name="random4[Android_4.4.4_Sony Experia Z3_explorer_10]" classname="se.redmind.rmtest.selenium.example.RandomClass4(20150107-080018)" time="1.1704888"/>
<testcase name="random4[Android_4.4.4_Sony Experia Z3_opera_15]" classname="se.redmind.rmtest.selenium.example.RandomClass4(20150107-080018)" time="1.6505677"/>
<testcase name="random4[IOS_8.2_iPhone 6_firefox_31]" classname="se.redmind.rmtest.selenium.example.RandomClass4(20150107-080018)" time="0.7773893"/>
<testcase name="random4[IOS_8.2_iPhone 6_chrome_42]" classname="se.redmind.rmtest.selenium.example.RandomClass4(20150107-080018)" time="1.5199726"/>
<testcase name="random4[IOS_8.2_iPhone 6_explorer_10]" classname="se.redmind.rmtest.selenium.example.RandomClass4(20150107-080018)" time="0.5186678">
	<failure type="java.lang.AssertionError:">java.lang.AssertionError: null
		at org.junit.Assert.fail(Assert.java:86)
		at org.junit.Assert.assertTrue(Assert.java:41)
		at org.junit.Assert.assertTrue(Assert.java:52)
		at se.redmind.rmtest.selenium.example.CreateRandomRes3.random14(CreateRandomRes3.java:128)
	</failure>
</testcase>
<testcase name="random4[IOS_8.2_iPhone 6_opera_15]" classname="se.redmind.rmtest.selenium.example.RandomClass4(20150107-080018)" time="1.5281695"/>
<testcase name="random4[IOS_4_iPhone 3Gs_firefox_31]" classname="se.redmind.rmtest.selenium.example.RandomClass4(20150107-080018)" time="0.1669277">
	<failure type="java.lang.AssertionError:">java.lang.AssertionError: null
		at org.junit.Assert.fail(Assert.java:86)
		at org.junit.Assert.assertTrue(Assert.java:41)
		at org.junit.Assert.assertTrue(Assert.java:52)
		at se.redmind.rmtest.selenium.example.CreateRandomRes3.random14(CreateRandomRes3.java:128)
	</failure>
</testcase>
<testcase name="random4[IOS_4_iPhone 3Gs_chrome_42]" classname="se.redmind.rmtest.selenium.example.RandomClass4(20150107-080018)" time="0.40880108"/>
<testcase name="random4[IOS_4_iPhone 3Gs_explorer_10]" classname="se.redmind.rmtest.selenium.example.RandomClass4(20150107-080018)" time="1.7216984"/>
<testcase name="random4[IOS_4_iPhone 3Gs_opera_15]" classname="se.redmind.rmtest.selenium.example.RandomClass4(20150107-080018)" time="0.600839"/>
<testcase name="random4[OSX_10.9.5_UNKNOWN_firefox_31]" classname="se.redmind.rmtest.selenium.example.RandomClass4(20150107-080018)" time="0.804785"/>
<testcase name="random4[OSX_10.9.5_UNKNOWN_chrome_42]" classname="se.redmind.rmtest.selenium.example.RandomClass4(20150107-080018)" time="0.15140557"/>
<testcase name="random4[OSX_10.9.5_UNKNOWN_explorer_10]" classname="se.redmind.rmtest.selenium.example.RandomClass4(20150107-080018)" time="0.65758276">
	<failure type="java.lang.AssertionError:">java.lang.AssertionError: null
		at org.junit.Assert.fail(Assert.java:86)
		at org.junit.Assert.assertTrue(Assert.java:41)
		at org.junit.Assert.assertTrue(Assert.java:52)
		at se.redmind.rmtest.selenium.example.CreateRandomRes3.random14(CreateRandomRes3.java:128)
	</failure>
</testcase>
<testcase name="random4[OSX_10.9.5_UNKNOWN_opera_15]" classname="se.redmind.rmtest.selenium.example.RandomClass4(20150107-080018)" time="0.573504">
	<failure type="java.lang.AssertionError:">java.lang.AssertionError: null
		at org.junit.Assert.fail(Assert.java:86)
		at org.junit.Assert.assertTrue(Assert.java:41)
		at org.junit.Assert.assertTrue(Assert.java:52)
		at se.redmind.rmtest.selenium.example.CreateRandomRes3.random14(CreateRandomRes3.java:128)
	</failure>
</testcase>
<testcase name="random4[Windows_8.1_UNKNOWN_firefox_31]" classname="se.redmind.rmtest.selenium.example.RandomClass4(20150107-080018)" time="1.0306538">
	<failure type="java.lang.AssertionError:">java.lang.AssertionError: null
		at org.junit.Assert.fail(Assert.java:86)
		at org.junit.Assert.assertTrue(Assert.java:41)
		at org.junit.Assert.assertTrue(Assert.java:52)
		at se.redmind.rmtest.selenium.example.CreateRandomRes3.random14(CreateRandomRes3.java:128)
	</failure>
</testcase>
<testcase name="random4[Windows_8.1_UNKNOWN_chrome_42]" classname="se.redmind.rmtest.selenium.example.RandomClass4(20150107-080018)" time="1.8825659">
	<failure type="java.lang.AssertionError:">java.lang.AssertionError: null
		at org.junit.Assert.fail(Assert.java:86)
		at org.junit.Assert.assertTrue(Assert.java:41)
		at org.junit.Assert.assertTrue(Assert.java:52)
		at se.redmind.rmtest.selenium.example.CreateRandomRes3.random14(CreateRandomRes3.java:128)
	</failure>
</testcase>
<testcase name="random4[Windows_8.1_UNKNOWN_explorer_10]" classname="se.redmind.rmtest.selenium.example.RandomClass4(20150107-080018)" time="1.4051099">
	<failure type="java.lang.AssertionError:">java.lang.AssertionError: null
		at org.junit.Assert.fail(Assert.java:86)
		at org.junit.Assert.assertTrue(Assert.java:41)
		at org.junit.Assert.assertTrue(Assert.java:52)
		at se.redmind.rmtest.selenium.example.CreateRandomRes3.random14(CreateRandomRes3.java:128)
	</failure>
</testcase>
<testcase name="random4[Windows_8.1_UNKNOWN_opera_15]" classname="se.redmind.rmtest.selenium.example.RandomClass4(20150107-080018)" time="0.70637643"/>
<testcase name="random4[Ubuntu_14.04_UNKNOWN_firefox_31]" classname="se.redmind.rmtest.selenium.example.RandomClass4(20150107-080018)" time="1.162819"/>
<testcase name="random4[Ubuntu_14.04_UNKNOWN_chrome_42]" classname="se.redmind.rmtest.selenium.example.RandomClass4(20150107-080018)" time="0.9798734">
	<failure type="java.lang.AssertionError:">java.lang.AssertionError: null
		at org.junit.Assert.fail(Assert.java:86)
		at org.junit.Assert.assertTrue(Assert.java:41)
		at org.junit.Assert.assertTrue(Assert.java:52)
		at se.redmind.rmtest.selenium.example.CreateRandomRes3.random14(CreateRandomRes3.java:128)
	</failure>
</testcase>
<testcase name="random4[Ubuntu_14.04_UNKNOWN_explorer_10]" classname="se.redmind.rmtest.selenium.example.RandomClass4(20150107-080018)" time="1.5130619"/>
<testcase name="random4[Ubuntu_14.04_UNKNOWN_opera_15]" classname="se.redmind.rmtest.selenium.example.RandomClass4(20150107-080018)" time="1.8444867">
	<failure type="java.lang.AssertionError:">java.lang.AssertionError: null
		at org.junit.Assert.fail(Assert.java:86)
		at org.junit.Assert.assertTrue(Assert.java:41)
		at org.junit.Assert.assertTrue(Assert.java:52)
		at se.redmind.rmtest.selenium.example.CreateRandomRes3.random14(CreateRandomRes3.java:128)
	</failure>
</testcase>
<testcase name="random1[Android_5.1_Nexus 6_firefox_31]" classname="se.redmind.rmtest.selenium.example.RandomClass5(20150107-080018)" time="1.1871737">
	<failure type="java.lang.AssertionError:">java.lang.AssertionError: null
		at org.junit.Assert.fail(Assert.java:86)
		at org.junit.Assert.assertTrue(Assert.java:41)
		at org.junit.Assert.assertTrue(Assert.java:52)
		at se.redmind.rmtest.selenium.example.CreateRandomRes3.random14(CreateRandomRes3.java:128)
	</failure>
</testcase>
<testcase name="random1[Android_5.1_Nexus 6_chrome_42]" classname="se.redmind.rmtest.selenium.example.RandomClass5(20150107-080018)" time="1.9823855">
	<failure type="java.lang.AssertionError:">java.lang.AssertionError: null
		at org.junit.Assert.fail(Assert.java:86)
		at org.junit.Assert.assertTrue(Assert.java:41)
		at org.junit.Assert.assertTrue(Assert.java:52)
		at se.redmind.rmtest.selenium.example.CreateRandomRes3.random14(CreateRandomRes3.java:128)
	</failure>
</testcase>
<testcase name="random1[Android_5.1_Nexus 6_explorer_10]" classname="se.redmind.rmtest.selenium.example.RandomClass5(20150107-080018)" time="1.031961"/>
<testcase name="random1[Android_5.1_Nexus 6_opera_15]" classname="se.redmind.rmtest.selenium.example.RandomClass5(20150107-080018)" time="0.17227268"/>
<testcase name="random1[IOS_8.2_iPhone 6_firefox_31]" classname="se.redmind.rmtest.selenium.example.RandomClass5(20150107-080018)" time="1.1839538"/>
<testcase name="random1[IOS_8.2_iPhone 6_chrome_42]" classname="se.redmind.rmtest.selenium.example.RandomClass5(20150107-080018)" time="0.08791983"/>
<testcase name="random1[IOS_8.2_iPhone 6_explorer_10]" classname="se.redmind.rmtest.selenium.example.RandomClass5(20150107-080018)" time="0.89168227">
	<failure type="java.lang.AssertionError:">java.lang.AssertionError: null
		at org.junit.Assert.fail(Assert.java:86)
		at org.junit.Assert.assertTrue(Assert.java:41)
		at org.junit.Assert.assertTrue(Assert.java:52)
		at se.redmind.rmtest.selenium.example.CreateRandomRes3.random14(CreateRandomRes3.java:128)
	</failure>
</testcase>
<testcase name="random1[IOS_8.2_iPhone 6_opera_15]" classname="se.redmind.rmtest.selenium.example.RandomClass5(20150107-080018)" time="1.5726985">
	<error type="java.lang.AssertionError:">java.lang.AssertionError: null
		at org.junit.Assert.fail(Assert.java:86)
		at org.junit.Assert.assertTrue(Assert.java:41)
		at org.junit.Assert.assertTrue(Assert.java:52)
		at se.redmind.rmtest.selenium.example.CreateRandomRes3.random14(CreateRandomRes3.java:128)
	</error>
</testcase>
<testcase name="random1[IOS_4_iPhone 3Gs_firefox_31]" classname="se.redmind.rmtest.selenium.example.RandomClass5(20150107-080018)" time="0.8977474"/>
<testcase name="random1[IOS_4_iPhone 3Gs_chrome_42]" classname="se.redmind.rmtest.selenium.example.RandomClass5(20150107-080018)" time="0.77268267"/>
<testcase name="random1[IOS_4_iPhone 3Gs_explorer_10]" classname="se.redmind.rmtest.selenium.example.RandomClass5(20150107-080018)" time="0.44359994"/>
<testcase name="random1[IOS_4_iPhone 3Gs_opera_15]" classname="se.redmind.rmtest.selenium.example.RandomClass5(20150107-080018)" time="0.5944468"/>
<testcase name="random1[OSX_10.9.5_UNKNOWN_firefox_31]" classname="se.redmind.rmtest.selenium.example.RandomClass5(20150107-080018)" time="0.8060676"/>
<testcase name="random1[OSX_10.9.5_UNKNOWN_chrome_42]" classname="se.redmind.rmtest.selenium.example.RandomClass5(20150107-080018)" time="1.0448087">
	<failure type="java.lang.AssertionError:">java.lang.AssertionError: null
		at org.junit.Assert.fail(Assert.java:86)
		at org.junit.Assert.assertTrue(Assert.java:41)
		at org.junit.Assert.assertTrue(Assert.java:52)
		at se.redmind.rmtest.selenium.example.CreateRandomRes3.random14(CreateRandomRes3.java:128)
	</failure>
</testcase>
<testcase name="random1[OSX_10.9.5_UNKNOWN_explorer_10]" classname="se.redmind.rmtest.selenium.example.RandomClass5(20150107-080018)" time="0.324826">
	<failure type="java.lang.AssertionError:">java.lang.AssertionError: null
		at org.junit.Assert.fail(Assert.java:86)
		at org.junit.Assert.assertTrue(Assert.java:41)
		at org.junit.Assert.assertTrue(Assert.java:52)
		at se.redmind.rmtest.selenium.example.CreateRandomRes3.random14(CreateRandomRes3.java:128)
	</failure>
</testcase>
<testcase name="random1[OSX_10.9.5_UNKNOWN_opera_15]" classname="se.redmind.rmtest.selenium.example.RandomClass5(20150107-080018)" time="0.6620405"/>
<testcase name="random1[Windows_8.1_UNKNOWN_firefox_31]" classname="se.redmind.rmtest.selenium.example.RandomClass5(20150107-080018)" time="0.3650527">
	<error type="java.lang.AssertionError:">java.lang.AssertionError: null
		at org.junit.Assert.fail(Assert.java:86)
		at org.junit.Assert.assertTrue(Assert.java:41)
		at org.junit.Assert.assertTrue(Assert.java:52)
		at se.redmind.rmtest.selenium.example.CreateRandomRes3.random14(CreateRandomRes3.java:128)
	</error>
</testcase>
<testcase name="random1[Windows_8.1_UNKNOWN_chrome_42]" classname="se.redmind.rmtest.selenium.example.RandomClass5(20150107-080018)" time="0.9307581">
	<failure type="java.lang.AssertionError:">java.lang.AssertionError: null
		at org.junit.Assert.fail(Assert.java:86)
		at org.junit.Assert.assertTrue(Assert.java:41)
		at org.junit.Assert.assertTrue(Assert.java:52)
		at se.redmind.rmtest.selenium.example.CreateRandomRes3.random14(CreateRandomRes3.java:128)
	</failure>
</testcase>
<testcase name="random1[Windows_8.1_UNKNOWN_explorer_10]" classname="se.redmind.rmtest.selenium.example.RandomClass5(20150107-080018)" time="1.3372351">
	<failure type="java.lang.AssertionError:">java.lang.AssertionError: null
		at org.junit.Assert.fail(Assert.java:86)
		at org.junit.Assert.assertTrue(Assert.java:41)
		at org.junit.Assert.assertTrue(Assert.java:52)
		at se.redmind.rmtest.selenium.example.CreateRandomRes3.random14(CreateRandomRes3.java:128)
	</failure>
</testcase>
<testcase name="random1[Windows_8.1_UNKNOWN_opera_15]" classname="se.redmind.rmtest.selenium.example.RandomClass5(20150107-080018)" time="1.6812519">
	<failure type="java.lang.AssertionError:">java.lang.AssertionError: null
		at org.junit.Assert.fail(Assert.java:86)
		at org.junit.Assert.assertTrue(Assert.java:41)
		at org.junit.Assert.assertTrue(Assert.java:52)
		at se.redmind.rmtest.selenium.example.CreateRandomRes3.random14(CreateRandomRes3.java:128)
	</failure>
</testcase>
<testcase name="random1[Windows_10_UNKNOWN_firefox_31]" classname="se.redmind.rmtest.selenium.example.RandomClass5(20150107-080018)" time="1.2054936"/>
<testcase name="random1[Windows_10_UNKNOWN_chrome_42]" classname="se.redmind.rmtest.selenium.example.RandomClass5(20150107-080018)" time="1.732853">
	<failure type="java.lang.AssertionError:">java.lang.AssertionError: null
		at org.junit.Assert.fail(Assert.java:86)
		at org.junit.Assert.assertTrue(Assert.java:41)
		at org.junit.Assert.assertTrue(Assert.java:52)
		at se.redmind.rmtest.selenium.example.CreateRandomRes3.random14(CreateRandomRes3.java:128)
	</failure>
</testcase>
<testcase name="random1[Windows_10_UNKNOWN_explorer_10]" classname="se.redmind.rmtest.selenium.example.RandomClass5(20150107-080018)" time="0.24747968"/>
<testcase name="random1[Windows_10_UNKNOWN_opera_15]" classname="se.redmind.rmtest.selenium.example.RandomClass5(20150107-080018)" time="0.7002473">
	<failure type="java.lang.AssertionError:">java.lang.AssertionError: null
		at org.junit.Assert.fail(Assert.java:86)
		at org.junit.Assert.assertTrue(Assert.java:41)
		at org.junit.Assert.assertTrue(Assert.java:52)
		at se.redmind.rmtest.selenium.example.CreateRandomRes3.random14(CreateRandomRes3.java:128)
	</failure>
</testcase>
<testcase name="random1[Ubuntu_14.04_UNKNOWN_firefox_31]" classname="se.redmind.rmtest.selenium.example.RandomClass5(20150107-080018)" time="0.28983188">
	<error type="java.lang.AssertionError:">java.lang.AssertionError: null
		at org.junit.Assert.fail(Assert.java:86)
		at org.junit.Assert.assertTrue(Assert.java:41)
		at org.junit.Assert.assertTrue(Assert.java:52)
		at se.redmind.rmtest.selenium.example.CreateRandomRes3.random14(CreateRandomRes3.java:128)
	</error>
</testcase>
<testcase name="random1[Ubuntu_14.04_UNKNOWN_chrome_42]" classname="se.redmind.rmtest.selenium.example.RandomClass5(20150107-080018)" time="1.0790786"/>
<testcase name="random1[Ubuntu_14.04_UNKNOWN_explorer_10]" classname="se.redmind.rmtest.selenium.example.RandomClass5(20150107-080018)" time="1.6007408"/>
<testcase name="random1[Ubuntu_14.04_UNKNOWN_opera_15]" classname="se.redmind.rmtest.selenium.example.RandomClass5(20150107-080018)" time="1.6419634">
	<failure type="java.lang.AssertionError:">java.lang.AssertionError: null
		at org.junit.Assert.fail(Assert.java:86)
		at org.junit.Assert.assertTrue(Assert.java:41)
		at org.junit.Assert.assertTrue(Assert.java:52)
		at se.redmind.rmtest.selenium.example.CreateRandomRes3.random14(CreateRandomRes3.java:128)
	</failure>
</testcase>
<testcase name="random1[Ubuntu_12.10_UNKNOWN_firefox_31]" classname="se.redmind.rmtest.selenium.example.RandomClass5(20150107-080018)" time="0.7385324">
	<failure type="java.lang.AssertionError:">java.lang.AssertionError: null
		at org.junit.Assert.fail(Assert.java:86)
		at org.junit.Assert.assertTrue(Assert.java:41)
		at org.junit.Assert.assertTrue(Assert.java:52)
		at se.redmind.rmtest.selenium.example.CreateRandomRes3.random14(CreateRandomRes3.java:128)
	</failure>
</testcase>
<testcase name="random1[Ubuntu_12.10_UNKNOWN_chrome_42]" classname="se.redmind.rmtest.selenium.example.RandomClass5(20150107-080018)" time="0.527133"/>
<testcase name="random1[Ubuntu_12.10_UNKNOWN_explorer_10]" classname="se.redmind.rmtest.selenium.example.RandomClass5(20150107-080018)" time="0.031873465">
	<failure type="java.lang.AssertionError:">java.lang.AssertionError: null
		at org.junit.Assert.fail(Assert.java:86)
		at org.junit.Assert.assertTrue(Assert.java:41)
		at org.junit.Assert.assertTrue(Assert.java:52)
		at se.redmind.rmtest.selenium.example.CreateRandomRes3.random14(CreateRandomRes3.java:128)
	</failure>
</testcase>
<testcase name="random1[Ubuntu_12.10_UNKNOWN_opera_15]" classname="se.redmind.rmtest.selenium.example.RandomClass5(20150107-080018)" time="0.5558708"/>
<testcase name="random2[Android_5.1_Nexus 6_firefox_31]" classname="se.redmind.rmtest.selenium.example.RandomClass5(20150107-080018)" time="1.4756914">
	<failure type="java.lang.AssertionError:">java.lang.AssertionError: null
		at org.junit.Assert.fail(Assert.java:86)
		at org.junit.Assert.assertTrue(Assert.java:41)
		at org.junit.Assert.assertTrue(Assert.java:52)
		at se.redmind.rmtest.selenium.example.CreateRandomRes3.random14(CreateRandomRes3.java:128)
	</failure>
</testcase>
<testcase name="random2[Android_5.1_Nexus 6_chrome_42]" classname="se.redmind.rmtest.selenium.example.RandomClass5(20150107-080018)" time="1.1360295">
	<failure type="java.lang.AssertionError:">java.lang.AssertionError: null
		at org.junit.Assert.fail(Assert.java:86)
		at org.junit.Assert.assertTrue(Assert.java:41)
		at org.junit.Assert.assertTrue(Assert.java:52)
		at se.redmind.rmtest.selenium.example.CreateRandomRes3.random14(CreateRandomRes3.java:128)
	</failure>
</testcase>
<testcase name="random2[Android_5.1_Nexus 6_explorer_10]" classname="se.redmind.rmtest.selenium.example.RandomClass5(20150107-080018)" time="0.8453686"/>
<testcase name="random2[Android_5.1_Nexus 6_opera_15]" classname="se.redmind.rmtest.selenium.example.RandomClass5(20150107-080018)" time="1.1622884"/>
<testcase name="random2[IOS_8.2_iPhone 6_firefox_31]" classname="se.redmind.rmtest.selenium.example.RandomClass5(20150107-080018)" time="0.8831843">
	<failure type="java.lang.AssertionError:">java.lang.AssertionError: null
		at org.junit.Assert.fail(Assert.java:86)
		at org.junit.Assert.assertTrue(Assert.java:41)
		at org.junit.Assert.assertTrue(Assert.java:52)
		at se.redmind.rmtest.selenium.example.CreateRandomRes3.random14(CreateRandomRes3.java:128)
	</failure>
</testcase>
<testcase name="random2[IOS_8.2_iPhone 6_chrome_42]" classname="se.redmind.rmtest.selenium.example.RandomClass5(20150107-080018)" time="1.5150845"/>
<testcase name="random2[IOS_8.2_iPhone 6_explorer_10]" classname="se.redmind.rmtest.selenium.example.RandomClass5(20150107-080018)" time="0.12202585"/>
<testcase name="random2[IOS_8.2_iPhone 6_opera_15]" classname="se.redmind.rmtest.selenium.example.RandomClass5(20150107-080018)" time="1.0031501">
	<failure type="java.lang.AssertionError:">java.lang.AssertionError: null
		at org.junit.Assert.fail(Assert.java:86)
		at org.junit.Assert.assertTrue(Assert.java:41)
		at org.junit.Assert.assertTrue(Assert.java:52)
		at se.redmind.rmtest.selenium.example.CreateRandomRes3.random14(CreateRandomRes3.java:128)
	</failure>
</testcase>
<testcase name="random2[IOS_4_iPhone 3Gs_firefox_31]" classname="se.redmind.rmtest.selenium.example.RandomClass5(20150107-080018)" time="0.2225008">
	<failure type="java.lang.AssertionError:">java.lang.AssertionError: null
		at org.junit.Assert.fail(Assert.java:86)
		at org.junit.Assert.assertTrue(Assert.java:41)
		at org.junit.Assert.assertTrue(Assert.java:52)
		at se.redmind.rmtest.selenium.example.CreateRandomRes3.random14(CreateRandomRes3.java:128)
	</failure>
</testcase>
<testcase name="random2[IOS_4_iPhone 3Gs_chrome_42]" classname="se.redmind.rmtest.selenium.example.RandomClass5(20150107-080018)" time="1.3766166"/>
<testcase name="random2[IOS_4_iPhone 3Gs_explorer_10]" classname="se.redmind.rmtest.selenium.example.RandomClass5(20150107-080018)" time="1.9881202">
	<failure type="java.lang.AssertionError:">java.lang.AssertionError: null
		at org.junit.Assert.fail(Assert.java:86)
		at org.junit.Assert.assertTrue(Assert.java:41)
		at org.junit.Assert.assertTrue(Assert.java:52)
		at se.redmind.rmtest.selenium.example.CreateRandomRes3.random14(CreateRandomRes3.java:128)
	</failure>
</testcase>
<testcase name="random2[IOS_4_iPhone 3Gs_opera_15]" classname="se.redmind.rmtest.selenium.example.RandomClass5(20150107-080018)" time="1.0429212">
	<failure type="java.lang.AssertionError:">java.lang.AssertionError: null
		at org.junit.Assert.fail(Assert.java:86)
		at org.junit.Assert.assertTrue(Assert.java:41)
		at org.junit.Assert.assertTrue(Assert.java:52)
		at se.redmind.rmtest.selenium.example.CreateRandomRes3.random14(CreateRandomRes3.java:128)
	</failure>
</testcase>
<testcase name="random2[OSX_10.9.5_UNKNOWN_firefox_31]" classname="se.redmind.rmtest.selenium.example.RandomClass5(20150107-080018)" time="0.34833193">
	<failure type="java.lang.AssertionError:">java.lang.AssertionError: null
		at org.junit.Assert.fail(Assert.java:86)
		at org.junit.Assert.assertTrue(Assert.java:41)
		at org.junit.Assert.assertTrue(Assert.java:52)
		at se.redmind.rmtest.selenium.example.CreateRandomRes3.random14(CreateRandomRes3.java:128)
	</failure>
</testcase>
<testcase name="random2[OSX_10.9.5_UNKNOWN_chrome_42]" classname="se.redmind.rmtest.selenium.example.RandomClass5(20150107-080018)" time="0.469782"/>
<testcase name="random2[OSX_10.9.5_UNKNOWN_explorer_10]" classname="se.redmind.rmtest.selenium.example.RandomClass5(20150107-080018)" time="1.3422939">
	<failure type="java.lang.AssertionError:">java.lang.AssertionError: null
		at org.junit.Assert.fail(Assert.java:86)
		at org.junit.Assert.assertTrue(Assert.java:41)
		at org.junit.Assert.assertTrue(Assert.java:52)
		at se.redmind.rmtest.selenium.example.CreateRandomRes3.random14(CreateRandomRes3.java:128)
	</failure>
</testcase>
<testcase name="random2[OSX_10.9.5_UNKNOWN_opera_15]" classname="se.redmind.rmtest.selenium.example.RandomClass5(20150107-080018)" time="1.0552018">
	<failure type="java.lang.AssertionError:">java.lang.AssertionError: null
		at org.junit.Assert.fail(Assert.java:86)
		at org.junit.Assert.assertTrue(Assert.java:41)
		at org.junit.Assert.assertTrue(Assert.java:52)
		at se.redmind.rmtest.selenium.example.CreateRandomRes3.random14(CreateRandomRes3.java:128)
	</failure>
</testcase>
<testcase name="random2[Windows_8.1_UNKNOWN_firefox_31]" classname="se.redmind.rmtest.selenium.example.RandomClass5(20150107-080018)" time="0.6081648"/>
<testcase name="random2[Windows_8.1_UNKNOWN_chrome_42]" classname="se.redmind.rmtest.selenium.example.RandomClass5(20150107-080018)" time="1.6050254"/>
<testcase name="random2[Windows_8.1_UNKNOWN_explorer_10]" classname="se.redmind.rmtest.selenium.example.RandomClass5(20150107-080018)" time="0.5285944">
	<failure type="java.lang.AssertionError:">java.lang.AssertionError: null
		at org.junit.Assert.fail(Assert.java:86)
		at org.junit.Assert.assertTrue(Assert.java:41)
		at org.junit.Assert.assertTrue(Assert.java:52)
		at se.redmind.rmtest.selenium.example.CreateRandomRes3.random14(CreateRandomRes3.java:128)
	</failure>
</testcase>
<testcase name="random2[Windows_8.1_UNKNOWN_opera_15]" classname="se.redmind.rmtest.selenium.example.RandomClass5(20150107-080018)" time="0.38772547">
	<failure type="java.lang.AssertionError:">java.lang.AssertionError: null
		at org.junit.Assert.fail(Assert.java:86)
		at org.junit.Assert.assertTrue(Assert.java:41)
		at org.junit.Assert.assertTrue(Assert.java:52)
		at se.redmind.rmtest.selenium.example.CreateRandomRes3.random14(CreateRandomRes3.java:128)
	</failure>
</testcase>
<testcase name="random2[Windows_10_UNKNOWN_firefox_31]" classname="se.redmind.rmtest.selenium.example.RandomClass5(20150107-080018)" time="1.2976301"/>
<testcase name="random2[Windows_10_UNKNOWN_chrome_42]" classname="se.redmind.rmtest.selenium.example.RandomClass5(20150107-080018)" time="0.16379952">
	<failure type="java.lang.AssertionError:">java.lang.AssertionError: null
		at org.junit.Assert.fail(Assert.java:86)
		at org.junit.Assert.assertTrue(Assert.java:41)
		at org.junit.Assert.assertTrue(Assert.java:52)
		at se.redmind.rmtest.selenium.example.CreateRandomRes3.random14(CreateRandomRes3.java:128)
	</failure>
</testcase>
<testcase name="random2[Windows_10_UNKNOWN_explorer_10]" classname="se.redmind.rmtest.selenium.example.RandomClass5(20150107-080018)" time="0.10999727">
	<failure type="java.lang.AssertionError:">java.lang.AssertionError: null
		at org.junit.Assert.fail(Assert.java:86)
		at org.junit.Assert.assertTrue(Assert.java:41)
		at org.junit.Assert.assertTrue(Assert.java:52)
		at se.redmind.rmtest.selenium.example.CreateRandomRes3.random14(CreateRandomRes3.java:128)
	</failure>
</testcase>
<testcase name="random2[Windows_10_UNKNOWN_opera_15]" classname="se.redmind.rmtest.selenium.example.RandomClass5(20150107-080018)" time="0.6141473">
	<failure type="java.lang.AssertionError:">java.lang.AssertionError: null
		at org.junit.Assert.fail(Assert.java:86)
		at org.junit.Assert.assertTrue(Assert.java:41)
		at org.junit.Assert.assertTrue(Assert.java:52)
		at se.redmind.rmtest.selenium.example.CreateRandomRes3.random14(CreateRandomRes3.java:128)
	</failure>
</testcase>
<testcase name="random2[Ubuntu_14.04_UNKNOWN_firefox_31]" classname="se.redmind.rmtest.selenium.example.RandomClass5(20150107-080018)" time="1.9678563">
	<failure type="java.lang.AssertionError:">java.lang.AssertionError: null
		at org.junit.Assert.fail(Assert.java:86)
		at org.junit.Assert.assertTrue(Assert.java:41)
		at org.junit.Assert.assertTrue(Assert.java:52)
		at se.redmind.rmtest.selenium.example.CreateRandomRes3.random14(CreateRandomRes3.java:128)
	</failure>
</testcase>
<testcase name="random2[Ubuntu_14.04_UNKNOWN_chrome_42]" classname="se.redmind.rmtest.selenium.example.RandomClass5(20150107-080018)" time="1.836055"/>
<testcase name="random2[Ubuntu_14.04_UNKNOWN_explorer_10]" classname="se.redmind.rmtest.selenium.example.RandomClass5(20150107-080018)" time="0.7815281"/>
<testcase name="random2[Ubuntu_14.04_UNKNOWN_opera_15]" classname="se.redmind.rmtest.selenium.example.RandomClass5(20150107-080018)" time="0.8557484">
	<failure type="java.lang.AssertionError:">java.lang.AssertionError: null
		at org.junit.Assert.fail(Assert.java:86)
		at org.junit.Assert.assertTrue(Assert.java:41)
		at org.junit.Assert.assertTrue(Assert.java:52)
		at se.redmind.rmtest.selenium.example.CreateRandomRes3.random14(CreateRandomRes3.java:128)
	</failure>
</testcase>
<testcase name="random2[Ubuntu_12.10_UNKNOWN_firefox_31]" classname="se.redmind.rmtest.selenium.example.RandomClass5(20150107-080018)" time="1.2335564"/>
<testcase name="random2[Ubuntu_12.10_UNKNOWN_chrome_42]" classname="se.redmind.rmtest.selenium.example.RandomClass5(20150107-080018)" time="1.0646706">
	<failure type="java.lang.AssertionError:">java.lang.AssertionError: null
		at org.junit.Assert.fail(Assert.java:86)
		at org.junit.Assert.assertTrue(Assert.java:41)
		at org.junit.Assert.assertTrue(Assert.java:52)
		at se.redmind.rmtest.selenium.example.CreateRandomRes3.random14(CreateRandomRes3.java:128)
	</failure>
</testcase>
<testcase name="random2[Ubuntu_12.10_UNKNOWN_explorer_10]" classname="se.redmind.rmtest.selenium.example.RandomClass5(20150107-080018)" time="1.3642706">
	<failure type="java.lang.AssertionError:">java.lang.AssertionError: null
		at org.junit.Assert.fail(Assert.java:86)
		at org.junit.Assert.assertTrue(Assert.java:41)
		at org.junit.Assert.assertTrue(Assert.java:52)
		at se.redmind.rmtest.selenium.example.CreateRandomRes3.random14(CreateRandomRes3.java:128)
	</failure>
</testcase>
<testcase name="random2[Ubuntu_12.10_UNKNOWN_opera_15]" classname="se.redmind.rmtest.selenium.example.RandomClass5(20150107-080018)" time="1.1552877">
	<failure type="java.lang.AssertionError:">java.lang.AssertionError: null
		at org.junit.Assert.fail(Assert.java:86)
		at org.junit.Assert.assertTrue(Assert.java:41)
		at org.junit.Assert.assertTrue(Assert.java:52)
		at se.redmind.rmtest.selenium.example.CreateRandomRes3.random14(CreateRandomRes3.java:128)
	</failure>
</testcase>
<testcase name="random3[Android_5.1_Nexus 6_firefox_31]" classname="se.redmind.rmtest.selenium.example.RandomClass5(20150107-080018)" time="1.5748194">
	<failure type="java.lang.AssertionError:">java.lang.AssertionError: null
		at org.junit.Assert.fail(Assert.java:86)
		at org.junit.Assert.assertTrue(Assert.java:41)
		at org.junit.Assert.assertTrue(Assert.java:52)
		at se.redmind.rmtest.selenium.example.CreateRandomRes3.random14(CreateRandomRes3.java:128)
	</failure>
</testcase>
<testcase name="random3[Android_5.1_Nexus 6_chrome_42]" classname="se.redmind.rmtest.selenium.example.RandomClass5(20150107-080018)" time="0.16615248">
	<failure type="java.lang.AssertionError:">java.lang.AssertionError: null
		at org.junit.Assert.fail(Assert.java:86)
		at org.junit.Assert.assertTrue(Assert.java:41)
		at org.junit.Assert.assertTrue(Assert.java:52)
		at se.redmind.rmtest.selenium.example.CreateRandomRes3.random14(CreateRandomRes3.java:128)
	</failure>
</testcase>
<testcase name="random3[Android_5.1_Nexus 6_explorer_10]" classname="se.redmind.rmtest.selenium.example.RandomClass5(20150107-080018)" time="1.0839101"/>
<testcase name="random3[Android_5.1_Nexus 6_opera_15]" classname="se.redmind.rmtest.selenium.example.RandomClass5(20150107-080018)" time="0.39226842"/>
<testcase name="random3[IOS_8.2_iPhone 6_firefox_31]" classname="se.redmind.rmtest.selenium.example.RandomClass5(20150107-080018)" time="0.0776782"/>
<testcase name="random3[IOS_8.2_iPhone 6_chrome_42]" classname="se.redmind.rmtest.selenium.example.RandomClass5(20150107-080018)" time="1.4757094">
	<failure type="java.lang.AssertionError:">java.lang.AssertionError: null
		at org.junit.Assert.fail(Assert.java:86)
		at org.junit.Assert.assertTrue(Assert.java:41)
		at org.junit.Assert.assertTrue(Assert.java:52)
		at se.redmind.rmtest.selenium.example.CreateRandomRes3.random14(CreateRandomRes3.java:128)
	</failure>
</testcase>
<testcase name="random3[IOS_8.2_iPhone 6_explorer_10]" classname="se.redmind.rmtest.selenium.example.RandomClass5(20150107-080018)" time="0.147825">
	<failure type="java.lang.AssertionError:">java.lang.AssertionError: null
		at org.junit.Assert.fail(Assert.java:86)
		at org.junit.Assert.assertTrue(Assert.java:41)
		at org.junit.Assert.assertTrue(Assert.java:52)
		at se.redmind.rmtest.selenium.example.CreateRandomRes3.random14(CreateRandomRes3.java:128)
	</failure>
</testcase>
<testcase name="random3[IOS_8.2_iPhone 6_opera_15]" classname="se.redmind.rmtest.selenium.example.RandomClass5(20150107-080018)" time="0.3132478">
	<failure type="java.lang.AssertionError:">java.lang.AssertionError: null
		at org.junit.Assert.fail(Assert.java:86)
		at org.junit.Assert.assertTrue(Assert.java:41)
		at org.junit.Assert.assertTrue(Assert.java:52)
		at se.redmind.rmtest.selenium.example.CreateRandomRes3.random14(CreateRandomRes3.java:128)
	</failure>
</testcase>
<testcase name="random3[IOS_4_iPhone 3Gs_firefox_31]" classname="se.redmind.rmtest.selenium.example.RandomClass5(20150107-080018)" time="0.011430621">
<skipped/>
</testcase>
<testcase name="random3[IOS_4_iPhone 3Gs_firefox_31]" classname="se.redmind.rmtest.selenium.example.RandomClass5(20150107-080018)" time="1.4669222"/>
<testcase name="random3[IOS_4_iPhone 3Gs_chrome_42]" classname="se.redmind.rmtest.selenium.example.RandomClass5(20150107-080018)" time="0.26206005">
<skipped/>
</testcase>
<testcase name="random3[IOS_4_iPhone 3Gs_chrome_42]" classname="se.redmind.rmtest.selenium.example.RandomClass5(20150107-080018)" time="0.7133653"/>
<testcase name="random3[IOS_4_iPhone 3Gs_explorer_10]" classname="se.redmind.rmtest.selenium.example.RandomClass5(20150107-080018)" time="0.52387">
<skipped/>
</testcase>
<testcase name="random3[IOS_4_iPhone 3Gs_explorer_10]" classname="se.redmind.rmtest.selenium.example.RandomClass5(20150107-080018)" time="1.3302475">
	<failure type="java.lang.AssertionError:">java.lang.AssertionError: null
		at org.junit.Assert.fail(Assert.java:86)
		at org.junit.Assert.assertTrue(Assert.java:41)
		at org.junit.Assert.assertTrue(Assert.java:52)
		at se.redmind.rmtest.selenium.example.CreateRandomRes3.random14(CreateRandomRes3.java:128)
	</failure>
</testcase>
<testcase name="random3[IOS_4_iPhone 3Gs_opera_15]" classname="se.redmind.rmtest.selenium.example.RandomClass5(20150107-080018)" time="1.1864114">
<skipped/>
</testcase>
<testcase name="random3[IOS_4_iPhone 3Gs_opera_15]" classname="se.redmind.rmtest.selenium.example.RandomClass5(20150107-080018)" time="0.58183014"/>
<testcase name="random3[OSX_10.9.5_UNKNOWN_firefox_31]" classname="se.redmind.rmtest.selenium.example.RandomClass5(20150107-080018)" time="0.64635026">
	<failure type="java.lang.AssertionError:">java.lang.AssertionError: null
		at org.junit.Assert.fail(Assert.java:86)
		at org.junit.Assert.assertTrue(Assert.java:41)
		at org.junit.Assert.assertTrue(Assert.java:52)
		at se.redmind.rmtest.selenium.example.CreateRandomRes3.random14(CreateRandomRes3.java:128)
	</failure>
</testcase>
<testcase name="random3[OSX_10.9.5_UNKNOWN_chrome_42]" classname="se.redmind.rmtest.selenium.example.RandomClass5(20150107-080018)" time="0.13874936"/>
<testcase name="random3[OSX_10.9.5_UNKNOWN_explorer_10]" classname="se.redmind.rmtest.selenium.example.RandomClass5(20150107-080018)" time="0.8201555"/>
<testcase name="random3[OSX_10.9.5_UNKNOWN_opera_15]" classname="se.redmind.rmtest.selenium.example.RandomClass5(20150107-080018)" time="1.5323176">
	<error type="java.lang.AssertionError:">java.lang.AssertionError: null
		at org.junit.Assert.fail(Assert.java:86)
		at org.junit.Assert.assertTrue(Assert.java:41)
		at org.junit.Assert.assertTrue(Assert.java:52)
		at se.redmind.rmtest.selenium.example.CreateRandomRes3.random14(CreateRandomRes3.java:128)
	</error>
</testcase>
<testcase name="random3[Windows_8.1_UNKNOWN_firefox_31]" classname="se.redmind.rmtest.selenium.example.RandomClass5(20150107-080018)" time="0.67238235">
	<failure type="java.lang.AssertionError:">java.lang.AssertionError: null
		at org.junit.Assert.fail(Assert.java:86)
		at org.junit.Assert.assertTrue(Assert.java:41)
		at org.junit.Assert.assertTrue(Assert.java:52)
		at se.redmind.rmtest.selenium.example.CreateRandomRes3.random14(CreateRandomRes3.java:128)
	</failure>
</testcase>
<testcase name="random3[Windows_8.1_UNKNOWN_chrome_42]" classname="se.redmind.rmtest.selenium.example.RandomClass5(20150107-080018)" time="1.2938691">
	<failure type="java.lang.AssertionError:">java.lang.AssertionError: null
		at org.junit.Assert.fail(Assert.java:86)
		at org.junit.Assert.assertTrue(Assert.java:41)
		at org.junit.Assert.assertTrue(Assert.java:52)
		at se.redmind.rmtest.selenium.example.CreateRandomRes3.random14(CreateRandomRes3.java:128)
	</failure>
</testcase>
<testcase name="random3[Windows_8.1_UNKNOWN_explorer_10]" classname="se.redmind.rmtest.selenium.example.RandomClass5(20150107-080018)" time="0.68608975"/>
<testcase name="random3[Windows_8.1_UNKNOWN_opera_15]" classname="se.redmind.rmtest.selenium.example.RandomClass5(20150107-080018)" time="0.9741179">
	<failure type="java.lang.AssertionError:">java.lang.AssertionError: null
		at org.junit.Assert.fail(Assert.java:86)
		at org.junit.Assert.assertTrue(Assert.java:41)
		at org.junit.Assert.assertTrue(Assert.java:52)
		at se.redmind.rmtest.selenium.example.CreateRandomRes3.random14(CreateRandomRes3.java:128)
	</failure>
</testcase>
<testcase name="random3[Windows_10_UNKNOWN_firefox_31]" classname="se.redmind.rmtest.selenium.example.RandomClass5(20150107-080018)" time="0.86508095">
	<failure type="java.lang.AssertionError:">java.lang.AssertionError: null
		at org.junit.Assert.fail(Assert.java:86)
		at org.junit.Assert.assertTrue(Assert.java:41)
		at org.junit.Assert.assertTrue(Assert.java:52)
		at se.redmind.rmtest.selenium.example.CreateRandomRes3.random14(CreateRandomRes3.java:128)
	</failure>
</testcase>
<testcase name="random3[Windows_10_UNKNOWN_chrome_42]" classname="se.redmind.rmtest.selenium.example.RandomClass5(20150107-080018)" time="1.072057">
	<failure type="java.lang.AssertionError:">java.lang.AssertionError: null
		at org.junit.Assert.fail(Assert.java:86)
		at org.junit.Assert.assertTrue(Assert.java:41)
		at org.junit.Assert.assertTrue(Assert.java:52)
		at se.redmind.rmtest.selenium.example.CreateRandomRes3.random14(CreateRandomRes3.java:128)
	</failure>
</testcase>
<testcase name="random3[Windows_10_UNKNOWN_explorer_10]" classname="se.redmind.rmtest.selenium.example.RandomClass5(20150107-080018)" time="1.2127796">
	<failure type="java.lang.AssertionError:">java.lang.AssertionError: null
		at org.junit.Assert.fail(Assert.java:86)
		at org.junit.Assert.assertTrue(Assert.java:41)
		at org.junit.Assert.assertTrue(Assert.java:52)
		at se.redmind.rmtest.selenium.example.CreateRandomRes3.random14(CreateRandomRes3.java:128)
	</failure>
</testcase>
<testcase name="random3[Windows_10_UNKNOWN_opera_15]" classname="se.redmind.rmtest.selenium.example.RandomClass5(20150107-080018)" time="1.0004518">
	<failure type="java.lang.AssertionError:">java.lang.AssertionError: null
		at org.junit.Assert.fail(Assert.java:86)
		at org.junit.Assert.assertTrue(Assert.java:41)
		at org.junit.Assert.assertTrue(Assert.java:52)
		at se.redmind.rmtest.selenium.example.CreateRandomRes3.random14(CreateRandomRes3.java:128)
	</failure>
</testcase>
<testcase name="random3[Ubuntu_14.04_UNKNOWN_firefox_31]" classname="se.redmind.rmtest.selenium.example.RandomClass5(20150107-080018)" time="0.5496688"/>
<testcase name="random3[Ubuntu_14.04_UNKNOWN_chrome_42]" classname="se.redmind.rmtest.selenium.example.RandomClass5(20150107-080018)" time="1.6288646"/>
<testcase name="random3[Ubuntu_14.04_UNKNOWN_explorer_10]" classname="se.redmind.rmtest.selenium.example.RandomClass5(20150107-080018)" time="0.41248453">
	<error type="java.lang.AssertionError:">java.lang.AssertionError: null
		at org.junit.Assert.fail(Assert.java:86)
		at org.junit.Assert.assertTrue(Assert.java:41)
		at org.junit.Assert.assertTrue(Assert.java:52)
		at se.redmind.rmtest.selenium.example.CreateRandomRes3.random14(CreateRandomRes3.java:128)
	</error>
</testcase>
<testcase name="random3[Ubuntu_14.04_UNKNOWN_opera_15]" classname="se.redmind.rmtest.selenium.example.RandomClass5(20150107-080018)" time="1.1432891">
	<failure type="java.lang.AssertionError:">java.lang.AssertionError: null
		at org.junit.Assert.fail(Assert.java:86)
		at org.junit.Assert.assertTrue(Assert.java:41)
		at org.junit.Assert.assertTrue(Assert.java:52)
		at se.redmind.rmtest.selenium.example.CreateRandomRes3.random14(CreateRandomRes3.java:128)
	</failure>
</testcase>
<testcase name="random3[Ubuntu_12.10_UNKNOWN_firefox_31]" classname="se.redmind.rmtest.selenium.example.RandomClass5(20150107-080018)" time="0.003484726">
	<failure type="java.lang.AssertionError:">java.lang.AssertionError: null
		at org.junit.Assert.fail(Assert.java:86)
		at org.junit.Assert.assertTrue(Assert.java:41)
		at org.junit.Assert.assertTrue(Assert.java:52)
		at se.redmind.rmtest.selenium.example.CreateRandomRes3.random14(CreateRandomRes3.java:128)
	</failure>
</testcase>
<testcase name="random3[Ubuntu_12.10_UNKNOWN_chrome_42]" classname="se.redmind.rmtest.selenium.example.RandomClass5(20150107-080018)" time="0.4354818"/>
<testcase name="random3[Ubuntu_12.10_UNKNOWN_explorer_10]" classname="se.redmind.rmtest.selenium.example.RandomClass5(20150107-080018)" time="1.8017986">
	<failure type="java.lang.AssertionError:">java.lang.AssertionError: null
		at org.junit.Assert.fail(Assert.java:86)
		at org.junit.Assert.assertTrue(Assert.java:41)
		at org.junit.Assert.assertTrue(Assert.java:52)
		at se.redmind.rmtest.selenium.example.CreateRandomRes3.random14(CreateRandomRes3.java:128)
	</failure>
</testcase>
<testcase name="random3[Ubuntu_12.10_UNKNOWN_opera_15]" classname="se.redmind.rmtest.selenium.example.RandomClass5(20150107-080018)" time="1.2405103">
	<failure type="java.lang.AssertionError:">java.lang.AssertionError: null
		at org.junit.Assert.fail(Assert.java:86)
		at org.junit.Assert.assertTrue(Assert.java:41)
		at org.junit.Assert.assertTrue(Assert.java:52)
		at se.redmind.rmtest.selenium.example.CreateRandomRes3.random14(CreateRandomRes3.java:128)
	</failure>
</testcase>
<testcase name="random4[Android_5.1_Nexus 6_firefox_31]" classname="se.redmind.rmtest.selenium.example.RandomClass5(20150107-080018)" time="1.9172817">
	<failure type="java.lang.AssertionError:">java.lang.AssertionError: null
		at org.junit.Assert.fail(Assert.java:86)
		at org.junit.Assert.assertTrue(Assert.java:41)
		at org.junit.Assert.assertTrue(Assert.java:52)
		at se.redmind.rmtest.selenium.example.CreateRandomRes3.random14(CreateRandomRes3.java:128)
	</failure>
</testcase>
<testcase name="random4[Android_5.1_Nexus 6_chrome_42]" classname="se.redmind.rmtest.selenium.example.RandomClass5(20150107-080018)" time="1.9702518">
	<failure type="java.lang.AssertionError:">java.lang.AssertionError: null
		at org.junit.Assert.fail(Assert.java:86)
		at org.junit.Assert.assertTrue(Assert.java:41)
		at org.junit.Assert.assertTrue(Assert.java:52)
		at se.redmind.rmtest.selenium.example.CreateRandomRes3.random14(CreateRandomRes3.java:128)
	</failure>
</testcase>
<testcase name="random4[Android_5.1_Nexus 6_explorer_10]" classname="se.redmind.rmtest.selenium.example.RandomClass5(20150107-080018)" time="0.7832438">
	<failure type="java.lang.AssertionError:">java.lang.AssertionError: null
		at org.junit.Assert.fail(Assert.java:86)
		at org.junit.Assert.assertTrue(Assert.java:41)
		at org.junit.Assert.assertTrue(Assert.java:52)
		at se.redmind.rmtest.selenium.example.CreateRandomRes3.random14(CreateRandomRes3.java:128)
	</failure>
</testcase>
<testcase name="random4[Android_5.1_Nexus 6_opera_15]" classname="se.redmind.rmtest.selenium.example.RandomClass5(20150107-080018)" time="0.8227992">
	<failure type="java.lang.AssertionError:">java.lang.AssertionError: null
		at org.junit.Assert.fail(Assert.java:86)
		at org.junit.Assert.assertTrue(Assert.java:41)
		at org.junit.Assert.assertTrue(Assert.java:52)
		at se.redmind.rmtest.selenium.example.CreateRandomRes3.random14(CreateRandomRes3.java:128)
	</failure>
</testcase>
<testcase name="random4[IOS_8.2_iPhone 6_firefox_31]" classname="se.redmind.rmtest.selenium.example.RandomClass5(20150107-080018)" time="0.112951756"/>
<testcase name="random4[IOS_8.2_iPhone 6_chrome_42]" classname="se.redmind.rmtest.selenium.example.RandomClass5(20150107-080018)" time="0.70159674"/>
<testcase name="random4[IOS_8.2_iPhone 6_explorer_10]" classname="se.redmind.rmtest.selenium.example.RandomClass5(20150107-080018)" time="1.6361647"/>
<testcase name="random4[IOS_8.2_iPhone 6_opera_15]" classname="se.redmind.rmtest.selenium.example.RandomClass5(20150107-080018)" time="1.1440239">
	<failure type="java.lang.AssertionError:">java.lang.AssertionError: null
		at org.junit.Assert.fail(Assert.java:86)
		at org.junit.Assert.assertTrue(Assert.java:41)
		at org.junit.Assert.assertTrue(Assert.java:52)
		at se.redmind.rmtest.selenium.example.CreateRandomRes3.random14(CreateRandomRes3.java:128)
	</failure>
</testcase>
<testcase name="random4[IOS_4_iPhone 3Gs_firefox_31]" classname="se.redmind.rmtest.selenium.example.RandomClass5(20150107-080018)" time="1.8841791">
	<failure type="java.lang.AssertionError:">java.lang.AssertionError: null
		at org.junit.Assert.fail(Assert.java:86)
		at org.junit.Assert.assertTrue(Assert.java:41)
		at org.junit.Assert.assertTrue(Assert.java:52)
		at se.redmind.rmtest.selenium.example.CreateRandomRes3.random14(CreateRandomRes3.java:128)
	</failure>
</testcase>
<testcase name="random4[IOS_4_iPhone 3Gs_chrome_42]" classname="se.redmind.rmtest.selenium.example.RandomClass5(20150107-080018)" time="1.0812937"/>
<testcase name="random4[IOS_4_iPhone 3Gs_explorer_10]" classname="se.redmind.rmtest.selenium.example.RandomClass5(20150107-080018)" time="1.6104797">
	<error type="java.lang.AssertionError:">java.lang.AssertionError: null
		at org.junit.Assert.fail(Assert.java:86)
		at org.junit.Assert.assertTrue(Assert.java:41)
		at org.junit.Assert.assertTrue(Assert.java:52)
		at se.redmind.rmtest.selenium.example.CreateRandomRes3.random14(CreateRandomRes3.java:128)
	</error>
</testcase>
<testcase name="random4[IOS_4_iPhone 3Gs_opera_15]" classname="se.redmind.rmtest.selenium.example.RandomClass5(20150107-080018)" time="1.1928109">
	<failure type="java.lang.AssertionError:">java.lang.AssertionError: null
		at org.junit.Assert.fail(Assert.java:86)
		at org.junit.Assert.assertTrue(Assert.java:41)
		at org.junit.Assert.assertTrue(Assert.java:52)
		at se.redmind.rmtest.selenium.example.CreateRandomRes3.random14(CreateRandomRes3.java:128)
	</failure>
</testcase>
<testcase name="random4[OSX_10.9.5_UNKNOWN_firefox_31]" classname="se.redmind.rmtest.selenium.example.RandomClass5(20150107-080018)" time="0.6038734"/>
<testcase name="random4[OSX_10.9.5_UNKNOWN_chrome_42]" classname="se.redmind.rmtest.selenium.example.RandomClass5(20150107-080018)" time="1.6274804">
	<failure type="java.lang.AssertionError:">java.lang.AssertionError: null
		at org.junit.Assert.fail(Assert.java:86)
		at org.junit.Assert.assertTrue(Assert.java:41)
		at org.junit.Assert.assertTrue(Assert.java:52)
		at se.redmind.rmtest.selenium.example.CreateRandomRes3.random14(CreateRandomRes3.java:128)
	</failure>
</testcase>
<testcase name="random4[OSX_10.9.5_UNKNOWN_explorer_10]" classname="se.redmind.rmtest.selenium.example.RandomClass5(20150107-080018)" time="0.7874105">
	<failure type="java.lang.AssertionError:">java.lang.AssertionError: null
		at org.junit.Assert.fail(Assert.java:86)
		at org.junit.Assert.assertTrue(Assert.java:41)
		at org.junit.Assert.assertTrue(Assert.java:52)
		at se.redmind.rmtest.selenium.example.CreateRandomRes3.random14(CreateRandomRes3.java:128)
	</failure>
</testcase>
<testcase name="random4[OSX_10.9.5_UNKNOWN_opera_15]" classname="se.redmind.rmtest.selenium.example.RandomClass5(20150107-080018)" time="1.0494015">
	<failure type="java.lang.AssertionError:">java.lang.AssertionError: null
		at org.junit.Assert.fail(Assert.java:86)
		at org.junit.Assert.assertTrue(Assert.java:41)
		at org.junit.Assert.assertTrue(Assert.java:52)
		at se.redmind.rmtest.selenium.example.CreateRandomRes3.random14(CreateRandomRes3.java:128)
	</failure>
</testcase>
<testcase name="random4[Windows_8.1_UNKNOWN_firefox_31]" classname="se.redmind.rmtest.selenium.example.RandomClass5(20150107-080018)" time="0.3196373">
	<failure type="java.lang.AssertionError:">java.lang.AssertionError: null
		at org.junit.Assert.fail(Assert.java:86)
		at org.junit.Assert.assertTrue(Assert.java:41)
		at org.junit.Assert.assertTrue(Assert.java:52)
		at se.redmind.rmtest.selenium.example.CreateRandomRes3.random14(CreateRandomRes3.java:128)
	</failure>
</testcase>
<testcase name="random4[Windows_8.1_UNKNOWN_chrome_42]" classname="se.redmind.rmtest.selenium.example.RandomClass5(20150107-080018)" time="0.7082546">
	<failure type="java.lang.AssertionError:">java.lang.AssertionError: null
		at org.junit.Assert.fail(Assert.java:86)
		at org.junit.Assert.assertTrue(Assert.java:41)
		at org.junit.Assert.assertTrue(Assert.java:52)
		at se.redmind.rmtest.selenium.example.CreateRandomRes3.random14(CreateRandomRes3.java:128)
	</failure>
</testcase>
<testcase name="random4[Windows_8.1_UNKNOWN_explorer_10]" classname="se.redmind.rmtest.selenium.example.RandomClass5(20150107-080018)" time="1.2140137"/>
<testcase name="random4[Windows_8.1_UNKNOWN_opera_15]" classname="se.redmind.rmtest.selenium.example.RandomClass5(20150107-080018)" time="1.7822748">
	<failure type="java.lang.AssertionError:">java.lang.AssertionError: null
		at org.junit.Assert.fail(Assert.java:86)
		at org.junit.Assert.assertTrue(Assert.java:41)
		at org.junit.Assert.assertTrue(Assert.java:52)
		at se.redmind.rmtest.selenium.example.CreateRandomRes3.random14(CreateRandomRes3.java:128)
	</failure>
</testcase>
<testcase name="random4[Windows_10_UNKNOWN_firefox_31]" classname="se.redmind.rmtest.selenium.example.RandomClass5(20150107-080018)" time="0.72839653">
	<error type="java.lang.AssertionError:">java.lang.AssertionError: null
		at org.junit.Assert.fail(Assert.java:86)
		at org.junit.Assert.assertTrue(Assert.java:41)
		at org.junit.Assert.assertTrue(Assert.java:52)
		at se.redmind.rmtest.selenium.example.CreateRandomRes3.random14(CreateRandomRes3.java:128)
	</error>
</testcase>
<testcase name="random4[Windows_10_UNKNOWN_chrome_42]" classname="se.redmind.rmtest.selenium.example.RandomClass5(20150107-080018)" time="0.08017588">
	<failure type="java.lang.AssertionError:">java.lang.AssertionError: null
		at org.junit.Assert.fail(Assert.java:86)
		at org.junit.Assert.assertTrue(Assert.java:41)
		at org.junit.Assert.assertTrue(Assert.java:52)
		at se.redmind.rmtest.selenium.example.CreateRandomRes3.random14(CreateRandomRes3.java:128)
	</failure>
</testcase>
<testcase name="random4[Windows_10_UNKNOWN_explorer_10]" classname="se.redmind.rmtest.selenium.example.RandomClass5(20150107-080018)" time="0.7226224"/>
<testcase name="random4[Windows_10_UNKNOWN_opera_15]" classname="se.redmind.rmtest.selenium.example.RandomClass5(20150107-080018)" time="1.0852463">
	<failure type="java.lang.AssertionError:">java.lang.AssertionError: null
		at org.junit.Assert.fail(Assert.java:86)
		at org.junit.Assert.assertTrue(Assert.java:41)
		at org.junit.Assert.assertTrue(Assert.java:52)
		at se.redmind.rmtest.selenium.example.CreateRandomRes3.random14(CreateRandomRes3.java:128)
	</failure>
</testcase>
<testcase name="random4[Ubuntu_14.04_UNKNOWN_firefox_31]" classname="se.redmind.rmtest.selenium.example.RandomClass5(20150107-080018)" time="0.28748572">
	<failure type="java.lang.AssertionError:">java.lang.AssertionError: null
		at org.junit.Assert.fail(Assert.java:86)
		at org.junit.Assert.assertTrue(Assert.java:41)
		at org.junit.Assert.assertTrue(Assert.java:52)
		at se.redmind.rmtest.selenium.example.CreateRandomRes3.random14(CreateRandomRes3.java:128)
	</failure>
</testcase>
<testcase name="random4[Ubuntu_14.04_UNKNOWN_chrome_42]" classname="se.redmind.rmtest.selenium.example.RandomClass5(20150107-080018)" time="0.940297">
	<failure type="java.lang.AssertionError:">java.lang.AssertionError: null
		at org.junit.Assert.fail(Assert.java:86)
		at org.junit.Assert.assertTrue(Assert.java:41)
		at org.junit.Assert.assertTrue(Assert.java:52)
		at se.redmind.rmtest.selenium.example.CreateRandomRes3.random14(CreateRandomRes3.java:128)
	</failure>
</testcase>
<testcase name="random4[Ubuntu_14.04_UNKNOWN_explorer_10]" classname="se.redmind.rmtest.selenium.example.RandomClass5(20150107-080018)" time="1.1246076">
	<failure type="java.lang.AssertionError:">java.lang.AssertionError: null
		at org.junit.Assert.fail(Assert.java:86)
		at org.junit.Assert.assertTrue(Assert.java:41)
		at org.junit.Assert.assertTrue(Assert.java:52)
		at se.redmind.rmtest.selenium.example.CreateRandomRes3.random14(CreateRandomRes3.java:128)
	</failure>
</testcase>
<testcase name="random4[Ubuntu_14.04_UNKNOWN_opera_15]" classname="se.redmind.rmtest.selenium.example.RandomClass5(20150107-080018)" time="0.5791682"/>
<testcase name="random4[Ubuntu_12.10_UNKNOWN_firefox_31]" classname="se.redmind.rmtest.selenium.example.RandomClass5(20150107-080018)" time="1.0875338">
	<failure type="java.lang.AssertionError:">java.lang.AssertionError: null
		at org.junit.Assert.fail(Assert.java:86)
		at org.junit.Assert.assertTrue(Assert.java:41)
		at org.junit.Assert.assertTrue(Assert.java:52)
		at se.redmind.rmtest.selenium.example.CreateRandomRes3.random14(CreateRandomRes3.java:128)
	</failure>
</testcase>
<testcase name="random4[Ubuntu_12.10_UNKNOWN_chrome_42]" classname="se.redmind.rmtest.selenium.example.RandomClass5(20150107-080018)" time="1.9531277"/>
<testcase name="random4[Ubuntu_12.10_UNKNOWN_explorer_10]" classname="se.redmind.rmtest.selenium.example.RandomClass5(20150107-080018)" time="1.258281"/>
<testcase name="random4[Ubuntu_12.10_UNKNOWN_opera_15]" classname="se.redmind.rmtest.selenium.example.RandomClass5(20150107-080018)" time="0.17985785">
	<failure type="java.lang.AssertionError:">java.lang.AssertionError: null
		at org.junit.Assert.fail(Assert.java:86)
		at org.junit.Assert.assertTrue(Assert.java:41)
		at org.junit.Assert.assertTrue(Assert.java:52)
		at se.redmind.rmtest.selenium.example.CreateRandomRes3.random14(CreateRandomRes3.java:128)
	</failure>
</testcase>
<testcase name="random1[Android_2.3_VeiVei_firefox_31]" classname="se.redmind.rmtest.selenium.example.RandomClass6(20150107-080018)" time="0.3523531"/>
<testcase name="random1[Android_2.3_VeiVei_chrome_42]" classname="se.redmind.rmtest.selenium.example.RandomClass6(20150107-080018)" time="1.7972239">
	<failure type="java.lang.AssertionError:">java.lang.AssertionError: null
		at org.junit.Assert.fail(Assert.java:86)
		at org.junit.Assert.assertTrue(Assert.java:41)
		at org.junit.Assert.assertTrue(Assert.java:52)
		at se.redmind.rmtest.selenium.example.CreateRandomRes3.random14(CreateRandomRes3.java:128)
	</failure>
</testcase>
<testcase name="random1[Android_2.3_VeiVei_explorer_10]" classname="se.redmind.rmtest.selenium.example.RandomClass6(20150107-080018)" time="1.8204234"/>
<testcase name="random1[Android_2.3_VeiVei_opera_15]" classname="se.redmind.rmtest.selenium.example.RandomClass6(20150107-080018)" time="0.66344094"/>
<testcase name="random1[Android_4.4.4_Sony Experia Z3_firefox_31]" classname="se.redmind.rmtest.selenium.example.RandomClass6(20150107-080018)" time="0.14847171">
	<failure type="java.lang.AssertionError:">java.lang.AssertionError: null
		at org.junit.Assert.fail(Assert.java:86)
		at org.junit.Assert.assertTrue(Assert.java:41)
		at org.junit.Assert.assertTrue(Assert.java:52)
		at se.redmind.rmtest.selenium.example.CreateRandomRes3.random14(CreateRandomRes3.java:128)
	</failure>
</testcase>
<testcase name="random1[Android_4.4.4_Sony Experia Z3_chrome_42]" classname="se.redmind.rmtest.selenium.example.RandomClass6(20150107-080018)" time="0.98664904">
	<failure type="java.lang.AssertionError:">java.lang.AssertionError: null
		at org.junit.Assert.fail(Assert.java:86)
		at org.junit.Assert.assertTrue(Assert.java:41)
		at org.junit.Assert.assertTrue(Assert.java:52)
		at se.redmind.rmtest.selenium.example.CreateRandomRes3.random14(CreateRandomRes3.java:128)
	</failure>
</testcase>
<testcase name="random1[Android_4.4.4_Sony Experia Z3_explorer_10]" classname="se.redmind.rmtest.selenium.example.RandomClass6(20150107-080018)" time="1.7539387">
	<failure type="java.lang.AssertionError:">java.lang.AssertionError: null
		at org.junit.Assert.fail(Assert.java:86)
		at org.junit.Assert.assertTrue(Assert.java:41)
		at org.junit.Assert.assertTrue(Assert.java:52)
		at se.redmind.rmtest.selenium.example.CreateRandomRes3.random14(CreateRandomRes3.java:128)
	</failure>
</testcase>
<testcase name="random1[Android_4.4.4_Sony Experia Z3_opera_15]" classname="se.redmind.rmtest.selenium.example.RandomClass6(20150107-080018)" time="0.45306516">
	<failure type="java.lang.AssertionError:">java.lang.AssertionError: null
		at org.junit.Assert.fail(Assert.java:86)
		at org.junit.Assert.assertTrue(Assert.java:41)
		at org.junit.Assert.assertTrue(Assert.java:52)
		at se.redmind.rmtest.selenium.example.CreateRandomRes3.random14(CreateRandomRes3.java:128)
	</failure>
</testcase>
<testcase name="random1[IOS_4_iPhone 3Gs_firefox_31]" classname="se.redmind.rmtest.selenium.example.RandomClass6(20150107-080018)" time="1.6334451">
	<failure type="java.lang.AssertionError:">java.lang.AssertionError: null
		at org.junit.Assert.fail(Assert.java:86)
		at org.junit.Assert.assertTrue(Assert.java:41)
		at org.junit.Assert.assertTrue(Assert.java:52)
		at se.redmind.rmtest.selenium.example.CreateRandomRes3.random14(CreateRandomRes3.java:128)
	</failure>
</testcase>
<testcase name="random1[IOS_4_iPhone 3Gs_chrome_42]" classname="se.redmind.rmtest.selenium.example.RandomClass6(20150107-080018)" time="1.4683503">
	<failure type="java.lang.AssertionError:">java.lang.AssertionError: null
		at org.junit.Assert.fail(Assert.java:86)
		at org.junit.Assert.assertTrue(Assert.java:41)
		at org.junit.Assert.assertTrue(Assert.java:52)
		at se.redmind.rmtest.selenium.example.CreateRandomRes3.random14(CreateRandomRes3.java:128)
	</failure>
</testcase>
<testcase name="random1[IOS_4_iPhone 3Gs_explorer_10]" classname="se.redmind.rmtest.selenium.example.RandomClass6(20150107-080018)" time="0.87922084">
	<failure type="java.lang.AssertionError:">java.lang.AssertionError: null
		at org.junit.Assert.fail(Assert.java:86)
		at org.junit.Assert.assertTrue(Assert.java:41)
		at org.junit.Assert.assertTrue(Assert.java:52)
		at se.redmind.rmtest.selenium.example.CreateRandomRes3.random14(CreateRandomRes3.java:128)
	</failure>
</testcase>
<testcase name="random1[IOS_4_iPhone 3Gs_opera_15]" classname="se.redmind.rmtest.selenium.example.RandomClass6(20150107-080018)" time="0.08159256">
	<error type="java.lang.AssertionError:">java.lang.AssertionError: null
		at org.junit.Assert.fail(Assert.java:86)
		at org.junit.Assert.assertTrue(Assert.java:41)
		at org.junit.Assert.assertTrue(Assert.java:52)
		at se.redmind.rmtest.selenium.example.CreateRandomRes3.random14(CreateRandomRes3.java:128)
	</error>
</testcase>
<testcase name="random1[OSX_10.9.5_UNKNOWN_firefox_31]" classname="se.redmind.rmtest.selenium.example.RandomClass6(20150107-080018)" time="0.88997316">
	<error type="java.lang.AssertionError:">java.lang.AssertionError: null
		at org.junit.Assert.fail(Assert.java:86)
		at org.junit.Assert.assertTrue(Assert.java:41)
		at org.junit.Assert.assertTrue(Assert.java:52)
		at se.redmind.rmtest.selenium.example.CreateRandomRes3.random14(CreateRandomRes3.java:128)
	</error>
</testcase>
<testcase name="random1[OSX_10.9.5_UNKNOWN_chrome_42]" classname="se.redmind.rmtest.selenium.example.RandomClass6(20150107-080018)" time="1.5667897"/>
<testcase name="random1[OSX_10.9.5_UNKNOWN_explorer_10]" classname="se.redmind.rmtest.selenium.example.RandomClass6(20150107-080018)" time="1.8422594">
	<failure type="java.lang.AssertionError:">java.lang.AssertionError: null
		at org.junit.Assert.fail(Assert.java:86)
		at org.junit.Assert.assertTrue(Assert.java:41)
		at org.junit.Assert.assertTrue(Assert.java:52)
		at se.redmind.rmtest.selenium.example.CreateRandomRes3.random14(CreateRandomRes3.java:128)
	</failure>
</testcase>
<testcase name="random1[OSX_10.9.5_UNKNOWN_opera_15]" classname="se.redmind.rmtest.selenium.example.RandomClass6(20150107-080018)" time="1.4303446">
	<failure type="java.lang.AssertionError:">java.lang.AssertionError: null
		at org.junit.Assert.fail(Assert.java:86)
		at org.junit.Assert.assertTrue(Assert.java:41)
		at org.junit.Assert.assertTrue(Assert.java:52)
		at se.redmind.rmtest.selenium.example.CreateRandomRes3.random14(CreateRandomRes3.java:128)
	</failure>
</testcase>
<testcase name="random1[Windows_8.1_UNKNOWN_firefox_31]" classname="se.redmind.rmtest.selenium.example.RandomClass6(20150107-080018)" time="0.98217475"/>
<testcase name="random1[Windows_8.1_UNKNOWN_chrome_42]" classname="se.redmind.rmtest.selenium.example.RandomClass6(20150107-080018)" time="1.4669603"/>
<testcase name="random1[Windows_8.1_UNKNOWN_explorer_10]" classname="se.redmind.rmtest.selenium.example.RandomClass6(20150107-080018)" time="1.7189668">
	<failure type="java.lang.AssertionError:">java.lang.AssertionError: null
		at org.junit.Assert.fail(Assert.java:86)
		at org.junit.Assert.assertTrue(Assert.java:41)
		at org.junit.Assert.assertTrue(Assert.java:52)
		at se.redmind.rmtest.selenium.example.CreateRandomRes3.random14(CreateRandomRes3.java:128)
	</failure>
</testcase>
<testcase name="random1[Windows_8.1_UNKNOWN_opera_15]" classname="se.redmind.rmtest.selenium.example.RandomClass6(20150107-080018)" time="0.2044642">
	<failure type="java.lang.AssertionError:">java.lang.AssertionError: null
		at org.junit.Assert.fail(Assert.java:86)
		at org.junit.Assert.assertTrue(Assert.java:41)
		at org.junit.Assert.assertTrue(Assert.java:52)
		at se.redmind.rmtest.selenium.example.CreateRandomRes3.random14(CreateRandomRes3.java:128)
	</failure>
</testcase>
<testcase name="random1[Windows_10_UNKNOWN_firefox_31]" classname="se.redmind.rmtest.selenium.example.RandomClass6(20150107-080018)" time="1.2725371">
	<failure type="java.lang.AssertionError:">java.lang.AssertionError: null
		at org.junit.Assert.fail(Assert.java:86)
		at org.junit.Assert.assertTrue(Assert.java:41)
		at org.junit.Assert.assertTrue(Assert.java:52)
		at se.redmind.rmtest.selenium.example.CreateRandomRes3.random14(CreateRandomRes3.java:128)
	</failure>
</testcase>
<testcase name="random1[Windows_10_UNKNOWN_chrome_42]" classname="se.redmind.rmtest.selenium.example.RandomClass6(20150107-080018)" time="1.9178249">
	<failure type="java.lang.AssertionError:">java.lang.AssertionError: null
		at org.junit.Assert.fail(Assert.java:86)
		at org.junit.Assert.assertTrue(Assert.java:41)
		at org.junit.Assert.assertTrue(Assert.java:52)
		at se.redmind.rmtest.selenium.example.CreateRandomRes3.random14(CreateRandomRes3.java:128)
	</failure>
</testcase>
<testcase name="random1[Windows_10_UNKNOWN_explorer_10]" classname="se.redmind.rmtest.selenium.example.RandomClass6(20150107-080018)" time="1.8383877"/>
<testcase name="random1[Windows_10_UNKNOWN_opera_15]" classname="se.redmind.rmtest.selenium.example.RandomClass6(20150107-080018)" time="0.8659749"/>
<testcase name="random1[Ubuntu_14.04_UNKNOWN_firefox_31]" classname="se.redmind.rmtest.selenium.example.RandomClass6(20150107-080018)" time="0.29709554">
	<failure type="java.lang.AssertionError:">java.lang.AssertionError: null
		at org.junit.Assert.fail(Assert.java:86)
		at org.junit.Assert.assertTrue(Assert.java:41)
		at org.junit.Assert.assertTrue(Assert.java:52)
		at se.redmind.rmtest.selenium.example.CreateRandomRes3.random14(CreateRandomRes3.java:128)
	</failure>
</testcase>
<testcase name="random1[Ubuntu_14.04_UNKNOWN_chrome_42]" classname="se.redmind.rmtest.selenium.example.RandomClass6(20150107-080018)" time="0.30373728"/>
<testcase name="random1[Ubuntu_14.04_UNKNOWN_explorer_10]" classname="se.redmind.rmtest.selenium.example.RandomClass6(20150107-080018)" time="1.219671">
	<failure type="java.lang.AssertionError:">java.lang.AssertionError: null
		at org.junit.Assert.fail(Assert.java:86)
		at org.junit.Assert.assertTrue(Assert.java:41)
		at org.junit.Assert.assertTrue(Assert.java:52)
		at se.redmind.rmtest.selenium.example.CreateRandomRes3.random14(CreateRandomRes3.java:128)
	</failure>
</testcase>
<testcase name="random1[Ubuntu_14.04_UNKNOWN_opera_15]" classname="se.redmind.rmtest.selenium.example.RandomClass6(20150107-080018)" time="1.668146">
	<failure type="java.lang.AssertionError:">java.lang.AssertionError: null
		at org.junit.Assert.fail(Assert.java:86)
		at org.junit.Assert.assertTrue(Assert.java:41)
		at org.junit.Assert.assertTrue(Assert.java:52)
		at se.redmind.rmtest.selenium.example.CreateRandomRes3.random14(CreateRandomRes3.java:128)
	</failure>
</testcase>
<testcase name="random2[Android_2.3_VeiVei_firefox_31]" classname="se.redmind.rmtest.selenium.example.RandomClass6(20150107-080018)" time="0.633554"/>
<testcase name="random2[Android_2.3_VeiVei_chrome_42]" classname="se.redmind.rmtest.selenium.example.RandomClass6(20150107-080018)" time="1.2891068"/>
<testcase name="random2[Android_2.3_VeiVei_explorer_10]" classname="se.redmind.rmtest.selenium.example.RandomClass6(20150107-080018)" time="1.2814043">
	<failure type="java.lang.AssertionError:">java.lang.AssertionError: null
		at org.junit.Assert.fail(Assert.java:86)
		at org.junit.Assert.assertTrue(Assert.java:41)
		at org.junit.Assert.assertTrue(Assert.java:52)
		at se.redmind.rmtest.selenium.example.CreateRandomRes3.random14(CreateRandomRes3.java:128)
	</failure>
</testcase>
<testcase name="random2[Android_2.3_VeiVei_opera_15]" classname="se.redmind.rmtest.selenium.example.RandomClass6(20150107-080018)" time="1.308843"/>
<testcase name="random2[Android_4.4.4_Sony Experia Z3_firefox_31]" classname="se.redmind.rmtest.selenium.example.RandomClass6(20150107-080018)" time="1.7867324">
	<failure type="java.lang.AssertionError:">java.lang.AssertionError: null
		at org.junit.Assert.fail(Assert.java:86)
		at org.junit.Assert.assertTrue(Assert.java:41)
		at org.junit.Assert.assertTrue(Assert.java:52)
		at se.redmind.rmtest.selenium.example.CreateRandomRes3.random14(CreateRandomRes3.java:128)
	</failure>
</testcase>
<testcase name="random2[Android_4.4.4_Sony Experia Z3_chrome_42]" classname="se.redmind.rmtest.selenium.example.RandomClass6(20150107-080018)" time="0.9881773"/>
<testcase name="random2[Android_4.4.4_Sony Experia Z3_explorer_10]" classname="se.redmind.rmtest.selenium.example.RandomClass6(20150107-080018)" time="0.79248106">
	<failure type="java.lang.AssertionError:">java.lang.AssertionError: null
		at org.junit.Assert.fail(Assert.java:86)
		at org.junit.Assert.assertTrue(Assert.java:41)
		at org.junit.Assert.assertTrue(Assert.java:52)
		at se.redmind.rmtest.selenium.example.CreateRandomRes3.random14(CreateRandomRes3.java:128)
	</failure>
</testcase>
<testcase name="random2[Android_4.4.4_Sony Experia Z3_opera_15]" classname="se.redmind.rmtest.selenium.example.RandomClass6(20150107-080018)" time="0.0719378"/>
<testcase name="random2[IOS_4_iPhone 3Gs_firefox_31]" classname="se.redmind.rmtest.selenium.example.RandomClass6(20150107-080018)" time="1.8527521">
	<failure type="java.lang.AssertionError:">java.lang.AssertionError: null
		at org.junit.Assert.fail(Assert.java:86)
		at org.junit.Assert.assertTrue(Assert.java:41)
		at org.junit.Assert.assertTrue(Assert.java:52)
		at se.redmind.rmtest.selenium.example.CreateRandomRes3.random14(CreateRandomRes3.java:128)
	</failure>
</testcase>
<testcase name="random2[IOS_4_iPhone 3Gs_chrome_42]" classname="se.redmind.rmtest.selenium.example.RandomClass6(20150107-080018)" time="0.11605978">
	<failure type="java.lang.AssertionError:">java.lang.AssertionError: null
		at org.junit.Assert.fail(Assert.java:86)
		at org.junit.Assert.assertTrue(Assert.java:41)
		at org.junit.Assert.assertTrue(Assert.java:52)
		at se.redmind.rmtest.selenium.example.CreateRandomRes3.random14(CreateRandomRes3.java:128)
	</failure>
</testcase>
<testcase name="random2[IOS_4_iPhone 3Gs_explorer_10]" classname="se.redmind.rmtest.selenium.example.RandomClass6(20150107-080018)" time="1.7622652"/>
<testcase name="random2[IOS_4_iPhone 3Gs_opera_15]" classname="se.redmind.rmtest.selenium.example.RandomClass6(20150107-080018)" time="1.0650591">
	<failure type="java.lang.AssertionError:">java.lang.AssertionError: null
		at org.junit.Assert.fail(Assert.java:86)
		at org.junit.Assert.assertTrue(Assert.java:41)
		at org.junit.Assert.assertTrue(Assert.java:52)
		at se.redmind.rmtest.selenium.example.CreateRandomRes3.random14(CreateRandomRes3.java:128)
	</failure>
</testcase>
<testcase name="random2[OSX_10.9.5_UNKNOWN_firefox_31]" classname="se.redmind.rmtest.selenium.example.RandomClass6(20150107-080018)" time="0.11790323">
	<failure type="java.lang.AssertionError:">java.lang.AssertionError: null
		at org.junit.Assert.fail(Assert.java:86)
		at org.junit.Assert.assertTrue(Assert.java:41)
		at org.junit.Assert.assertTrue(Assert.java:52)
		at se.redmind.rmtest.selenium.example.CreateRandomRes3.random14(CreateRandomRes3.java:128)
	</failure>
</testcase>
<testcase name="random2[OSX_10.9.5_UNKNOWN_chrome_42]" classname="se.redmind.rmtest.selenium.example.RandomClass6(20150107-080018)" time="0.76391804"/>
<testcase name="random2[OSX_10.9.5_UNKNOWN_explorer_10]" classname="se.redmind.rmtest.selenium.example.RandomClass6(20150107-080018)" time="0.68087006">
	<failure type="java.lang.AssertionError:">java.lang.AssertionError: null
		at org.junit.Assert.fail(Assert.java:86)
		at org.junit.Assert.assertTrue(Assert.java:41)
		at org.junit.Assert.assertTrue(Assert.java:52)
		at se.redmind.rmtest.selenium.example.CreateRandomRes3.random14(CreateRandomRes3.java:128)
	</failure>
</testcase>
<testcase name="random2[OSX_10.9.5_UNKNOWN_opera_15]" classname="se.redmind.rmtest.selenium.example.RandomClass6(20150107-080018)" time="0.63681245">
	<failure type="java.lang.AssertionError:">java.lang.AssertionError: null
		at org.junit.Assert.fail(Assert.java:86)
		at org.junit.Assert.assertTrue(Assert.java:41)
		at org.junit.Assert.assertTrue(Assert.java:52)
		at se.redmind.rmtest.selenium.example.CreateRandomRes3.random14(CreateRandomRes3.java:128)
	</failure>
</testcase>
<testcase name="random2[Windows_8.1_UNKNOWN_firefox_31]" classname="se.redmind.rmtest.selenium.example.RandomClass6(20150107-080018)" time="1.6806943"/>
<testcase name="random2[Windows_8.1_UNKNOWN_chrome_42]" classname="se.redmind.rmtest.selenium.example.RandomClass6(20150107-080018)" time="1.0929474"/>
<testcase name="random2[Windows_8.1_UNKNOWN_explorer_10]" classname="se.redmind.rmtest.selenium.example.RandomClass6(20150107-080018)" time="1.6758447">
	<failure type="java.lang.AssertionError:">java.lang.AssertionError: null
		at org.junit.Assert.fail(Assert.java:86)
		at org.junit.Assert.assertTrue(Assert.java:41)
		at org.junit.Assert.assertTrue(Assert.java:52)
		at se.redmind.rmtest.selenium.example.CreateRandomRes3.random14(CreateRandomRes3.java:128)
	</failure>
</testcase>
<testcase name="random2[Windows_8.1_UNKNOWN_opera_15]" classname="se.redmind.rmtest.selenium.example.RandomClass6(20150107-080018)" time="1.3190534">
	<failure type="java.lang.AssertionError:">java.lang.AssertionError: null
		at org.junit.Assert.fail(Assert.java:86)
		at org.junit.Assert.assertTrue(Assert.java:41)
		at org.junit.Assert.assertTrue(Assert.java:52)
		at se.redmind.rmtest.selenium.example.CreateRandomRes3.random14(CreateRandomRes3.java:128)
	</failure>
</testcase>
<testcase name="random2[Windows_10_UNKNOWN_firefox_31]" classname="se.redmind.rmtest.selenium.example.RandomClass6(20150107-080018)" time="0.1374476">
	<failure type="java.lang.AssertionError:">java.lang.AssertionError: null
		at org.junit.Assert.fail(Assert.java:86)
		at org.junit.Assert.assertTrue(Assert.java:41)
		at org.junit.Assert.assertTrue(Assert.java:52)
		at se.redmind.rmtest.selenium.example.CreateRandomRes3.random14(CreateRandomRes3.java:128)
	</failure>
</testcase>
<testcase name="random2[Windows_10_UNKNOWN_chrome_42]" classname="se.redmind.rmtest.selenium.example.RandomClass6(20150107-080018)" time="1.9829568">
	<failure type="java.lang.AssertionError:">java.lang.AssertionError: null
		at org.junit.Assert.fail(Assert.java:86)
		at org.junit.Assert.assertTrue(Assert.java:41)
		at org.junit.Assert.assertTrue(Assert.java:52)
		at se.redmind.rmtest.selenium.example.CreateRandomRes3.random14(CreateRandomRes3.java:128)
	</failure>
</testcase>
<testcase name="random2[Windows_10_UNKNOWN_explorer_10]" classname="se.redmind.rmtest.selenium.example.RandomClass6(20150107-080018)" time="1.7777374"/>
<testcase name="random2[Windows_10_UNKNOWN_opera_15]" classname="se.redmind.rmtest.selenium.example.RandomClass6(20150107-080018)" time="1.2647548"/>
<testcase name="random2[Ubuntu_14.04_UNKNOWN_firefox_31]" classname="se.redmind.rmtest.selenium.example.RandomClass6(20150107-080018)" time="0.7573414"/>
<testcase name="random2[Ubuntu_14.04_UNKNOWN_chrome_42]" classname="se.redmind.rmtest.selenium.example.RandomClass6(20150107-080018)" time="0.6871247">
	<failure type="java.lang.AssertionError:">java.lang.AssertionError: null
		at org.junit.Assert.fail(Assert.java:86)
		at org.junit.Assert.assertTrue(Assert.java:41)
		at org.junit.Assert.assertTrue(Assert.java:52)
		at se.redmind.rmtest.selenium.example.CreateRandomRes3.random14(CreateRandomRes3.java:128)
	</failure>
</testcase>
<testcase name="random2[Ubuntu_14.04_UNKNOWN_explorer_10]" classname="se.redmind.rmtest.selenium.example.RandomClass6(20150107-080018)" time="0.02278006">
	<failure type="java.lang.AssertionError:">java.lang.AssertionError: null
		at org.junit.Assert.fail(Assert.java:86)
		at org.junit.Assert.assertTrue(Assert.java:41)
		at org.junit.Assert.assertTrue(Assert.java:52)
		at se.redmind.rmtest.selenium.example.CreateRandomRes3.random14(CreateRandomRes3.java:128)
	</failure>
</testcase>
<testcase name="random2[Ubuntu_14.04_UNKNOWN_opera_15]" classname="se.redmind.rmtest.selenium.example.RandomClass6(20150107-080018)" time="0.0014244318"/>
<testcase name="random3[Android_2.3_VeiVei_firefox_31]" classname="se.redmind.rmtest.selenium.example.RandomClass6(20150107-080018)" time="0.55378175"/>
<testcase name="random3[Android_2.3_VeiVei_chrome_42]" classname="se.redmind.rmtest.selenium.example.RandomClass6(20150107-080018)" time="1.9155428"/>
<testcase name="random3[Android_2.3_VeiVei_explorer_10]" classname="se.redmind.rmtest.selenium.example.RandomClass6(20150107-080018)" time="0.018761158">
	<failure type="java.lang.AssertionError:">java.lang.AssertionError: null
		at org.junit.Assert.fail(Assert.java:86)
		at org.junit.Assert.assertTrue(Assert.java:41)
		at org.junit.Assert.assertTrue(Assert.java:52)
		at se.redmind.rmtest.selenium.example.CreateRandomRes3.random14(CreateRandomRes3.java:128)
	</failure>
</testcase>
<testcase name="random3[Android_2.3_VeiVei_opera_15]" classname="se.redmind.rmtest.selenium.example.RandomClass6(20150107-080018)" time="1.1414185">
	<failure type="java.lang.AssertionError:">java.lang.AssertionError: null
		at org.junit.Assert.fail(Assert.java:86)
		at org.junit.Assert.assertTrue(Assert.java:41)
		at org.junit.Assert.assertTrue(Assert.java:52)
		at se.redmind.rmtest.selenium.example.CreateRandomRes3.random14(CreateRandomRes3.java:128)
	</failure>
</testcase>
<testcase name="random3[Android_4.4.4_Sony Experia Z3_firefox_31]" classname="se.redmind.rmtest.selenium.example.RandomClass6(20150107-080018)" time="0.99715316"/>
<testcase name="random3[Android_4.4.4_Sony Experia Z3_chrome_42]" classname="se.redmind.rmtest.selenium.example.RandomClass6(20150107-080018)" time="0.15364742">
	<failure type="java.lang.AssertionError:">java.lang.AssertionError: null
		at org.junit.Assert.fail(Assert.java:86)
		at org.junit.Assert.assertTrue(Assert.java:41)
		at org.junit.Assert.assertTrue(Assert.java:52)
		at se.redmind.rmtest.selenium.example.CreateRandomRes3.random14(CreateRandomRes3.java:128)
	</failure>
</testcase>
<testcase name="random3[Android_4.4.4_Sony Experia Z3_explorer_10]" classname="se.redmind.rmtest.selenium.example.RandomClass6(20150107-080018)" time="1.6079696"/>
<testcase name="random3[Android_4.4.4_Sony Experia Z3_opera_15]" classname="se.redmind.rmtest.selenium.example.RandomClass6(20150107-080018)" time="1.8311768">
	<failure type="java.lang.AssertionError:">java.lang.AssertionError: null
		at org.junit.Assert.fail(Assert.java:86)
		at org.junit.Assert.assertTrue(Assert.java:41)
		at org.junit.Assert.assertTrue(Assert.java:52)
		at se.redmind.rmtest.selenium.example.CreateRandomRes3.random14(CreateRandomRes3.java:128)
	</failure>
</testcase>
<testcase name="random3[IOS_4_iPhone 3Gs_firefox_31]" classname="se.redmind.rmtest.selenium.example.RandomClass6(20150107-080018)" time="0.8146906">
<skipped/>
</testcase>
<testcase name="random3[IOS_4_iPhone 3Gs_firefox_31]" classname="se.redmind.rmtest.selenium.example.RandomClass6(20150107-080018)" time="0.9247191">
	<failure type="java.lang.AssertionError:">java.lang.AssertionError: null
		at org.junit.Assert.fail(Assert.java:86)
		at org.junit.Assert.assertTrue(Assert.java:41)
		at org.junit.Assert.assertTrue(Assert.java:52)
		at se.redmind.rmtest.selenium.example.CreateRandomRes3.random14(CreateRandomRes3.java:128)
	</failure>
</testcase>
<testcase name="random3[IOS_4_iPhone 3Gs_chrome_42]" classname="se.redmind.rmtest.selenium.example.RandomClass6(20150107-080018)" time="1.615474">
<skipped/>
</testcase>
<testcase name="random3[IOS_4_iPhone 3Gs_chrome_42]" classname="se.redmind.rmtest.selenium.example.RandomClass6(20150107-080018)" time="1.7419729">
	<failure type="java.lang.AssertionError:">java.lang.AssertionError: null
		at org.junit.Assert.fail(Assert.java:86)
		at org.junit.Assert.assertTrue(Assert.java:41)
		at org.junit.Assert.assertTrue(Assert.java:52)
		at se.redmind.rmtest.selenium.example.CreateRandomRes3.random14(CreateRandomRes3.java:128)
	</failure>
</testcase>
<testcase name="random3[IOS_4_iPhone 3Gs_explorer_10]" classname="se.redmind.rmtest.selenium.example.RandomClass6(20150107-080018)" time="1.433824">
<skipped/>
</testcase>
<testcase name="random3[IOS_4_iPhone 3Gs_explorer_10]" classname="se.redmind.rmtest.selenium.example.RandomClass6(20150107-080018)" time="1.6795654">
	<failure type="java.lang.AssertionError:">java.lang.AssertionError: null
		at org.junit.Assert.fail(Assert.java:86)
		at org.junit.Assert.assertTrue(Assert.java:41)
		at org.junit.Assert.assertTrue(Assert.java:52)
		at se.redmind.rmtest.selenium.example.CreateRandomRes3.random14(CreateRandomRes3.java:128)
	</failure>
</testcase>
<testcase name="random3[IOS_4_iPhone 3Gs_opera_15]" classname="se.redmind.rmtest.selenium.example.RandomClass6(20150107-080018)" time="0.76847386">
<skipped/>
</testcase>
<testcase name="random3[IOS_4_iPhone 3Gs_opera_15]" classname="se.redmind.rmtest.selenium.example.RandomClass6(20150107-080018)" time="1.0186172"/>
<testcase name="random3[OSX_10.9.5_UNKNOWN_firefox_31]" classname="se.redmind.rmtest.selenium.example.RandomClass6(20150107-080018)" time="0.12687457">
	<error type="java.lang.AssertionError:">java.lang.AssertionError: null
		at org.junit.Assert.fail(Assert.java:86)
		at org.junit.Assert.assertTrue(Assert.java:41)
		at org.junit.Assert.assertTrue(Assert.java:52)
		at se.redmind.rmtest.selenium.example.CreateRandomRes3.random14(CreateRandomRes3.java:128)
	</error>
</testcase>
<testcase name="random3[OSX_10.9.5_UNKNOWN_chrome_42]" classname="se.redmind.rmtest.selenium.example.RandomClass6(20150107-080018)" time="1.0131359">
	<failure type="java.lang.AssertionError:">java.lang.AssertionError: null
		at org.junit.Assert.fail(Assert.java:86)
		at org.junit.Assert.assertTrue(Assert.java:41)
		at org.junit.Assert.assertTrue(Assert.java:52)
		at se.redmind.rmtest.selenium.example.CreateRandomRes3.random14(CreateRandomRes3.java:128)
	</failure>
</testcase>
<testcase name="random3[OSX_10.9.5_UNKNOWN_explorer_10]" classname="se.redmind.rmtest.selenium.example.RandomClass6(20150107-080018)" time="0.80816174"/>
<testcase name="random3[OSX_10.9.5_UNKNOWN_opera_15]" classname="se.redmind.rmtest.selenium.example.RandomClass6(20150107-080018)" time="0.8400575">
	<failure type="java.lang.AssertionError:">java.lang.AssertionError: null
		at org.junit.Assert.fail(Assert.java:86)
		at org.junit.Assert.assertTrue(Assert.java:41)
		at org.junit.Assert.assertTrue(Assert.java:52)
		at se.redmind.rmtest.selenium.example.CreateRandomRes3.random14(CreateRandomRes3.java:128)
	</failure>
</testcase>
<testcase name="random3[Windows_8.1_UNKNOWN_firefox_31]" classname="se.redmind.rmtest.selenium.example.RandomClass6(20150107-080018)" time="0.53464365"/>
<testcase name="random3[Windows_8.1_UNKNOWN_chrome_42]" classname="se.redmind.rmtest.selenium.example.RandomClass6(20150107-080018)" time="0.013031602"/>
<testcase name="random3[Windows_8.1_UNKNOWN_explorer_10]" classname="se.redmind.rmtest.selenium.example.RandomClass6(20150107-080018)" time="0.458838">
	<failure type="java.lang.AssertionError:">java.lang.AssertionError: null
		at org.junit.Assert.fail(Assert.java:86)
		at org.junit.Assert.assertTrue(Assert.java:41)
		at org.junit.Assert.assertTrue(Assert.java:52)
		at se.redmind.rmtest.selenium.example.CreateRandomRes3.random14(CreateRandomRes3.java:128)
	</failure>
</testcase>
<testcase name="random3[Windows_8.1_UNKNOWN_opera_15]" classname="se.redmind.rmtest.selenium.example.RandomClass6(20150107-080018)" time="0.6750413"/>
<testcase name="random3[Windows_10_UNKNOWN_firefox_31]" classname="se.redmind.rmtest.selenium.example.RandomClass6(20150107-080018)" time="1.0071154">
	<failure type="java.lang.AssertionError:">java.lang.AssertionError: null
		at org.junit.Assert.fail(Assert.java:86)
		at org.junit.Assert.assertTrue(Assert.java:41)
		at org.junit.Assert.assertTrue(Assert.java:52)
		at se.redmind.rmtest.selenium.example.CreateRandomRes3.random14(CreateRandomRes3.java:128)
	</failure>
</testcase>
<testcase name="random3[Windows_10_UNKNOWN_chrome_42]" classname="se.redmind.rmtest.selenium.example.RandomClass6(20150107-080018)" time="0.36039007">
	<failure type="java.lang.AssertionError:">java.lang.AssertionError: null
		at org.junit.Assert.fail(Assert.java:86)
		at org.junit.Assert.assertTrue(Assert.java:41)
		at org.junit.Assert.assertTrue(Assert.java:52)
		at se.redmind.rmtest.selenium.example.CreateRandomRes3.random14(CreateRandomRes3.java:128)
	</failure>
</testcase>
<testcase name="random3[Windows_10_UNKNOWN_explorer_10]" classname="se.redmind.rmtest.selenium.example.RandomClass6(20150107-080018)" time="0.4495591"/>
<testcase name="random3[Windows_10_UNKNOWN_opera_15]" classname="se.redmind.rmtest.selenium.example.RandomClass6(20150107-080018)" time="0.47033417">
	<failure type="java.lang.AssertionError:">java.lang.AssertionError: null
		at org.junit.Assert.fail(Assert.java:86)
		at org.junit.Assert.assertTrue(Assert.java:41)
		at org.junit.Assert.assertTrue(Assert.java:52)
		at se.redmind.rmtest.selenium.example.CreateRandomRes3.random14(CreateRandomRes3.java:128)
	</failure>
</testcase>
<testcase name="random3[Ubuntu_14.04_UNKNOWN_firefox_31]" classname="se.redmind.rmtest.selenium.example.RandomClass6(20150107-080018)" time="0.70275486"/>
<testcase name="random3[Ubuntu_14.04_UNKNOWN_chrome_42]" classname="se.redmind.rmtest.selenium.example.RandomClass6(20150107-080018)" time="0.4107777"/>
<testcase name="random3[Ubuntu_14.04_UNKNOWN_explorer_10]" classname="se.redmind.rmtest.selenium.example.RandomClass6(20150107-080018)" time="0.10143435">
	<failure type="java.lang.AssertionError:">java.lang.AssertionError: null
		at org.junit.Assert.fail(Assert.java:86)
		at org.junit.Assert.assertTrue(Assert.java:41)
		at org.junit.Assert.assertTrue(Assert.java:52)
		at se.redmind.rmtest.selenium.example.CreateRandomRes3.random14(CreateRandomRes3.java:128)
	</failure>
</testcase>
<testcase name="random3[Ubuntu_14.04_UNKNOWN_opera_15]" classname="se.redmind.rmtest.selenium.example.RandomClass6(20150107-080018)" time="0.8224808"/>
<testcase name="random4[Android_2.3_VeiVei_firefox_31]" classname="se.redmind.rmtest.selenium.example.RandomClass6(20150107-080018)" time="0.25122297"/>
<testcase name="random4[Android_2.3_VeiVei_chrome_42]" classname="se.redmind.rmtest.selenium.example.RandomClass6(20150107-080018)" time="1.0908347">
	<failure type="java.lang.AssertionError:">java.lang.AssertionError: null
		at org.junit.Assert.fail(Assert.java:86)
		at org.junit.Assert.assertTrue(Assert.java:41)
		at org.junit.Assert.assertTrue(Assert.java:52)
		at se.redmind.rmtest.selenium.example.CreateRandomRes3.random14(CreateRandomRes3.java:128)
	</failure>
</testcase>
<testcase name="random4[Android_2.3_VeiVei_explorer_10]" classname="se.redmind.rmtest.selenium.example.RandomClass6(20150107-080018)" time="0.9655057">
	<failure type="java.lang.AssertionError:">java.lang.AssertionError: null
		at org.junit.Assert.fail(Assert.java:86)
		at org.junit.Assert.assertTrue(Assert.java:41)
		at org.junit.Assert.assertTrue(Assert.java:52)
		at se.redmind.rmtest.selenium.example.CreateRandomRes3.random14(CreateRandomRes3.java:128)
	</failure>
</testcase>
<testcase name="random4[Android_2.3_VeiVei_opera_15]" classname="se.redmind.rmtest.selenium.example.RandomClass6(20150107-080018)" time="0.21184647">
	<failure type="java.lang.AssertionError:">java.lang.AssertionError: null
		at org.junit.Assert.fail(Assert.java:86)
		at org.junit.Assert.assertTrue(Assert.java:41)
		at org.junit.Assert.assertTrue(Assert.java:52)
		at se.redmind.rmtest.selenium.example.CreateRandomRes3.random14(CreateRandomRes3.java:128)
	</failure>
</testcase>
<testcase name="random4[Android_4.4.4_Sony Experia Z3_firefox_31]" classname="se.redmind.rmtest.selenium.example.RandomClass6(20150107-080018)" time="1.1025102">
	<failure type="java.lang.AssertionError:">java.lang.AssertionError: null
		at org.junit.Assert.fail(Assert.java:86)
		at org.junit.Assert.assertTrue(Assert.java:41)
		at org.junit.Assert.assertTrue(Assert.java:52)
		at se.redmind.rmtest.selenium.example.CreateRandomRes3.random14(CreateRandomRes3.java:128)
	</failure>
</testcase>
<testcase name="random4[Android_4.4.4_Sony Experia Z3_chrome_42]" classname="se.redmind.rmtest.selenium.example.RandomClass6(20150107-080018)" time="1.003298">
	<failure type="java.lang.AssertionError:">java.lang.AssertionError: null
		at org.junit.Assert.fail(Assert.java:86)
		at org.junit.Assert.assertTrue(Assert.java:41)
		at org.junit.Assert.assertTrue(Assert.java:52)
		at se.redmind.rmtest.selenium.example.CreateRandomRes3.random14(CreateRandomRes3.java:128)
	</failure>
</testcase>
<testcase name="random4[Android_4.4.4_Sony Experia Z3_explorer_10]" classname="se.redmind.rmtest.selenium.example.RandomClass6(20150107-080018)" time="0.47325957"/>
<testcase name="random4[Android_4.4.4_Sony Experia Z3_opera_15]" classname="se.redmind.rmtest.selenium.example.RandomClass6(20150107-080018)" time="1.410924"/>
<testcase name="random4[IOS_4_iPhone 3Gs_firefox_31]" classname="se.redmind.rmtest.selenium.example.RandomClass6(20150107-080018)" time="1.0135759"/>
<testcase name="random4[IOS_4_iPhone 3Gs_chrome_42]" classname="se.redmind.rmtest.selenium.example.RandomClass6(20150107-080018)" time="0.7146405"/>
<testcase name="random4[IOS_4_iPhone 3Gs_explorer_10]" classname="se.redmind.rmtest.selenium.example.RandomClass6(20150107-080018)" time="1.1830044"/>
<testcase name="random4[IOS_4_iPhone 3Gs_opera_15]" classname="se.redmind.rmtest.selenium.example.RandomClass6(20150107-080018)" time="0.3094982">
	<error type="java.lang.AssertionError:">java.lang.AssertionError: null
		at org.junit.Assert.fail(Assert.java:86)
		at org.junit.Assert.assertTrue(Assert.java:41)
		at org.junit.Assert.assertTrue(Assert.java:52)
		at se.redmind.rmtest.selenium.example.CreateRandomRes3.random14(CreateRandomRes3.java:128)
	</error>
</testcase>
<testcase name="random4[OSX_10.9.5_UNKNOWN_firefox_31]" classname="se.redmind.rmtest.selenium.example.RandomClass6(20150107-080018)" time="0.41876793">
	<failure type="java.lang.AssertionError:">java.lang.AssertionError: null
		at org.junit.Assert.fail(Assert.java:86)
		at org.junit.Assert.assertTrue(Assert.java:41)
		at org.junit.Assert.assertTrue(Assert.java:52)
		at se.redmind.rmtest.selenium.example.CreateRandomRes3.random14(CreateRandomRes3.java:128)
	</failure>
</testcase>
<testcase name="random4[OSX_10.9.5_UNKNOWN_chrome_42]" classname="se.redmind.rmtest.selenium.example.RandomClass6(20150107-080018)" time="1.1743029"/>
<testcase name="random4[OSX_10.9.5_UNKNOWN_explorer_10]" classname="se.redmind.rmtest.selenium.example.RandomClass6(20150107-080018)" time="0.10695267"/>
<testcase name="random4[OSX_10.9.5_UNKNOWN_opera_15]" classname="se.redmind.rmtest.selenium.example.RandomClass6(20150107-080018)" time="0.16075194"/>
<testcase name="random4[Windows_8.1_UNKNOWN_firefox_31]" classname="se.redmind.rmtest.selenium.example.RandomClass6(20150107-080018)" time="0.6371088"/>
<testcase name="random4[Windows_8.1_UNKNOWN_chrome_42]" classname="se.redmind.rmtest.selenium.example.RandomClass6(20150107-080018)" time="0.80778503">
	<failure type="java.lang.AssertionError:">java.lang.AssertionError: null
		at org.junit.Assert.fail(Assert.java:86)
		at org.junit.Assert.assertTrue(Assert.java:41)
		at org.junit.Assert.assertTrue(Assert.java:52)
		at se.redmind.rmtest.selenium.example.CreateRandomRes3.random14(CreateRandomRes3.java:128)
	</failure>
</testcase>
<testcase name="random4[Windows_8.1_UNKNOWN_explorer_10]" classname="se.redmind.rmtest.selenium.example.RandomClass6(20150107-080018)" time="1.1501088">
	<error type="java.lang.AssertionError:">java.lang.AssertionError: null
		at org.junit.Assert.fail(Assert.java:86)
		at org.junit.Assert.assertTrue(Assert.java:41)
		at org.junit.Assert.assertTrue(Assert.java:52)
		at se.redmind.rmtest.selenium.example.CreateRandomRes3.random14(CreateRandomRes3.java:128)
	</error>
</testcase>
<testcase name="random4[Windows_8.1_UNKNOWN_opera_15]" classname="se.redmind.rmtest.selenium.example.RandomClass6(20150107-080018)" time="0.6202853"/>
<testcase name="random4[Windows_10_UNKNOWN_firefox_31]" classname="se.redmind.rmtest.selenium.example.RandomClass6(20150107-080018)" time="1.6360894">
	<failure type="java.lang.AssertionError:">java.lang.AssertionError: null
		at org.junit.Assert.fail(Assert.java:86)
		at org.junit.Assert.assertTrue(Assert.java:41)
		at org.junit.Assert.assertTrue(Assert.java:52)
		at se.redmind.rmtest.selenium.example.CreateRandomRes3.random14(CreateRandomRes3.java:128)
	</failure>
</testcase>
<testcase name="random4[Windows_10_UNKNOWN_chrome_42]" classname="se.redmind.rmtest.selenium.example.RandomClass6(20150107-080018)" time="0.96768"/>
<testcase name="random4[Windows_10_UNKNOWN_explorer_10]" classname="se.redmind.rmtest.selenium.example.RandomClass6(20150107-080018)" time="1.7844341">
	<failure type="java.lang.AssertionError:">java.lang.AssertionError: null
		at org.junit.Assert.fail(Assert.java:86)
		at org.junit.Assert.assertTrue(Assert.java:41)
		at org.junit.Assert.assertTrue(Assert.java:52)
		at se.redmind.rmtest.selenium.example.CreateRandomRes3.random14(CreateRandomRes3.java:128)
	</failure>
</testcase>
<testcase name="random4[Windows_10_UNKNOWN_opera_15]" classname="se.redmind.rmtest.selenium.example.RandomClass6(20150107-080018)" time="0.56416035">
	<failure type="java.lang.AssertionError:">java.lang.AssertionError: null
		at org.junit.Assert.fail(Assert.java:86)
		at org.junit.Assert.assertTrue(Assert.java:41)
		at org.junit.Assert.assertTrue(Assert.java:52)
		at se.redmind.rmtest.selenium.example.CreateRandomRes3.random14(CreateRandomRes3.java:128)
	</failure>
</testcase>
<testcase name="random4[Ubuntu_14.04_UNKNOWN_firefox_31]" classname="se.redmind.rmtest.selenium.example.RandomClass6(20150107-080018)" time="0.9001012">
	<failure type="java.lang.AssertionError:">java.lang.AssertionError: null
		at org.junit.Assert.fail(Assert.java:86)
		at org.junit.Assert.assertTrue(Assert.java:41)
		at org.junit.Assert.assertTrue(Assert.java:52)
		at se.redmind.rmtest.selenium.example.CreateRandomRes3.random14(CreateRandomRes3.java:128)
	</failure>
</testcase>
<testcase name="random4[Ubuntu_14.04_UNKNOWN_chrome_42]" classname="se.redmind.rmtest.selenium.example.RandomClass6(20150107-080018)" time="0.8948504">
	<failure type="java.lang.AssertionError:">java.lang.AssertionError: null
		at org.junit.Assert.fail(Assert.java:86)
		at org.junit.Assert.assertTrue(Assert.java:41)
		at org.junit.Assert.assertTrue(Assert.java:52)
		at se.redmind.rmtest.selenium.example.CreateRandomRes3.random14(CreateRandomRes3.java:128)
	</failure>
</testcase>
<testcase name="random4[Ubuntu_14.04_UNKNOWN_explorer_10]" classname="se.redmind.rmtest.selenium.example.RandomClass6(20150107-080018)" time="1.3790426">
	<failure type="java.lang.AssertionError:">java.lang.AssertionError: null
		at org.junit.Assert.fail(Assert.java:86)
		at org.junit.Assert.assertTrue(Assert.java:41)
		at org.junit.Assert.assertTrue(Assert.java:52)
		at se.redmind.rmtest.selenium.example.CreateRandomRes3.random14(CreateRandomRes3.java:128)
	</failure>
</testcase>
<testcase name="random4[Ubuntu_14.04_UNKNOWN_opera_15]" classname="se.redmind.rmtest.selenium.example.RandomClass6(20150107-080018)" time="1.4741628"/>
<testcase name="random1[Android_4.4.4_HTC ONE_firefox_31]" classname="se.redmind.rmtest.selenium.example.RandomClass7(20150107-080018)" time="1.2570336">
	<failure type="java.lang.AssertionError:">java.lang.AssertionError: null
		at org.junit.Assert.fail(Assert.java:86)
		at org.junit.Assert.assertTrue(Assert.java:41)
		at org.junit.Assert.assertTrue(Assert.java:52)
		at se.redmind.rmtest.selenium.example.CreateRandomRes3.random14(CreateRandomRes3.java:128)
	</failure>
</testcase>
<testcase name="random1[Android_4.4.4_HTC ONE_chrome_42]" classname="se.redmind.rmtest.selenium.example.RandomClass7(20150107-080018)" time="1.0514091"/>
<testcase name="random1[Android_4.4.4_HTC ONE_explorer_10]" classname="se.redmind.rmtest.selenium.example.RandomClass7(20150107-080018)" time="0.95126486"/>
<testcase name="random1[Android_4.4.4_HTC ONE_opera_15]" classname="se.redmind.rmtest.selenium.example.RandomClass7(20150107-080018)" time="1.8081062">
	<failure type="java.lang.AssertionError:">java.lang.AssertionError: null
		at org.junit.Assert.fail(Assert.java:86)
		at org.junit.Assert.assertTrue(Assert.java:41)
		at org.junit.Assert.assertTrue(Assert.java:52)
		at se.redmind.rmtest.selenium.example.CreateRandomRes3.random14(CreateRandomRes3.java:128)
	</failure>
</testcase>
<testcase name="random1[Android_5.1_Nexus 6_firefox_31]" classname="se.redmind.rmtest.selenium.example.RandomClass7(20150107-080018)" time="1.1924345"/>
<testcase name="random1[Android_5.1_Nexus 6_chrome_42]" classname="se.redmind.rmtest.selenium.example.RandomClass7(20150107-080018)" time="0.5692396">
	<failure type="java.lang.AssertionError:">java.lang.AssertionError: null
		at org.junit.Assert.fail(Assert.java:86)
		at org.junit.Assert.assertTrue(Assert.java:41)
		at org.junit.Assert.assertTrue(Assert.java:52)
		at se.redmind.rmtest.selenium.example.CreateRandomRes3.random14(CreateRandomRes3.java:128)
	</failure>
</testcase>
<testcase name="random1[Android_5.1_Nexus 6_explorer_10]" classname="se.redmind.rmtest.selenium.example.RandomClass7(20150107-080018)" time="1.762584"/>
<testcase name="random1[Android_5.1_Nexus 6_opera_15]" classname="se.redmind.rmtest.selenium.example.RandomClass7(20150107-080018)" time="0.8176948"/>
<testcase name="random1[Android_2.3_VeiVei_firefox_31]" classname="se.redmind.rmtest.selenium.example.RandomClass7(20150107-080018)" time="1.1141541">
	<failure type="java.lang.AssertionError:">java.lang.AssertionError: null
		at org.junit.Assert.fail(Assert.java:86)
		at org.junit.Assert.assertTrue(Assert.java:41)
		at org.junit.Assert.assertTrue(Assert.java:52)
		at se.redmind.rmtest.selenium.example.CreateRandomRes3.random14(CreateRandomRes3.java:128)
	</failure>
</testcase>
<testcase name="random1[Android_2.3_VeiVei_chrome_42]" classname="se.redmind.rmtest.selenium.example.RandomClass7(20150107-080018)" time="0.88885844"/>
<testcase name="random1[Android_2.3_VeiVei_explorer_10]" classname="se.redmind.rmtest.selenium.example.RandomClass7(20150107-080018)" time="1.137335"/>
<testcase name="random1[Android_2.3_VeiVei_opera_15]" classname="se.redmind.rmtest.selenium.example.RandomClass7(20150107-080018)" time="1.8083315">
	<failure type="java.lang.AssertionError:">java.lang.AssertionError: null
		at org.junit.Assert.fail(Assert.java:86)
		at org.junit.Assert.assertTrue(Assert.java:41)
		at org.junit.Assert.assertTrue(Assert.java:52)
		at se.redmind.rmtest.selenium.example.CreateRandomRes3.random14(CreateRandomRes3.java:128)
	</failure>
</testcase>
<testcase name="random1[Android_4.4.4_Sony Experia Z3_firefox_31]" classname="se.redmind.rmtest.selenium.example.RandomClass7(20150107-080018)" time="1.3744565">
	<failure type="java.lang.AssertionError:">java.lang.AssertionError: null
		at org.junit.Assert.fail(Assert.java:86)
		at org.junit.Assert.assertTrue(Assert.java:41)
		at org.junit.Assert.assertTrue(Assert.java:52)
		at se.redmind.rmtest.selenium.example.CreateRandomRes3.random14(CreateRandomRes3.java:128)
	</failure>
</testcase>
<testcase name="random1[Android_4.4.4_Sony Experia Z3_chrome_42]" classname="se.redmind.rmtest.selenium.example.RandomClass7(20150107-080018)" time="0.931461">
	<failure type="java.lang.AssertionError:">java.lang.AssertionError: null
		at org.junit.Assert.fail(Assert.java:86)
		at org.junit.Assert.assertTrue(Assert.java:41)
		at org.junit.Assert.assertTrue(Assert.java:52)
		at se.redmind.rmtest.selenium.example.CreateRandomRes3.random14(CreateRandomRes3.java:128)
	</failure>
</testcase>
<testcase name="random1[Android_4.4.4_Sony Experia Z3_explorer_10]" classname="se.redmind.rmtest.selenium.example.RandomClass7(20150107-080018)" time="0.4600395">
	<failure type="java.lang.AssertionError:">java.lang.AssertionError: null
		at org.junit.Assert.fail(Assert.java:86)
		at org.junit.Assert.assertTrue(Assert.java:41)
		at org.junit.Assert.assertTrue(Assert.java:52)
		at se.redmind.rmtest.selenium.example.CreateRandomRes3.random14(CreateRandomRes3.java:128)
	</failure>
</testcase>
<testcase name="random1[Android_4.4.4_Sony Experia Z3_opera_15]" classname="se.redmind.rmtest.selenium.example.RandomClass7(20150107-080018)" time="0.24339879"/>
<testcase name="random1[IOS_4_iPhone 3Gs_firefox_31]" classname="se.redmind.rmtest.selenium.example.RandomClass7(20150107-080018)" time="0.32750237"/>
<testcase name="random1[IOS_4_iPhone 3Gs_chrome_42]" classname="se.redmind.rmtest.selenium.example.RandomClass7(20150107-080018)" time="1.5865365">
	<failure type="java.lang.AssertionError:">java.lang.AssertionError: null
		at org.junit.Assert.fail(Assert.java:86)
		at org.junit.Assert.assertTrue(Assert.java:41)
		at org.junit.Assert.assertTrue(Assert.java:52)
		at se.redmind.rmtest.selenium.example.CreateRandomRes3.random14(CreateRandomRes3.java:128)
	</failure>
</testcase>
<testcase name="random1[IOS_4_iPhone 3Gs_explorer_10]" classname="se.redmind.rmtest.selenium.example.RandomClass7(20150107-080018)" time="1.4183187"/>
<testcase name="random1[IOS_4_iPhone 3Gs_opera_15]" classname="se.redmind.rmtest.selenium.example.RandomClass7(20150107-080018)" time="1.7896075"/>
<testcase name="random1[OSX_10.9.5_UNKNOWN_firefox_31]" classname="se.redmind.rmtest.selenium.example.RandomClass7(20150107-080018)" time="0.7567277"/>
<testcase name="random1[OSX_10.9.5_UNKNOWN_chrome_42]" classname="se.redmind.rmtest.selenium.example.RandomClass7(20150107-080018)" time="1.9320179">
	<failure type="java.lang.AssertionError:">java.lang.AssertionError: null
		at org.junit.Assert.fail(Assert.java:86)
		at org.junit.Assert.assertTrue(Assert.java:41)
		at org.junit.Assert.assertTrue(Assert.java:52)
		at se.redmind.rmtest.selenium.example.CreateRandomRes3.random14(CreateRandomRes3.java:128)
	</failure>
</testcase>
<testcase name="random1[OSX_10.9.5_UNKNOWN_explorer_10]" classname="se.redmind.rmtest.selenium.example.RandomClass7(20150107-080018)" time="1.5978451"/>
<testcase name="random1[OSX_10.9.5_UNKNOWN_opera_15]" classname="se.redmind.rmtest.selenium.example.RandomClass7(20150107-080018)" time="0.37804842"/>
<testcase name="random1[Windows_8.1_UNKNOWN_firefox_31]" classname="se.redmind.rmtest.selenium.example.RandomClass7(20150107-080018)" time="1.5491719">
	<failure type="java.lang.AssertionError:">java.lang.AssertionError: null
		at org.junit.Assert.fail(Assert.java:86)
		at org.junit.Assert.assertTrue(Assert.java:41)
		at org.junit.Assert.assertTrue(Assert.java:52)
		at se.redmind.rmtest.selenium.example.CreateRandomRes3.random14(CreateRandomRes3.java:128)
	</failure>
</testcase>
<testcase name="random1[Windows_8.1_UNKNOWN_chrome_42]" classname="se.redmind.rmtest.selenium.example.RandomClass7(20150107-080018)" time="0.93988466">
	<error type="java.lang.AssertionError:">java.lang.AssertionError: null
		at org.junit.Assert.fail(Assert.java:86)
		at org.junit.Assert.assertTrue(Assert.java:41)
		at org.junit.Assert.assertTrue(Assert.java:52)
		at se.redmind.rmtest.selenium.example.CreateRandomRes3.random14(CreateRandomRes3.java:128)
	</error>
</testcase>
<testcase name="random1[Windows_8.1_UNKNOWN_explorer_10]" classname="se.redmind.rmtest.selenium.example.RandomClass7(20150107-080018)" time="1.420694">
	<failure type="java.lang.AssertionError:">java.lang.AssertionError: null
		at org.junit.Assert.fail(Assert.java:86)
		at org.junit.Assert.assertTrue(Assert.java:41)
		at org.junit.Assert.assertTrue(Assert.java:52)
		at se.redmind.rmtest.selenium.example.CreateRandomRes3.random14(CreateRandomRes3.java:128)
	</failure>
</testcase>
<testcase name="random1[Windows_8.1_UNKNOWN_opera_15]" classname="se.redmind.rmtest.selenium.example.RandomClass7(20150107-080018)" time="1.6002847">
	<failure type="java.lang.AssertionError:">java.lang.AssertionError: null
		at org.junit.Assert.fail(Assert.java:86)
		at org.junit.Assert.assertTrue(Assert.java:41)
		at org.junit.Assert.assertTrue(Assert.java:52)
		at se.redmind.rmtest.selenium.example.CreateRandomRes3.random14(CreateRandomRes3.java:128)
	</failure>
</testcase>
<testcase name="random2[Android_4.4.4_HTC ONE_firefox_31]" classname="se.redmind.rmtest.selenium.example.RandomClass7(20150107-080018)" time="0.21754658"/>
<testcase name="random2[Android_4.4.4_HTC ONE_chrome_42]" classname="se.redmind.rmtest.selenium.example.RandomClass7(20150107-080018)" time="1.3254344">
	<failure type="java.lang.AssertionError:">java.lang.AssertionError: null
		at org.junit.Assert.fail(Assert.java:86)
		at org.junit.Assert.assertTrue(Assert.java:41)
		at org.junit.Assert.assertTrue(Assert.java:52)
		at se.redmind.rmtest.selenium.example.CreateRandomRes3.random14(CreateRandomRes3.java:128)
	</failure>
</testcase>
<testcase name="random2[Android_4.4.4_HTC ONE_explorer_10]" classname="se.redmind.rmtest.selenium.example.RandomClass7(20150107-080018)" time="0.8868302"/>
<testcase name="random2[Android_4.4.4_HTC ONE_opera_15]" classname="se.redmind.rmtest.selenium.example.RandomClass7(20150107-080018)" time="1.7940931"/>
<testcase name="random2[Android_5.1_Nexus 6_firefox_31]" classname="se.redmind.rmtest.selenium.example.RandomClass7(20150107-080018)" time="0.81901705"/>
<testcase name="random2[Android_5.1_Nexus 6_chrome_42]" classname="se.redmind.rmtest.selenium.example.RandomClass7(20150107-080018)" time="0.27670324"/>
<testcase name="random2[Android_5.1_Nexus 6_explorer_10]" classname="se.redmind.rmtest.selenium.example.RandomClass7(20150107-080018)" time="0.27929032">
	<failure type="java.lang.AssertionError:">java.lang.AssertionError: null
		at org.junit.Assert.fail(Assert.java:86)
		at org.junit.Assert.assertTrue(Assert.java:41)
		at org.junit.Assert.assertTrue(Assert.java:52)
		at se.redmind.rmtest.selenium.example.CreateRandomRes3.random14(CreateRandomRes3.java:128)
	</failure>
</testcase>
<testcase name="random2[Android_5.1_Nexus 6_opera_15]" classname="se.redmind.rmtest.selenium.example.RandomClass7(20150107-080018)" time="0.7442292"/>
<testcase name="random2[Android_2.3_VeiVei_firefox_31]" classname="se.redmind.rmtest.selenium.example.RandomClass7(20150107-080018)" time="1.7456012">
	<failure type="java.lang.AssertionError:">java.lang.AssertionError: null
		at org.junit.Assert.fail(Assert.java:86)
		at org.junit.Assert.assertTrue(Assert.java:41)
		at org.junit.Assert.assertTrue(Assert.java:52)
		at se.redmind.rmtest.selenium.example.CreateRandomRes3.random14(CreateRandomRes3.java:128)
	</failure>
</testcase>
<testcase name="random2[Android_2.3_VeiVei_chrome_42]" classname="se.redmind.rmtest.selenium.example.RandomClass7(20150107-080018)" time="1.9478246">
	<failure type="java.lang.AssertionError:">java.lang.AssertionError: null
		at org.junit.Assert.fail(Assert.java:86)
		at org.junit.Assert.assertTrue(Assert.java:41)
		at org.junit.Assert.assertTrue(Assert.java:52)
		at se.redmind.rmtest.selenium.example.CreateRandomRes3.random14(CreateRandomRes3.java:128)
	</failure>
</testcase>
<testcase name="random2[Android_2.3_VeiVei_explorer_10]" classname="se.redmind.rmtest.selenium.example.RandomClass7(20150107-080018)" time="0.8278285">
	<failure type="java.lang.AssertionError:">java.lang.AssertionError: null
		at org.junit.Assert.fail(Assert.java:86)
		at org.junit.Assert.assertTrue(Assert.java:41)
		at org.junit.Assert.assertTrue(Assert.java:52)
		at se.redmind.rmtest.selenium.example.CreateRandomRes3.random14(CreateRandomRes3.java:128)
	</failure>
</testcase>
<testcase name="random2[Android_2.3_VeiVei_opera_15]" classname="se.redmind.rmtest.selenium.example.RandomClass7(20150107-080018)" time="1.8902233"/>
<testcase name="random2[Android_4.4.4_Sony Experia Z3_firefox_31]" classname="se.redmind.rmtest.selenium.example.RandomClass7(20150107-080018)" time="1.7262812">
	<failure type="java.lang.AssertionError:">java.lang.AssertionError: null
		at org.junit.Assert.fail(Assert.java:86)
		at org.junit.Assert.assertTrue(Assert.java:41)
		at org.junit.Assert.assertTrue(Assert.java:52)
		at se.redmind.rmtest.selenium.example.CreateRandomRes3.random14(CreateRandomRes3.java:128)
	</failure>
</testcase>
<testcase name="random2[Android_4.4.4_Sony Experia Z3_chrome_42]" classname="se.redmind.rmtest.selenium.example.RandomClass7(20150107-080018)" time="0.3094703"/>
<testcase name="random2[Android_4.4.4_Sony Experia Z3_explorer_10]" classname="se.redmind.rmtest.selenium.example.RandomClass7(20150107-080018)" time="1.1181631"/>
<testcase name="random2[Android_4.4.4_Sony Experia Z3_opera_15]" classname="se.redmind.rmtest.selenium.example.RandomClass7(20150107-080018)" time="1.6308371">
	<failure type="java.lang.AssertionError:">java.lang.AssertionError: null
		at org.junit.Assert.fail(Assert.java:86)
		at org.junit.Assert.assertTrue(Assert.java:41)
		at org.junit.Assert.assertTrue(Assert.java:52)
		at se.redmind.rmtest.selenium.example.CreateRandomRes3.random14(CreateRandomRes3.java:128)
	</failure>
</testcase>
<testcase name="random2[IOS_4_iPhone 3Gs_firefox_31]" classname="se.redmind.rmtest.selenium.example.RandomClass7(20150107-080018)" time="0.1539309">
	<failure type="java.lang.AssertionError:">java.lang.AssertionError: null
		at org.junit.Assert.fail(Assert.java:86)
		at org.junit.Assert.assertTrue(Assert.java:41)
		at org.junit.Assert.assertTrue(Assert.java:52)
		at se.redmind.rmtest.selenium.example.CreateRandomRes3.random14(CreateRandomRes3.java:128)
	</failure>
</testcase>
<testcase name="random2[IOS_4_iPhone 3Gs_chrome_42]" classname="se.redmind.rmtest.selenium.example.RandomClass7(20150107-080018)" time="1.4487748">
	<failure type="java.lang.AssertionError:">java.lang.AssertionError: null
		at org.junit.Assert.fail(Assert.java:86)
		at org.junit.Assert.assertTrue(Assert.java:41)
		at org.junit.Assert.assertTrue(Assert.java:52)
		at se.redmind.rmtest.selenium.example.CreateRandomRes3.random14(CreateRandomRes3.java:128)
	</failure>
</testcase>
<testcase name="random2[IOS_4_iPhone 3Gs_explorer_10]" classname="se.redmind.rmtest.selenium.example.RandomClass7(20150107-080018)" time="1.6998274">
	<failure type="java.lang.AssertionError:">java.lang.AssertionError: null
		at org.junit.Assert.fail(Assert.java:86)
		at org.junit.Assert.assertTrue(Assert.java:41)
		at org.junit.Assert.assertTrue(Assert.java:52)
		at se.redmind.rmtest.selenium.example.CreateRandomRes3.random14(CreateRandomRes3.java:128)
	</failure>
</testcase>
<testcase name="random2[IOS_4_iPhone 3Gs_opera_15]" classname="se.redmind.rmtest.selenium.example.RandomClass7(20150107-080018)" time="1.5091333"/>
<testcase name="random2[OSX_10.9.5_UNKNOWN_firefox_31]" classname="se.redmind.rmtest.selenium.example.RandomClass7(20150107-080018)" time="1.3486557">
	<failure type="java.lang.AssertionError:">java.lang.AssertionError: null
		at org.junit.Assert.fail(Assert.java:86)
		at org.junit.Assert.assertTrue(Assert.java:41)
		at org.junit.Assert.assertTrue(Assert.java:52)
		at se.redmind.rmtest.selenium.example.CreateRandomRes3.random14(CreateRandomRes3.java:128)
	</failure>
</testcase>
<testcase name="random2[OSX_10.9.5_UNKNOWN_chrome_42]" classname="se.redmind.rmtest.selenium.example.RandomClass7(20150107-080018)" time="1.3568741">
	<error type="java.lang.AssertionError:">java.lang.AssertionError: null
		at org.junit.Assert.fail(Assert.java:86)
		at org.junit.Assert.assertTrue(Assert.java:41)
		at org.junit.Assert.assertTrue(Assert.java:52)
		at se.redmind.rmtest.selenium.example.CreateRandomRes3.random14(CreateRandomRes3.java:128)
	</error>
</testcase>
<testcase name="random2[OSX_10.9.5_UNKNOWN_explorer_10]" classname="se.redmind.rmtest.selenium.example.RandomClass7(20150107-080018)" time="1.7128814"/>
<testcase name="random2[OSX_10.9.5_UNKNOWN_opera_15]" classname="se.redmind.rmtest.selenium.example.RandomClass7(20150107-080018)" time="1.4285156"/>
<testcase name="random2[Windows_8.1_UNKNOWN_firefox_31]" classname="se.redmind.rmtest.selenium.example.RandomClass7(20150107-080018)" time="1.259134"/>
<testcase name="random2[Windows_8.1_UNKNOWN_chrome_42]" classname="se.redmind.rmtest.selenium.example.RandomClass7(20150107-080018)" time="1.1420603">
	<failure type="java.lang.AssertionError:">java.lang.AssertionError: null
		at org.junit.Assert.fail(Assert.java:86)
		at org.junit.Assert.assertTrue(Assert.java:41)
		at org.junit.Assert.assertTrue(Assert.java:52)
		at se.redmind.rmtest.selenium.example.CreateRandomRes3.random14(CreateRandomRes3.java:128)
	</failure>
</testcase>
<testcase name="random2[Windows_8.1_UNKNOWN_explorer_10]" classname="se.redmind.rmtest.selenium.example.RandomClass7(20150107-080018)" time="0.32724082">
	<failure type="java.lang.AssertionError:">java.lang.AssertionError: null
		at org.junit.Assert.fail(Assert.java:86)
		at org.junit.Assert.assertTrue(Assert.java:41)
		at org.junit.Assert.assertTrue(Assert.java:52)
		at se.redmind.rmtest.selenium.example.CreateRandomRes3.random14(CreateRandomRes3.java:128)
	</failure>
</testcase>
<testcase name="random2[Windows_8.1_UNKNOWN_opera_15]" classname="se.redmind.rmtest.selenium.example.RandomClass7(20150107-080018)" time="1.6760604">
	<failure type="java.lang.AssertionError:">java.lang.AssertionError: null
		at org.junit.Assert.fail(Assert.java:86)
		at org.junit.Assert.assertTrue(Assert.java:41)
		at org.junit.Assert.assertTrue(Assert.java:52)
		at se.redmind.rmtest.selenium.example.CreateRandomRes3.random14(CreateRandomRes3.java:128)
	</failure>
</testcase>
<testcase name="random3[Android_4.4.4_HTC ONE_firefox_31]" classname="se.redmind.rmtest.selenium.example.RandomClass7(20150107-080018)" time="1.4671122">
	<failure type="java.lang.AssertionError:">java.lang.AssertionError: null
		at org.junit.Assert.fail(Assert.java:86)
		at org.junit.Assert.assertTrue(Assert.java:41)
		at org.junit.Assert.assertTrue(Assert.java:52)
		at se.redmind.rmtest.selenium.example.CreateRandomRes3.random14(CreateRandomRes3.java:128)
	</failure>
</testcase>
<testcase name="random3[Android_4.4.4_HTC ONE_chrome_42]" classname="se.redmind.rmtest.selenium.example.RandomClass7(20150107-080018)" time="1.7510482">
	<failure type="java.lang.AssertionError:">java.lang.AssertionError: null
		at org.junit.Assert.fail(Assert.java:86)
		at org.junit.Assert.assertTrue(Assert.java:41)
		at org.junit.Assert.assertTrue(Assert.java:52)
		at se.redmind.rmtest.selenium.example.CreateRandomRes3.random14(CreateRandomRes3.java:128)
	</failure>
</testcase>
<testcase name="random3[Android_4.4.4_HTC ONE_explorer_10]" classname="se.redmind.rmtest.selenium.example.RandomClass7(20150107-080018)" time="1.951042">
	<failure type="java.lang.AssertionError:">java.lang.AssertionError: null
		at org.junit.Assert.fail(Assert.java:86)
		at org.junit.Assert.assertTrue(Assert.java:41)
		at org.junit.Assert.assertTrue(Assert.java:52)
		at se.redmind.rmtest.selenium.example.CreateRandomRes3.random14(CreateRandomRes3.java:128)
	</failure>
</testcase>
<testcase name="random3[Android_4.4.4_HTC ONE_opera_15]" classname="se.redmind.rmtest.selenium.example.RandomClass7(20150107-080018)" time="1.2024626"/>
<testcase name="random3[Android_5.1_Nexus 6_firefox_31]" classname="se.redmind.rmtest.selenium.example.RandomClass7(20150107-080018)" time="1.3624061">
	<failure type="java.lang.AssertionError:">java.lang.AssertionError: null
		at org.junit.Assert.fail(Assert.java:86)
		at org.junit.Assert.assertTrue(Assert.java:41)
		at org.junit.Assert.assertTrue(Assert.java:52)
		at se.redmind.rmtest.selenium.example.CreateRandomRes3.random14(CreateRandomRes3.java:128)
	</failure>
</testcase>
<testcase name="random3[Android_5.1_Nexus 6_chrome_42]" classname="se.redmind.rmtest.selenium.example.RandomClass7(20150107-080018)" time="0.9838786">
	<failure type="java.lang.AssertionError:">java.lang.AssertionError: null
		at org.junit.Assert.fail(Assert.java:86)
		at org.junit.Assert.assertTrue(Assert.java:41)
		at org.junit.Assert.assertTrue(Assert.java:52)
		at se.redmind.rmtest.selenium.example.CreateRandomRes3.random14(CreateRandomRes3.java:128)
	</failure>
</testcase>
<testcase name="random3[Android_5.1_Nexus 6_explorer_10]" classname="se.redmind.rmtest.selenium.example.RandomClass7(20150107-080018)" time="1.0941744"/>
<testcase name="random3[Android_5.1_Nexus 6_opera_15]" classname="se.redmind.rmtest.selenium.example.RandomClass7(20150107-080018)" time="0.64946175"/>
<testcase name="random3[Android_2.3_VeiVei_firefox_31]" classname="se.redmind.rmtest.selenium.example.RandomClass7(20150107-080018)" time="0.80659735">
	<error type="java.lang.AssertionError:">java.lang.AssertionError: null
		at org.junit.Assert.fail(Assert.java:86)
		at org.junit.Assert.assertTrue(Assert.java:41)
		at org.junit.Assert.assertTrue(Assert.java:52)
		at se.redmind.rmtest.selenium.example.CreateRandomRes3.random14(CreateRandomRes3.java:128)
	</error>
</testcase>
<testcase name="random3[Android_2.3_VeiVei_chrome_42]" classname="se.redmind.rmtest.selenium.example.RandomClass7(20150107-080018)" time="0.60118806"/>
<testcase name="random3[Android_2.3_VeiVei_explorer_10]" classname="se.redmind.rmtest.selenium.example.RandomClass7(20150107-080018)" time="0.67351186">
	<error type="java.lang.AssertionError:">java.lang.AssertionError: null
		at org.junit.Assert.fail(Assert.java:86)
		at org.junit.Assert.assertTrue(Assert.java:41)
		at org.junit.Assert.assertTrue(Assert.java:52)
		at se.redmind.rmtest.selenium.example.CreateRandomRes3.random14(CreateRandomRes3.java:128)
	</error>
</testcase>
<testcase name="random3[Android_2.3_VeiVei_opera_15]" classname="se.redmind.rmtest.selenium.example.RandomClass7(20150107-080018)" time="0.16181993"/>
<testcase name="random3[Android_4.4.4_Sony Experia Z3_firefox_31]" classname="se.redmind.rmtest.selenium.example.RandomClass7(20150107-080018)" time="0.39218974"/>
<testcase name="random3[Android_4.4.4_Sony Experia Z3_chrome_42]" classname="se.redmind.rmtest.selenium.example.RandomClass7(20150107-080018)" time="0.79092526">
	<error type="java.lang.AssertionError:">java.lang.AssertionError: null
		at org.junit.Assert.fail(Assert.java:86)
		at org.junit.Assert.assertTrue(Assert.java:41)
		at org.junit.Assert.assertTrue(Assert.java:52)
		at se.redmind.rmtest.selenium.example.CreateRandomRes3.random14(CreateRandomRes3.java:128)
	</error>
</testcase>
<testcase name="random3[Android_4.4.4_Sony Experia Z3_explorer_10]" classname="se.redmind.rmtest.selenium.example.RandomClass7(20150107-080018)" time="1.2007741">
	<failure type="java.lang.AssertionError:">java.lang.AssertionError: null
		at org.junit.Assert.fail(Assert.java:86)
		at org.junit.Assert.assertTrue(Assert.java:41)
		at org.junit.Assert.assertTrue(Assert.java:52)
		at se.redmind.rmtest.selenium.example.CreateRandomRes3.random14(CreateRandomRes3.java:128)
	</failure>
</testcase>
<testcase name="random3[Android_4.4.4_Sony Experia Z3_opera_15]" classname="se.redmind.rmtest.selenium.example.RandomClass7(20150107-080018)" time="0.2102108">
	<failure type="java.lang.AssertionError:">java.lang.AssertionError: null
		at org.junit.Assert.fail(Assert.java:86)
		at org.junit.Assert.assertTrue(Assert.java:41)
		at org.junit.Assert.assertTrue(Assert.java:52)
		at se.redmind.rmtest.selenium.example.CreateRandomRes3.random14(CreateRandomRes3.java:128)
	</failure>
</testcase>
<testcase name="random3[IOS_4_iPhone 3Gs_firefox_31]" classname="se.redmind.rmtest.selenium.example.RandomClass7(20150107-080018)" time="0.8960227">
<skipped/>
</testcase>
<testcase name="random3[IOS_4_iPhone 3Gs_firefox_31]" classname="se.redmind.rmtest.selenium.example.RandomClass7(20150107-080018)" time="1.3346018">
	<failure type="java.lang.AssertionError:">java.lang.AssertionError: null
		at org.junit.Assert.fail(Assert.java:86)
		at org.junit.Assert.assertTrue(Assert.java:41)
		at org.junit.Assert.assertTrue(Assert.java:52)
		at se.redmind.rmtest.selenium.example.CreateRandomRes3.random14(CreateRandomRes3.java:128)
	</failure>
</testcase>
<testcase name="random3[IOS_4_iPhone 3Gs_chrome_42]" classname="se.redmind.rmtest.selenium.example.RandomClass7(20150107-080018)" time="1.5996076">
<skipped/>
</testcase>
<testcase name="random3[IOS_4_iPhone 3Gs_chrome_42]" classname="se.redmind.rmtest.selenium.example.RandomClass7(20150107-080018)" time="1.270481"/>
<testcase name="random3[IOS_4_iPhone 3Gs_explorer_10]" classname="se.redmind.rmtest.selenium.example.RandomClass7(20150107-080018)" time="1.0538793">
<skipped/>
</testcase>
<testcase name="random3[IOS_4_iPhone 3Gs_explorer_10]" classname="se.redmind.rmtest.selenium.example.RandomClass7(20150107-080018)" time="1.4918215"/>
<testcase name="random3[IOS_4_iPhone 3Gs_opera_15]" classname="se.redmind.rmtest.selenium.example.RandomClass7(20150107-080018)" time="0.44064987">
<skipped/>
</testcase>
<testcase name="random3[IOS_4_iPhone 3Gs_opera_15]" classname="se.redmind.rmtest.selenium.example.RandomClass7(20150107-080018)" time="1.9469627">
	<failure type="java.lang.AssertionError:">java.lang.AssertionError: null
		at org.junit.Assert.fail(Assert.java:86)
		at org.junit.Assert.assertTrue(Assert.java:41)
		at org.junit.Assert.assertTrue(Assert.java:52)
		at se.redmind.rmtest.selenium.example.CreateRandomRes3.random14(CreateRandomRes3.java:128)
	</failure>
</testcase>
<testcase name="random3[OSX_10.9.5_UNKNOWN_firefox_31]" classname="se.redmind.rmtest.selenium.example.RandomClass7(20150107-080018)" time="0.016081095"/>
<testcase name="random3[OSX_10.9.5_UNKNOWN_chrome_42]" classname="se.redmind.rmtest.selenium.example.RandomClass7(20150107-080018)" time="0.071537256">
	<failure type="java.lang.AssertionError:">java.lang.AssertionError: null
		at org.junit.Assert.fail(Assert.java:86)
		at org.junit.Assert.assertTrue(Assert.java:41)
		at org.junit.Assert.assertTrue(Assert.java:52)
		at se.redmind.rmtest.selenium.example.CreateRandomRes3.random14(CreateRandomRes3.java:128)
	</failure>
</testcase>
<testcase name="random3[OSX_10.9.5_UNKNOWN_explorer_10]" classname="se.redmind.rmtest.selenium.example.RandomClass7(20150107-080018)" time="0.32980525">
	<failure type="java.lang.AssertionError:">java.lang.AssertionError: null
		at org.junit.Assert.fail(Assert.java:86)
		at org.junit.Assert.assertTrue(Assert.java:41)
		at org.junit.Assert.assertTrue(Assert.java:52)
		at se.redmind.rmtest.selenium.example.CreateRandomRes3.random14(CreateRandomRes3.java:128)
	</failure>
</testcase>
<testcase name="random3[OSX_10.9.5_UNKNOWN_opera_15]" classname="se.redmind.rmtest.selenium.example.RandomClass7(20150107-080018)" time="0.747841"/>
<testcase name="random3[Windows_8.1_UNKNOWN_firefox_31]" classname="se.redmind.rmtest.selenium.example.RandomClass7(20150107-080018)" time="0.73415315"/>
<testcase name="random3[Windows_8.1_UNKNOWN_chrome_42]" classname="se.redmind.rmtest.selenium.example.RandomClass7(20150107-080018)" time="1.8802757"/>
<testcase name="random3[Windows_8.1_UNKNOWN_explorer_10]" classname="se.redmind.rmtest.selenium.example.RandomClass7(20150107-080018)" time="1.5056505"/>
<testcase name="random3[Windows_8.1_UNKNOWN_opera_15]" classname="se.redmind.rmtest.selenium.example.RandomClass7(20150107-080018)" time="1.6582">
	<failure type="java.lang.AssertionError:">java.lang.AssertionError: null
		at org.junit.Assert.fail(Assert.java:86)
		at org.junit.Assert.assertTrue(Assert.java:41)
		at org.junit.Assert.assertTrue(Assert.java:52)
		at se.redmind.rmtest.selenium.example.CreateRandomRes3.random14(CreateRandomRes3.java:128)
	</failure>
</testcase>
<testcase name="random4[Android_4.4.4_HTC ONE_firefox_31]" classname="se.redmind.rmtest.selenium.example.RandomClass7(20150107-080018)" time="1.5594176"/>
<testcase name="random4[Android_4.4.4_HTC ONE_chrome_42]" classname="se.redmind.rmtest.selenium.example.RandomClass7(20150107-080018)" time="0.48618686"/>
<testcase name="random4[Android_4.4.4_HTC ONE_explorer_10]" classname="se.redmind.rmtest.selenium.example.RandomClass7(20150107-080018)" time="0.6224017">
	<failure type="java.lang.AssertionError:">java.lang.AssertionError: null
		at org.junit.Assert.fail(Assert.java:86)
		at org.junit.Assert.assertTrue(Assert.java:41)
		at org.junit.Assert.assertTrue(Assert.java:52)
		at se.redmind.rmtest.selenium.example.CreateRandomRes3.random14(CreateRandomRes3.java:128)
	</failure>
</testcase>
<testcase name="random4[Android_4.4.4_HTC ONE_opera_15]" classname="se.redmind.rmtest.selenium.example.RandomClass7(20150107-080018)" time="0.6510773">
	<failure type="java.lang.AssertionError:">java.lang.AssertionError: null
		at org.junit.Assert.fail(Assert.java:86)
		at org.junit.Assert.assertTrue(Assert.java:41)
		at org.junit.Assert.assertTrue(Assert.java:52)
		at se.redmind.rmtest.selenium.example.CreateRandomRes3.random14(CreateRandomRes3.java:128)
	</failure>
</testcase>
<testcase name="random4[Android_5.1_Nexus 6_firefox_31]" classname="se.redmind.rmtest.selenium.example.RandomClass7(20150107-080018)" time="0.4994229">
	<error type="java.lang.AssertionError:">java.lang.AssertionError: null
		at org.junit.Assert.fail(Assert.java:86)
		at org.junit.Assert.assertTrue(Assert.java:41)
		at org.junit.Assert.assertTrue(Assert.java:52)
		at se.redmind.rmtest.selenium.example.CreateRandomRes3.random14(CreateRandomRes3.java:128)
	</error>
</testcase>
<testcase name="random4[Android_5.1_Nexus 6_chrome_42]" classname="se.redmind.rmtest.selenium.example.RandomClass7(20150107-080018)" time="1.3774277"/>
<testcase name="random4[Android_5.1_Nexus 6_explorer_10]" classname="se.redmind.rmtest.selenium.example.RandomClass7(20150107-080018)" time="1.5335362">
	<failure type="java.lang.AssertionError:">java.lang.AssertionError: null
		at org.junit.Assert.fail(Assert.java:86)
		at org.junit.Assert.assertTrue(Assert.java:41)
		at org.junit.Assert.assertTrue(Assert.java:52)
		at se.redmind.rmtest.selenium.example.CreateRandomRes3.random14(CreateRandomRes3.java:128)
	</failure>
</testcase>
<testcase name="random4[Android_5.1_Nexus 6_opera_15]" classname="se.redmind.rmtest.selenium.example.RandomClass7(20150107-080018)" time="0.60678506">
	<failure type="java.lang.AssertionError:">java.lang.AssertionError: null
		at org.junit.Assert.fail(Assert.java:86)
		at org.junit.Assert.assertTrue(Assert.java:41)
		at org.junit.Assert.assertTrue(Assert.java:52)
		at se.redmind.rmtest.selenium.example.CreateRandomRes3.random14(CreateRandomRes3.java:128)
	</failure>
</testcase>
<testcase name="random4[Android_2.3_VeiVei_firefox_31]" classname="se.redmind.rmtest.selenium.example.RandomClass7(20150107-080018)" time="0.6357769"/>
<testcase name="random4[Android_2.3_VeiVei_chrome_42]" classname="se.redmind.rmtest.selenium.example.RandomClass7(20150107-080018)" time="1.8857784"/>
<testcase name="random4[Android_2.3_VeiVei_explorer_10]" classname="se.redmind.rmtest.selenium.example.RandomClass7(20150107-080018)" time="1.6933818"/>
<testcase name="random4[Android_2.3_VeiVei_opera_15]" classname="se.redmind.rmtest.selenium.example.RandomClass7(20150107-080018)" time="0.060042143">
	<failure type="java.lang.AssertionError:">java.lang.AssertionError: null
		at org.junit.Assert.fail(Assert.java:86)
		at org.junit.Assert.assertTrue(Assert.java:41)
		at org.junit.Assert.assertTrue(Assert.java:52)
		at se.redmind.rmtest.selenium.example.CreateRandomRes3.random14(CreateRandomRes3.java:128)
	</failure>
</testcase>
<testcase name="random4[Android_4.4.4_Sony Experia Z3_firefox_31]" classname="se.redmind.rmtest.selenium.example.RandomClass7(20150107-080018)" time="0.864977">
	<failure type="java.lang.AssertionError:">java.lang.AssertionError: null
		at org.junit.Assert.fail(Assert.java:86)
		at org.junit.Assert.assertTrue(Assert.java:41)
		at org.junit.Assert.assertTrue(Assert.java:52)
		at se.redmind.rmtest.selenium.example.CreateRandomRes3.random14(CreateRandomRes3.java:128)
	</failure>
</testcase>
<testcase name="random4[Android_4.4.4_Sony Experia Z3_chrome_42]" classname="se.redmind.rmtest.selenium.example.RandomClass7(20150107-080018)" time="0.28867733">
	<failure type="java.lang.AssertionError:">java.lang.AssertionError: null
		at org.junit.Assert.fail(Assert.java:86)
		at org.junit.Assert.assertTrue(Assert.java:41)
		at org.junit.Assert.assertTrue(Assert.java:52)
		at se.redmind.rmtest.selenium.example.CreateRandomRes3.random14(CreateRandomRes3.java:128)
	</failure>
</testcase>
<testcase name="random4[Android_4.4.4_Sony Experia Z3_explorer_10]" classname="se.redmind.rmtest.selenium.example.RandomClass7(20150107-080018)" time="0.71410775">
	<failure type="java.lang.AssertionError:">java.lang.AssertionError: null
		at org.junit.Assert.fail(Assert.java:86)
		at org.junit.Assert.assertTrue(Assert.java:41)
		at org.junit.Assert.assertTrue(Assert.java:52)
		at se.redmind.rmtest.selenium.example.CreateRandomRes3.random14(CreateRandomRes3.java:128)
	</failure>
</testcase>
<testcase name="random4[Android_4.4.4_Sony Experia Z3_opera_15]" classname="se.redmind.rmtest.selenium.example.RandomClass7(20150107-080018)" time="0.09587443"/>
<testcase name="random4[IOS_4_iPhone 3Gs_firefox_31]" classname="se.redmind.rmtest.selenium.example.RandomClass7(20150107-080018)" time="0.89675546"/>
<testcase name="random4[IOS_4_iPhone 3Gs_chrome_42]" classname="se.redmind.rmtest.selenium.example.RandomClass7(20150107-080018)" time="1.7416883"/>
<testcase name="random4[IOS_4_iPhone 3Gs_explorer_10]" classname="se.redmind.rmtest.selenium.example.RandomClass7(20150107-080018)" time="0.05423832">
	<failure type="java.lang.AssertionError:">java.lang.AssertionError: null
		at org.junit.Assert.fail(Assert.java:86)
		at org.junit.Assert.assertTrue(Assert.java:41)
		at org.junit.Assert.assertTrue(Assert.java:52)
		at se.redmind.rmtest.selenium.example.CreateRandomRes3.random14(CreateRandomRes3.java:128)
	</failure>
</testcase>
<testcase name="random4[IOS_4_iPhone 3Gs_opera_15]" classname="se.redmind.rmtest.selenium.example.RandomClass7(20150107-080018)" time="0.72762847">
	<failure type="java.lang.AssertionError:">java.lang.AssertionError: null
		at org.junit.Assert.fail(Assert.java:86)
		at org.junit.Assert.assertTrue(Assert.java:41)
		at org.junit.Assert.assertTrue(Assert.java:52)
		at se.redmind.rmtest.selenium.example.CreateRandomRes3.random14(CreateRandomRes3.java:128)
	</failure>
</testcase>
<testcase name="random4[OSX_10.9.5_UNKNOWN_firefox_31]" classname="se.redmind.rmtest.selenium.example.RandomClass7(20150107-080018)" time="0.31911445">
	<failure type="java.lang.AssertionError:">java.lang.AssertionError: null
		at org.junit.Assert.fail(Assert.java:86)
		at org.junit.Assert.assertTrue(Assert.java:41)
		at org.junit.Assert.assertTrue(Assert.java:52)
		at se.redmind.rmtest.selenium.example.CreateRandomRes3.random14(CreateRandomRes3.java:128)
	</failure>
</testcase>
<testcase name="random4[OSX_10.9.5_UNKNOWN_chrome_42]" classname="se.redmind.rmtest.selenium.example.RandomClass7(20150107-080018)" time="0.75516665">
	<failure type="java.lang.AssertionError:">java.lang.AssertionError: null
		at org.junit.Assert.fail(Assert.java:86)
		at org.junit.Assert.assertTrue(Assert.java:41)
		at org.junit.Assert.assertTrue(Assert.java:52)
		at se.redmind.rmtest.selenium.example.CreateRandomRes3.random14(CreateRandomRes3.java:128)
	</failure>
</testcase>
<testcase name="random4[OSX_10.9.5_UNKNOWN_explorer_10]" classname="se.redmind.rmtest.selenium.example.RandomClass7(20150107-080018)" time="0.4272976">
	<error type="java.lang.AssertionError:">java.lang.AssertionError: null
		at org.junit.Assert.fail(Assert.java:86)
		at org.junit.Assert.assertTrue(Assert.java:41)
		at org.junit.Assert.assertTrue(Assert.java:52)
		at se.redmind.rmtest.selenium.example.CreateRandomRes3.random14(CreateRandomRes3.java:128)
	</error>
</testcase>
<testcase name="random4[OSX_10.9.5_UNKNOWN_opera_15]" classname="se.redmind.rmtest.selenium.example.RandomClass7(20150107-080018)" time="0.5001657"/>
<testcase name="random4[Windows_8.1_UNKNOWN_firefox_31]" classname="se.redmind.rmtest.selenium.example.RandomClass7(20150107-080018)" time="1.1277165">
	<failure type="java.lang.AssertionError:">java.lang.AssertionError: null
		at org.junit.Assert.fail(Assert.java:86)
		at org.junit.Assert.assertTrue(Assert.java:41)
		at org.junit.Assert.assertTrue(Assert.java:52)
		at se.redmind.rmtest.selenium.example.CreateRandomRes3.random14(CreateRandomRes3.java:128)
	</failure>
</testcase>
<testcase name="random4[Windows_8.1_UNKNOWN_chrome_42]" classname="se.redmind.rmtest.selenium.example.RandomClass7(20150107-080018)" time="0.47388446"/>
<testcase name="random4[Windows_8.1_UNKNOWN_explorer_10]" classname="se.redmind.rmtest.selenium.example.RandomClass7(20150107-080018)" time="1.729791"/>
<testcase name="random4[Windows_8.1_UNKNOWN_opera_15]" classname="se.redmind.rmtest.selenium.example.RandomClass7(20150107-080018)" time="0.8466871"/>
<testcase name="random1[Android_5.1_Nexus 6_firefox_31]" classname="se.redmind.rmtest.selenium.example.RandomClass8(20150107-080018)" time="1.812971">
	<failure type="java.lang.AssertionError:">java.lang.AssertionError: null
		at org.junit.Assert.fail(Assert.java:86)
		at org.junit.Assert.assertTrue(Assert.java:41)
		at org.junit.Assert.assertTrue(Assert.java:52)
		at se.redmind.rmtest.selenium.example.CreateRandomRes3.random14(CreateRandomRes3.java:128)
	</failure>
</testcase>
<testcase name="random1[Android_5.1_Nexus 6_chrome_42]" classname="se.redmind.rmtest.selenium.example.RandomClass8(20150107-080018)" time="0.6728798">
	<failure type="java.lang.AssertionError:">java.lang.AssertionError: null
		at org.junit.Assert.fail(Assert.java:86)
		at org.junit.Assert.assertTrue(Assert.java:41)
		at org.junit.Assert.assertTrue(Assert.java:52)
		at se.redmind.rmtest.selenium.example.CreateRandomRes3.random14(CreateRandomRes3.java:128)
	</failure>
</testcase>
<testcase name="random1[Android_5.1_Nexus 6_explorer_10]" classname="se.redmind.rmtest.selenium.example.RandomClass8(20150107-080018)" time="1.2514144"/>
<testcase name="random1[Android_5.1_Nexus 6_opera_15]" classname="se.redmind.rmtest.selenium.example.RandomClass8(20150107-080018)" time="0.81783056">
	<failure type="java.lang.AssertionError:">java.lang.AssertionError: null
		at org.junit.Assert.fail(Assert.java:86)
		at org.junit.Assert.assertTrue(Assert.java:41)
		at org.junit.Assert.assertTrue(Assert.java:52)
		at se.redmind.rmtest.selenium.example.CreateRandomRes3.random14(CreateRandomRes3.java:128)
	</failure>
</testcase>
<testcase name="random1[Android_2.3_VeiVei_firefox_31]" classname="se.redmind.rmtest.selenium.example.RandomClass8(20150107-080018)" time="1.689575"/>
<testcase name="random1[Android_2.3_VeiVei_chrome_42]" classname="se.redmind.rmtest.selenium.example.RandomClass8(20150107-080018)" time="1.9274004"/>
<testcase name="random1[Android_2.3_VeiVei_explorer_10]" classname="se.redmind.rmtest.selenium.example.RandomClass8(20150107-080018)" time="1.9327041">
	<error type="java.lang.AssertionError:">java.lang.AssertionError: null
		at org.junit.Assert.fail(Assert.java:86)
		at org.junit.Assert.assertTrue(Assert.java:41)
		at org.junit.Assert.assertTrue(Assert.java:52)
		at se.redmind.rmtest.selenium.example.CreateRandomRes3.random14(CreateRandomRes3.java:128)
	</error>
</testcase>
<testcase name="random1[Android_2.3_VeiVei_opera_15]" classname="se.redmind.rmtest.selenium.example.RandomClass8(20150107-080018)" time="1.7597705">
	<failure type="java.lang.AssertionError:">java.lang.AssertionError: null
		at org.junit.Assert.fail(Assert.java:86)
		at org.junit.Assert.assertTrue(Assert.java:41)
		at org.junit.Assert.assertTrue(Assert.java:52)
		at se.redmind.rmtest.selenium.example.CreateRandomRes3.random14(CreateRandomRes3.java:128)
	</failure>
</testcase>
<testcase name="random1[Android_4.4.4_Sony Experia Z3_firefox_31]" classname="se.redmind.rmtest.selenium.example.RandomClass8(20150107-080018)" time="1.9051573">
	<failure type="java.lang.AssertionError:">java.lang.AssertionError: null
		at org.junit.Assert.fail(Assert.java:86)
		at org.junit.Assert.assertTrue(Assert.java:41)
		at org.junit.Assert.assertTrue(Assert.java:52)
		at se.redmind.rmtest.selenium.example.CreateRandomRes3.random14(CreateRandomRes3.java:128)
	</failure>
</testcase>
<testcase name="random1[Android_4.4.4_Sony Experia Z3_chrome_42]" classname="se.redmind.rmtest.selenium.example.RandomClass8(20150107-080018)" time="1.9488797">
	<failure type="java.lang.AssertionError:">java.lang.AssertionError: null
		at org.junit.Assert.fail(Assert.java:86)
		at org.junit.Assert.assertTrue(Assert.java:41)
		at org.junit.Assert.assertTrue(Assert.java:52)
		at se.redmind.rmtest.selenium.example.CreateRandomRes3.random14(CreateRandomRes3.java:128)
	</failure>
</testcase>
<testcase name="random1[Android_4.4.4_Sony Experia Z3_explorer_10]" classname="se.redmind.rmtest.selenium.example.RandomClass8(20150107-080018)" time="0.7359679">
	<failure type="java.lang.AssertionError:">java.lang.AssertionError: null
		at org.junit.Assert.fail(Assert.java:86)
		at org.junit.Assert.assertTrue(Assert.java:41)
		at org.junit.Assert.assertTrue(Assert.java:52)
		at se.redmind.rmtest.selenium.example.CreateRandomRes3.random14(CreateRandomRes3.java:128)
	</failure>
</testcase>
<testcase name="random1[Android_4.4.4_Sony Experia Z3_opera_15]" classname="se.redmind.rmtest.selenium.example.RandomClass8(20150107-080018)" time="0.69640636">
	<failure type="java.lang.AssertionError:">java.lang.AssertionError: null
		at org.junit.Assert.fail(Assert.java:86)
		at org.junit.Assert.assertTrue(Assert.java:41)
		at org.junit.Assert.assertTrue(Assert.java:52)
		at se.redmind.rmtest.selenium.example.CreateRandomRes3.random14(CreateRandomRes3.java:128)
	</failure>
</testcase>
<testcase name="random1[IOS_8.2_iPhone 6_firefox_31]" classname="se.redmind.rmtest.selenium.example.RandomClass8(20150107-080018)" time="0.14573288">
	<failure type="java.lang.AssertionError:">java.lang.AssertionError: null
		at org.junit.Assert.fail(Assert.java:86)
		at org.junit.Assert.assertTrue(Assert.java:41)
		at org.junit.Assert.assertTrue(Assert.java:52)
		at se.redmind.rmtest.selenium.example.CreateRandomRes3.random14(CreateRandomRes3.java:128)
	</failure>
</testcase>
<testcase name="random1[IOS_8.2_iPhone 6_chrome_42]" classname="se.redmind.rmtest.selenium.example.RandomClass8(20150107-080018)" time="1.8124123">
	<failure type="java.lang.AssertionError:">java.lang.AssertionError: null
		at org.junit.Assert.fail(Assert.java:86)
		at org.junit.Assert.assertTrue(Assert.java:41)
		at org.junit.Assert.assertTrue(Assert.java:52)
		at se.redmind.rmtest.selenium.example.CreateRandomRes3.random14(CreateRandomRes3.java:128)
	</failure>
</testcase>
<testcase name="random1[IOS_8.2_iPhone 6_explorer_10]" classname="se.redmind.rmtest.selenium.example.RandomClass8(20150107-080018)" time="0.74716413">
	<failure type="java.lang.AssertionError:">java.lang.AssertionError: null
		at org.junit.Assert.fail(Assert.java:86)
		at org.junit.Assert.assertTrue(Assert.java:41)
		at org.junit.Assert.assertTrue(Assert.java:52)
		at se.redmind.rmtest.selenium.example.CreateRandomRes3.random14(CreateRandomRes3.java:128)
	</failure>
</testcase>
<testcase name="random1[IOS_8.2_iPhone 6_opera_15]" classname="se.redmind.rmtest.selenium.example.RandomClass8(20150107-080018)" time="0.56278145">
	<failure type="java.lang.AssertionError:">java.lang.AssertionError: null
		at org.junit.Assert.fail(Assert.java:86)
		at org.junit.Assert.assertTrue(Assert.java:41)
		at org.junit.Assert.assertTrue(Assert.java:52)
		at se.redmind.rmtest.selenium.example.CreateRandomRes3.random14(CreateRandomRes3.java:128)
	</failure>
</testcase>
<testcase name="random1[IOS_4_iPhone 3Gs_firefox_31]" classname="se.redmind.rmtest.selenium.example.RandomClass8(20150107-080018)" time="1.4540304">
	<failure type="java.lang.AssertionError:">java.lang.AssertionError: null
		at org.junit.Assert.fail(Assert.java:86)
		at org.junit.Assert.assertTrue(Assert.java:41)
		at org.junit.Assert.assertTrue(Assert.java:52)
		at se.redmind.rmtest.selenium.example.CreateRandomRes3.random14(CreateRandomRes3.java:128)
	</failure>
</testcase>
<testcase name="random1[IOS_4_iPhone 3Gs_chrome_42]" classname="se.redmind.rmtest.selenium.example.RandomClass8(20150107-080018)" time="0.5388453">
	<failure type="java.lang.AssertionError:">java.lang.AssertionError: null
		at org.junit.Assert.fail(Assert.java:86)
		at org.junit.Assert.assertTrue(Assert.java:41)
		at org.junit.Assert.assertTrue(Assert.java:52)
		at se.redmind.rmtest.selenium.example.CreateRandomRes3.random14(CreateRandomRes3.java:128)
	</failure>
</testcase>
<testcase name="random1[IOS_4_iPhone 3Gs_explorer_10]" classname="se.redmind.rmtest.selenium.example.RandomClass8(20150107-080018)" time="1.6171945">
	<failure type="java.lang.AssertionError:">java.lang.AssertionError: null
		at org.junit.Assert.fail(Assert.java:86)
		at org.junit.Assert.assertTrue(Assert.java:41)
		at org.junit.Assert.assertTrue(Assert.java:52)
		at se.redmind.rmtest.selenium.example.CreateRandomRes3.random14(CreateRandomRes3.java:128)
	</failure>
</testcase>
<testcase name="random1[IOS_4_iPhone 3Gs_opera_15]" classname="se.redmind.rmtest.selenium.example.RandomClass8(20150107-080018)" time="0.3588965"/>
<testcase name="random1[OSX_10.9.5_UNKNOWN_firefox_31]" classname="se.redmind.rmtest.selenium.example.RandomClass8(20150107-080018)" time="1.0318196"/>
<testcase name="random1[OSX_10.9.5_UNKNOWN_chrome_42]" classname="se.redmind.rmtest.selenium.example.RandomClass8(20150107-080018)" time="0.32181942">
	<failure type="java.lang.AssertionError:">java.lang.AssertionError: null
		at org.junit.Assert.fail(Assert.java:86)
		at org.junit.Assert.assertTrue(Assert.java:41)
		at org.junit.Assert.assertTrue(Assert.java:52)
		at se.redmind.rmtest.selenium.example.CreateRandomRes3.random14(CreateRandomRes3.java:128)
	</failure>
</testcase>
<testcase name="random1[OSX_10.9.5_UNKNOWN_explorer_10]" classname="se.redmind.rmtest.selenium.example.RandomClass8(20150107-080018)" time="0.18357062">
	<failure type="java.lang.AssertionError:">java.lang.AssertionError: null
		at org.junit.Assert.fail(Assert.java:86)
		at org.junit.Assert.assertTrue(Assert.java:41)
		at org.junit.Assert.assertTrue(Assert.java:52)
		at se.redmind.rmtest.selenium.example.CreateRandomRes3.random14(CreateRandomRes3.java:128)
	</failure>
</testcase>
<testcase name="random1[OSX_10.9.5_UNKNOWN_opera_15]" classname="se.redmind.rmtest.selenium.example.RandomClass8(20150107-080018)" time="0.7626263">
	<failure type="java.lang.AssertionError:">java.lang.AssertionError: null
		at org.junit.Assert.fail(Assert.java:86)
		at org.junit.Assert.assertTrue(Assert.java:41)
		at org.junit.Assert.assertTrue(Assert.java:52)
		at se.redmind.rmtest.selenium.example.CreateRandomRes3.random14(CreateRandomRes3.java:128)
	</failure>
</testcase>
<testcase name="random1[Windows_8.1_UNKNOWN_firefox_31]" classname="se.redmind.rmtest.selenium.example.RandomClass8(20150107-080018)" time="0.81982684">
	<failure type="java.lang.AssertionError:">java.lang.AssertionError: null
		at org.junit.Assert.fail(Assert.java:86)
		at org.junit.Assert.assertTrue(Assert.java:41)
		at org.junit.Assert.assertTrue(Assert.java:52)
		at se.redmind.rmtest.selenium.example.CreateRandomRes3.random14(CreateRandomRes3.java:128)
	</failure>
</testcase>
<testcase name="random1[Windows_8.1_UNKNOWN_chrome_42]" classname="se.redmind.rmtest.selenium.example.RandomClass8(20150107-080018)" time="0.91307855"/>
<testcase name="random1[Windows_8.1_UNKNOWN_explorer_10]" classname="se.redmind.rmtest.selenium.example.RandomClass8(20150107-080018)" time="1.7611556"/>
<testcase name="random1[Windows_8.1_UNKNOWN_opera_15]" classname="se.redmind.rmtest.selenium.example.RandomClass8(20150107-080018)" time="0.93447185"/>
<testcase name="random1[Ubuntu_12.10_UNKNOWN_firefox_31]" classname="se.redmind.rmtest.selenium.example.RandomClass8(20150107-080018)" time="1.9734485">
	<error type="java.lang.AssertionError:">java.lang.AssertionError: null
		at org.junit.Assert.fail(Assert.java:86)
		at org.junit.Assert.assertTrue(Assert.java:41)
		at org.junit.Assert.assertTrue(Assert.java:52)
		at se.redmind.rmtest.selenium.example.CreateRandomRes3.random14(CreateRandomRes3.java:128)
	</error>
</testcase>
<testcase name="random1[Ubuntu_12.10_UNKNOWN_chrome_42]" classname="se.redmind.rmtest.selenium.example.RandomClass8(20150107-080018)" time="0.04858911">
	<failure type="java.lang.AssertionError:">java.lang.AssertionError: null
		at org.junit.Assert.fail(Assert.java:86)
		at org.junit.Assert.assertTrue(Assert.java:41)
		at org.junit.Assert.assertTrue(Assert.java:52)
		at se.redmind.rmtest.selenium.example.CreateRandomRes3.random14(CreateRandomRes3.java:128)
	</failure>
</testcase>
<testcase name="random1[Ubuntu_12.10_UNKNOWN_explorer_10]" classname="se.redmind.rmtest.selenium.example.RandomClass8(20150107-080018)" time="0.7653785"/>
<testcase name="random1[Ubuntu_12.10_UNKNOWN_opera_15]" classname="se.redmind.rmtest.selenium.example.RandomClass8(20150107-080018)" time="1.9893459"/>
<testcase name="random2[Android_5.1_Nexus 6_firefox_31]" classname="se.redmind.rmtest.selenium.example.RandomClass8(20150107-080018)" time="0.47306132">
	<failure type="java.lang.AssertionError:">java.lang.AssertionError: null
		at org.junit.Assert.fail(Assert.java:86)
		at org.junit.Assert.assertTrue(Assert.java:41)
		at org.junit.Assert.assertTrue(Assert.java:52)
		at se.redmind.rmtest.selenium.example.CreateRandomRes3.random14(CreateRandomRes3.java:128)
	</failure>
</testcase>
<testcase name="random2[Android_5.1_Nexus 6_chrome_42]" classname="se.redmind.rmtest.selenium.example.RandomClass8(20150107-080018)" time="1.9018698">
	<failure type="java.lang.AssertionError:">java.lang.AssertionError: null
		at org.junit.Assert.fail(Assert.java:86)
		at org.junit.Assert.assertTrue(Assert.java:41)
		at org.junit.Assert.assertTrue(Assert.java:52)
		at se.redmind.rmtest.selenium.example.CreateRandomRes3.random14(CreateRandomRes3.java:128)
	</failure>
</testcase>
<testcase name="random2[Android_5.1_Nexus 6_explorer_10]" classname="se.redmind.rmtest.selenium.example.RandomClass8(20150107-080018)" time="0.41812372"/>
<testcase name="random2[Android_5.1_Nexus 6_opera_15]" classname="se.redmind.rmtest.selenium.example.RandomClass8(20150107-080018)" time="1.4178463"/>
<testcase name="random2[Android_2.3_VeiVei_firefox_31]" classname="se.redmind.rmtest.selenium.example.RandomClass8(20150107-080018)" time="0.7106875">
	<failure type="java.lang.AssertionError:">java.lang.AssertionError: null
		at org.junit.Assert.fail(Assert.java:86)
		at org.junit.Assert.assertTrue(Assert.java:41)
		at org.junit.Assert.assertTrue(Assert.java:52)
		at se.redmind.rmtest.selenium.example.CreateRandomRes3.random14(CreateRandomRes3.java:128)
	</failure>
</testcase>
<testcase name="random2[Android_2.3_VeiVei_chrome_42]" classname="se.redmind.rmtest.selenium.example.RandomClass8(20150107-080018)" time="0.69502866"/>
<testcase name="random2[Android_2.3_VeiVei_explorer_10]" classname="se.redmind.rmtest.selenium.example.RandomClass8(20150107-080018)" time="0.61535513">
	<failure type="java.lang.AssertionError:">java.lang.AssertionError: null
		at org.junit.Assert.fail(Assert.java:86)
		at org.junit.Assert.assertTrue(Assert.java:41)
		at org.junit.Assert.assertTrue(Assert.java:52)
		at se.redmind.rmtest.selenium.example.CreateRandomRes3.random14(CreateRandomRes3.java:128)
	</failure>
</testcase>
<testcase name="random2[Android_2.3_VeiVei_opera_15]" classname="se.redmind.rmtest.selenium.example.RandomClass8(20150107-080018)" time="1.8859451">
	<failure type="java.lang.AssertionError:">java.lang.AssertionError: null
		at org.junit.Assert.fail(Assert.java:86)
		at org.junit.Assert.assertTrue(Assert.java:41)
		at org.junit.Assert.assertTrue(Assert.java:52)
		at se.redmind.rmtest.selenium.example.CreateRandomRes3.random14(CreateRandomRes3.java:128)
	</failure>
</testcase>
<testcase name="random2[Android_4.4.4_Sony Experia Z3_firefox_31]" classname="se.redmind.rmtest.selenium.example.RandomClass8(20150107-080018)" time="0.8150369">
	<failure type="java.lang.AssertionError:">java.lang.AssertionError: null
		at org.junit.Assert.fail(Assert.java:86)
		at org.junit.Assert.assertTrue(Assert.java:41)
		at org.junit.Assert.assertTrue(Assert.java:52)
		at se.redmind.rmtest.selenium.example.CreateRandomRes3.random14(CreateRandomRes3.java:128)
	</failure>
</testcase>
<testcase name="random2[Android_4.4.4_Sony Experia Z3_chrome_42]" classname="se.redmind.rmtest.selenium.example.RandomClass8(20150107-080018)" time="1.2037555"/>
<testcase name="random2[Android_4.4.4_Sony Experia Z3_explorer_10]" classname="se.redmind.rmtest.selenium.example.RandomClass8(20150107-080018)" time="0.9320339">
	<failure type="java.lang.AssertionError:">java.lang.AssertionError: null
		at org.junit.Assert.fail(Assert.java:86)
		at org.junit.Assert.assertTrue(Assert.java:41)
		at org.junit.Assert.assertTrue(Assert.java:52)
		at se.redmind.rmtest.selenium.example.CreateRandomRes3.random14(CreateRandomRes3.java:128)
	</failure>
</testcase>
<testcase name="random2[Android_4.4.4_Sony Experia Z3_opera_15]" classname="se.redmind.rmtest.selenium.example.RandomClass8(20150107-080018)" time="1.5670066"/>
<testcase name="random2[IOS_8.2_iPhone 6_firefox_31]" classname="se.redmind.rmtest.selenium.example.RandomClass8(20150107-080018)" time="0.8774599"/>
<testcase name="random2[IOS_8.2_iPhone 6_chrome_42]" classname="se.redmind.rmtest.selenium.example.RandomClass8(20150107-080018)" time="1.0088592">
	<failure type="java.lang.AssertionError:">java.lang.AssertionError: null
		at org.junit.Assert.fail(Assert.java:86)
		at org.junit.Assert.assertTrue(Assert.java:41)
		at org.junit.Assert.assertTrue(Assert.java:52)
		at se.redmind.rmtest.selenium.example.CreateRandomRes3.random14(CreateRandomRes3.java:128)
	</failure>
</testcase>
<testcase name="random2[IOS_8.2_iPhone 6_explorer_10]" classname="se.redmind.rmtest.selenium.example.RandomClass8(20150107-080018)" time="0.16870546">
	<failure type="java.lang.AssertionError:">java.lang.AssertionError: null
		at org.junit.Assert.fail(Assert.java:86)
		at org.junit.Assert.assertTrue(Assert.java:41)
		at org.junit.Assert.assertTrue(Assert.java:52)
		at se.redmind.rmtest.selenium.example.CreateRandomRes3.random14(CreateRandomRes3.java:128)
	</failure>
</testcase>
<testcase name="random2[IOS_8.2_iPhone 6_opera_15]" classname="se.redmind.rmtest.selenium.example.RandomClass8(20150107-080018)" time="1.4696376"/>
<testcase name="random2[IOS_4_iPhone 3Gs_firefox_31]" classname="se.redmind.rmtest.selenium.example.RandomClass8(20150107-080018)" time="1.8549834"/>
<testcase name="random2[IOS_4_iPhone 3Gs_chrome_42]" classname="se.redmind.rmtest.selenium.example.RandomClass8(20150107-080018)" time="1.1893747"/>
<testcase name="random2[IOS_4_iPhone 3Gs_explorer_10]" classname="se.redmind.rmtest.selenium.example.RandomClass8(20150107-080018)" time="0.52037346">
	<failure type="java.lang.AssertionError:">java.lang.AssertionError: null
		at org.junit.Assert.fail(Assert.java:86)
		at org.junit.Assert.assertTrue(Assert.java:41)
		at org.junit.Assert.assertTrue(Assert.java:52)
		at se.redmind.rmtest.selenium.example.CreateRandomRes3.random14(CreateRandomRes3.java:128)
	</failure>
</testcase>
<testcase name="random2[IOS_4_iPhone 3Gs_opera_15]" classname="se.redmind.rmtest.selenium.example.RandomClass8(20150107-080018)" time="0.7422353"/>
<testcase name="random2[OSX_10.9.5_UNKNOWN_firefox_31]" classname="se.redmind.rmtest.selenium.example.RandomClass8(20150107-080018)" time="0.7419517">
	<error type="java.lang.AssertionError:">java.lang.AssertionError: null
		at org.junit.Assert.fail(Assert.java:86)
		at org.junit.Assert.assertTrue(Assert.java:41)
		at org.junit.Assert.assertTrue(Assert.java:52)
		at se.redmind.rmtest.selenium.example.CreateRandomRes3.random14(CreateRandomRes3.java:128)
	</error>
</testcase>
<testcase name="random2[OSX_10.9.5_UNKNOWN_chrome_42]" classname="se.redmind.rmtest.selenium.example.RandomClass8(20150107-080018)" time="0.7358233">
	<failure type="java.lang.AssertionError:">java.lang.AssertionError: null
		at org.junit.Assert.fail(Assert.java:86)
		at org.junit.Assert.assertTrue(Assert.java:41)
		at org.junit.Assert.assertTrue(Assert.java:52)
		at se.redmind.rmtest.selenium.example.CreateRandomRes3.random14(CreateRandomRes3.java:128)
	</failure>
</testcase>
<testcase name="random2[OSX_10.9.5_UNKNOWN_explorer_10]" classname="se.redmind.rmtest.selenium.example.RandomClass8(20150107-080018)" time="0.72127354"/>
<testcase name="random2[OSX_10.9.5_UNKNOWN_opera_15]" classname="se.redmind.rmtest.selenium.example.RandomClass8(20150107-080018)" time="0.5629406"/>
<testcase name="random2[Windows_8.1_UNKNOWN_firefox_31]" classname="se.redmind.rmtest.selenium.example.RandomClass8(20150107-080018)" time="0.75483215">
	<failure type="java.lang.AssertionError:">java.lang.AssertionError: null
		at org.junit.Assert.fail(Assert.java:86)
		at org.junit.Assert.assertTrue(Assert.java:41)
		at org.junit.Assert.assertTrue(Assert.java:52)
		at se.redmind.rmtest.selenium.example.CreateRandomRes3.random14(CreateRandomRes3.java:128)
	</failure>
</testcase>
<testcase name="random2[Windows_8.1_UNKNOWN_chrome_42]" classname="se.redmind.rmtest.selenium.example.RandomClass8(20150107-080018)" time="0.31162584">
	<error type="java.lang.AssertionError:">java.lang.AssertionError: null
		at org.junit.Assert.fail(Assert.java:86)
		at org.junit.Assert.assertTrue(Assert.java:41)
		at org.junit.Assert.assertTrue(Assert.java:52)
		at se.redmind.rmtest.selenium.example.CreateRandomRes3.random14(CreateRandomRes3.java:128)
	</error>
</testcase>
<testcase name="random2[Windows_8.1_UNKNOWN_explorer_10]" classname="se.redmind.rmtest.selenium.example.RandomClass8(20150107-080018)" time="1.7519897">
	<failure type="java.lang.AssertionError:">java.lang.AssertionError: null
		at org.junit.Assert.fail(Assert.java:86)
		at org.junit.Assert.assertTrue(Assert.java:41)
		at org.junit.Assert.assertTrue(Assert.java:52)
		at se.redmind.rmtest.selenium.example.CreateRandomRes3.random14(CreateRandomRes3.java:128)
	</failure>
</testcase>
<testcase name="random2[Windows_8.1_UNKNOWN_opera_15]" classname="se.redmind.rmtest.selenium.example.RandomClass8(20150107-080018)" time="0.13153672">
	<failure type="java.lang.AssertionError:">java.lang.AssertionError: null
		at org.junit.Assert.fail(Assert.java:86)
		at org.junit.Assert.assertTrue(Assert.java:41)
		at org.junit.Assert.assertTrue(Assert.java:52)
		at se.redmind.rmtest.selenium.example.CreateRandomRes3.random14(CreateRandomRes3.java:128)
	</failure>
</testcase>
<testcase name="random2[Ubuntu_12.10_UNKNOWN_firefox_31]" classname="se.redmind.rmtest.selenium.example.RandomClass8(20150107-080018)" time="1.4803871">
	<error type="java.lang.AssertionError:">java.lang.AssertionError: null
		at org.junit.Assert.fail(Assert.java:86)
		at org.junit.Assert.assertTrue(Assert.java:41)
		at org.junit.Assert.assertTrue(Assert.java:52)
		at se.redmind.rmtest.selenium.example.CreateRandomRes3.random14(CreateRandomRes3.java:128)
	</error>
</testcase>
<testcase name="random2[Ubuntu_12.10_UNKNOWN_chrome_42]" classname="se.redmind.rmtest.selenium.example.RandomClass8(20150107-080018)" time="0.7058605">
	<failure type="java.lang.AssertionError:">java.lang.AssertionError: null
		at org.junit.Assert.fail(Assert.java:86)
		at org.junit.Assert.assertTrue(Assert.java:41)
		at org.junit.Assert.assertTrue(Assert.java:52)
		at se.redmind.rmtest.selenium.example.CreateRandomRes3.random14(CreateRandomRes3.java:128)
	</failure>
</testcase>
<testcase name="random2[Ubuntu_12.10_UNKNOWN_explorer_10]" classname="se.redmind.rmtest.selenium.example.RandomClass8(20150107-080018)" time="0.80581474">
	<failure type="java.lang.AssertionError:">java.lang.AssertionError: null
		at org.junit.Assert.fail(Assert.java:86)
		at org.junit.Assert.assertTrue(Assert.java:41)
		at org.junit.Assert.assertTrue(Assert.java:52)
		at se.redmind.rmtest.selenium.example.CreateRandomRes3.random14(CreateRandomRes3.java:128)
	</failure>
</testcase>
<testcase name="random2[Ubuntu_12.10_UNKNOWN_opera_15]" classname="se.redmind.rmtest.selenium.example.RandomClass8(20150107-080018)" time="1.2864606"/>
<testcase name="random3[Android_5.1_Nexus 6_firefox_31]" classname="se.redmind.rmtest.selenium.example.RandomClass8(20150107-080018)" time="1.6865399">
	<error type="java.lang.AssertionError:">java.lang.AssertionError: null
		at org.junit.Assert.fail(Assert.java:86)
		at org.junit.Assert.assertTrue(Assert.java:41)
		at org.junit.Assert.assertTrue(Assert.java:52)
		at se.redmind.rmtest.selenium.example.CreateRandomRes3.random14(CreateRandomRes3.java:128)
	</error>
</testcase>
<testcase name="random3[Android_5.1_Nexus 6_chrome_42]" classname="se.redmind.rmtest.selenium.example.RandomClass8(20150107-080018)" time="0.7631557">
	<error type="java.lang.AssertionError:">java.lang.AssertionError: null
		at org.junit.Assert.fail(Assert.java:86)
		at org.junit.Assert.assertTrue(Assert.java:41)
		at org.junit.Assert.assertTrue(Assert.java:52)
		at se.redmind.rmtest.selenium.example.CreateRandomRes3.random14(CreateRandomRes3.java:128)
	</error>
</testcase>
<testcase name="random3[Android_5.1_Nexus 6_explorer_10]" classname="se.redmind.rmtest.selenium.example.RandomClass8(20150107-080018)" time="1.6332828"/>
<testcase name="random3[Android_5.1_Nexus 6_opera_15]" classname="se.redmind.rmtest.selenium.example.RandomClass8(20150107-080018)" time="0.6649765">
	<failure type="java.lang.AssertionError:">java.lang.AssertionError: null
		at org.junit.Assert.fail(Assert.java:86)
		at org.junit.Assert.assertTrue(Assert.java:41)
		at org.junit.Assert.assertTrue(Assert.java:52)
		at se.redmind.rmtest.selenium.example.CreateRandomRes3.random14(CreateRandomRes3.java:128)
	</failure>
</testcase>
<testcase name="random3[Android_2.3_VeiVei_firefox_31]" classname="se.redmind.rmtest.selenium.example.RandomClass8(20150107-080018)" time="1.2507823">
	<failure type="java.lang.AssertionError:">java.lang.AssertionError: null
		at org.junit.Assert.fail(Assert.java:86)
		at org.junit.Assert.assertTrue(Assert.java:41)
		at org.junit.Assert.assertTrue(Assert.java:52)
		at se.redmind.rmtest.selenium.example.CreateRandomRes3.random14(CreateRandomRes3.java:128)
	</failure>
</testcase>
<testcase name="random3[Android_2.3_VeiVei_chrome_42]" classname="se.redmind.rmtest.selenium.example.RandomClass8(20150107-080018)" time="0.05449891"/>
<testcase name="random3[Android_2.3_VeiVei_explorer_10]" classname="se.redmind.rmtest.selenium.example.RandomClass8(20150107-080018)" time="0.71206427">
	<failure type="java.lang.AssertionError:">java.lang.AssertionError: null
		at org.junit.Assert.fail(Assert.java:86)
		at org.junit.Assert.assertTrue(Assert.java:41)
		at org.junit.Assert.assertTrue(Assert.java:52)
		at se.redmind.rmtest.selenium.example.CreateRandomRes3.random14(CreateRandomRes3.java:128)
	</failure>
</testcase>
<testcase name="random3[Android_2.3_VeiVei_opera_15]" classname="se.redmind.rmtest.selenium.example.RandomClass8(20150107-080018)" time="0.13993382"/>
<testcase name="random3[Android_4.4.4_Sony Experia Z3_firefox_31]" classname="se.redmind.rmtest.selenium.example.RandomClass8(20150107-080018)" time="0.6180452">
	<failure type="java.lang.AssertionError:">java.lang.AssertionError: null
		at org.junit.Assert.fail(Assert.java:86)
		at org.junit.Assert.assertTrue(Assert.java:41)
		at org.junit.Assert.assertTrue(Assert.java:52)
		at se.redmind.rmtest.selenium.example.CreateRandomRes3.random14(CreateRandomRes3.java:128)
	</failure>
</testcase>
<testcase name="random3[Android_4.4.4_Sony Experia Z3_chrome_42]" classname="se.redmind.rmtest.selenium.example.RandomClass8(20150107-080018)" time="1.0513916">
	<failure type="java.lang.AssertionError:">java.lang.AssertionError: null
		at org.junit.Assert.fail(Assert.java:86)
		at org.junit.Assert.assertTrue(Assert.java:41)
		at org.junit.Assert.assertTrue(Assert.java:52)
		at se.redmind.rmtest.selenium.example.CreateRandomRes3.random14(CreateRandomRes3.java:128)
	</failure>
</testcase>
<testcase name="random3[Android_4.4.4_Sony Experia Z3_explorer_10]" classname="se.redmind.rmtest.selenium.example.RandomClass8(20150107-080018)" time="0.33663106"/>
<testcase name="random3[Android_4.4.4_Sony Experia Z3_opera_15]" classname="se.redmind.rmtest.selenium.example.RandomClass8(20150107-080018)" time="0.64223504">
	<failure type="java.lang.AssertionError:">java.lang.AssertionError: null
		at org.junit.Assert.fail(Assert.java:86)
		at org.junit.Assert.assertTrue(Assert.java:41)
		at org.junit.Assert.assertTrue(Assert.java:52)
		at se.redmind.rmtest.selenium.example.CreateRandomRes3.random14(CreateRandomRes3.java:128)
	</failure>
</testcase>
<testcase name="random3[IOS_8.2_iPhone 6_firefox_31]" classname="se.redmind.rmtest.selenium.example.RandomClass8(20150107-080018)" time="0.78258383"/>
<testcase name="random3[IOS_8.2_iPhone 6_chrome_42]" classname="se.redmind.rmtest.selenium.example.RandomClass8(20150107-080018)" time="1.6019437">
	<failure type="java.lang.AssertionError:">java.lang.AssertionError: null
		at org.junit.Assert.fail(Assert.java:86)
		at org.junit.Assert.assertTrue(Assert.java:41)
		at org.junit.Assert.assertTrue(Assert.java:52)
		at se.redmind.rmtest.selenium.example.CreateRandomRes3.random14(CreateRandomRes3.java:128)
	</failure>
</testcase>
<testcase name="random3[IOS_8.2_iPhone 6_explorer_10]" classname="se.redmind.rmtest.selenium.example.RandomClass8(20150107-080018)" time="1.6535535">
	<failure type="java.lang.AssertionError:">java.lang.AssertionError: null
		at org.junit.Assert.fail(Assert.java:86)
		at org.junit.Assert.assertTrue(Assert.java:41)
		at org.junit.Assert.assertTrue(Assert.java:52)
		at se.redmind.rmtest.selenium.example.CreateRandomRes3.random14(CreateRandomRes3.java:128)
	</failure>
</testcase>
<testcase name="random3[IOS_8.2_iPhone 6_opera_15]" classname="se.redmind.rmtest.selenium.example.RandomClass8(20150107-080018)" time="1.5085726">
	<failure type="java.lang.AssertionError:">java.lang.AssertionError: null
		at org.junit.Assert.fail(Assert.java:86)
		at org.junit.Assert.assertTrue(Assert.java:41)
		at org.junit.Assert.assertTrue(Assert.java:52)
		at se.redmind.rmtest.selenium.example.CreateRandomRes3.random14(CreateRandomRes3.java:128)
	</failure>
</testcase>
<testcase name="random3[IOS_4_iPhone 3Gs_firefox_31]" classname="se.redmind.rmtest.selenium.example.RandomClass8(20150107-080018)" time="1.4259833">
<skipped/>
</testcase>
<testcase name="random3[IOS_4_iPhone 3Gs_firefox_31]" classname="se.redmind.rmtest.selenium.example.RandomClass8(20150107-080018)" time="0.31698036"/>
<testcase name="random3[IOS_4_iPhone 3Gs_chrome_42]" classname="se.redmind.rmtest.selenium.example.RandomClass8(20150107-080018)" time="0.3428676">
<skipped/>
</testcase>
<testcase name="random3[IOS_4_iPhone 3Gs_chrome_42]" classname="se.redmind.rmtest.selenium.example.RandomClass8(20150107-080018)" time="1.1877611">
	<failure type="java.lang.AssertionError:">java.lang.AssertionError: null
		at org.junit.Assert.fail(Assert.java:86)
		at org.junit.Assert.assertTrue(Assert.java:41)
		at org.junit.Assert.assertTrue(Assert.java:52)
		at se.redmind.rmtest.selenium.example.CreateRandomRes3.random14(CreateRandomRes3.java:128)
	</failure>
</testcase>
<testcase name="random3[IOS_4_iPhone 3Gs_explorer_10]" classname="se.redmind.rmtest.selenium.example.RandomClass8(20150107-080018)" time="0.92619085">
<skipped/>
</testcase>
<testcase name="random3[IOS_4_iPhone 3Gs_explorer_10]" classname="se.redmind.rmtest.selenium.example.RandomClass8(20150107-080018)" time="0.6417848">
	<failure type="java.lang.AssertionError:">java.lang.AssertionError: null
		at org.junit.Assert.fail(Assert.java:86)
		at org.junit.Assert.assertTrue(Assert.java:41)
		at org.junit.Assert.assertTrue(Assert.java:52)
		at se.redmind.rmtest.selenium.example.CreateRandomRes3.random14(CreateRandomRes3.java:128)
	</failure>
</testcase>
<testcase name="random3[IOS_4_iPhone 3Gs_opera_15]" classname="se.redmind.rmtest.selenium.example.RandomClass8(20150107-080018)" time="1.890263">
<skipped/>
</testcase>
<testcase name="random3[IOS_4_iPhone 3Gs_opera_15]" classname="se.redmind.rmtest.selenium.example.RandomClass8(20150107-080018)" time="1.5630208"/>
<testcase name="random3[OSX_10.9.5_UNKNOWN_firefox_31]" classname="se.redmind.rmtest.selenium.example.RandomClass8(20150107-080018)" time="1.8613373"/>
<testcase name="random3[OSX_10.9.5_UNKNOWN_chrome_42]" classname="se.redmind.rmtest.selenium.example.RandomClass8(20150107-080018)" time="1.4052236"/>
<testcase name="random3[OSX_10.9.5_UNKNOWN_explorer_10]" classname="se.redmind.rmtest.selenium.example.RandomClass8(20150107-080018)" time="0.92148983">
	<failure type="java.lang.AssertionError:">java.lang.AssertionError: null
		at org.junit.Assert.fail(Assert.java:86)
		at org.junit.Assert.assertTrue(Assert.java:41)
		at org.junit.Assert.assertTrue(Assert.java:52)
		at se.redmind.rmtest.selenium.example.CreateRandomRes3.random14(CreateRandomRes3.java:128)
	</failure>
</testcase>
<testcase name="random3[OSX_10.9.5_UNKNOWN_opera_15]" classname="se.redmind.rmtest.selenium.example.RandomClass8(20150107-080018)" time="0.26984453"/>
<testcase name="random3[Windows_8.1_UNKNOWN_firefox_31]" classname="se.redmind.rmtest.selenium.example.RandomClass8(20150107-080018)" time="0.840938"/>
<testcase name="random3[Windows_8.1_UNKNOWN_chrome_42]" classname="se.redmind.rmtest.selenium.example.RandomClass8(20150107-080018)" time="0.11346674"/>
<testcase name="random3[Windows_8.1_UNKNOWN_explorer_10]" classname="se.redmind.rmtest.selenium.example.RandomClass8(20150107-080018)" time="1.928553">
	<failure type="java.lang.AssertionError:">java.lang.AssertionError: null
		at org.junit.Assert.fail(Assert.java:86)
		at org.junit.Assert.assertTrue(Assert.java:41)
		at org.junit.Assert.assertTrue(Assert.java:52)
		at se.redmind.rmtest.selenium.example.CreateRandomRes3.random14(CreateRandomRes3.java:128)
	</failure>
</testcase>
<testcase name="random3[Windows_8.1_UNKNOWN_opera_15]" classname="se.redmind.rmtest.selenium.example.RandomClass8(20150107-080018)" time="0.61001563">
	<failure type="java.lang.AssertionError:">java.lang.AssertionError: null
		at org.junit.Assert.fail(Assert.java:86)
		at org.junit.Assert.assertTrue(Assert.java:41)
		at org.junit.Assert.assertTrue(Assert.java:52)
		at se.redmind.rmtest.selenium.example.CreateRandomRes3.random14(CreateRandomRes3.java:128)
	</failure>
</testcase>
<testcase name="random3[Ubuntu_12.10_UNKNOWN_firefox_31]" classname="se.redmind.rmtest.selenium.example.RandomClass8(20150107-080018)" time="1.6661812">
	<failure type="java.lang.AssertionError:">java.lang.AssertionError: null
		at org.junit.Assert.fail(Assert.java:86)
		at org.junit.Assert.assertTrue(Assert.java:41)
		at org.junit.Assert.assertTrue(Assert.java:52)
		at se.redmind.rmtest.selenium.example.CreateRandomRes3.random14(CreateRandomRes3.java:128)
	</failure>
</testcase>
<testcase name="random3[Ubuntu_12.10_UNKNOWN_chrome_42]" classname="se.redmind.rmtest.selenium.example.RandomClass8(20150107-080018)" time="0.088802695">
	<failure type="java.lang.AssertionError:">java.lang.AssertionError: null
		at org.junit.Assert.fail(Assert.java:86)
		at org.junit.Assert.assertTrue(Assert.java:41)
		at org.junit.Assert.assertTrue(Assert.java:52)
		at se.redmind.rmtest.selenium.example.CreateRandomRes3.random14(CreateRandomRes3.java:128)
	</failure>
</testcase>
<testcase name="random3[Ubuntu_12.10_UNKNOWN_explorer_10]" classname="se.redmind.rmtest.selenium.example.RandomClass8(20150107-080018)" time="1.9598053">
	<failure type="java.lang.AssertionError:">java.lang.AssertionError: null
		at org.junit.Assert.fail(Assert.java:86)
		at org.junit.Assert.assertTrue(Assert.java:41)
		at org.junit.Assert.assertTrue(Assert.java:52)
		at se.redmind.rmtest.selenium.example.CreateRandomRes3.random14(CreateRandomRes3.java:128)
	</failure>
</testcase>
<testcase name="random3[Ubuntu_12.10_UNKNOWN_opera_15]" classname="se.redmind.rmtest.selenium.example.RandomClass8(20150107-080018)" time="1.6211308">
	<failure type="java.lang.AssertionError:">java.lang.AssertionError: null
		at org.junit.Assert.fail(Assert.java:86)
		at org.junit.Assert.assertTrue(Assert.java:41)
		at org.junit.Assert.assertTrue(Assert.java:52)
		at se.redmind.rmtest.selenium.example.CreateRandomRes3.random14(CreateRandomRes3.java:128)
	</failure>
</testcase>
<testcase name="random4[Android_5.1_Nexus 6_firefox_31]" classname="se.redmind.rmtest.selenium.example.RandomClass8(20150107-080018)" time="0.25433755">
	<failure type="java.lang.AssertionError:">java.lang.AssertionError: null
		at org.junit.Assert.fail(Assert.java:86)
		at org.junit.Assert.assertTrue(Assert.java:41)
		at org.junit.Assert.assertTrue(Assert.java:52)
		at se.redmind.rmtest.selenium.example.CreateRandomRes3.random14(CreateRandomRes3.java:128)
	</failure>
</testcase>
<testcase name="random4[Android_5.1_Nexus 6_chrome_42]" classname="se.redmind.rmtest.selenium.example.RandomClass8(20150107-080018)" time="1.500992">
	<failure type="java.lang.AssertionError:">java.lang.AssertionError: null
		at org.junit.Assert.fail(Assert.java:86)
		at org.junit.Assert.assertTrue(Assert.java:41)
		at org.junit.Assert.assertTrue(Assert.java:52)
		at se.redmind.rmtest.selenium.example.CreateRandomRes3.random14(CreateRandomRes3.java:128)
	</failure>
</testcase>
<testcase name="random4[Android_5.1_Nexus 6_explorer_10]" classname="se.redmind.rmtest.selenium.example.RandomClass8(20150107-080018)" time="1.7401489">
	<failure type="java.lang.AssertionError:">java.lang.AssertionError: null
		at org.junit.Assert.fail(Assert.java:86)
		at org.junit.Assert.assertTrue(Assert.java:41)
		at org.junit.Assert.assertTrue(Assert.java:52)
		at se.redmind.rmtest.selenium.example.CreateRandomRes3.random14(CreateRandomRes3.java:128)
	</failure>
</testcase>
<testcase name="random4[Android_5.1_Nexus 6_opera_15]" classname="se.redmind.rmtest.selenium.example.RandomClass8(20150107-080018)" time="7.184744E-4">
	<failure type="java.lang.AssertionError:">java.lang.AssertionError: null
		at org.junit.Assert.fail(Assert.java:86)
		at org.junit.Assert.assertTrue(Assert.java:41)
		at org.junit.Assert.assertTrue(Assert.java:52)
		at se.redmind.rmtest.selenium.example.CreateRandomRes3.random14(CreateRandomRes3.java:128)
	</failure>
</testcase>
<testcase name="random4[Android_2.3_VeiVei_firefox_31]" classname="se.redmind.rmtest.selenium.example.RandomClass8(20150107-080018)" time="0.39734828">
	<failure type="java.lang.AssertionError:">java.lang.AssertionError: null
		at org.junit.Assert.fail(Assert.java:86)
		at org.junit.Assert.assertTrue(Assert.java:41)
		at org.junit.Assert.assertTrue(Assert.java:52)
		at se.redmind.rmtest.selenium.example.CreateRandomRes3.random14(CreateRandomRes3.java:128)
	</failure>
</testcase>
<testcase name="random4[Android_2.3_VeiVei_chrome_42]" classname="se.redmind.rmtest.selenium.example.RandomClass8(20150107-080018)" time="1.1573108">
	<failure type="java.lang.AssertionError:">java.lang.AssertionError: null
		at org.junit.Assert.fail(Assert.java:86)
		at org.junit.Assert.assertTrue(Assert.java:41)
		at org.junit.Assert.assertTrue(Assert.java:52)
		at se.redmind.rmtest.selenium.example.CreateRandomRes3.random14(CreateRandomRes3.java:128)
	</failure>
</testcase>
<testcase name="random4[Android_2.3_VeiVei_explorer_10]" classname="se.redmind.rmtest.selenium.example.RandomClass8(20150107-080018)" time="0.50880885"/>
<testcase name="random4[Android_2.3_VeiVei_opera_15]" classname="se.redmind.rmtest.selenium.example.RandomClass8(20150107-080018)" time="0.5716796"/>
<testcase name="random4[Android_4.4.4_Sony Experia Z3_firefox_31]" classname="se.redmind.rmtest.selenium.example.RandomClass8(20150107-080018)" time="0.313838"/>
<testcase name="random4[Android_4.4.4_Sony Experia Z3_chrome_42]" classname="se.redmind.rmtest.selenium.example.RandomClass8(20150107-080018)" time="0.6086409">
	<error type="java.lang.AssertionError:">java.lang.AssertionError: null
		at org.junit.Assert.fail(Assert.java:86)
		at org.junit.Assert.assertTrue(Assert.java:41)
		at org.junit.Assert.assertTrue(Assert.java:52)
		at se.redmind.rmtest.selenium.example.CreateRandomRes3.random14(CreateRandomRes3.java:128)
	</error>
</testcase>
<testcase name="random4[Android_4.4.4_Sony Experia Z3_explorer_10]" classname="se.redmind.rmtest.selenium.example.RandomClass8(20150107-080018)" time="1.4714596">
	<failure type="java.lang.AssertionError:">java.lang.AssertionError: null
		at org.junit.Assert.fail(Assert.java:86)
		at org.junit.Assert.assertTrue(Assert.java:41)
		at org.junit.Assert.assertTrue(Assert.java:52)
		at se.redmind.rmtest.selenium.example.CreateRandomRes3.random14(CreateRandomRes3.java:128)
	</failure>
</testcase>
<testcase name="random4[Android_4.4.4_Sony Experia Z3_opera_15]" classname="se.redmind.rmtest.selenium.example.RandomClass8(20150107-080018)" time="0.8842654">
	<error type="java.lang.AssertionError:">java.lang.AssertionError: null
		at org.junit.Assert.fail(Assert.java:86)
		at org.junit.Assert.assertTrue(Assert.java:41)
		at org.junit.Assert.assertTrue(Assert.java:52)
		at se.redmind.rmtest.selenium.example.CreateRandomRes3.random14(CreateRandomRes3.java:128)
	</error>
</testcase>
<testcase name="random4[IOS_8.2_iPhone 6_firefox_31]" classname="se.redmind.rmtest.selenium.example.RandomClass8(20150107-080018)" time="1.1007742">
	<failure type="java.lang.AssertionError:">java.lang.AssertionError: null
		at org.junit.Assert.fail(Assert.java:86)
		at org.junit.Assert.assertTrue(Assert.java:41)
		at org.junit.Assert.assertTrue(Assert.java:52)
		at se.redmind.rmtest.selenium.example.CreateRandomRes3.random14(CreateRandomRes3.java:128)
	</failure>
</testcase>
<testcase name="random4[IOS_8.2_iPhone 6_chrome_42]" classname="se.redmind.rmtest.selenium.example.RandomClass8(20150107-080018)" time="1.1565125"/>
<testcase name="random4[IOS_8.2_iPhone 6_explorer_10]" classname="se.redmind.rmtest.selenium.example.RandomClass8(20150107-080018)" time="1.7899382"/>
<testcase name="random4[IOS_8.2_iPhone 6_opera_15]" classname="se.redmind.rmtest.selenium.example.RandomClass8(20150107-080018)" time="0.3473022">
	<failure type="java.lang.AssertionError:">java.lang.AssertionError: null
		at org.junit.Assert.fail(Assert.java:86)
		at org.junit.Assert.assertTrue(Assert.java:41)
		at org.junit.Assert.assertTrue(Assert.java:52)
		at se.redmind.rmtest.selenium.example.CreateRandomRes3.random14(CreateRandomRes3.java:128)
	</failure>
</testcase>
<testcase name="random4[IOS_4_iPhone 3Gs_firefox_31]" classname="se.redmind.rmtest.selenium.example.RandomClass8(20150107-080018)" time="1.1639905">
	<failure type="java.lang.AssertionError:">java.lang.AssertionError: null
		at org.junit.Assert.fail(Assert.java:86)
		at org.junit.Assert.assertTrue(Assert.java:41)
		at org.junit.Assert.assertTrue(Assert.java:52)
		at se.redmind.rmtest.selenium.example.CreateRandomRes3.random14(CreateRandomRes3.java:128)
	</failure>
</testcase>
<testcase name="random4[IOS_4_iPhone 3Gs_chrome_42]" classname="se.redmind.rmtest.selenium.example.RandomClass8(20150107-080018)" time="0.22467697">
	<failure type="java.lang.AssertionError:">java.lang.AssertionError: null
		at org.junit.Assert.fail(Assert.java:86)
		at org.junit.Assert.assertTrue(Assert.java:41)
		at org.junit.Assert.assertTrue(Assert.java:52)
		at se.redmind.rmtest.selenium.example.CreateRandomRes3.random14(CreateRandomRes3.java:128)
	</failure>
</testcase>
<testcase name="random4[IOS_4_iPhone 3Gs_explorer_10]" classname="se.redmind.rmtest.selenium.example.RandomClass8(20150107-080018)" time="1.3524983"/>
<testcase name="random4[IOS_4_iPhone 3Gs_opera_15]" classname="se.redmind.rmtest.selenium.example.RandomClass8(20150107-080018)" time="1.7943736">
	<failure type="java.lang.AssertionError:">java.lang.AssertionError: null
		at org.junit.Assert.fail(Assert.java:86)
		at org.junit.Assert.assertTrue(Assert.java:41)
		at org.junit.Assert.assertTrue(Assert.java:52)
		at se.redmind.rmtest.selenium.example.CreateRandomRes3.random14(CreateRandomRes3.java:128)
	</failure>
</testcase>
<testcase name="random4[OSX_10.9.5_UNKNOWN_firefox_31]" classname="se.redmind.rmtest.selenium.example.RandomClass8(20150107-080018)" time="0.8701781">
	<failure type="java.lang.AssertionError:">java.lang.AssertionError: null
		at org.junit.Assert.fail(Assert.java:86)
		at org.junit.Assert.assertTrue(Assert.java:41)
		at org.junit.Assert.assertTrue(Assert.java:52)
		at se.redmind.rmtest.selenium.example.CreateRandomRes3.random14(CreateRandomRes3.java:128)
	</failure>
</testcase>
<testcase name="random4[OSX_10.9.5_UNKNOWN_chrome_42]" classname="se.redmind.rmtest.selenium.example.RandomClass8(20150107-080018)" time="0.90137494"/>
<testcase name="random4[OSX_10.9.5_UNKNOWN_explorer_10]" classname="se.redmind.rmtest.selenium.example.RandomClass8(20150107-080018)" time="0.83676136">
	<failure type="java.lang.AssertionError:">java.lang.AssertionError: null
		at org.junit.Assert.fail(Assert.java:86)
		at org.junit.Assert.assertTrue(Assert.java:41)
		at org.junit.Assert.assertTrue(Assert.java:52)
		at se.redmind.rmtest.selenium.example.CreateRandomRes3.random14(CreateRandomRes3.java:128)
	</failure>
</testcase>
<testcase name="random4[OSX_10.9.5_UNKNOWN_opera_15]" classname="se.redmind.rmtest.selenium.example.RandomClass8(20150107-080018)" time="0.89080346">
	<failure type="java.lang.AssertionError:">java.lang.AssertionError: null
		at org.junit.Assert.fail(Assert.java:86)
		at org.junit.Assert.assertTrue(Assert.java:41)
		at org.junit.Assert.assertTrue(Assert.java:52)
		at se.redmind.rmtest.selenium.example.CreateRandomRes3.random14(CreateRandomRes3.java:128)
	</failure>
</testcase>
<testcase name="random4[Windows_8.1_UNKNOWN_firefox_31]" classname="se.redmind.rmtest.selenium.example.RandomClass8(20150107-080018)" time="0.08030605">
	<failure type="java.lang.AssertionError:">java.lang.AssertionError: null
		at org.junit.Assert.fail(Assert.java:86)
		at org.junit.Assert.assertTrue(Assert.java:41)
		at org.junit.Assert.assertTrue(Assert.java:52)
		at se.redmind.rmtest.selenium.example.CreateRandomRes3.random14(CreateRandomRes3.java:128)
	</failure>
</testcase>
<testcase name="random4[Windows_8.1_UNKNOWN_chrome_42]" classname="se.redmind.rmtest.selenium.example.RandomClass8(20150107-080018)" time="0.41881645">
	<failure type="java.lang.AssertionError:">java.lang.AssertionError: null
		at org.junit.Assert.fail(Assert.java:86)
		at org.junit.Assert.assertTrue(Assert.java:41)
		at org.junit.Assert.assertTrue(Assert.java:52)
		at se.redmind.rmtest.selenium.example.CreateRandomRes3.random14(CreateRandomRes3.java:128)
	</failure>
</testcase>
<testcase name="random4[Windows_8.1_UNKNOWN_explorer_10]" classname="se.redmind.rmtest.selenium.example.RandomClass8(20150107-080018)" time="0.9068234">
	<failure type="java.lang.AssertionError:">java.lang.AssertionError: null
		at org.junit.Assert.fail(Assert.java:86)
		at org.junit.Assert.assertTrue(Assert.java:41)
		at org.junit.Assert.assertTrue(Assert.java:52)
		at se.redmind.rmtest.selenium.example.CreateRandomRes3.random14(CreateRandomRes3.java:128)
	</failure>
</testcase>
<testcase name="random4[Windows_8.1_UNKNOWN_opera_15]" classname="se.redmind.rmtest.selenium.example.RandomClass8(20150107-080018)" time="1.802097">
	<failure type="java.lang.AssertionError:">java.lang.AssertionError: null
		at org.junit.Assert.fail(Assert.java:86)
		at org.junit.Assert.assertTrue(Assert.java:41)
		at org.junit.Assert.assertTrue(Assert.java:52)
		at se.redmind.rmtest.selenium.example.CreateRandomRes3.random14(CreateRandomRes3.java:128)
	</failure>
</testcase>
<testcase name="random4[Ubuntu_12.10_UNKNOWN_firefox_31]" classname="se.redmind.rmtest.selenium.example.RandomClass8(20150107-080018)" time="1.677965">
	<failure type="java.lang.AssertionError:">java.lang.AssertionError: null
		at org.junit.Assert.fail(Assert.java:86)
		at org.junit.Assert.assertTrue(Assert.java:41)
		at org.junit.Assert.assertTrue(Assert.java:52)
		at se.redmind.rmtest.selenium.example.CreateRandomRes3.random14(CreateRandomRes3.java:128)
	</failure>
</testcase>
<testcase name="random4[Ubuntu_12.10_UNKNOWN_chrome_42]" classname="se.redmind.rmtest.selenium.example.RandomClass8(20150107-080018)" time="0.6848748"/>
<testcase name="random4[Ubuntu_12.10_UNKNOWN_explorer_10]" classname="se.redmind.rmtest.selenium.example.RandomClass8(20150107-080018)" time="0.2059542"/>
<testcase name="random4[Ubuntu_12.10_UNKNOWN_opera_15]" classname="se.redmind.rmtest.selenium.example.RandomClass8(20150107-080018)" time="0.071425796">
	<failure type="java.lang.AssertionError:">java.lang.AssertionError: null
		at org.junit.Assert.fail(Assert.java:86)
		at org.junit.Assert.assertTrue(Assert.java:41)
		at org.junit.Assert.assertTrue(Assert.java:52)
		at se.redmind.rmtest.selenium.example.CreateRandomRes3.random14(CreateRandomRes3.java:128)
	</failure>
</testcase>
<testcase name="random1[Android_4.4.4_HTC ONE_firefox_31]" classname="se.redmind.rmtest.selenium.example.RandomClass9(20150107-080018)" time="0.464589"/>
<testcase name="random1[Android_4.4.4_HTC ONE_chrome_42]" classname="se.redmind.rmtest.selenium.example.RandomClass9(20150107-080018)" time="0.6492493"/>
<testcase name="random1[Android_4.4.4_HTC ONE_explorer_10]" classname="se.redmind.rmtest.selenium.example.RandomClass9(20150107-080018)" time="0.27940953">
	<error type="java.lang.AssertionError:">java.lang.AssertionError: null
		at org.junit.Assert.fail(Assert.java:86)
		at org.junit.Assert.assertTrue(Assert.java:41)
		at org.junit.Assert.assertTrue(Assert.java:52)
		at se.redmind.rmtest.selenium.example.CreateRandomRes3.random14(CreateRandomRes3.java:128)
	</error>
</testcase>
<testcase name="random1[Android_4.4.4_HTC ONE_opera_15]" classname="se.redmind.rmtest.selenium.example.RandomClass9(20150107-080018)" time="1.1832138">
	<failure type="java.lang.AssertionError:">java.lang.AssertionError: null
		at org.junit.Assert.fail(Assert.java:86)
		at org.junit.Assert.assertTrue(Assert.java:41)
		at org.junit.Assert.assertTrue(Assert.java:52)
		at se.redmind.rmtest.selenium.example.CreateRandomRes3.random14(CreateRandomRes3.java:128)
	</failure>
</testcase>
<testcase name="random1[Android_5.1_Nexus 6_firefox_31]" classname="se.redmind.rmtest.selenium.example.RandomClass9(20150107-080018)" time="1.3521023">
	<failure type="java.lang.AssertionError:">java.lang.AssertionError: null
		at org.junit.Assert.fail(Assert.java:86)
		at org.junit.Assert.assertTrue(Assert.java:41)
		at org.junit.Assert.assertTrue(Assert.java:52)
		at se.redmind.rmtest.selenium.example.CreateRandomRes3.random14(CreateRandomRes3.java:128)
	</failure>
</testcase>
<testcase name="random1[Android_5.1_Nexus 6_chrome_42]" classname="se.redmind.rmtest.selenium.example.RandomClass9(20150107-080018)" time="0.6170304"/>
<testcase name="random1[Android_5.1_Nexus 6_explorer_10]" classname="se.redmind.rmtest.selenium.example.RandomClass9(20150107-080018)" time="0.11201036">
	<failure type="java.lang.AssertionError:">java.lang.AssertionError: null
		at org.junit.Assert.fail(Assert.java:86)
		at org.junit.Assert.assertTrue(Assert.java:41)
		at org.junit.Assert.assertTrue(Assert.java:52)
		at se.redmind.rmtest.selenium.example.CreateRandomRes3.random14(CreateRandomRes3.java:128)
	</failure>
</testcase>
<testcase name="random1[Android_5.1_Nexus 6_opera_15]" classname="se.redmind.rmtest.selenium.example.RandomClass9(20150107-080018)" time="1.8950042">
	<failure type="java.lang.AssertionError:">java.lang.AssertionError: null
		at org.junit.Assert.fail(Assert.java:86)
		at org.junit.Assert.assertTrue(Assert.java:41)
		at org.junit.Assert.assertTrue(Assert.java:52)
		at se.redmind.rmtest.selenium.example.CreateRandomRes3.random14(CreateRandomRes3.java:128)
	</failure>
</testcase>
<testcase name="random1[Android_4.4.4_Sony Experia Z3_firefox_31]" classname="se.redmind.rmtest.selenium.example.RandomClass9(20150107-080018)" time="1.7785298"/>
<testcase name="random1[Android_4.4.4_Sony Experia Z3_chrome_42]" classname="se.redmind.rmtest.selenium.example.RandomClass9(20150107-080018)" time="0.2209642"/>
<testcase name="random1[Android_4.4.4_Sony Experia Z3_explorer_10]" classname="se.redmind.rmtest.selenium.example.RandomClass9(20150107-080018)" time="0.78841245">
	<failure type="java.lang.AssertionError:">java.lang.AssertionError: null
		at org.junit.Assert.fail(Assert.java:86)
		at org.junit.Assert.assertTrue(Assert.java:41)
		at org.junit.Assert.assertTrue(Assert.java:52)
		at se.redmind.rmtest.selenium.example.CreateRandomRes3.random14(CreateRandomRes3.java:128)
	</failure>
</testcase>
<testcase name="random1[Android_4.4.4_Sony Experia Z3_opera_15]" classname="se.redmind.rmtest.selenium.example.RandomClass9(20150107-080018)" time="0.69914913"/>
<testcase name="random1[IOS_8.2_iPhone 6_firefox_31]" classname="se.redmind.rmtest.selenium.example.RandomClass9(20150107-080018)" time="0.21706653">
	<error type="java.lang.AssertionError:">java.lang.AssertionError: null
		at org.junit.Assert.fail(Assert.java:86)
		at org.junit.Assert.assertTrue(Assert.java:41)
		at org.junit.Assert.assertTrue(Assert.java:52)
		at se.redmind.rmtest.selenium.example.CreateRandomRes3.random14(CreateRandomRes3.java:128)
	</error>
</testcase>
<testcase name="random1[IOS_8.2_iPhone 6_chrome_42]" classname="se.redmind.rmtest.selenium.example.RandomClass9(20150107-080018)" time="0.2256732">
	<failure type="java.lang.AssertionError:">java.lang.AssertionError: null
		at org.junit.Assert.fail(Assert.java:86)
		at org.junit.Assert.assertTrue(Assert.java:41)
		at org.junit.Assert.assertTrue(Assert.java:52)
		at se.redmind.rmtest.selenium.example.CreateRandomRes3.random14(CreateRandomRes3.java:128)
	</failure>
</testcase>
<testcase name="random1[IOS_8.2_iPhone 6_explorer_10]" classname="se.redmind.rmtest.selenium.example.RandomClass9(20150107-080018)" time="1.0257046">
	<failure type="java.lang.AssertionError:">java.lang.AssertionError: null
		at org.junit.Assert.fail(Assert.java:86)
		at org.junit.Assert.assertTrue(Assert.java:41)
		at org.junit.Assert.assertTrue(Assert.java:52)
		at se.redmind.rmtest.selenium.example.CreateRandomRes3.random14(CreateRandomRes3.java:128)
	</failure>
</testcase>
<testcase name="random1[IOS_8.2_iPhone 6_opera_15]" classname="se.redmind.rmtest.selenium.example.RandomClass9(20150107-080018)" time="0.8616661">
	<failure type="java.lang.AssertionError:">java.lang.AssertionError: null
		at org.junit.Assert.fail(Assert.java:86)
		at org.junit.Assert.assertTrue(Assert.java:41)
		at org.junit.Assert.assertTrue(Assert.java:52)
		at se.redmind.rmtest.selenium.example.CreateRandomRes3.random14(CreateRandomRes3.java:128)
	</failure>
</testcase>
<testcase name="random1[OSX_10.9.5_UNKNOWN_firefox_31]" classname="se.redmind.rmtest.selenium.example.RandomClass9(20150107-080018)" time="0.7377771">
	<failure type="java.lang.AssertionError:">java.lang.AssertionError: null
		at org.junit.Assert.fail(Assert.java:86)
		at org.junit.Assert.assertTrue(Assert.java:41)
		at org.junit.Assert.assertTrue(Assert.java:52)
		at se.redmind.rmtest.selenium.example.CreateRandomRes3.random14(CreateRandomRes3.java:128)
	</failure>
</testcase>
<testcase name="random1[OSX_10.9.5_UNKNOWN_chrome_42]" classname="se.redmind.rmtest.selenium.example.RandomClass9(20150107-080018)" time="1.6787217">
	<failure type="java.lang.AssertionError:">java.lang.AssertionError: null
		at org.junit.Assert.fail(Assert.java:86)
		at org.junit.Assert.assertTrue(Assert.java:41)
		at org.junit.Assert.assertTrue(Assert.java:52)
		at se.redmind.rmtest.selenium.example.CreateRandomRes3.random14(CreateRandomRes3.java:128)
	</failure>
</testcase>
<testcase name="random1[OSX_10.9.5_UNKNOWN_explorer_10]" classname="se.redmind.rmtest.selenium.example.RandomClass9(20150107-080018)" time="1.8744402"/>
<testcase name="random1[OSX_10.9.5_UNKNOWN_opera_15]" classname="se.redmind.rmtest.selenium.example.RandomClass9(20150107-080018)" time="0.9484689"/>
<testcase name="random1[Windows_10_UNKNOWN_firefox_31]" classname="se.redmind.rmtest.selenium.example.RandomClass9(20150107-080018)" time="1.2608299"/>
<testcase name="random1[Windows_10_UNKNOWN_chrome_42]" classname="se.redmind.rmtest.selenium.example.RandomClass9(20150107-080018)" time="1.1899587">
	<failure type="java.lang.AssertionError:">java.lang.AssertionError: null
		at org.junit.Assert.fail(Assert.java:86)
		at org.junit.Assert.assertTrue(Assert.java:41)
		at org.junit.Assert.assertTrue(Assert.java:52)
		at se.redmind.rmtest.selenium.example.CreateRandomRes3.random14(CreateRandomRes3.java:128)
	</failure>
</testcase>
<testcase name="random1[Windows_10_UNKNOWN_explorer_10]" classname="se.redmind.rmtest.selenium.example.RandomClass9(20150107-080018)" time="1.7309608">
	<failure type="java.lang.AssertionError:">java.lang.AssertionError: null
		at org.junit.Assert.fail(Assert.java:86)
		at org.junit.Assert.assertTrue(Assert.java:41)
		at org.junit.Assert.assertTrue(Assert.java:52)
		at se.redmind.rmtest.selenium.example.CreateRandomRes3.random14(CreateRandomRes3.java:128)
	</failure>
</testcase>
<testcase name="random1[Windows_10_UNKNOWN_opera_15]" classname="se.redmind.rmtest.selenium.example.RandomClass9(20150107-080018)" time="0.64851725">
	<failure type="java.lang.AssertionError:">java.lang.AssertionError: null
		at org.junit.Assert.fail(Assert.java:86)
		at org.junit.Assert.assertTrue(Assert.java:41)
		at org.junit.Assert.assertTrue(Assert.java:52)
		at se.redmind.rmtest.selenium.example.CreateRandomRes3.random14(CreateRandomRes3.java:128)
	</failure>
</testcase>
<testcase name="random1[Ubuntu_14.04_UNKNOWN_firefox_31]" classname="se.redmind.rmtest.selenium.example.RandomClass9(20150107-080018)" time="0.15822482">
	<failure type="java.lang.AssertionError:">java.lang.AssertionError: null
		at org.junit.Assert.fail(Assert.java:86)
		at org.junit.Assert.assertTrue(Assert.java:41)
		at org.junit.Assert.assertTrue(Assert.java:52)
		at se.redmind.rmtest.selenium.example.CreateRandomRes3.random14(CreateRandomRes3.java:128)
	</failure>
</testcase>
<testcase name="random1[Ubuntu_14.04_UNKNOWN_chrome_42]" classname="se.redmind.rmtest.selenium.example.RandomClass9(20150107-080018)" time="0.52240396">
	<failure type="java.lang.AssertionError:">java.lang.AssertionError: null
		at org.junit.Assert.fail(Assert.java:86)
		at org.junit.Assert.assertTrue(Assert.java:41)
		at org.junit.Assert.assertTrue(Assert.java:52)
		at se.redmind.rmtest.selenium.example.CreateRandomRes3.random14(CreateRandomRes3.java:128)
	</failure>
</testcase>
<testcase name="random1[Ubuntu_14.04_UNKNOWN_explorer_10]" classname="se.redmind.rmtest.selenium.example.RandomClass9(20150107-080018)" time="1.5062225"/>
<testcase name="random1[Ubuntu_14.04_UNKNOWN_opera_15]" classname="se.redmind.rmtest.selenium.example.RandomClass9(20150107-080018)" time="1.4641154"/>
<testcase name="random1[Ubuntu_12.10_UNKNOWN_firefox_31]" classname="se.redmind.rmtest.selenium.example.RandomClass9(20150107-080018)" time="1.3402683"/>
<testcase name="random1[Ubuntu_12.10_UNKNOWN_chrome_42]" classname="se.redmind.rmtest.selenium.example.RandomClass9(20150107-080018)" time="1.7895781"/>
<testcase name="random1[Ubuntu_12.10_UNKNOWN_explorer_10]" classname="se.redmind.rmtest.selenium.example.RandomClass9(20150107-080018)" time="1.8803272"/>
<testcase name="random1[Ubuntu_12.10_UNKNOWN_opera_15]" classname="se.redmind.rmtest.selenium.example.RandomClass9(20150107-080018)" time="1.060313">
	<failure type="java.lang.AssertionError:">java.lang.AssertionError: null
		at org.junit.Assert.fail(Assert.java:86)
		at org.junit.Assert.assertTrue(Assert.java:41)
		at org.junit.Assert.assertTrue(Assert.java:52)
		at se.redmind.rmtest.selenium.example.CreateRandomRes3.random14(CreateRandomRes3.java:128)
	</failure>
</testcase>
<testcase name="random2[Android_4.4.4_HTC ONE_firefox_31]" classname="se.redmind.rmtest.selenium.example.RandomClass9(20150107-080018)" time="0.5971327"/>
<testcase name="random2[Android_4.4.4_HTC ONE_chrome_42]" classname="se.redmind.rmtest.selenium.example.RandomClass9(20150107-080018)" time="1.8281682"/>
<testcase name="random2[Android_4.4.4_HTC ONE_explorer_10]" classname="se.redmind.rmtest.selenium.example.RandomClass9(20150107-080018)" time="1.28995"/>
<testcase name="random2[Android_4.4.4_HTC ONE_opera_15]" classname="se.redmind.rmtest.selenium.example.RandomClass9(20150107-080018)" time="1.253177"/>
<testcase name="random2[Android_5.1_Nexus 6_firefox_31]" classname="se.redmind.rmtest.selenium.example.RandomClass9(20150107-080018)" time="0.26162267">
	<failure type="java.lang.AssertionError:">java.lang.AssertionError: null
		at org.junit.Assert.fail(Assert.java:86)
		at org.junit.Assert.assertTrue(Assert.java:41)
		at org.junit.Assert.assertTrue(Assert.java:52)
		at se.redmind.rmtest.selenium.example.CreateRandomRes3.random14(CreateRandomRes3.java:128)
	</failure>
</testcase>
<testcase name="random2[Android_5.1_Nexus 6_chrome_42]" classname="se.redmind.rmtest.selenium.example.RandomClass9(20150107-080018)" time="0.6669656">
	<failure type="java.lang.AssertionError:">java.lang.AssertionError: null
		at org.junit.Assert.fail(Assert.java:86)
		at org.junit.Assert.assertTrue(Assert.java:41)
		at org.junit.Assert.assertTrue(Assert.java:52)
		at se.redmind.rmtest.selenium.example.CreateRandomRes3.random14(CreateRandomRes3.java:128)
	</failure>
</testcase>
<testcase name="random2[Android_5.1_Nexus 6_explorer_10]" classname="se.redmind.rmtest.selenium.example.RandomClass9(20150107-080018)" time="1.923515"/>
<testcase name="random2[Android_5.1_Nexus 6_opera_15]" classname="se.redmind.rmtest.selenium.example.RandomClass9(20150107-080018)" time="0.03624165">
	<failure type="java.lang.AssertionError:">java.lang.AssertionError: null
		at org.junit.Assert.fail(Assert.java:86)
		at org.junit.Assert.assertTrue(Assert.java:41)
		at org.junit.Assert.assertTrue(Assert.java:52)
		at se.redmind.rmtest.selenium.example.CreateRandomRes3.random14(CreateRandomRes3.java:128)
	</failure>
</testcase>
<testcase name="random2[Android_4.4.4_Sony Experia Z3_firefox_31]" classname="se.redmind.rmtest.selenium.example.RandomClass9(20150107-080018)" time="1.9305124">
	<failure type="java.lang.AssertionError:">java.lang.AssertionError: null
		at org.junit.Assert.fail(Assert.java:86)
		at org.junit.Assert.assertTrue(Assert.java:41)
		at org.junit.Assert.assertTrue(Assert.java:52)
		at se.redmind.rmtest.selenium.example.CreateRandomRes3.random14(CreateRandomRes3.java:128)
	</failure>
</testcase>
<testcase name="random2[Android_4.4.4_Sony Experia Z3_chrome_42]" classname="se.redmind.rmtest.selenium.example.RandomClass9(20150107-080018)" time="0.40069366"/>
<testcase name="random2[Android_4.4.4_Sony Experia Z3_explorer_10]" classname="se.redmind.rmtest.selenium.example.RandomClass9(20150107-080018)" time="1.0003148">
	<failure type="java.lang.AssertionError:">java.lang.AssertionError: null
		at org.junit.Assert.fail(Assert.java:86)
		at org.junit.Assert.assertTrue(Assert.java:41)
		at org.junit.Assert.assertTrue(Assert.java:52)
		at se.redmind.rmtest.selenium.example.CreateRandomRes3.random14(CreateRandomRes3.java:128)
	</failure>
</testcase>
<testcase name="random2[Android_4.4.4_Sony Experia Z3_opera_15]" classname="se.redmind.rmtest.selenium.example.RandomClass9(20150107-080018)" time="1.9792897">
	<failure type="java.lang.AssertionError:">java.lang.AssertionError: null
		at org.junit.Assert.fail(Assert.java:86)
		at org.junit.Assert.assertTrue(Assert.java:41)
		at org.junit.Assert.assertTrue(Assert.java:52)
		at se.redmind.rmtest.selenium.example.CreateRandomRes3.random14(CreateRandomRes3.java:128)
	</failure>
</testcase>
<testcase name="random2[IOS_8.2_iPhone 6_firefox_31]" classname="se.redmind.rmtest.selenium.example.RandomClass9(20150107-080018)" time="1.9639599">
	<failure type="java.lang.AssertionError:">java.lang.AssertionError: null
		at org.junit.Assert.fail(Assert.java:86)
		at org.junit.Assert.assertTrue(Assert.java:41)
		at org.junit.Assert.assertTrue(Assert.java:52)
		at se.redmind.rmtest.selenium.example.CreateRandomRes3.random14(CreateRandomRes3.java:128)
	</failure>
</testcase>
<testcase name="random2[IOS_8.2_iPhone 6_chrome_42]" classname="se.redmind.rmtest.selenium.example.RandomClass9(20150107-080018)" time="0.44733477"/>
<testcase name="random2[IOS_8.2_iPhone 6_explorer_10]" classname="se.redmind.rmtest.selenium.example.RandomClass9(20150107-080018)" time="1.5011632">
	<failure type="java.lang.AssertionError:">java.lang.AssertionError: null
		at org.junit.Assert.fail(Assert.java:86)
		at org.junit.Assert.assertTrue(Assert.java:41)
		at org.junit.Assert.assertTrue(Assert.java:52)
		at se.redmind.rmtest.selenium.example.CreateRandomRes3.random14(CreateRandomRes3.java:128)
	</failure>
</testcase>
<testcase name="random2[IOS_8.2_iPhone 6_opera_15]" classname="se.redmind.rmtest.selenium.example.RandomClass9(20150107-080018)" time="0.8892536">
	<failure type="java.lang.AssertionError:">java.lang.AssertionError: null
		at org.junit.Assert.fail(Assert.java:86)
		at org.junit.Assert.assertTrue(Assert.java:41)
		at org.junit.Assert.assertTrue(Assert.java:52)
		at se.redmind.rmtest.selenium.example.CreateRandomRes3.random14(CreateRandomRes3.java:128)
	</failure>
</testcase>
<testcase name="random2[OSX_10.9.5_UNKNOWN_firefox_31]" classname="se.redmind.rmtest.selenium.example.RandomClass9(20150107-080018)" time="0.4824165">
	<error type="java.lang.AssertionError:">java.lang.AssertionError: null
		at org.junit.Assert.fail(Assert.java:86)
		at org.junit.Assert.assertTrue(Assert.java:41)
		at org.junit.Assert.assertTrue(Assert.java:52)
		at se.redmind.rmtest.selenium.example.CreateRandomRes3.random14(CreateRandomRes3.java:128)
	</error>
</testcase>
<testcase name="random2[OSX_10.9.5_UNKNOWN_chrome_42]" classname="se.redmind.rmtest.selenium.example.RandomClass9(20150107-080018)" time="0.3531295">
	<failure type="java.lang.AssertionError:">java.lang.AssertionError: null
		at org.junit.Assert.fail(Assert.java:86)
		at org.junit.Assert.assertTrue(Assert.java:41)
		at org.junit.Assert.assertTrue(Assert.java:52)
		at se.redmind.rmtest.selenium.example.CreateRandomRes3.random14(CreateRandomRes3.java:128)
	</failure>
</testcase>
<testcase name="random2[OSX_10.9.5_UNKNOWN_explorer_10]" classname="se.redmind.rmtest.selenium.example.RandomClass9(20150107-080018)" time="1.1212089">
	<failure type="java.lang.AssertionError:">java.lang.AssertionError: null
		at org.junit.Assert.fail(Assert.java:86)
		at org.junit.Assert.assertTrue(Assert.java:41)
		at org.junit.Assert.assertTrue(Assert.java:52)
		at se.redmind.rmtest.selenium.example.CreateRandomRes3.random14(CreateRandomRes3.java:128)
	</failure>
</testcase>
<testcase name="random2[OSX_10.9.5_UNKNOWN_opera_15]" classname="se.redmind.rmtest.selenium.example.RandomClass9(20150107-080018)" time="1.3212593">
	<failure type="java.lang.AssertionError:">java.lang.AssertionError: null
		at org.junit.Assert.fail(Assert.java:86)
		at org.junit.Assert.assertTrue(Assert.java:41)
		at org.junit.Assert.assertTrue(Assert.java:52)
		at se.redmind.rmtest.selenium.example.CreateRandomRes3.random14(CreateRandomRes3.java:128)
	</failure>
</testcase>
<testcase name="random2[Windows_10_UNKNOWN_firefox_31]" classname="se.redmind.rmtest.selenium.example.RandomClass9(20150107-080018)" time="0.52675855"/>
<testcase name="random2[Windows_10_UNKNOWN_chrome_42]" classname="se.redmind.rmtest.selenium.example.RandomClass9(20150107-080018)" time="1.4534644">
	<failure type="java.lang.AssertionError:">java.lang.AssertionError: null
		at org.junit.Assert.fail(Assert.java:86)
		at org.junit.Assert.assertTrue(Assert.java:41)
		at org.junit.Assert.assertTrue(Assert.java:52)
		at se.redmind.rmtest.selenium.example.CreateRandomRes3.random14(CreateRandomRes3.java:128)
	</failure>
</testcase>
<testcase name="random2[Windows_10_UNKNOWN_explorer_10]" classname="se.redmind.rmtest.selenium.example.RandomClass9(20150107-080018)" time="1.230768"/>
<testcase name="random2[Windows_10_UNKNOWN_opera_15]" classname="se.redmind.rmtest.selenium.example.RandomClass9(20150107-080018)" time="0.38720238">
	<failure type="java.lang.AssertionError:">java.lang.AssertionError: null
		at org.junit.Assert.fail(Assert.java:86)
		at org.junit.Assert.assertTrue(Assert.java:41)
		at org.junit.Assert.assertTrue(Assert.java:52)
		at se.redmind.rmtest.selenium.example.CreateRandomRes3.random14(CreateRandomRes3.java:128)
	</failure>
</testcase>
<testcase name="random2[Ubuntu_14.04_UNKNOWN_firefox_31]" classname="se.redmind.rmtest.selenium.example.RandomClass9(20150107-080018)" time="1.271457">
	<failure type="java.lang.AssertionError:">java.lang.AssertionError: null
		at org.junit.Assert.fail(Assert.java:86)
		at org.junit.Assert.assertTrue(Assert.java:41)
		at org.junit.Assert.assertTrue(Assert.java:52)
		at se.redmind.rmtest.selenium.example.CreateRandomRes3.random14(CreateRandomRes3.java:128)
	</failure>
</testcase>
<testcase name="random2[Ubuntu_14.04_UNKNOWN_chrome_42]" classname="se.redmind.rmtest.selenium.example.RandomClass9(20150107-080018)" time="0.6718457"/>
<testcase name="random2[Ubuntu_14.04_UNKNOWN_explorer_10]" classname="se.redmind.rmtest.selenium.example.RandomClass9(20150107-080018)" time="1.9719079">
	<failure type="java.lang.AssertionError:">java.lang.AssertionError: null
		at org.junit.Assert.fail(Assert.java:86)
		at org.junit.Assert.assertTrue(Assert.java:41)
		at org.junit.Assert.assertTrue(Assert.java:52)
		at se.redmind.rmtest.selenium.example.CreateRandomRes3.random14(CreateRandomRes3.java:128)
	</failure>
</testcase>
<testcase name="random2[Ubuntu_14.04_UNKNOWN_opera_15]" classname="se.redmind.rmtest.selenium.example.RandomClass9(20150107-080018)" time="1.0512708"/>
<testcase name="random2[Ubuntu_12.10_UNKNOWN_firefox_31]" classname="se.redmind.rmtest.selenium.example.RandomClass9(20150107-080018)" time="0.21229005">
	<failure type="java.lang.AssertionError:">java.lang.AssertionError: null
		at org.junit.Assert.fail(Assert.java:86)
		at org.junit.Assert.assertTrue(Assert.java:41)
		at org.junit.Assert.assertTrue(Assert.java:52)
		at se.redmind.rmtest.selenium.example.CreateRandomRes3.random14(CreateRandomRes3.java:128)
	</failure>
</testcase>
<testcase name="random2[Ubuntu_12.10_UNKNOWN_chrome_42]" classname="se.redmind.rmtest.selenium.example.RandomClass9(20150107-080018)" time="0.18193972">
	<failure type="java.lang.AssertionError:">java.lang.AssertionError: null
		at org.junit.Assert.fail(Assert.java:86)
		at org.junit.Assert.assertTrue(Assert.java:41)
		at org.junit.Assert.assertTrue(Assert.java:52)
		at se.redmind.rmtest.selenium.example.CreateRandomRes3.random14(CreateRandomRes3.java:128)
	</failure>
</testcase>
<testcase name="random2[Ubuntu_12.10_UNKNOWN_explorer_10]" classname="se.redmind.rmtest.selenium.example.RandomClass9(20150107-080018)" time="0.123157024">
	<error type="java.lang.AssertionError:">java.lang.AssertionError: null
		at org.junit.Assert.fail(Assert.java:86)
		at org.junit.Assert.assertTrue(Assert.java:41)
		at org.junit.Assert.assertTrue(Assert.java:52)
		at se.redmind.rmtest.selenium.example.CreateRandomRes3.random14(CreateRandomRes3.java:128)
	</error>
</testcase>
<testcase name="random2[Ubuntu_12.10_UNKNOWN_opera_15]" classname="se.redmind.rmtest.selenium.example.RandomClass9(20150107-080018)" time="0.53289664">
	<failure type="java.lang.AssertionError:">java.lang.AssertionError: null
		at org.junit.Assert.fail(Assert.java:86)
		at org.junit.Assert.assertTrue(Assert.java:41)
		at org.junit.Assert.assertTrue(Assert.java:52)
		at se.redmind.rmtest.selenium.example.CreateRandomRes3.random14(CreateRandomRes3.java:128)
	</failure>
</testcase>
<testcase name="random3[Android_4.4.4_HTC ONE_firefox_31]" classname="se.redmind.rmtest.selenium.example.RandomClass9(20150107-080018)" time="1.54629">
	<failure type="java.lang.AssertionError:">java.lang.AssertionError: null
		at org.junit.Assert.fail(Assert.java:86)
		at org.junit.Assert.assertTrue(Assert.java:41)
		at org.junit.Assert.assertTrue(Assert.java:52)
		at se.redmind.rmtest.selenium.example.CreateRandomRes3.random14(CreateRandomRes3.java:128)
	</failure>
</testcase>
<testcase name="random3[Android_4.4.4_HTC ONE_chrome_42]" classname="se.redmind.rmtest.selenium.example.RandomClass9(20150107-080018)" time="0.07254434"/>
<testcase name="random3[Android_4.4.4_HTC ONE_explorer_10]" classname="se.redmind.rmtest.selenium.example.RandomClass9(20150107-080018)" time="1.9089274">
	<failure type="java.lang.AssertionError:">java.lang.AssertionError: null
		at org.junit.Assert.fail(Assert.java:86)
		at org.junit.Assert.assertTrue(Assert.java:41)
		at org.junit.Assert.assertTrue(Assert.java:52)
		at se.redmind.rmtest.selenium.example.CreateRandomRes3.random14(CreateRandomRes3.java:128)
	</failure>
</testcase>
<testcase name="random3[Android_4.4.4_HTC ONE_opera_15]" classname="se.redmind.rmtest.selenium.example.RandomClass9(20150107-080018)" time="0.75351715">
	<failure type="java.lang.AssertionError:">java.lang.AssertionError: null
		at org.junit.Assert.fail(Assert.java:86)
		at org.junit.Assert.assertTrue(Assert.java:41)
		at org.junit.Assert.assertTrue(Assert.java:52)
		at se.redmind.rmtest.selenium.example.CreateRandomRes3.random14(CreateRandomRes3.java:128)
	</failure>
</testcase>
<testcase name="random3[Android_5.1_Nexus 6_firefox_31]" classname="se.redmind.rmtest.selenium.example.RandomClass9(20150107-080018)" time="1.0746459"/>
<testcase name="random3[Android_5.1_Nexus 6_chrome_42]" classname="se.redmind.rmtest.selenium.example.RandomClass9(20150107-080018)" time="1.1707002"/>
<testcase name="random3[Android_5.1_Nexus 6_explorer_10]" classname="se.redmind.rmtest.selenium.example.RandomClass9(20150107-080018)" time="0.0835104"/>
<testcase name="random3[Android_5.1_Nexus 6_opera_15]" classname="se.redmind.rmtest.selenium.example.RandomClass9(20150107-080018)" time="0.6129302">
	<failure type="java.lang.AssertionError:">java.lang.AssertionError: null
		at org.junit.Assert.fail(Assert.java:86)
		at org.junit.Assert.assertTrue(Assert.java:41)
		at org.junit.Assert.assertTrue(Assert.java:52)
		at se.redmind.rmtest.selenium.example.CreateRandomRes3.random14(CreateRandomRes3.java:128)
	</failure>
</testcase>
<testcase name="random3[Android_4.4.4_Sony Experia Z3_firefox_31]" classname="se.redmind.rmtest.selenium.example.RandomClass9(20150107-080018)" time="1.396705">
	<failure type="java.lang.AssertionError:">java.lang.AssertionError: null
		at org.junit.Assert.fail(Assert.java:86)
		at org.junit.Assert.assertTrue(Assert.java:41)
		at org.junit.Assert.assertTrue(Assert.java:52)
		at se.redmind.rmtest.selenium.example.CreateRandomRes3.random14(CreateRandomRes3.java:128)
	</failure>
</testcase>
<testcase name="random3[Android_4.4.4_Sony Experia Z3_chrome_42]" classname="se.redmind.rmtest.selenium.example.RandomClass9(20150107-080018)" time="0.60459554">
	<failure type="java.lang.AssertionError:">java.lang.AssertionError: null
		at org.junit.Assert.fail(Assert.java:86)
		at org.junit.Assert.assertTrue(Assert.java:41)
		at org.junit.Assert.assertTrue(Assert.java:52)
		at se.redmind.rmtest.selenium.example.CreateRandomRes3.random14(CreateRandomRes3.java:128)
	</failure>
</testcase>
<testcase name="random3[Android_4.4.4_Sony Experia Z3_explorer_10]" classname="se.redmind.rmtest.selenium.example.RandomClass9(20150107-080018)" time="1.9614038">
	<failure type="java.lang.AssertionError:">java.lang.AssertionError: null
		at org.junit.Assert.fail(Assert.java:86)
		at org.junit.Assert.assertTrue(Assert.java:41)
		at org.junit.Assert.assertTrue(Assert.java:52)
		at se.redmind.rmtest.selenium.example.CreateRandomRes3.random14(CreateRandomRes3.java:128)
	</failure>
</testcase>
<testcase name="random3[Android_4.4.4_Sony Experia Z3_opera_15]" classname="se.redmind.rmtest.selenium.example.RandomClass9(20150107-080018)" time="0.7542347"/>
<testcase name="random3[IOS_8.2_iPhone 6_firefox_31]" classname="se.redmind.rmtest.selenium.example.RandomClass9(20150107-080018)" time="0.58956146">
	<failure type="java.lang.AssertionError:">java.lang.AssertionError: null
		at org.junit.Assert.fail(Assert.java:86)
		at org.junit.Assert.assertTrue(Assert.java:41)
		at org.junit.Assert.assertTrue(Assert.java:52)
		at se.redmind.rmtest.selenium.example.CreateRandomRes3.random14(CreateRandomRes3.java:128)
	</failure>
</testcase>
<testcase name="random3[IOS_8.2_iPhone 6_chrome_42]" classname="se.redmind.rmtest.selenium.example.RandomClass9(20150107-080018)" time="1.6260434">
	<failure type="java.lang.AssertionError:">java.lang.AssertionError: null
		at org.junit.Assert.fail(Assert.java:86)
		at org.junit.Assert.assertTrue(Assert.java:41)
		at org.junit.Assert.assertTrue(Assert.java:52)
		at se.redmind.rmtest.selenium.example.CreateRandomRes3.random14(CreateRandomRes3.java:128)
	</failure>
</testcase>
<testcase name="random3[IOS_8.2_iPhone 6_explorer_10]" classname="se.redmind.rmtest.selenium.example.RandomClass9(20150107-080018)" time="1.8839756"/>
<testcase name="random3[IOS_8.2_iPhone 6_opera_15]" classname="se.redmind.rmtest.selenium.example.RandomClass9(20150107-080018)" time="0.17218721"/>
<testcase name="random3[OSX_10.9.5_UNKNOWN_firefox_31]" classname="se.redmind.rmtest.selenium.example.RandomClass9(20150107-080018)" time="1.7940685">
	<failure type="java.lang.AssertionError:">java.lang.AssertionError: null
		at org.junit.Assert.fail(Assert.java:86)
		at org.junit.Assert.assertTrue(Assert.java:41)
		at org.junit.Assert.assertTrue(Assert.java:52)
		at se.redmind.rmtest.selenium.example.CreateRandomRes3.random14(CreateRandomRes3.java:128)
	</failure>
</testcase>
<testcase name="random3[OSX_10.9.5_UNKNOWN_chrome_42]" classname="se.redmind.rmtest.selenium.example.RandomClass9(20150107-080018)" time="0.6336491">
	<failure type="java.lang.AssertionError:">java.lang.AssertionError: null
		at org.junit.Assert.fail(Assert.java:86)
		at org.junit.Assert.assertTrue(Assert.java:41)
		at org.junit.Assert.assertTrue(Assert.java:52)
		at se.redmind.rmtest.selenium.example.CreateRandomRes3.random14(CreateRandomRes3.java:128)
	</failure>
</testcase>
<testcase name="random3[OSX_10.9.5_UNKNOWN_explorer_10]" classname="se.redmind.rmtest.selenium.example.RandomClass9(20150107-080018)" time="0.023040056"/>
<testcase name="random3[OSX_10.9.5_UNKNOWN_opera_15]" classname="se.redmind.rmtest.selenium.example.RandomClass9(20150107-080018)" time="1.880424"/>
<testcase name="random3[Windows_10_UNKNOWN_firefox_31]" classname="se.redmind.rmtest.selenium.example.RandomClass9(20150107-080018)" time="1.7694974">
	<failure type="java.lang.AssertionError:">java.lang.AssertionError: null
		at org.junit.Assert.fail(Assert.java:86)
		at org.junit.Assert.assertTrue(Assert.java:41)
		at org.junit.Assert.assertTrue(Assert.java:52)
		at se.redmind.rmtest.selenium.example.CreateRandomRes3.random14(CreateRandomRes3.java:128)
	</failure>
</testcase>
<testcase name="random3[Windows_10_UNKNOWN_chrome_42]" classname="se.redmind.rmtest.selenium.example.RandomClass9(20150107-080018)" time="0.27269638"/>
<testcase name="random3[Windows_10_UNKNOWN_explorer_10]" classname="se.redmind.rmtest.selenium.example.RandomClass9(20150107-080018)" time="1.8056152">
	<failure type="java.lang.AssertionError:">java.lang.AssertionError: null
		at org.junit.Assert.fail(Assert.java:86)
		at org.junit.Assert.assertTrue(Assert.java:41)
		at org.junit.Assert.assertTrue(Assert.java:52)
		at se.redmind.rmtest.selenium.example.CreateRandomRes3.random14(CreateRandomRes3.java:128)
	</failure>
</testcase>
<testcase name="random3[Windows_10_UNKNOWN_opera_15]" classname="se.redmind.rmtest.selenium.example.RandomClass9(20150107-080018)" time="0.25644588"/>
<testcase name="random3[Ubuntu_14.04_UNKNOWN_firefox_31]" classname="se.redmind.rmtest.selenium.example.RandomClass9(20150107-080018)" time="0.5370798"/>
<testcase name="random3[Ubuntu_14.04_UNKNOWN_chrome_42]" classname="se.redmind.rmtest.selenium.example.RandomClass9(20150107-080018)" time="0.59389687"/>
<testcase name="random3[Ubuntu_14.04_UNKNOWN_explorer_10]" classname="se.redmind.rmtest.selenium.example.RandomClass9(20150107-080018)" time="1.5827999"/>
<testcase name="random3[Ubuntu_14.04_UNKNOWN_opera_15]" classname="se.redmind.rmtest.selenium.example.RandomClass9(20150107-080018)" time="0.8753699">
	<failure type="java.lang.AssertionError:">java.lang.AssertionError: null
		at org.junit.Assert.fail(Assert.java:86)
		at org.junit.Assert.assertTrue(Assert.java:41)
		at org.junit.Assert.assertTrue(Assert.java:52)
		at se.redmind.rmtest.selenium.example.CreateRandomRes3.random14(CreateRandomRes3.java:128)
	</failure>
</testcase>
<testcase name="random3[Ubuntu_12.10_UNKNOWN_firefox_31]" classname="se.redmind.rmtest.selenium.example.RandomClass9(20150107-080018)" time="0.24392962">
	<failure type="java.lang.AssertionError:">java.lang.AssertionError: null
		at org.junit.Assert.fail(Assert.java:86)
		at org.junit.Assert.assertTrue(Assert.java:41)
		at org.junit.Assert.assertTrue(Assert.java:52)
		at se.redmind.rmtest.selenium.example.CreateRandomRes3.random14(CreateRandomRes3.java:128)
	</failure>
</testcase>
<testcase name="random3[Ubuntu_12.10_UNKNOWN_chrome_42]" classname="se.redmind.rmtest.selenium.example.RandomClass9(20150107-080018)" time="0.5706351">
	<failure type="java.lang.AssertionError:">java.lang.AssertionError: null
		at org.junit.Assert.fail(Assert.java:86)
		at org.junit.Assert.assertTrue(Assert.java:41)
		at org.junit.Assert.assertTrue(Assert.java:52)
		at se.redmind.rmtest.selenium.example.CreateRandomRes3.random14(CreateRandomRes3.java:128)
	</failure>
</testcase>
<testcase name="random3[Ubuntu_12.10_UNKNOWN_explorer_10]" classname="se.redmind.rmtest.selenium.example.RandomClass9(20150107-080018)" time="1.6227292">
	<failure type="java.lang.AssertionError:">java.lang.AssertionError: null
		at org.junit.Assert.fail(Assert.java:86)
		at org.junit.Assert.assertTrue(Assert.java:41)
		at org.junit.Assert.assertTrue(Assert.java:52)
		at se.redmind.rmtest.selenium.example.CreateRandomRes3.random14(CreateRandomRes3.java:128)
	</failure>
</testcase>
<testcase name="random3[Ubuntu_12.10_UNKNOWN_opera_15]" classname="se.redmind.rmtest.selenium.example.RandomClass9(20150107-080018)" time="1.5852894">
	<failure type="java.lang.AssertionError:">java.lang.AssertionError: null
		at org.junit.Assert.fail(Assert.java:86)
		at org.junit.Assert.assertTrue(Assert.java:41)
		at org.junit.Assert.assertTrue(Assert.java:52)
		at se.redmind.rmtest.selenium.example.CreateRandomRes3.random14(CreateRandomRes3.java:128)
	</failure>
</testcase>
<testcase name="random4[Android_4.4.4_HTC ONE_firefox_31]" classname="se.redmind.rmtest.selenium.example.RandomClass9(20150107-080018)" time="0.14584923">
	<failure type="java.lang.AssertionError:">java.lang.AssertionError: null
		at org.junit.Assert.fail(Assert.java:86)
		at org.junit.Assert.assertTrue(Assert.java:41)
		at org.junit.Assert.assertTrue(Assert.java:52)
		at se.redmind.rmtest.selenium.example.CreateRandomRes3.random14(CreateRandomRes3.java:128)
	</failure>
</testcase>
<testcase name="random4[Android_4.4.4_HTC ONE_chrome_42]" classname="se.redmind.rmtest.selenium.example.RandomClass9(20150107-080018)" time="1.4955965">
	<failure type="java.lang.AssertionError:">java.lang.AssertionError: null
		at org.junit.Assert.fail(Assert.java:86)
		at org.junit.Assert.assertTrue(Assert.java:41)
		at org.junit.Assert.assertTrue(Assert.java:52)
		at se.redmind.rmtest.selenium.example.CreateRandomRes3.random14(CreateRandomRes3.java:128)
	</failure>
</testcase>
<testcase name="random4[Android_4.4.4_HTC ONE_explorer_10]" classname="se.redmind.rmtest.selenium.example.RandomClass9(20150107-080018)" time="1.2355434">
	<failure type="java.lang.AssertionError:">java.lang.AssertionError: null
		at org.junit.Assert.fail(Assert.java:86)
		at org.junit.Assert.assertTrue(Assert.java:41)
		at org.junit.Assert.assertTrue(Assert.java:52)
		at se.redmind.rmtest.selenium.example.CreateRandomRes3.random14(CreateRandomRes3.java:128)
	</failure>
</testcase>
<testcase name="random4[Android_4.4.4_HTC ONE_opera_15]" classname="se.redmind.rmtest.selenium.example.RandomClass9(20150107-080018)" time="1.8743743">
	<failure type="java.lang.AssertionError:">java.lang.AssertionError: null
		at org.junit.Assert.fail(Assert.java:86)
		at org.junit.Assert.assertTrue(Assert.java:41)
		at org.junit.Assert.assertTrue(Assert.java:52)
		at se.redmind.rmtest.selenium.example.CreateRandomRes3.random14(CreateRandomRes3.java:128)
	</failure>
</testcase>
<testcase name="random4[Android_5.1_Nexus 6_firefox_31]" classname="se.redmind.rmtest.selenium.example.RandomClass9(20150107-080018)" time="0.59133554">
	<failure type="java.lang.AssertionError:">java.lang.AssertionError: null
		at org.junit.Assert.fail(Assert.java:86)
		at org.junit.Assert.assertTrue(Assert.java:41)
		at org.junit.Assert.assertTrue(Assert.java:52)
		at se.redmind.rmtest.selenium.example.CreateRandomRes3.random14(CreateRandomRes3.java:128)
	</failure>
</testcase>
<testcase name="random4[Android_5.1_Nexus 6_chrome_42]" classname="se.redmind.rmtest.selenium.example.RandomClass9(20150107-080018)" time="0.37801147"/>
<testcase name="random4[Android_5.1_Nexus 6_explorer_10]" classname="se.redmind.rmtest.selenium.example.RandomClass9(20150107-080018)" time="0.009234309"/>
<testcase name="random4[Android_5.1_Nexus 6_opera_15]" classname="se.redmind.rmtest.selenium.example.RandomClass9(20150107-080018)" time="0.7905048"/>
<testcase name="random4[Android_4.4.4_Sony Experia Z3_firefox_31]" classname="se.redmind.rmtest.selenium.example.RandomClass9(20150107-080018)" time="0.07061219">
	<error type="java.lang.AssertionError:">java.lang.AssertionError: null
		at org.junit.Assert.fail(Assert.java:86)
		at org.junit.Assert.assertTrue(Assert.java:41)
		at org.junit.Assert.assertTrue(Assert.java:52)
		at se.redmind.rmtest.selenium.example.CreateRandomRes3.random14(CreateRandomRes3.java:128)
	</error>
</testcase>
<testcase name="random4[Android_4.4.4_Sony Experia Z3_chrome_42]" classname="se.redmind.rmtest.selenium.example.RandomClass9(20150107-080018)" time="0.28933513">
	<failure type="java.lang.AssertionError:">java.lang.AssertionError: null
		at org.junit.Assert.fail(Assert.java:86)
		at org.junit.Assert.assertTrue(Assert.java:41)
		at org.junit.Assert.assertTrue(Assert.java:52)
		at se.redmind.rmtest.selenium.example.CreateRandomRes3.random14(CreateRandomRes3.java:128)
	</failure>
</testcase>
<testcase name="random4[Android_4.4.4_Sony Experia Z3_explorer_10]" classname="se.redmind.rmtest.selenium.example.RandomClass9(20150107-080018)" time="1.6328864">
	<failure type="java.lang.AssertionError:">java.lang.AssertionError: null
		at org.junit.Assert.fail(Assert.java:86)
		at org.junit.Assert.assertTrue(Assert.java:41)
		at org.junit.Assert.assertTrue(Assert.java:52)
		at se.redmind.rmtest.selenium.example.CreateRandomRes3.random14(CreateRandomRes3.java:128)
	</failure>
</testcase>
<testcase name="random4[Android_4.4.4_Sony Experia Z3_opera_15]" classname="se.redmind.rmtest.selenium.example.RandomClass9(20150107-080018)" time="1.7002525"/>
<testcase name="random4[IOS_8.2_iPhone 6_firefox_31]" classname="se.redmind.rmtest.selenium.example.RandomClass9(20150107-080018)" time="0.46571255"/>
<testcase name="random4[IOS_8.2_iPhone 6_chrome_42]" classname="se.redmind.rmtest.selenium.example.RandomClass9(20150107-080018)" time="1.2442847">
	<error type="java.lang.AssertionError:">java.lang.AssertionError: null
		at org.junit.Assert.fail(Assert.java:86)
		at org.junit.Assert.assertTrue(Assert.java:41)
		at org.junit.Assert.assertTrue(Assert.java:52)
		at se.redmind.rmtest.selenium.example.CreateRandomRes3.random14(CreateRandomRes3.java:128)
	</error>
</testcase>
<testcase name="random4[IOS_8.2_iPhone 6_explorer_10]" classname="se.redmind.rmtest.selenium.example.RandomClass9(20150107-080018)" time="1.3046014"/>
<testcase name="random4[IOS_8.2_iPhone 6_opera_15]" classname="se.redmind.rmtest.selenium.example.RandomClass9(20150107-080018)" time="1.834662"/>
<testcase name="random4[OSX_10.9.5_UNKNOWN_firefox_31]" classname="se.redmind.rmtest.selenium.example.RandomClass9(20150107-080018)" time="1.2266222">
	<failure type="java.lang.AssertionError:">java.lang.AssertionError: null
		at org.junit.Assert.fail(Assert.java:86)
		at org.junit.Assert.assertTrue(Assert.java:41)
		at org.junit.Assert.assertTrue(Assert.java:52)
		at se.redmind.rmtest.selenium.example.CreateRandomRes3.random14(CreateRandomRes3.java:128)
	</failure>
</testcase>
<testcase name="random4[OSX_10.9.5_UNKNOWN_chrome_42]" classname="se.redmind.rmtest.selenium.example.RandomClass9(20150107-080018)" time="1.0742278">
	<failure type="java.lang.AssertionError:">java.lang.AssertionError: null
		at org.junit.Assert.fail(Assert.java:86)
		at org.junit.Assert.assertTrue(Assert.java:41)
		at org.junit.Assert.assertTrue(Assert.java:52)
		at se.redmind.rmtest.selenium.example.CreateRandomRes3.random14(CreateRandomRes3.java:128)
	</failure>
</testcase>
<testcase name="random4[OSX_10.9.5_UNKNOWN_explorer_10]" classname="se.redmind.rmtest.selenium.example.RandomClass9(20150107-080018)" time="0.5888568"/>
<testcase name="random4[OSX_10.9.5_UNKNOWN_opera_15]" classname="se.redmind.rmtest.selenium.example.RandomClass9(20150107-080018)" time="0.43042517">
	<failure type="java.lang.AssertionError:">java.lang.AssertionError: null
		at org.junit.Assert.fail(Assert.java:86)
		at org.junit.Assert.assertTrue(Assert.java:41)
		at org.junit.Assert.assertTrue(Assert.java:52)
		at se.redmind.rmtest.selenium.example.CreateRandomRes3.random14(CreateRandomRes3.java:128)
	</failure>
</testcase>
<testcase name="random4[Windows_10_UNKNOWN_firefox_31]" classname="se.redmind.rmtest.selenium.example.RandomClass9(20150107-080018)" time="1.1877836">
	<failure type="java.lang.AssertionError:">java.lang.AssertionError: null
		at org.junit.Assert.fail(Assert.java:86)
		at org.junit.Assert.assertTrue(Assert.java:41)
		at org.junit.Assert.assertTrue(Assert.java:52)
		at se.redmind.rmtest.selenium.example.CreateRandomRes3.random14(CreateRandomRes3.java:128)
	</failure>
</testcase>
<testcase name="random4[Windows_10_UNKNOWN_chrome_42]" classname="se.redmind.rmtest.selenium.example.RandomClass9(20150107-080018)" time="1.129533"/>
<testcase name="random4[Windows_10_UNKNOWN_explorer_10]" classname="se.redmind.rmtest.selenium.example.RandomClass9(20150107-080018)" time="0.61236286">
	<failure type="java.lang.AssertionError:">java.lang.AssertionError: null
		at org.junit.Assert.fail(Assert.java:86)
		at org.junit.Assert.assertTrue(Assert.java:41)
		at org.junit.Assert.assertTrue(Assert.java:52)
		at se.redmind.rmtest.selenium.example.CreateRandomRes3.random14(CreateRandomRes3.java:128)
	</failure>
</testcase>
<testcase name="random4[Windows_10_UNKNOWN_opera_15]" classname="se.redmind.rmtest.selenium.example.RandomClass9(20150107-080018)" time="1.4387755"/>
<testcase name="random4[Ubuntu_14.04_UNKNOWN_firefox_31]" classname="se.redmind.rmtest.selenium.example.RandomClass9(20150107-080018)" time="0.056755543">
	<failure type="java.lang.AssertionError:">java.lang.AssertionError: null
		at org.junit.Assert.fail(Assert.java:86)
		at org.junit.Assert.assertTrue(Assert.java:41)
		at org.junit.Assert.assertTrue(Assert.java:52)
		at se.redmind.rmtest.selenium.example.CreateRandomRes3.random14(CreateRandomRes3.java:128)
	</failure>
</testcase>
<testcase name="random4[Ubuntu_14.04_UNKNOWN_chrome_42]" classname="se.redmind.rmtest.selenium.example.RandomClass9(20150107-080018)" time="1.2031476">
	<failure type="java.lang.AssertionError:">java.lang.AssertionError: null
		at org.junit.Assert.fail(Assert.java:86)
		at org.junit.Assert.assertTrue(Assert.java:41)
		at org.junit.Assert.assertTrue(Assert.java:52)
		at se.redmind.rmtest.selenium.example.CreateRandomRes3.random14(CreateRandomRes3.java:128)
	</failure>
</testcase>
<testcase name="random4[Ubuntu_14.04_UNKNOWN_explorer_10]" classname="se.redmind.rmtest.selenium.example.RandomClass9(20150107-080018)" time="0.2591275">
	<failure type="java.lang.AssertionError:">java.lang.AssertionError: null
		at org.junit.Assert.fail(Assert.java:86)
		at org.junit.Assert.assertTrue(Assert.java:41)
		at org.junit.Assert.assertTrue(Assert.java:52)
		at se.redmind.rmtest.selenium.example.CreateRandomRes3.random14(CreateRandomRes3.java:128)
	</failure>
</testcase>
<testcase name="random4[Ubuntu_14.04_UNKNOWN_opera_15]" classname="se.redmind.rmtest.selenium.example.RandomClass9(20150107-080018)" time="1.4380302"/>
<testcase name="random4[Ubuntu_12.10_UNKNOWN_firefox_31]" classname="se.redmind.rmtest.selenium.example.RandomClass9(20150107-080018)" time="0.39351952"/>
<testcase name="random4[Ubuntu_12.10_UNKNOWN_chrome_42]" classname="se.redmind.rmtest.selenium.example.RandomClass9(20150107-080018)" time="1.1869248"/>
<testcase name="random4[Ubuntu_12.10_UNKNOWN_explorer_10]" classname="se.redmind.rmtest.selenium.example.RandomClass9(20150107-080018)" time="1.7875587"/>
<testcase name="random4[Ubuntu_12.10_UNKNOWN_opera_15]" classname="se.redmind.rmtest.selenium.example.RandomClass9(20150107-080018)" time="1.1289301">
	<failure type="java.lang.AssertionError:">java.lang.AssertionError: null
		at org.junit.Assert.fail(Assert.java:86)
		at org.junit.Assert.assertTrue(Assert.java:41)
		at org.junit.Assert.assertTrue(Assert.java:52)
		at se.redmind.rmtest.selenium.example.CreateRandomRes3.random14(CreateRandomRes3.java:128)
	</failure>
</testcase>
</testsuite>