<?xml version="1.0" encoding="UTF-8"?>
<testsuite name="test.java.se.redmind.rmtest.selenium.example.AnotherGeneratedSuite(20150415-080512)" time="0.0" tests="0" errors="0" skipped="0" failures="0">
  <properties>
    <property name="java.runtime.name" value="Java(TM) SE Runtime Environment"/>
    <property name="sun.boot.library.path" value="/Library/Java/JavaVirtualMachines/jdk1.8.0_25.jdk/Contents/Home/jre/lib"/>
    <property name="java.vm.version" value="25.25-b02"/>
    <property name="gopherProxySet" value="false"/>
    <property name="java.vm.vendor" value="Oracle Corporation"/>
    <property name="java.vendor.url" value="http://java.oracle.com/"/>
    <property name="path.separator" value=":"/>
    <property name="guice.disable.misplaced.annotation.check" value="true"/>
    <property name="java.vm.name" value="Java HotSpot(TM) 64-Bit Server VM"/>
    <property name="file.encoding.pkg" value="sun.io"/>
    <property name="user.country" value="SE"/>
    <property name="sun.java.launcher" value="SUN_STANDARD"/>
    <property name="sun.os.patch.level" value="unknown"/>
    <property name="java.vm.specification.name" value="Java Virtual Machine Specification"/>
    <property name="user.dir" value="/Users/gustavholfve/redmind/RMTest"/>
    <property name="java.runtime.version" value="1.8.0_25-b17"/>
    <property name="java.awt.graphicsenv" value="sun.awt.CGraphicsEnvironment"/>
    <property name="java.endorsed.dirs" value="/Library/Java/JavaVirtualMachines/jdk1.8.0_25.jdk/Contents/Home/jre/lib/endorsed"/>
    <property name="os.arch" value="x86_64"/>
    <property name="java.io.tmpdir" value="/var/folders/g6/ynxs0t3j7r15myt344kjfly00000gn/T/"/>
    <property name="line.separator" value="&#10;"/>
    <property name="java.vm.specification.vendor" value="Oracle Corporation"/>
    <property name="os.name" value="Mac OS X"/>
    <property name="classworlds.conf" value="/Users/gustavholfve/Documents/RMTest/.metadata/.plugins/org.eclipse.m2e.launching/launches/m2conf4824253298632382667.tmp"/>
    <property name="sun.jnu.encoding" value="UTF-8"/>
    <property name="java.library.path" value="/Users/gustavholfve/Library/Java/Extensions:/Library/Java/Extensions:/Network/Library/Java/Extensions:/System/Library/Java/Extensions:/usr/lib/java:."/>
    <property name="java.specification.name" value="Java Platform API Specification"/>
    <property name="java.class.version" value="52.0"/>
    <property name="sun.management.compiler" value="HotSpot 64-Bit Tiered Compilers"/>
    <property name="os.version" value="10.9.5"/>
    <property name="http.nonProxyHosts" value="local|*.local|169.254/16|*.169.254/16"/>
    <property name="user.home" value="/Users/gustavholfve"/>
    <property name="user.timezone" value="Europe/Stockholm"/>
    <property name="java.awt.printerjob" value="sun.lwawt.macosx.CPrinterJob"/>
    <property name="java.specification.version" value="1.8"/>
    <property name="file.encoding" value="UTF-8"/>
    <property name="user.name" value="gustavholfve"/>
    <property name="java.class.path" value="/Users/gustavholfve/Downloads/eclipse 4/plugins/org.eclipse.m2e.maven.runtime_1.5.0.20140605-2032/jars/plexus-classworlds-2.5.1.jar"/>
    <property name="org.slf4j.simpleLogger.defaultLogLevel" value="info"/>
    <property name="java.vm.specification.version" value="1.8"/>
    <property name="sun.arch.data.model" value="64"/>
    <property name="java.home" value="/Library/Java/JavaVirtualMachines/jdk1.8.0_25.jdk/Contents/Home/jre"/>
    <property name="sun.java.command" value="org.codehaus.plexus.classworlds.launcher.Launcher -B test"/>
    <property name="java.specification.vendor" value="Oracle Corporation"/>
    <property name="user.language" value="sv"/>
    <property name="awt.toolkit" value="sun.lwawt.macosx.LWCToolkit"/>
    <property name="java.vm.info" value="mixed mode"/>
    <property name="java.version" value="1.8.0_25"/>
    <property name="java.ext.dirs" value="/Users/gustavholfve/Library/Java/Extensions:/Library/Java/JavaVirtualMachines/jdk1.8.0_25.jdk/Contents/Home/jre/lib/ext:/Library/Java/Extensions:/Network/Library/Java/Extensions:/System/Library/Java/Extensions:/usr/lib/java"/>
    <property name="sun.boot.class.path" value="/Library/Java/JavaVirtualMachines/jdk1.8.0_25.jdk/Contents/Home/jre/lib/resources.jar:/Library/Java/JavaVirtualMachines/jdk1.8.0_25.jdk/Contents/Home/jre/lib/rt.jar:/Library/Java/JavaVirtualMachines/jdk1.8.0_25.jdk/Contents/Home/jre/lib/sunrsasign.jar:/Library/Java/JavaVirtualMachines/jdk1.8.0_25.jdk/Contents/Home/jre/lib/jsse.jar:/Library/Java/JavaVirtualMachines/jdk1.8.0_25.jdk/Contents/Home/jre/lib/jce.jar:/Library/Java/JavaVirtualMachines/jdk1.8.0_25.jdk/Contents/Home/jre/lib/charsets.jar:/Library/Java/JavaVirtualMachines/jdk1.8.0_25.jdk/Contents/Home/jre/lib/jfr.jar:/Library/Java/JavaVirtualMachines/jdk1.8.0_25.jdk/Contents/Home/jre/classes"/>
    <property name="java.vendor" value="Oracle Corporation"/>
    <property name="maven.home" value="/Users/gustavholfve/redmind/RMTest/EMBEDDED"/>
    <property name="file.separator" value="/"/>
    <property name="java.vendor.url.bug" value="http://bugreport.sun.com/bugreport/"/>
    <property name="sun.cpu.endian" value="little"/>
    <property name="sun.io.unicode.encoding" value="UnicodeBig"/>
    <property name="socksNonProxyHosts" value="local|*.local|169.254/16|*.169.254/16"/>
    <property name="ftp.nonProxyHosts" value="local|*.local|169.254/16|*.169.254/16"/>
    <property name="sun.cpu.isalist" value=""/>
  </properties>
<testcase name="random1[Android_4.4.4_HTC ONE_firefox_31]" classname="se.redmind.rmtest.selenium.example.RandomClass0(20150415-080512)" time="1.76701"/>
<testcase name="random1[Android_4.4.4_HTC ONE_chrome_42]" classname="se.redmind.rmtest.selenium.example.RandomClass0(20150415-080512)" time="1.2269582"/>
<testcase name="random1[Android_4.4.4_HTC ONE_explorer_10]" classname="se.redmind.rmtest.selenium.example.RandomClass0(20150415-080512)" time="1.8956763"/>
<testcase name="random1[Android_4.4.4_HTC ONE_opera_15]" classname="se.redmind.rmtest.selenium.example.RandomClass0(20150415-080512)" time="0.23552907">
	<failure type="java.lang.AssertionError:">java.lang.AssertionError: null
		at org.junit.Assert.fail(Assert.java:86)
		at org.junit.Assert.assertTrue(Assert.java:41)
		at org.junit.Assert.assertTrue(Assert.java:52)
		at se.redmind.rmtest.selenium.example.CreateRandomRes3.random14(CreateRandomRes3.java:128)
	</failure>
</testcase>
<testcase name="random1[Android_5.1_Nexus 6_firefox_31]" classname="se.redmind.rmtest.selenium.example.RandomClass0(20150415-080512)" time="1.1155056">
	<failure type="java.lang.AssertionError:">java.lang.AssertionError: null
		at org.junit.Assert.fail(Assert.java:86)
		at org.junit.Assert.assertTrue(Assert.java:41)
		at org.junit.Assert.assertTrue(Assert.java:52)
		at se.redmind.rmtest.selenium.example.CreateRandomRes3.random14(CreateRandomRes3.java:128)
	</failure>
</testcase>
<testcase name="random1[Android_5.1_Nexus 6_chrome_42]" classname="se.redmind.rmtest.selenium.example.RandomClass0(20150415-080512)" time="1.2289498"/>
<testcase name="random1[Android_5.1_Nexus 6_explorer_10]" classname="se.redmind.rmtest.selenium.example.RandomClass0(20150415-080512)" time="1.3224022">
	<failure type="java.lang.AssertionError:">java.lang.AssertionError: null
		at org.junit.Assert.fail(Assert.java:86)
		at org.junit.Assert.assertTrue(Assert.java:41)
		at org.junit.Assert.assertTrue(Assert.java:52)
		at se.redmind.rmtest.selenium.example.CreateRandomRes3.random14(CreateRandomRes3.java:128)
	</failure>
</testcase>
<testcase name="random1[Android_5.1_Nexus 6_opera_15]" classname="se.redmind.rmtest.selenium.example.RandomClass0(20150415-080512)" time="0.105006814"/>
<testcase name="random1[Android_2.3_VeiVei_firefox_31]" classname="se.redmind.rmtest.selenium.example.RandomClass0(20150415-080512)" time="1.3880078"/>
<testcase name="random1[Android_2.3_VeiVei_chrome_42]" classname="se.redmind.rmtest.selenium.example.RandomClass0(20150415-080512)" time="0.82961833"/>
<testcase name="random1[Android_2.3_VeiVei_explorer_10]" classname="se.redmind.rmtest.selenium.example.RandomClass0(20150415-080512)" time="0.5661427"/>
<testcase name="random1[Android_2.3_VeiVei_opera_15]" classname="se.redmind.rmtest.selenium.example.RandomClass0(20150415-080512)" time="0.96684194"/>
<testcase name="random1[Android_4.4.4_Sony Experia Z3_firefox_31]" classname="se.redmind.rmtest.selenium.example.RandomClass0(20150415-080512)" time="0.12914968">
	<failure type="java.lang.AssertionError:">java.lang.AssertionError: null
		at org.junit.Assert.fail(Assert.java:86)
		at org.junit.Assert.assertTrue(Assert.java:41)
		at org.junit.Assert.assertTrue(Assert.java:52)
		at se.redmind.rmtest.selenium.example.CreateRandomRes3.random14(CreateRandomRes3.java:128)
	</failure>
</testcase>
<testcase name="random1[Android_4.4.4_Sony Experia Z3_chrome_42]" classname="se.redmind.rmtest.selenium.example.RandomClass0(20150415-080512)" time="0.9038049"/>
<testcase name="random1[Android_4.4.4_Sony Experia Z3_explorer_10]" classname="se.redmind.rmtest.selenium.example.RandomClass0(20150415-080512)" time="0.78148437">
	<failure type="java.lang.AssertionError:">java.lang.AssertionError: null
		at org.junit.Assert.fail(Assert.java:86)
		at org.junit.Assert.assertTrue(Assert.java:41)
		at org.junit.Assert.assertTrue(Assert.java:52)
		at se.redmind.rmtest.selenium.example.CreateRandomRes3.random14(CreateRandomRes3.java:128)
	</failure>
</testcase>
<testcase name="random1[Android_4.4.4_Sony Experia Z3_opera_15]" classname="se.redmind.rmtest.selenium.example.RandomClass0(20150415-080512)" time="0.38326585">
	<failure type="java.lang.AssertionError:">java.lang.AssertionError: null
		at org.junit.Assert.fail(Assert.java:86)
		at org.junit.Assert.assertTrue(Assert.java:41)
		at org.junit.Assert.assertTrue(Assert.java:52)
		at se.redmind.rmtest.selenium.example.CreateRandomRes3.random14(CreateRandomRes3.java:128)
	</failure>
</testcase>
<testcase name="random1[IOS_4_iPhone 3Gs_firefox_31]" classname="se.redmind.rmtest.selenium.example.RandomClass0(20150415-080512)" time="0.72068226">
	<error type="java.lang.AssertionError:">java.lang.AssertionError: null
		at org.junit.Assert.fail(Assert.java:86)
		at org.junit.Assert.assertTrue(Assert.java:41)
		at org.junit.Assert.assertTrue(Assert.java:52)
		at se.redmind.rmtest.selenium.example.CreateRandomRes3.random14(CreateRandomRes3.java:128)
	</error>
</testcase>
<testcase name="random1[IOS_4_iPhone 3Gs_chrome_42]" classname="se.redmind.rmtest.selenium.example.RandomClass0(20150415-080512)" time="0.608026"/>
<testcase name="random1[IOS_4_iPhone 3Gs_explorer_10]" classname="se.redmind.rmtest.selenium.example.RandomClass0(20150415-080512)" time="1.2202063"/>
<testcase name="random1[IOS_4_iPhone 3Gs_opera_15]" classname="se.redmind.rmtest.selenium.example.RandomClass0(20150415-080512)" time="0.76397383"/>
<testcase name="random1[OSX_10.9.5_UNKNOWN_firefox_31]" classname="se.redmind.rmtest.selenium.example.RandomClass0(20150415-080512)" time="1.4118192">
	<failure type="java.lang.AssertionError:">java.lang.AssertionError: null
		at org.junit.Assert.fail(Assert.java:86)
		at org.junit.Assert.assertTrue(Assert.java:41)
		at org.junit.Assert.assertTrue(Assert.java:52)
		at se.redmind.rmtest.selenium.example.CreateRandomRes3.random14(CreateRandomRes3.java:128)
	</failure>
</testcase>
<testcase name="random1[OSX_10.9.5_UNKNOWN_chrome_42]" classname="se.redmind.rmtest.selenium.example.RandomClass0(20150415-080512)" time="1.4036449"/>
<testcase name="random1[OSX_10.9.5_UNKNOWN_explorer_10]" classname="se.redmind.rmtest.selenium.example.RandomClass0(20150415-080512)" time="0.09499204">
	<failure type="java.lang.AssertionError:">java.lang.AssertionError: null
		at org.junit.Assert.fail(Assert.java:86)
		at org.junit.Assert.assertTrue(Assert.java:41)
		at org.junit.Assert.assertTrue(Assert.java:52)
		at se.redmind.rmtest.selenium.example.CreateRandomRes3.random14(CreateRandomRes3.java:128)
	</failure>
</testcase>
<testcase name="random1[OSX_10.9.5_UNKNOWN_opera_15]" classname="se.redmind.rmtest.selenium.example.RandomClass0(20150415-080512)" time="0.86368334"/>
<testcase name="random1[Windows_8.1_UNKNOWN_firefox_31]" classname="se.redmind.rmtest.selenium.example.RandomClass0(20150415-080512)" time="1.5169517">
	<failure type="java.lang.AssertionError:">java.lang.AssertionError: null
		at org.junit.Assert.fail(Assert.java:86)
		at org.junit.Assert.assertTrue(Assert.java:41)
		at org.junit.Assert.assertTrue(Assert.java:52)
		at se.redmind.rmtest.selenium.example.CreateRandomRes3.random14(CreateRandomRes3.java:128)
	</failure>
</testcase>
<testcase name="random1[Windows_8.1_UNKNOWN_chrome_42]" classname="se.redmind.rmtest.selenium.example.RandomClass0(20150415-080512)" time="1.77667"/>
<testcase name="random1[Windows_8.1_UNKNOWN_explorer_10]" classname="se.redmind.rmtest.selenium.example.RandomClass0(20150415-080512)" time="1.6575468"/>
<testcase name="random1[Windows_8.1_UNKNOWN_opera_15]" classname="se.redmind.rmtest.selenium.example.RandomClass0(20150415-080512)" time="1.2901179">
	<failure type="java.lang.AssertionError:">java.lang.AssertionError: null
		at org.junit.Assert.fail(Assert.java:86)
		at org.junit.Assert.assertTrue(Assert.java:41)
		at org.junit.Assert.assertTrue(Assert.java:52)
		at se.redmind.rmtest.selenium.example.CreateRandomRes3.random14(CreateRandomRes3.java:128)
	</failure>
</testcase>
<testcase name="random1[Ubuntu_12.10_UNKNOWN_firefox_31]" classname="se.redmind.rmtest.selenium.example.RandomClass0(20150415-080512)" time="1.9844321">
	<failure type="java.lang.AssertionError:">java.lang.AssertionError: null
		at org.junit.Assert.fail(Assert.java:86)
		at org.junit.Assert.assertTrue(Assert.java:41)
		at org.junit.Assert.assertTrue(Assert.java:52)
		at se.redmind.rmtest.selenium.example.CreateRandomRes3.random14(CreateRandomRes3.java:128)
	</failure>
</testcase>
<testcase name="random1[Ubuntu_12.10_UNKNOWN_chrome_42]" classname="se.redmind.rmtest.selenium.example.RandomClass0(20150415-080512)" time="0.59768367"/>
<testcase name="random1[Ubuntu_12.10_UNKNOWN_explorer_10]" classname="se.redmind.rmtest.selenium.example.RandomClass0(20150415-080512)" time="0.16983879"/>
<testcase name="random1[Ubuntu_12.10_UNKNOWN_opera_15]" classname="se.redmind.rmtest.selenium.example.RandomClass0(20150415-080512)" time="1.3359286"/>
<testcase name="random2[Android_4.4.4_HTC ONE_firefox_31]" classname="se.redmind.rmtest.selenium.example.RandomClass0(20150415-080512)" time="0.6829523">
	<failure type="java.lang.AssertionError:">java.lang.AssertionError: null
		at org.junit.Assert.fail(Assert.java:86)
		at org.junit.Assert.assertTrue(Assert.java:41)
		at org.junit.Assert.assertTrue(Assert.java:52)
		at se.redmind.rmtest.selenium.example.CreateRandomRes3.random14(CreateRandomRes3.java:128)
	</failure>
</testcase>
<testcase name="random2[Android_4.4.4_HTC ONE_chrome_42]" classname="se.redmind.rmtest.selenium.example.RandomClass0(20150415-080512)" time="1.1609843"/>
<testcase name="random2[Android_4.4.4_HTC ONE_explorer_10]" classname="se.redmind.rmtest.selenium.example.RandomClass0(20150415-080512)" time="0.6218823">
	<failure type="java.lang.AssertionError:">java.lang.AssertionError: null
		at org.junit.Assert.fail(Assert.java:86)
		at org.junit.Assert.assertTrue(Assert.java:41)
		at org.junit.Assert.assertTrue(Assert.java:52)
		at se.redmind.rmtest.selenium.example.CreateRandomRes3.random14(CreateRandomRes3.java:128)
	</failure>
</testcase>
<testcase name="random2[Android_4.4.4_HTC ONE_opera_15]" classname="se.redmind.rmtest.selenium.example.RandomClass0(20150415-080512)" time="0.8240118"/>
<testcase name="random2[Android_5.1_Nexus 6_firefox_31]" classname="se.redmind.rmtest.selenium.example.RandomClass0(20150415-080512)" time="0.22512543"/>
<testcase name="random2[Android_5.1_Nexus 6_chrome_42]" classname="se.redmind.rmtest.selenium.example.RandomClass0(20150415-080512)" time="1.1032692">
	<failure type="java.lang.AssertionError:">java.lang.AssertionError: null
		at org.junit.Assert.fail(Assert.java:86)
		at org.junit.Assert.assertTrue(Assert.java:41)
		at org.junit.Assert.assertTrue(Assert.java:52)
		at se.redmind.rmtest.selenium.example.CreateRandomRes3.random14(CreateRandomRes3.java:128)
	</failure>
</testcase>
<testcase name="random2[Android_5.1_Nexus 6_explorer_10]" classname="se.redmind.rmtest.selenium.example.RandomClass0(20150415-080512)" time="0.061596632"/>
<testcase name="random2[Android_5.1_Nexus 6_opera_15]" classname="se.redmind.rmtest.selenium.example.RandomClass0(20150415-080512)" time="0.48694384"/>
<testcase name="random2[Android_2.3_VeiVei_firefox_31]" classname="se.redmind.rmtest.selenium.example.RandomClass0(20150415-080512)" time="1.5391637"/>
<testcase name="random2[Android_2.3_VeiVei_chrome_42]" classname="se.redmind.rmtest.selenium.example.RandomClass0(20150415-080512)" time="1.3946352"/>
<testcase name="random2[Android_2.3_VeiVei_explorer_10]" classname="se.redmind.rmtest.selenium.example.RandomClass0(20150415-080512)" time="1.1140776"/>
<testcase name="random2[Android_2.3_VeiVei_opera_15]" classname="se.redmind.rmtest.selenium.example.RandomClass0(20150415-080512)" time="0.54749405"/>
<testcase name="random2[Android_4.4.4_Sony Experia Z3_firefox_31]" classname="se.redmind.rmtest.selenium.example.RandomClass0(20150415-080512)" time="1.4554147"/>
<testcase name="random2[Android_4.4.4_Sony Experia Z3_chrome_42]" classname="se.redmind.rmtest.selenium.example.RandomClass0(20150415-080512)" time="1.3535193"/>
<testcase name="random2[Android_4.4.4_Sony Experia Z3_explorer_10]" classname="se.redmind.rmtest.selenium.example.RandomClass0(20150415-080512)" time="1.9177032"/>
<testcase name="random2[Android_4.4.4_Sony Experia Z3_opera_15]" classname="se.redmind.rmtest.selenium.example.RandomClass0(20150415-080512)" time="1.1120677"/>
<testcase name="random2[IOS_4_iPhone 3Gs_firefox_31]" classname="se.redmind.rmtest.selenium.example.RandomClass0(20150415-080512)" time="0.45485198">
	<failure type="java.lang.AssertionError:">java.lang.AssertionError: null
		at org.junit.Assert.fail(Assert.java:86)
		at org.junit.Assert.assertTrue(Assert.java:41)
		at org.junit.Assert.assertTrue(Assert.java:52)
		at se.redmind.rmtest.selenium.example.CreateRandomRes3.random14(CreateRandomRes3.java:128)
	</failure>
</testcase>
<testcase name="random2[IOS_4_iPhone 3Gs_chrome_42]" classname="se.redmind.rmtest.selenium.example.RandomClass0(20150415-080512)" time="0.2588464"/>
<testcase name="random2[IOS_4_iPhone 3Gs_explorer_10]" classname="se.redmind.rmtest.selenium.example.RandomClass0(20150415-080512)" time="0.8376248"/>
<testcase name="random2[IOS_4_iPhone 3Gs_opera_15]" classname="se.redmind.rmtest.selenium.example.RandomClass0(20150415-080512)" time="0.8207607"/>
<testcase name="random2[OSX_10.9.5_UNKNOWN_firefox_31]" classname="se.redmind.rmtest.selenium.example.RandomClass0(20150415-080512)" time="0.7200967">
	<failure type="java.lang.AssertionError:">java.lang.AssertionError: null
		at org.junit.Assert.fail(Assert.java:86)
		at org.junit.Assert.assertTrue(Assert.java:41)
		at org.junit.Assert.assertTrue(Assert.java:52)
		at se.redmind.rmtest.selenium.example.CreateRandomRes3.random14(CreateRandomRes3.java:128)
	</failure>
</testcase>
<testcase name="random2[OSX_10.9.5_UNKNOWN_chrome_42]" classname="se.redmind.rmtest.selenium.example.RandomClass0(20150415-080512)" time="1.5689338">
	<failure type="java.lang.AssertionError:">java.lang.AssertionError: null
		at org.junit.Assert.fail(Assert.java:86)
		at org.junit.Assert.assertTrue(Assert.java:41)
		at org.junit.Assert.assertTrue(Assert.java:52)
		at se.redmind.rmtest.selenium.example.CreateRandomRes3.random14(CreateRandomRes3.java:128)
	</failure>
</testcase>
<testcase name="random2[OSX_10.9.5_UNKNOWN_explorer_10]" classname="se.redmind.rmtest.selenium.example.RandomClass0(20150415-080512)" time="1.8888676"/>
<testcase name="random2[OSX_10.9.5_UNKNOWN_opera_15]" classname="se.redmind.rmtest.selenium.example.RandomClass0(20150415-080512)" time="1.9997575"/>
<testcase name="random2[Windows_8.1_UNKNOWN_firefox_31]" classname="se.redmind.rmtest.selenium.example.RandomClass0(20150415-080512)" time="1.8075116"/>
<testcase name="random2[Windows_8.1_UNKNOWN_chrome_42]" classname="se.redmind.rmtest.selenium.example.RandomClass0(20150415-080512)" time="1.2847486"/>
<testcase name="random2[Windows_8.1_UNKNOWN_explorer_10]" classname="se.redmind.rmtest.selenium.example.RandomClass0(20150415-080512)" time="1.9400271"/>
<testcase name="random2[Windows_8.1_UNKNOWN_opera_15]" classname="se.redmind.rmtest.selenium.example.RandomClass0(20150415-080512)" time="0.9404609"/>
<testcase name="random2[Ubuntu_12.10_UNKNOWN_firefox_31]" classname="se.redmind.rmtest.selenium.example.RandomClass0(20150415-080512)" time="0.29334366">
	<failure type="java.lang.AssertionError:">java.lang.AssertionError: null
		at org.junit.Assert.fail(Assert.java:86)
		at org.junit.Assert.assertTrue(Assert.java:41)
		at org.junit.Assert.assertTrue(Assert.java:52)
		at se.redmind.rmtest.selenium.example.CreateRandomRes3.random14(CreateRandomRes3.java:128)
	</failure>
</testcase>
<testcase name="random2[Ubuntu_12.10_UNKNOWN_chrome_42]" classname="se.redmind.rmtest.selenium.example.RandomClass0(20150415-080512)" time="0.099488616"/>
<testcase name="random2[Ubuntu_12.10_UNKNOWN_explorer_10]" classname="se.redmind.rmtest.selenium.example.RandomClass0(20150415-080512)" time="0.2443999"/>
<testcase name="random2[Ubuntu_12.10_UNKNOWN_opera_15]" classname="se.redmind.rmtest.selenium.example.RandomClass0(20150415-080512)" time="1.5469366">
	<failure type="java.lang.AssertionError:">java.lang.AssertionError: null
		at org.junit.Assert.fail(Assert.java:86)
		at org.junit.Assert.assertTrue(Assert.java:41)
		at org.junit.Assert.assertTrue(Assert.java:52)
		at se.redmind.rmtest.selenium.example.CreateRandomRes3.random14(CreateRandomRes3.java:128)
	</failure>
</testcase>
<testcase name="random3[Android_4.4.4_HTC ONE_firefox_31]" classname="se.redmind.rmtest.selenium.example.RandomClass0(20150415-080512)" time="1.0915734"/>
<testcase name="random3[Android_4.4.4_HTC ONE_chrome_42]" classname="se.redmind.rmtest.selenium.example.RandomClass0(20150415-080512)" time="0.4694116"/>
<testcase name="random3[Android_4.4.4_HTC ONE_explorer_10]" classname="se.redmind.rmtest.selenium.example.RandomClass0(20150415-080512)" time="0.49876714"/>
<testcase name="random3[Android_4.4.4_HTC ONE_opera_15]" classname="se.redmind.rmtest.selenium.example.RandomClass0(20150415-080512)" time="0.5658574"/>
<testcase name="random3[Android_5.1_Nexus 6_firefox_31]" classname="se.redmind.rmtest.selenium.example.RandomClass0(20150415-080512)" time="1.1872033"/>
<testcase name="random3[Android_5.1_Nexus 6_chrome_42]" classname="se.redmind.rmtest.selenium.example.RandomClass0(20150415-080512)" time="1.7346575"/>
<testcase name="random3[Android_5.1_Nexus 6_explorer_10]" classname="se.redmind.rmtest.selenium.example.RandomClass0(20150415-080512)" time="1.3133577"/>
<testcase name="random3[Android_5.1_Nexus 6_opera_15]" classname="se.redmind.rmtest.selenium.example.RandomClass0(20150415-080512)" time="0.739452"/>
<testcase name="random3[Android_2.3_VeiVei_firefox_31]" classname="se.redmind.rmtest.selenium.example.RandomClass0(20150415-080512)" time="0.416525">
	<failure type="java.lang.AssertionError:">java.lang.AssertionError: null
		at org.junit.Assert.fail(Assert.java:86)
		at org.junit.Assert.assertTrue(Assert.java:41)
		at org.junit.Assert.assertTrue(Assert.java:52)
		at se.redmind.rmtest.selenium.example.CreateRandomRes3.random14(CreateRandomRes3.java:128)
	</failure>
</testcase>
<testcase name="random3[Android_2.3_VeiVei_chrome_42]" classname="se.redmind.rmtest.selenium.example.RandomClass0(20150415-080512)" time="0.81114066"/>
<testcase name="random3[Android_2.3_VeiVei_explorer_10]" classname="se.redmind.rmtest.selenium.example.RandomClass0(20150415-080512)" time="0.9920893"/>
<testcase name="random3[Android_2.3_VeiVei_opera_15]" classname="se.redmind.rmtest.selenium.example.RandomClass0(20150415-080512)" time="0.27142286"/>
<testcase name="random3[Android_4.4.4_Sony Experia Z3_firefox_31]" classname="se.redmind.rmtest.selenium.example.RandomClass0(20150415-080512)" time="0.422691"/>
<testcase name="random3[Android_4.4.4_Sony Experia Z3_chrome_42]" classname="se.redmind.rmtest.selenium.example.RandomClass0(20150415-080512)" time="1.1856257">
	<failure type="java.lang.AssertionError:">java.lang.AssertionError: null
		at org.junit.Assert.fail(Assert.java:86)
		at org.junit.Assert.assertTrue(Assert.java:41)
		at org.junit.Assert.assertTrue(Assert.java:52)
		at se.redmind.rmtest.selenium.example.CreateRandomRes3.random14(CreateRandomRes3.java:128)
	</failure>
</testcase>
<testcase name="random3[Android_4.4.4_Sony Experia Z3_explorer_10]" classname="se.redmind.rmtest.selenium.example.RandomClass0(20150415-080512)" time="0.25827205">
	<failure type="java.lang.AssertionError:">java.lang.AssertionError: null
		at org.junit.Assert.fail(Assert.java:86)
		at org.junit.Assert.assertTrue(Assert.java:41)
		at org.junit.Assert.assertTrue(Assert.java:52)
		at se.redmind.rmtest.selenium.example.CreateRandomRes3.random14(CreateRandomRes3.java:128)
	</failure>
</testcase>
<testcase name="random3[Android_4.4.4_Sony Experia Z3_opera_15]" classname="se.redmind.rmtest.selenium.example.RandomClass0(20150415-080512)" time="1.8007683"/>
<testcase name="random3[IOS_4_iPhone 3Gs_firefox_31]" classname="se.redmind.rmtest.selenium.example.RandomClass0(20150415-080512)" time="1.3619637">
<skipped/>
</testcase>
<testcase name="random3[IOS_4_iPhone 3Gs_firefox_31]" classname="se.redmind.rmtest.selenium.example.RandomClass0(20150415-080512)" time="1.3674482"/>
<testcase name="random3[IOS_4_iPhone 3Gs_chrome_42]" classname="se.redmind.rmtest.selenium.example.RandomClass0(20150415-080512)" time="1.3006121">
<skipped/>
</testcase>
<testcase name="random3[IOS_4_iPhone 3Gs_chrome_42]" classname="se.redmind.rmtest.selenium.example.RandomClass0(20150415-080512)" time="0.9010241"/>
<testcase name="random3[IOS_4_iPhone 3Gs_explorer_10]" classname="se.redmind.rmtest.selenium.example.RandomClass0(20150415-080512)" time="0.30399084">
<skipped/>
</testcase>
<testcase name="random3[IOS_4_iPhone 3Gs_explorer_10]" classname="se.redmind.rmtest.selenium.example.RandomClass0(20150415-080512)" time="1.2348084"/>
<testcase name="random3[IOS_4_iPhone 3Gs_opera_15]" classname="se.redmind.rmtest.selenium.example.RandomClass0(20150415-080512)" time="1.2957484">
<skipped/>
</testcase>
<testcase name="random3[IOS_4_iPhone 3Gs_opera_15]" classname="se.redmind.rmtest.selenium.example.RandomClass0(20150415-080512)" time="1.8111017"/>
<testcase name="random3[OSX_10.9.5_UNKNOWN_firefox_31]" classname="se.redmind.rmtest.selenium.example.RandomClass0(20150415-080512)" time="1.0290992"/>
<testcase name="random3[OSX_10.9.5_UNKNOWN_chrome_42]" classname="se.redmind.rmtest.selenium.example.RandomClass0(20150415-080512)" time="1.8583577">
	<failure type="java.lang.AssertionError:">java.lang.AssertionError: null
		at org.junit.Assert.fail(Assert.java:86)
		at org.junit.Assert.assertTrue(Assert.java:41)
		at org.junit.Assert.assertTrue(Assert.java:52)
		at se.redmind.rmtest.selenium.example.CreateRandomRes3.random14(CreateRandomRes3.java:128)
	</failure>
</testcase>
<testcase name="random3[OSX_10.9.5_UNKNOWN_explorer_10]" classname="se.redmind.rmtest.selenium.example.RandomClass0(20150415-080512)" time="1.5749428"/>
<testcase name="random3[OSX_10.9.5_UNKNOWN_opera_15]" classname="se.redmind.rmtest.selenium.example.RandomClass0(20150415-080512)" time="1.5588411">
	<failure type="java.lang.AssertionError:">java.lang.AssertionError: null
		at org.junit.Assert.fail(Assert.java:86)
		at org.junit.Assert.assertTrue(Assert.java:41)
		at org.junit.Assert.assertTrue(Assert.java:52)
		at se.redmind.rmtest.selenium.example.CreateRandomRes3.random14(CreateRandomRes3.java:128)
	</failure>
</testcase>
<testcase name="random3[Windows_8.1_UNKNOWN_firefox_31]" classname="se.redmind.rmtest.selenium.example.RandomClass0(20150415-080512)" time="0.7762636"/>
<testcase name="random3[Windows_8.1_UNKNOWN_chrome_42]" classname="se.redmind.rmtest.selenium.example.RandomClass0(20150415-080512)" time="1.7170966"/>
<testcase name="random3[Windows_8.1_UNKNOWN_explorer_10]" classname="se.redmind.rmtest.selenium.example.RandomClass0(20150415-080512)" time="1.7514966"/>
<testcase name="random3[Windows_8.1_UNKNOWN_opera_15]" classname="se.redmind.rmtest.selenium.example.RandomClass0(20150415-080512)" time="1.9497322"/>
<testcase name="random3[Ubuntu_12.10_UNKNOWN_firefox_31]" classname="se.redmind.rmtest.selenium.example.RandomClass0(20150415-080512)" time="0.37597787"/>
<testcase name="random3[Ubuntu_12.10_UNKNOWN_chrome_42]" classname="se.redmind.rmtest.selenium.example.RandomClass0(20150415-080512)" time="0.9709705"/>
<testcase name="random3[Ubuntu_12.10_UNKNOWN_explorer_10]" classname="se.redmind.rmtest.selenium.example.RandomClass0(20150415-080512)" time="1.7332451">
	<failure type="java.lang.AssertionError:">java.lang.AssertionError: null
		at org.junit.Assert.fail(Assert.java:86)
		at org.junit.Assert.assertTrue(Assert.java:41)
		at org.junit.Assert.assertTrue(Assert.java:52)
		at se.redmind.rmtest.selenium.example.CreateRandomRes3.random14(CreateRandomRes3.java:128)
	</failure>
</testcase>
<testcase name="random3[Ubuntu_12.10_UNKNOWN_opera_15]" classname="se.redmind.rmtest.selenium.example.RandomClass0(20150415-080512)" time="0.3891729"/>
<testcase name="random4[Android_4.4.4_HTC ONE_firefox_31]" classname="se.redmind.rmtest.selenium.example.RandomClass0(20150415-080512)" time="1.8209758"/>
<testcase name="random4[Android_4.4.4_HTC ONE_chrome_42]" classname="se.redmind.rmtest.selenium.example.RandomClass0(20150415-080512)" time="1.1379737"/>
<testcase name="random4[Android_4.4.4_HTC ONE_explorer_10]" classname="se.redmind.rmtest.selenium.example.RandomClass0(20150415-080512)" time="1.1808985">
	<failure type="java.lang.AssertionError:">java.lang.AssertionError: null
		at org.junit.Assert.fail(Assert.java:86)
		at org.junit.Assert.assertTrue(Assert.java:41)
		at org.junit.Assert.assertTrue(Assert.java:52)
		at se.redmind.rmtest.selenium.example.CreateRandomRes3.random14(CreateRandomRes3.java:128)
	</failure>
</testcase>
<testcase name="random4[Android_4.4.4_HTC ONE_opera_15]" classname="se.redmind.rmtest.selenium.example.RandomClass0(20150415-080512)" time="1.1023191"/>
<testcase name="random4[Android_5.1_Nexus 6_firefox_31]" classname="se.redmind.rmtest.selenium.example.RandomClass0(20150415-080512)" time="0.5453743"/>
<testcase name="random4[Android_5.1_Nexus 6_chrome_42]" classname="se.redmind.rmtest.selenium.example.RandomClass0(20150415-080512)" time="0.7358073"/>
<testcase name="random4[Android_5.1_Nexus 6_explorer_10]" classname="se.redmind.rmtest.selenium.example.RandomClass0(20150415-080512)" time="1.3895935"/>
<testcase name="random4[Android_5.1_Nexus 6_opera_15]" classname="se.redmind.rmtest.selenium.example.RandomClass0(20150415-080512)" time="0.56127596"/>
<testcase name="random4[Android_2.3_VeiVei_firefox_31]" classname="se.redmind.rmtest.selenium.example.RandomClass0(20150415-080512)" time="1.7590735"/>
<testcase name="random4[Android_2.3_VeiVei_chrome_42]" classname="se.redmind.rmtest.selenium.example.RandomClass0(20150415-080512)" time="1.2666095"/>
<testcase name="random4[Android_2.3_VeiVei_explorer_10]" classname="se.redmind.rmtest.selenium.example.RandomClass0(20150415-080512)" time="0.5748396"/>
<testcase name="random4[Android_2.3_VeiVei_opera_15]" classname="se.redmind.rmtest.selenium.example.RandomClass0(20150415-080512)" time="0.11208224"/>
<testcase name="random4[Android_4.4.4_Sony Experia Z3_firefox_31]" classname="se.redmind.rmtest.selenium.example.RandomClass0(20150415-080512)" time="0.61995757"/>
<testcase name="random4[Android_4.4.4_Sony Experia Z3_chrome_42]" classname="se.redmind.rmtest.selenium.example.RandomClass0(20150415-080512)" time="1.5987495"/>
<testcase name="random4[Android_4.4.4_Sony Experia Z3_explorer_10]" classname="se.redmind.rmtest.selenium.example.RandomClass0(20150415-080512)" time="1.4547235"/>
<testcase name="random4[Android_4.4.4_Sony Experia Z3_opera_15]" classname="se.redmind.rmtest.selenium.example.RandomClass0(20150415-080512)" time="1.9432461"/>
<testcase name="random4[IOS_4_iPhone 3Gs_firefox_31]" classname="se.redmind.rmtest.selenium.example.RandomClass0(20150415-080512)" time="1.8437015"/>
<testcase name="random4[IOS_4_iPhone 3Gs_chrome_42]" classname="se.redmind.rmtest.selenium.example.RandomClass0(20150415-080512)" time="1.5691414"/>
<testcase name="random4[IOS_4_iPhone 3Gs_explorer_10]" classname="se.redmind.rmtest.selenium.example.RandomClass0(20150415-080512)" time="0.74500656"/>
<testcase name="random4[IOS_4_iPhone 3Gs_opera_15]" classname="se.redmind.rmtest.selenium.example.RandomClass0(20150415-080512)" time="0.8212017">
	<failure type="java.lang.AssertionError:">java.lang.AssertionError: null
		at org.junit.Assert.fail(Assert.java:86)
		at org.junit.Assert.assertTrue(Assert.java:41)
		at org.junit.Assert.assertTrue(Assert.java:52)
		at se.redmind.rmtest.selenium.example.CreateRandomRes3.random14(CreateRandomRes3.java:128)
	</failure>
</testcase>
<testcase name="random4[OSX_10.9.5_UNKNOWN_firefox_31]" classname="se.redmind.rmtest.selenium.example.RandomClass0(20150415-080512)" time="1.883622"/>
<testcase name="random4[OSX_10.9.5_UNKNOWN_chrome_42]" classname="se.redmind.rmtest.selenium.example.RandomClass0(20150415-080512)" time="0.41566706"/>
<testcase name="random4[OSX_10.9.5_UNKNOWN_explorer_10]" classname="se.redmind.rmtest.selenium.example.RandomClass0(20150415-080512)" time="0.91813004"/>
<testcase name="random4[OSX_10.9.5_UNKNOWN_opera_15]" classname="se.redmind.rmtest.selenium.example.RandomClass0(20150415-080512)" time="1.4150943"/>
<testcase name="random4[Windows_8.1_UNKNOWN_firefox_31]" classname="se.redmind.rmtest.selenium.example.RandomClass0(20150415-080512)" time="0.40057504"/>
<testcase name="random4[Windows_8.1_UNKNOWN_chrome_42]" classname="se.redmind.rmtest.selenium.example.RandomClass0(20150415-080512)" time="1.8838179"/>
<testcase name="random4[Windows_8.1_UNKNOWN_explorer_10]" classname="se.redmind.rmtest.selenium.example.RandomClass0(20150415-080512)" time="0.21178281"/>
<testcase name="random4[Windows_8.1_UNKNOWN_opera_15]" classname="se.redmind.rmtest.selenium.example.RandomClass0(20150415-080512)" time="1.1365825"/>
<testcase name="random4[Ubuntu_12.10_UNKNOWN_firefox_31]" classname="se.redmind.rmtest.selenium.example.RandomClass0(20150415-080512)" time="1.5941676"/>
<testcase name="random4[Ubuntu_12.10_UNKNOWN_chrome_42]" classname="se.redmind.rmtest.selenium.example.RandomClass0(20150415-080512)" time="0.9189056"/>
<testcase name="random4[Ubuntu_12.10_UNKNOWN_explorer_10]" classname="se.redmind.rmtest.selenium.example.RandomClass0(20150415-080512)" time="0.42336833"/>
<testcase name="random4[Ubuntu_12.10_UNKNOWN_opera_15]" classname="se.redmind.rmtest.selenium.example.RandomClass0(20150415-080512)" time="0.89166284"/>
<testcase name="random1[Android_4.4.4_HTC ONE_firefox_31]" classname="se.redmind.rmtest.selenium.example.RandomClass1(20150415-080512)" time="1.435199">
	<failure type="java.lang.AssertionError:">java.lang.AssertionError: null
		at org.junit.Assert.fail(Assert.java:86)
		at org.junit.Assert.assertTrue(Assert.java:41)
		at org.junit.Assert.assertTrue(Assert.java:52)
		at se.redmind.rmtest.selenium.example.CreateRandomRes3.random14(CreateRandomRes3.java:128)
	</failure>
</testcase>
<testcase name="random1[Android_4.4.4_HTC ONE_chrome_42]" classname="se.redmind.rmtest.selenium.example.RandomClass1(20150415-080512)" time="1.3103098">
	<failure type="java.lang.AssertionError:">java.lang.AssertionError: null
		at org.junit.Assert.fail(Assert.java:86)
		at org.junit.Assert.assertTrue(Assert.java:41)
		at org.junit.Assert.assertTrue(Assert.java:52)
		at se.redmind.rmtest.selenium.example.CreateRandomRes3.random14(CreateRandomRes3.java:128)
	</failure>
</testcase>
<testcase name="random1[Android_4.4.4_HTC ONE_explorer_10]" classname="se.redmind.rmtest.selenium.example.RandomClass1(20150415-080512)" time="1.0258222"/>
<testcase name="random1[Android_4.4.4_HTC ONE_opera_15]" classname="se.redmind.rmtest.selenium.example.RandomClass1(20150415-080512)" time="0.6118947"/>
<testcase name="random1[Android_2.3_VeiVei_firefox_31]" classname="se.redmind.rmtest.selenium.example.RandomClass1(20150415-080512)" time="0.19736755">
	<failure type="java.lang.AssertionError:">java.lang.AssertionError: null
		at org.junit.Assert.fail(Assert.java:86)
		at org.junit.Assert.assertTrue(Assert.java:41)
		at org.junit.Assert.assertTrue(Assert.java:52)
		at se.redmind.rmtest.selenium.example.CreateRandomRes3.random14(CreateRandomRes3.java:128)
	</failure>
</testcase>
<testcase name="random1[Android_2.3_VeiVei_chrome_42]" classname="se.redmind.rmtest.selenium.example.RandomClass1(20150415-080512)" time="1.6317052"/>
<testcase name="random1[Android_2.3_VeiVei_explorer_10]" classname="se.redmind.rmtest.selenium.example.RandomClass1(20150415-080512)" time="0.8785796"/>
<testcase name="random1[Android_2.3_VeiVei_opera_15]" classname="se.redmind.rmtest.selenium.example.RandomClass1(20150415-080512)" time="0.6598803"/>
<testcase name="random1[Android_4.4.4_Sony Experia Z3_firefox_31]" classname="se.redmind.rmtest.selenium.example.RandomClass1(20150415-080512)" time="0.7229326"/>
<testcase name="random1[Android_4.4.4_Sony Experia Z3_chrome_42]" classname="se.redmind.rmtest.selenium.example.RandomClass1(20150415-080512)" time="1.3134192"/>
<testcase name="random1[Android_4.4.4_Sony Experia Z3_explorer_10]" classname="se.redmind.rmtest.selenium.example.RandomClass1(20150415-080512)" time="1.3365064"/>
<testcase name="random1[Android_4.4.4_Sony Experia Z3_opera_15]" classname="se.redmind.rmtest.selenium.example.RandomClass1(20150415-080512)" time="0.67074776"/>
<testcase name="random1[IOS_8.2_iPhone 6_firefox_31]" classname="se.redmind.rmtest.selenium.example.RandomClass1(20150415-080512)" time="0.88351643"/>
<testcase name="random1[IOS_8.2_iPhone 6_chrome_42]" classname="se.redmind.rmtest.selenium.example.RandomClass1(20150415-080512)" time="1.8397957"/>
<testcase name="random1[IOS_8.2_iPhone 6_explorer_10]" classname="se.redmind.rmtest.selenium.example.RandomClass1(20150415-080512)" time="1.312453">
	<failure type="java.lang.AssertionError:">java.lang.AssertionError: null
		at org.junit.Assert.fail(Assert.java:86)
		at org.junit.Assert.assertTrue(Assert.java:41)
		at org.junit.Assert.assertTrue(Assert.java:52)
		at se.redmind.rmtest.selenium.example.CreateRandomRes3.random14(CreateRandomRes3.java:128)
	</failure>
</testcase>
<testcase name="random1[IOS_8.2_iPhone 6_opera_15]" classname="se.redmind.rmtest.selenium.example.RandomClass1(20150415-080512)" time="1.8157725"/>
<testcase name="random1[IOS_4_iPhone 3Gs_firefox_31]" classname="se.redmind.rmtest.selenium.example.RandomClass1(20150415-080512)" time="0.1640644"/>
<testcase name="random1[IOS_4_iPhone 3Gs_chrome_42]" classname="se.redmind.rmtest.selenium.example.RandomClass1(20150415-080512)" time="1.9318972"/>
<testcase name="random1[IOS_4_iPhone 3Gs_explorer_10]" classname="se.redmind.rmtest.selenium.example.RandomClass1(20150415-080512)" time="0.068029284"/>
<testcase name="random1[IOS_4_iPhone 3Gs_opera_15]" classname="se.redmind.rmtest.selenium.example.RandomClass1(20150415-080512)" time="0.47572577">
	<failure type="java.lang.AssertionError:">java.lang.AssertionError: null
		at org.junit.Assert.fail(Assert.java:86)
		at org.junit.Assert.assertTrue(Assert.java:41)
		at org.junit.Assert.assertTrue(Assert.java:52)
		at se.redmind.rmtest.selenium.example.CreateRandomRes3.random14(CreateRandomRes3.java:128)
	</failure>
</testcase>
<testcase name="random1[OSX_10.9.5_UNKNOWN_firefox_31]" classname="se.redmind.rmtest.selenium.example.RandomClass1(20150415-080512)" time="1.6359226">
	<failure type="java.lang.AssertionError:">java.lang.AssertionError: null
		at org.junit.Assert.fail(Assert.java:86)
		at org.junit.Assert.assertTrue(Assert.java:41)
		at org.junit.Assert.assertTrue(Assert.java:52)
		at se.redmind.rmtest.selenium.example.CreateRandomRes3.random14(CreateRandomRes3.java:128)
	</failure>
</testcase>
<testcase name="random1[OSX_10.9.5_UNKNOWN_chrome_42]" classname="se.redmind.rmtest.selenium.example.RandomClass1(20150415-080512)" time="1.2451627"/>
<testcase name="random1[OSX_10.9.5_UNKNOWN_explorer_10]" classname="se.redmind.rmtest.selenium.example.RandomClass1(20150415-080512)" time="0.65840054"/>
<testcase name="random1[OSX_10.9.5_UNKNOWN_opera_15]" classname="se.redmind.rmtest.selenium.example.RandomClass1(20150415-080512)" time="0.7406498"/>
<testcase name="random1[Windows_8.1_UNKNOWN_firefox_31]" classname="se.redmind.rmtest.selenium.example.RandomClass1(20150415-080512)" time="0.18378174">
	<error type="java.lang.AssertionError:">java.lang.AssertionError: null
		at org.junit.Assert.fail(Assert.java:86)
		at org.junit.Assert.assertTrue(Assert.java:41)
		at org.junit.Assert.assertTrue(Assert.java:52)
		at se.redmind.rmtest.selenium.example.CreateRandomRes3.random14(CreateRandomRes3.java:128)
	</error>
</testcase>
<testcase name="random1[Windows_8.1_UNKNOWN_chrome_42]" classname="se.redmind.rmtest.selenium.example.RandomClass1(20150415-080512)" time="1.7131001"/>
<testcase name="random1[Windows_8.1_UNKNOWN_explorer_10]" classname="se.redmind.rmtest.selenium.example.RandomClass1(20150415-080512)" time="1.1589502"/>
<testcase name="random1[Windows_8.1_UNKNOWN_opera_15]" classname="se.redmind.rmtest.selenium.example.RandomClass1(20150415-080512)" time="1.6157433">
	<failure type="java.lang.AssertionError:">java.lang.AssertionError: null
		at org.junit.Assert.fail(Assert.java:86)
		at org.junit.Assert.assertTrue(Assert.java:41)
		at org.junit.Assert.assertTrue(Assert.java:52)
		at se.redmind.rmtest.selenium.example.CreateRandomRes3.random14(CreateRandomRes3.java:128)
	</failure>
</testcase>
<testcase name="random1[Windows_10_UNKNOWN_firefox_31]" classname="se.redmind.rmtest.selenium.example.RandomClass1(20150415-080512)" time="0.41013932"/>
<testcase name="random1[Windows_10_UNKNOWN_chrome_42]" classname="se.redmind.rmtest.selenium.example.RandomClass1(20150415-080512)" time="0.5896809"/>
<testcase name="random1[Windows_10_UNKNOWN_explorer_10]" classname="se.redmind.rmtest.selenium.example.RandomClass1(20150415-080512)" time="0.9759555"/>
<testcase name="random1[Windows_10_UNKNOWN_opera_15]" classname="se.redmind.rmtest.selenium.example.RandomClass1(20150415-080512)" time="1.3319899">
	<failure type="java.lang.AssertionError:">java.lang.AssertionError: null
		at org.junit.Assert.fail(Assert.java:86)
		at org.junit.Assert.assertTrue(Assert.java:41)
		at org.junit.Assert.assertTrue(Assert.java:52)
		at se.redmind.rmtest.selenium.example.CreateRandomRes3.random14(CreateRandomRes3.java:128)
	</failure>
</testcase>
<testcase name="random1[Ubuntu_14.04_UNKNOWN_firefox_31]" classname="se.redmind.rmtest.selenium.example.RandomClass1(20150415-080512)" time="1.614797"/>
<testcase name="random1[Ubuntu_14.04_UNKNOWN_chrome_42]" classname="se.redmind.rmtest.selenium.example.RandomClass1(20150415-080512)" time="0.056811213">
	<failure type="java.lang.AssertionError:">java.lang.AssertionError: null
		at org.junit.Assert.fail(Assert.java:86)
		at org.junit.Assert.assertTrue(Assert.java:41)
		at org.junit.Assert.assertTrue(Assert.java:52)
		at se.redmind.rmtest.selenium.example.CreateRandomRes3.random14(CreateRandomRes3.java:128)
	</failure>
</testcase>
<testcase name="random1[Ubuntu_14.04_UNKNOWN_explorer_10]" classname="se.redmind.rmtest.selenium.example.RandomClass1(20150415-080512)" time="0.72455883"/>
<testcase name="random1[Ubuntu_14.04_UNKNOWN_opera_15]" classname="se.redmind.rmtest.selenium.example.RandomClass1(20150415-080512)" time="0.38161552"/>
<testcase name="random1[Ubuntu_12.10_UNKNOWN_firefox_31]" classname="se.redmind.rmtest.selenium.example.RandomClass1(20150415-080512)" time="1.0051439"/>
<testcase name="random1[Ubuntu_12.10_UNKNOWN_chrome_42]" classname="se.redmind.rmtest.selenium.example.RandomClass1(20150415-080512)" time="0.32760048"/>
<testcase name="random1[Ubuntu_12.10_UNKNOWN_explorer_10]" classname="se.redmind.rmtest.selenium.example.RandomClass1(20150415-080512)" time="1.4234523">
	<failure type="java.lang.AssertionError:">java.lang.AssertionError: null
		at org.junit.Assert.fail(Assert.java:86)
		at org.junit.Assert.assertTrue(Assert.java:41)
		at org.junit.Assert.assertTrue(Assert.java:52)
		at se.redmind.rmtest.selenium.example.CreateRandomRes3.random14(CreateRandomRes3.java:128)
	</failure>
</testcase>
<testcase name="random1[Ubuntu_12.10_UNKNOWN_opera_15]" classname="se.redmind.rmtest.selenium.example.RandomClass1(20150415-080512)" time="1.6126399">
	<failure type="java.lang.AssertionError:">java.lang.AssertionError: null
		at org.junit.Assert.fail(Assert.java:86)
		at org.junit.Assert.assertTrue(Assert.java:41)
		at org.junit.Assert.assertTrue(Assert.java:52)
		at se.redmind.rmtest.selenium.example.CreateRandomRes3.random14(CreateRandomRes3.java:128)
	</failure>
</testcase>
<testcase name="random2[Android_4.4.4_HTC ONE_firefox_31]" classname="se.redmind.rmtest.selenium.example.RandomClass1(20150415-080512)" time="0.23436677">
	<failure type="java.lang.AssertionError:">java.lang.AssertionError: null
		at org.junit.Assert.fail(Assert.java:86)
		at org.junit.Assert.assertTrue(Assert.java:41)
		at org.junit.Assert.assertTrue(Assert.java:52)
		at se.redmind.rmtest.selenium.example.CreateRandomRes3.random14(CreateRandomRes3.java:128)
	</failure>
</testcase>
<testcase name="random2[Android_4.4.4_HTC ONE_chrome_42]" classname="se.redmind.rmtest.selenium.example.RandomClass1(20150415-080512)" time="1.2218002"/>
<testcase name="random2[Android_4.4.4_HTC ONE_explorer_10]" classname="se.redmind.rmtest.selenium.example.RandomClass1(20150415-080512)" time="0.46077037"/>
<testcase name="random2[Android_4.4.4_HTC ONE_opera_15]" classname="se.redmind.rmtest.selenium.example.RandomClass1(20150415-080512)" time="1.7669793"/>
<testcase name="random2[Android_2.3_VeiVei_firefox_31]" classname="se.redmind.rmtest.selenium.example.RandomClass1(20150415-080512)" time="0.30600214"/>
<testcase name="random2[Android_2.3_VeiVei_chrome_42]" classname="se.redmind.rmtest.selenium.example.RandomClass1(20150415-080512)" time="1.1776446"/>
<testcase name="random2[Android_2.3_VeiVei_explorer_10]" classname="se.redmind.rmtest.selenium.example.RandomClass1(20150415-080512)" time="1.8255372"/>
<testcase name="random2[Android_2.3_VeiVei_opera_15]" classname="se.redmind.rmtest.selenium.example.RandomClass1(20150415-080512)" time="1.6610501">
	<failure type="java.lang.AssertionError:">java.lang.AssertionError: null
		at org.junit.Assert.fail(Assert.java:86)
		at org.junit.Assert.assertTrue(Assert.java:41)
		at org.junit.Assert.assertTrue(Assert.java:52)
		at se.redmind.rmtest.selenium.example.CreateRandomRes3.random14(CreateRandomRes3.java:128)
	</failure>
</testcase>
<testcase name="random2[Android_4.4.4_Sony Experia Z3_firefox_31]" classname="se.redmind.rmtest.selenium.example.RandomClass1(20150415-080512)" time="0.21094418"/>
<testcase name="random2[Android_4.4.4_Sony Experia Z3_chrome_42]" classname="se.redmind.rmtest.selenium.example.RandomClass1(20150415-080512)" time="1.404002">
	<failure type="java.lang.AssertionError:">java.lang.AssertionError: null
		at org.junit.Assert.fail(Assert.java:86)
		at org.junit.Assert.assertTrue(Assert.java:41)
		at org.junit.Assert.assertTrue(Assert.java:52)
		at se.redmind.rmtest.selenium.example.CreateRandomRes3.random14(CreateRandomRes3.java:128)
	</failure>
</testcase>
<testcase name="random2[Android_4.4.4_Sony Experia Z3_explorer_10]" classname="se.redmind.rmtest.selenium.example.RandomClass1(20150415-080512)" time="1.9499274"/>
<testcase name="random2[Android_4.4.4_Sony Experia Z3_opera_15]" classname="se.redmind.rmtest.selenium.example.RandomClass1(20150415-080512)" time="1.1673664"/>
<testcase name="random2[IOS_8.2_iPhone 6_firefox_31]" classname="se.redmind.rmtest.selenium.example.RandomClass1(20150415-080512)" time="1.5035856"/>
<testcase name="random2[IOS_8.2_iPhone 6_chrome_42]" classname="se.redmind.rmtest.selenium.example.RandomClass1(20150415-080512)" time="0.5387589"/>
<testcase name="random2[IOS_8.2_iPhone 6_explorer_10]" classname="se.redmind.rmtest.selenium.example.RandomClass1(20150415-080512)" time="0.5584762">
	<failure type="java.lang.AssertionError:">java.lang.AssertionError: null
		at org.junit.Assert.fail(Assert.java:86)
		at org.junit.Assert.assertTrue(Assert.java:41)
		at org.junit.Assert.assertTrue(Assert.java:52)
		at se.redmind.rmtest.selenium.example.CreateRandomRes3.random14(CreateRandomRes3.java:128)
	</failure>
</testcase>
<testcase name="random2[IOS_8.2_iPhone 6_opera_15]" classname="se.redmind.rmtest.selenium.example.RandomClass1(20150415-080512)" time="0.23744929"/>
<testcase name="random2[IOS_4_iPhone 3Gs_firefox_31]" classname="se.redmind.rmtest.selenium.example.RandomClass1(20150415-080512)" time="1.6726273"/>
<testcase name="random2[IOS_4_iPhone 3Gs_chrome_42]" classname="se.redmind.rmtest.selenium.example.RandomClass1(20150415-080512)" time="1.7889447"/>
<testcase name="random2[IOS_4_iPhone 3Gs_explorer_10]" classname="se.redmind.rmtest.selenium.example.RandomClass1(20150415-080512)" time="1.7200503"/>
<testcase name="random2[IOS_4_iPhone 3Gs_opera_15]" classname="se.redmind.rmtest.selenium.example.RandomClass1(20150415-080512)" time="1.7903584"/>
<testcase name="random2[OSX_10.9.5_UNKNOWN_firefox_31]" classname="se.redmind.rmtest.selenium.example.RandomClass1(20150415-080512)" time="0.02443099"/>
<testcase name="random2[OSX_10.9.5_UNKNOWN_chrome_42]" classname="se.redmind.rmtest.selenium.example.RandomClass1(20150415-080512)" time="0.41943836"/>
<testcase name="random2[OSX_10.9.5_UNKNOWN_explorer_10]" classname="se.redmind.rmtest.selenium.example.RandomClass1(20150415-080512)" time="0.9251027"/>
<testcase name="random2[OSX_10.9.5_UNKNOWN_opera_15]" classname="se.redmind.rmtest.selenium.example.RandomClass1(20150415-080512)" time="1.3391699"/>
<testcase name="random2[Windows_8.1_UNKNOWN_firefox_31]" classname="se.redmind.rmtest.selenium.example.RandomClass1(20150415-080512)" time="0.10807955"/>
<testcase name="random2[Windows_8.1_UNKNOWN_chrome_42]" classname="se.redmind.rmtest.selenium.example.RandomClass1(20150415-080512)" time="1.7560529"/>
<testcase name="random2[Windows_8.1_UNKNOWN_explorer_10]" classname="se.redmind.rmtest.selenium.example.RandomClass1(20150415-080512)" time="0.7376405"/>
<testcase name="random2[Windows_8.1_UNKNOWN_opera_15]" classname="se.redmind.rmtest.selenium.example.RandomClass1(20150415-080512)" time="1.6348419"/>
<testcase name="random2[Windows_10_UNKNOWN_firefox_31]" classname="se.redmind.rmtest.selenium.example.RandomClass1(20150415-080512)" time="1.7510482"/>
<testcase name="random2[Windows_10_UNKNOWN_chrome_42]" classname="se.redmind.rmtest.selenium.example.RandomClass1(20150415-080512)" time="1.6417776">
	<failure type="java.lang.AssertionError:">java.lang.AssertionError: null
		at org.junit.Assert.fail(Assert.java:86)
		at org.junit.Assert.assertTrue(Assert.java:41)
		at org.junit.Assert.assertTrue(Assert.java:52)
		at se.redmind.rmtest.selenium.example.CreateRandomRes3.random14(CreateRandomRes3.java:128)
	</failure>
</testcase>
<testcase name="random2[Windows_10_UNKNOWN_explorer_10]" classname="se.redmind.rmtest.selenium.example.RandomClass1(20150415-080512)" time="0.3209045"/>
<testcase name="random2[Windows_10_UNKNOWN_opera_15]" classname="se.redmind.rmtest.selenium.example.RandomClass1(20150415-080512)" time="1.4403695">
	<failure type="java.lang.AssertionError:">java.lang.AssertionError: null
		at org.junit.Assert.fail(Assert.java:86)
		at org.junit.Assert.assertTrue(Assert.java:41)
		at org.junit.Assert.assertTrue(Assert.java:52)
		at se.redmind.rmtest.selenium.example.CreateRandomRes3.random14(CreateRandomRes3.java:128)
	</failure>
</testcase>
<testcase name="random2[Ubuntu_14.04_UNKNOWN_firefox_31]" classname="se.redmind.rmtest.selenium.example.RandomClass1(20150415-080512)" time="0.5977857"/>
<testcase name="random2[Ubuntu_14.04_UNKNOWN_chrome_42]" classname="se.redmind.rmtest.selenium.example.RandomClass1(20150415-080512)" time="1.5107453">
	<failure type="java.lang.AssertionError:">java.lang.AssertionError: null
		at org.junit.Assert.fail(Assert.java:86)
		at org.junit.Assert.assertTrue(Assert.java:41)
		at org.junit.Assert.assertTrue(Assert.java:52)
		at se.redmind.rmtest.selenium.example.CreateRandomRes3.random14(CreateRandomRes3.java:128)
	</failure>
</testcase>
<testcase name="random2[Ubuntu_14.04_UNKNOWN_explorer_10]" classname="se.redmind.rmtest.selenium.example.RandomClass1(20150415-080512)" time="0.53190494">
	<failure type="java.lang.AssertionError:">java.lang.AssertionError: null
		at org.junit.Assert.fail(Assert.java:86)
		at org.junit.Assert.assertTrue(Assert.java:41)
		at org.junit.Assert.assertTrue(Assert.java:52)
		at se.redmind.rmtest.selenium.example.CreateRandomRes3.random14(CreateRandomRes3.java:128)
	</failure>
</testcase>
<testcase name="random2[Ubuntu_14.04_UNKNOWN_opera_15]" classname="se.redmind.rmtest.selenium.example.RandomClass1(20150415-080512)" time="0.77583694"/>
<testcase name="random2[Ubuntu_12.10_UNKNOWN_firefox_31]" classname="se.redmind.rmtest.selenium.example.RandomClass1(20150415-080512)" time="1.62903"/>
<testcase name="random2[Ubuntu_12.10_UNKNOWN_chrome_42]" classname="se.redmind.rmtest.selenium.example.RandomClass1(20150415-080512)" time="1.503446">
	<failure type="java.lang.AssertionError:">java.lang.AssertionError: null
		at org.junit.Assert.fail(Assert.java:86)
		at org.junit.Assert.assertTrue(Assert.java:41)
		at org.junit.Assert.assertTrue(Assert.java:52)
		at se.redmind.rmtest.selenium.example.CreateRandomRes3.random14(CreateRandomRes3.java:128)
	</failure>
</testcase>
<testcase name="random2[Ubuntu_12.10_UNKNOWN_explorer_10]" classname="se.redmind.rmtest.selenium.example.RandomClass1(20150415-080512)" time="1.0399855"/>
<testcase name="random2[Ubuntu_12.10_UNKNOWN_opera_15]" classname="se.redmind.rmtest.selenium.example.RandomClass1(20150415-080512)" time="0.18293107"/>
<testcase name="random3[Android_4.4.4_HTC ONE_firefox_31]" classname="se.redmind.rmtest.selenium.example.RandomClass1(20150415-080512)" time="1.8123333"/>
<testcase name="random3[Android_4.4.4_HTC ONE_chrome_42]" classname="se.redmind.rmtest.selenium.example.RandomClass1(20150415-080512)" time="1.373691"/>
<testcase name="random3[Android_4.4.4_HTC ONE_explorer_10]" classname="se.redmind.rmtest.selenium.example.RandomClass1(20150415-080512)" time="1.9549571"/>
<testcase name="random3[Android_4.4.4_HTC ONE_opera_15]" classname="se.redmind.rmtest.selenium.example.RandomClass1(20150415-080512)" time="1.9015151"/>
<testcase name="random3[Android_2.3_VeiVei_firefox_31]" classname="se.redmind.rmtest.selenium.example.RandomClass1(20150415-080512)" time="0.3180921"/>
<testcase name="random3[Android_2.3_VeiVei_chrome_42]" classname="se.redmind.rmtest.selenium.example.RandomClass1(20150415-080512)" time="1.9919797"/>
<testcase name="random3[Android_2.3_VeiVei_explorer_10]" classname="se.redmind.rmtest.selenium.example.RandomClass1(20150415-080512)" time="1.7786036"/>
<testcase name="random3[Android_2.3_VeiVei_opera_15]" classname="se.redmind.rmtest.selenium.example.RandomClass1(20150415-080512)" time="0.73824584"/>
<testcase name="random3[Android_4.4.4_Sony Experia Z3_firefox_31]" classname="se.redmind.rmtest.selenium.example.RandomClass1(20150415-080512)" time="0.012106895"/>
<testcase name="random3[Android_4.4.4_Sony Experia Z3_chrome_42]" classname="se.redmind.rmtest.selenium.example.RandomClass1(20150415-080512)" time="1.224159">
	<failure type="java.lang.AssertionError:">java.lang.AssertionError: null
		at org.junit.Assert.fail(Assert.java:86)
		at org.junit.Assert.assertTrue(Assert.java:41)
		at org.junit.Assert.assertTrue(Assert.java:52)
		at se.redmind.rmtest.selenium.example.CreateRandomRes3.random14(CreateRandomRes3.java:128)
	</failure>
</testcase>
<testcase name="random3[Android_4.4.4_Sony Experia Z3_explorer_10]" classname="se.redmind.rmtest.selenium.example.RandomClass1(20150415-080512)" time="0.47583175">
	<failure type="java.lang.AssertionError:">java.lang.AssertionError: null
		at org.junit.Assert.fail(Assert.java:86)
		at org.junit.Assert.assertTrue(Assert.java:41)
		at org.junit.Assert.assertTrue(Assert.java:52)
		at se.redmind.rmtest.selenium.example.CreateRandomRes3.random14(CreateRandomRes3.java:128)
	</failure>
</testcase>
<testcase name="random3[Android_4.4.4_Sony Experia Z3_opera_15]" classname="se.redmind.rmtest.selenium.example.RandomClass1(20150415-080512)" time="0.36871576"/>
<testcase name="random3[IOS_8.2_iPhone 6_firefox_31]" classname="se.redmind.rmtest.selenium.example.RandomClass1(20150415-080512)" time="1.8621007">
	<failure type="java.lang.AssertionError:">java.lang.AssertionError: null
		at org.junit.Assert.fail(Assert.java:86)
		at org.junit.Assert.assertTrue(Assert.java:41)
		at org.junit.Assert.assertTrue(Assert.java:52)
		at se.redmind.rmtest.selenium.example.CreateRandomRes3.random14(CreateRandomRes3.java:128)
	</failure>
</testcase>
<testcase name="random3[IOS_8.2_iPhone 6_chrome_42]" classname="se.redmind.rmtest.selenium.example.RandomClass1(20150415-080512)" time="0.5354755"/>
<testcase name="random3[IOS_8.2_iPhone 6_explorer_10]" classname="se.redmind.rmtest.selenium.example.RandomClass1(20150415-080512)" time="1.8171701"/>
<testcase name="random3[IOS_8.2_iPhone 6_opera_15]" classname="se.redmind.rmtest.selenium.example.RandomClass1(20150415-080512)" time="1.080917">
	<failure type="java.lang.AssertionError:">java.lang.AssertionError: null
		at org.junit.Assert.fail(Assert.java:86)
		at org.junit.Assert.assertTrue(Assert.java:41)
		at org.junit.Assert.assertTrue(Assert.java:52)
		at se.redmind.rmtest.selenium.example.CreateRandomRes3.random14(CreateRandomRes3.java:128)
	</failure>
</testcase>
<testcase name="random3[IOS_4_iPhone 3Gs_firefox_31]" classname="se.redmind.rmtest.selenium.example.RandomClass1(20150415-080512)" time="1.3099893">
<skipped/>
</testcase>
<testcase name="random3[IOS_4_iPhone 3Gs_firefox_31]" classname="se.redmind.rmtest.selenium.example.RandomClass1(20150415-080512)" time="1.0828192"/>
<testcase name="random3[IOS_4_iPhone 3Gs_chrome_42]" classname="se.redmind.rmtest.selenium.example.RandomClass1(20150415-080512)" time="0.5087644">
<skipped/>
</testcase>
<testcase name="random3[IOS_4_iPhone 3Gs_chrome_42]" classname="se.redmind.rmtest.selenium.example.RandomClass1(20150415-080512)" time="0.96614337"/>
<testcase name="random3[IOS_4_iPhone 3Gs_explorer_10]" classname="se.redmind.rmtest.selenium.example.RandomClass1(20150415-080512)" time="0.2592032">
<skipped/>
</testcase>
<testcase name="random3[IOS_4_iPhone 3Gs_explorer_10]" classname="se.redmind.rmtest.selenium.example.RandomClass1(20150415-080512)" time="0.85484385"/>
<testcase name="random3[IOS_4_iPhone 3Gs_opera_15]" classname="se.redmind.rmtest.selenium.example.RandomClass1(20150415-080512)" time="1.5372089">
<skipped/>
</testcase>
<testcase name="random3[IOS_4_iPhone 3Gs_opera_15]" classname="se.redmind.rmtest.selenium.example.RandomClass1(20150415-080512)" time="0.3037002"/>
<testcase name="random3[OSX_10.9.5_UNKNOWN_firefox_31]" classname="se.redmind.rmtest.selenium.example.RandomClass1(20150415-080512)" time="1.9238893"/>
<testcase name="random3[OSX_10.9.5_UNKNOWN_chrome_42]" classname="se.redmind.rmtest.selenium.example.RandomClass1(20150415-080512)" time="0.0657078"/>
<testcase name="random3[OSX_10.9.5_UNKNOWN_explorer_10]" classname="se.redmind.rmtest.selenium.example.RandomClass1(20150415-080512)" time="0.35565448"/>
<testcase name="random3[OSX_10.9.5_UNKNOWN_opera_15]" classname="se.redmind.rmtest.selenium.example.RandomClass1(20150415-080512)" time="1.6568643">
	<failure type="java.lang.AssertionError:">java.lang.AssertionError: null
		at org.junit.Assert.fail(Assert.java:86)
		at org.junit.Assert.assertTrue(Assert.java:41)
		at org.junit.Assert.assertTrue(Assert.java:52)
		at se.redmind.rmtest.selenium.example.CreateRandomRes3.random14(CreateRandomRes3.java:128)
	</failure>
</testcase>
<testcase name="random3[Windows_8.1_UNKNOWN_firefox_31]" classname="se.redmind.rmtest.selenium.example.RandomClass1(20150415-080512)" time="0.1792314"/>
<testcase name="random3[Windows_8.1_UNKNOWN_chrome_42]" classname="se.redmind.rmtest.selenium.example.RandomClass1(20150415-080512)" time="1.4607773"/>
<testcase name="random3[Windows_8.1_UNKNOWN_explorer_10]" classname="se.redmind.rmtest.selenium.example.RandomClass1(20150415-080512)" time="0.19402206"/>
<testcase name="random3[Windows_8.1_UNKNOWN_opera_15]" classname="se.redmind.rmtest.selenium.example.RandomClass1(20150415-080512)" time="0.9602468"/>
<testcase name="random3[Windows_10_UNKNOWN_firefox_31]" classname="se.redmind.rmtest.selenium.example.RandomClass1(20150415-080512)" time="0.07505238">
	<error type="java.lang.AssertionError:">java.lang.AssertionError: null
		at org.junit.Assert.fail(Assert.java:86)
		at org.junit.Assert.assertTrue(Assert.java:41)
		at org.junit.Assert.assertTrue(Assert.java:52)
		at se.redmind.rmtest.selenium.example.CreateRandomRes3.random14(CreateRandomRes3.java:128)
	</error>
</testcase>
<testcase name="random3[Windows_10_UNKNOWN_chrome_42]" classname="se.redmind.rmtest.selenium.example.RandomClass1(20150415-080512)" time="1.6429642"/>
<testcase name="random3[Windows_10_UNKNOWN_explorer_10]" classname="se.redmind.rmtest.selenium.example.RandomClass1(20150415-080512)" time="0.34326947"/>
<testcase name="random3[Windows_10_UNKNOWN_opera_15]" classname="se.redmind.rmtest.selenium.example.RandomClass1(20150415-080512)" time="1.5034037">
	<failure type="java.lang.AssertionError:">java.lang.AssertionError: null
		at org.junit.Assert.fail(Assert.java:86)
		at org.junit.Assert.assertTrue(Assert.java:41)
		at org.junit.Assert.assertTrue(Assert.java:52)
		at se.redmind.rmtest.selenium.example.CreateRandomRes3.random14(CreateRandomRes3.java:128)
	</failure>
</testcase>
<testcase name="random3[Ubuntu_14.04_UNKNOWN_firefox_31]" classname="se.redmind.rmtest.selenium.example.RandomClass1(20150415-080512)" time="1.9510694"/>
<testcase name="random3[Ubuntu_14.04_UNKNOWN_chrome_42]" classname="se.redmind.rmtest.selenium.example.RandomClass1(20150415-080512)" time="0.9878515"/>
<testcase name="random3[Ubuntu_14.04_UNKNOWN_explorer_10]" classname="se.redmind.rmtest.selenium.example.RandomClass1(20150415-080512)" time="1.1821073"/>
<testcase name="random3[Ubuntu_14.04_UNKNOWN_opera_15]" classname="se.redmind.rmtest.selenium.example.RandomClass1(20150415-080512)" time="1.067012"/>
<testcase name="random3[Ubuntu_12.10_UNKNOWN_firefox_31]" classname="se.redmind.rmtest.selenium.example.RandomClass1(20150415-080512)" time="1.0603999"/>
<testcase name="random3[Ubuntu_12.10_UNKNOWN_chrome_42]" classname="se.redmind.rmtest.selenium.example.RandomClass1(20150415-080512)" time="1.549739"/>
<testcase name="random3[Ubuntu_12.10_UNKNOWN_explorer_10]" classname="se.redmind.rmtest.selenium.example.RandomClass1(20150415-080512)" time="0.6439841">
	<failure type="java.lang.AssertionError:">java.lang.AssertionError: null
		at org.junit.Assert.fail(Assert.java:86)
		at org.junit.Assert.assertTrue(Assert.java:41)
		at org.junit.Assert.assertTrue(Assert.java:52)
		at se.redmind.rmtest.selenium.example.CreateRandomRes3.random14(CreateRandomRes3.java:128)
	</failure>
</testcase>
<testcase name="random3[Ubuntu_12.10_UNKNOWN_opera_15]" classname="se.redmind.rmtest.selenium.example.RandomClass1(20150415-080512)" time="1.8580554"/>
<testcase name="random4[Android_4.4.4_HTC ONE_firefox_31]" classname="se.redmind.rmtest.selenium.example.RandomClass1(20150415-080512)" time="0.6535785">
	<failure type="java.lang.AssertionError:">java.lang.AssertionError: null
		at org.junit.Assert.fail(Assert.java:86)
		at org.junit.Assert.assertTrue(Assert.java:41)
		at org.junit.Assert.assertTrue(Assert.java:52)
		at se.redmind.rmtest.selenium.example.CreateRandomRes3.random14(CreateRandomRes3.java:128)
	</failure>
</testcase>
<testcase name="random4[Android_4.4.4_HTC ONE_chrome_42]" classname="se.redmind.rmtest.selenium.example.RandomClass1(20150415-080512)" time="0.7432872">
	<failure type="java.lang.AssertionError:">java.lang.AssertionError: null
		at org.junit.Assert.fail(Assert.java:86)
		at org.junit.Assert.assertTrue(Assert.java:41)
		at org.junit.Assert.assertTrue(Assert.java:52)
		at se.redmind.rmtest.selenium.example.CreateRandomRes3.random14(CreateRandomRes3.java:128)
	</failure>
</testcase>
<testcase name="random4[Android_4.4.4_HTC ONE_explorer_10]" classname="se.redmind.rmtest.selenium.example.RandomClass1(20150415-080512)" time="1.6610987"/>
<testcase name="random4[Android_4.4.4_HTC ONE_opera_15]" classname="se.redmind.rmtest.selenium.example.RandomClass1(20150415-080512)" time="0.51644814">
	<failure type="java.lang.AssertionError:">java.lang.AssertionError: null
		at org.junit.Assert.fail(Assert.java:86)
		at org.junit.Assert.assertTrue(Assert.java:41)
		at org.junit.Assert.assertTrue(Assert.java:52)
		at se.redmind.rmtest.selenium.example.CreateRandomRes3.random14(CreateRandomRes3.java:128)
	</failure>
</testcase>
<testcase name="random4[Android_2.3_VeiVei_firefox_31]" classname="se.redmind.rmtest.selenium.example.RandomClass1(20150415-080512)" time="1.4946737"/>
<testcase name="random4[Android_2.3_VeiVei_chrome_42]" classname="se.redmind.rmtest.selenium.example.RandomClass1(20150415-080512)" time="1.7754667"/>
<testcase name="random4[Android_2.3_VeiVei_explorer_10]" classname="se.redmind.rmtest.selenium.example.RandomClass1(20150415-080512)" time="0.64433014"/>
<testcase name="random4[Android_2.3_VeiVei_opera_15]" classname="se.redmind.rmtest.selenium.example.RandomClass1(20150415-080512)" time="1.5798582"/>
<testcase name="random4[Android_4.4.4_Sony Experia Z3_firefox_31]" classname="se.redmind.rmtest.selenium.example.RandomClass1(20150415-080512)" time="0.5237073">
	<failure type="java.lang.AssertionError:">java.lang.AssertionError: null
		at org.junit.Assert.fail(Assert.java:86)
		at org.junit.Assert.assertTrue(Assert.java:41)
		at org.junit.Assert.assertTrue(Assert.java:52)
		at se.redmind.rmtest.selenium.example.CreateRandomRes3.random14(CreateRandomRes3.java:128)
	</failure>
</testcase>
<testcase name="random4[Android_4.4.4_Sony Experia Z3_chrome_42]" classname="se.redmind.rmtest.selenium.example.RandomClass1(20150415-080512)" time="1.2756491"/>
<testcase name="random4[Android_4.4.4_Sony Experia Z3_explorer_10]" classname="se.redmind.rmtest.selenium.example.RandomClass1(20150415-080512)" time="0.81742275"/>
<testcase name="random4[Android_4.4.4_Sony Experia Z3_opera_15]" classname="se.redmind.rmtest.selenium.example.RandomClass1(20150415-080512)" time="0.4954089">
	<failure type="java.lang.AssertionError:">java.lang.AssertionError: null
		at org.junit.Assert.fail(Assert.java:86)
		at org.junit.Assert.assertTrue(Assert.java:41)
		at org.junit.Assert.assertTrue(Assert.java:52)
		at se.redmind.rmtest.selenium.example.CreateRandomRes3.random14(CreateRandomRes3.java:128)
	</failure>
</testcase>
<testcase name="random4[IOS_8.2_iPhone 6_firefox_31]" classname="se.redmind.rmtest.selenium.example.RandomClass1(20150415-080512)" time="0.35883737"/>
<testcase name="random4[IOS_8.2_iPhone 6_chrome_42]" classname="se.redmind.rmtest.selenium.example.RandomClass1(20150415-080512)" time="0.042541623">
	<failure type="java.lang.AssertionError:">java.lang.AssertionError: null
		at org.junit.Assert.fail(Assert.java:86)
		at org.junit.Assert.assertTrue(Assert.java:41)
		at org.junit.Assert.assertTrue(Assert.java:52)
		at se.redmind.rmtest.selenium.example.CreateRandomRes3.random14(CreateRandomRes3.java:128)
	</failure>
</testcase>
<testcase name="random4[IOS_8.2_iPhone 6_explorer_10]" classname="se.redmind.rmtest.selenium.example.RandomClass1(20150415-080512)" time="1.6172694"/>
<testcase name="random4[IOS_8.2_iPhone 6_opera_15]" classname="se.redmind.rmtest.selenium.example.RandomClass1(20150415-080512)" time="1.4210292"/>
<testcase name="random4[IOS_4_iPhone 3Gs_firefox_31]" classname="se.redmind.rmtest.selenium.example.RandomClass1(20150415-080512)" time="1.9263211"/>
<testcase name="random4[IOS_4_iPhone 3Gs_chrome_42]" classname="se.redmind.rmtest.selenium.example.RandomClass1(20150415-080512)" time="1.7461233"/>
<testcase name="random4[IOS_4_iPhone 3Gs_explorer_10]" classname="se.redmind.rmtest.selenium.example.RandomClass1(20150415-080512)" time="0.28608978"/>
<testcase name="random4[IOS_4_iPhone 3Gs_opera_15]" classname="se.redmind.rmtest.selenium.example.RandomClass1(20150415-080512)" time="1.1361504"/>
<testcase name="random4[OSX_10.9.5_UNKNOWN_firefox_31]" classname="se.redmind.rmtest.selenium.example.RandomClass1(20150415-080512)" time="0.18970299"/>
<testcase name="random4[OSX_10.9.5_UNKNOWN_chrome_42]" classname="se.redmind.rmtest.selenium.example.RandomClass1(20150415-080512)" time="1.9852294"/>
<testcase name="random4[OSX_10.9.5_UNKNOWN_explorer_10]" classname="se.redmind.rmtest.selenium.example.RandomClass1(20150415-080512)" time="0.890923"/>
<testcase name="random4[OSX_10.9.5_UNKNOWN_opera_15]" classname="se.redmind.rmtest.selenium.example.RandomClass1(20150415-080512)" time="1.3382484"/>
<testcase name="random4[Windows_8.1_UNKNOWN_firefox_31]" classname="se.redmind.rmtest.selenium.example.RandomClass1(20150415-080512)" time="1.1862575">
	<failure type="java.lang.AssertionError:">java.lang.AssertionError: null
		at org.junit.Assert.fail(Assert.java:86)
		at org.junit.Assert.assertTrue(Assert.java:41)
		at org.junit.Assert.assertTrue(Assert.java:52)
		at se.redmind.rmtest.selenium.example.CreateRandomRes3.random14(CreateRandomRes3.java:128)
	</failure>
</testcase>
<testcase name="random4[Windows_8.1_UNKNOWN_chrome_42]" classname="se.redmind.rmtest.selenium.example.RandomClass1(20150415-080512)" time="1.3509762"/>
<testcase name="random4[Windows_8.1_UNKNOWN_explorer_10]" classname="se.redmind.rmtest.selenium.example.RandomClass1(20150415-080512)" time="1.1824342"/>
<testcase name="random4[Windows_8.1_UNKNOWN_opera_15]" classname="se.redmind.rmtest.selenium.example.RandomClass1(20150415-080512)" time="1.8492599">
	<failure type="java.lang.AssertionError:">java.lang.AssertionError: null
		at org.junit.Assert.fail(Assert.java:86)
		at org.junit.Assert.assertTrue(Assert.java:41)
		at org.junit.Assert.assertTrue(Assert.java:52)
		at se.redmind.rmtest.selenium.example.CreateRandomRes3.random14(CreateRandomRes3.java:128)
	</failure>
</testcase>
<testcase name="random4[Windows_10_UNKNOWN_firefox_31]" classname="se.redmind.rmtest.selenium.example.RandomClass1(20150415-080512)" time="1.633712"/>
<testcase name="random4[Windows_10_UNKNOWN_chrome_42]" classname="se.redmind.rmtest.selenium.example.RandomClass1(20150415-080512)" time="0.09183204"/>
<testcase name="random4[Windows_10_UNKNOWN_explorer_10]" classname="se.redmind.rmtest.selenium.example.RandomClass1(20150415-080512)" time="1.7580668"/>
<testcase name="random4[Windows_10_UNKNOWN_opera_15]" classname="se.redmind.rmtest.selenium.example.RandomClass1(20150415-080512)" time="1.339186"/>
<testcase name="random4[Ubuntu_14.04_UNKNOWN_firefox_31]" classname="se.redmind.rmtest.selenium.example.RandomClass1(20150415-080512)" time="1.9509165">
	<failure type="java.lang.AssertionError:">java.lang.AssertionError: null
		at org.junit.Assert.fail(Assert.java:86)
		at org.junit.Assert.assertTrue(Assert.java:41)
		at org.junit.Assert.assertTrue(Assert.java:52)
		at se.redmind.rmtest.selenium.example.CreateRandomRes3.random14(CreateRandomRes3.java:128)
	</failure>
</testcase>
<testcase name="random4[Ubuntu_14.04_UNKNOWN_chrome_42]" classname="se.redmind.rmtest.selenium.example.RandomClass1(20150415-080512)" time="1.8353173"/>
<testcase name="random4[Ubuntu_14.04_UNKNOWN_explorer_10]" classname="se.redmind.rmtest.selenium.example.RandomClass1(20150415-080512)" time="0.76056945"/>
<testcase name="random4[Ubuntu_14.04_UNKNOWN_opera_15]" classname="se.redmind.rmtest.selenium.example.RandomClass1(20150415-080512)" time="0.60577226"/>
<testcase name="random4[Ubuntu_12.10_UNKNOWN_firefox_31]" classname="se.redmind.rmtest.selenium.example.RandomClass1(20150415-080512)" time="0.95833015"/>
<testcase name="random4[Ubuntu_12.10_UNKNOWN_chrome_42]" classname="se.redmind.rmtest.selenium.example.RandomClass1(20150415-080512)" time="1.9017714"/>
<testcase name="random4[Ubuntu_12.10_UNKNOWN_explorer_10]" classname="se.redmind.rmtest.selenium.example.RandomClass1(20150415-080512)" time="0.8536707"/>
<testcase name="random4[Ubuntu_12.10_UNKNOWN_opera_15]" classname="se.redmind.rmtest.selenium.example.RandomClass1(20150415-080512)" time="1.1115719">
	<failure type="java.lang.AssertionError:">java.lang.AssertionError: null
		at org.junit.Assert.fail(Assert.java:86)
		at org.junit.Assert.assertTrue(Assert.java:41)
		at org.junit.Assert.assertTrue(Assert.java:52)
		at se.redmind.rmtest.selenium.example.CreateRandomRes3.random14(CreateRandomRes3.java:128)
	</failure>
</testcase>
<testcase name="random1[Android_5.1_Nexus 6_firefox_31]" classname="se.redmind.rmtest.selenium.example.RandomClass2(20150415-080512)" time="0.69609463"/>
<testcase name="random1[Android_5.1_Nexus 6_chrome_42]" classname="se.redmind.rmtest.selenium.example.RandomClass2(20150415-080512)" time="1.2938278"/>
<testcase name="random1[Android_5.1_Nexus 6_explorer_10]" classname="se.redmind.rmtest.selenium.example.RandomClass2(20150415-080512)" time="1.5333289"/>
<testcase name="random1[Android_5.1_Nexus 6_opera_15]" classname="se.redmind.rmtest.selenium.example.RandomClass2(20150415-080512)" time="0.90091956">
	<failure type="java.lang.AssertionError:">java.lang.AssertionError: null
		at org.junit.Assert.fail(Assert.java:86)
		at org.junit.Assert.assertTrue(Assert.java:41)
		at org.junit.Assert.assertTrue(Assert.java:52)
		at se.redmind.rmtest.selenium.example.CreateRandomRes3.random14(CreateRandomRes3.java:128)
	</failure>
</testcase>
<testcase name="random1[Android_2.3_VeiVei_firefox_31]" classname="se.redmind.rmtest.selenium.example.RandomClass2(20150415-080512)" time="1.8163329"/>
<testcase name="random1[Android_2.3_VeiVei_chrome_42]" classname="se.redmind.rmtest.selenium.example.RandomClass2(20150415-080512)" time="1.6842517"/>
<testcase name="random1[Android_2.3_VeiVei_explorer_10]" classname="se.redmind.rmtest.selenium.example.RandomClass2(20150415-080512)" time="0.14220345"/>
<testcase name="random1[Android_2.3_VeiVei_opera_15]" classname="se.redmind.rmtest.selenium.example.RandomClass2(20150415-080512)" time="1.6048015"/>
<testcase name="random1[Android_4.4.4_Sony Experia Z3_firefox_31]" classname="se.redmind.rmtest.selenium.example.RandomClass2(20150415-080512)" time="0.08706057">
	<failure type="java.lang.AssertionError:">java.lang.AssertionError: null
		at org.junit.Assert.fail(Assert.java:86)
		at org.junit.Assert.assertTrue(Assert.java:41)
		at org.junit.Assert.assertTrue(Assert.java:52)
		at se.redmind.rmtest.selenium.example.CreateRandomRes3.random14(CreateRandomRes3.java:128)
	</failure>
</testcase>
<testcase name="random1[Android_4.4.4_Sony Experia Z3_chrome_42]" classname="se.redmind.rmtest.selenium.example.RandomClass2(20150415-080512)" time="0.6917478"/>
<testcase name="random1[Android_4.4.4_Sony Experia Z3_explorer_10]" classname="se.redmind.rmtest.selenium.example.RandomClass2(20150415-080512)" time="1.2341084"/>
<testcase name="random1[Android_4.4.4_Sony Experia Z3_opera_15]" classname="se.redmind.rmtest.selenium.example.RandomClass2(20150415-080512)" time="0.04768467"/>
<testcase name="random1[IOS_4_iPhone 3Gs_firefox_31]" classname="se.redmind.rmtest.selenium.example.RandomClass2(20150415-080512)" time="0.92154443"/>
<testcase name="random1[IOS_4_iPhone 3Gs_chrome_42]" classname="se.redmind.rmtest.selenium.example.RandomClass2(20150415-080512)" time="0.30223823"/>
<testcase name="random1[IOS_4_iPhone 3Gs_explorer_10]" classname="se.redmind.rmtest.selenium.example.RandomClass2(20150415-080512)" time="0.7808083"/>
<testcase name="random1[IOS_4_iPhone 3Gs_opera_15]" classname="se.redmind.rmtest.selenium.example.RandomClass2(20150415-080512)" time="1.0549694"/>
<testcase name="random1[OSX_10.9.5_UNKNOWN_firefox_31]" classname="se.redmind.rmtest.selenium.example.RandomClass2(20150415-080512)" time="0.9376812"/>
<testcase name="random1[OSX_10.9.5_UNKNOWN_chrome_42]" classname="se.redmind.rmtest.selenium.example.RandomClass2(20150415-080512)" time="1.0411255"/>
<testcase name="random1[OSX_10.9.5_UNKNOWN_explorer_10]" classname="se.redmind.rmtest.selenium.example.RandomClass2(20150415-080512)" time="0.73569906"/>
<testcase name="random1[OSX_10.9.5_UNKNOWN_opera_15]" classname="se.redmind.rmtest.selenium.example.RandomClass2(20150415-080512)" time="1.4030038">
	<failure type="java.lang.AssertionError:">java.lang.AssertionError: null
		at org.junit.Assert.fail(Assert.java:86)
		at org.junit.Assert.assertTrue(Assert.java:41)
		at org.junit.Assert.assertTrue(Assert.java:52)
		at se.redmind.rmtest.selenium.example.CreateRandomRes3.random14(CreateRandomRes3.java:128)
	</failure>
</testcase>
<testcase name="random1[Windows_8.1_UNKNOWN_firefox_31]" classname="se.redmind.rmtest.selenium.example.RandomClass2(20150415-080512)" time="1.0238767"/>
<testcase name="random1[Windows_8.1_UNKNOWN_chrome_42]" classname="se.redmind.rmtest.selenium.example.RandomClass2(20150415-080512)" time="1.1028401"/>
<testcase name="random1[Windows_8.1_UNKNOWN_explorer_10]" classname="se.redmind.rmtest.selenium.example.RandomClass2(20150415-080512)" time="0.81008935"/>
<testcase name="random1[Windows_8.1_UNKNOWN_opera_15]" classname="se.redmind.rmtest.selenium.example.RandomClass2(20150415-080512)" time="1.3893061"/>
<testcase name="random1[Windows_10_UNKNOWN_firefox_31]" classname="se.redmind.rmtest.selenium.example.RandomClass2(20150415-080512)" time="1.7793026"/>
<testcase name="random1[Windows_10_UNKNOWN_chrome_42]" classname="se.redmind.rmtest.selenium.example.RandomClass2(20150415-080512)" time="0.18236887"/>
<testcase name="random1[Windows_10_UNKNOWN_explorer_10]" classname="se.redmind.rmtest.selenium.example.RandomClass2(20150415-080512)" time="0.09359217"/>
<testcase name="random1[Windows_10_UNKNOWN_opera_15]" classname="se.redmind.rmtest.selenium.example.RandomClass2(20150415-080512)" time="0.30596495"/>
<testcase name="random1[Ubuntu_12.10_UNKNOWN_firefox_31]" classname="se.redmind.rmtest.selenium.example.RandomClass2(20150415-080512)" time="1.3619785">
	<failure type="java.lang.AssertionError:">java.lang.AssertionError: null
		at org.junit.Assert.fail(Assert.java:86)
		at org.junit.Assert.assertTrue(Assert.java:41)
		at org.junit.Assert.assertTrue(Assert.java:52)
		at se.redmind.rmtest.selenium.example.CreateRandomRes3.random14(CreateRandomRes3.java:128)
	</failure>
</testcase>
<testcase name="random1[Ubuntu_12.10_UNKNOWN_chrome_42]" classname="se.redmind.rmtest.selenium.example.RandomClass2(20150415-080512)" time="0.32335746"/>
<testcase name="random1[Ubuntu_12.10_UNKNOWN_explorer_10]" classname="se.redmind.rmtest.selenium.example.RandomClass2(20150415-080512)" time="0.10955286">
	<failure type="java.lang.AssertionError:">java.lang.AssertionError: null
		at org.junit.Assert.fail(Assert.java:86)
		at org.junit.Assert.assertTrue(Assert.java:41)
		at org.junit.Assert.assertTrue(Assert.java:52)
		at se.redmind.rmtest.selenium.example.CreateRandomRes3.random14(CreateRandomRes3.java:128)
	</failure>
</testcase>
<testcase name="random1[Ubuntu_12.10_UNKNOWN_opera_15]" classname="se.redmind.rmtest.selenium.example.RandomClass2(20150415-080512)" time="1.050971"/>
<testcase name="random2[Android_5.1_Nexus 6_firefox_31]" classname="se.redmind.rmtest.selenium.example.RandomClass2(20150415-080512)" time="0.67454624"/>
<testcase name="random2[Android_5.1_Nexus 6_chrome_42]" classname="se.redmind.rmtest.selenium.example.RandomClass2(20150415-080512)" time="0.8906151"/>
<testcase name="random2[Android_5.1_Nexus 6_explorer_10]" classname="se.redmind.rmtest.selenium.example.RandomClass2(20150415-080512)" time="0.80072045"/>
<testcase name="random2[Android_5.1_Nexus 6_opera_15]" classname="se.redmind.rmtest.selenium.example.RandomClass2(20150415-080512)" time="1.3472703"/>
<testcase name="random2[Android_2.3_VeiVei_firefox_31]" classname="se.redmind.rmtest.selenium.example.RandomClass2(20150415-080512)" time="1.71665"/>
<testcase name="random2[Android_2.3_VeiVei_chrome_42]" classname="se.redmind.rmtest.selenium.example.RandomClass2(20150415-080512)" time="1.4754908"/>
<testcase name="random2[Android_2.3_VeiVei_explorer_10]" classname="se.redmind.rmtest.selenium.example.RandomClass2(20150415-080512)" time="1.8608519">
	<failure type="java.lang.AssertionError:">java.lang.AssertionError: null
		at org.junit.Assert.fail(Assert.java:86)
		at org.junit.Assert.assertTrue(Assert.java:41)
		at org.junit.Assert.assertTrue(Assert.java:52)
		at se.redmind.rmtest.selenium.example.CreateRandomRes3.random14(CreateRandomRes3.java:128)
	</failure>
</testcase>
<testcase name="random2[Android_2.3_VeiVei_opera_15]" classname="se.redmind.rmtest.selenium.example.RandomClass2(20150415-080512)" time="1.0074838"/>
<testcase name="random2[Android_4.4.4_Sony Experia Z3_firefox_31]" classname="se.redmind.rmtest.selenium.example.RandomClass2(20150415-080512)" time="1.4052511"/>
<testcase name="random2[Android_4.4.4_Sony Experia Z3_chrome_42]" classname="se.redmind.rmtest.selenium.example.RandomClass2(20150415-080512)" time="1.026159"/>
<testcase name="random2[Android_4.4.4_Sony Experia Z3_explorer_10]" classname="se.redmind.rmtest.selenium.example.RandomClass2(20150415-080512)" time="0.22444057"/>
<testcase name="random2[Android_4.4.4_Sony Experia Z3_opera_15]" classname="se.redmind.rmtest.selenium.example.RandomClass2(20150415-080512)" time="1.6674697"/>
<testcase name="random2[IOS_4_iPhone 3Gs_firefox_31]" classname="se.redmind.rmtest.selenium.example.RandomClass2(20150415-080512)" time="0.08679938"/>
<testcase name="random2[IOS_4_iPhone 3Gs_chrome_42]" classname="se.redmind.rmtest.selenium.example.RandomClass2(20150415-080512)" time="1.2211694"/>
<testcase name="random2[IOS_4_iPhone 3Gs_explorer_10]" classname="se.redmind.rmtest.selenium.example.RandomClass2(20150415-080512)" time="1.8211641"/>
<testcase name="random2[IOS_4_iPhone 3Gs_opera_15]" classname="se.redmind.rmtest.selenium.example.RandomClass2(20150415-080512)" time="0.7480811"/>
<testcase name="random2[OSX_10.9.5_UNKNOWN_firefox_31]" classname="se.redmind.rmtest.selenium.example.RandomClass2(20150415-080512)" time="0.20742655"/>
<testcase name="random2[OSX_10.9.5_UNKNOWN_chrome_42]" classname="se.redmind.rmtest.selenium.example.RandomClass2(20150415-080512)" time="0.5535562"/>
<testcase name="random2[OSX_10.9.5_UNKNOWN_explorer_10]" classname="se.redmind.rmtest.selenium.example.RandomClass2(20150415-080512)" time="1.6147105"/>
<testcase name="random2[OSX_10.9.5_UNKNOWN_opera_15]" classname="se.redmind.rmtest.selenium.example.RandomClass2(20150415-080512)" time="1.9289056">
	<failure type="java.lang.AssertionError:">java.lang.AssertionError: null
		at org.junit.Assert.fail(Assert.java:86)
		at org.junit.Assert.assertTrue(Assert.java:41)
		at org.junit.Assert.assertTrue(Assert.java:52)
		at se.redmind.rmtest.selenium.example.CreateRandomRes3.random14(CreateRandomRes3.java:128)
	</failure>
</testcase>
<testcase name="random2[Windows_8.1_UNKNOWN_firefox_31]" classname="se.redmind.rmtest.selenium.example.RandomClass2(20150415-080512)" time="0.087623954"/>
<testcase name="random2[Windows_8.1_UNKNOWN_chrome_42]" classname="se.redmind.rmtest.selenium.example.RandomClass2(20150415-080512)" time="1.1323528"/>
<testcase name="random2[Windows_8.1_UNKNOWN_explorer_10]" classname="se.redmind.rmtest.selenium.example.RandomClass2(20150415-080512)" time="1.1851506">
	<failure type="java.lang.AssertionError:">java.lang.AssertionError: null
		at org.junit.Assert.fail(Assert.java:86)
		at org.junit.Assert.assertTrue(Assert.java:41)
		at org.junit.Assert.assertTrue(Assert.java:52)
		at se.redmind.rmtest.selenium.example.CreateRandomRes3.random14(CreateRandomRes3.java:128)
	</failure>
</testcase>
<testcase name="random2[Windows_8.1_UNKNOWN_opera_15]" classname="se.redmind.rmtest.selenium.example.RandomClass2(20150415-080512)" time="0.77788544">
	<failure type="java.lang.AssertionError:">java.lang.AssertionError: null
		at org.junit.Assert.fail(Assert.java:86)
		at org.junit.Assert.assertTrue(Assert.java:41)
		at org.junit.Assert.assertTrue(Assert.java:52)
		at se.redmind.rmtest.selenium.example.CreateRandomRes3.random14(CreateRandomRes3.java:128)
	</failure>
</testcase>
<testcase name="random2[Windows_10_UNKNOWN_firefox_31]" classname="se.redmind.rmtest.selenium.example.RandomClass2(20150415-080512)" time="1.6593038"/>
<testcase name="random2[Windows_10_UNKNOWN_chrome_42]" classname="se.redmind.rmtest.selenium.example.RandomClass2(20150415-080512)" time="0.032586575"/>
<testcase name="random2[Windows_10_UNKNOWN_explorer_10]" classname="se.redmind.rmtest.selenium.example.RandomClass2(20150415-080512)" time="0.41879094"/>
<testcase name="random2[Windows_10_UNKNOWN_opera_15]" classname="se.redmind.rmtest.selenium.example.RandomClass2(20150415-080512)" time="0.31603372"/>
<testcase name="random2[Ubuntu_12.10_UNKNOWN_firefox_31]" classname="se.redmind.rmtest.selenium.example.RandomClass2(20150415-080512)" time="0.6984216">
	<failure type="java.lang.AssertionError:">java.lang.AssertionError: null
		at org.junit.Assert.fail(Assert.java:86)
		at org.junit.Assert.assertTrue(Assert.java:41)
		at org.junit.Assert.assertTrue(Assert.java:52)
		at se.redmind.rmtest.selenium.example.CreateRandomRes3.random14(CreateRandomRes3.java:128)
	</failure>
</testcase>
<testcase name="random2[Ubuntu_12.10_UNKNOWN_chrome_42]" classname="se.redmind.rmtest.selenium.example.RandomClass2(20150415-080512)" time="1.1769966">
	<failure type="java.lang.AssertionError:">java.lang.AssertionError: null
		at org.junit.Assert.fail(Assert.java:86)
		at org.junit.Assert.assertTrue(Assert.java:41)
		at org.junit.Assert.assertTrue(Assert.java:52)
		at se.redmind.rmtest.selenium.example.CreateRandomRes3.random14(CreateRandomRes3.java:128)
	</failure>
</testcase>
<testcase name="random2[Ubuntu_12.10_UNKNOWN_explorer_10]" classname="se.redmind.rmtest.selenium.example.RandomClass2(20150415-080512)" time="1.0718459"/>
<testcase name="random2[Ubuntu_12.10_UNKNOWN_opera_15]" classname="se.redmind.rmtest.selenium.example.RandomClass2(20150415-080512)" time="1.1045487"/>
<testcase name="random3[Android_5.1_Nexus 6_firefox_31]" classname="se.redmind.rmtest.selenium.example.RandomClass2(20150415-080512)" time="0.3514495"/>
<testcase name="random3[Android_5.1_Nexus 6_chrome_42]" classname="se.redmind.rmtest.selenium.example.RandomClass2(20150415-080512)" time="1.7173198"/>
<testcase name="random3[Android_5.1_Nexus 6_explorer_10]" classname="se.redmind.rmtest.selenium.example.RandomClass2(20150415-080512)" time="0.5874722"/>
<testcase name="random3[Android_5.1_Nexus 6_opera_15]" classname="se.redmind.rmtest.selenium.example.RandomClass2(20150415-080512)" time="0.036346674"/>
<testcase name="random3[Android_2.3_VeiVei_firefox_31]" classname="se.redmind.rmtest.selenium.example.RandomClass2(20150415-080512)" time="0.2389729"/>
<testcase name="random3[Android_2.3_VeiVei_chrome_42]" classname="se.redmind.rmtest.selenium.example.RandomClass2(20150415-080512)" time="1.8562512"/>
<testcase name="random3[Android_2.3_VeiVei_explorer_10]" classname="se.redmind.rmtest.selenium.example.RandomClass2(20150415-080512)" time="1.2703474"/>
<testcase name="random3[Android_2.3_VeiVei_opera_15]" classname="se.redmind.rmtest.selenium.example.RandomClass2(20150415-080512)" time="1.9836081"/>
<testcase name="random3[Android_4.4.4_Sony Experia Z3_firefox_31]" classname="se.redmind.rmtest.selenium.example.RandomClass2(20150415-080512)" time="0.5965195"/>
<testcase name="random3[Android_4.4.4_Sony Experia Z3_chrome_42]" classname="se.redmind.rmtest.selenium.example.RandomClass2(20150415-080512)" time="0.58753157"/>
<testcase name="random3[Android_4.4.4_Sony Experia Z3_explorer_10]" classname="se.redmind.rmtest.selenium.example.RandomClass2(20150415-080512)" time="0.7865889"/>
<testcase name="random3[Android_4.4.4_Sony Experia Z3_opera_15]" classname="se.redmind.rmtest.selenium.example.RandomClass2(20150415-080512)" time="1.0268735"/>
<testcase name="random3[IOS_4_iPhone 3Gs_firefox_31]" classname="se.redmind.rmtest.selenium.example.RandomClass2(20150415-080512)" time="0.51735306">
<skipped/>
</testcase>
<testcase name="random3[IOS_4_iPhone 3Gs_firefox_31]" classname="se.redmind.rmtest.selenium.example.RandomClass2(20150415-080512)" time="1.5291104"/>
<testcase name="random3[IOS_4_iPhone 3Gs_chrome_42]" classname="se.redmind.rmtest.selenium.example.RandomClass2(20150415-080512)" time="1.6395204">
<skipped/>
</testcase>
<testcase name="random3[IOS_4_iPhone 3Gs_chrome_42]" classname="se.redmind.rmtest.selenium.example.RandomClass2(20150415-080512)" time="0.3476653">
	<failure type="java.lang.AssertionError:">java.lang.AssertionError: null
		at org.junit.Assert.fail(Assert.java:86)
		at org.junit.Assert.assertTrue(Assert.java:41)
		at org.junit.Assert.assertTrue(Assert.java:52)
		at se.redmind.rmtest.selenium.example.CreateRandomRes3.random14(CreateRandomRes3.java:128)
	</failure>
</testcase>
<testcase name="random3[IOS_4_iPhone 3Gs_explorer_10]" classname="se.redmind.rmtest.selenium.example.RandomClass2(20150415-080512)" time="0.22354901">
<skipped/>
</testcase>
<testcase name="random3[IOS_4_iPhone 3Gs_explorer_10]" classname="se.redmind.rmtest.selenium.example.RandomClass2(20150415-080512)" time="1.3027213"/>
<testcase name="random3[IOS_4_iPhone 3Gs_opera_15]" classname="se.redmind.rmtest.selenium.example.RandomClass2(20150415-080512)" time="1.8379295">
<skipped/>
</testcase>
<testcase name="random3[IOS_4_iPhone 3Gs_opera_15]" classname="se.redmind.rmtest.selenium.example.RandomClass2(20150415-080512)" time="1.6472622"/>
<testcase name="random3[OSX_10.9.5_UNKNOWN_firefox_31]" classname="se.redmind.rmtest.selenium.example.RandomClass2(20150415-080512)" time="1.1623878">
	<error type="java.lang.AssertionError:">java.lang.AssertionError: null
		at org.junit.Assert.fail(Assert.java:86)
		at org.junit.Assert.assertTrue(Assert.java:41)
		at org.junit.Assert.assertTrue(Assert.java:52)
		at se.redmind.rmtest.selenium.example.CreateRandomRes3.random14(CreateRandomRes3.java:128)
	</error>
</testcase>
<testcase name="random3[OSX_10.9.5_UNKNOWN_chrome_42]" classname="se.redmind.rmtest.selenium.example.RandomClass2(20150415-080512)" time="0.50067675"/>
<testcase name="random3[OSX_10.9.5_UNKNOWN_explorer_10]" classname="se.redmind.rmtest.selenium.example.RandomClass2(20150415-080512)" time="0.08056855"/>
<testcase name="random3[OSX_10.9.5_UNKNOWN_opera_15]" classname="se.redmind.rmtest.selenium.example.RandomClass2(20150415-080512)" time="0.035353184">
	<failure type="java.lang.AssertionError:">java.lang.AssertionError: null
		at org.junit.Assert.fail(Assert.java:86)
		at org.junit.Assert.assertTrue(Assert.java:41)
		at org.junit.Assert.assertTrue(Assert.java:52)
		at se.redmind.rmtest.selenium.example.CreateRandomRes3.random14(CreateRandomRes3.java:128)
	</failure>
</testcase>
<testcase name="random3[Windows_8.1_UNKNOWN_firefox_31]" classname="se.redmind.rmtest.selenium.example.RandomClass2(20150415-080512)" time="0.74560297"/>
<testcase name="random3[Windows_8.1_UNKNOWN_chrome_42]" classname="se.redmind.rmtest.selenium.example.RandomClass2(20150415-080512)" time="0.5078589"/>
<testcase name="random3[Windows_8.1_UNKNOWN_explorer_10]" classname="se.redmind.rmtest.selenium.example.RandomClass2(20150415-080512)" time="1.6785133"/>
<testcase name="random3[Windows_8.1_UNKNOWN_opera_15]" classname="se.redmind.rmtest.selenium.example.RandomClass2(20150415-080512)" time="1.3912618"/>
<testcase name="random3[Windows_10_UNKNOWN_firefox_31]" classname="se.redmind.rmtest.selenium.example.RandomClass2(20150415-080512)" time="1.317457"/>
<testcase name="random3[Windows_10_UNKNOWN_chrome_42]" classname="se.redmind.rmtest.selenium.example.RandomClass2(20150415-080512)" time="1.9598613"/>
<testcase name="random3[Windows_10_UNKNOWN_explorer_10]" classname="se.redmind.rmtest.selenium.example.RandomClass2(20150415-080512)" time="0.1956774">
	<failure type="java.lang.AssertionError:">java.lang.AssertionError: null
		at org.junit.Assert.fail(Assert.java:86)
		at org.junit.Assert.assertTrue(Assert.java:41)
		at org.junit.Assert.assertTrue(Assert.java:52)
		at se.redmind.rmtest.selenium.example.CreateRandomRes3.random14(CreateRandomRes3.java:128)
	</failure>
</testcase>
<testcase name="random3[Windows_10_UNKNOWN_opera_15]" classname="se.redmind.rmtest.selenium.example.RandomClass2(20150415-080512)" time="0.5042994"/>
<testcase name="random3[Ubuntu_12.10_UNKNOWN_firefox_31]" classname="se.redmind.rmtest.selenium.example.RandomClass2(20150415-080512)" time="1.5305322">
	<failure type="java.lang.AssertionError:">java.lang.AssertionError: null
		at org.junit.Assert.fail(Assert.java:86)
		at org.junit.Assert.assertTrue(Assert.java:41)
		at org.junit.Assert.assertTrue(Assert.java:52)
		at se.redmind.rmtest.selenium.example.CreateRandomRes3.random14(CreateRandomRes3.java:128)
	</failure>
</testcase>
<testcase name="random3[Ubuntu_12.10_UNKNOWN_chrome_42]" classname="se.redmind.rmtest.selenium.example.RandomClass2(20150415-080512)" time="0.041664243"/>
<testcase name="random3[Ubuntu_12.10_UNKNOWN_explorer_10]" classname="se.redmind.rmtest.selenium.example.RandomClass2(20150415-080512)" time="0.6313584"/>
<testcase name="random3[Ubuntu_12.10_UNKNOWN_opera_15]" classname="se.redmind.rmtest.selenium.example.RandomClass2(20150415-080512)" time="1.9091247">
	<failure type="java.lang.AssertionError:">java.lang.AssertionError: null
		at org.junit.Assert.fail(Assert.java:86)
		at org.junit.Assert.assertTrue(Assert.java:41)
		at org.junit.Assert.assertTrue(Assert.java:52)
		at se.redmind.rmtest.selenium.example.CreateRandomRes3.random14(CreateRandomRes3.java:128)
	</failure>
</testcase>
<testcase name="random4[Android_5.1_Nexus 6_firefox_31]" classname="se.redmind.rmtest.selenium.example.RandomClass2(20150415-080512)" time="0.5745741"/>
<testcase name="random4[Android_5.1_Nexus 6_chrome_42]" classname="se.redmind.rmtest.selenium.example.RandomClass2(20150415-080512)" time="1.7123886"/>
<testcase name="random4[Android_5.1_Nexus 6_explorer_10]" classname="se.redmind.rmtest.selenium.example.RandomClass2(20150415-080512)" time="0.08286488"/>
<testcase name="random4[Android_5.1_Nexus 6_opera_15]" classname="se.redmind.rmtest.selenium.example.RandomClass2(20150415-080512)" time="1.26823"/>
<testcase name="random4[Android_2.3_VeiVei_firefox_31]" classname="se.redmind.rmtest.selenium.example.RandomClass2(20150415-080512)" time="1.207908"/>
<testcase name="random4[Android_2.3_VeiVei_chrome_42]" classname="se.redmind.rmtest.selenium.example.RandomClass2(20150415-080512)" time="0.6414499"/>
<testcase name="random4[Android_2.3_VeiVei_explorer_10]" classname="se.redmind.rmtest.selenium.example.RandomClass2(20150415-080512)" time="1.6774933"/>
<testcase name="random4[Android_2.3_VeiVei_opera_15]" classname="se.redmind.rmtest.selenium.example.RandomClass2(20150415-080512)" time="0.37340665"/>
<testcase name="random4[Android_4.4.4_Sony Experia Z3_firefox_31]" classname="se.redmind.rmtest.selenium.example.RandomClass2(20150415-080512)" time="1.5353966"/>
<testcase name="random4[Android_4.4.4_Sony Experia Z3_chrome_42]" classname="se.redmind.rmtest.selenium.example.RandomClass2(20150415-080512)" time="0.6167531"/>
<testcase name="random4[Android_4.4.4_Sony Experia Z3_explorer_10]" classname="se.redmind.rmtest.selenium.example.RandomClass2(20150415-080512)" time="1.198261"/>
<testcase name="random4[Android_4.4.4_Sony Experia Z3_opera_15]" classname="se.redmind.rmtest.selenium.example.RandomClass2(20150415-080512)" time="1.9437801">
	<failure type="java.lang.AssertionError:">java.lang.AssertionError: null
		at org.junit.Assert.fail(Assert.java:86)
		at org.junit.Assert.assertTrue(Assert.java:41)
		at org.junit.Assert.assertTrue(Assert.java:52)
		at se.redmind.rmtest.selenium.example.CreateRandomRes3.random14(CreateRandomRes3.java:128)
	</failure>
</testcase>
<testcase name="random4[IOS_4_iPhone 3Gs_firefox_31]" classname="se.redmind.rmtest.selenium.example.RandomClass2(20150415-080512)" time="0.8083712"/>
<testcase name="random4[IOS_4_iPhone 3Gs_chrome_42]" classname="se.redmind.rmtest.selenium.example.RandomClass2(20150415-080512)" time="1.2884823"/>
<testcase name="random4[IOS_4_iPhone 3Gs_explorer_10]" classname="se.redmind.rmtest.selenium.example.RandomClass2(20150415-080512)" time="0.49353027"/>
<testcase name="random4[IOS_4_iPhone 3Gs_opera_15]" classname="se.redmind.rmtest.selenium.example.RandomClass2(20150415-080512)" time="0.96927416">
	<failure type="java.lang.AssertionError:">java.lang.AssertionError: null
		at org.junit.Assert.fail(Assert.java:86)
		at org.junit.Assert.assertTrue(Assert.java:41)
		at org.junit.Assert.assertTrue(Assert.java:52)
		at se.redmind.rmtest.selenium.example.CreateRandomRes3.random14(CreateRandomRes3.java:128)
	</failure>
</testcase>
<testcase name="random4[OSX_10.9.5_UNKNOWN_firefox_31]" classname="se.redmind.rmtest.selenium.example.RandomClass2(20150415-080512)" time="0.21336567">
	<failure type="java.lang.AssertionError:">java.lang.AssertionError: null
		at org.junit.Assert.fail(Assert.java:86)
		at org.junit.Assert.assertTrue(Assert.java:41)
		at org.junit.Assert.assertTrue(Assert.java:52)
		at se.redmind.rmtest.selenium.example.CreateRandomRes3.random14(CreateRandomRes3.java:128)
	</failure>
</testcase>
<testcase name="random4[OSX_10.9.5_UNKNOWN_chrome_42]" classname="se.redmind.rmtest.selenium.example.RandomClass2(20150415-080512)" time="0.6429931"/>
<testcase name="random4[OSX_10.9.5_UNKNOWN_explorer_10]" classname="se.redmind.rmtest.selenium.example.RandomClass2(20150415-080512)" time="1.3212095"/>
<testcase name="random4[OSX_10.9.5_UNKNOWN_opera_15]" classname="se.redmind.rmtest.selenium.example.RandomClass2(20150415-080512)" time="0.91307604"/>
<testcase name="random4[Windows_8.1_UNKNOWN_firefox_31]" classname="se.redmind.rmtest.selenium.example.RandomClass2(20150415-080512)" time="0.17178941"/>
<testcase name="random4[Windows_8.1_UNKNOWN_chrome_42]" classname="se.redmind.rmtest.selenium.example.RandomClass2(20150415-080512)" time="1.2408663">
	<failure type="java.lang.AssertionError:">java.lang.AssertionError: null
		at org.junit.Assert.fail(Assert.java:86)
		at org.junit.Assert.assertTrue(Assert.java:41)
		at org.junit.Assert.assertTrue(Assert.java:52)
		at se.redmind.rmtest.selenium.example.CreateRandomRes3.random14(CreateRandomRes3.java:128)
	</failure>
</testcase>
<testcase name="random4[Windows_8.1_UNKNOWN_explorer_10]" classname="se.redmind.rmtest.selenium.example.RandomClass2(20150415-080512)" time="0.6195705"/>
<testcase name="random4[Windows_8.1_UNKNOWN_opera_15]" classname="se.redmind.rmtest.selenium.example.RandomClass2(20150415-080512)" time="0.26910293"/>
<testcase name="random4[Windows_10_UNKNOWN_firefox_31]" classname="se.redmind.rmtest.selenium.example.RandomClass2(20150415-080512)" time="1.8246799"/>
<testcase name="random4[Windows_10_UNKNOWN_chrome_42]" classname="se.redmind.rmtest.selenium.example.RandomClass2(20150415-080512)" time="1.046505">
	<failure type="java.lang.AssertionError:">java.lang.AssertionError: null
		at org.junit.Assert.fail(Assert.java:86)
		at org.junit.Assert.assertTrue(Assert.java:41)
		at org.junit.Assert.assertTrue(Assert.java:52)
		at se.redmind.rmtest.selenium.example.CreateRandomRes3.random14(CreateRandomRes3.java:128)
	</failure>
</testcase>
<testcase name="random4[Windows_10_UNKNOWN_explorer_10]" classname="se.redmind.rmtest.selenium.example.RandomClass2(20150415-080512)" time="1.8146809"/>
<testcase name="random4[Windows_10_UNKNOWN_opera_15]" classname="se.redmind.rmtest.selenium.example.RandomClass2(20150415-080512)" time="0.7368258">
	<failure type="java.lang.AssertionError:">java.lang.AssertionError: null
		at org.junit.Assert.fail(Assert.java:86)
		at org.junit.Assert.assertTrue(Assert.java:41)
		at org.junit.Assert.assertTrue(Assert.java:52)
		at se.redmind.rmtest.selenium.example.CreateRandomRes3.random14(CreateRandomRes3.java:128)
	</failure>
</testcase>
<testcase name="random4[Ubuntu_12.10_UNKNOWN_firefox_31]" classname="se.redmind.rmtest.selenium.example.RandomClass2(20150415-080512)" time="0.4067012"/>
<testcase name="random4[Ubuntu_12.10_UNKNOWN_chrome_42]" classname="se.redmind.rmtest.selenium.example.RandomClass2(20150415-080512)" time="0.76126087"/>
<testcase name="random4[Ubuntu_12.10_UNKNOWN_explorer_10]" classname="se.redmind.rmtest.selenium.example.RandomClass2(20150415-080512)" time="0.28661478"/>
<testcase name="random4[Ubuntu_12.10_UNKNOWN_opera_15]" classname="se.redmind.rmtest.selenium.example.RandomClass2(20150415-080512)" time="1.079626">
	<failure type="java.lang.AssertionError:">java.lang.AssertionError: null
		at org.junit.Assert.fail(Assert.java:86)
		at org.junit.Assert.assertTrue(Assert.java:41)
		at org.junit.Assert.assertTrue(Assert.java:52)
		at se.redmind.rmtest.selenium.example.CreateRandomRes3.random14(CreateRandomRes3.java:128)
	</failure>
</testcase>
<testcase name="random1[Android_4.4.4_HTC ONE_firefox_31]" classname="se.redmind.rmtest.selenium.example.RandomClass3(20150415-080512)" time="1.1029451"/>
<testcase name="random1[Android_4.4.4_HTC ONE_chrome_42]" classname="se.redmind.rmtest.selenium.example.RandomClass3(20150415-080512)" time="0.76549435"/>
<testcase name="random1[Android_4.4.4_HTC ONE_explorer_10]" classname="se.redmind.rmtest.selenium.example.RandomClass3(20150415-080512)" time="1.6552048"/>
<testcase name="random1[Android_4.4.4_HTC ONE_opera_15]" classname="se.redmind.rmtest.selenium.example.RandomClass3(20150415-080512)" time="1.7932893"/>
<testcase name="random1[Android_5.1_Nexus 6_firefox_31]" classname="se.redmind.rmtest.selenium.example.RandomClass3(20150415-080512)" time="1.7842547"/>
<testcase name="random1[Android_5.1_Nexus 6_chrome_42]" classname="se.redmind.rmtest.selenium.example.RandomClass3(20150415-080512)" time="1.7977977"/>
<testcase name="random1[Android_5.1_Nexus 6_explorer_10]" classname="se.redmind.rmtest.selenium.example.RandomClass3(20150415-080512)" time="0.26088333"/>
<testcase name="random1[Android_5.1_Nexus 6_opera_15]" classname="se.redmind.rmtest.selenium.example.RandomClass3(20150415-080512)" time="1.0305882">
	<failure type="java.lang.AssertionError:">java.lang.AssertionError: null
		at org.junit.Assert.fail(Assert.java:86)
		at org.junit.Assert.assertTrue(Assert.java:41)
		at org.junit.Assert.assertTrue(Assert.java:52)
		at se.redmind.rmtest.selenium.example.CreateRandomRes3.random14(CreateRandomRes3.java:128)
	</failure>
</testcase>
<testcase name="random1[Android_2.3_VeiVei_firefox_31]" classname="se.redmind.rmtest.selenium.example.RandomClass3(20150415-080512)" time="0.21483052"/>
<testcase name="random1[Android_2.3_VeiVei_chrome_42]" classname="se.redmind.rmtest.selenium.example.RandomClass3(20150415-080512)" time="1.0424483"/>
<testcase name="random1[Android_2.3_VeiVei_explorer_10]" classname="se.redmind.rmtest.selenium.example.RandomClass3(20150415-080512)" time="1.0514557"/>
<testcase name="random1[Android_2.3_VeiVei_opera_15]" classname="se.redmind.rmtest.selenium.example.RandomClass3(20150415-080512)" time="1.6630636"/>
<testcase name="random1[IOS_8.2_iPhone 6_firefox_31]" classname="se.redmind.rmtest.selenium.example.RandomClass3(20150415-080512)" time="1.9528832"/>
<testcase name="random1[IOS_8.2_iPhone 6_chrome_42]" classname="se.redmind.rmtest.selenium.example.RandomClass3(20150415-080512)" time="0.8873217"/>
<testcase name="random1[IOS_8.2_iPhone 6_explorer_10]" classname="se.redmind.rmtest.selenium.example.RandomClass3(20150415-080512)" time="0.93684876">
	<error type="java.lang.AssertionError:">java.lang.AssertionError: null
		at org.junit.Assert.fail(Assert.java:86)
		at org.junit.Assert.assertTrue(Assert.java:41)
		at org.junit.Assert.assertTrue(Assert.java:52)
		at se.redmind.rmtest.selenium.example.CreateRandomRes3.random14(CreateRandomRes3.java:128)
	</error>
</testcase>
<testcase name="random1[IOS_8.2_iPhone 6_opera_15]" classname="se.redmind.rmtest.selenium.example.RandomClass3(20150415-080512)" time="1.4719375"/>
<testcase name="random1[IOS_4_iPhone 3Gs_firefox_31]" classname="se.redmind.rmtest.selenium.example.RandomClass3(20150415-080512)" time="0.9836948"/>
<testcase name="random1[IOS_4_iPhone 3Gs_chrome_42]" classname="se.redmind.rmtest.selenium.example.RandomClass3(20150415-080512)" time="1.8283887">
	<failure type="java.lang.AssertionError:">java.lang.AssertionError: null
		at org.junit.Assert.fail(Assert.java:86)
		at org.junit.Assert.assertTrue(Assert.java:41)
		at org.junit.Assert.assertTrue(Assert.java:52)
		at se.redmind.rmtest.selenium.example.CreateRandomRes3.random14(CreateRandomRes3.java:128)
	</failure>
</testcase>
<testcase name="random1[IOS_4_iPhone 3Gs_explorer_10]" classname="se.redmind.rmtest.selenium.example.RandomClass3(20150415-080512)" time="0.03756559"/>
<testcase name="random1[IOS_4_iPhone 3Gs_opera_15]" classname="se.redmind.rmtest.selenium.example.RandomClass3(20150415-080512)" time="1.9017748"/>
<testcase name="random1[OSX_10.9.5_UNKNOWN_firefox_31]" classname="se.redmind.rmtest.selenium.example.RandomClass3(20150415-080512)" time="1.6653376"/>
<testcase name="random1[OSX_10.9.5_UNKNOWN_chrome_42]" classname="se.redmind.rmtest.selenium.example.RandomClass3(20150415-080512)" time="1.1046706">
	<failure type="java.lang.AssertionError:">java.lang.AssertionError: null
		at org.junit.Assert.fail(Assert.java:86)
		at org.junit.Assert.assertTrue(Assert.java:41)
		at org.junit.Assert.assertTrue(Assert.java:52)
		at se.redmind.rmtest.selenium.example.CreateRandomRes3.random14(CreateRandomRes3.java:128)
	</failure>
</testcase>
<testcase name="random1[OSX_10.9.5_UNKNOWN_explorer_10]" classname="se.redmind.rmtest.selenium.example.RandomClass3(20150415-080512)" time="0.94289124"/>
<testcase name="random1[OSX_10.9.5_UNKNOWN_opera_15]" classname="se.redmind.rmtest.selenium.example.RandomClass3(20150415-080512)" time="0.87039924"/>
<testcase name="random1[Windows_10_UNKNOWN_firefox_31]" classname="se.redmind.rmtest.selenium.example.RandomClass3(20150415-080512)" time="0.83890474"/>
<testcase name="random1[Windows_10_UNKNOWN_chrome_42]" classname="se.redmind.rmtest.selenium.example.RandomClass3(20150415-080512)" time="1.8026943"/>
<testcase name="random1[Windows_10_UNKNOWN_explorer_10]" classname="se.redmind.rmtest.selenium.example.RandomClass3(20150415-080512)" time="1.0661707">
	<failure type="java.lang.AssertionError:">java.lang.AssertionError: null
		at org.junit.Assert.fail(Assert.java:86)
		at org.junit.Assert.assertTrue(Assert.java:41)
		at org.junit.Assert.assertTrue(Assert.java:52)
		at se.redmind.rmtest.selenium.example.CreateRandomRes3.random14(CreateRandomRes3.java:128)
	</failure>
</testcase>
<testcase name="random1[Windows_10_UNKNOWN_opera_15]" classname="se.redmind.rmtest.selenium.example.RandomClass3(20150415-080512)" time="0.15018952"/>
<testcase name="random1[Ubuntu_14.04_UNKNOWN_firefox_31]" classname="se.redmind.rmtest.selenium.example.RandomClass3(20150415-080512)" time="0.04293871"/>
<testcase name="random1[Ubuntu_14.04_UNKNOWN_chrome_42]" classname="se.redmind.rmtest.selenium.example.RandomClass3(20150415-080512)" time="0.7229048"/>
<testcase name="random1[Ubuntu_14.04_UNKNOWN_explorer_10]" classname="se.redmind.rmtest.selenium.example.RandomClass3(20150415-080512)" time="1.9762231">
	<failure type="java.lang.AssertionError:">java.lang.AssertionError: null
		at org.junit.Assert.fail(Assert.java:86)
		at org.junit.Assert.assertTrue(Assert.java:41)
		at org.junit.Assert.assertTrue(Assert.java:52)
		at se.redmind.rmtest.selenium.example.CreateRandomRes3.random14(CreateRandomRes3.java:128)
	</failure>
</testcase>
<testcase name="random1[Ubuntu_14.04_UNKNOWN_opera_15]" classname="se.redmind.rmtest.selenium.example.RandomClass3(20150415-080512)" time="0.342816">
	<failure type="java.lang.AssertionError:">java.lang.AssertionError: null
		at org.junit.Assert.fail(Assert.java:86)
		at org.junit.Assert.assertTrue(Assert.java:41)
		at org.junit.Assert.assertTrue(Assert.java:52)
		at se.redmind.rmtest.selenium.example.CreateRandomRes3.random14(CreateRandomRes3.java:128)
	</failure>
</testcase>
<testcase name="random1[Ubuntu_12.10_UNKNOWN_firefox_31]" classname="se.redmind.rmtest.selenium.example.RandomClass3(20150415-080512)" time="0.26868474">
	<failure type="java.lang.AssertionError:">java.lang.AssertionError: null
		at org.junit.Assert.fail(Assert.java:86)
		at org.junit.Assert.assertTrue(Assert.java:41)
		at org.junit.Assert.assertTrue(Assert.java:52)
		at se.redmind.rmtest.selenium.example.CreateRandomRes3.random14(CreateRandomRes3.java:128)
	</failure>
</testcase>
<testcase name="random1[Ubuntu_12.10_UNKNOWN_chrome_42]" classname="se.redmind.rmtest.selenium.example.RandomClass3(20150415-080512)" time="1.3123782"/>
<testcase name="random1[Ubuntu_12.10_UNKNOWN_explorer_10]" classname="se.redmind.rmtest.selenium.example.RandomClass3(20150415-080512)" time="1.3283906"/>
<testcase name="random1[Ubuntu_12.10_UNKNOWN_opera_15]" classname="se.redmind.rmtest.selenium.example.RandomClass3(20150415-080512)" time="1.842178"/>
<testcase name="random2[Android_4.4.4_HTC ONE_firefox_31]" classname="se.redmind.rmtest.selenium.example.RandomClass3(20150415-080512)" time="0.07299638"/>
<testcase name="random2[Android_4.4.4_HTC ONE_chrome_42]" classname="se.redmind.rmtest.selenium.example.RandomClass3(20150415-080512)" time="0.33346498"/>
<testcase name="random2[Android_4.4.4_HTC ONE_explorer_10]" classname="se.redmind.rmtest.selenium.example.RandomClass3(20150415-080512)" time="0.54905033"/>
<testcase name="random2[Android_4.4.4_HTC ONE_opera_15]" classname="se.redmind.rmtest.selenium.example.RandomClass3(20150415-080512)" time="1.751536">
	<failure type="java.lang.AssertionError:">java.lang.AssertionError: null
		at org.junit.Assert.fail(Assert.java:86)
		at org.junit.Assert.assertTrue(Assert.java:41)
		at org.junit.Assert.assertTrue(Assert.java:52)
		at se.redmind.rmtest.selenium.example.CreateRandomRes3.random14(CreateRandomRes3.java:128)
	</failure>
</testcase>
<testcase name="random2[Android_5.1_Nexus 6_firefox_31]" classname="se.redmind.rmtest.selenium.example.RandomClass3(20150415-080512)" time="0.7868749"/>
<testcase name="random2[Android_5.1_Nexus 6_chrome_42]" classname="se.redmind.rmtest.selenium.example.RandomClass3(20150415-080512)" time="0.09483087">
	<failure type="java.lang.AssertionError:">java.lang.AssertionError: null
		at org.junit.Assert.fail(Assert.java:86)
		at org.junit.Assert.assertTrue(Assert.java:41)
		at org.junit.Assert.assertTrue(Assert.java:52)
		at se.redmind.rmtest.selenium.example.CreateRandomRes3.random14(CreateRandomRes3.java:128)
	</failure>
</testcase>
<testcase name="random2[Android_5.1_Nexus 6_explorer_10]" classname="se.redmind.rmtest.selenium.example.RandomClass3(20150415-080512)" time="1.8498907"/>
<testcase name="random2[Android_5.1_Nexus 6_opera_15]" classname="se.redmind.rmtest.selenium.example.RandomClass3(20150415-080512)" time="0.31490088"/>
<testcase name="random2[Android_2.3_VeiVei_firefox_31]" classname="se.redmind.rmtest.selenium.example.RandomClass3(20150415-080512)" time="0.61647534">
	<failure type="java.lang.AssertionError:">java.lang.AssertionError: null
		at org.junit.Assert.fail(Assert.java:86)
		at org.junit.Assert.assertTrue(Assert.java:41)
		at org.junit.Assert.assertTrue(Assert.java:52)
		at se.redmind.rmtest.selenium.example.CreateRandomRes3.random14(CreateRandomRes3.java:128)
	</failure>
</testcase>
<testcase name="random2[Android_2.3_VeiVei_chrome_42]" classname="se.redmind.rmtest.selenium.example.RandomClass3(20150415-080512)" time="1.2538201">
	<failure type="java.lang.AssertionError:">java.lang.AssertionError: null
		at org.junit.Assert.fail(Assert.java:86)
		at org.junit.Assert.assertTrue(Assert.java:41)
		at org.junit.Assert.assertTrue(Assert.java:52)
		at se.redmind.rmtest.selenium.example.CreateRandomRes3.random14(CreateRandomRes3.java:128)
	</failure>
</testcase>
<testcase name="random2[Android_2.3_VeiVei_explorer_10]" classname="se.redmind.rmtest.selenium.example.RandomClass3(20150415-080512)" time="0.13656414"/>
<testcase name="random2[Android_2.3_VeiVei_opera_15]" classname="se.redmind.rmtest.selenium.example.RandomClass3(20150415-080512)" time="0.63368976"/>
<testcase name="random2[IOS_8.2_iPhone 6_firefox_31]" classname="se.redmind.rmtest.selenium.example.RandomClass3(20150415-080512)" time="0.99836874"/>
<testcase name="random2[IOS_8.2_iPhone 6_chrome_42]" classname="se.redmind.rmtest.selenium.example.RandomClass3(20150415-080512)" time="1.604573"/>
<testcase name="random2[IOS_8.2_iPhone 6_explorer_10]" classname="se.redmind.rmtest.selenium.example.RandomClass3(20150415-080512)" time="0.26574373">
	<failure type="java.lang.AssertionError:">java.lang.AssertionError: null
		at org.junit.Assert.fail(Assert.java:86)
		at org.junit.Assert.assertTrue(Assert.java:41)
		at org.junit.Assert.assertTrue(Assert.java:52)
		at se.redmind.rmtest.selenium.example.CreateRandomRes3.random14(CreateRandomRes3.java:128)
	</failure>
</testcase>
<testcase name="random2[IOS_8.2_iPhone 6_opera_15]" classname="se.redmind.rmtest.selenium.example.RandomClass3(20150415-080512)" time="1.3914856"/>
<testcase name="random2[IOS_4_iPhone 3Gs_firefox_31]" classname="se.redmind.rmtest.selenium.example.RandomClass3(20150415-080512)" time="1.0797055"/>
<testcase name="random2[IOS_4_iPhone 3Gs_chrome_42]" classname="se.redmind.rmtest.selenium.example.RandomClass3(20150415-080512)" time="1.5792605"/>
<testcase name="random2[IOS_4_iPhone 3Gs_explorer_10]" classname="se.redmind.rmtest.selenium.example.RandomClass3(20150415-080512)" time="0.17282796"/>
<testcase name="random2[IOS_4_iPhone 3Gs_opera_15]" classname="se.redmind.rmtest.selenium.example.RandomClass3(20150415-080512)" time="1.4280694">
	<failure type="java.lang.AssertionError:">java.lang.AssertionError: null
		at org.junit.Assert.fail(Assert.java:86)
		at org.junit.Assert.assertTrue(Assert.java:41)
		at org.junit.Assert.assertTrue(Assert.java:52)
		at se.redmind.rmtest.selenium.example.CreateRandomRes3.random14(CreateRandomRes3.java:128)
	</failure>
</testcase>
<testcase name="random2[OSX_10.9.5_UNKNOWN_firefox_31]" classname="se.redmind.rmtest.selenium.example.RandomClass3(20150415-080512)" time="0.9991801"/>
<testcase name="random2[OSX_10.9.5_UNKNOWN_chrome_42]" classname="se.redmind.rmtest.selenium.example.RandomClass3(20150415-080512)" time="0.12320244">
	<error type="java.lang.AssertionError:">java.lang.AssertionError: null
		at org.junit.Assert.fail(Assert.java:86)
		at org.junit.Assert.assertTrue(Assert.java:41)
		at org.junit.Assert.assertTrue(Assert.java:52)
		at se.redmind.rmtest.selenium.example.CreateRandomRes3.random14(CreateRandomRes3.java:128)
	</error>
</testcase>
<testcase name="random2[OSX_10.9.5_UNKNOWN_explorer_10]" classname="se.redmind.rmtest.selenium.example.RandomClass3(20150415-080512)" time="0.12876987">
	<failure type="java.lang.AssertionError:">java.lang.AssertionError: null
		at org.junit.Assert.fail(Assert.java:86)
		at org.junit.Assert.assertTrue(Assert.java:41)
		at org.junit.Assert.assertTrue(Assert.java:52)
		at se.redmind.rmtest.selenium.example.CreateRandomRes3.random14(CreateRandomRes3.java:128)
	</failure>
</testcase>
<testcase name="random2[OSX_10.9.5_UNKNOWN_opera_15]" classname="se.redmind.rmtest.selenium.example.RandomClass3(20150415-080512)" time="0.20936966"/>
<testcase name="random2[Windows_10_UNKNOWN_firefox_31]" classname="se.redmind.rmtest.selenium.example.RandomClass3(20150415-080512)" time="1.2713192"/>
<testcase name="random2[Windows_10_UNKNOWN_chrome_42]" classname="se.redmind.rmtest.selenium.example.RandomClass3(20150415-080512)" time="1.4887115"/>
<testcase name="random2[Windows_10_UNKNOWN_explorer_10]" classname="se.redmind.rmtest.selenium.example.RandomClass3(20150415-080512)" time="1.2958674">
	<failure type="java.lang.AssertionError:">java.lang.AssertionError: null
		at org.junit.Assert.fail(Assert.java:86)
		at org.junit.Assert.assertTrue(Assert.java:41)
		at org.junit.Assert.assertTrue(Assert.java:52)
		at se.redmind.rmtest.selenium.example.CreateRandomRes3.random14(CreateRandomRes3.java:128)
	</failure>
</testcase>
<testcase name="random2[Windows_10_UNKNOWN_opera_15]" classname="se.redmind.rmtest.selenium.example.RandomClass3(20150415-080512)" time="0.5741632"/>
<testcase name="random2[Ubuntu_14.04_UNKNOWN_firefox_31]" classname="se.redmind.rmtest.selenium.example.RandomClass3(20150415-080512)" time="1.2325814"/>
<testcase name="random2[Ubuntu_14.04_UNKNOWN_chrome_42]" classname="se.redmind.rmtest.selenium.example.RandomClass3(20150415-080512)" time="1.971963">
	<error type="java.lang.AssertionError:">java.lang.AssertionError: null
		at org.junit.Assert.fail(Assert.java:86)
		at org.junit.Assert.assertTrue(Assert.java:41)
		at org.junit.Assert.assertTrue(Assert.java:52)
		at se.redmind.rmtest.selenium.example.CreateRandomRes3.random14(CreateRandomRes3.java:128)
	</error>
</testcase>
<testcase name="random2[Ubuntu_14.04_UNKNOWN_explorer_10]" classname="se.redmind.rmtest.selenium.example.RandomClass3(20150415-080512)" time="1.0978295"/>
<testcase name="random2[Ubuntu_14.04_UNKNOWN_opera_15]" classname="se.redmind.rmtest.selenium.example.RandomClass3(20150415-080512)" time="0.251194">
	<failure type="java.lang.AssertionError:">java.lang.AssertionError: null
		at org.junit.Assert.fail(Assert.java:86)
		at org.junit.Assert.assertTrue(Assert.java:41)
		at org.junit.Assert.assertTrue(Assert.java:52)
		at se.redmind.rmtest.selenium.example.CreateRandomRes3.random14(CreateRandomRes3.java:128)
	</failure>
</testcase>
<testcase name="random2[Ubuntu_12.10_UNKNOWN_firefox_31]" classname="se.redmind.rmtest.selenium.example.RandomClass3(20150415-080512)" time="0.1331718">
	<failure type="java.lang.AssertionError:">java.lang.AssertionError: null
		at org.junit.Assert.fail(Assert.java:86)
		at org.junit.Assert.assertTrue(Assert.java:41)
		at org.junit.Assert.assertTrue(Assert.java:52)
		at se.redmind.rmtest.selenium.example.CreateRandomRes3.random14(CreateRandomRes3.java:128)
	</failure>
</testcase>
<testcase name="random2[Ubuntu_12.10_UNKNOWN_chrome_42]" classname="se.redmind.rmtest.selenium.example.RandomClass3(20150415-080512)" time="0.40508175"/>
<testcase name="random2[Ubuntu_12.10_UNKNOWN_explorer_10]" classname="se.redmind.rmtest.selenium.example.RandomClass3(20150415-080512)" time="1.2506982">
	<failure type="java.lang.AssertionError:">java.lang.AssertionError: null
		at org.junit.Assert.fail(Assert.java:86)
		at org.junit.Assert.assertTrue(Assert.java:41)
		at org.junit.Assert.assertTrue(Assert.java:52)
		at se.redmind.rmtest.selenium.example.CreateRandomRes3.random14(CreateRandomRes3.java:128)
	</failure>
</testcase>
<testcase name="random2[Ubuntu_12.10_UNKNOWN_opera_15]" classname="se.redmind.rmtest.selenium.example.RandomClass3(20150415-080512)" time="0.17669451"/>
<testcase name="random3[Android_4.4.4_HTC ONE_firefox_31]" classname="se.redmind.rmtest.selenium.example.RandomClass3(20150415-080512)" time="1.3118587"/>
<testcase name="random3[Android_4.4.4_HTC ONE_chrome_42]" classname="se.redmind.rmtest.selenium.example.RandomClass3(20150415-080512)" time="0.341411"/>
<testcase name="random3[Android_4.4.4_HTC ONE_explorer_10]" classname="se.redmind.rmtest.selenium.example.RandomClass3(20150415-080512)" time="1.380126"/>
<testcase name="random3[Android_4.4.4_HTC ONE_opera_15]" classname="se.redmind.rmtest.selenium.example.RandomClass3(20150415-080512)" time="0.9217204"/>
<testcase name="random3[Android_5.1_Nexus 6_firefox_31]" classname="se.redmind.rmtest.selenium.example.RandomClass3(20150415-080512)" time="1.8032129"/>
<testcase name="random3[Android_5.1_Nexus 6_chrome_42]" classname="se.redmind.rmtest.selenium.example.RandomClass3(20150415-080512)" time="0.99984515"/>
<testcase name="random3[Android_5.1_Nexus 6_explorer_10]" classname="se.redmind.rmtest.selenium.example.RandomClass3(20150415-080512)" time="1.8771722"/>
<testcase name="random3[Android_5.1_Nexus 6_opera_15]" classname="se.redmind.rmtest.selenium.example.RandomClass3(20150415-080512)" time="1.3391258">
	<failure type="java.lang.AssertionError:">java.lang.AssertionError: null
		at org.junit.Assert.fail(Assert.java:86)
		at org.junit.Assert.assertTrue(Assert.java:41)
		at org.junit.Assert.assertTrue(Assert.java:52)
		at se.redmind.rmtest.selenium.example.CreateRandomRes3.random14(CreateRandomRes3.java:128)
	</failure>
</testcase>
<testcase name="random3[Android_2.3_VeiVei_firefox_31]" classname="se.redmind.rmtest.selenium.example.RandomClass3(20150415-080512)" time="0.23733902"/>
<testcase name="random3[Android_2.3_VeiVei_chrome_42]" classname="se.redmind.rmtest.selenium.example.RandomClass3(20150415-080512)" time="0.10520041">
	<failure type="java.lang.AssertionError:">java.lang.AssertionError: null
		at org.junit.Assert.fail(Assert.java:86)
		at org.junit.Assert.assertTrue(Assert.java:41)
		at org.junit.Assert.assertTrue(Assert.java:52)
		at se.redmind.rmtest.selenium.example.CreateRandomRes3.random14(CreateRandomRes3.java:128)
	</failure>
</testcase>
<testcase name="random3[Android_2.3_VeiVei_explorer_10]" classname="se.redmind.rmtest.selenium.example.RandomClass3(20150415-080512)" time="0.75298226">
	<failure type="java.lang.AssertionError:">java.lang.AssertionError: null
		at org.junit.Assert.fail(Assert.java:86)
		at org.junit.Assert.assertTrue(Assert.java:41)
		at org.junit.Assert.assertTrue(Assert.java:52)
		at se.redmind.rmtest.selenium.example.CreateRandomRes3.random14(CreateRandomRes3.java:128)
	</failure>
</testcase>
<testcase name="random3[Android_2.3_VeiVei_opera_15]" classname="se.redmind.rmtest.selenium.example.RandomClass3(20150415-080512)" time="0.09218025">
	<failure type="java.lang.AssertionError:">java.lang.AssertionError: null
		at org.junit.Assert.fail(Assert.java:86)
		at org.junit.Assert.assertTrue(Assert.java:41)
		at org.junit.Assert.assertTrue(Assert.java:52)
		at se.redmind.rmtest.selenium.example.CreateRandomRes3.random14(CreateRandomRes3.java:128)
	</failure>
</testcase>
<testcase name="random3[IOS_8.2_iPhone 6_firefox_31]" classname="se.redmind.rmtest.selenium.example.RandomClass3(20150415-080512)" time="1.8911929"/>
<testcase name="random3[IOS_8.2_iPhone 6_chrome_42]" classname="se.redmind.rmtest.selenium.example.RandomClass3(20150415-080512)" time="1.6681973"/>
<testcase name="random3[IOS_8.2_iPhone 6_explorer_10]" classname="se.redmind.rmtest.selenium.example.RandomClass3(20150415-080512)" time="0.4594941"/>
<testcase name="random3[IOS_8.2_iPhone 6_opera_15]" classname="se.redmind.rmtest.selenium.example.RandomClass3(20150415-080512)" time="1.7776589"/>
<testcase name="random3[IOS_4_iPhone 3Gs_firefox_31]" classname="se.redmind.rmtest.selenium.example.RandomClass3(20150415-080512)" time="1.7352165">
<skipped/>
</testcase>
<testcase name="random3[IOS_4_iPhone 3Gs_firefox_31]" classname="se.redmind.rmtest.selenium.example.RandomClass3(20150415-080512)" time="0.765255"/>
<testcase name="random3[IOS_4_iPhone 3Gs_chrome_42]" classname="se.redmind.rmtest.selenium.example.RandomClass3(20150415-080512)" time="0.075365186">
<skipped/>
</testcase>
<testcase name="random3[IOS_4_iPhone 3Gs_chrome_42]" classname="se.redmind.rmtest.selenium.example.RandomClass3(20150415-080512)" time="0.94849944"/>
<testcase name="random3[IOS_4_iPhone 3Gs_explorer_10]" classname="se.redmind.rmtest.selenium.example.RandomClass3(20150415-080512)" time="1.9631957">
<skipped/>
</testcase>
<testcase name="random3[IOS_4_iPhone 3Gs_explorer_10]" classname="se.redmind.rmtest.selenium.example.RandomClass3(20150415-080512)" time="1.3105987"/>
<testcase name="random3[IOS_4_iPhone 3Gs_opera_15]" classname="se.redmind.rmtest.selenium.example.RandomClass3(20150415-080512)" time="1.8666323">
<skipped/>
</testcase>
<testcase name="random3[IOS_4_iPhone 3Gs_opera_15]" classname="se.redmind.rmtest.selenium.example.RandomClass3(20150415-080512)" time="1.8014143"/>
<testcase name="random3[OSX_10.9.5_UNKNOWN_firefox_31]" classname="se.redmind.rmtest.selenium.example.RandomClass3(20150415-080512)" time="0.5514157">
	<error type="java.lang.AssertionError:">java.lang.AssertionError: null
		at org.junit.Assert.fail(Assert.java:86)
		at org.junit.Assert.assertTrue(Assert.java:41)
		at org.junit.Assert.assertTrue(Assert.java:52)
		at se.redmind.rmtest.selenium.example.CreateRandomRes3.random14(CreateRandomRes3.java:128)
	</error>
</testcase>
<testcase name="random3[OSX_10.9.5_UNKNOWN_chrome_42]" classname="se.redmind.rmtest.selenium.example.RandomClass3(20150415-080512)" time="0.124931335">
	<failure type="java.lang.AssertionError:">java.lang.AssertionError: null
		at org.junit.Assert.fail(Assert.java:86)
		at org.junit.Assert.assertTrue(Assert.java:41)
		at org.junit.Assert.assertTrue(Assert.java:52)
		at se.redmind.rmtest.selenium.example.CreateRandomRes3.random14(CreateRandomRes3.java:128)
	</failure>
</testcase>
<testcase name="random3[OSX_10.9.5_UNKNOWN_explorer_10]" classname="se.redmind.rmtest.selenium.example.RandomClass3(20150415-080512)" time="1.646579"/>
<testcase name="random3[OSX_10.9.5_UNKNOWN_opera_15]" classname="se.redmind.rmtest.selenium.example.RandomClass3(20150415-080512)" time="0.53798914"/>
<testcase name="random3[Windows_10_UNKNOWN_firefox_31]" classname="se.redmind.rmtest.selenium.example.RandomClass3(20150415-080512)" time="1.2613993"/>
<testcase name="random3[Windows_10_UNKNOWN_chrome_42]" classname="se.redmind.rmtest.selenium.example.RandomClass3(20150415-080512)" time="1.2920653"/>
<testcase name="random3[Windows_10_UNKNOWN_explorer_10]" classname="se.redmind.rmtest.selenium.example.RandomClass3(20150415-080512)" time="1.1074545">
	<failure type="java.lang.AssertionError:">java.lang.AssertionError: null
		at org.junit.Assert.fail(Assert.java:86)
		at org.junit.Assert.assertTrue(Assert.java:41)
		at org.junit.Assert.assertTrue(Assert.java:52)
		at se.redmind.rmtest.selenium.example.CreateRandomRes3.random14(CreateRandomRes3.java:128)
	</failure>
</testcase>
<testcase name="random3[Windows_10_UNKNOWN_opera_15]" classname="se.redmind.rmtest.selenium.example.RandomClass3(20150415-080512)" time="0.46298134"/>
<testcase name="random3[Ubuntu_14.04_UNKNOWN_firefox_31]" classname="se.redmind.rmtest.selenium.example.RandomClass3(20150415-080512)" time="1.6318666"/>
<testcase name="random3[Ubuntu_14.04_UNKNOWN_chrome_42]" classname="se.redmind.rmtest.selenium.example.RandomClass3(20150415-080512)" time="0.89212656"/>
<testcase name="random3[Ubuntu_14.04_UNKNOWN_explorer_10]" classname="se.redmind.rmtest.selenium.example.RandomClass3(20150415-080512)" time="0.031262398"/>
<testcase name="random3[Ubuntu_14.04_UNKNOWN_opera_15]" classname="se.redmind.rmtest.selenium.example.RandomClass3(20150415-080512)" time="1.1056464"/>
<testcase name="random3[Ubuntu_12.10_UNKNOWN_firefox_31]" classname="se.redmind.rmtest.selenium.example.RandomClass3(20150415-080512)" time="1.935875"/>
<testcase name="random3[Ubuntu_12.10_UNKNOWN_chrome_42]" classname="se.redmind.rmtest.selenium.example.RandomClass3(20150415-080512)" time="1.369717">
	<failure type="java.lang.AssertionError:">java.lang.AssertionError: null
		at org.junit.Assert.fail(Assert.java:86)
		at org.junit.Assert.assertTrue(Assert.java:41)
		at org.junit.Assert.assertTrue(Assert.java:52)
		at se.redmind.rmtest.selenium.example.CreateRandomRes3.random14(CreateRandomRes3.java:128)
	</failure>
</testcase>
<testcase name="random3[Ubuntu_12.10_UNKNOWN_explorer_10]" classname="se.redmind.rmtest.selenium.example.RandomClass3(20150415-080512)" time="0.030183315"/>
<testcase name="random3[Ubuntu_12.10_UNKNOWN_opera_15]" classname="se.redmind.rmtest.selenium.example.RandomClass3(20150415-080512)" time="0.8158895"/>
<testcase name="random4[Android_4.4.4_HTC ONE_firefox_31]" classname="se.redmind.rmtest.selenium.example.RandomClass3(20150415-080512)" time="1.4221832"/>
<testcase name="random4[Android_4.4.4_HTC ONE_chrome_42]" classname="se.redmind.rmtest.selenium.example.RandomClass3(20150415-080512)" time="0.58849645"/>
<testcase name="random4[Android_4.4.4_HTC ONE_explorer_10]" classname="se.redmind.rmtest.selenium.example.RandomClass3(20150415-080512)" time="1.106469"/>
<testcase name="random4[Android_4.4.4_HTC ONE_opera_15]" classname="se.redmind.rmtest.selenium.example.RandomClass3(20150415-080512)" time="1.6109297"/>
<testcase name="random4[Android_5.1_Nexus 6_firefox_31]" classname="se.redmind.rmtest.selenium.example.RandomClass3(20150415-080512)" time="0.8876927"/>
<testcase name="random4[Android_5.1_Nexus 6_chrome_42]" classname="se.redmind.rmtest.selenium.example.RandomClass3(20150415-080512)" time="0.22256386"/>
<testcase name="random4[Android_5.1_Nexus 6_explorer_10]" classname="se.redmind.rmtest.selenium.example.RandomClass3(20150415-080512)" time="1.2582386"/>
<testcase name="random4[Android_5.1_Nexus 6_opera_15]" classname="se.redmind.rmtest.selenium.example.RandomClass3(20150415-080512)" time="1.7000614">
	<failure type="java.lang.AssertionError:">java.lang.AssertionError: null
		at org.junit.Assert.fail(Assert.java:86)
		at org.junit.Assert.assertTrue(Assert.java:41)
		at org.junit.Assert.assertTrue(Assert.java:52)
		at se.redmind.rmtest.selenium.example.CreateRandomRes3.random14(CreateRandomRes3.java:128)
	</failure>
</testcase>
<testcase name="random4[Android_2.3_VeiVei_firefox_31]" classname="se.redmind.rmtest.selenium.example.RandomClass3(20150415-080512)" time="0.089506626"/>
<testcase name="random4[Android_2.3_VeiVei_chrome_42]" classname="se.redmind.rmtest.selenium.example.RandomClass3(20150415-080512)" time="0.25378406"/>
<testcase name="random4[Android_2.3_VeiVei_explorer_10]" classname="se.redmind.rmtest.selenium.example.RandomClass3(20150415-080512)" time="1.3922054"/>
<testcase name="random4[Android_2.3_VeiVei_opera_15]" classname="se.redmind.rmtest.selenium.example.RandomClass3(20150415-080512)" time="1.1568791"/>
<testcase name="random4[IOS_8.2_iPhone 6_firefox_31]" classname="se.redmind.rmtest.selenium.example.RandomClass3(20150415-080512)" time="0.9129262">
	<failure type="java.lang.AssertionError:">java.lang.AssertionError: null
		at org.junit.Assert.fail(Assert.java:86)
		at org.junit.Assert.assertTrue(Assert.java:41)
		at org.junit.Assert.assertTrue(Assert.java:52)
		at se.redmind.rmtest.selenium.example.CreateRandomRes3.random14(CreateRandomRes3.java:128)
	</failure>
</testcase>
<testcase name="random4[IOS_8.2_iPhone 6_chrome_42]" classname="se.redmind.rmtest.selenium.example.RandomClass3(20150415-080512)" time="1.0569882"/>
<testcase name="random4[IOS_8.2_iPhone 6_explorer_10]" classname="se.redmind.rmtest.selenium.example.RandomClass3(20150415-080512)" time="1.7947675"/>
<testcase name="random4[IOS_8.2_iPhone 6_opera_15]" classname="se.redmind.rmtest.selenium.example.RandomClass3(20150415-080512)" time="0.40938377"/>
<testcase name="random4[IOS_4_iPhone 3Gs_firefox_31]" classname="se.redmind.rmtest.selenium.example.RandomClass3(20150415-080512)" time="0.024828672"/>
<testcase name="random4[IOS_4_iPhone 3Gs_chrome_42]" classname="se.redmind.rmtest.selenium.example.RandomClass3(20150415-080512)" time="0.11612201">
	<failure type="java.lang.AssertionError:">java.lang.AssertionError: null
		at org.junit.Assert.fail(Assert.java:86)
		at org.junit.Assert.assertTrue(Assert.java:41)
		at org.junit.Assert.assertTrue(Assert.java:52)
		at se.redmind.rmtest.selenium.example.CreateRandomRes3.random14(CreateRandomRes3.java:128)
	</failure>
</testcase>
<testcase name="random4[IOS_4_iPhone 3Gs_explorer_10]" classname="se.redmind.rmtest.selenium.example.RandomClass3(20150415-080512)" time="1.678698"/>
<testcase name="random4[IOS_4_iPhone 3Gs_opera_15]" classname="se.redmind.rmtest.selenium.example.RandomClass3(20150415-080512)" time="0.8845886">
	<error type="java.lang.AssertionError:">java.lang.AssertionError: null
		at org.junit.Assert.fail(Assert.java:86)
		at org.junit.Assert.assertTrue(Assert.java:41)
		at org.junit.Assert.assertTrue(Assert.java:52)
		at se.redmind.rmtest.selenium.example.CreateRandomRes3.random14(CreateRandomRes3.java:128)
	</error>
</testcase>
<testcase name="random4[OSX_10.9.5_UNKNOWN_firefox_31]" classname="se.redmind.rmtest.selenium.example.RandomClass3(20150415-080512)" time="1.9076461"/>
<testcase name="random4[OSX_10.9.5_UNKNOWN_chrome_42]" classname="se.redmind.rmtest.selenium.example.RandomClass3(20150415-080512)" time="0.79819787"/>
<testcase name="random4[OSX_10.9.5_UNKNOWN_explorer_10]" classname="se.redmind.rmtest.selenium.example.RandomClass3(20150415-080512)" time="1.7978861"/>
<testcase name="random4[OSX_10.9.5_UNKNOWN_opera_15]" classname="se.redmind.rmtest.selenium.example.RandomClass3(20150415-080512)" time="1.0139301"/>
<testcase name="random4[Windows_10_UNKNOWN_firefox_31]" classname="se.redmind.rmtest.selenium.example.RandomClass3(20150415-080512)" time="1.8765476">
	<failure type="java.lang.AssertionError:">java.lang.AssertionError: null
		at org.junit.Assert.fail(Assert.java:86)
		at org.junit.Assert.assertTrue(Assert.java:41)
		at org.junit.Assert.assertTrue(Assert.java:52)
		at se.redmind.rmtest.selenium.example.CreateRandomRes3.random14(CreateRandomRes3.java:128)
	</failure>
</testcase>
<testcase name="random4[Windows_10_UNKNOWN_chrome_42]" classname="se.redmind.rmtest.selenium.example.RandomClass3(20150415-080512)" time="1.9783427"/>
<testcase name="random4[Windows_10_UNKNOWN_explorer_10]" classname="se.redmind.rmtest.selenium.example.RandomClass3(20150415-080512)" time="0.21714938"/>
<testcase name="random4[Windows_10_UNKNOWN_opera_15]" classname="se.redmind.rmtest.selenium.example.RandomClass3(20150415-080512)" time="0.42278457">
	<error type="java.lang.AssertionError:">java.lang.AssertionError: null
		at org.junit.Assert.fail(Assert.java:86)
		at org.junit.Assert.assertTrue(Assert.java:41)
		at org.junit.Assert.assertTrue(Assert.java:52)
		at se.redmind.rmtest.selenium.example.CreateRandomRes3.random14(CreateRandomRes3.java:128)
	</error>
</testcase>
<testcase name="random4[Ubuntu_14.04_UNKNOWN_firefox_31]" classname="se.redmind.rmtest.selenium.example.RandomClass3(20150415-080512)" time="1.8563455">
	<failure type="java.lang.AssertionError:">java.lang.AssertionError: null
		at org.junit.Assert.fail(Assert.java:86)
		at org.junit.Assert.assertTrue(Assert.java:41)
		at org.junit.Assert.assertTrue(Assert.java:52)
		at se.redmind.rmtest.selenium.example.CreateRandomRes3.random14(CreateRandomRes3.java:128)
	</failure>
</testcase>
<testcase name="random4[Ubuntu_14.04_UNKNOWN_chrome_42]" classname="se.redmind.rmtest.selenium.example.RandomClass3(20150415-080512)" time="0.9264736"/>
<testcase name="random4[Ubuntu_14.04_UNKNOWN_explorer_10]" classname="se.redmind.rmtest.selenium.example.RandomClass3(20150415-080512)" time="8.896589E-4"/>
<testcase name="random4[Ubuntu_14.04_UNKNOWN_opera_15]" classname="se.redmind.rmtest.selenium.example.RandomClass3(20150415-080512)" time="0.81712997"/>
<testcase name="random4[Ubuntu_12.10_UNKNOWN_firefox_31]" classname="se.redmind.rmtest.selenium.example.RandomClass3(20150415-080512)" time="0.21601224"/>
<testcase name="random4[Ubuntu_12.10_UNKNOWN_chrome_42]" classname="se.redmind.rmtest.selenium.example.RandomClass3(20150415-080512)" time="0.21006835"/>
<testcase name="random4[Ubuntu_12.10_UNKNOWN_explorer_10]" classname="se.redmind.rmtest.selenium.example.RandomClass3(20150415-080512)" time="1.733828"/>
<testcase name="random4[Ubuntu_12.10_UNKNOWN_opera_15]" classname="se.redmind.rmtest.selenium.example.RandomClass3(20150415-080512)" time="1.6121442"/>
<testcase name="random1[Android_4.4.4_HTC ONE_firefox_31]" classname="se.redmind.rmtest.selenium.example.RandomClass4(20150415-080512)" time="0.03304696"/>
<testcase name="random1[Android_4.4.4_HTC ONE_chrome_42]" classname="se.redmind.rmtest.selenium.example.RandomClass4(20150415-080512)" time="1.7060802"/>
<testcase name="random1[Android_4.4.4_HTC ONE_explorer_10]" classname="se.redmind.rmtest.selenium.example.RandomClass4(20150415-080512)" time="1.3820286"/>
<testcase name="random1[Android_4.4.4_HTC ONE_opera_15]" classname="se.redmind.rmtest.selenium.example.RandomClass4(20150415-080512)" time="1.447128"/>
<testcase name="random1[Android_5.1_Nexus 6_firefox_31]" classname="se.redmind.rmtest.selenium.example.RandomClass4(20150415-080512)" time="1.3251101">
	<failure type="java.lang.AssertionError:">java.lang.AssertionError: null
		at org.junit.Assert.fail(Assert.java:86)
		at org.junit.Assert.assertTrue(Assert.java:41)
		at org.junit.Assert.assertTrue(Assert.java:52)
		at se.redmind.rmtest.selenium.example.CreateRandomRes3.random14(CreateRandomRes3.java:128)
	</failure>
</testcase>
<testcase name="random1[Android_5.1_Nexus 6_chrome_42]" classname="se.redmind.rmtest.selenium.example.RandomClass4(20150415-080512)" time="1.9791034"/>
<testcase name="random1[Android_5.1_Nexus 6_explorer_10]" classname="se.redmind.rmtest.selenium.example.RandomClass4(20150415-080512)" time="1.3157889"/>
<testcase name="random1[Android_5.1_Nexus 6_opera_15]" classname="se.redmind.rmtest.selenium.example.RandomClass4(20150415-080512)" time="0.6697463"/>
<testcase name="random1[Android_2.3_VeiVei_firefox_31]" classname="se.redmind.rmtest.selenium.example.RandomClass4(20150415-080512)" time="1.1531527"/>
<testcase name="random1[Android_2.3_VeiVei_chrome_42]" classname="se.redmind.rmtest.selenium.example.RandomClass4(20150415-080512)" time="0.7824029"/>
<testcase name="random1[Android_2.3_VeiVei_explorer_10]" classname="se.redmind.rmtest.selenium.example.RandomClass4(20150415-080512)" time="1.2150687"/>
<testcase name="random1[Android_2.3_VeiVei_opera_15]" classname="se.redmind.rmtest.selenium.example.RandomClass4(20150415-080512)" time="1.4231424">
	<failure type="java.lang.AssertionError:">java.lang.AssertionError: null
		at org.junit.Assert.fail(Assert.java:86)
		at org.junit.Assert.assertTrue(Assert.java:41)
		at org.junit.Assert.assertTrue(Assert.java:52)
		at se.redmind.rmtest.selenium.example.CreateRandomRes3.random14(CreateRandomRes3.java:128)
	</failure>
</testcase>
<testcase name="random1[Android_4.4.4_Sony Experia Z3_firefox_31]" classname="se.redmind.rmtest.selenium.example.RandomClass4(20150415-080512)" time="0.6914748"/>
<testcase name="random1[Android_4.4.4_Sony Experia Z3_chrome_42]" classname="se.redmind.rmtest.selenium.example.RandomClass4(20150415-080512)" time="0.83578205"/>
<testcase name="random1[Android_4.4.4_Sony Experia Z3_explorer_10]" classname="se.redmind.rmtest.selenium.example.RandomClass4(20150415-080512)" time="1.7102573"/>
<testcase name="random1[Android_4.4.4_Sony Experia Z3_opera_15]" classname="se.redmind.rmtest.selenium.example.RandomClass4(20150415-080512)" time="0.23757398"/>
<testcase name="random1[IOS_8.2_iPhone 6_firefox_31]" classname="se.redmind.rmtest.selenium.example.RandomClass4(20150415-080512)" time="1.2050058"/>
<testcase name="random1[IOS_8.2_iPhone 6_chrome_42]" classname="se.redmind.rmtest.selenium.example.RandomClass4(20150415-080512)" time="1.2183739"/>
<testcase name="random1[IOS_8.2_iPhone 6_explorer_10]" classname="se.redmind.rmtest.selenium.example.RandomClass4(20150415-080512)" time="1.7082415"/>
<testcase name="random1[IOS_8.2_iPhone 6_opera_15]" classname="se.redmind.rmtest.selenium.example.RandomClass4(20150415-080512)" time="1.1827276">
	<failure type="java.lang.AssertionError:">java.lang.AssertionError: null
		at org.junit.Assert.fail(Assert.java:86)
		at org.junit.Assert.assertTrue(Assert.java:41)
		at org.junit.Assert.assertTrue(Assert.java:52)
		at se.redmind.rmtest.selenium.example.CreateRandomRes3.random14(CreateRandomRes3.java:128)
	</failure>
</testcase>
<testcase name="random1[IOS_4_iPhone 3Gs_firefox_31]" classname="se.redmind.rmtest.selenium.example.RandomClass4(20150415-080512)" time="1.5935953">
	<failure type="java.lang.AssertionError:">java.lang.AssertionError: null
		at org.junit.Assert.fail(Assert.java:86)
		at org.junit.Assert.assertTrue(Assert.java:41)
		at org.junit.Assert.assertTrue(Assert.java:52)
		at se.redmind.rmtest.selenium.example.CreateRandomRes3.random14(CreateRandomRes3.java:128)
	</failure>
</testcase>
<testcase name="random1[IOS_4_iPhone 3Gs_chrome_42]" classname="se.redmind.rmtest.selenium.example.RandomClass4(20150415-080512)" time="0.026725769"/>
<testcase name="random1[IOS_4_iPhone 3Gs_explorer_10]" classname="se.redmind.rmtest.selenium.example.RandomClass4(20150415-080512)" time="1.0008216"/>
<testcase name="random1[IOS_4_iPhone 3Gs_opera_15]" classname="se.redmind.rmtest.selenium.example.RandomClass4(20150415-080512)" time="0.3302418">
	<failure type="java.lang.AssertionError:">java.lang.AssertionError: null
		at org.junit.Assert.fail(Assert.java:86)
		at org.junit.Assert.assertTrue(Assert.java:41)
		at org.junit.Assert.assertTrue(Assert.java:52)
		at se.redmind.rmtest.selenium.example.CreateRandomRes3.random14(CreateRandomRes3.java:128)
	</failure>
</testcase>
<testcase name="random1[OSX_10.9.5_UNKNOWN_firefox_31]" classname="se.redmind.rmtest.selenium.example.RandomClass4(20150415-080512)" time="0.5116879"/>
<testcase name="random1[OSX_10.9.5_UNKNOWN_chrome_42]" classname="se.redmind.rmtest.selenium.example.RandomClass4(20150415-080512)" time="0.40419376"/>
<testcase name="random1[OSX_10.9.5_UNKNOWN_explorer_10]" classname="se.redmind.rmtest.selenium.example.RandomClass4(20150415-080512)" time="0.39331484">
	<failure type="java.lang.AssertionError:">java.lang.AssertionError: null
		at org.junit.Assert.fail(Assert.java:86)
		at org.junit.Assert.assertTrue(Assert.java:41)
		at org.junit.Assert.assertTrue(Assert.java:52)
		at se.redmind.rmtest.selenium.example.CreateRandomRes3.random14(CreateRandomRes3.java:128)
	</failure>
</testcase>
<testcase name="random1[OSX_10.9.5_UNKNOWN_opera_15]" classname="se.redmind.rmtest.selenium.example.RandomClass4(20150415-080512)" time="1.2240298"/>
<testcase name="random1[Windows_8.1_UNKNOWN_firefox_31]" classname="se.redmind.rmtest.selenium.example.RandomClass4(20150415-080512)" time="1.134947"/>
<testcase name="random1[Windows_8.1_UNKNOWN_chrome_42]" classname="se.redmind.rmtest.selenium.example.RandomClass4(20150415-080512)" time="1.9109842"/>
<testcase name="random1[Windows_8.1_UNKNOWN_explorer_10]" classname="se.redmind.rmtest.selenium.example.RandomClass4(20150415-080512)" time="1.3840256"/>
<testcase name="random1[Windows_8.1_UNKNOWN_opera_15]" classname="se.redmind.rmtest.selenium.example.RandomClass4(20150415-080512)" time="1.0200514"/>
<testcase name="random1[Windows_10_UNKNOWN_firefox_31]" classname="se.redmind.rmtest.selenium.example.RandomClass4(20150415-080512)" time="0.6539755"/>
<testcase name="random1[Windows_10_UNKNOWN_chrome_42]" classname="se.redmind.rmtest.selenium.example.RandomClass4(20150415-080512)" time="1.8974732"/>
<testcase name="random1[Windows_10_UNKNOWN_explorer_10]" classname="se.redmind.rmtest.selenium.example.RandomClass4(20150415-080512)" time="1.326002">
	<failure type="java.lang.AssertionError:">java.lang.AssertionError: null
		at org.junit.Assert.fail(Assert.java:86)
		at org.junit.Assert.assertTrue(Assert.java:41)
		at org.junit.Assert.assertTrue(Assert.java:52)
		at se.redmind.rmtest.selenium.example.CreateRandomRes3.random14(CreateRandomRes3.java:128)
	</failure>
</testcase>
<testcase name="random1[Windows_10_UNKNOWN_opera_15]" classname="se.redmind.rmtest.selenium.example.RandomClass4(20150415-080512)" time="1.7322264">
	<failure type="java.lang.AssertionError:">java.lang.AssertionError: null
		at org.junit.Assert.fail(Assert.java:86)
		at org.junit.Assert.assertTrue(Assert.java:41)
		at org.junit.Assert.assertTrue(Assert.java:52)
		at se.redmind.rmtest.selenium.example.CreateRandomRes3.random14(CreateRandomRes3.java:128)
	</failure>
</testcase>
<testcase name="random1[Ubuntu_12.10_UNKNOWN_firefox_31]" classname="se.redmind.rmtest.selenium.example.RandomClass4(20150415-080512)" time="1.7708634"/>
<testcase name="random1[Ubuntu_12.10_UNKNOWN_chrome_42]" classname="se.redmind.rmtest.selenium.example.RandomClass4(20150415-080512)" time="1.5319875"/>
<testcase name="random1[Ubuntu_12.10_UNKNOWN_explorer_10]" classname="se.redmind.rmtest.selenium.example.RandomClass4(20150415-080512)" time="0.86535263">
	<failure type="java.lang.AssertionError:">java.lang.AssertionError: null
		at org.junit.Assert.fail(Assert.java:86)
		at org.junit.Assert.assertTrue(Assert.java:41)
		at org.junit.Assert.assertTrue(Assert.java:52)
		at se.redmind.rmtest.selenium.example.CreateRandomRes3.random14(CreateRandomRes3.java:128)
	</failure>
</testcase>
<testcase name="random1[Ubuntu_12.10_UNKNOWN_opera_15]" classname="se.redmind.rmtest.selenium.example.RandomClass4(20150415-080512)" time="0.4552281"/>
<testcase name="random2[Android_4.4.4_HTC ONE_firefox_31]" classname="se.redmind.rmtest.selenium.example.RandomClass4(20150415-080512)" time="1.601528"/>
<testcase name="random2[Android_4.4.4_HTC ONE_chrome_42]" classname="se.redmind.rmtest.selenium.example.RandomClass4(20150415-080512)" time="1.4633489"/>
<testcase name="random2[Android_4.4.4_HTC ONE_explorer_10]" classname="se.redmind.rmtest.selenium.example.RandomClass4(20150415-080512)" time="0.8852736"/>
<testcase name="random2[Android_4.4.4_HTC ONE_opera_15]" classname="se.redmind.rmtest.selenium.example.RandomClass4(20150415-080512)" time="1.5297387"/>
<testcase name="random2[Android_5.1_Nexus 6_firefox_31]" classname="se.redmind.rmtest.selenium.example.RandomClass4(20150415-080512)" time="0.0013314486"/>
<testcase name="random2[Android_5.1_Nexus 6_chrome_42]" classname="se.redmind.rmtest.selenium.example.RandomClass4(20150415-080512)" time="0.7257683"/>
<testcase name="random2[Android_5.1_Nexus 6_explorer_10]" classname="se.redmind.rmtest.selenium.example.RandomClass4(20150415-080512)" time="1.932162"/>
<testcase name="random2[Android_5.1_Nexus 6_opera_15]" classname="se.redmind.rmtest.selenium.example.RandomClass4(20150415-080512)" time="1.6534781">
	<failure type="java.lang.AssertionError:">java.lang.AssertionError: null
		at org.junit.Assert.fail(Assert.java:86)
		at org.junit.Assert.assertTrue(Assert.java:41)
		at org.junit.Assert.assertTrue(Assert.java:52)
		at se.redmind.rmtest.selenium.example.CreateRandomRes3.random14(CreateRandomRes3.java:128)
	</failure>
</testcase>
<testcase name="random2[Android_2.3_VeiVei_firefox_31]" classname="se.redmind.rmtest.selenium.example.RandomClass4(20150415-080512)" time="0.8568132"/>
<testcase name="random2[Android_2.3_VeiVei_chrome_42]" classname="se.redmind.rmtest.selenium.example.RandomClass4(20150415-080512)" time="0.13629174"/>
<testcase name="random2[Android_2.3_VeiVei_explorer_10]" classname="se.redmind.rmtest.selenium.example.RandomClass4(20150415-080512)" time="1.0141488"/>
<testcase name="random2[Android_2.3_VeiVei_opera_15]" classname="se.redmind.rmtest.selenium.example.RandomClass4(20150415-080512)" time="0.26293743"/>
<testcase name="random2[Android_4.4.4_Sony Experia Z3_firefox_31]" classname="se.redmind.rmtest.selenium.example.RandomClass4(20150415-080512)" time="1.6186043"/>
<testcase name="random2[Android_4.4.4_Sony Experia Z3_chrome_42]" classname="se.redmind.rmtest.selenium.example.RandomClass4(20150415-080512)" time="1.015652">
	<failure type="java.lang.AssertionError:">java.lang.AssertionError: null
		at org.junit.Assert.fail(Assert.java:86)
		at org.junit.Assert.assertTrue(Assert.java:41)
		at org.junit.Assert.assertTrue(Assert.java:52)
		at se.redmind.rmtest.selenium.example.CreateRandomRes3.random14(CreateRandomRes3.java:128)
	</failure>
</testcase>
<testcase name="random2[Android_4.4.4_Sony Experia Z3_explorer_10]" classname="se.redmind.rmtest.selenium.example.RandomClass4(20150415-080512)" time="0.030962706"/>
<testcase name="random2[Android_4.4.4_Sony Experia Z3_opera_15]" classname="se.redmind.rmtest.selenium.example.RandomClass4(20150415-080512)" time="1.9203804">
	<failure type="java.lang.AssertionError:">java.lang.AssertionError: null
		at org.junit.Assert.fail(Assert.java:86)
		at org.junit.Assert.assertTrue(Assert.java:41)
		at org.junit.Assert.assertTrue(Assert.java:52)
		at se.redmind.rmtest.selenium.example.CreateRandomRes3.random14(CreateRandomRes3.java:128)
	</failure>
</testcase>
<testcase name="random2[IOS_8.2_iPhone 6_firefox_31]" classname="se.redmind.rmtest.selenium.example.RandomClass4(20150415-080512)" time="0.6208494"/>
<testcase name="random2[IOS_8.2_iPhone 6_chrome_42]" classname="se.redmind.rmtest.selenium.example.RandomClass4(20150415-080512)" time="1.2357684"/>
<testcase name="random2[IOS_8.2_iPhone 6_explorer_10]" classname="se.redmind.rmtest.selenium.example.RandomClass4(20150415-080512)" time="0.0922544"/>
<testcase name="random2[IOS_8.2_iPhone 6_opera_15]" classname="se.redmind.rmtest.selenium.example.RandomClass4(20150415-080512)" time="0.08908999"/>
<testcase name="random2[IOS_4_iPhone 3Gs_firefox_31]" classname="se.redmind.rmtest.selenium.example.RandomClass4(20150415-080512)" time="1.1902771">
	<failure type="java.lang.AssertionError:">java.lang.AssertionError: null
		at org.junit.Assert.fail(Assert.java:86)
		at org.junit.Assert.assertTrue(Assert.java:41)
		at org.junit.Assert.assertTrue(Assert.java:52)
		at se.redmind.rmtest.selenium.example.CreateRandomRes3.random14(CreateRandomRes3.java:128)
	</failure>
</testcase>
<testcase name="random2[IOS_4_iPhone 3Gs_chrome_42]" classname="se.redmind.rmtest.selenium.example.RandomClass4(20150415-080512)" time="0.45312726"/>
<testcase name="random2[IOS_4_iPhone 3Gs_explorer_10]" classname="se.redmind.rmtest.selenium.example.RandomClass4(20150415-080512)" time="0.92019093"/>
<testcase name="random2[IOS_4_iPhone 3Gs_opera_15]" classname="se.redmind.rmtest.selenium.example.RandomClass4(20150415-080512)" time="0.21995175"/>
<testcase name="random2[OSX_10.9.5_UNKNOWN_firefox_31]" classname="se.redmind.rmtest.selenium.example.RandomClass4(20150415-080512)" time="0.54400766"/>
<testcase name="random2[OSX_10.9.5_UNKNOWN_chrome_42]" classname="se.redmind.rmtest.selenium.example.RandomClass4(20150415-080512)" time="0.13978851">
	<failure type="java.lang.AssertionError:">java.lang.AssertionError: null
		at org.junit.Assert.fail(Assert.java:86)
		at org.junit.Assert.assertTrue(Assert.java:41)
		at org.junit.Assert.assertTrue(Assert.java:52)
		at se.redmind.rmtest.selenium.example.CreateRandomRes3.random14(CreateRandomRes3.java:128)
	</failure>
</testcase>
<testcase name="random2[OSX_10.9.5_UNKNOWN_explorer_10]" classname="se.redmind.rmtest.selenium.example.RandomClass4(20150415-080512)" time="0.12931538"/>
<testcase name="random2[OSX_10.9.5_UNKNOWN_opera_15]" classname="se.redmind.rmtest.selenium.example.RandomClass4(20150415-080512)" time="1.3015019"/>
<testcase name="random2[Windows_8.1_UNKNOWN_firefox_31]" classname="se.redmind.rmtest.selenium.example.RandomClass4(20150415-080512)" time="0.75789595">
	<failure type="java.lang.AssertionError:">java.lang.AssertionError: null
		at org.junit.Assert.fail(Assert.java:86)
		at org.junit.Assert.assertTrue(Assert.java:41)
		at org.junit.Assert.assertTrue(Assert.java:52)
		at se.redmind.rmtest.selenium.example.CreateRandomRes3.random14(CreateRandomRes3.java:128)
	</failure>
</testcase>
<testcase name="random2[Windows_8.1_UNKNOWN_chrome_42]" classname="se.redmind.rmtest.selenium.example.RandomClass4(20150415-080512)" time="1.7867799">
	<failure type="java.lang.AssertionError:">java.lang.AssertionError: null
		at org.junit.Assert.fail(Assert.java:86)
		at org.junit.Assert.assertTrue(Assert.java:41)
		at org.junit.Assert.assertTrue(Assert.java:52)
		at se.redmind.rmtest.selenium.example.CreateRandomRes3.random14(CreateRandomRes3.java:128)
	</failure>
</testcase>
<testcase name="random2[Windows_8.1_UNKNOWN_explorer_10]" classname="se.redmind.rmtest.selenium.example.RandomClass4(20150415-080512)" time="0.7964839">
	<failure type="java.lang.AssertionError:">java.lang.AssertionError: null
		at org.junit.Assert.fail(Assert.java:86)
		at org.junit.Assert.assertTrue(Assert.java:41)
		at org.junit.Assert.assertTrue(Assert.java:52)
		at se.redmind.rmtest.selenium.example.CreateRandomRes3.random14(CreateRandomRes3.java:128)
	</failure>
</testcase>
<testcase name="random2[Windows_8.1_UNKNOWN_opera_15]" classname="se.redmind.rmtest.selenium.example.RandomClass4(20150415-080512)" time="1.7572526"/>
<testcase name="random2[Windows_10_UNKNOWN_firefox_31]" classname="se.redmind.rmtest.selenium.example.RandomClass4(20150415-080512)" time="1.0284681"/>
<testcase name="random2[Windows_10_UNKNOWN_chrome_42]" classname="se.redmind.rmtest.selenium.example.RandomClass4(20150415-080512)" time="0.7922741">
	<failure type="java.lang.AssertionError:">java.lang.AssertionError: null
		at org.junit.Assert.fail(Assert.java:86)
		at org.junit.Assert.assertTrue(Assert.java:41)
		at org.junit.Assert.assertTrue(Assert.java:52)
		at se.redmind.rmtest.selenium.example.CreateRandomRes3.random14(CreateRandomRes3.java:128)
	</failure>
</testcase>
<testcase name="random2[Windows_10_UNKNOWN_explorer_10]" classname="se.redmind.rmtest.selenium.example.RandomClass4(20150415-080512)" time="0.09100032">
	<failure type="java.lang.AssertionError:">java.lang.AssertionError: null
		at org.junit.Assert.fail(Assert.java:86)
		at org.junit.Assert.assertTrue(Assert.java:41)
		at org.junit.Assert.assertTrue(Assert.java:52)
		at se.redmind.rmtest.selenium.example.CreateRandomRes3.random14(CreateRandomRes3.java:128)
	</failure>
</testcase>
<testcase name="random2[Windows_10_UNKNOWN_opera_15]" classname="se.redmind.rmtest.selenium.example.RandomClass4(20150415-080512)" time="1.6894946"/>
<testcase name="random2[Ubuntu_12.10_UNKNOWN_firefox_31]" classname="se.redmind.rmtest.selenium.example.RandomClass4(20150415-080512)" time="1.5315766">
	<failure type="java.lang.AssertionError:">java.lang.AssertionError: null
		at org.junit.Assert.fail(Assert.java:86)
		at org.junit.Assert.assertTrue(Assert.java:41)
		at org.junit.Assert.assertTrue(Assert.java:52)
		at se.redmind.rmtest.selenium.example.CreateRandomRes3.random14(CreateRandomRes3.java:128)
	</failure>
</testcase>
<testcase name="random2[Ubuntu_12.10_UNKNOWN_chrome_42]" classname="se.redmind.rmtest.selenium.example.RandomClass4(20150415-080512)" time="0.43890047"/>
<testcase name="random2[Ubuntu_12.10_UNKNOWN_explorer_10]" classname="se.redmind.rmtest.selenium.example.RandomClass4(20150415-080512)" time="0.70642936"/>
<testcase name="random2[Ubuntu_12.10_UNKNOWN_opera_15]" classname="se.redmind.rmtest.selenium.example.RandomClass4(20150415-080512)" time="0.7274729"/>
<testcase name="random3[Android_4.4.4_HTC ONE_firefox_31]" classname="se.redmind.rmtest.selenium.example.RandomClass4(20150415-080512)" time="1.5306444"/>
<testcase name="random3[Android_4.4.4_HTC ONE_chrome_42]" classname="se.redmind.rmtest.selenium.example.RandomClass4(20150415-080512)" time="1.097766">
	<failure type="java.lang.AssertionError:">java.lang.AssertionError: null
		at org.junit.Assert.fail(Assert.java:86)
		at org.junit.Assert.assertTrue(Assert.java:41)
		at org.junit.Assert.assertTrue(Assert.java:52)
		at se.redmind.rmtest.selenium.example.CreateRandomRes3.random14(CreateRandomRes3.java:128)
	</failure>
</testcase>
<testcase name="random3[Android_4.4.4_HTC ONE_explorer_10]" classname="se.redmind.rmtest.selenium.example.RandomClass4(20150415-080512)" time="1.7215083"/>
<testcase name="random3[Android_4.4.4_HTC ONE_opera_15]" classname="se.redmind.rmtest.selenium.example.RandomClass4(20150415-080512)" time="0.8684143"/>
<testcase name="random3[Android_5.1_Nexus 6_firefox_31]" classname="se.redmind.rmtest.selenium.example.RandomClass4(20150415-080512)" time="0.3277521">
	<failure type="java.lang.AssertionError:">java.lang.AssertionError: null
		at org.junit.Assert.fail(Assert.java:86)
		at org.junit.Assert.assertTrue(Assert.java:41)
		at org.junit.Assert.assertTrue(Assert.java:52)
		at se.redmind.rmtest.selenium.example.CreateRandomRes3.random14(CreateRandomRes3.java:128)
	</failure>
</testcase>
<testcase name="random3[Android_5.1_Nexus 6_chrome_42]" classname="se.redmind.rmtest.selenium.example.RandomClass4(20150415-080512)" time="1.1556116"/>
<testcase name="random3[Android_5.1_Nexus 6_explorer_10]" classname="se.redmind.rmtest.selenium.example.RandomClass4(20150415-080512)" time="0.63780737"/>
<testcase name="random3[Android_5.1_Nexus 6_opera_15]" classname="se.redmind.rmtest.selenium.example.RandomClass4(20150415-080512)" time="1.1886925"/>
<testcase name="random3[Android_2.3_VeiVei_firefox_31]" classname="se.redmind.rmtest.selenium.example.RandomClass4(20150415-080512)" time="1.3180116"/>
<testcase name="random3[Android_2.3_VeiVei_chrome_42]" classname="se.redmind.rmtest.selenium.example.RandomClass4(20150415-080512)" time="0.93995464"/>
<testcase name="random3[Android_2.3_VeiVei_explorer_10]" classname="se.redmind.rmtest.selenium.example.RandomClass4(20150415-080512)" time="1.9300326"/>
<testcase name="random3[Android_2.3_VeiVei_opera_15]" classname="se.redmind.rmtest.selenium.example.RandomClass4(20150415-080512)" time="0.4923494">
	<failure type="java.lang.AssertionError:">java.lang.AssertionError: null
		at org.junit.Assert.fail(Assert.java:86)
		at org.junit.Assert.assertTrue(Assert.java:41)
		at org.junit.Assert.assertTrue(Assert.java:52)
		at se.redmind.rmtest.selenium.example.CreateRandomRes3.random14(CreateRandomRes3.java:128)
	</failure>
</testcase>
<testcase name="random3[Android_4.4.4_Sony Experia Z3_firefox_31]" classname="se.redmind.rmtest.selenium.example.RandomClass4(20150415-080512)" time="0.86540866"/>
<testcase name="random3[Android_4.4.4_Sony Experia Z3_chrome_42]" classname="se.redmind.rmtest.selenium.example.RandomClass4(20150415-080512)" time="0.9139247"/>
<testcase name="random3[Android_4.4.4_Sony Experia Z3_explorer_10]" classname="se.redmind.rmtest.selenium.example.RandomClass4(20150415-080512)" time="1.1200528">
	<failure type="java.lang.AssertionError:">java.lang.AssertionError: null
		at org.junit.Assert.fail(Assert.java:86)
		at org.junit.Assert.assertTrue(Assert.java:41)
		at org.junit.Assert.assertTrue(Assert.java:52)
		at se.redmind.rmtest.selenium.example.CreateRandomRes3.random14(CreateRandomRes3.java:128)
	</failure>
</testcase>
<testcase name="random3[Android_4.4.4_Sony Experia Z3_opera_15]" classname="se.redmind.rmtest.selenium.example.RandomClass4(20150415-080512)" time="0.38293386"/>
<testcase name="random3[IOS_8.2_iPhone 6_firefox_31]" classname="se.redmind.rmtest.selenium.example.RandomClass4(20150415-080512)" time="1.1188022"/>
<testcase name="random3[IOS_8.2_iPhone 6_chrome_42]" classname="se.redmind.rmtest.selenium.example.RandomClass4(20150415-080512)" time="0.50216675">
	<failure type="java.lang.AssertionError:">java.lang.AssertionError: null
		at org.junit.Assert.fail(Assert.java:86)
		at org.junit.Assert.assertTrue(Assert.java:41)
		at org.junit.Assert.assertTrue(Assert.java:52)
		at se.redmind.rmtest.selenium.example.CreateRandomRes3.random14(CreateRandomRes3.java:128)
	</failure>
</testcase>
<testcase name="random3[IOS_8.2_iPhone 6_explorer_10]" classname="se.redmind.rmtest.selenium.example.RandomClass4(20150415-080512)" time="0.40647328"/>
<testcase name="random3[IOS_8.2_iPhone 6_opera_15]" classname="se.redmind.rmtest.selenium.example.RandomClass4(20150415-080512)" time="0.8528662"/>
<testcase name="random3[IOS_4_iPhone 3Gs_firefox_31]" classname="se.redmind.rmtest.selenium.example.RandomClass4(20150415-080512)" time="1.8961875">
<skipped/>
</testcase>
<testcase name="random3[IOS_4_iPhone 3Gs_firefox_31]" classname="se.redmind.rmtest.selenium.example.RandomClass4(20150415-080512)" time="1.9159359"/>
<testcase name="random3[IOS_4_iPhone 3Gs_chrome_42]" classname="se.redmind.rmtest.selenium.example.RandomClass4(20150415-080512)" time="0.29813457">
<skipped/>
</testcase>
<testcase name="random3[IOS_4_iPhone 3Gs_chrome_42]" classname="se.redmind.rmtest.selenium.example.RandomClass4(20150415-080512)" time="0.47174454"/>
<testcase name="random3[IOS_4_iPhone 3Gs_explorer_10]" classname="se.redmind.rmtest.selenium.example.RandomClass4(20150415-080512)" time="1.714019">
<skipped/>
</testcase>
<testcase name="random3[IOS_4_iPhone 3Gs_explorer_10]" classname="se.redmind.rmtest.selenium.example.RandomClass4(20150415-080512)" time="1.6434976"/>
<testcase name="random3[IOS_4_iPhone 3Gs_opera_15]" classname="se.redmind.rmtest.selenium.example.RandomClass4(20150415-080512)" time="0.091991544">
<skipped/>
</testcase>
<testcase name="random3[IOS_4_iPhone 3Gs_opera_15]" classname="se.redmind.rmtest.selenium.example.RandomClass4(20150415-080512)" time="1.2359847"/>
<testcase name="random3[OSX_10.9.5_UNKNOWN_firefox_31]" classname="se.redmind.rmtest.selenium.example.RandomClass4(20150415-080512)" time="0.917107"/>
<testcase name="random3[OSX_10.9.5_UNKNOWN_chrome_42]" classname="se.redmind.rmtest.selenium.example.RandomClass4(20150415-080512)" time="0.7924957">
	<failure type="java.lang.AssertionError:">java.lang.AssertionError: null
		at org.junit.Assert.fail(Assert.java:86)
		at org.junit.Assert.assertTrue(Assert.java:41)
		at org.junit.Assert.assertTrue(Assert.java:52)
		at se.redmind.rmtest.selenium.example.CreateRandomRes3.random14(CreateRandomRes3.java:128)
	</failure>
</testcase>
<testcase name="random3[OSX_10.9.5_UNKNOWN_explorer_10]" classname="se.redmind.rmtest.selenium.example.RandomClass4(20150415-080512)" time="0.7069609"/>
<testcase name="random3[OSX_10.9.5_UNKNOWN_opera_15]" classname="se.redmind.rmtest.selenium.example.RandomClass4(20150415-080512)" time="1.4486598"/>
<testcase name="random3[Windows_8.1_UNKNOWN_firefox_31]" classname="se.redmind.rmtest.selenium.example.RandomClass4(20150415-080512)" time="1.7778887"/>
<testcase name="random3[Windows_8.1_UNKNOWN_chrome_42]" classname="se.redmind.rmtest.selenium.example.RandomClass4(20150415-080512)" time="0.63829565"/>
<testcase name="random3[Windows_8.1_UNKNOWN_explorer_10]" classname="se.redmind.rmtest.selenium.example.RandomClass4(20150415-080512)" time="1.742962"/>
<testcase name="random3[Windows_8.1_UNKNOWN_opera_15]" classname="se.redmind.rmtest.selenium.example.RandomClass4(20150415-080512)" time="0.2041086">
	<failure type="java.lang.AssertionError:">java.lang.AssertionError: null
		at org.junit.Assert.fail(Assert.java:86)
		at org.junit.Assert.assertTrue(Assert.java:41)
		at org.junit.Assert.assertTrue(Assert.java:52)
		at se.redmind.rmtest.selenium.example.CreateRandomRes3.random14(CreateRandomRes3.java:128)
	</failure>
</testcase>
<testcase name="random3[Windows_10_UNKNOWN_firefox_31]" classname="se.redmind.rmtest.selenium.example.RandomClass4(20150415-080512)" time="0.11106646"/>
<testcase name="random3[Windows_10_UNKNOWN_chrome_42]" classname="se.redmind.rmtest.selenium.example.RandomClass4(20150415-080512)" time="0.11766136"/>
<testcase name="random3[Windows_10_UNKNOWN_explorer_10]" classname="se.redmind.rmtest.selenium.example.RandomClass4(20150415-080512)" time="1.1010051"/>
<testcase name="random3[Windows_10_UNKNOWN_opera_15]" classname="se.redmind.rmtest.selenium.example.RandomClass4(20150415-080512)" time="0.64161766">
	<failure type="java.lang.AssertionError:">java.lang.AssertionError: null
		at org.junit.Assert.fail(Assert.java:86)
		at org.junit.Assert.assertTrue(Assert.java:41)
		at org.junit.Assert.assertTrue(Assert.java:52)
		at se.redmind.rmtest.selenium.example.CreateRandomRes3.random14(CreateRandomRes3.java:128)
	</failure>
</testcase>
<testcase name="random3[Ubuntu_12.10_UNKNOWN_firefox_31]" classname="se.redmind.rmtest.selenium.example.RandomClass4(20150415-080512)" time="1.8716917"/>
<testcase name="random3[Ubuntu_12.10_UNKNOWN_chrome_42]" classname="se.redmind.rmtest.selenium.example.RandomClass4(20150415-080512)" time="0.5759189"/>
<testcase name="random3[Ubuntu_12.10_UNKNOWN_explorer_10]" classname="se.redmind.rmtest.selenium.example.RandomClass4(20150415-080512)" time="0.70493126"/>
<testcase name="random3[Ubuntu_12.10_UNKNOWN_opera_15]" classname="se.redmind.rmtest.selenium.example.RandomClass4(20150415-080512)" time="0.48374283">
	<failure type="java.lang.AssertionError:">java.lang.AssertionError: null
		at org.junit.Assert.fail(Assert.java:86)
		at org.junit.Assert.assertTrue(Assert.java:41)
		at org.junit.Assert.assertTrue(Assert.java:52)
		at se.redmind.rmtest.selenium.example.CreateRandomRes3.random14(CreateRandomRes3.java:128)
	</failure>
</testcase>
<testcase name="random4[Android_4.4.4_HTC ONE_firefox_31]" classname="se.redmind.rmtest.selenium.example.RandomClass4(20150415-080512)" time="1.5795434"/>
<testcase name="random4[Android_4.4.4_HTC ONE_chrome_42]" classname="se.redmind.rmtest.selenium.example.RandomClass4(20150415-080512)" time="0.05806923"/>
<testcase name="random4[Android_4.4.4_HTC ONE_explorer_10]" classname="se.redmind.rmtest.selenium.example.RandomClass4(20150415-080512)" time="0.60894585"/>
<testcase name="random4[Android_4.4.4_HTC ONE_opera_15]" classname="se.redmind.rmtest.selenium.example.RandomClass4(20150415-080512)" time="0.09650278">
	<failure type="java.lang.AssertionError:">java.lang.AssertionError: null
		at org.junit.Assert.fail(Assert.java:86)
		at org.junit.Assert.assertTrue(Assert.java:41)
		at org.junit.Assert.assertTrue(Assert.java:52)
		at se.redmind.rmtest.selenium.example.CreateRandomRes3.random14(CreateRandomRes3.java:128)
	</failure>
</testcase>
<testcase name="random4[Android_5.1_Nexus 6_firefox_31]" classname="se.redmind.rmtest.selenium.example.RandomClass4(20150415-080512)" time="0.83550775"/>
<testcase name="random4[Android_5.1_Nexus 6_chrome_42]" classname="se.redmind.rmtest.selenium.example.RandomClass4(20150415-080512)" time="1.978053"/>
<testcase name="random4[Android_5.1_Nexus 6_explorer_10]" classname="se.redmind.rmtest.selenium.example.RandomClass4(20150415-080512)" time="1.3549783"/>
<testcase name="random4[Android_5.1_Nexus 6_opera_15]" classname="se.redmind.rmtest.selenium.example.RandomClass4(20150415-080512)" time="1.4713081"/>
<testcase name="random4[Android_2.3_VeiVei_firefox_31]" classname="se.redmind.rmtest.selenium.example.RandomClass4(20150415-080512)" time="1.816178">
	<failure type="java.lang.AssertionError:">java.lang.AssertionError: null
		at org.junit.Assert.fail(Assert.java:86)
		at org.junit.Assert.assertTrue(Assert.java:41)
		at org.junit.Assert.assertTrue(Assert.java:52)
		at se.redmind.rmtest.selenium.example.CreateRandomRes3.random14(CreateRandomRes3.java:128)
	</failure>
</testcase>
<testcase name="random4[Android_2.3_VeiVei_chrome_42]" classname="se.redmind.rmtest.selenium.example.RandomClass4(20150415-080512)" time="0.70766914">
	<failure type="java.lang.AssertionError:">java.lang.AssertionError: null
		at org.junit.Assert.fail(Assert.java:86)
		at org.junit.Assert.assertTrue(Assert.java:41)
		at org.junit.Assert.assertTrue(Assert.java:52)
		at se.redmind.rmtest.selenium.example.CreateRandomRes3.random14(CreateRandomRes3.java:128)
	</failure>
</testcase>
<testcase name="random4[Android_2.3_VeiVei_explorer_10]" classname="se.redmind.rmtest.selenium.example.RandomClass4(20150415-080512)" time="0.7772796"/>
<testcase name="random4[Android_2.3_VeiVei_opera_15]" classname="se.redmind.rmtest.selenium.example.RandomClass4(20150415-080512)" time="1.4625752"/>
<testcase name="random4[Android_4.4.4_Sony Experia Z3_firefox_31]" classname="se.redmind.rmtest.selenium.example.RandomClass4(20150415-080512)" time="1.8589958"/>
<testcase name="random4[Android_4.4.4_Sony Experia Z3_chrome_42]" classname="se.redmind.rmtest.selenium.example.RandomClass4(20150415-080512)" time="1.3320338">
	<failure type="java.lang.AssertionError:">java.lang.AssertionError: null
		at org.junit.Assert.fail(Assert.java:86)
		at org.junit.Assert.assertTrue(Assert.java:41)
		at org.junit.Assert.assertTrue(Assert.java:52)
		at se.redmind.rmtest.selenium.example.CreateRandomRes3.random14(CreateRandomRes3.java:128)
	</failure>
</testcase>
<testcase name="random4[Android_4.4.4_Sony Experia Z3_explorer_10]" classname="se.redmind.rmtest.selenium.example.RandomClass4(20150415-080512)" time="1.7263339"/>
<testcase name="random4[Android_4.4.4_Sony Experia Z3_opera_15]" classname="se.redmind.rmtest.selenium.example.RandomClass4(20150415-080512)" time="0.09941387"/>
<testcase name="random4[IOS_8.2_iPhone 6_firefox_31]" classname="se.redmind.rmtest.selenium.example.RandomClass4(20150415-080512)" time="0.39271843"/>
<testcase name="random4[IOS_8.2_iPhone 6_chrome_42]" classname="se.redmind.rmtest.selenium.example.RandomClass4(20150415-080512)" time="0.2535063"/>
<testcase name="random4[IOS_8.2_iPhone 6_explorer_10]" classname="se.redmind.rmtest.selenium.example.RandomClass4(20150415-080512)" time="1.6542336"/>
<testcase name="random4[IOS_8.2_iPhone 6_opera_15]" classname="se.redmind.rmtest.selenium.example.RandomClass4(20150415-080512)" time="1.2289996"/>
<testcase name="random4[IOS_4_iPhone 3Gs_firefox_31]" classname="se.redmind.rmtest.selenium.example.RandomClass4(20150415-080512)" time="1.7358979"/>
<testcase name="random4[IOS_4_iPhone 3Gs_chrome_42]" classname="se.redmind.rmtest.selenium.example.RandomClass4(20150415-080512)" time="1.2750545"/>
<testcase name="random4[IOS_4_iPhone 3Gs_explorer_10]" classname="se.redmind.rmtest.selenium.example.RandomClass4(20150415-080512)" time="0.36668622"/>
<testcase name="random4[IOS_4_iPhone 3Gs_opera_15]" classname="se.redmind.rmtest.selenium.example.RandomClass4(20150415-080512)" time="1.8689384"/>
<testcase name="random4[OSX_10.9.5_UNKNOWN_firefox_31]" classname="se.redmind.rmtest.selenium.example.RandomClass4(20150415-080512)" time="0.41073322"/>
<testcase name="random4[OSX_10.9.5_UNKNOWN_chrome_42]" classname="se.redmind.rmtest.selenium.example.RandomClass4(20150415-080512)" time="0.6346874"/>
<testcase name="random4[OSX_10.9.5_UNKNOWN_explorer_10]" classname="se.redmind.rmtest.selenium.example.RandomClass4(20150415-080512)" time="1.0781366"/>
<testcase name="random4[OSX_10.9.5_UNKNOWN_opera_15]" classname="se.redmind.rmtest.selenium.example.RandomClass4(20150415-080512)" time="1.0829643"/>
<testcase name="random4[Windows_8.1_UNKNOWN_firefox_31]" classname="se.redmind.rmtest.selenium.example.RandomClass4(20150415-080512)" time="0.043064833">
	<failure type="java.lang.AssertionError:">java.lang.AssertionError: null
		at org.junit.Assert.fail(Assert.java:86)
		at org.junit.Assert.assertTrue(Assert.java:41)
		at org.junit.Assert.assertTrue(Assert.java:52)
		at se.redmind.rmtest.selenium.example.CreateRandomRes3.random14(CreateRandomRes3.java:128)
	</failure>
</testcase>
<testcase name="random4[Windows_8.1_UNKNOWN_chrome_42]" classname="se.redmind.rmtest.selenium.example.RandomClass4(20150415-080512)" time="0.97415245"/>
<testcase name="random4[Windows_8.1_UNKNOWN_explorer_10]" classname="se.redmind.rmtest.selenium.example.RandomClass4(20150415-080512)" time="0.8415462"/>
<testcase name="random4[Windows_8.1_UNKNOWN_opera_15]" classname="se.redmind.rmtest.selenium.example.RandomClass4(20150415-080512)" time="1.1345901"/>
<testcase name="random4[Windows_10_UNKNOWN_firefox_31]" classname="se.redmind.rmtest.selenium.example.RandomClass4(20150415-080512)" time="1.4175057">
	<failure type="java.lang.AssertionError:">java.lang.AssertionError: null
		at org.junit.Assert.fail(Assert.java:86)
		at org.junit.Assert.assertTrue(Assert.java:41)
		at org.junit.Assert.assertTrue(Assert.java:52)
		at se.redmind.rmtest.selenium.example.CreateRandomRes3.random14(CreateRandomRes3.java:128)
	</failure>
</testcase>
<testcase name="random4[Windows_10_UNKNOWN_chrome_42]" classname="se.redmind.rmtest.selenium.example.RandomClass4(20150415-080512)" time="1.04143">
	<failure type="java.lang.AssertionError:">java.lang.AssertionError: null
		at org.junit.Assert.fail(Assert.java:86)
		at org.junit.Assert.assertTrue(Assert.java:41)
		at org.junit.Assert.assertTrue(Assert.java:52)
		at se.redmind.rmtest.selenium.example.CreateRandomRes3.random14(CreateRandomRes3.java:128)
	</failure>
</testcase>
<testcase name="random4[Windows_10_UNKNOWN_explorer_10]" classname="se.redmind.rmtest.selenium.example.RandomClass4(20150415-080512)" time="0.95825064">
	<failure type="java.lang.AssertionError:">java.lang.AssertionError: null
		at org.junit.Assert.fail(Assert.java:86)
		at org.junit.Assert.assertTrue(Assert.java:41)
		at org.junit.Assert.assertTrue(Assert.java:52)
		at se.redmind.rmtest.selenium.example.CreateRandomRes3.random14(CreateRandomRes3.java:128)
	</failure>
</testcase>
<testcase name="random4[Windows_10_UNKNOWN_opera_15]" classname="se.redmind.rmtest.selenium.example.RandomClass4(20150415-080512)" time="1.9029013"/>
<testcase name="random4[Ubuntu_12.10_UNKNOWN_firefox_31]" classname="se.redmind.rmtest.selenium.example.RandomClass4(20150415-080512)" time="1.0408189"/>
<testcase name="random4[Ubuntu_12.10_UNKNOWN_chrome_42]" classname="se.redmind.rmtest.selenium.example.RandomClass4(20150415-080512)" time="1.9866314"/>
<testcase name="random4[Ubuntu_12.10_UNKNOWN_explorer_10]" classname="se.redmind.rmtest.selenium.example.RandomClass4(20150415-080512)" time="1.8378713"/>
<testcase name="random4[Ubuntu_12.10_UNKNOWN_opera_15]" classname="se.redmind.rmtest.selenium.example.RandomClass4(20150415-080512)" time="0.9876369"/>
<testcase name="random1[Android_4.4.4_HTC ONE_firefox_31]" classname="se.redmind.rmtest.selenium.example.RandomClass5(20150415-080512)" time="0.16117156">
	<failure type="java.lang.AssertionError:">java.lang.AssertionError: null
		at org.junit.Assert.fail(Assert.java:86)
		at org.junit.Assert.assertTrue(Assert.java:41)
		at org.junit.Assert.assertTrue(Assert.java:52)
		at se.redmind.rmtest.selenium.example.CreateRandomRes3.random14(CreateRandomRes3.java:128)
	</failure>
</testcase>
<testcase name="random1[Android_4.4.4_HTC ONE_chrome_42]" classname="se.redmind.rmtest.selenium.example.RandomClass5(20150415-080512)" time="0.54947746">
	<failure type="java.lang.AssertionError:">java.lang.AssertionError: null
		at org.junit.Assert.fail(Assert.java:86)
		at org.junit.Assert.assertTrue(Assert.java:41)
		at org.junit.Assert.assertTrue(Assert.java:52)
		at se.redmind.rmtest.selenium.example.CreateRandomRes3.random14(CreateRandomRes3.java:128)
	</failure>
</testcase>
<testcase name="random1[Android_4.4.4_HTC ONE_explorer_10]" classname="se.redmind.rmtest.selenium.example.RandomClass5(20150415-080512)" time="0.62550175"/>
<testcase name="random1[Android_4.4.4_HTC ONE_opera_15]" classname="se.redmind.rmtest.selenium.example.RandomClass5(20150415-080512)" time="0.91273713">
	<failure type="java.lang.AssertionError:">java.lang.AssertionError: null
		at org.junit.Assert.fail(Assert.java:86)
		at org.junit.Assert.assertTrue(Assert.java:41)
		at org.junit.Assert.assertTrue(Assert.java:52)
		at se.redmind.rmtest.selenium.example.CreateRandomRes3.random14(CreateRandomRes3.java:128)
	</failure>
</testcase>
<testcase name="random1[Android_5.1_Nexus 6_firefox_31]" classname="se.redmind.rmtest.selenium.example.RandomClass5(20150415-080512)" time="1.5435921"/>
<testcase name="random1[Android_5.1_Nexus 6_chrome_42]" classname="se.redmind.rmtest.selenium.example.RandomClass5(20150415-080512)" time="0.37749088">
	<failure type="java.lang.AssertionError:">java.lang.AssertionError: null
		at org.junit.Assert.fail(Assert.java:86)
		at org.junit.Assert.assertTrue(Assert.java:41)
		at org.junit.Assert.assertTrue(Assert.java:52)
		at se.redmind.rmtest.selenium.example.CreateRandomRes3.random14(CreateRandomRes3.java:128)
	</failure>
</testcase>
<testcase name="random1[Android_5.1_Nexus 6_explorer_10]" classname="se.redmind.rmtest.selenium.example.RandomClass5(20150415-080512)" time="1.5345428"/>
<testcase name="random1[Android_5.1_Nexus 6_opera_15]" classname="se.redmind.rmtest.selenium.example.RandomClass5(20150415-080512)" time="1.6395825">
	<failure type="java.lang.AssertionError:">java.lang.AssertionError: null
		at org.junit.Assert.fail(Assert.java:86)
		at org.junit.Assert.assertTrue(Assert.java:41)
		at org.junit.Assert.assertTrue(Assert.java:52)
		at se.redmind.rmtest.selenium.example.CreateRandomRes3.random14(CreateRandomRes3.java:128)
	</failure>
</testcase>
<testcase name="random1[Android_2.3_VeiVei_firefox_31]" classname="se.redmind.rmtest.selenium.example.RandomClass5(20150415-080512)" time="0.47406197">
	<error type="java.lang.AssertionError:">java.lang.AssertionError: null
		at org.junit.Assert.fail(Assert.java:86)
		at org.junit.Assert.assertTrue(Assert.java:41)
		at org.junit.Assert.assertTrue(Assert.java:52)
		at se.redmind.rmtest.selenium.example.CreateRandomRes3.random14(CreateRandomRes3.java:128)
	</error>
</testcase>
<testcase name="random1[Android_2.3_VeiVei_chrome_42]" classname="se.redmind.rmtest.selenium.example.RandomClass5(20150415-080512)" time="0.5186627"/>
<testcase name="random1[Android_2.3_VeiVei_explorer_10]" classname="se.redmind.rmtest.selenium.example.RandomClass5(20150415-080512)" time="0.8821951">
	<failure type="java.lang.AssertionError:">java.lang.AssertionError: null
		at org.junit.Assert.fail(Assert.java:86)
		at org.junit.Assert.assertTrue(Assert.java:41)
		at org.junit.Assert.assertTrue(Assert.java:52)
		at se.redmind.rmtest.selenium.example.CreateRandomRes3.random14(CreateRandomRes3.java:128)
	</failure>
</testcase>
<testcase name="random1[Android_2.3_VeiVei_opera_15]" classname="se.redmind.rmtest.selenium.example.RandomClass5(20150415-080512)" time="0.20549142"/>
<testcase name="random1[Android_4.4.4_Sony Experia Z3_firefox_31]" classname="se.redmind.rmtest.selenium.example.RandomClass5(20150415-080512)" time="1.7240194"/>
<testcase name="random1[Android_4.4.4_Sony Experia Z3_chrome_42]" classname="se.redmind.rmtest.selenium.example.RandomClass5(20150415-080512)" time="1.8484825"/>
<testcase name="random1[Android_4.4.4_Sony Experia Z3_explorer_10]" classname="se.redmind.rmtest.selenium.example.RandomClass5(20150415-080512)" time="1.9272448"/>
<testcase name="random1[Android_4.4.4_Sony Experia Z3_opera_15]" classname="se.redmind.rmtest.selenium.example.RandomClass5(20150415-080512)" time="0.51299024"/>
<testcase name="random1[IOS_8.2_iPhone 6_firefox_31]" classname="se.redmind.rmtest.selenium.example.RandomClass5(20150415-080512)" time="1.1512431"/>
<testcase name="random1[IOS_8.2_iPhone 6_chrome_42]" classname="se.redmind.rmtest.selenium.example.RandomClass5(20150415-080512)" time="0.22820544"/>
<testcase name="random1[IOS_8.2_iPhone 6_explorer_10]" classname="se.redmind.rmtest.selenium.example.RandomClass5(20150415-080512)" time="1.8759965"/>
<testcase name="random1[IOS_8.2_iPhone 6_opera_15]" classname="se.redmind.rmtest.selenium.example.RandomClass5(20150415-080512)" time="1.202928"/>
<testcase name="random1[IOS_4_iPhone 3Gs_firefox_31]" classname="se.redmind.rmtest.selenium.example.RandomClass5(20150415-080512)" time="1.5097841">
	<failure type="java.lang.AssertionError:">java.lang.AssertionError: null
		at org.junit.Assert.fail(Assert.java:86)
		at org.junit.Assert.assertTrue(Assert.java:41)
		at org.junit.Assert.assertTrue(Assert.java:52)
		at se.redmind.rmtest.selenium.example.CreateRandomRes3.random14(CreateRandomRes3.java:128)
	</failure>
</testcase>
<testcase name="random1[IOS_4_iPhone 3Gs_chrome_42]" classname="se.redmind.rmtest.selenium.example.RandomClass5(20150415-080512)" time="1.5858703"/>
<testcase name="random1[IOS_4_iPhone 3Gs_explorer_10]" classname="se.redmind.rmtest.selenium.example.RandomClass5(20150415-080512)" time="0.094033"/>
<testcase name="random1[IOS_4_iPhone 3Gs_opera_15]" classname="se.redmind.rmtest.selenium.example.RandomClass5(20150415-080512)" time="0.8021536"/>
<testcase name="random1[OSX_10.9.5_UNKNOWN_firefox_31]" classname="se.redmind.rmtest.selenium.example.RandomClass5(20150415-080512)" time="1.7556672">
	<failure type="java.lang.AssertionError:">java.lang.AssertionError: null
		at org.junit.Assert.fail(Assert.java:86)
		at org.junit.Assert.assertTrue(Assert.java:41)
		at org.junit.Assert.assertTrue(Assert.java:52)
		at se.redmind.rmtest.selenium.example.CreateRandomRes3.random14(CreateRandomRes3.java:128)
	</failure>
</testcase>
<testcase name="random1[OSX_10.9.5_UNKNOWN_chrome_42]" classname="se.redmind.rmtest.selenium.example.RandomClass5(20150415-080512)" time="0.007229924"/>
<testcase name="random1[OSX_10.9.5_UNKNOWN_explorer_10]" classname="se.redmind.rmtest.selenium.example.RandomClass5(20150415-080512)" time="0.56722414"/>
<testcase name="random1[OSX_10.9.5_UNKNOWN_opera_15]" classname="se.redmind.rmtest.selenium.example.RandomClass5(20150415-080512)" time="1.4825687">
	<failure type="java.lang.AssertionError:">java.lang.AssertionError: null
		at org.junit.Assert.fail(Assert.java:86)
		at org.junit.Assert.assertTrue(Assert.java:41)
		at org.junit.Assert.assertTrue(Assert.java:52)
		at se.redmind.rmtest.selenium.example.CreateRandomRes3.random14(CreateRandomRes3.java:128)
	</failure>
</testcase>
<testcase name="random1[Windows_8.1_UNKNOWN_firefox_31]" classname="se.redmind.rmtest.selenium.example.RandomClass5(20150415-080512)" time="1.1400545"/>
<testcase name="random1[Windows_8.1_UNKNOWN_chrome_42]" classname="se.redmind.rmtest.selenium.example.RandomClass5(20150415-080512)" time="0.2133925"/>
<testcase name="random1[Windows_8.1_UNKNOWN_explorer_10]" classname="se.redmind.rmtest.selenium.example.RandomClass5(20150415-080512)" time="1.4585274"/>
<testcase name="random1[Windows_8.1_UNKNOWN_opera_15]" classname="se.redmind.rmtest.selenium.example.RandomClass5(20150415-080512)" time="0.52871513"/>
<testcase name="random1[Windows_10_UNKNOWN_firefox_31]" classname="se.redmind.rmtest.selenium.example.RandomClass5(20150415-080512)" time="0.46244442"/>
<testcase name="random1[Windows_10_UNKNOWN_chrome_42]" classname="se.redmind.rmtest.selenium.example.RandomClass5(20150415-080512)" time="0.3359927">
	<failure type="java.lang.AssertionError:">java.lang.AssertionError: null
		at org.junit.Assert.fail(Assert.java:86)
		at org.junit.Assert.assertTrue(Assert.java:41)
		at org.junit.Assert.assertTrue(Assert.java:52)
		at se.redmind.rmtest.selenium.example.CreateRandomRes3.random14(CreateRandomRes3.java:128)
	</failure>
</testcase>
<testcase name="random1[Windows_10_UNKNOWN_explorer_10]" classname="se.redmind.rmtest.selenium.example.RandomClass5(20150415-080512)" time="0.36889708"/>
<testcase name="random1[Windows_10_UNKNOWN_opera_15]" classname="se.redmind.rmtest.selenium.example.RandomClass5(20150415-080512)" time="1.5827714"/>
<testcase name="random1[Ubuntu_14.04_UNKNOWN_firefox_31]" classname="se.redmind.rmtest.selenium.example.RandomClass5(20150415-080512)" time="0.6324152"/>
<testcase name="random1[Ubuntu_14.04_UNKNOWN_chrome_42]" classname="se.redmind.rmtest.selenium.example.RandomClass5(20150415-080512)" time="0.49929428"/>
<testcase name="random1[Ubuntu_14.04_UNKNOWN_explorer_10]" classname="se.redmind.rmtest.selenium.example.RandomClass5(20150415-080512)" time="0.68017733"/>
<testcase name="random1[Ubuntu_14.04_UNKNOWN_opera_15]" classname="se.redmind.rmtest.selenium.example.RandomClass5(20150415-080512)" time="1.9751811">
	<failure type="java.lang.AssertionError:">java.lang.AssertionError: null
		at org.junit.Assert.fail(Assert.java:86)
		at org.junit.Assert.assertTrue(Assert.java:41)
		at org.junit.Assert.assertTrue(Assert.java:52)
		at se.redmind.rmtest.selenium.example.CreateRandomRes3.random14(CreateRandomRes3.java:128)
	</failure>
</testcase>
<testcase name="random2[Android_4.4.4_HTC ONE_firefox_31]" classname="se.redmind.rmtest.selenium.example.RandomClass5(20150415-080512)" time="1.0852485">
	<failure type="java.lang.AssertionError:">java.lang.AssertionError: null
		at org.junit.Assert.fail(Assert.java:86)
		at org.junit.Assert.assertTrue(Assert.java:41)
		at org.junit.Assert.assertTrue(Assert.java:52)
		at se.redmind.rmtest.selenium.example.CreateRandomRes3.random14(CreateRandomRes3.java:128)
	</failure>
</testcase>
<testcase name="random2[Android_4.4.4_HTC ONE_chrome_42]" classname="se.redmind.rmtest.selenium.example.RandomClass5(20150415-080512)" time="1.309153">
	<failure type="java.lang.AssertionError:">java.lang.AssertionError: null
		at org.junit.Assert.fail(Assert.java:86)
		at org.junit.Assert.assertTrue(Assert.java:41)
		at org.junit.Assert.assertTrue(Assert.java:52)
		at se.redmind.rmtest.selenium.example.CreateRandomRes3.random14(CreateRandomRes3.java:128)
	</failure>
</testcase>
<testcase name="random2[Android_4.4.4_HTC ONE_explorer_10]" classname="se.redmind.rmtest.selenium.example.RandomClass5(20150415-080512)" time="0.54873693"/>
<testcase name="random2[Android_4.4.4_HTC ONE_opera_15]" classname="se.redmind.rmtest.selenium.example.RandomClass5(20150415-080512)" time="0.7695682">
	<failure type="java.lang.AssertionError:">java.lang.AssertionError: null
		at org.junit.Assert.fail(Assert.java:86)
		at org.junit.Assert.assertTrue(Assert.java:41)
		at org.junit.Assert.assertTrue(Assert.java:52)
		at se.redmind.rmtest.selenium.example.CreateRandomRes3.random14(CreateRandomRes3.java:128)
	</failure>
</testcase>
<testcase name="random2[Android_5.1_Nexus 6_firefox_31]" classname="se.redmind.rmtest.selenium.example.RandomClass5(20150415-080512)" time="1.6128156">
	<failure type="java.lang.AssertionError:">java.lang.AssertionError: null
		at org.junit.Assert.fail(Assert.java:86)
		at org.junit.Assert.assertTrue(Assert.java:41)
		at org.junit.Assert.assertTrue(Assert.java:52)
		at se.redmind.rmtest.selenium.example.CreateRandomRes3.random14(CreateRandomRes3.java:128)
	</failure>
</testcase>
<testcase name="random2[Android_5.1_Nexus 6_chrome_42]" classname="se.redmind.rmtest.selenium.example.RandomClass5(20150415-080512)" time="0.5190854"/>
<testcase name="random2[Android_5.1_Nexus 6_explorer_10]" classname="se.redmind.rmtest.selenium.example.RandomClass5(20150415-080512)" time="1.6437972"/>
<testcase name="random2[Android_5.1_Nexus 6_opera_15]" classname="se.redmind.rmtest.selenium.example.RandomClass5(20150415-080512)" time="0.4592787"/>
<testcase name="random2[Android_2.3_VeiVei_firefox_31]" classname="se.redmind.rmtest.selenium.example.RandomClass5(20150415-080512)" time="0.563624"/>
<testcase name="random2[Android_2.3_VeiVei_chrome_42]" classname="se.redmind.rmtest.selenium.example.RandomClass5(20150415-080512)" time="0.5483427">
	<failure type="java.lang.AssertionError:">java.lang.AssertionError: null
		at org.junit.Assert.fail(Assert.java:86)
		at org.junit.Assert.assertTrue(Assert.java:41)
		at org.junit.Assert.assertTrue(Assert.java:52)
		at se.redmind.rmtest.selenium.example.CreateRandomRes3.random14(CreateRandomRes3.java:128)
	</failure>
</testcase>
<testcase name="random2[Android_2.3_VeiVei_explorer_10]" classname="se.redmind.rmtest.selenium.example.RandomClass5(20150415-080512)" time="0.60437214">
	<failure type="java.lang.AssertionError:">java.lang.AssertionError: null
		at org.junit.Assert.fail(Assert.java:86)
		at org.junit.Assert.assertTrue(Assert.java:41)
		at org.junit.Assert.assertTrue(Assert.java:52)
		at se.redmind.rmtest.selenium.example.CreateRandomRes3.random14(CreateRandomRes3.java:128)
	</failure>
</testcase>
<testcase name="random2[Android_2.3_VeiVei_opera_15]" classname="se.redmind.rmtest.selenium.example.RandomClass5(20150415-080512)" time="1.7665336">
	<failure type="java.lang.AssertionError:">java.lang.AssertionError: null
		at org.junit.Assert.fail(Assert.java:86)
		at org.junit.Assert.assertTrue(Assert.java:41)
		at org.junit.Assert.assertTrue(Assert.java:52)
		at se.redmind.rmtest.selenium.example.CreateRandomRes3.random14(CreateRandomRes3.java:128)
	</failure>
</testcase>
<testcase name="random2[Android_4.4.4_Sony Experia Z3_firefox_31]" classname="se.redmind.rmtest.selenium.example.RandomClass5(20150415-080512)" time="0.6600611"/>
<testcase name="random2[Android_4.4.4_Sony Experia Z3_chrome_42]" classname="se.redmind.rmtest.selenium.example.RandomClass5(20150415-080512)" time="0.65677357"/>
<testcase name="random2[Android_4.4.4_Sony Experia Z3_explorer_10]" classname="se.redmind.rmtest.selenium.example.RandomClass5(20150415-080512)" time="0.8274504">
	<failure type="java.lang.AssertionError:">java.lang.AssertionError: null
		at org.junit.Assert.fail(Assert.java:86)
		at org.junit.Assert.assertTrue(Assert.java:41)
		at org.junit.Assert.assertTrue(Assert.java:52)
		at se.redmind.rmtest.selenium.example.CreateRandomRes3.random14(CreateRandomRes3.java:128)
	</failure>
</testcase>
<testcase name="random2[Android_4.4.4_Sony Experia Z3_opera_15]" classname="se.redmind.rmtest.selenium.example.RandomClass5(20150415-080512)" time="1.0496405"/>
<testcase name="random2[IOS_8.2_iPhone 6_firefox_31]" classname="se.redmind.rmtest.selenium.example.RandomClass5(20150415-080512)" time="0.042143226"/>
<testcase name="random2[IOS_8.2_iPhone 6_chrome_42]" classname="se.redmind.rmtest.selenium.example.RandomClass5(20150415-080512)" time="0.93789756"/>
<testcase name="random2[IOS_8.2_iPhone 6_explorer_10]" classname="se.redmind.rmtest.selenium.example.RandomClass5(20150415-080512)" time="0.268906"/>
<testcase name="random2[IOS_8.2_iPhone 6_opera_15]" classname="se.redmind.rmtest.selenium.example.RandomClass5(20150415-080512)" time="0.042446375">
	<failure type="java.lang.AssertionError:">java.lang.AssertionError: null
		at org.junit.Assert.fail(Assert.java:86)
		at org.junit.Assert.assertTrue(Assert.java:41)
		at org.junit.Assert.assertTrue(Assert.java:52)
		at se.redmind.rmtest.selenium.example.CreateRandomRes3.random14(CreateRandomRes3.java:128)
	</failure>
</testcase>
<testcase name="random2[IOS_4_iPhone 3Gs_firefox_31]" classname="se.redmind.rmtest.selenium.example.RandomClass5(20150415-080512)" time="0.42028618"/>
<testcase name="random2[IOS_4_iPhone 3Gs_chrome_42]" classname="se.redmind.rmtest.selenium.example.RandomClass5(20150415-080512)" time="0.7320498"/>
<testcase name="random2[IOS_4_iPhone 3Gs_explorer_10]" classname="se.redmind.rmtest.selenium.example.RandomClass5(20150415-080512)" time="1.5341148"/>
<testcase name="random2[IOS_4_iPhone 3Gs_opera_15]" classname="se.redmind.rmtest.selenium.example.RandomClass5(20150415-080512)" time="0.30493677"/>
<testcase name="random2[OSX_10.9.5_UNKNOWN_firefox_31]" classname="se.redmind.rmtest.selenium.example.RandomClass5(20150415-080512)" time="1.4599997">
	<failure type="java.lang.AssertionError:">java.lang.AssertionError: null
		at org.junit.Assert.fail(Assert.java:86)
		at org.junit.Assert.assertTrue(Assert.java:41)
		at org.junit.Assert.assertTrue(Assert.java:52)
		at se.redmind.rmtest.selenium.example.CreateRandomRes3.random14(CreateRandomRes3.java:128)
	</failure>
</testcase>
<testcase name="random2[OSX_10.9.5_UNKNOWN_chrome_42]" classname="se.redmind.rmtest.selenium.example.RandomClass5(20150415-080512)" time="1.8723661"/>
<testcase name="random2[OSX_10.9.5_UNKNOWN_explorer_10]" classname="se.redmind.rmtest.selenium.example.RandomClass5(20150415-080512)" time="0.22650325"/>
<testcase name="random2[OSX_10.9.5_UNKNOWN_opera_15]" classname="se.redmind.rmtest.selenium.example.RandomClass5(20150415-080512)" time="1.3047416">
	<failure type="java.lang.AssertionError:">java.lang.AssertionError: null
		at org.junit.Assert.fail(Assert.java:86)
		at org.junit.Assert.assertTrue(Assert.java:41)
		at org.junit.Assert.assertTrue(Assert.java:52)
		at se.redmind.rmtest.selenium.example.CreateRandomRes3.random14(CreateRandomRes3.java:128)
	</failure>
</testcase>
<testcase name="random2[Windows_8.1_UNKNOWN_firefox_31]" classname="se.redmind.rmtest.selenium.example.RandomClass5(20150415-080512)" time="0.21989536"/>
<testcase name="random2[Windows_8.1_UNKNOWN_chrome_42]" classname="se.redmind.rmtest.selenium.example.RandomClass5(20150415-080512)" time="0.24627757">
	<failure type="java.lang.AssertionError:">java.lang.AssertionError: null
		at org.junit.Assert.fail(Assert.java:86)
		at org.junit.Assert.assertTrue(Assert.java:41)
		at org.junit.Assert.assertTrue(Assert.java:52)
		at se.redmind.rmtest.selenium.example.CreateRandomRes3.random14(CreateRandomRes3.java:128)
	</failure>
</testcase>
<testcase name="random2[Windows_8.1_UNKNOWN_explorer_10]" classname="se.redmind.rmtest.selenium.example.RandomClass5(20150415-080512)" time="1.5582626"/>
<testcase name="random2[Windows_8.1_UNKNOWN_opera_15]" classname="se.redmind.rmtest.selenium.example.RandomClass5(20150415-080512)" time="0.14384437">
	<failure type="java.lang.AssertionError:">java.lang.AssertionError: null
		at org.junit.Assert.fail(Assert.java:86)
		at org.junit.Assert.assertTrue(Assert.java:41)
		at org.junit.Assert.assertTrue(Assert.java:52)
		at se.redmind.rmtest.selenium.example.CreateRandomRes3.random14(CreateRandomRes3.java:128)
	</failure>
</testcase>
<testcase name="random2[Windows_10_UNKNOWN_firefox_31]" classname="se.redmind.rmtest.selenium.example.RandomClass5(20150415-080512)" time="1.2348235"/>
<testcase name="random2[Windows_10_UNKNOWN_chrome_42]" classname="se.redmind.rmtest.selenium.example.RandomClass5(20150415-080512)" time="1.7175909"/>
<testcase name="random2[Windows_10_UNKNOWN_explorer_10]" classname="se.redmind.rmtest.selenium.example.RandomClass5(20150415-080512)" time="1.3398999"/>
<testcase name="random2[Windows_10_UNKNOWN_opera_15]" classname="se.redmind.rmtest.selenium.example.RandomClass5(20150415-080512)" time="1.7894902"/>
<testcase name="random2[Ubuntu_14.04_UNKNOWN_firefox_31]" classname="se.redmind.rmtest.selenium.example.RandomClass5(20150415-080512)" time="1.4274533"/>
<testcase name="random2[Ubuntu_14.04_UNKNOWN_chrome_42]" classname="se.redmind.rmtest.selenium.example.RandomClass5(20150415-080512)" time="1.52871"/>
<testcase name="random2[Ubuntu_14.04_UNKNOWN_explorer_10]" classname="se.redmind.rmtest.selenium.example.RandomClass5(20150415-080512)" time="1.1684953"/>
<testcase name="random2[Ubuntu_14.04_UNKNOWN_opera_15]" classname="se.redmind.rmtest.selenium.example.RandomClass5(20150415-080512)" time="0.9819139">
	<failure type="java.lang.AssertionError:">java.lang.AssertionError: null
		at org.junit.Assert.fail(Assert.java:86)
		at org.junit.Assert.assertTrue(Assert.java:41)
		at org.junit.Assert.assertTrue(Assert.java:52)
		at se.redmind.rmtest.selenium.example.CreateRandomRes3.random14(CreateRandomRes3.java:128)
	</failure>
</testcase>
<testcase name="random3[Android_4.4.4_HTC ONE_firefox_31]" classname="se.redmind.rmtest.selenium.example.RandomClass5(20150415-080512)" time="1.5067933"/>
<testcase name="random3[Android_4.4.4_HTC ONE_chrome_42]" classname="se.redmind.rmtest.selenium.example.RandomClass5(20150415-080512)" time="0.76492727"/>
<testcase name="random3[Android_4.4.4_HTC ONE_explorer_10]" classname="se.redmind.rmtest.selenium.example.RandomClass5(20150415-080512)" time="0.7304342"/>
<testcase name="random3[Android_4.4.4_HTC ONE_opera_15]" classname="se.redmind.rmtest.selenium.example.RandomClass5(20150415-080512)" time="1.986116"/>
<testcase name="random3[Android_5.1_Nexus 6_firefox_31]" classname="se.redmind.rmtest.selenium.example.RandomClass5(20150415-080512)" time="1.6192034"/>
<testcase name="random3[Android_5.1_Nexus 6_chrome_42]" classname="se.redmind.rmtest.selenium.example.RandomClass5(20150415-080512)" time="1.2655632"/>
<testcase name="random3[Android_5.1_Nexus 6_explorer_10]" classname="se.redmind.rmtest.selenium.example.RandomClass5(20150415-080512)" time="0.7158016">
	<failure type="java.lang.AssertionError:">java.lang.AssertionError: null
		at org.junit.Assert.fail(Assert.java:86)
		at org.junit.Assert.assertTrue(Assert.java:41)
		at org.junit.Assert.assertTrue(Assert.java:52)
		at se.redmind.rmtest.selenium.example.CreateRandomRes3.random14(CreateRandomRes3.java:128)
	</failure>
</testcase>
<testcase name="random3[Android_5.1_Nexus 6_opera_15]" classname="se.redmind.rmtest.selenium.example.RandomClass5(20150415-080512)" time="1.1199265">
	<failure type="java.lang.AssertionError:">java.lang.AssertionError: null
		at org.junit.Assert.fail(Assert.java:86)
		at org.junit.Assert.assertTrue(Assert.java:41)
		at org.junit.Assert.assertTrue(Assert.java:52)
		at se.redmind.rmtest.selenium.example.CreateRandomRes3.random14(CreateRandomRes3.java:128)
	</failure>
</testcase>
<testcase name="random3[Android_2.3_VeiVei_firefox_31]" classname="se.redmind.rmtest.selenium.example.RandomClass5(20150415-080512)" time="1.4721278">
	<failure type="java.lang.AssertionError:">java.lang.AssertionError: null
		at org.junit.Assert.fail(Assert.java:86)
		at org.junit.Assert.assertTrue(Assert.java:41)
		at org.junit.Assert.assertTrue(Assert.java:52)
		at se.redmind.rmtest.selenium.example.CreateRandomRes3.random14(CreateRandomRes3.java:128)
	</failure>
</testcase>
<testcase name="random3[Android_2.3_VeiVei_chrome_42]" classname="se.redmind.rmtest.selenium.example.RandomClass5(20150415-080512)" time="1.5293332"/>
<testcase name="random3[Android_2.3_VeiVei_explorer_10]" classname="se.redmind.rmtest.selenium.example.RandomClass5(20150415-080512)" time="1.7821225"/>
<testcase name="random3[Android_2.3_VeiVei_opera_15]" classname="se.redmind.rmtest.selenium.example.RandomClass5(20150415-080512)" time="0.01789403"/>
<testcase name="random3[Android_4.4.4_Sony Experia Z3_firefox_31]" classname="se.redmind.rmtest.selenium.example.RandomClass5(20150415-080512)" time="1.0781727">
	<failure type="java.lang.AssertionError:">java.lang.AssertionError: null
		at org.junit.Assert.fail(Assert.java:86)
		at org.junit.Assert.assertTrue(Assert.java:41)
		at org.junit.Assert.assertTrue(Assert.java:52)
		at se.redmind.rmtest.selenium.example.CreateRandomRes3.random14(CreateRandomRes3.java:128)
	</failure>
</testcase>
<testcase name="random3[Android_4.4.4_Sony Experia Z3_chrome_42]" classname="se.redmind.rmtest.selenium.example.RandomClass5(20150415-080512)" time="1.9762945">
	<failure type="java.lang.AssertionError:">java.lang.AssertionError: null
		at org.junit.Assert.fail(Assert.java:86)
		at org.junit.Assert.assertTrue(Assert.java:41)
		at org.junit.Assert.assertTrue(Assert.java:52)
		at se.redmind.rmtest.selenium.example.CreateRandomRes3.random14(CreateRandomRes3.java:128)
	</failure>
</testcase>
<testcase name="random3[Android_4.4.4_Sony Experia Z3_explorer_10]" classname="se.redmind.rmtest.selenium.example.RandomClass5(20150415-080512)" time="1.1899319"/>
<testcase name="random3[Android_4.4.4_Sony Experia Z3_opera_15]" classname="se.redmind.rmtest.selenium.example.RandomClass5(20150415-080512)" time="0.06391263">
	<failure type="java.lang.AssertionError:">java.lang.AssertionError: null
		at org.junit.Assert.fail(Assert.java:86)
		at org.junit.Assert.assertTrue(Assert.java:41)
		at org.junit.Assert.assertTrue(Assert.java:52)
		at se.redmind.rmtest.selenium.example.CreateRandomRes3.random14(CreateRandomRes3.java:128)
	</failure>
</testcase>
<testcase name="random3[IOS_8.2_iPhone 6_firefox_31]" classname="se.redmind.rmtest.selenium.example.RandomClass5(20150415-080512)" time="0.2282604"/>
<testcase name="random3[IOS_8.2_iPhone 6_chrome_42]" classname="se.redmind.rmtest.selenium.example.RandomClass5(20150415-080512)" time="1.0302284"/>
<testcase name="random3[IOS_8.2_iPhone 6_explorer_10]" classname="se.redmind.rmtest.selenium.example.RandomClass5(20150415-080512)" time="1.8803259"/>
<testcase name="random3[IOS_8.2_iPhone 6_opera_15]" classname="se.redmind.rmtest.selenium.example.RandomClass5(20150415-080512)" time="1.0507313"/>
<testcase name="random3[IOS_4_iPhone 3Gs_firefox_31]" classname="se.redmind.rmtest.selenium.example.RandomClass5(20150415-080512)" time="1.5157144">
<skipped/>
</testcase>
<testcase name="random3[IOS_4_iPhone 3Gs_firefox_31]" classname="se.redmind.rmtest.selenium.example.RandomClass5(20150415-080512)" time="1.0878612"/>
<testcase name="random3[IOS_4_iPhone 3Gs_chrome_42]" classname="se.redmind.rmtest.selenium.example.RandomClass5(20150415-080512)" time="0.24059427">
<skipped/>
</testcase>
<testcase name="random3[IOS_4_iPhone 3Gs_chrome_42]" classname="se.redmind.rmtest.selenium.example.RandomClass5(20150415-080512)" time="0.6001177"/>
<testcase name="random3[IOS_4_iPhone 3Gs_explorer_10]" classname="se.redmind.rmtest.selenium.example.RandomClass5(20150415-080512)" time="0.4479072">
<skipped/>
</testcase>
<testcase name="random3[IOS_4_iPhone 3Gs_explorer_10]" classname="se.redmind.rmtest.selenium.example.RandomClass5(20150415-080512)" time="0.7357702"/>
<testcase name="random3[IOS_4_iPhone 3Gs_opera_15]" classname="se.redmind.rmtest.selenium.example.RandomClass5(20150415-080512)" time="1.0821505">
<skipped/>
</testcase>
<testcase name="random3[IOS_4_iPhone 3Gs_opera_15]" classname="se.redmind.rmtest.selenium.example.RandomClass5(20150415-080512)" time="1.426349"/>
<testcase name="random3[OSX_10.9.5_UNKNOWN_firefox_31]" classname="se.redmind.rmtest.selenium.example.RandomClass5(20150415-080512)" time="0.27278554"/>
<testcase name="random3[OSX_10.9.5_UNKNOWN_chrome_42]" classname="se.redmind.rmtest.selenium.example.RandomClass5(20150415-080512)" time="1.0793116"/>
<testcase name="random3[OSX_10.9.5_UNKNOWN_explorer_10]" classname="se.redmind.rmtest.selenium.example.RandomClass5(20150415-080512)" time="1.16082">
	<failure type="java.lang.AssertionError:">java.lang.AssertionError: null
		at org.junit.Assert.fail(Assert.java:86)
		at org.junit.Assert.assertTrue(Assert.java:41)
		at org.junit.Assert.assertTrue(Assert.java:52)
		at se.redmind.rmtest.selenium.example.CreateRandomRes3.random14(CreateRandomRes3.java:128)
	</failure>
</testcase>
<testcase name="random3[OSX_10.9.5_UNKNOWN_opera_15]" classname="se.redmind.rmtest.selenium.example.RandomClass5(20150415-080512)" time="1.0265245"/>
<testcase name="random3[Windows_8.1_UNKNOWN_firefox_31]" classname="se.redmind.rmtest.selenium.example.RandomClass5(20150415-080512)" time="0.054957867"/>
<testcase name="random3[Windows_8.1_UNKNOWN_chrome_42]" classname="se.redmind.rmtest.selenium.example.RandomClass5(20150415-080512)" time="0.3535205"/>
<testcase name="random3[Windows_8.1_UNKNOWN_explorer_10]" classname="se.redmind.rmtest.selenium.example.RandomClass5(20150415-080512)" time="0.0278728"/>
<testcase name="random3[Windows_8.1_UNKNOWN_opera_15]" classname="se.redmind.rmtest.selenium.example.RandomClass5(20150415-080512)" time="0.10851002"/>
<testcase name="random3[Windows_10_UNKNOWN_firefox_31]" classname="se.redmind.rmtest.selenium.example.RandomClass5(20150415-080512)" time="1.0987537"/>
<testcase name="random3[Windows_10_UNKNOWN_chrome_42]" classname="se.redmind.rmtest.selenium.example.RandomClass5(20150415-080512)" time="0.027032137"/>
<testcase name="random3[Windows_10_UNKNOWN_explorer_10]" classname="se.redmind.rmtest.selenium.example.RandomClass5(20150415-080512)" time="1.3554062"/>
<testcase name="random3[Windows_10_UNKNOWN_opera_15]" classname="se.redmind.rmtest.selenium.example.RandomClass5(20150415-080512)" time="0.3858105"/>
<testcase name="random3[Ubuntu_14.04_UNKNOWN_firefox_31]" classname="se.redmind.rmtest.selenium.example.RandomClass5(20150415-080512)" time="1.0512218"/>
<testcase name="random3[Ubuntu_14.04_UNKNOWN_chrome_42]" classname="se.redmind.rmtest.selenium.example.RandomClass5(20150415-080512)" time="0.060931563"/>
<testcase name="random3[Ubuntu_14.04_UNKNOWN_explorer_10]" classname="se.redmind.rmtest.selenium.example.RandomClass5(20150415-080512)" time="1.8396691">
	<failure type="java.lang.AssertionError:">java.lang.AssertionError: null
		at org.junit.Assert.fail(Assert.java:86)
		at org.junit.Assert.assertTrue(Assert.java:41)
		at org.junit.Assert.assertTrue(Assert.java:52)
		at se.redmind.rmtest.selenium.example.CreateRandomRes3.random14(CreateRandomRes3.java:128)
	</failure>
</testcase>
<testcase name="random3[Ubuntu_14.04_UNKNOWN_opera_15]" classname="se.redmind.rmtest.selenium.example.RandomClass5(20150415-080512)" time="0.97571635">
	<failure type="java.lang.AssertionError:">java.lang.AssertionError: null
		at org.junit.Assert.fail(Assert.java:86)
		at org.junit.Assert.assertTrue(Assert.java:41)
		at org.junit.Assert.assertTrue(Assert.java:52)
		at se.redmind.rmtest.selenium.example.CreateRandomRes3.random14(CreateRandomRes3.java:128)
	</failure>
</testcase>
<testcase name="random4[Android_4.4.4_HTC ONE_firefox_31]" classname="se.redmind.rmtest.selenium.example.RandomClass5(20150415-080512)" time="1.378363"/>
<testcase name="random4[Android_4.4.4_HTC ONE_chrome_42]" classname="se.redmind.rmtest.selenium.example.RandomClass5(20150415-080512)" time="1.0536445"/>
<testcase name="random4[Android_4.4.4_HTC ONE_explorer_10]" classname="se.redmind.rmtest.selenium.example.RandomClass5(20150415-080512)" time="0.36701"/>
<testcase name="random4[Android_4.4.4_HTC ONE_opera_15]" classname="se.redmind.rmtest.selenium.example.RandomClass5(20150415-080512)" time="0.3794254"/>
<testcase name="random4[Android_5.1_Nexus 6_firefox_31]" classname="se.redmind.rmtest.selenium.example.RandomClass5(20150415-080512)" time="1.6085696"/>
<testcase name="random4[Android_5.1_Nexus 6_chrome_42]" classname="se.redmind.rmtest.selenium.example.RandomClass5(20150415-080512)" time="0.43552768"/>
<testcase name="random4[Android_5.1_Nexus 6_explorer_10]" classname="se.redmind.rmtest.selenium.example.RandomClass5(20150415-080512)" time="1.1485353"/>
<testcase name="random4[Android_5.1_Nexus 6_opera_15]" classname="se.redmind.rmtest.selenium.example.RandomClass5(20150415-080512)" time="0.7277113"/>
<testcase name="random4[Android_2.3_VeiVei_firefox_31]" classname="se.redmind.rmtest.selenium.example.RandomClass5(20150415-080512)" time="0.175408"/>
<testcase name="random4[Android_2.3_VeiVei_chrome_42]" classname="se.redmind.rmtest.selenium.example.RandomClass5(20150415-080512)" time="1.2118756"/>
<testcase name="random4[Android_2.3_VeiVei_explorer_10]" classname="se.redmind.rmtest.selenium.example.RandomClass5(20150415-080512)" time="1.5189515"/>
<testcase name="random4[Android_2.3_VeiVei_opera_15]" classname="se.redmind.rmtest.selenium.example.RandomClass5(20150415-080512)" time="0.2959156">
	<failure type="java.lang.AssertionError:">java.lang.AssertionError: null
		at org.junit.Assert.fail(Assert.java:86)
		at org.junit.Assert.assertTrue(Assert.java:41)
		at org.junit.Assert.assertTrue(Assert.java:52)
		at se.redmind.rmtest.selenium.example.CreateRandomRes3.random14(CreateRandomRes3.java:128)
	</failure>
</testcase>
<testcase name="random4[Android_4.4.4_Sony Experia Z3_firefox_31]" classname="se.redmind.rmtest.selenium.example.RandomClass5(20150415-080512)" time="0.26497436">
	<failure type="java.lang.AssertionError:">java.lang.AssertionError: null
		at org.junit.Assert.fail(Assert.java:86)
		at org.junit.Assert.assertTrue(Assert.java:41)
		at org.junit.Assert.assertTrue(Assert.java:52)
		at se.redmind.rmtest.selenium.example.CreateRandomRes3.random14(CreateRandomRes3.java:128)
	</failure>
</testcase>
<testcase name="random4[Android_4.4.4_Sony Experia Z3_chrome_42]" classname="se.redmind.rmtest.selenium.example.RandomClass5(20150415-080512)" time="1.7251863"/>
<testcase name="random4[Android_4.4.4_Sony Experia Z3_explorer_10]" classname="se.redmind.rmtest.selenium.example.RandomClass5(20150415-080512)" time="1.3487644"/>
<testcase name="random4[Android_4.4.4_Sony Experia Z3_opera_15]" classname="se.redmind.rmtest.selenium.example.RandomClass5(20150415-080512)" time="0.6640972"/>
<testcase name="random4[IOS_8.2_iPhone 6_firefox_31]" classname="se.redmind.rmtest.selenium.example.RandomClass5(20150415-080512)" time="1.2680908"/>
<testcase name="random4[IOS_8.2_iPhone 6_chrome_42]" classname="se.redmind.rmtest.selenium.example.RandomClass5(20150415-080512)" time="1.1775033"/>
<testcase name="random4[IOS_8.2_iPhone 6_explorer_10]" classname="se.redmind.rmtest.selenium.example.RandomClass5(20150415-080512)" time="1.2670633"/>
<testcase name="random4[IOS_8.2_iPhone 6_opera_15]" classname="se.redmind.rmtest.selenium.example.RandomClass5(20150415-080512)" time="1.0786597"/>
<testcase name="random4[IOS_4_iPhone 3Gs_firefox_31]" classname="se.redmind.rmtest.selenium.example.RandomClass5(20150415-080512)" time="1.3675205"/>
<testcase name="random4[IOS_4_iPhone 3Gs_chrome_42]" classname="se.redmind.rmtest.selenium.example.RandomClass5(20150415-080512)" time="1.4808948"/>
<testcase name="random4[IOS_4_iPhone 3Gs_explorer_10]" classname="se.redmind.rmtest.selenium.example.RandomClass5(20150415-080512)" time="0.7381151"/>
<testcase name="random4[IOS_4_iPhone 3Gs_opera_15]" classname="se.redmind.rmtest.selenium.example.RandomClass5(20150415-080512)" time="1.6715338"/>
<testcase name="random4[OSX_10.9.5_UNKNOWN_firefox_31]" classname="se.redmind.rmtest.selenium.example.RandomClass5(20150415-080512)" time="1.1743897"/>
<testcase name="random4[OSX_10.9.5_UNKNOWN_chrome_42]" classname="se.redmind.rmtest.selenium.example.RandomClass5(20150415-080512)" time="1.9644156"/>
<testcase name="random4[OSX_10.9.5_UNKNOWN_explorer_10]" classname="se.redmind.rmtest.selenium.example.RandomClass5(20150415-080512)" time="1.0941658">
	<failure type="java.lang.AssertionError:">java.lang.AssertionError: null
		at org.junit.Assert.fail(Assert.java:86)
		at org.junit.Assert.assertTrue(Assert.java:41)
		at org.junit.Assert.assertTrue(Assert.java:52)
		at se.redmind.rmtest.selenium.example.CreateRandomRes3.random14(CreateRandomRes3.java:128)
	</failure>
</testcase>
<testcase name="random4[OSX_10.9.5_UNKNOWN_opera_15]" classname="se.redmind.rmtest.selenium.example.RandomClass5(20150415-080512)" time="0.11063361"/>
<testcase name="random4[Windows_8.1_UNKNOWN_firefox_31]" classname="se.redmind.rmtest.selenium.example.RandomClass5(20150415-080512)" time="1.7955977"/>
<testcase name="random4[Windows_8.1_UNKNOWN_chrome_42]" classname="se.redmind.rmtest.selenium.example.RandomClass5(20150415-080512)" time="0.5796883">
	<failure type="java.lang.AssertionError:">java.lang.AssertionError: null
		at org.junit.Assert.fail(Assert.java:86)
		at org.junit.Assert.assertTrue(Assert.java:41)
		at org.junit.Assert.assertTrue(Assert.java:52)
		at se.redmind.rmtest.selenium.example.CreateRandomRes3.random14(CreateRandomRes3.java:128)
	</failure>
</testcase>
<testcase name="random4[Windows_8.1_UNKNOWN_explorer_10]" classname="se.redmind.rmtest.selenium.example.RandomClass5(20150415-080512)" time="0.40082693"/>
<testcase name="random4[Windows_8.1_UNKNOWN_opera_15]" classname="se.redmind.rmtest.selenium.example.RandomClass5(20150415-080512)" time="0.18189967">
	<error type="java.lang.AssertionError:">java.lang.AssertionError: null
		at org.junit.Assert.fail(Assert.java:86)
		at org.junit.Assert.assertTrue(Assert.java:41)
		at org.junit.Assert.assertTrue(Assert.java:52)
		at se.redmind.rmtest.selenium.example.CreateRandomRes3.random14(CreateRandomRes3.java:128)
	</error>
</testcase>
<testcase name="random4[Windows_10_UNKNOWN_firefox_31]" classname="se.redmind.rmtest.selenium.example.RandomClass5(20150415-080512)" time="0.09179747"/>
<testcase name="random4[Windows_10_UNKNOWN_chrome_42]" classname="se.redmind.rmtest.selenium.example.RandomClass5(20150415-080512)" time="0.75082874"/>
<testcase name="random4[Windows_10_UNKNOWN_explorer_10]" classname="se.redmind.rmtest.selenium.example.RandomClass5(20150415-080512)" time="0.9577106"/>
<testcase name="random4[Windows_10_UNKNOWN_opera_15]" classname="se.redmind.rmtest.selenium.example.RandomClass5(20150415-080512)" time="0.40252542"/>
<testcase name="random4[Ubuntu_14.04_UNKNOWN_firefox_31]" classname="se.redmind.rmtest.selenium.example.RandomClass5(20150415-080512)" time="0.5636749"/>
<testcase name="random4[Ubuntu_14.04_UNKNOWN_chrome_42]" classname="se.redmind.rmtest.selenium.example.RandomClass5(20150415-080512)" time="0.65724385"/>
<testcase name="random4[Ubuntu_14.04_UNKNOWN_explorer_10]" classname="se.redmind.rmtest.selenium.example.RandomClass5(20150415-080512)" time="1.5378219"/>
<testcase name="random4[Ubuntu_14.04_UNKNOWN_opera_15]" classname="se.redmind.rmtest.selenium.example.RandomClass5(20150415-080512)" time="1.5475045">
	<failure type="java.lang.AssertionError:">java.lang.AssertionError: null
		at org.junit.Assert.fail(Assert.java:86)
		at org.junit.Assert.assertTrue(Assert.java:41)
		at org.junit.Assert.assertTrue(Assert.java:52)
		at se.redmind.rmtest.selenium.example.CreateRandomRes3.random14(CreateRandomRes3.java:128)
	</failure>
</testcase>
<testcase name="random1[Android_4.4.4_HTC ONE_firefox_31]" classname="se.redmind.rmtest.selenium.example.RandomClass6(20150415-080512)" time="0.042195797"/>
<testcase name="random1[Android_4.4.4_HTC ONE_chrome_42]" classname="se.redmind.rmtest.selenium.example.RandomClass6(20150415-080512)" time="1.493435"/>
<testcase name="random1[Android_4.4.4_HTC ONE_explorer_10]" classname="se.redmind.rmtest.selenium.example.RandomClass6(20150415-080512)" time="0.90420043"/>
<testcase name="random1[Android_4.4.4_HTC ONE_opera_15]" classname="se.redmind.rmtest.selenium.example.RandomClass6(20150415-080512)" time="1.4029624"/>
<testcase name="random1[Android_5.1_Nexus 6_firefox_31]" classname="se.redmind.rmtest.selenium.example.RandomClass6(20150415-080512)" time="1.1864008"/>
<testcase name="random1[Android_5.1_Nexus 6_chrome_42]" classname="se.redmind.rmtest.selenium.example.RandomClass6(20150415-080512)" time="0.26020265"/>
<testcase name="random1[Android_5.1_Nexus 6_explorer_10]" classname="se.redmind.rmtest.selenium.example.RandomClass6(20150415-080512)" time="0.7363757"/>
<testcase name="random1[Android_5.1_Nexus 6_opera_15]" classname="se.redmind.rmtest.selenium.example.RandomClass6(20150415-080512)" time="1.1726419">
	<failure type="java.lang.AssertionError:">java.lang.AssertionError: null
		at org.junit.Assert.fail(Assert.java:86)
		at org.junit.Assert.assertTrue(Assert.java:41)
		at org.junit.Assert.assertTrue(Assert.java:52)
		at se.redmind.rmtest.selenium.example.CreateRandomRes3.random14(CreateRandomRes3.java:128)
	</failure>
</testcase>
<testcase name="random1[Android_2.3_VeiVei_firefox_31]" classname="se.redmind.rmtest.selenium.example.RandomClass6(20150415-080512)" time="1.9685751"/>
<testcase name="random1[Android_2.3_VeiVei_chrome_42]" classname="se.redmind.rmtest.selenium.example.RandomClass6(20150415-080512)" time="1.9824606">
	<failure type="java.lang.AssertionError:">java.lang.AssertionError: null
		at org.junit.Assert.fail(Assert.java:86)
		at org.junit.Assert.assertTrue(Assert.java:41)
		at org.junit.Assert.assertTrue(Assert.java:52)
		at se.redmind.rmtest.selenium.example.CreateRandomRes3.random14(CreateRandomRes3.java:128)
	</failure>
</testcase>
<testcase name="random1[Android_2.3_VeiVei_explorer_10]" classname="se.redmind.rmtest.selenium.example.RandomClass6(20150415-080512)" time="0.41446424">
	<failure type="java.lang.AssertionError:">java.lang.AssertionError: null
		at org.junit.Assert.fail(Assert.java:86)
		at org.junit.Assert.assertTrue(Assert.java:41)
		at org.junit.Assert.assertTrue(Assert.java:52)
		at se.redmind.rmtest.selenium.example.CreateRandomRes3.random14(CreateRandomRes3.java:128)
	</failure>
</testcase>
<testcase name="random1[Android_2.3_VeiVei_opera_15]" classname="se.redmind.rmtest.selenium.example.RandomClass6(20150415-080512)" time="0.24771082"/>
<testcase name="random1[Android_4.4.4_Sony Experia Z3_firefox_31]" classname="se.redmind.rmtest.selenium.example.RandomClass6(20150415-080512)" time="1.585665"/>
<testcase name="random1[Android_4.4.4_Sony Experia Z3_chrome_42]" classname="se.redmind.rmtest.selenium.example.RandomClass6(20150415-080512)" time="0.7777456"/>
<testcase name="random1[Android_4.4.4_Sony Experia Z3_explorer_10]" classname="se.redmind.rmtest.selenium.example.RandomClass6(20150415-080512)" time="0.90178883"/>
<testcase name="random1[Android_4.4.4_Sony Experia Z3_opera_15]" classname="se.redmind.rmtest.selenium.example.RandomClass6(20150415-080512)" time="1.7136348"/>
<testcase name="random1[IOS_8.2_iPhone 6_firefox_31]" classname="se.redmind.rmtest.selenium.example.RandomClass6(20150415-080512)" time="1.5198107"/>
<testcase name="random1[IOS_8.2_iPhone 6_chrome_42]" classname="se.redmind.rmtest.selenium.example.RandomClass6(20150415-080512)" time="0.22949052"/>
<testcase name="random1[IOS_8.2_iPhone 6_explorer_10]" classname="se.redmind.rmtest.selenium.example.RandomClass6(20150415-080512)" time="0.029146314">
	<error type="java.lang.AssertionError:">java.lang.AssertionError: null
		at org.junit.Assert.fail(Assert.java:86)
		at org.junit.Assert.assertTrue(Assert.java:41)
		at org.junit.Assert.assertTrue(Assert.java:52)
		at se.redmind.rmtest.selenium.example.CreateRandomRes3.random14(CreateRandomRes3.java:128)
	</error>
</testcase>
<testcase name="random1[IOS_8.2_iPhone 6_opera_15]" classname="se.redmind.rmtest.selenium.example.RandomClass6(20150415-080512)" time="0.8287989"/>
<testcase name="random1[IOS_4_iPhone 3Gs_firefox_31]" classname="se.redmind.rmtest.selenium.example.RandomClass6(20150415-080512)" time="0.091400385"/>
<testcase name="random1[IOS_4_iPhone 3Gs_chrome_42]" classname="se.redmind.rmtest.selenium.example.RandomClass6(20150415-080512)" time="1.9483441"/>
<testcase name="random1[IOS_4_iPhone 3Gs_explorer_10]" classname="se.redmind.rmtest.selenium.example.RandomClass6(20150415-080512)" time="1.7301884"/>
<testcase name="random1[IOS_4_iPhone 3Gs_opera_15]" classname="se.redmind.rmtest.selenium.example.RandomClass6(20150415-080512)" time="0.41339803"/>
<testcase name="random1[OSX_10.9.5_UNKNOWN_firefox_31]" classname="se.redmind.rmtest.selenium.example.RandomClass6(20150415-080512)" time="1.2996092"/>
<testcase name="random1[OSX_10.9.5_UNKNOWN_chrome_42]" classname="se.redmind.rmtest.selenium.example.RandomClass6(20150415-080512)" time="1.5891787">
	<failure type="java.lang.AssertionError:">java.lang.AssertionError: null
		at org.junit.Assert.fail(Assert.java:86)
		at org.junit.Assert.assertTrue(Assert.java:41)
		at org.junit.Assert.assertTrue(Assert.java:52)
		at se.redmind.rmtest.selenium.example.CreateRandomRes3.random14(CreateRandomRes3.java:128)
	</failure>
</testcase>
<testcase name="random1[OSX_10.9.5_UNKNOWN_explorer_10]" classname="se.redmind.rmtest.selenium.example.RandomClass6(20150415-080512)" time="0.9967228"/>
<testcase name="random1[OSX_10.9.5_UNKNOWN_opera_15]" classname="se.redmind.rmtest.selenium.example.RandomClass6(20150415-080512)" time="0.6956899"/>
<testcase name="random1[Windows_10_UNKNOWN_firefox_31]" classname="se.redmind.rmtest.selenium.example.RandomClass6(20150415-080512)" time="0.49413967">
	<failure type="java.lang.AssertionError:">java.lang.AssertionError: null
		at org.junit.Assert.fail(Assert.java:86)
		at org.junit.Assert.assertTrue(Assert.java:41)
		at org.junit.Assert.assertTrue(Assert.java:52)
		at se.redmind.rmtest.selenium.example.CreateRandomRes3.random14(CreateRandomRes3.java:128)
	</failure>
</testcase>
<testcase name="random1[Windows_10_UNKNOWN_chrome_42]" classname="se.redmind.rmtest.selenium.example.RandomClass6(20150415-080512)" time="0.51852345">
	<failure type="java.lang.AssertionError:">java.lang.AssertionError: null
		at org.junit.Assert.fail(Assert.java:86)
		at org.junit.Assert.assertTrue(Assert.java:41)
		at org.junit.Assert.assertTrue(Assert.java:52)
		at se.redmind.rmtest.selenium.example.CreateRandomRes3.random14(CreateRandomRes3.java:128)
	</failure>
</testcase>
<testcase name="random1[Windows_10_UNKNOWN_explorer_10]" classname="se.redmind.rmtest.selenium.example.RandomClass6(20150415-080512)" time="1.1402526"/>
<testcase name="random1[Windows_10_UNKNOWN_opera_15]" classname="se.redmind.rmtest.selenium.example.RandomClass6(20150415-080512)" time="0.41022325"/>
<testcase name="random1[Ubuntu_12.10_UNKNOWN_firefox_31]" classname="se.redmind.rmtest.selenium.example.RandomClass6(20150415-080512)" time="1.653771"/>
<testcase name="random1[Ubuntu_12.10_UNKNOWN_chrome_42]" classname="se.redmind.rmtest.selenium.example.RandomClass6(20150415-080512)" time="0.95849395"/>
<testcase name="random1[Ubuntu_12.10_UNKNOWN_explorer_10]" classname="se.redmind.rmtest.selenium.example.RandomClass6(20150415-080512)" time="1.6404276"/>
<testcase name="random1[Ubuntu_12.10_UNKNOWN_opera_15]" classname="se.redmind.rmtest.selenium.example.RandomClass6(20150415-080512)" time="0.2651775"/>
<testcase name="random2[Android_4.4.4_HTC ONE_firefox_31]" classname="se.redmind.rmtest.selenium.example.RandomClass6(20150415-080512)" time="0.064860344"/>
<testcase name="random2[Android_4.4.4_HTC ONE_chrome_42]" classname="se.redmind.rmtest.selenium.example.RandomClass6(20150415-080512)" time="0.5216886"/>
<testcase name="random2[Android_4.4.4_HTC ONE_explorer_10]" classname="se.redmind.rmtest.selenium.example.RandomClass6(20150415-080512)" time="0.54666364">
	<failure type="java.lang.AssertionError:">java.lang.AssertionError: null
		at org.junit.Assert.fail(Assert.java:86)
		at org.junit.Assert.assertTrue(Assert.java:41)
		at org.junit.Assert.assertTrue(Assert.java:52)
		at se.redmind.rmtest.selenium.example.CreateRandomRes3.random14(CreateRandomRes3.java:128)
	</failure>
</testcase>
<testcase name="random2[Android_4.4.4_HTC ONE_opera_15]" classname="se.redmind.rmtest.selenium.example.RandomClass6(20150415-080512)" time="1.3548837"/>
<testcase name="random2[Android_5.1_Nexus 6_firefox_31]" classname="se.redmind.rmtest.selenium.example.RandomClass6(20150415-080512)" time="0.48821843"/>
<testcase name="random2[Android_5.1_Nexus 6_chrome_42]" classname="se.redmind.rmtest.selenium.example.RandomClass6(20150415-080512)" time="0.035836697"/>
<testcase name="random2[Android_5.1_Nexus 6_explorer_10]" classname="se.redmind.rmtest.selenium.example.RandomClass6(20150415-080512)" time="1.5616913">
	<failure type="java.lang.AssertionError:">java.lang.AssertionError: null
		at org.junit.Assert.fail(Assert.java:86)
		at org.junit.Assert.assertTrue(Assert.java:41)
		at org.junit.Assert.assertTrue(Assert.java:52)
		at se.redmind.rmtest.selenium.example.CreateRandomRes3.random14(CreateRandomRes3.java:128)
	</failure>
</testcase>
<testcase name="random2[Android_5.1_Nexus 6_opera_15]" classname="se.redmind.rmtest.selenium.example.RandomClass6(20150415-080512)" time="0.9616647"/>
<testcase name="random2[Android_2.3_VeiVei_firefox_31]" classname="se.redmind.rmtest.selenium.example.RandomClass6(20150415-080512)" time="0.2326535"/>
<testcase name="random2[Android_2.3_VeiVei_chrome_42]" classname="se.redmind.rmtest.selenium.example.RandomClass6(20150415-080512)" time="1.8134748"/>
<testcase name="random2[Android_2.3_VeiVei_explorer_10]" classname="se.redmind.rmtest.selenium.example.RandomClass6(20150415-080512)" time="0.92264163">
	<failure type="java.lang.AssertionError:">java.lang.AssertionError: null
		at org.junit.Assert.fail(Assert.java:86)
		at org.junit.Assert.assertTrue(Assert.java:41)
		at org.junit.Assert.assertTrue(Assert.java:52)
		at se.redmind.rmtest.selenium.example.CreateRandomRes3.random14(CreateRandomRes3.java:128)
	</failure>
</testcase>
<testcase name="random2[Android_2.3_VeiVei_opera_15]" classname="se.redmind.rmtest.selenium.example.RandomClass6(20150415-080512)" time="1.2720265"/>
<testcase name="random2[Android_4.4.4_Sony Experia Z3_firefox_31]" classname="se.redmind.rmtest.selenium.example.RandomClass6(20150415-080512)" time="0.2095815"/>
<testcase name="random2[Android_4.4.4_Sony Experia Z3_chrome_42]" classname="se.redmind.rmtest.selenium.example.RandomClass6(20150415-080512)" time="0.51551366"/>
<testcase name="random2[Android_4.4.4_Sony Experia Z3_explorer_10]" classname="se.redmind.rmtest.selenium.example.RandomClass6(20150415-080512)" time="1.1396935"/>
<testcase name="random2[Android_4.4.4_Sony Experia Z3_opera_15]" classname="se.redmind.rmtest.selenium.example.RandomClass6(20150415-080512)" time="1.9552901"/>
<testcase name="random2[IOS_8.2_iPhone 6_firefox_31]" classname="se.redmind.rmtest.selenium.example.RandomClass6(20150415-080512)" time="1.2773299"/>
<testcase name="random2[IOS_8.2_iPhone 6_chrome_42]" classname="se.redmind.rmtest.selenium.example.RandomClass6(20150415-080512)" time="0.90364015"/>
<testcase name="random2[IOS_8.2_iPhone 6_explorer_10]" classname="se.redmind.rmtest.selenium.example.RandomClass6(20150415-080512)" time="1.1202432"/>
<testcase name="random2[IOS_8.2_iPhone 6_opera_15]" classname="se.redmind.rmtest.selenium.example.RandomClass6(20150415-080512)" time="1.2677773"/>
<testcase name="random2[IOS_4_iPhone 3Gs_firefox_31]" classname="se.redmind.rmtest.selenium.example.RandomClass6(20150415-080512)" time="0.28683794">
	<failure type="java.lang.AssertionError:">java.lang.AssertionError: null
		at org.junit.Assert.fail(Assert.java:86)
		at org.junit.Assert.assertTrue(Assert.java:41)
		at org.junit.Assert.assertTrue(Assert.java:52)
		at se.redmind.rmtest.selenium.example.CreateRandomRes3.random14(CreateRandomRes3.java:128)
	</failure>
</testcase>
<testcase name="random2[IOS_4_iPhone 3Gs_chrome_42]" classname="se.redmind.rmtest.selenium.example.RandomClass6(20150415-080512)" time="1.8564597"/>
<testcase name="random2[IOS_4_iPhone 3Gs_explorer_10]" classname="se.redmind.rmtest.selenium.example.RandomClass6(20150415-080512)" time="1.4664832"/>
<testcase name="random2[IOS_4_iPhone 3Gs_opera_15]" classname="se.redmind.rmtest.selenium.example.RandomClass6(20150415-080512)" time="0.019219398"/>
<testcase name="random2[OSX_10.9.5_UNKNOWN_firefox_31]" classname="se.redmind.rmtest.selenium.example.RandomClass6(20150415-080512)" time="1.9446793"/>
<testcase name="random2[OSX_10.9.5_UNKNOWN_chrome_42]" classname="se.redmind.rmtest.selenium.example.RandomClass6(20150415-080512)" time="1.7148508"/>
<testcase name="random2[OSX_10.9.5_UNKNOWN_explorer_10]" classname="se.redmind.rmtest.selenium.example.RandomClass6(20150415-080512)" time="0.17134356">
	<error type="java.lang.AssertionError:">java.lang.AssertionError: null
		at org.junit.Assert.fail(Assert.java:86)
		at org.junit.Assert.assertTrue(Assert.java:41)
		at org.junit.Assert.assertTrue(Assert.java:52)
		at se.redmind.rmtest.selenium.example.CreateRandomRes3.random14(CreateRandomRes3.java:128)
	</error>
</testcase>
<testcase name="random2[OSX_10.9.5_UNKNOWN_opera_15]" classname="se.redmind.rmtest.selenium.example.RandomClass6(20150415-080512)" time="1.2644495"/>
<testcase name="random2[Windows_10_UNKNOWN_firefox_31]" classname="se.redmind.rmtest.selenium.example.RandomClass6(20150415-080512)" time="1.096914">
	<failure type="java.lang.AssertionError:">java.lang.AssertionError: null
		at org.junit.Assert.fail(Assert.java:86)
		at org.junit.Assert.assertTrue(Assert.java:41)
		at org.junit.Assert.assertTrue(Assert.java:52)
		at se.redmind.rmtest.selenium.example.CreateRandomRes3.random14(CreateRandomRes3.java:128)
	</failure>
</testcase>
<testcase name="random2[Windows_10_UNKNOWN_chrome_42]" classname="se.redmind.rmtest.selenium.example.RandomClass6(20150415-080512)" time="0.9408196"/>
<testcase name="random2[Windows_10_UNKNOWN_explorer_10]" classname="se.redmind.rmtest.selenium.example.RandomClass6(20150415-080512)" time="0.28292704">
	<failure type="java.lang.AssertionError:">java.lang.AssertionError: null
		at org.junit.Assert.fail(Assert.java:86)
		at org.junit.Assert.assertTrue(Assert.java:41)
		at org.junit.Assert.assertTrue(Assert.java:52)
		at se.redmind.rmtest.selenium.example.CreateRandomRes3.random14(CreateRandomRes3.java:128)
	</failure>
</testcase>
<testcase name="random2[Windows_10_UNKNOWN_opera_15]" classname="se.redmind.rmtest.selenium.example.RandomClass6(20150415-080512)" time="0.10519719"/>
<testcase name="random2[Ubuntu_12.10_UNKNOWN_firefox_31]" classname="se.redmind.rmtest.selenium.example.RandomClass6(20150415-080512)" time="1.1744472"/>
<testcase name="random2[Ubuntu_12.10_UNKNOWN_chrome_42]" classname="se.redmind.rmtest.selenium.example.RandomClass6(20150415-080512)" time="0.35753214"/>
<testcase name="random2[Ubuntu_12.10_UNKNOWN_explorer_10]" classname="se.redmind.rmtest.selenium.example.RandomClass6(20150415-080512)" time="1.870332">
	<failure type="java.lang.AssertionError:">java.lang.AssertionError: null
		at org.junit.Assert.fail(Assert.java:86)
		at org.junit.Assert.assertTrue(Assert.java:41)
		at org.junit.Assert.assertTrue(Assert.java:52)
		at se.redmind.rmtest.selenium.example.CreateRandomRes3.random14(CreateRandomRes3.java:128)
	</failure>
</testcase>
<testcase name="random2[Ubuntu_12.10_UNKNOWN_opera_15]" classname="se.redmind.rmtest.selenium.example.RandomClass6(20150415-080512)" time="0.06938088">
	<failure type="java.lang.AssertionError:">java.lang.AssertionError: null
		at org.junit.Assert.fail(Assert.java:86)
		at org.junit.Assert.assertTrue(Assert.java:41)
		at org.junit.Assert.assertTrue(Assert.java:52)
		at se.redmind.rmtest.selenium.example.CreateRandomRes3.random14(CreateRandomRes3.java:128)
	</failure>
</testcase>
<testcase name="random3[Android_4.4.4_HTC ONE_firefox_31]" classname="se.redmind.rmtest.selenium.example.RandomClass6(20150415-080512)" time="1.4734732"/>
<testcase name="random3[Android_4.4.4_HTC ONE_chrome_42]" classname="se.redmind.rmtest.selenium.example.RandomClass6(20150415-080512)" time="1.7525287"/>
<testcase name="random3[Android_4.4.4_HTC ONE_explorer_10]" classname="se.redmind.rmtest.selenium.example.RandomClass6(20150415-080512)" time="0.9146056"/>
<testcase name="random3[Android_4.4.4_HTC ONE_opera_15]" classname="se.redmind.rmtest.selenium.example.RandomClass6(20150415-080512)" time="0.009085298"/>
<testcase name="random3[Android_5.1_Nexus 6_firefox_31]" classname="se.redmind.rmtest.selenium.example.RandomClass6(20150415-080512)" time="1.0474284"/>
<testcase name="random3[Android_5.1_Nexus 6_chrome_42]" classname="se.redmind.rmtest.selenium.example.RandomClass6(20150415-080512)" time="1.9017112"/>
<testcase name="random3[Android_5.1_Nexus 6_explorer_10]" classname="se.redmind.rmtest.selenium.example.RandomClass6(20150415-080512)" time="0.39695454"/>
<testcase name="random3[Android_5.1_Nexus 6_opera_15]" classname="se.redmind.rmtest.selenium.example.RandomClass6(20150415-080512)" time="1.4108206">
	<failure type="java.lang.AssertionError:">java.lang.AssertionError: null
		at org.junit.Assert.fail(Assert.java:86)
		at org.junit.Assert.assertTrue(Assert.java:41)
		at org.junit.Assert.assertTrue(Assert.java:52)
		at se.redmind.rmtest.selenium.example.CreateRandomRes3.random14(CreateRandomRes3.java:128)
	</failure>
</testcase>
<testcase name="random3[Android_2.3_VeiVei_firefox_31]" classname="se.redmind.rmtest.selenium.example.RandomClass6(20150415-080512)" time="1.2354933"/>
<testcase name="random3[Android_2.3_VeiVei_chrome_42]" classname="se.redmind.rmtest.selenium.example.RandomClass6(20150415-080512)" time="1.2983862"/>
<testcase name="random3[Android_2.3_VeiVei_explorer_10]" classname="se.redmind.rmtest.selenium.example.RandomClass6(20150415-080512)" time="1.3407793"/>
<testcase name="random3[Android_2.3_VeiVei_opera_15]" classname="se.redmind.rmtest.selenium.example.RandomClass6(20150415-080512)" time="0.36883843"/>
<testcase name="random3[Android_4.4.4_Sony Experia Z3_firefox_31]" classname="se.redmind.rmtest.selenium.example.RandomClass6(20150415-080512)" time="0.34524667">
	<failure type="java.lang.AssertionError:">java.lang.AssertionError: null
		at org.junit.Assert.fail(Assert.java:86)
		at org.junit.Assert.assertTrue(Assert.java:41)
		at org.junit.Assert.assertTrue(Assert.java:52)
		at se.redmind.rmtest.selenium.example.CreateRandomRes3.random14(CreateRandomRes3.java:128)
	</failure>
</testcase>
<testcase name="random3[Android_4.4.4_Sony Experia Z3_chrome_42]" classname="se.redmind.rmtest.selenium.example.RandomClass6(20150415-080512)" time="0.9386238"/>
<testcase name="random3[Android_4.4.4_Sony Experia Z3_explorer_10]" classname="se.redmind.rmtest.selenium.example.RandomClass6(20150415-080512)" time="0.65222836">
	<failure type="java.lang.AssertionError:">java.lang.AssertionError: null
		at org.junit.Assert.fail(Assert.java:86)
		at org.junit.Assert.assertTrue(Assert.java:41)
		at org.junit.Assert.assertTrue(Assert.java:52)
		at se.redmind.rmtest.selenium.example.CreateRandomRes3.random14(CreateRandomRes3.java:128)
	</failure>
</testcase>
<testcase name="random3[Android_4.4.4_Sony Experia Z3_opera_15]" classname="se.redmind.rmtest.selenium.example.RandomClass6(20150415-080512)" time="1.8836328"/>
<testcase name="random3[IOS_8.2_iPhone 6_firefox_31]" classname="se.redmind.rmtest.selenium.example.RandomClass6(20150415-080512)" time="1.7278353">
	<failure type="java.lang.AssertionError:">java.lang.AssertionError: null
		at org.junit.Assert.fail(Assert.java:86)
		at org.junit.Assert.assertTrue(Assert.java:41)
		at org.junit.Assert.assertTrue(Assert.java:52)
		at se.redmind.rmtest.selenium.example.CreateRandomRes3.random14(CreateRandomRes3.java:128)
	</failure>
</testcase>
<testcase name="random3[IOS_8.2_iPhone 6_chrome_42]" classname="se.redmind.rmtest.selenium.example.RandomClass6(20150415-080512)" time="0.05447042"/>
<testcase name="random3[IOS_8.2_iPhone 6_explorer_10]" classname="se.redmind.rmtest.selenium.example.RandomClass6(20150415-080512)" time="1.3636909"/>
<testcase name="random3[IOS_8.2_iPhone 6_opera_15]" classname="se.redmind.rmtest.selenium.example.RandomClass6(20150415-080512)" time="0.56977916"/>
<testcase name="random3[IOS_4_iPhone 3Gs_firefox_31]" classname="se.redmind.rmtest.selenium.example.RandomClass6(20150415-080512)" time="1.0347972">
<skipped/>
</testcase>
<testcase name="random3[IOS_4_iPhone 3Gs_firefox_31]" classname="se.redmind.rmtest.selenium.example.RandomClass6(20150415-080512)" time="0.45335102"/>
<testcase name="random3[IOS_4_iPhone 3Gs_chrome_42]" classname="se.redmind.rmtest.selenium.example.RandomClass6(20150415-080512)" time="1.3649136">
<skipped/>
</testcase>
<testcase name="random3[IOS_4_iPhone 3Gs_chrome_42]" classname="se.redmind.rmtest.selenium.example.RandomClass6(20150415-080512)" time="0.811268">
	<failure type="java.lang.AssertionError:">java.lang.AssertionError: null
		at org.junit.Assert.fail(Assert.java:86)
		at org.junit.Assert.assertTrue(Assert.java:41)
		at org.junit.Assert.assertTrue(Assert.java:52)
		at se.redmind.rmtest.selenium.example.CreateRandomRes3.random14(CreateRandomRes3.java:128)
	</failure>
</testcase>
<testcase name="random3[IOS_4_iPhone 3Gs_explorer_10]" classname="se.redmind.rmtest.selenium.example.RandomClass6(20150415-080512)" time="1.4864488">
<skipped/>
</testcase>
<testcase name="random3[IOS_4_iPhone 3Gs_explorer_10]" classname="se.redmind.rmtest.selenium.example.RandomClass6(20150415-080512)" time="0.1478188"/>
<testcase name="random3[IOS_4_iPhone 3Gs_opera_15]" classname="se.redmind.rmtest.selenium.example.RandomClass6(20150415-080512)" time="1.4810106">
<skipped/>
</testcase>
<testcase name="random3[IOS_4_iPhone 3Gs_opera_15]" classname="se.redmind.rmtest.selenium.example.RandomClass6(20150415-080512)" time="0.09874809"/>
<testcase name="random3[OSX_10.9.5_UNKNOWN_firefox_31]" classname="se.redmind.rmtest.selenium.example.RandomClass6(20150415-080512)" time="0.56148005"/>
<testcase name="random3[OSX_10.9.5_UNKNOWN_chrome_42]" classname="se.redmind.rmtest.selenium.example.RandomClass6(20150415-080512)" time="0.11534059">
	<failure type="java.lang.AssertionError:">java.lang.AssertionError: null
		at org.junit.Assert.fail(Assert.java:86)
		at org.junit.Assert.assertTrue(Assert.java:41)
		at org.junit.Assert.assertTrue(Assert.java:52)
		at se.redmind.rmtest.selenium.example.CreateRandomRes3.random14(CreateRandomRes3.java:128)
	</failure>
</testcase>
<testcase name="random3[OSX_10.9.5_UNKNOWN_explorer_10]" classname="se.redmind.rmtest.selenium.example.RandomClass6(20150415-080512)" time="0.10474086"/>
<testcase name="random3[OSX_10.9.5_UNKNOWN_opera_15]" classname="se.redmind.rmtest.selenium.example.RandomClass6(20150415-080512)" time="0.19098902"/>
<testcase name="random3[Windows_10_UNKNOWN_firefox_31]" classname="se.redmind.rmtest.selenium.example.RandomClass6(20150415-080512)" time="0.9656676">
	<failure type="java.lang.AssertionError:">java.lang.AssertionError: null
		at org.junit.Assert.fail(Assert.java:86)
		at org.junit.Assert.assertTrue(Assert.java:41)
		at org.junit.Assert.assertTrue(Assert.java:52)
		at se.redmind.rmtest.selenium.example.CreateRandomRes3.random14(CreateRandomRes3.java:128)
	</failure>
</testcase>
<testcase name="random3[Windows_10_UNKNOWN_chrome_42]" classname="se.redmind.rmtest.selenium.example.RandomClass6(20150415-080512)" time="1.7778885">
	<error type="java.lang.AssertionError:">java.lang.AssertionError: null
		at org.junit.Assert.fail(Assert.java:86)
		at org.junit.Assert.assertTrue(Assert.java:41)
		at org.junit.Assert.assertTrue(Assert.java:52)
		at se.redmind.rmtest.selenium.example.CreateRandomRes3.random14(CreateRandomRes3.java:128)
	</error>
</testcase>
<testcase name="random3[Windows_10_UNKNOWN_explorer_10]" classname="se.redmind.rmtest.selenium.example.RandomClass6(20150415-080512)" time="0.11087763"/>
<testcase name="random3[Windows_10_UNKNOWN_opera_15]" classname="se.redmind.rmtest.selenium.example.RandomClass6(20150415-080512)" time="1.0690974"/>
<testcase name="random3[Ubuntu_12.10_UNKNOWN_firefox_31]" classname="se.redmind.rmtest.selenium.example.RandomClass6(20150415-080512)" time="0.7419474"/>
<testcase name="random3[Ubuntu_12.10_UNKNOWN_chrome_42]" classname="se.redmind.rmtest.selenium.example.RandomClass6(20150415-080512)" time="0.064352036">
	<failure type="java.lang.AssertionError:">java.lang.AssertionError: null
		at org.junit.Assert.fail(Assert.java:86)
		at org.junit.Assert.assertTrue(Assert.java:41)
		at org.junit.Assert.assertTrue(Assert.java:52)
		at se.redmind.rmtest.selenium.example.CreateRandomRes3.random14(CreateRandomRes3.java:128)
	</failure>
</testcase>
<testcase name="random3[Ubuntu_12.10_UNKNOWN_explorer_10]" classname="se.redmind.rmtest.selenium.example.RandomClass6(20150415-080512)" time="1.6342738"/>
<testcase name="random3[Ubuntu_12.10_UNKNOWN_opera_15]" classname="se.redmind.rmtest.selenium.example.RandomClass6(20150415-080512)" time="0.94243646"/>
<testcase name="random4[Android_4.4.4_HTC ONE_firefox_31]" classname="se.redmind.rmtest.selenium.example.RandomClass6(20150415-080512)" time="1.5599521"/>
<testcase name="random4[Android_4.4.4_HTC ONE_chrome_42]" classname="se.redmind.rmtest.selenium.example.RandomClass6(20150415-080512)" time="1.8717985"/>
<testcase name="random4[Android_4.4.4_HTC ONE_explorer_10]" classname="se.redmind.rmtest.selenium.example.RandomClass6(20150415-080512)" time="1.2135978"/>
<testcase name="random4[Android_4.4.4_HTC ONE_opera_15]" classname="se.redmind.rmtest.selenium.example.RandomClass6(20150415-080512)" time="1.3566349">
	<failure type="java.lang.AssertionError:">java.lang.AssertionError: null
		at org.junit.Assert.fail(Assert.java:86)
		at org.junit.Assert.assertTrue(Assert.java:41)
		at org.junit.Assert.assertTrue(Assert.java:52)
		at se.redmind.rmtest.selenium.example.CreateRandomRes3.random14(CreateRandomRes3.java:128)
	</failure>
</testcase>
<testcase name="random4[Android_5.1_Nexus 6_firefox_31]" classname="se.redmind.rmtest.selenium.example.RandomClass6(20150415-080512)" time="1.870368">
	<failure type="java.lang.AssertionError:">java.lang.AssertionError: null
		at org.junit.Assert.fail(Assert.java:86)
		at org.junit.Assert.assertTrue(Assert.java:41)
		at org.junit.Assert.assertTrue(Assert.java:52)
		at se.redmind.rmtest.selenium.example.CreateRandomRes3.random14(CreateRandomRes3.java:128)
	</failure>
</testcase>
<testcase name="random4[Android_5.1_Nexus 6_chrome_42]" classname="se.redmind.rmtest.selenium.example.RandomClass6(20150415-080512)" time="0.39543927"/>
<testcase name="random4[Android_5.1_Nexus 6_explorer_10]" classname="se.redmind.rmtest.selenium.example.RandomClass6(20150415-080512)" time="1.3110099"/>
<testcase name="random4[Android_5.1_Nexus 6_opera_15]" classname="se.redmind.rmtest.selenium.example.RandomClass6(20150415-080512)" time="0.43742657"/>
<testcase name="random4[Android_2.3_VeiVei_firefox_31]" classname="se.redmind.rmtest.selenium.example.RandomClass6(20150415-080512)" time="1.490775"/>
<testcase name="random4[Android_2.3_VeiVei_chrome_42]" classname="se.redmind.rmtest.selenium.example.RandomClass6(20150415-080512)" time="1.1732974">
	<failure type="java.lang.AssertionError:">java.lang.AssertionError: null
		at org.junit.Assert.fail(Assert.java:86)
		at org.junit.Assert.assertTrue(Assert.java:41)
		at org.junit.Assert.assertTrue(Assert.java:52)
		at se.redmind.rmtest.selenium.example.CreateRandomRes3.random14(CreateRandomRes3.java:128)
	</failure>
</testcase>
<testcase name="random4[Android_2.3_VeiVei_explorer_10]" classname="se.redmind.rmtest.selenium.example.RandomClass6(20150415-080512)" time="1.525686"/>
<testcase name="random4[Android_2.3_VeiVei_opera_15]" classname="se.redmind.rmtest.selenium.example.RandomClass6(20150415-080512)" time="1.6449052"/>
<testcase name="random4[Android_4.4.4_Sony Experia Z3_firefox_31]" classname="se.redmind.rmtest.selenium.example.RandomClass6(20150415-080512)" time="0.5611843"/>
<testcase name="random4[Android_4.4.4_Sony Experia Z3_chrome_42]" classname="se.redmind.rmtest.selenium.example.RandomClass6(20150415-080512)" time="0.8780494">
	<failure type="java.lang.AssertionError:">java.lang.AssertionError: null
		at org.junit.Assert.fail(Assert.java:86)
		at org.junit.Assert.assertTrue(Assert.java:41)
		at org.junit.Assert.assertTrue(Assert.java:52)
		at se.redmind.rmtest.selenium.example.CreateRandomRes3.random14(CreateRandomRes3.java:128)
	</failure>
</testcase>
<testcase name="random4[Android_4.4.4_Sony Experia Z3_explorer_10]" classname="se.redmind.rmtest.selenium.example.RandomClass6(20150415-080512)" time="0.2971753"/>
<testcase name="random4[Android_4.4.4_Sony Experia Z3_opera_15]" classname="se.redmind.rmtest.selenium.example.RandomClass6(20150415-080512)" time="1.8214167">
	<failure type="java.lang.AssertionError:">java.lang.AssertionError: null
		at org.junit.Assert.fail(Assert.java:86)
		at org.junit.Assert.assertTrue(Assert.java:41)
		at org.junit.Assert.assertTrue(Assert.java:52)
		at se.redmind.rmtest.selenium.example.CreateRandomRes3.random14(CreateRandomRes3.java:128)
	</failure>
</testcase>
<testcase name="random4[IOS_8.2_iPhone 6_firefox_31]" classname="se.redmind.rmtest.selenium.example.RandomClass6(20150415-080512)" time="0.26333892"/>
<testcase name="random4[IOS_8.2_iPhone 6_chrome_42]" classname="se.redmind.rmtest.selenium.example.RandomClass6(20150415-080512)" time="0.20394313"/>
<testcase name="random4[IOS_8.2_iPhone 6_explorer_10]" classname="se.redmind.rmtest.selenium.example.RandomClass6(20150415-080512)" time="1.6509504">
	<failure type="java.lang.AssertionError:">java.lang.AssertionError: null
		at org.junit.Assert.fail(Assert.java:86)
		at org.junit.Assert.assertTrue(Assert.java:41)
		at org.junit.Assert.assertTrue(Assert.java:52)
		at se.redmind.rmtest.selenium.example.CreateRandomRes3.random14(CreateRandomRes3.java:128)
	</failure>
</testcase>
<testcase name="random4[IOS_8.2_iPhone 6_opera_15]" classname="se.redmind.rmtest.selenium.example.RandomClass6(20150415-080512)" time="0.8306147">
	<failure type="java.lang.AssertionError:">java.lang.AssertionError: null
		at org.junit.Assert.fail(Assert.java:86)
		at org.junit.Assert.assertTrue(Assert.java:41)
		at org.junit.Assert.assertTrue(Assert.java:52)
		at se.redmind.rmtest.selenium.example.CreateRandomRes3.random14(CreateRandomRes3.java:128)
	</failure>
</testcase>
<testcase name="random4[IOS_4_iPhone 3Gs_firefox_31]" classname="se.redmind.rmtest.selenium.example.RandomClass6(20150415-080512)" time="1.5608134"/>
<testcase name="random4[IOS_4_iPhone 3Gs_chrome_42]" classname="se.redmind.rmtest.selenium.example.RandomClass6(20150415-080512)" time="1.0782328"/>
<testcase name="random4[IOS_4_iPhone 3Gs_explorer_10]" classname="se.redmind.rmtest.selenium.example.RandomClass6(20150415-080512)" time="1.7177857"/>
<testcase name="random4[IOS_4_iPhone 3Gs_opera_15]" classname="se.redmind.rmtest.selenium.example.RandomClass6(20150415-080512)" time="1.0706645"/>
<testcase name="random4[OSX_10.9.5_UNKNOWN_firefox_31]" classname="se.redmind.rmtest.selenium.example.RandomClass6(20150415-080512)" time="0.27156806"/>
<testcase name="random4[OSX_10.9.5_UNKNOWN_chrome_42]" classname="se.redmind.rmtest.selenium.example.RandomClass6(20150415-080512)" time="1.8568454"/>
<testcase name="random4[OSX_10.9.5_UNKNOWN_explorer_10]" classname="se.redmind.rmtest.selenium.example.RandomClass6(20150415-080512)" time="0.32438743">
	<failure type="java.lang.AssertionError:">java.lang.AssertionError: null
		at org.junit.Assert.fail(Assert.java:86)
		at org.junit.Assert.assertTrue(Assert.java:41)
		at org.junit.Assert.assertTrue(Assert.java:52)
		at se.redmind.rmtest.selenium.example.CreateRandomRes3.random14(CreateRandomRes3.java:128)
	</failure>
</testcase>
<testcase name="random4[OSX_10.9.5_UNKNOWN_opera_15]" classname="se.redmind.rmtest.selenium.example.RandomClass6(20150415-080512)" time="1.0144823"/>
<testcase name="random4[Windows_10_UNKNOWN_firefox_31]" classname="se.redmind.rmtest.selenium.example.RandomClass6(20150415-080512)" time="1.4027362"/>
<testcase name="random4[Windows_10_UNKNOWN_chrome_42]" classname="se.redmind.rmtest.selenium.example.RandomClass6(20150415-080512)" time="0.28864717"/>
<testcase name="random4[Windows_10_UNKNOWN_explorer_10]" classname="se.redmind.rmtest.selenium.example.RandomClass6(20150415-080512)" time="1.8580747"/>
<testcase name="random4[Windows_10_UNKNOWN_opera_15]" classname="se.redmind.rmtest.selenium.example.RandomClass6(20150415-080512)" time="0.7039249"/>
<testcase name="random4[Ubuntu_12.10_UNKNOWN_firefox_31]" classname="se.redmind.rmtest.selenium.example.RandomClass6(20150415-080512)" time="0.15756679">
	<failure type="java.lang.AssertionError:">java.lang.AssertionError: null
		at org.junit.Assert.fail(Assert.java:86)
		at org.junit.Assert.assertTrue(Assert.java:41)
		at org.junit.Assert.assertTrue(Assert.java:52)
		at se.redmind.rmtest.selenium.example.CreateRandomRes3.random14(CreateRandomRes3.java:128)
	</failure>
</testcase>
<testcase name="random4[Ubuntu_12.10_UNKNOWN_chrome_42]" classname="se.redmind.rmtest.selenium.example.RandomClass6(20150415-080512)" time="0.5777626"/>
<testcase name="random4[Ubuntu_12.10_UNKNOWN_explorer_10]" classname="se.redmind.rmtest.selenium.example.RandomClass6(20150415-080512)" time="1.5764964">
	<failure type="java.lang.AssertionError:">java.lang.AssertionError: null
		at org.junit.Assert.fail(Assert.java:86)
		at org.junit.Assert.assertTrue(Assert.java:41)
		at org.junit.Assert.assertTrue(Assert.java:52)
		at se.redmind.rmtest.selenium.example.CreateRandomRes3.random14(CreateRandomRes3.java:128)
	</failure>
</testcase>
<testcase name="random4[Ubuntu_12.10_UNKNOWN_opera_15]" classname="se.redmind.rmtest.selenium.example.RandomClass6(20150415-080512)" time="0.7779634"/>
<testcase name="random1[Android_4.4.4_HTC ONE_firefox_31]" classname="se.redmind.rmtest.selenium.example.RandomClass7(20150415-080512)" time="0.30921507">
	<failure type="java.lang.AssertionError:">java.lang.AssertionError: null
		at org.junit.Assert.fail(Assert.java:86)
		at org.junit.Assert.assertTrue(Assert.java:41)
		at org.junit.Assert.assertTrue(Assert.java:52)
		at se.redmind.rmtest.selenium.example.CreateRandomRes3.random14(CreateRandomRes3.java:128)
	</failure>
</testcase>
<testcase name="random1[Android_4.4.4_HTC ONE_chrome_42]" classname="se.redmind.rmtest.selenium.example.RandomClass7(20150415-080512)" time="0.49856865"/>
<testcase name="random1[Android_4.4.4_HTC ONE_explorer_10]" classname="se.redmind.rmtest.selenium.example.RandomClass7(20150415-080512)" time="1.1308091"/>
<testcase name="random1[Android_4.4.4_HTC ONE_opera_15]" classname="se.redmind.rmtest.selenium.example.RandomClass7(20150415-080512)" time="1.2582612"/>
<testcase name="random1[Android_5.1_Nexus 6_firefox_31]" classname="se.redmind.rmtest.selenium.example.RandomClass7(20150415-080512)" time="1.515006">
	<failure type="java.lang.AssertionError:">java.lang.AssertionError: null
		at org.junit.Assert.fail(Assert.java:86)
		at org.junit.Assert.assertTrue(Assert.java:41)
		at org.junit.Assert.assertTrue(Assert.java:52)
		at se.redmind.rmtest.selenium.example.CreateRandomRes3.random14(CreateRandomRes3.java:128)
	</failure>
</testcase>
<testcase name="random1[Android_5.1_Nexus 6_chrome_42]" classname="se.redmind.rmtest.selenium.example.RandomClass7(20150415-080512)" time="1.1765679"/>
<testcase name="random1[Android_5.1_Nexus 6_explorer_10]" classname="se.redmind.rmtest.selenium.example.RandomClass7(20150415-080512)" time="1.6853548">
	<failure type="java.lang.AssertionError:">java.lang.AssertionError: null
		at org.junit.Assert.fail(Assert.java:86)
		at org.junit.Assert.assertTrue(Assert.java:41)
		at org.junit.Assert.assertTrue(Assert.java:52)
		at se.redmind.rmtest.selenium.example.CreateRandomRes3.random14(CreateRandomRes3.java:128)
	</failure>
</testcase>
<testcase name="random1[Android_5.1_Nexus 6_opera_15]" classname="se.redmind.rmtest.selenium.example.RandomClass7(20150415-080512)" time="1.1452879">
	<failure type="java.lang.AssertionError:">java.lang.AssertionError: null
		at org.junit.Assert.fail(Assert.java:86)
		at org.junit.Assert.assertTrue(Assert.java:41)
		at org.junit.Assert.assertTrue(Assert.java:52)
		at se.redmind.rmtest.selenium.example.CreateRandomRes3.random14(CreateRandomRes3.java:128)
	</failure>
</testcase>
<testcase name="random1[Android_2.3_VeiVei_firefox_31]" classname="se.redmind.rmtest.selenium.example.RandomClass7(20150415-080512)" time="0.70929134"/>
<testcase name="random1[Android_2.3_VeiVei_chrome_42]" classname="se.redmind.rmtest.selenium.example.RandomClass7(20150415-080512)" time="1.702421"/>
<testcase name="random1[Android_2.3_VeiVei_explorer_10]" classname="se.redmind.rmtest.selenium.example.RandomClass7(20150415-080512)" time="1.4510473"/>
<testcase name="random1[Android_2.3_VeiVei_opera_15]" classname="se.redmind.rmtest.selenium.example.RandomClass7(20150415-080512)" time="1.3302219">
	<failure type="java.lang.AssertionError:">java.lang.AssertionError: null
		at org.junit.Assert.fail(Assert.java:86)
		at org.junit.Assert.assertTrue(Assert.java:41)
		at org.junit.Assert.assertTrue(Assert.java:52)
		at se.redmind.rmtest.selenium.example.CreateRandomRes3.random14(CreateRandomRes3.java:128)
	</failure>
</testcase>
<testcase name="random1[Android_4.4.4_Sony Experia Z3_firefox_31]" classname="se.redmind.rmtest.selenium.example.RandomClass7(20150415-080512)" time="1.6101446"/>
<testcase name="random1[Android_4.4.4_Sony Experia Z3_chrome_42]" classname="se.redmind.rmtest.selenium.example.RandomClass7(20150415-080512)" time="1.5001035"/>
<testcase name="random1[Android_4.4.4_Sony Experia Z3_explorer_10]" classname="se.redmind.rmtest.selenium.example.RandomClass7(20150415-080512)" time="0.40169263"/>
<testcase name="random1[Android_4.4.4_Sony Experia Z3_opera_15]" classname="se.redmind.rmtest.selenium.example.RandomClass7(20150415-080512)" time="0.020602345"/>
<testcase name="random1[IOS_8.2_iPhone 6_firefox_31]" classname="se.redmind.rmtest.selenium.example.RandomClass7(20150415-080512)" time="0.34393823">
	<failure type="java.lang.AssertionError:">java.lang.AssertionError: null
		at org.junit.Assert.fail(Assert.java:86)
		at org.junit.Assert.assertTrue(Assert.java:41)
		at org.junit.Assert.assertTrue(Assert.java:52)
		at se.redmind.rmtest.selenium.example.CreateRandomRes3.random14(CreateRandomRes3.java:128)
	</failure>
</testcase>
<testcase name="random1[IOS_8.2_iPhone 6_chrome_42]" classname="se.redmind.rmtest.selenium.example.RandomClass7(20150415-080512)" time="0.4524746"/>
<testcase name="random1[IOS_8.2_iPhone 6_explorer_10]" classname="se.redmind.rmtest.selenium.example.RandomClass7(20150415-080512)" time="1.9397894"/>
<testcase name="random1[IOS_8.2_iPhone 6_opera_15]" classname="se.redmind.rmtest.selenium.example.RandomClass7(20150415-080512)" time="0.22273004">
	<failure type="java.lang.AssertionError:">java.lang.AssertionError: null
		at org.junit.Assert.fail(Assert.java:86)
		at org.junit.Assert.assertTrue(Assert.java:41)
		at org.junit.Assert.assertTrue(Assert.java:52)
		at se.redmind.rmtest.selenium.example.CreateRandomRes3.random14(CreateRandomRes3.java:128)
	</failure>
</testcase>
<testcase name="random1[IOS_4_iPhone 3Gs_firefox_31]" classname="se.redmind.rmtest.selenium.example.RandomClass7(20150415-080512)" time="1.0687332"/>
<testcase name="random1[IOS_4_iPhone 3Gs_chrome_42]" classname="se.redmind.rmtest.selenium.example.RandomClass7(20150415-080512)" time="0.17461908"/>
<testcase name="random1[IOS_4_iPhone 3Gs_explorer_10]" classname="se.redmind.rmtest.selenium.example.RandomClass7(20150415-080512)" time="0.574888"/>
<testcase name="random1[IOS_4_iPhone 3Gs_opera_15]" classname="se.redmind.rmtest.selenium.example.RandomClass7(20150415-080512)" time="0.07224822"/>
<testcase name="random1[OSX_10.9.5_UNKNOWN_firefox_31]" classname="se.redmind.rmtest.selenium.example.RandomClass7(20150415-080512)" time="1.7105917"/>
<testcase name="random1[OSX_10.9.5_UNKNOWN_chrome_42]" classname="se.redmind.rmtest.selenium.example.RandomClass7(20150415-080512)" time="1.7128332"/>
<testcase name="random1[OSX_10.9.5_UNKNOWN_explorer_10]" classname="se.redmind.rmtest.selenium.example.RandomClass7(20150415-080512)" time="1.7876478"/>
<testcase name="random1[OSX_10.9.5_UNKNOWN_opera_15]" classname="se.redmind.rmtest.selenium.example.RandomClass7(20150415-080512)" time="1.2661573"/>
<testcase name="random1[Windows_8.1_UNKNOWN_firefox_31]" classname="se.redmind.rmtest.selenium.example.RandomClass7(20150415-080512)" time="0.9174143"/>
<testcase name="random1[Windows_8.1_UNKNOWN_chrome_42]" classname="se.redmind.rmtest.selenium.example.RandomClass7(20150415-080512)" time="1.2189233"/>
<testcase name="random1[Windows_8.1_UNKNOWN_explorer_10]" classname="se.redmind.rmtest.selenium.example.RandomClass7(20150415-080512)" time="0.2655182"/>
<testcase name="random1[Windows_8.1_UNKNOWN_opera_15]" classname="se.redmind.rmtest.selenium.example.RandomClass7(20150415-080512)" time="1.8439753"/>
<testcase name="random1[Windows_10_UNKNOWN_firefox_31]" classname="se.redmind.rmtest.selenium.example.RandomClass7(20150415-080512)" time="1.3855995">
	<failure type="java.lang.AssertionError:">java.lang.AssertionError: null
		at org.junit.Assert.fail(Assert.java:86)
		at org.junit.Assert.assertTrue(Assert.java:41)
		at org.junit.Assert.assertTrue(Assert.java:52)
		at se.redmind.rmtest.selenium.example.CreateRandomRes3.random14(CreateRandomRes3.java:128)
	</failure>
</testcase>
<testcase name="random1[Windows_10_UNKNOWN_chrome_42]" classname="se.redmind.rmtest.selenium.example.RandomClass7(20150415-080512)" time="1.7762975"/>
<testcase name="random1[Windows_10_UNKNOWN_explorer_10]" classname="se.redmind.rmtest.selenium.example.RandomClass7(20150415-080512)" time="1.8826667"/>
<testcase name="random1[Windows_10_UNKNOWN_opera_15]" classname="se.redmind.rmtest.selenium.example.RandomClass7(20150415-080512)" time="1.2479955"/>
<testcase name="random1[Ubuntu_14.04_UNKNOWN_firefox_31]" classname="se.redmind.rmtest.selenium.example.RandomClass7(20150415-080512)" time="1.1519114"/>
<testcase name="random1[Ubuntu_14.04_UNKNOWN_chrome_42]" classname="se.redmind.rmtest.selenium.example.RandomClass7(20150415-080512)" time="0.7964567"/>
<testcase name="random1[Ubuntu_14.04_UNKNOWN_explorer_10]" classname="se.redmind.rmtest.selenium.example.RandomClass7(20150415-080512)" time="1.8176787"/>
<testcase name="random1[Ubuntu_14.04_UNKNOWN_opera_15]" classname="se.redmind.rmtest.selenium.example.RandomClass7(20150415-080512)" time="0.56200397"/>
<testcase name="random1[Ubuntu_12.10_UNKNOWN_firefox_31]" classname="se.redmind.rmtest.selenium.example.RandomClass7(20150415-080512)" time="1.2138836"/>
<testcase name="random1[Ubuntu_12.10_UNKNOWN_chrome_42]" classname="se.redmind.rmtest.selenium.example.RandomClass7(20150415-080512)" time="0.29344475">
	<failure type="java.lang.AssertionError:">java.lang.AssertionError: null
		at org.junit.Assert.fail(Assert.java:86)
		at org.junit.Assert.assertTrue(Assert.java:41)
		at org.junit.Assert.assertTrue(Assert.java:52)
		at se.redmind.rmtest.selenium.example.CreateRandomRes3.random14(CreateRandomRes3.java:128)
	</failure>
</testcase>
<testcase name="random1[Ubuntu_12.10_UNKNOWN_explorer_10]" classname="se.redmind.rmtest.selenium.example.RandomClass7(20150415-080512)" time="0.21483839"/>
<testcase name="random1[Ubuntu_12.10_UNKNOWN_opera_15]" classname="se.redmind.rmtest.selenium.example.RandomClass7(20150415-080512)" time="1.2329018"/>
<testcase name="random2[Android_4.4.4_HTC ONE_firefox_31]" classname="se.redmind.rmtest.selenium.example.RandomClass7(20150415-080512)" time="0.3490299"/>
<testcase name="random2[Android_4.4.4_HTC ONE_chrome_42]" classname="se.redmind.rmtest.selenium.example.RandomClass7(20150415-080512)" time="0.9977672">
	<failure type="java.lang.AssertionError:">java.lang.AssertionError: null
		at org.junit.Assert.fail(Assert.java:86)
		at org.junit.Assert.assertTrue(Assert.java:41)
		at org.junit.Assert.assertTrue(Assert.java:52)
		at se.redmind.rmtest.selenium.example.CreateRandomRes3.random14(CreateRandomRes3.java:128)
	</failure>
</testcase>
<testcase name="random2[Android_4.4.4_HTC ONE_explorer_10]" classname="se.redmind.rmtest.selenium.example.RandomClass7(20150415-080512)" time="1.0612285"/>
<testcase name="random2[Android_4.4.4_HTC ONE_opera_15]" classname="se.redmind.rmtest.selenium.example.RandomClass7(20150415-080512)" time="1.7669544"/>
<testcase name="random2[Android_5.1_Nexus 6_firefox_31]" classname="se.redmind.rmtest.selenium.example.RandomClass7(20150415-080512)" time="1.1511843"/>
<testcase name="random2[Android_5.1_Nexus 6_chrome_42]" classname="se.redmind.rmtest.selenium.example.RandomClass7(20150415-080512)" time="0.5483109"/>
<testcase name="random2[Android_5.1_Nexus 6_explorer_10]" classname="se.redmind.rmtest.selenium.example.RandomClass7(20150415-080512)" time="1.5496354">
	<failure type="java.lang.AssertionError:">java.lang.AssertionError: null
		at org.junit.Assert.fail(Assert.java:86)
		at org.junit.Assert.assertTrue(Assert.java:41)
		at org.junit.Assert.assertTrue(Assert.java:52)
		at se.redmind.rmtest.selenium.example.CreateRandomRes3.random14(CreateRandomRes3.java:128)
	</failure>
</testcase>
<testcase name="random2[Android_5.1_Nexus 6_opera_15]" classname="se.redmind.rmtest.selenium.example.RandomClass7(20150415-080512)" time="1.5515434"/>
<testcase name="random2[Android_2.3_VeiVei_firefox_31]" classname="se.redmind.rmtest.selenium.example.RandomClass7(20150415-080512)" time="0.45644832"/>
<testcase name="random2[Android_2.3_VeiVei_chrome_42]" classname="se.redmind.rmtest.selenium.example.RandomClass7(20150415-080512)" time="1.0946407"/>
<testcase name="random2[Android_2.3_VeiVei_explorer_10]" classname="se.redmind.rmtest.selenium.example.RandomClass7(20150415-080512)" time="0.8425981"/>
<testcase name="random2[Android_2.3_VeiVei_opera_15]" classname="se.redmind.rmtest.selenium.example.RandomClass7(20150415-080512)" time="1.7101387"/>
<testcase name="random2[Android_4.4.4_Sony Experia Z3_firefox_31]" classname="se.redmind.rmtest.selenium.example.RandomClass7(20150415-080512)" time="1.1657411"/>
<testcase name="random2[Android_4.4.4_Sony Experia Z3_chrome_42]" classname="se.redmind.rmtest.selenium.example.RandomClass7(20150415-080512)" time="1.3232166">
	<failure type="java.lang.AssertionError:">java.lang.AssertionError: null
		at org.junit.Assert.fail(Assert.java:86)
		at org.junit.Assert.assertTrue(Assert.java:41)
		at org.junit.Assert.assertTrue(Assert.java:52)
		at se.redmind.rmtest.selenium.example.CreateRandomRes3.random14(CreateRandomRes3.java:128)
	</failure>
</testcase>
<testcase name="random2[Android_4.4.4_Sony Experia Z3_explorer_10]" classname="se.redmind.rmtest.selenium.example.RandomClass7(20150415-080512)" time="0.8141352"/>
<testcase name="random2[Android_4.4.4_Sony Experia Z3_opera_15]" classname="se.redmind.rmtest.selenium.example.RandomClass7(20150415-080512)" time="0.9667845">
	<failure type="java.lang.AssertionError:">java.lang.AssertionError: null
		at org.junit.Assert.fail(Assert.java:86)
		at org.junit.Assert.assertTrue(Assert.java:41)
		at org.junit.Assert.assertTrue(Assert.java:52)
		at se.redmind.rmtest.selenium.example.CreateRandomRes3.random14(CreateRandomRes3.java:128)
	</failure>
</testcase>
<testcase name="random2[IOS_8.2_iPhone 6_firefox_31]" classname="se.redmind.rmtest.selenium.example.RandomClass7(20150415-080512)" time="0.7909095"/>
<testcase name="random2[IOS_8.2_iPhone 6_chrome_42]" classname="se.redmind.rmtest.selenium.example.RandomClass7(20150415-080512)" time="1.8617793">
	<failure type="java.lang.AssertionError:">java.lang.AssertionError: null
		at org.junit.Assert.fail(Assert.java:86)
		at org.junit.Assert.assertTrue(Assert.java:41)
		at org.junit.Assert.assertTrue(Assert.java:52)
		at se.redmind.rmtest.selenium.example.CreateRandomRes3.random14(CreateRandomRes3.java:128)
	</failure>
</testcase>
<testcase name="random2[IOS_8.2_iPhone 6_explorer_10]" classname="se.redmind.rmtest.selenium.example.RandomClass7(20150415-080512)" time="0.80236423">
	<error type="java.lang.AssertionError:">java.lang.AssertionError: null
		at org.junit.Assert.fail(Assert.java:86)
		at org.junit.Assert.assertTrue(Assert.java:41)
		at org.junit.Assert.assertTrue(Assert.java:52)
		at se.redmind.rmtest.selenium.example.CreateRandomRes3.random14(CreateRandomRes3.java:128)
	</error>
</testcase>
<testcase name="random2[IOS_8.2_iPhone 6_opera_15]" classname="se.redmind.rmtest.selenium.example.RandomClass7(20150415-080512)" time="0.42283094"/>
<testcase name="random2[IOS_4_iPhone 3Gs_firefox_31]" classname="se.redmind.rmtest.selenium.example.RandomClass7(20150415-080512)" time="1.0987912"/>
<testcase name="random2[IOS_4_iPhone 3Gs_chrome_42]" classname="se.redmind.rmtest.selenium.example.RandomClass7(20150415-080512)" time="1.5581275"/>
<testcase name="random2[IOS_4_iPhone 3Gs_explorer_10]" classname="se.redmind.rmtest.selenium.example.RandomClass7(20150415-080512)" time="0.91028214"/>
<testcase name="random2[IOS_4_iPhone 3Gs_opera_15]" classname="se.redmind.rmtest.selenium.example.RandomClass7(20150415-080512)" time="0.51631117"/>
<testcase name="random2[OSX_10.9.5_UNKNOWN_firefox_31]" classname="se.redmind.rmtest.selenium.example.RandomClass7(20150415-080512)" time="1.0462584"/>
<testcase name="random2[OSX_10.9.5_UNKNOWN_chrome_42]" classname="se.redmind.rmtest.selenium.example.RandomClass7(20150415-080512)" time="1.9569205">
	<failure type="java.lang.AssertionError:">java.lang.AssertionError: null
		at org.junit.Assert.fail(Assert.java:86)
		at org.junit.Assert.assertTrue(Assert.java:41)
		at org.junit.Assert.assertTrue(Assert.java:52)
		at se.redmind.rmtest.selenium.example.CreateRandomRes3.random14(CreateRandomRes3.java:128)
	</failure>
</testcase>
<testcase name="random2[OSX_10.9.5_UNKNOWN_explorer_10]" classname="se.redmind.rmtest.selenium.example.RandomClass7(20150415-080512)" time="1.8290174"/>
<testcase name="random2[OSX_10.9.5_UNKNOWN_opera_15]" classname="se.redmind.rmtest.selenium.example.RandomClass7(20150415-080512)" time="0.40201926"/>
<testcase name="random2[Windows_8.1_UNKNOWN_firefox_31]" classname="se.redmind.rmtest.selenium.example.RandomClass7(20150415-080512)" time="0.36773396"/>
<testcase name="random2[Windows_8.1_UNKNOWN_chrome_42]" classname="se.redmind.rmtest.selenium.example.RandomClass7(20150415-080512)" time="0.6898681">
	<failure type="java.lang.AssertionError:">java.lang.AssertionError: null
		at org.junit.Assert.fail(Assert.java:86)
		at org.junit.Assert.assertTrue(Assert.java:41)
		at org.junit.Assert.assertTrue(Assert.java:52)
		at se.redmind.rmtest.selenium.example.CreateRandomRes3.random14(CreateRandomRes3.java:128)
	</failure>
</testcase>
<testcase name="random2[Windows_8.1_UNKNOWN_explorer_10]" classname="se.redmind.rmtest.selenium.example.RandomClass7(20150415-080512)" time="0.8673148"/>
<testcase name="random2[Windows_8.1_UNKNOWN_opera_15]" classname="se.redmind.rmtest.selenium.example.RandomClass7(20150415-080512)" time="0.26920056"/>
<testcase name="random2[Windows_10_UNKNOWN_firefox_31]" classname="se.redmind.rmtest.selenium.example.RandomClass7(20150415-080512)" time="0.84212685">
	<failure type="java.lang.AssertionError:">java.lang.AssertionError: null
		at org.junit.Assert.fail(Assert.java:86)
		at org.junit.Assert.assertTrue(Assert.java:41)
		at org.junit.Assert.assertTrue(Assert.java:52)
		at se.redmind.rmtest.selenium.example.CreateRandomRes3.random14(CreateRandomRes3.java:128)
	</failure>
</testcase>
<testcase name="random2[Windows_10_UNKNOWN_chrome_42]" classname="se.redmind.rmtest.selenium.example.RandomClass7(20150415-080512)" time="1.8437797"/>
<testcase name="random2[Windows_10_UNKNOWN_explorer_10]" classname="se.redmind.rmtest.selenium.example.RandomClass7(20150415-080512)" time="1.1842096"/>
<testcase name="random2[Windows_10_UNKNOWN_opera_15]" classname="se.redmind.rmtest.selenium.example.RandomClass7(20150415-080512)" time="0.7923219"/>
<testcase name="random2[Ubuntu_14.04_UNKNOWN_firefox_31]" classname="se.redmind.rmtest.selenium.example.RandomClass7(20150415-080512)" time="1.2517263"/>
<testcase name="random2[Ubuntu_14.04_UNKNOWN_chrome_42]" classname="se.redmind.rmtest.selenium.example.RandomClass7(20150415-080512)" time="0.45883334">
	<failure type="java.lang.AssertionError:">java.lang.AssertionError: null
		at org.junit.Assert.fail(Assert.java:86)
		at org.junit.Assert.assertTrue(Assert.java:41)
		at org.junit.Assert.assertTrue(Assert.java:52)
		at se.redmind.rmtest.selenium.example.CreateRandomRes3.random14(CreateRandomRes3.java:128)
	</failure>
</testcase>
<testcase name="random2[Ubuntu_14.04_UNKNOWN_explorer_10]" classname="se.redmind.rmtest.selenium.example.RandomClass7(20150415-080512)" time="0.87540853"/>
<testcase name="random2[Ubuntu_14.04_UNKNOWN_opera_15]" classname="se.redmind.rmtest.selenium.example.RandomClass7(20150415-080512)" time="0.10971415"/>
<testcase name="random2[Ubuntu_12.10_UNKNOWN_firefox_31]" classname="se.redmind.rmtest.selenium.example.RandomClass7(20150415-080512)" time="1.7177111"/>
<testcase name="random2[Ubuntu_12.10_UNKNOWN_chrome_42]" classname="se.redmind.rmtest.selenium.example.RandomClass7(20150415-080512)" time="1.8617934"/>
<testcase name="random2[Ubuntu_12.10_UNKNOWN_explorer_10]" classname="se.redmind.rmtest.selenium.example.RandomClass7(20150415-080512)" time="0.7736598"/>
<testcase name="random2[Ubuntu_12.10_UNKNOWN_opera_15]" classname="se.redmind.rmtest.selenium.example.RandomClass7(20150415-080512)" time="0.9931221"/>
<testcase name="random3[Android_4.4.4_HTC ONE_firefox_31]" classname="se.redmind.rmtest.selenium.example.RandomClass7(20150415-080512)" time="1.9570194"/>
<testcase name="random3[Android_4.4.4_HTC ONE_chrome_42]" classname="se.redmind.rmtest.selenium.example.RandomClass7(20150415-080512)" time="1.055626"/>
<testcase name="random3[Android_4.4.4_HTC ONE_explorer_10]" classname="se.redmind.rmtest.selenium.example.RandomClass7(20150415-080512)" time="0.77029955">
	<failure type="java.lang.AssertionError:">java.lang.AssertionError: null
		at org.junit.Assert.fail(Assert.java:86)
		at org.junit.Assert.assertTrue(Assert.java:41)
		at org.junit.Assert.assertTrue(Assert.java:52)
		at se.redmind.rmtest.selenium.example.CreateRandomRes3.random14(CreateRandomRes3.java:128)
	</failure>
</testcase>
<testcase name="random3[Android_4.4.4_HTC ONE_opera_15]" classname="se.redmind.rmtest.selenium.example.RandomClass7(20150415-080512)" time="0.7755225"/>
<testcase name="random3[Android_5.1_Nexus 6_firefox_31]" classname="se.redmind.rmtest.selenium.example.RandomClass7(20150415-080512)" time="0.85667455"/>
<testcase name="random3[Android_5.1_Nexus 6_chrome_42]" classname="se.redmind.rmtest.selenium.example.RandomClass7(20150415-080512)" time="0.19362545"/>
<testcase name="random3[Android_5.1_Nexus 6_explorer_10]" classname="se.redmind.rmtest.selenium.example.RandomClass7(20150415-080512)" time="0.58555055"/>
<testcase name="random3[Android_5.1_Nexus 6_opera_15]" classname="se.redmind.rmtest.selenium.example.RandomClass7(20150415-080512)" time="1.1797516">
	<failure type="java.lang.AssertionError:">java.lang.AssertionError: null
		at org.junit.Assert.fail(Assert.java:86)
		at org.junit.Assert.assertTrue(Assert.java:41)
		at org.junit.Assert.assertTrue(Assert.java:52)
		at se.redmind.rmtest.selenium.example.CreateRandomRes3.random14(CreateRandomRes3.java:128)
	</failure>
</testcase>
<testcase name="random3[Android_2.3_VeiVei_firefox_31]" classname="se.redmind.rmtest.selenium.example.RandomClass7(20150415-080512)" time="0.89181256"/>
<testcase name="random3[Android_2.3_VeiVei_chrome_42]" classname="se.redmind.rmtest.selenium.example.RandomClass7(20150415-080512)" time="1.1330603"/>
<testcase name="random3[Android_2.3_VeiVei_explorer_10]" classname="se.redmind.rmtest.selenium.example.RandomClass7(20150415-080512)" time="0.24696481"/>
<testcase name="random3[Android_2.3_VeiVei_opera_15]" classname="se.redmind.rmtest.selenium.example.RandomClass7(20150415-080512)" time="1.07832"/>
<testcase name="random3[Android_4.4.4_Sony Experia Z3_firefox_31]" classname="se.redmind.rmtest.selenium.example.RandomClass7(20150415-080512)" time="0.09348166"/>
<testcase name="random3[Android_4.4.4_Sony Experia Z3_chrome_42]" classname="se.redmind.rmtest.selenium.example.RandomClass7(20150415-080512)" time="1.595716"/>
<testcase name="random3[Android_4.4.4_Sony Experia Z3_explorer_10]" classname="se.redmind.rmtest.selenium.example.RandomClass7(20150415-080512)" time="1.2402598"/>
<testcase name="random3[Android_4.4.4_Sony Experia Z3_opera_15]" classname="se.redmind.rmtest.selenium.example.RandomClass7(20150415-080512)" time="1.6282976"/>
<testcase name="random3[IOS_8.2_iPhone 6_firefox_31]" classname="se.redmind.rmtest.selenium.example.RandomClass7(20150415-080512)" time="0.5300586"/>
<testcase name="random3[IOS_8.2_iPhone 6_chrome_42]" classname="se.redmind.rmtest.selenium.example.RandomClass7(20150415-080512)" time="1.9182813"/>
<testcase name="random3[IOS_8.2_iPhone 6_explorer_10]" classname="se.redmind.rmtest.selenium.example.RandomClass7(20150415-080512)" time="0.1791004"/>
<testcase name="random3[IOS_8.2_iPhone 6_opera_15]" classname="se.redmind.rmtest.selenium.example.RandomClass7(20150415-080512)" time="1.9739472"/>
<testcase name="random3[IOS_4_iPhone 3Gs_firefox_31]" classname="se.redmind.rmtest.selenium.example.RandomClass7(20150415-080512)" time="0.9421072">
<skipped/>
</testcase>
<testcase name="random3[IOS_4_iPhone 3Gs_firefox_31]" classname="se.redmind.rmtest.selenium.example.RandomClass7(20150415-080512)" time="0.7824707"/>
<testcase name="random3[IOS_4_iPhone 3Gs_chrome_42]" classname="se.redmind.rmtest.selenium.example.RandomClass7(20150415-080512)" time="1.4065852">
<skipped/>
</testcase>
<testcase name="random3[IOS_4_iPhone 3Gs_chrome_42]" classname="se.redmind.rmtest.selenium.example.RandomClass7(20150415-080512)" time="0.394233">
	<failure type="java.lang.AssertionError:">java.lang.AssertionError: null
		at org.junit.Assert.fail(Assert.java:86)
		at org.junit.Assert.assertTrue(Assert.java:41)
		at org.junit.Assert.assertTrue(Assert.java:52)
		at se.redmind.rmtest.selenium.example.CreateRandomRes3.random14(CreateRandomRes3.java:128)
	</failure>
</testcase>
<testcase name="random3[IOS_4_iPhone 3Gs_explorer_10]" classname="se.redmind.rmtest.selenium.example.RandomClass7(20150415-080512)" time="1.4711968">
<skipped/>
</testcase>
<testcase name="random3[IOS_4_iPhone 3Gs_explorer_10]" classname="se.redmind.rmtest.selenium.example.RandomClass7(20150415-080512)" time="0.111997485"/>
<testcase name="random3[IOS_4_iPhone 3Gs_opera_15]" classname="se.redmind.rmtest.selenium.example.RandomClass7(20150415-080512)" time="0.35694754">
<skipped/>
</testcase>
<testcase name="random3[IOS_4_iPhone 3Gs_opera_15]" classname="se.redmind.rmtest.selenium.example.RandomClass7(20150415-080512)" time="0.40409422"/>
<testcase name="random3[OSX_10.9.5_UNKNOWN_firefox_31]" classname="se.redmind.rmtest.selenium.example.RandomClass7(20150415-080512)" time="1.348099"/>
<testcase name="random3[OSX_10.9.5_UNKNOWN_chrome_42]" classname="se.redmind.rmtest.selenium.example.RandomClass7(20150415-080512)" time="1.0078183"/>
<testcase name="random3[OSX_10.9.5_UNKNOWN_explorer_10]" classname="se.redmind.rmtest.selenium.example.RandomClass7(20150415-080512)" time="1.2543606"/>
<testcase name="random3[OSX_10.9.5_UNKNOWN_opera_15]" classname="se.redmind.rmtest.selenium.example.RandomClass7(20150415-080512)" time="1.1496292">
	<failure type="java.lang.AssertionError:">java.lang.AssertionError: null
		at org.junit.Assert.fail(Assert.java:86)
		at org.junit.Assert.assertTrue(Assert.java:41)
		at org.junit.Assert.assertTrue(Assert.java:52)
		at se.redmind.rmtest.selenium.example.CreateRandomRes3.random14(CreateRandomRes3.java:128)
	</failure>
</testcase>
<testcase name="random3[Windows_8.1_UNKNOWN_firefox_31]" classname="se.redmind.rmtest.selenium.example.RandomClass7(20150415-080512)" time="1.9813547"/>
<testcase name="random3[Windows_8.1_UNKNOWN_chrome_42]" classname="se.redmind.rmtest.selenium.example.RandomClass7(20150415-080512)" time="1.35145"/>
<testcase name="random3[Windows_8.1_UNKNOWN_explorer_10]" classname="se.redmind.rmtest.selenium.example.RandomClass7(20150415-080512)" time="0.14378">
	<failure type="java.lang.AssertionError:">java.lang.AssertionError: null
		at org.junit.Assert.fail(Assert.java:86)
		at org.junit.Assert.assertTrue(Assert.java:41)
		at org.junit.Assert.assertTrue(Assert.java:52)
		at se.redmind.rmtest.selenium.example.CreateRandomRes3.random14(CreateRandomRes3.java:128)
	</failure>
</testcase>
<testcase name="random3[Windows_8.1_UNKNOWN_opera_15]" classname="se.redmind.rmtest.selenium.example.RandomClass7(20150415-080512)" time="1.990018"/>
<testcase name="random3[Windows_10_UNKNOWN_firefox_31]" classname="se.redmind.rmtest.selenium.example.RandomClass7(20150415-080512)" time="0.5375341"/>
<testcase name="random3[Windows_10_UNKNOWN_chrome_42]" classname="se.redmind.rmtest.selenium.example.RandomClass7(20150415-080512)" time="0.29573488"/>
<testcase name="random3[Windows_10_UNKNOWN_explorer_10]" classname="se.redmind.rmtest.selenium.example.RandomClass7(20150415-080512)" time="0.4112848">
	<failure type="java.lang.AssertionError:">java.lang.AssertionError: null
		at org.junit.Assert.fail(Assert.java:86)
		at org.junit.Assert.assertTrue(Assert.java:41)
		at org.junit.Assert.assertTrue(Assert.java:52)
		at se.redmind.rmtest.selenium.example.CreateRandomRes3.random14(CreateRandomRes3.java:128)
	</failure>
</testcase>
<testcase name="random3[Windows_10_UNKNOWN_opera_15]" classname="se.redmind.rmtest.selenium.example.RandomClass7(20150415-080512)" time="0.34601903"/>
<testcase name="random3[Ubuntu_14.04_UNKNOWN_firefox_31]" classname="se.redmind.rmtest.selenium.example.RandomClass7(20150415-080512)" time="0.12200308"/>
<testcase name="random3[Ubuntu_14.04_UNKNOWN_chrome_42]" classname="se.redmind.rmtest.selenium.example.RandomClass7(20150415-080512)" time="0.6261351"/>
<testcase name="random3[Ubuntu_14.04_UNKNOWN_explorer_10]" classname="se.redmind.rmtest.selenium.example.RandomClass7(20150415-080512)" time="0.7729732"/>
<testcase name="random3[Ubuntu_14.04_UNKNOWN_opera_15]" classname="se.redmind.rmtest.selenium.example.RandomClass7(20150415-080512)" time="1.9565867"/>
<testcase name="random3[Ubuntu_12.10_UNKNOWN_firefox_31]" classname="se.redmind.rmtest.selenium.example.RandomClass7(20150415-080512)" time="1.1193277"/>
<testcase name="random3[Ubuntu_12.10_UNKNOWN_chrome_42]" classname="se.redmind.rmtest.selenium.example.RandomClass7(20150415-080512)" time="1.9053826"/>
<testcase name="random3[Ubuntu_12.10_UNKNOWN_explorer_10]" classname="se.redmind.rmtest.selenium.example.RandomClass7(20150415-080512)" time="0.3280139"/>
<testcase name="random3[Ubuntu_12.10_UNKNOWN_opera_15]" classname="se.redmind.rmtest.selenium.example.RandomClass7(20150415-080512)" time="1.5232654"/>
<testcase name="random4[Android_4.4.4_HTC ONE_firefox_31]" classname="se.redmind.rmtest.selenium.example.RandomClass7(20150415-080512)" time="1.039931">
	<failure type="java.lang.AssertionError:">java.lang.AssertionError: null
		at org.junit.Assert.fail(Assert.java:86)
		at org.junit.Assert.assertTrue(Assert.java:41)
		at org.junit.Assert.assertTrue(Assert.java:52)
		at se.redmind.rmtest.selenium.example.CreateRandomRes3.random14(CreateRandomRes3.java:128)
	</failure>
</testcase>
<testcase name="random4[Android_4.4.4_HTC ONE_chrome_42]" classname="se.redmind.rmtest.selenium.example.RandomClass7(20150415-080512)" time="1.5806419"/>
<testcase name="random4[Android_4.4.4_HTC ONE_explorer_10]" classname="se.redmind.rmtest.selenium.example.RandomClass7(20150415-080512)" time="1.4412258"/>
<testcase name="random4[Android_4.4.4_HTC ONE_opera_15]" classname="se.redmind.rmtest.selenium.example.RandomClass7(20150415-080512)" time="0.7146324"/>
<testcase name="random4[Android_5.1_Nexus 6_firefox_31]" classname="se.redmind.rmtest.selenium.example.RandomClass7(20150415-080512)" time="1.276307"/>
<testcase name="random4[Android_5.1_Nexus 6_chrome_42]" classname="se.redmind.rmtest.selenium.example.RandomClass7(20150415-080512)" time="0.68612933">
	<failure type="java.lang.AssertionError:">java.lang.AssertionError: null
		at org.junit.Assert.fail(Assert.java:86)
		at org.junit.Assert.assertTrue(Assert.java:41)
		at org.junit.Assert.assertTrue(Assert.java:52)
		at se.redmind.rmtest.selenium.example.CreateRandomRes3.random14(CreateRandomRes3.java:128)
	</failure>
</testcase>
<testcase name="random4[Android_5.1_Nexus 6_explorer_10]" classname="se.redmind.rmtest.selenium.example.RandomClass7(20150415-080512)" time="0.10034311">
	<failure type="java.lang.AssertionError:">java.lang.AssertionError: null
		at org.junit.Assert.fail(Assert.java:86)
		at org.junit.Assert.assertTrue(Assert.java:41)
		at org.junit.Assert.assertTrue(Assert.java:52)
		at se.redmind.rmtest.selenium.example.CreateRandomRes3.random14(CreateRandomRes3.java:128)
	</failure>
</testcase>
<testcase name="random4[Android_5.1_Nexus 6_opera_15]" classname="se.redmind.rmtest.selenium.example.RandomClass7(20150415-080512)" time="0.942304"/>
<testcase name="random4[Android_2.3_VeiVei_firefox_31]" classname="se.redmind.rmtest.selenium.example.RandomClass7(20150415-080512)" time="1.0996449">
	<failure type="java.lang.AssertionError:">java.lang.AssertionError: null
		at org.junit.Assert.fail(Assert.java:86)
		at org.junit.Assert.assertTrue(Assert.java:41)
		at org.junit.Assert.assertTrue(Assert.java:52)
		at se.redmind.rmtest.selenium.example.CreateRandomRes3.random14(CreateRandomRes3.java:128)
	</failure>
</testcase>
<testcase name="random4[Android_2.3_VeiVei_chrome_42]" classname="se.redmind.rmtest.selenium.example.RandomClass7(20150415-080512)" time="0.37408912"/>
<testcase name="random4[Android_2.3_VeiVei_explorer_10]" classname="se.redmind.rmtest.selenium.example.RandomClass7(20150415-080512)" time="1.7339425"/>
<testcase name="random4[Android_2.3_VeiVei_opera_15]" classname="se.redmind.rmtest.selenium.example.RandomClass7(20150415-080512)" time="1.0204822"/>
<testcase name="random4[Android_4.4.4_Sony Experia Z3_firefox_31]" classname="se.redmind.rmtest.selenium.example.RandomClass7(20150415-080512)" time="1.9118471"/>
<testcase name="random4[Android_4.4.4_Sony Experia Z3_chrome_42]" classname="se.redmind.rmtest.selenium.example.RandomClass7(20150415-080512)" time="0.2789173"/>
<testcase name="random4[Android_4.4.4_Sony Experia Z3_explorer_10]" classname="se.redmind.rmtest.selenium.example.RandomClass7(20150415-080512)" time="0.8901572"/>
<testcase name="random4[Android_4.4.4_Sony Experia Z3_opera_15]" classname="se.redmind.rmtest.selenium.example.RandomClass7(20150415-080512)" time="1.5235765">
	<failure type="java.lang.AssertionError:">java.lang.AssertionError: null
		at org.junit.Assert.fail(Assert.java:86)
		at org.junit.Assert.assertTrue(Assert.java:41)
		at org.junit.Assert.assertTrue(Assert.java:52)
		at se.redmind.rmtest.selenium.example.CreateRandomRes3.random14(CreateRandomRes3.java:128)
	</failure>
</testcase>
<testcase name="random4[IOS_8.2_iPhone 6_firefox_31]" classname="se.redmind.rmtest.selenium.example.RandomClass7(20150415-080512)" time="0.054715514">
	<failure type="java.lang.AssertionError:">java.lang.AssertionError: null
		at org.junit.Assert.fail(Assert.java:86)
		at org.junit.Assert.assertTrue(Assert.java:41)
		at org.junit.Assert.assertTrue(Assert.java:52)
		at se.redmind.rmtest.selenium.example.CreateRandomRes3.random14(CreateRandomRes3.java:128)
	</failure>
</testcase>
<testcase name="random4[IOS_8.2_iPhone 6_chrome_42]" classname="se.redmind.rmtest.selenium.example.RandomClass7(20150415-080512)" time="0.94696987">
	<failure type="java.lang.AssertionError:">java.lang.AssertionError: null
		at org.junit.Assert.fail(Assert.java:86)
		at org.junit.Assert.assertTrue(Assert.java:41)
		at org.junit.Assert.assertTrue(Assert.java:52)
		at se.redmind.rmtest.selenium.example.CreateRandomRes3.random14(CreateRandomRes3.java:128)
	</failure>
</testcase>
<testcase name="random4[IOS_8.2_iPhone 6_explorer_10]" classname="se.redmind.rmtest.selenium.example.RandomClass7(20150415-080512)" time="0.45636117"/>
<testcase name="random4[IOS_8.2_iPhone 6_opera_15]" classname="se.redmind.rmtest.selenium.example.RandomClass7(20150415-080512)" time="1.2683536">
	<failure type="java.lang.AssertionError:">java.lang.AssertionError: null
		at org.junit.Assert.fail(Assert.java:86)
		at org.junit.Assert.assertTrue(Assert.java:41)
		at org.junit.Assert.assertTrue(Assert.java:52)
		at se.redmind.rmtest.selenium.example.CreateRandomRes3.random14(CreateRandomRes3.java:128)
	</failure>
</testcase>
<testcase name="random4[IOS_4_iPhone 3Gs_firefox_31]" classname="se.redmind.rmtest.selenium.example.RandomClass7(20150415-080512)" time="1.0970435"/>
<testcase name="random4[IOS_4_iPhone 3Gs_chrome_42]" classname="se.redmind.rmtest.selenium.example.RandomClass7(20150415-080512)" time="0.24190927"/>
<testcase name="random4[IOS_4_iPhone 3Gs_explorer_10]" classname="se.redmind.rmtest.selenium.example.RandomClass7(20150415-080512)" time="1.8961146"/>
<testcase name="random4[IOS_4_iPhone 3Gs_opera_15]" classname="se.redmind.rmtest.selenium.example.RandomClass7(20150415-080512)" time="0.91263056"/>
<testcase name="random4[OSX_10.9.5_UNKNOWN_firefox_31]" classname="se.redmind.rmtest.selenium.example.RandomClass7(20150415-080512)" time="0.23954451"/>
<testcase name="random4[OSX_10.9.5_UNKNOWN_chrome_42]" classname="se.redmind.rmtest.selenium.example.RandomClass7(20150415-080512)" time="0.936079">
	<failure type="java.lang.AssertionError:">java.lang.AssertionError: null
		at org.junit.Assert.fail(Assert.java:86)
		at org.junit.Assert.assertTrue(Assert.java:41)
		at org.junit.Assert.assertTrue(Assert.java:52)
		at se.redmind.rmtest.selenium.example.CreateRandomRes3.random14(CreateRandomRes3.java:128)
	</failure>
</testcase>
<testcase name="random4[OSX_10.9.5_UNKNOWN_explorer_10]" classname="se.redmind.rmtest.selenium.example.RandomClass7(20150415-080512)" time="1.5272195"/>
<testcase name="random4[OSX_10.9.5_UNKNOWN_opera_15]" classname="se.redmind.rmtest.selenium.example.RandomClass7(20150415-080512)" time="1.2213444"/>
<testcase name="random4[Windows_8.1_UNKNOWN_firefox_31]" classname="se.redmind.rmtest.selenium.example.RandomClass7(20150415-080512)" time="1.1129739">
	<failure type="java.lang.AssertionError:">java.lang.AssertionError: null
		at org.junit.Assert.fail(Assert.java:86)
		at org.junit.Assert.assertTrue(Assert.java:41)
		at org.junit.Assert.assertTrue(Assert.java:52)
		at se.redmind.rmtest.selenium.example.CreateRandomRes3.random14(CreateRandomRes3.java:128)
	</failure>
</testcase>
<testcase name="random4[Windows_8.1_UNKNOWN_chrome_42]" classname="se.redmind.rmtest.selenium.example.RandomClass7(20150415-080512)" time="1.0293363">
	<failure type="java.lang.AssertionError:">java.lang.AssertionError: null
		at org.junit.Assert.fail(Assert.java:86)
		at org.junit.Assert.assertTrue(Assert.java:41)
		at org.junit.Assert.assertTrue(Assert.java:52)
		at se.redmind.rmtest.selenium.example.CreateRandomRes3.random14(CreateRandomRes3.java:128)
	</failure>
</testcase>
<testcase name="random4[Windows_8.1_UNKNOWN_explorer_10]" classname="se.redmind.rmtest.selenium.example.RandomClass7(20150415-080512)" time="0.716756">
	<failure type="java.lang.AssertionError:">java.lang.AssertionError: null
		at org.junit.Assert.fail(Assert.java:86)
		at org.junit.Assert.assertTrue(Assert.java:41)
		at org.junit.Assert.assertTrue(Assert.java:52)
		at se.redmind.rmtest.selenium.example.CreateRandomRes3.random14(CreateRandomRes3.java:128)
	</failure>
</testcase>
<testcase name="random4[Windows_8.1_UNKNOWN_opera_15]" classname="se.redmind.rmtest.selenium.example.RandomClass7(20150415-080512)" time="0.7567494"/>
<testcase name="random4[Windows_10_UNKNOWN_firefox_31]" classname="se.redmind.rmtest.selenium.example.RandomClass7(20150415-080512)" time="0.6081121">
	<failure type="java.lang.AssertionError:">java.lang.AssertionError: null
		at org.junit.Assert.fail(Assert.java:86)
		at org.junit.Assert.assertTrue(Assert.java:41)
		at org.junit.Assert.assertTrue(Assert.java:52)
		at se.redmind.rmtest.selenium.example.CreateRandomRes3.random14(CreateRandomRes3.java:128)
	</failure>
</testcase>
<testcase name="random4[Windows_10_UNKNOWN_chrome_42]" classname="se.redmind.rmtest.selenium.example.RandomClass7(20150415-080512)" time="0.05044663"/>
<testcase name="random4[Windows_10_UNKNOWN_explorer_10]" classname="se.redmind.rmtest.selenium.example.RandomClass7(20150415-080512)" time="1.6010906"/>
<testcase name="random4[Windows_10_UNKNOWN_opera_15]" classname="se.redmind.rmtest.selenium.example.RandomClass7(20150415-080512)" time="1.9684576">
	<failure type="java.lang.AssertionError:">java.lang.AssertionError: null
		at org.junit.Assert.fail(Assert.java:86)
		at org.junit.Assert.assertTrue(Assert.java:41)
		at org.junit.Assert.assertTrue(Assert.java:52)
		at se.redmind.rmtest.selenium.example.CreateRandomRes3.random14(CreateRandomRes3.java:128)
	</failure>
</testcase>
<testcase name="random4[Ubuntu_14.04_UNKNOWN_firefox_31]" classname="se.redmind.rmtest.selenium.example.RandomClass7(20150415-080512)" time="1.4426355"/>
<testcase name="random4[Ubuntu_14.04_UNKNOWN_chrome_42]" classname="se.redmind.rmtest.selenium.example.RandomClass7(20150415-080512)" time="1.6840518"/>
<testcase name="random4[Ubuntu_14.04_UNKNOWN_explorer_10]" classname="se.redmind.rmtest.selenium.example.RandomClass7(20150415-080512)" time="0.0711565"/>
<testcase name="random4[Ubuntu_14.04_UNKNOWN_opera_15]" classname="se.redmind.rmtest.selenium.example.RandomClass7(20150415-080512)" time="1.3564936">
	<failure type="java.lang.AssertionError:">java.lang.AssertionError: null
		at org.junit.Assert.fail(Assert.java:86)
		at org.junit.Assert.assertTrue(Assert.java:41)
		at org.junit.Assert.assertTrue(Assert.java:52)
		at se.redmind.rmtest.selenium.example.CreateRandomRes3.random14(CreateRandomRes3.java:128)
	</failure>
</testcase>
<testcase name="random4[Ubuntu_12.10_UNKNOWN_firefox_31]" classname="se.redmind.rmtest.selenium.example.RandomClass7(20150415-080512)" time="0.7511159">
	<failure type="java.lang.AssertionError:">java.lang.AssertionError: null
		at org.junit.Assert.fail(Assert.java:86)
		at org.junit.Assert.assertTrue(Assert.java:41)
		at org.junit.Assert.assertTrue(Assert.java:52)
		at se.redmind.rmtest.selenium.example.CreateRandomRes3.random14(CreateRandomRes3.java:128)
	</failure>
</testcase>
<testcase name="random4[Ubuntu_12.10_UNKNOWN_chrome_42]" classname="se.redmind.rmtest.selenium.example.RandomClass7(20150415-080512)" time="0.32624495"/>
<testcase name="random4[Ubuntu_12.10_UNKNOWN_explorer_10]" classname="se.redmind.rmtest.selenium.example.RandomClass7(20150415-080512)" time="0.7058685"/>
<testcase name="random4[Ubuntu_12.10_UNKNOWN_opera_15]" classname="se.redmind.rmtest.selenium.example.RandomClass7(20150415-080512)" time="0.80786073"/>
<testcase name="random1[Android_5.1_Nexus 6_firefox_31]" classname="se.redmind.rmtest.selenium.example.RandomClass8(20150415-080512)" time="1.0679526"/>
<testcase name="random1[Android_5.1_Nexus 6_chrome_42]" classname="se.redmind.rmtest.selenium.example.RandomClass8(20150415-080512)" time="1.4177017"/>
<testcase name="random1[Android_5.1_Nexus 6_explorer_10]" classname="se.redmind.rmtest.selenium.example.RandomClass8(20150415-080512)" time="0.73883104">
	<failure type="java.lang.AssertionError:">java.lang.AssertionError: null
		at org.junit.Assert.fail(Assert.java:86)
		at org.junit.Assert.assertTrue(Assert.java:41)
		at org.junit.Assert.assertTrue(Assert.java:52)
		at se.redmind.rmtest.selenium.example.CreateRandomRes3.random14(CreateRandomRes3.java:128)
	</failure>
</testcase>
<testcase name="random1[Android_5.1_Nexus 6_opera_15]" classname="se.redmind.rmtest.selenium.example.RandomClass8(20150415-080512)" time="0.0372684"/>
<testcase name="random1[Android_2.3_VeiVei_firefox_31]" classname="se.redmind.rmtest.selenium.example.RandomClass8(20150415-080512)" time="0.92947626"/>
<testcase name="random1[Android_2.3_VeiVei_chrome_42]" classname="se.redmind.rmtest.selenium.example.RandomClass8(20150415-080512)" time="0.1964302"/>
<testcase name="random1[Android_2.3_VeiVei_explorer_10]" classname="se.redmind.rmtest.selenium.example.RandomClass8(20150415-080512)" time="0.49598336"/>
<testcase name="random1[Android_2.3_VeiVei_opera_15]" classname="se.redmind.rmtest.selenium.example.RandomClass8(20150415-080512)" time="0.40152133"/>
<testcase name="random1[Android_4.4.4_Sony Experia Z3_firefox_31]" classname="se.redmind.rmtest.selenium.example.RandomClass8(20150415-080512)" time="0.0034626722">
	<failure type="java.lang.AssertionError:">java.lang.AssertionError: null
		at org.junit.Assert.fail(Assert.java:86)
		at org.junit.Assert.assertTrue(Assert.java:41)
		at org.junit.Assert.assertTrue(Assert.java:52)
		at se.redmind.rmtest.selenium.example.CreateRandomRes3.random14(CreateRandomRes3.java:128)
	</failure>
</testcase>
<testcase name="random1[Android_4.4.4_Sony Experia Z3_chrome_42]" classname="se.redmind.rmtest.selenium.example.RandomClass8(20150415-080512)" time="0.82444286"/>
<testcase name="random1[Android_4.4.4_Sony Experia Z3_explorer_10]" classname="se.redmind.rmtest.selenium.example.RandomClass8(20150415-080512)" time="1.7015932"/>
<testcase name="random1[Android_4.4.4_Sony Experia Z3_opera_15]" classname="se.redmind.rmtest.selenium.example.RandomClass8(20150415-080512)" time="1.5074338">
	<failure type="java.lang.AssertionError:">java.lang.AssertionError: null
		at org.junit.Assert.fail(Assert.java:86)
		at org.junit.Assert.assertTrue(Assert.java:41)
		at org.junit.Assert.assertTrue(Assert.java:52)
		at se.redmind.rmtest.selenium.example.CreateRandomRes3.random14(CreateRandomRes3.java:128)
	</failure>
</testcase>
<testcase name="random1[IOS_4_iPhone 3Gs_firefox_31]" classname="se.redmind.rmtest.selenium.example.RandomClass8(20150415-080512)" time="1.9459833"/>
<testcase name="random1[IOS_4_iPhone 3Gs_chrome_42]" classname="se.redmind.rmtest.selenium.example.RandomClass8(20150415-080512)" time="1.9218106">
	<failure type="java.lang.AssertionError:">java.lang.AssertionError: null
		at org.junit.Assert.fail(Assert.java:86)
		at org.junit.Assert.assertTrue(Assert.java:41)
		at org.junit.Assert.assertTrue(Assert.java:52)
		at se.redmind.rmtest.selenium.example.CreateRandomRes3.random14(CreateRandomRes3.java:128)
	</failure>
</testcase>
<testcase name="random1[IOS_4_iPhone 3Gs_explorer_10]" classname="se.redmind.rmtest.selenium.example.RandomClass8(20150415-080512)" time="0.85890543"/>
<testcase name="random1[IOS_4_iPhone 3Gs_opera_15]" classname="se.redmind.rmtest.selenium.example.RandomClass8(20150415-080512)" time="0.92528665"/>
<testcase name="random1[OSX_10.9.5_UNKNOWN_firefox_31]" classname="se.redmind.rmtest.selenium.example.RandomClass8(20150415-080512)" time="0.049459457"/>
<testcase name="random1[OSX_10.9.5_UNKNOWN_chrome_42]" classname="se.redmind.rmtest.selenium.example.RandomClass8(20150415-080512)" time="1.8968045">
	<failure type="java.lang.AssertionError:">java.lang.AssertionError: null
		at org.junit.Assert.fail(Assert.java:86)
		at org.junit.Assert.assertTrue(Assert.java:41)
		at org.junit.Assert.assertTrue(Assert.java:52)
		at se.redmind.rmtest.selenium.example.CreateRandomRes3.random14(CreateRandomRes3.java:128)
	</failure>
</testcase>
<testcase name="random1[OSX_10.9.5_UNKNOWN_explorer_10]" classname="se.redmind.rmtest.selenium.example.RandomClass8(20150415-080512)" time="0.8835821">
	<error type="java.lang.AssertionError:">java.lang.AssertionError: null
		at org.junit.Assert.fail(Assert.java:86)
		at org.junit.Assert.assertTrue(Assert.java:41)
		at org.junit.Assert.assertTrue(Assert.java:52)
		at se.redmind.rmtest.selenium.example.CreateRandomRes3.random14(CreateRandomRes3.java:128)
	</error>
</testcase>
<testcase name="random1[OSX_10.9.5_UNKNOWN_opera_15]" classname="se.redmind.rmtest.selenium.example.RandomClass8(20150415-080512)" time="1.776286"/>
<testcase name="random1[Windows_8.1_UNKNOWN_firefox_31]" classname="se.redmind.rmtest.selenium.example.RandomClass8(20150415-080512)" time="0.52310824"/>
<testcase name="random1[Windows_8.1_UNKNOWN_chrome_42]" classname="se.redmind.rmtest.selenium.example.RandomClass8(20150415-080512)" time="0.5034317"/>
<testcase name="random1[Windows_8.1_UNKNOWN_explorer_10]" classname="se.redmind.rmtest.selenium.example.RandomClass8(20150415-080512)" time="1.6127887"/>
<testcase name="random1[Windows_8.1_UNKNOWN_opera_15]" classname="se.redmind.rmtest.selenium.example.RandomClass8(20150415-080512)" time="1.1357398">
	<failure type="java.lang.AssertionError:">java.lang.AssertionError: null
		at org.junit.Assert.fail(Assert.java:86)
		at org.junit.Assert.assertTrue(Assert.java:41)
		at org.junit.Assert.assertTrue(Assert.java:52)
		at se.redmind.rmtest.selenium.example.CreateRandomRes3.random14(CreateRandomRes3.java:128)
	</failure>
</testcase>
<testcase name="random2[Android_5.1_Nexus 6_firefox_31]" classname="se.redmind.rmtest.selenium.example.RandomClass8(20150415-080512)" time="1.3756478"/>
<testcase name="random2[Android_5.1_Nexus 6_chrome_42]" classname="se.redmind.rmtest.selenium.example.RandomClass8(20150415-080512)" time="1.8923231"/>
<testcase name="random2[Android_5.1_Nexus 6_explorer_10]" classname="se.redmind.rmtest.selenium.example.RandomClass8(20150415-080512)" time="1.84244"/>
<testcase name="random2[Android_5.1_Nexus 6_opera_15]" classname="se.redmind.rmtest.selenium.example.RandomClass8(20150415-080512)" time="0.6824641"/>
<testcase name="random2[Android_2.3_VeiVei_firefox_31]" classname="se.redmind.rmtest.selenium.example.RandomClass8(20150415-080512)" time="1.771416"/>
<testcase name="random2[Android_2.3_VeiVei_chrome_42]" classname="se.redmind.rmtest.selenium.example.RandomClass8(20150415-080512)" time="1.8950689"/>
<testcase name="random2[Android_2.3_VeiVei_explorer_10]" classname="se.redmind.rmtest.selenium.example.RandomClass8(20150415-080512)" time="1.9344808"/>
<testcase name="random2[Android_2.3_VeiVei_opera_15]" classname="se.redmind.rmtest.selenium.example.RandomClass8(20150415-080512)" time="1.956517"/>
<testcase name="random2[Android_4.4.4_Sony Experia Z3_firefox_31]" classname="se.redmind.rmtest.selenium.example.RandomClass8(20150415-080512)" time="1.8190643">
	<failure type="java.lang.AssertionError:">java.lang.AssertionError: null
		at org.junit.Assert.fail(Assert.java:86)
		at org.junit.Assert.assertTrue(Assert.java:41)
		at org.junit.Assert.assertTrue(Assert.java:52)
		at se.redmind.rmtest.selenium.example.CreateRandomRes3.random14(CreateRandomRes3.java:128)
	</failure>
</testcase>
<testcase name="random2[Android_4.4.4_Sony Experia Z3_chrome_42]" classname="se.redmind.rmtest.selenium.example.RandomClass8(20150415-080512)" time="1.2214208"/>
<testcase name="random2[Android_4.4.4_Sony Experia Z3_explorer_10]" classname="se.redmind.rmtest.selenium.example.RandomClass8(20150415-080512)" time="0.64005923"/>
<testcase name="random2[Android_4.4.4_Sony Experia Z3_opera_15]" classname="se.redmind.rmtest.selenium.example.RandomClass8(20150415-080512)" time="1.1704551"/>
<testcase name="random2[IOS_4_iPhone 3Gs_firefox_31]" classname="se.redmind.rmtest.selenium.example.RandomClass8(20150415-080512)" time="1.8789418"/>
<testcase name="random2[IOS_4_iPhone 3Gs_chrome_42]" classname="se.redmind.rmtest.selenium.example.RandomClass8(20150415-080512)" time="1.1920043"/>
<testcase name="random2[IOS_4_iPhone 3Gs_explorer_10]" classname="se.redmind.rmtest.selenium.example.RandomClass8(20150415-080512)" time="1.760035"/>
<testcase name="random2[IOS_4_iPhone 3Gs_opera_15]" classname="se.redmind.rmtest.selenium.example.RandomClass8(20150415-080512)" time="1.973395"/>
<testcase name="random2[OSX_10.9.5_UNKNOWN_firefox_31]" classname="se.redmind.rmtest.selenium.example.RandomClass8(20150415-080512)" time="0.41944814"/>
<testcase name="random2[OSX_10.9.5_UNKNOWN_chrome_42]" classname="se.redmind.rmtest.selenium.example.RandomClass8(20150415-080512)" time="0.8495661"/>
<testcase name="random2[OSX_10.9.5_UNKNOWN_explorer_10]" classname="se.redmind.rmtest.selenium.example.RandomClass8(20150415-080512)" time="1.7499226"/>
<testcase name="random2[OSX_10.9.5_UNKNOWN_opera_15]" classname="se.redmind.rmtest.selenium.example.RandomClass8(20150415-080512)" time="1.190155"/>
<testcase name="random2[Windows_8.1_UNKNOWN_firefox_31]" classname="se.redmind.rmtest.selenium.example.RandomClass8(20150415-080512)" time="1.4497827"/>
<testcase name="random2[Windows_8.1_UNKNOWN_chrome_42]" classname="se.redmind.rmtest.selenium.example.RandomClass8(20150415-080512)" time="0.6602284"/>
<testcase name="random2[Windows_8.1_UNKNOWN_explorer_10]" classname="se.redmind.rmtest.selenium.example.RandomClass8(20150415-080512)" time="1.7713451"/>
<testcase name="random2[Windows_8.1_UNKNOWN_opera_15]" classname="se.redmind.rmtest.selenium.example.RandomClass8(20150415-080512)" time="1.1498464">
	<failure type="java.lang.AssertionError:">java.lang.AssertionError: null
		at org.junit.Assert.fail(Assert.java:86)
		at org.junit.Assert.assertTrue(Assert.java:41)
		at org.junit.Assert.assertTrue(Assert.java:52)
		at se.redmind.rmtest.selenium.example.CreateRandomRes3.random14(CreateRandomRes3.java:128)
	</failure>
</testcase>
<testcase name="random3[Android_5.1_Nexus 6_firefox_31]" classname="se.redmind.rmtest.selenium.example.RandomClass8(20150415-080512)" time="1.7553824"/>
<testcase name="random3[Android_5.1_Nexus 6_chrome_42]" classname="se.redmind.rmtest.selenium.example.RandomClass8(20150415-080512)" time="0.5394119">
	<failure type="java.lang.AssertionError:">java.lang.AssertionError: null
		at org.junit.Assert.fail(Assert.java:86)
		at org.junit.Assert.assertTrue(Assert.java:41)
		at org.junit.Assert.assertTrue(Assert.java:52)
		at se.redmind.rmtest.selenium.example.CreateRandomRes3.random14(CreateRandomRes3.java:128)
	</failure>
</testcase>
<testcase name="random3[Android_5.1_Nexus 6_explorer_10]" classname="se.redmind.rmtest.selenium.example.RandomClass8(20150415-080512)" time="1.6592937"/>
<testcase name="random3[Android_5.1_Nexus 6_opera_15]" classname="se.redmind.rmtest.selenium.example.RandomClass8(20150415-080512)" time="0.5256455"/>
<testcase name="random3[Android_2.3_VeiVei_firefox_31]" classname="se.redmind.rmtest.selenium.example.RandomClass8(20150415-080512)" time="0.62830806">
	<error type="java.lang.AssertionError:">java.lang.AssertionError: null
		at org.junit.Assert.fail(Assert.java:86)
		at org.junit.Assert.assertTrue(Assert.java:41)
		at org.junit.Assert.assertTrue(Assert.java:52)
		at se.redmind.rmtest.selenium.example.CreateRandomRes3.random14(CreateRandomRes3.java:128)
	</error>
</testcase>
<testcase name="random3[Android_2.3_VeiVei_chrome_42]" classname="se.redmind.rmtest.selenium.example.RandomClass8(20150415-080512)" time="1.6272342"/>
<testcase name="random3[Android_2.3_VeiVei_explorer_10]" classname="se.redmind.rmtest.selenium.example.RandomClass8(20150415-080512)" time="1.4662424"/>
<testcase name="random3[Android_2.3_VeiVei_opera_15]" classname="se.redmind.rmtest.selenium.example.RandomClass8(20150415-080512)" time="1.4827046"/>
<testcase name="random3[Android_4.4.4_Sony Experia Z3_firefox_31]" classname="se.redmind.rmtest.selenium.example.RandomClass8(20150415-080512)" time="0.4209901">
	<failure type="java.lang.AssertionError:">java.lang.AssertionError: null
		at org.junit.Assert.fail(Assert.java:86)
		at org.junit.Assert.assertTrue(Assert.java:41)
		at org.junit.Assert.assertTrue(Assert.java:52)
		at se.redmind.rmtest.selenium.example.CreateRandomRes3.random14(CreateRandomRes3.java:128)
	</failure>
</testcase>
<testcase name="random3[Android_4.4.4_Sony Experia Z3_chrome_42]" classname="se.redmind.rmtest.selenium.example.RandomClass8(20150415-080512)" time="0.06942129">
	<failure type="java.lang.AssertionError:">java.lang.AssertionError: null
		at org.junit.Assert.fail(Assert.java:86)
		at org.junit.Assert.assertTrue(Assert.java:41)
		at org.junit.Assert.assertTrue(Assert.java:52)
		at se.redmind.rmtest.selenium.example.CreateRandomRes3.random14(CreateRandomRes3.java:128)
	</failure>
</testcase>
<testcase name="random3[Android_4.4.4_Sony Experia Z3_explorer_10]" classname="se.redmind.rmtest.selenium.example.RandomClass8(20150415-080512)" time="1.6958582"/>
<testcase name="random3[Android_4.4.4_Sony Experia Z3_opera_15]" classname="se.redmind.rmtest.selenium.example.RandomClass8(20150415-080512)" time="1.9891754">
	<failure type="java.lang.AssertionError:">java.lang.AssertionError: null
		at org.junit.Assert.fail(Assert.java:86)
		at org.junit.Assert.assertTrue(Assert.java:41)
		at org.junit.Assert.assertTrue(Assert.java:52)
		at se.redmind.rmtest.selenium.example.CreateRandomRes3.random14(CreateRandomRes3.java:128)
	</failure>
</testcase>
<testcase name="random3[IOS_4_iPhone 3Gs_firefox_31]" classname="se.redmind.rmtest.selenium.example.RandomClass8(20150415-080512)" time="0.944924">
<skipped/>
</testcase>
<testcase name="random3[IOS_4_iPhone 3Gs_firefox_31]" classname="se.redmind.rmtest.selenium.example.RandomClass8(20150415-080512)" time="1.9552523"/>
<testcase name="random3[IOS_4_iPhone 3Gs_chrome_42]" classname="se.redmind.rmtest.selenium.example.RandomClass8(20150415-080512)" time="1.5598316">
<skipped/>
</testcase>
<testcase name="random3[IOS_4_iPhone 3Gs_chrome_42]" classname="se.redmind.rmtest.selenium.example.RandomClass8(20150415-080512)" time="1.3042722"/>
<testcase name="random3[IOS_4_iPhone 3Gs_explorer_10]" classname="se.redmind.rmtest.selenium.example.RandomClass8(20150415-080512)" time="1.5444297">
<skipped/>
</testcase>
<testcase name="random3[IOS_4_iPhone 3Gs_explorer_10]" classname="se.redmind.rmtest.selenium.example.RandomClass8(20150415-080512)" time="1.805893"/>
<testcase name="random3[IOS_4_iPhone 3Gs_opera_15]" classname="se.redmind.rmtest.selenium.example.RandomClass8(20150415-080512)" time="0.29777312">
<skipped/>
</testcase>
<testcase name="random3[IOS_4_iPhone 3Gs_opera_15]" classname="se.redmind.rmtest.selenium.example.RandomClass8(20150415-080512)" time="0.9032886"/>
<testcase name="random3[OSX_10.9.5_UNKNOWN_firefox_31]" classname="se.redmind.rmtest.selenium.example.RandomClass8(20150415-080512)" time="1.4657664">
	<failure type="java.lang.AssertionError:">java.lang.AssertionError: null
		at org.junit.Assert.fail(Assert.java:86)
		at org.junit.Assert.assertTrue(Assert.java:41)
		at org.junit.Assert.assertTrue(Assert.java:52)
		at se.redmind.rmtest.selenium.example.CreateRandomRes3.random14(CreateRandomRes3.java:128)
	</failure>
</testcase>
<testcase name="random3[OSX_10.9.5_UNKNOWN_chrome_42]" classname="se.redmind.rmtest.selenium.example.RandomClass8(20150415-080512)" time="0.27877867">
	<failure type="java.lang.AssertionError:">java.lang.AssertionError: null
		at org.junit.Assert.fail(Assert.java:86)
		at org.junit.Assert.assertTrue(Assert.java:41)
		at org.junit.Assert.assertTrue(Assert.java:52)
		at se.redmind.rmtest.selenium.example.CreateRandomRes3.random14(CreateRandomRes3.java:128)
	</failure>
</testcase>
<testcase name="random3[OSX_10.9.5_UNKNOWN_explorer_10]" classname="se.redmind.rmtest.selenium.example.RandomClass8(20150415-080512)" time="1.664724">
	<failure type="java.lang.AssertionError:">java.lang.AssertionError: null
		at org.junit.Assert.fail(Assert.java:86)
		at org.junit.Assert.assertTrue(Assert.java:41)
		at org.junit.Assert.assertTrue(Assert.java:52)
		at se.redmind.rmtest.selenium.example.CreateRandomRes3.random14(CreateRandomRes3.java:128)
	</failure>
</testcase>
<testcase name="random3[OSX_10.9.5_UNKNOWN_opera_15]" classname="se.redmind.rmtest.selenium.example.RandomClass8(20150415-080512)" time="0.38278604"/>
<testcase name="random3[Windows_8.1_UNKNOWN_firefox_31]" classname="se.redmind.rmtest.selenium.example.RandomClass8(20150415-080512)" time="0.09667361"/>
<testcase name="random3[Windows_8.1_UNKNOWN_chrome_42]" classname="se.redmind.rmtest.selenium.example.RandomClass8(20150415-080512)" time="1.9570467"/>
<testcase name="random3[Windows_8.1_UNKNOWN_explorer_10]" classname="se.redmind.rmtest.selenium.example.RandomClass8(20150415-080512)" time="1.6699524">
	<failure type="java.lang.AssertionError:">java.lang.AssertionError: null
		at org.junit.Assert.fail(Assert.java:86)
		at org.junit.Assert.assertTrue(Assert.java:41)
		at org.junit.Assert.assertTrue(Assert.java:52)
		at se.redmind.rmtest.selenium.example.CreateRandomRes3.random14(CreateRandomRes3.java:128)
	</failure>
</testcase>
<testcase name="random3[Windows_8.1_UNKNOWN_opera_15]" classname="se.redmind.rmtest.selenium.example.RandomClass8(20150415-080512)" time="1.3953065"/>
<testcase name="random4[Android_5.1_Nexus 6_firefox_31]" classname="se.redmind.rmtest.selenium.example.RandomClass8(20150415-080512)" time="0.52907205">
	<failure type="java.lang.AssertionError:">java.lang.AssertionError: null
		at org.junit.Assert.fail(Assert.java:86)
		at org.junit.Assert.assertTrue(Assert.java:41)
		at org.junit.Assert.assertTrue(Assert.java:52)
		at se.redmind.rmtest.selenium.example.CreateRandomRes3.random14(CreateRandomRes3.java:128)
	</failure>
</testcase>
<testcase name="random4[Android_5.1_Nexus 6_chrome_42]" classname="se.redmind.rmtest.selenium.example.RandomClass8(20150415-080512)" time="0.56199515"/>
<testcase name="random4[Android_5.1_Nexus 6_explorer_10]" classname="se.redmind.rmtest.selenium.example.RandomClass8(20150415-080512)" time="0.3435428"/>
<testcase name="random4[Android_5.1_Nexus 6_opera_15]" classname="se.redmind.rmtest.selenium.example.RandomClass8(20150415-080512)" time="0.57288945">
	<failure type="java.lang.AssertionError:">java.lang.AssertionError: null
		at org.junit.Assert.fail(Assert.java:86)
		at org.junit.Assert.assertTrue(Assert.java:41)
		at org.junit.Assert.assertTrue(Assert.java:52)
		at se.redmind.rmtest.selenium.example.CreateRandomRes3.random14(CreateRandomRes3.java:128)
	</failure>
</testcase>
<testcase name="random4[Android_2.3_VeiVei_firefox_31]" classname="se.redmind.rmtest.selenium.example.RandomClass8(20150415-080512)" time="0.098435044"/>
<testcase name="random4[Android_2.3_VeiVei_chrome_42]" classname="se.redmind.rmtest.selenium.example.RandomClass8(20150415-080512)" time="1.2732936"/>
<testcase name="random4[Android_2.3_VeiVei_explorer_10]" classname="se.redmind.rmtest.selenium.example.RandomClass8(20150415-080512)" time="1.033319"/>
<testcase name="random4[Android_2.3_VeiVei_opera_15]" classname="se.redmind.rmtest.selenium.example.RandomClass8(20150415-080512)" time="1.2006285"/>
<testcase name="random4[Android_4.4.4_Sony Experia Z3_firefox_31]" classname="se.redmind.rmtest.selenium.example.RandomClass8(20150415-080512)" time="1.6637747">
	<error type="java.lang.AssertionError:">java.lang.AssertionError: null
		at org.junit.Assert.fail(Assert.java:86)
		at org.junit.Assert.assertTrue(Assert.java:41)
		at org.junit.Assert.assertTrue(Assert.java:52)
		at se.redmind.rmtest.selenium.example.CreateRandomRes3.random14(CreateRandomRes3.java:128)
	</error>
</testcase>
<testcase name="random4[Android_4.4.4_Sony Experia Z3_chrome_42]" classname="se.redmind.rmtest.selenium.example.RandomClass8(20150415-080512)" time="1.9501833">
	<error type="java.lang.AssertionError:">java.lang.AssertionError: null
		at org.junit.Assert.fail(Assert.java:86)
		at org.junit.Assert.assertTrue(Assert.java:41)
		at org.junit.Assert.assertTrue(Assert.java:52)
		at se.redmind.rmtest.selenium.example.CreateRandomRes3.random14(CreateRandomRes3.java:128)
	</error>
</testcase>
<testcase name="random4[Android_4.4.4_Sony Experia Z3_explorer_10]" classname="se.redmind.rmtest.selenium.example.RandomClass8(20150415-080512)" time="0.9898441"/>
<testcase name="random4[Android_4.4.4_Sony Experia Z3_opera_15]" classname="se.redmind.rmtest.selenium.example.RandomClass8(20150415-080512)" time="0.96978414"/>
<testcase name="random4[IOS_4_iPhone 3Gs_firefox_31]" classname="se.redmind.rmtest.selenium.example.RandomClass8(20150415-080512)" time="0.33253038">
	<failure type="java.lang.AssertionError:">java.lang.AssertionError: null
		at org.junit.Assert.fail(Assert.java:86)
		at org.junit.Assert.assertTrue(Assert.java:41)
		at org.junit.Assert.assertTrue(Assert.java:52)
		at se.redmind.rmtest.selenium.example.CreateRandomRes3.random14(CreateRandomRes3.java:128)
	</failure>
</testcase>
<testcase name="random4[IOS_4_iPhone 3Gs_chrome_42]" classname="se.redmind.rmtest.selenium.example.RandomClass8(20150415-080512)" time="0.45860028"/>
<testcase name="random4[IOS_4_iPhone 3Gs_explorer_10]" classname="se.redmind.rmtest.selenium.example.RandomClass8(20150415-080512)" time="1.1382061"/>
<testcase name="random4[IOS_4_iPhone 3Gs_opera_15]" classname="se.redmind.rmtest.selenium.example.RandomClass8(20150415-080512)" time="0.6248208"/>
<testcase name="random4[OSX_10.9.5_UNKNOWN_firefox_31]" classname="se.redmind.rmtest.selenium.example.RandomClass8(20150415-080512)" time="0.67891705"/>
<testcase name="random4[OSX_10.9.5_UNKNOWN_chrome_42]" classname="se.redmind.rmtest.selenium.example.RandomClass8(20150415-080512)" time="1.6408706"/>
<testcase name="random4[OSX_10.9.5_UNKNOWN_explorer_10]" classname="se.redmind.rmtest.selenium.example.RandomClass8(20150415-080512)" time="1.1467764"/>
<testcase name="random4[OSX_10.9.5_UNKNOWN_opera_15]" classname="se.redmind.rmtest.selenium.example.RandomClass8(20150415-080512)" time="0.36273348"/>
<testcase name="random4[Windows_8.1_UNKNOWN_firefox_31]" classname="se.redmind.rmtest.selenium.example.RandomClass8(20150415-080512)" time="0.15739775"/>
<testcase name="random4[Windows_8.1_UNKNOWN_chrome_42]" classname="se.redmind.rmtest.selenium.example.RandomClass8(20150415-080512)" time="1.7102388"/>
<testcase name="random4[Windows_8.1_UNKNOWN_explorer_10]" classname="se.redmind.rmtest.selenium.example.RandomClass8(20150415-080512)" time="0.15889513"/>
<testcase name="random4[Windows_8.1_UNKNOWN_opera_15]" classname="se.redmind.rmtest.selenium.example.RandomClass8(20150415-080512)" time="0.94637036"/>
<testcase name="random1[Android_4.4.4_HTC ONE_firefox_31]" classname="se.redmind.rmtest.selenium.example.RandomClass9(20150415-080512)" time="1.8280903"/>
<testcase name="random1[Android_4.4.4_HTC ONE_chrome_42]" classname="se.redmind.rmtest.selenium.example.RandomClass9(20150415-080512)" time="0.66320336"/>
<testcase name="random1[Android_4.4.4_HTC ONE_explorer_10]" classname="se.redmind.rmtest.selenium.example.RandomClass9(20150415-080512)" time="1.2439934">
	<failure type="java.lang.AssertionError:">java.lang.AssertionError: null
		at org.junit.Assert.fail(Assert.java:86)
		at org.junit.Assert.assertTrue(Assert.java:41)
		at org.junit.Assert.assertTrue(Assert.java:52)
		at se.redmind.rmtest.selenium.example.CreateRandomRes3.random14(CreateRandomRes3.java:128)
	</failure>
</testcase>
<testcase name="random1[Android_4.4.4_HTC ONE_opera_15]" classname="se.redmind.rmtest.selenium.example.RandomClass9(20150415-080512)" time="0.7246771"/>
<testcase name="random1[Android_5.1_Nexus 6_firefox_31]" classname="se.redmind.rmtest.selenium.example.RandomClass9(20150415-080512)" time="0.7188773">
	<failure type="java.lang.AssertionError:">java.lang.AssertionError: null
		at org.junit.Assert.fail(Assert.java:86)
		at org.junit.Assert.assertTrue(Assert.java:41)
		at org.junit.Assert.assertTrue(Assert.java:52)
		at se.redmind.rmtest.selenium.example.CreateRandomRes3.random14(CreateRandomRes3.java:128)
	</failure>
</testcase>
<testcase name="random1[Android_5.1_Nexus 6_chrome_42]" classname="se.redmind.rmtest.selenium.example.RandomClass9(20150415-080512)" time="0.16610587">
	<failure type="java.lang.AssertionError:">java.lang.AssertionError: null
		at org.junit.Assert.fail(Assert.java:86)
		at org.junit.Assert.assertTrue(Assert.java:41)
		at org.junit.Assert.assertTrue(Assert.java:52)
		at se.redmind.rmtest.selenium.example.CreateRandomRes3.random14(CreateRandomRes3.java:128)
	</failure>
</testcase>
<testcase name="random1[Android_5.1_Nexus 6_explorer_10]" classname="se.redmind.rmtest.selenium.example.RandomClass9(20150415-080512)" time="0.7571671"/>
<testcase name="random1[Android_5.1_Nexus 6_opera_15]" classname="se.redmind.rmtest.selenium.example.RandomClass9(20150415-080512)" time="1.3221605"/>
<testcase name="random1[Android_2.3_VeiVei_firefox_31]" classname="se.redmind.rmtest.selenium.example.RandomClass9(20150415-080512)" time="0.1792748"/>
<testcase name="random1[Android_2.3_VeiVei_chrome_42]" classname="se.redmind.rmtest.selenium.example.RandomClass9(20150415-080512)" time="0.43176937"/>
<testcase name="random1[Android_2.3_VeiVei_explorer_10]" classname="se.redmind.rmtest.selenium.example.RandomClass9(20150415-080512)" time="1.6120962">
	<failure type="java.lang.AssertionError:">java.lang.AssertionError: null
		at org.junit.Assert.fail(Assert.java:86)
		at org.junit.Assert.assertTrue(Assert.java:41)
		at org.junit.Assert.assertTrue(Assert.java:52)
		at se.redmind.rmtest.selenium.example.CreateRandomRes3.random14(CreateRandomRes3.java:128)
	</failure>
</testcase>
<testcase name="random1[Android_2.3_VeiVei_opera_15]" classname="se.redmind.rmtest.selenium.example.RandomClass9(20150415-080512)" time="0.8320594">
	<failure type="java.lang.AssertionError:">java.lang.AssertionError: null
		at org.junit.Assert.fail(Assert.java:86)
		at org.junit.Assert.assertTrue(Assert.java:41)
		at org.junit.Assert.assertTrue(Assert.java:52)
		at se.redmind.rmtest.selenium.example.CreateRandomRes3.random14(CreateRandomRes3.java:128)
	</failure>
</testcase>
<testcase name="random1[Android_4.4.4_Sony Experia Z3_firefox_31]" classname="se.redmind.rmtest.selenium.example.RandomClass9(20150415-080512)" time="0.5828303"/>
<testcase name="random1[Android_4.4.4_Sony Experia Z3_chrome_42]" classname="se.redmind.rmtest.selenium.example.RandomClass9(20150415-080512)" time="0.4372648"/>
<testcase name="random1[Android_4.4.4_Sony Experia Z3_explorer_10]" classname="se.redmind.rmtest.selenium.example.RandomClass9(20150415-080512)" time="0.027932644"/>
<testcase name="random1[Android_4.4.4_Sony Experia Z3_opera_15]" classname="se.redmind.rmtest.selenium.example.RandomClass9(20150415-080512)" time="0.8686063"/>
<testcase name="random1[IOS_8.2_iPhone 6_firefox_31]" classname="se.redmind.rmtest.selenium.example.RandomClass9(20150415-080512)" time="0.7451793"/>
<testcase name="random1[IOS_8.2_iPhone 6_chrome_42]" classname="se.redmind.rmtest.selenium.example.RandomClass9(20150415-080512)" time="1.7954952">
	<failure type="java.lang.AssertionError:">java.lang.AssertionError: null
		at org.junit.Assert.fail(Assert.java:86)
		at org.junit.Assert.assertTrue(Assert.java:41)
		at org.junit.Assert.assertTrue(Assert.java:52)
		at se.redmind.rmtest.selenium.example.CreateRandomRes3.random14(CreateRandomRes3.java:128)
	</failure>
</testcase>
<testcase name="random1[IOS_8.2_iPhone 6_explorer_10]" classname="se.redmind.rmtest.selenium.example.RandomClass9(20150415-080512)" time="1.2903512"/>
<testcase name="random1[IOS_8.2_iPhone 6_opera_15]" classname="se.redmind.rmtest.selenium.example.RandomClass9(20150415-080512)" time="0.6019386">
	<failure type="java.lang.AssertionError:">java.lang.AssertionError: null
		at org.junit.Assert.fail(Assert.java:86)
		at org.junit.Assert.assertTrue(Assert.java:41)
		at org.junit.Assert.assertTrue(Assert.java:52)
		at se.redmind.rmtest.selenium.example.CreateRandomRes3.random14(CreateRandomRes3.java:128)
	</failure>
</testcase>
<testcase name="random1[IOS_4_iPhone 3Gs_firefox_31]" classname="se.redmind.rmtest.selenium.example.RandomClass9(20150415-080512)" time="0.4643544"/>
<testcase name="random1[IOS_4_iPhone 3Gs_chrome_42]" classname="se.redmind.rmtest.selenium.example.RandomClass9(20150415-080512)" time="1.3233773"/>
<testcase name="random1[IOS_4_iPhone 3Gs_explorer_10]" classname="se.redmind.rmtest.selenium.example.RandomClass9(20150415-080512)" time="0.87046576">
	<error type="java.lang.AssertionError:">java.lang.AssertionError: null
		at org.junit.Assert.fail(Assert.java:86)
		at org.junit.Assert.assertTrue(Assert.java:41)
		at org.junit.Assert.assertTrue(Assert.java:52)
		at se.redmind.rmtest.selenium.example.CreateRandomRes3.random14(CreateRandomRes3.java:128)
	</error>
</testcase>
<testcase name="random1[IOS_4_iPhone 3Gs_opera_15]" classname="se.redmind.rmtest.selenium.example.RandomClass9(20150415-080512)" time="1.1282492">
	<failure type="java.lang.AssertionError:">java.lang.AssertionError: null
		at org.junit.Assert.fail(Assert.java:86)
		at org.junit.Assert.assertTrue(Assert.java:41)
		at org.junit.Assert.assertTrue(Assert.java:52)
		at se.redmind.rmtest.selenium.example.CreateRandomRes3.random14(CreateRandomRes3.java:128)
	</failure>
</testcase>
<testcase name="random1[OSX_10.9.5_UNKNOWN_firefox_31]" classname="se.redmind.rmtest.selenium.example.RandomClass9(20150415-080512)" time="1.2145029"/>
<testcase name="random1[OSX_10.9.5_UNKNOWN_chrome_42]" classname="se.redmind.rmtest.selenium.example.RandomClass9(20150415-080512)" time="0.086114764">
	<failure type="java.lang.AssertionError:">java.lang.AssertionError: null
		at org.junit.Assert.fail(Assert.java:86)
		at org.junit.Assert.assertTrue(Assert.java:41)
		at org.junit.Assert.assertTrue(Assert.java:52)
		at se.redmind.rmtest.selenium.example.CreateRandomRes3.random14(CreateRandomRes3.java:128)
	</failure>
</testcase>
<testcase name="random1[OSX_10.9.5_UNKNOWN_explorer_10]" classname="se.redmind.rmtest.selenium.example.RandomClass9(20150415-080512)" time="0.6885054">
	<failure type="java.lang.AssertionError:">java.lang.AssertionError: null
		at org.junit.Assert.fail(Assert.java:86)
		at org.junit.Assert.assertTrue(Assert.java:41)
		at org.junit.Assert.assertTrue(Assert.java:52)
		at se.redmind.rmtest.selenium.example.CreateRandomRes3.random14(CreateRandomRes3.java:128)
	</failure>
</testcase>
<testcase name="random1[OSX_10.9.5_UNKNOWN_opera_15]" classname="se.redmind.rmtest.selenium.example.RandomClass9(20150415-080512)" time="0.84512055">
	<failure type="java.lang.AssertionError:">java.lang.AssertionError: null
		at org.junit.Assert.fail(Assert.java:86)
		at org.junit.Assert.assertTrue(Assert.java:41)
		at org.junit.Assert.assertTrue(Assert.java:52)
		at se.redmind.rmtest.selenium.example.CreateRandomRes3.random14(CreateRandomRes3.java:128)
	</failure>
</testcase>
<testcase name="random1[Windows_8.1_UNKNOWN_firefox_31]" classname="se.redmind.rmtest.selenium.example.RandomClass9(20150415-080512)" time="1.86379"/>
<testcase name="random1[Windows_8.1_UNKNOWN_chrome_42]" classname="se.redmind.rmtest.selenium.example.RandomClass9(20150415-080512)" time="1.7488072"/>
<testcase name="random1[Windows_8.1_UNKNOWN_explorer_10]" classname="se.redmind.rmtest.selenium.example.RandomClass9(20150415-080512)" time="0.83334374"/>
<testcase name="random1[Windows_8.1_UNKNOWN_opera_15]" classname="se.redmind.rmtest.selenium.example.RandomClass9(20150415-080512)" time="0.1553632"/>
<testcase name="random1[Windows_10_UNKNOWN_firefox_31]" classname="se.redmind.rmtest.selenium.example.RandomClass9(20150415-080512)" time="0.96826327">
	<error type="java.lang.AssertionError:">java.lang.AssertionError: null
		at org.junit.Assert.fail(Assert.java:86)
		at org.junit.Assert.assertTrue(Assert.java:41)
		at org.junit.Assert.assertTrue(Assert.java:52)
		at se.redmind.rmtest.selenium.example.CreateRandomRes3.random14(CreateRandomRes3.java:128)
	</error>
</testcase>
<testcase name="random1[Windows_10_UNKNOWN_chrome_42]" classname="se.redmind.rmtest.selenium.example.RandomClass9(20150415-080512)" time="1.1385033"/>
<testcase name="random1[Windows_10_UNKNOWN_explorer_10]" classname="se.redmind.rmtest.selenium.example.RandomClass9(20150415-080512)" time="1.9012163"/>
<testcase name="random1[Windows_10_UNKNOWN_opera_15]" classname="se.redmind.rmtest.selenium.example.RandomClass9(20150415-080512)" time="0.7809392">
	<failure type="java.lang.AssertionError:">java.lang.AssertionError: null
		at org.junit.Assert.fail(Assert.java:86)
		at org.junit.Assert.assertTrue(Assert.java:41)
		at org.junit.Assert.assertTrue(Assert.java:52)
		at se.redmind.rmtest.selenium.example.CreateRandomRes3.random14(CreateRandomRes3.java:128)
	</failure>
</testcase>
<testcase name="random1[Ubuntu_14.04_UNKNOWN_firefox_31]" classname="se.redmind.rmtest.selenium.example.RandomClass9(20150415-080512)" time="0.34208703"/>
<testcase name="random1[Ubuntu_14.04_UNKNOWN_chrome_42]" classname="se.redmind.rmtest.selenium.example.RandomClass9(20150415-080512)" time="1.4848344"/>
<testcase name="random1[Ubuntu_14.04_UNKNOWN_explorer_10]" classname="se.redmind.rmtest.selenium.example.RandomClass9(20150415-080512)" time="0.2432319"/>
<testcase name="random1[Ubuntu_14.04_UNKNOWN_opera_15]" classname="se.redmind.rmtest.selenium.example.RandomClass9(20150415-080512)" time="1.8516777"/>
<testcase name="random1[Ubuntu_12.10_UNKNOWN_firefox_31]" classname="se.redmind.rmtest.selenium.example.RandomClass9(20150415-080512)" time="1.0815507"/>
<testcase name="random1[Ubuntu_12.10_UNKNOWN_chrome_42]" classname="se.redmind.rmtest.selenium.example.RandomClass9(20150415-080512)" time="0.7014531"/>
<testcase name="random1[Ubuntu_12.10_UNKNOWN_explorer_10]" classname="se.redmind.rmtest.selenium.example.RandomClass9(20150415-080512)" time="1.9343704">
	<failure type="java.lang.AssertionError:">java.lang.AssertionError: null
		at org.junit.Assert.fail(Assert.java:86)
		at org.junit.Assert.assertTrue(Assert.java:41)
		at org.junit.Assert.assertTrue(Assert.java:52)
		at se.redmind.rmtest.selenium.example.CreateRandomRes3.random14(CreateRandomRes3.java:128)
	</failure>
</testcase>
<testcase name="random1[Ubuntu_12.10_UNKNOWN_opera_15]" classname="se.redmind.rmtest.selenium.example.RandomClass9(20150415-080512)" time="0.78330815"/>
<testcase name="random2[Android_4.4.4_HTC ONE_firefox_31]" classname="se.redmind.rmtest.selenium.example.RandomClass9(20150415-080512)" time="0.19396055"/>
<testcase name="random2[Android_4.4.4_HTC ONE_chrome_42]" classname="se.redmind.rmtest.selenium.example.RandomClass9(20150415-080512)" time="1.1300551"/>
<testcase name="random2[Android_4.4.4_HTC ONE_explorer_10]" classname="se.redmind.rmtest.selenium.example.RandomClass9(20150415-080512)" time="0.53261864"/>
<testcase name="random2[Android_4.4.4_HTC ONE_opera_15]" classname="se.redmind.rmtest.selenium.example.RandomClass9(20150415-080512)" time="0.6807108"/>
<testcase name="random2[Android_5.1_Nexus 6_firefox_31]" classname="se.redmind.rmtest.selenium.example.RandomClass9(20150415-080512)" time="1.7725635"/>
<testcase name="random2[Android_5.1_Nexus 6_chrome_42]" classname="se.redmind.rmtest.selenium.example.RandomClass9(20150415-080512)" time="0.5395044"/>
<testcase name="random2[Android_5.1_Nexus 6_explorer_10]" classname="se.redmind.rmtest.selenium.example.RandomClass9(20150415-080512)" time="0.15274012">
	<failure type="java.lang.AssertionError:">java.lang.AssertionError: null
		at org.junit.Assert.fail(Assert.java:86)
		at org.junit.Assert.assertTrue(Assert.java:41)
		at org.junit.Assert.assertTrue(Assert.java:52)
		at se.redmind.rmtest.selenium.example.CreateRandomRes3.random14(CreateRandomRes3.java:128)
	</failure>
</testcase>
<testcase name="random2[Android_5.1_Nexus 6_opera_15]" classname="se.redmind.rmtest.selenium.example.RandomClass9(20150415-080512)" time="1.6805639"/>
<testcase name="random2[Android_2.3_VeiVei_firefox_31]" classname="se.redmind.rmtest.selenium.example.RandomClass9(20150415-080512)" time="0.36614156"/>
<testcase name="random2[Android_2.3_VeiVei_chrome_42]" classname="se.redmind.rmtest.selenium.example.RandomClass9(20150415-080512)" time="0.3288573"/>
<testcase name="random2[Android_2.3_VeiVei_explorer_10]" classname="se.redmind.rmtest.selenium.example.RandomClass9(20150415-080512)" time="0.22651911">
	<failure type="java.lang.AssertionError:">java.lang.AssertionError: null
		at org.junit.Assert.fail(Assert.java:86)
		at org.junit.Assert.assertTrue(Assert.java:41)
		at org.junit.Assert.assertTrue(Assert.java:52)
		at se.redmind.rmtest.selenium.example.CreateRandomRes3.random14(CreateRandomRes3.java:128)
	</failure>
</testcase>
<testcase name="random2[Android_2.3_VeiVei_opera_15]" classname="se.redmind.rmtest.selenium.example.RandomClass9(20150415-080512)" time="1.3729626">
	<error type="java.lang.AssertionError:">java.lang.AssertionError: null
		at org.junit.Assert.fail(Assert.java:86)
		at org.junit.Assert.assertTrue(Assert.java:41)
		at org.junit.Assert.assertTrue(Assert.java:52)
		at se.redmind.rmtest.selenium.example.CreateRandomRes3.random14(CreateRandomRes3.java:128)
	</error>
</testcase>
<testcase name="random2[Android_4.4.4_Sony Experia Z3_firefox_31]" classname="se.redmind.rmtest.selenium.example.RandomClass9(20150415-080512)" time="0.2281735"/>
<testcase name="random2[Android_4.4.4_Sony Experia Z3_chrome_42]" classname="se.redmind.rmtest.selenium.example.RandomClass9(20150415-080512)" time="1.304982"/>
<testcase name="random2[Android_4.4.4_Sony Experia Z3_explorer_10]" classname="se.redmind.rmtest.selenium.example.RandomClass9(20150415-080512)" time="1.6738023"/>
<testcase name="random2[Android_4.4.4_Sony Experia Z3_opera_15]" classname="se.redmind.rmtest.selenium.example.RandomClass9(20150415-080512)" time="1.4677575"/>
<testcase name="random2[IOS_8.2_iPhone 6_firefox_31]" classname="se.redmind.rmtest.selenium.example.RandomClass9(20150415-080512)" time="1.0612206"/>
<testcase name="random2[IOS_8.2_iPhone 6_chrome_42]" classname="se.redmind.rmtest.selenium.example.RandomClass9(20150415-080512)" time="1.6870184"/>
<testcase name="random2[IOS_8.2_iPhone 6_explorer_10]" classname="se.redmind.rmtest.selenium.example.RandomClass9(20150415-080512)" time="0.7520981"/>
<testcase name="random2[IOS_8.2_iPhone 6_opera_15]" classname="se.redmind.rmtest.selenium.example.RandomClass9(20150415-080512)" time="1.6833849"/>
<testcase name="random2[IOS_4_iPhone 3Gs_firefox_31]" classname="se.redmind.rmtest.selenium.example.RandomClass9(20150415-080512)" time="0.25019717"/>
<testcase name="random2[IOS_4_iPhone 3Gs_chrome_42]" classname="se.redmind.rmtest.selenium.example.RandomClass9(20150415-080512)" time="0.58255947">
	<failure type="java.lang.AssertionError:">java.lang.AssertionError: null
		at org.junit.Assert.fail(Assert.java:86)
		at org.junit.Assert.assertTrue(Assert.java:41)
		at org.junit.Assert.assertTrue(Assert.java:52)
		at se.redmind.rmtest.selenium.example.CreateRandomRes3.random14(CreateRandomRes3.java:128)
	</failure>
</testcase>
<testcase name="random2[IOS_4_iPhone 3Gs_explorer_10]" classname="se.redmind.rmtest.selenium.example.RandomClass9(20150415-080512)" time="1.696827">
	<failure type="java.lang.AssertionError:">java.lang.AssertionError: null
		at org.junit.Assert.fail(Assert.java:86)
		at org.junit.Assert.assertTrue(Assert.java:41)
		at org.junit.Assert.assertTrue(Assert.java:52)
		at se.redmind.rmtest.selenium.example.CreateRandomRes3.random14(CreateRandomRes3.java:128)
	</failure>
</testcase>
<testcase name="random2[IOS_4_iPhone 3Gs_opera_15]" classname="se.redmind.rmtest.selenium.example.RandomClass9(20150415-080512)" time="1.4287245"/>
<testcase name="random2[OSX_10.9.5_UNKNOWN_firefox_31]" classname="se.redmind.rmtest.selenium.example.RandomClass9(20150415-080512)" time="0.97259796">
	<failure type="java.lang.AssertionError:">java.lang.AssertionError: null
		at org.junit.Assert.fail(Assert.java:86)
		at org.junit.Assert.assertTrue(Assert.java:41)
		at org.junit.Assert.assertTrue(Assert.java:52)
		at se.redmind.rmtest.selenium.example.CreateRandomRes3.random14(CreateRandomRes3.java:128)
	</failure>
</testcase>
<testcase name="random2[OSX_10.9.5_UNKNOWN_chrome_42]" classname="se.redmind.rmtest.selenium.example.RandomClass9(20150415-080512)" time="0.35318863"/>
<testcase name="random2[OSX_10.9.5_UNKNOWN_explorer_10]" classname="se.redmind.rmtest.selenium.example.RandomClass9(20150415-080512)" time="0.12058151"/>
<testcase name="random2[OSX_10.9.5_UNKNOWN_opera_15]" classname="se.redmind.rmtest.selenium.example.RandomClass9(20150415-080512)" time="0.75352144">
	<failure type="java.lang.AssertionError:">java.lang.AssertionError: null
		at org.junit.Assert.fail(Assert.java:86)
		at org.junit.Assert.assertTrue(Assert.java:41)
		at org.junit.Assert.assertTrue(Assert.java:52)
		at se.redmind.rmtest.selenium.example.CreateRandomRes3.random14(CreateRandomRes3.java:128)
	</failure>
</testcase>
<testcase name="random2[Windows_8.1_UNKNOWN_firefox_31]" classname="se.redmind.rmtest.selenium.example.RandomClass9(20150415-080512)" time="1.0723706"/>
<testcase name="random2[Windows_8.1_UNKNOWN_chrome_42]" classname="se.redmind.rmtest.selenium.example.RandomClass9(20150415-080512)" time="1.6834263"/>
<testcase name="random2[Windows_8.1_UNKNOWN_explorer_10]" classname="se.redmind.rmtest.selenium.example.RandomClass9(20150415-080512)" time="0.12234461"/>
<testcase name="random2[Windows_8.1_UNKNOWN_opera_15]" classname="se.redmind.rmtest.selenium.example.RandomClass9(20150415-080512)" time="0.814561"/>
<testcase name="random2[Windows_10_UNKNOWN_firefox_31]" classname="se.redmind.rmtest.selenium.example.RandomClass9(20150415-080512)" time="0.38530672"/>
<testcase name="random2[Windows_10_UNKNOWN_chrome_42]" classname="se.redmind.rmtest.selenium.example.RandomClass9(20150415-080512)" time="0.121742606"/>
<testcase name="random2[Windows_10_UNKNOWN_explorer_10]" classname="se.redmind.rmtest.selenium.example.RandomClass9(20150415-080512)" time="1.2565321">
	<failure type="java.lang.AssertionError:">java.lang.AssertionError: null
		at org.junit.Assert.fail(Assert.java:86)
		at org.junit.Assert.assertTrue(Assert.java:41)
		at org.junit.Assert.assertTrue(Assert.java:52)
		at se.redmind.rmtest.selenium.example.CreateRandomRes3.random14(CreateRandomRes3.java:128)
	</failure>
</testcase>
<testcase name="random2[Windows_10_UNKNOWN_opera_15]" classname="se.redmind.rmtest.selenium.example.RandomClass9(20150415-080512)" time="1.1088868">
	<failure type="java.lang.AssertionError:">java.lang.AssertionError: null
		at org.junit.Assert.fail(Assert.java:86)
		at org.junit.Assert.assertTrue(Assert.java:41)
		at org.junit.Assert.assertTrue(Assert.java:52)
		at se.redmind.rmtest.selenium.example.CreateRandomRes3.random14(CreateRandomRes3.java:128)
	</failure>
</testcase>
<testcase name="random2[Ubuntu_14.04_UNKNOWN_firefox_31]" classname="se.redmind.rmtest.selenium.example.RandomClass9(20150415-080512)" time="0.37515962"/>
<testcase name="random2[Ubuntu_14.04_UNKNOWN_chrome_42]" classname="se.redmind.rmtest.selenium.example.RandomClass9(20150415-080512)" time="1.9837346"/>
<testcase name="random2[Ubuntu_14.04_UNKNOWN_explorer_10]" classname="se.redmind.rmtest.selenium.example.RandomClass9(20150415-080512)" time="0.2225995"/>
<testcase name="random2[Ubuntu_14.04_UNKNOWN_opera_15]" classname="se.redmind.rmtest.selenium.example.RandomClass9(20150415-080512)" time="1.288457"/>
<testcase name="random2[Ubuntu_12.10_UNKNOWN_firefox_31]" classname="se.redmind.rmtest.selenium.example.RandomClass9(20150415-080512)" time="0.07246745"/>
<testcase name="random2[Ubuntu_12.10_UNKNOWN_chrome_42]" classname="se.redmind.rmtest.selenium.example.RandomClass9(20150415-080512)" time="1.8497633"/>
<testcase name="random2[Ubuntu_12.10_UNKNOWN_explorer_10]" classname="se.redmind.rmtest.selenium.example.RandomClass9(20150415-080512)" time="1.1904908"/>
<testcase name="random2[Ubuntu_12.10_UNKNOWN_opera_15]" classname="se.redmind.rmtest.selenium.example.RandomClass9(20150415-080512)" time="0.18730795"/>
<testcase name="random3[Android_4.4.4_HTC ONE_firefox_31]" classname="se.redmind.rmtest.selenium.example.RandomClass9(20150415-080512)" time="0.69132924"/>
<testcase name="random3[Android_4.4.4_HTC ONE_chrome_42]" classname="se.redmind.rmtest.selenium.example.RandomClass9(20150415-080512)" time="0.36583078"/>
<testcase name="random3[Android_4.4.4_HTC ONE_explorer_10]" classname="se.redmind.rmtest.selenium.example.RandomClass9(20150415-080512)" time="1.4571642"/>
<testcase name="random3[Android_4.4.4_HTC ONE_opera_15]" classname="se.redmind.rmtest.selenium.example.RandomClass9(20150415-080512)" time="1.344244"/>
<testcase name="random3[Android_5.1_Nexus 6_firefox_31]" classname="se.redmind.rmtest.selenium.example.RandomClass9(20150415-080512)" time="0.077727795">
	<failure type="java.lang.AssertionError:">java.lang.AssertionError: null
		at org.junit.Assert.fail(Assert.java:86)
		at org.junit.Assert.assertTrue(Assert.java:41)
		at org.junit.Assert.assertTrue(Assert.java:52)
		at se.redmind.rmtest.selenium.example.CreateRandomRes3.random14(CreateRandomRes3.java:128)
	</failure>
</testcase>
<testcase name="random3[Android_5.1_Nexus 6_chrome_42]" classname="se.redmind.rmtest.selenium.example.RandomClass9(20150415-080512)" time="0.23905098"/>
<testcase name="random3[Android_5.1_Nexus 6_explorer_10]" classname="se.redmind.rmtest.selenium.example.RandomClass9(20150415-080512)" time="0.18013203"/>
<testcase name="random3[Android_5.1_Nexus 6_opera_15]" classname="se.redmind.rmtest.selenium.example.RandomClass9(20150415-080512)" time="0.67106616"/>
<testcase name="random3[Android_2.3_VeiVei_firefox_31]" classname="se.redmind.rmtest.selenium.example.RandomClass9(20150415-080512)" time="1.9417553"/>
<testcase name="random3[Android_2.3_VeiVei_chrome_42]" classname="se.redmind.rmtest.selenium.example.RandomClass9(20150415-080512)" time="0.9541948">
	<failure type="java.lang.AssertionError:">java.lang.AssertionError: null
		at org.junit.Assert.fail(Assert.java:86)
		at org.junit.Assert.assertTrue(Assert.java:41)
		at org.junit.Assert.assertTrue(Assert.java:52)
		at se.redmind.rmtest.selenium.example.CreateRandomRes3.random14(CreateRandomRes3.java:128)
	</failure>
</testcase>
<testcase name="random3[Android_2.3_VeiVei_explorer_10]" classname="se.redmind.rmtest.selenium.example.RandomClass9(20150415-080512)" time="1.5419241"/>
<testcase name="random3[Android_2.3_VeiVei_opera_15]" classname="se.redmind.rmtest.selenium.example.RandomClass9(20150415-080512)" time="0.38827598"/>
<testcase name="random3[Android_4.4.4_Sony Experia Z3_firefox_31]" classname="se.redmind.rmtest.selenium.example.RandomClass9(20150415-080512)" time="1.9415578"/>
<testcase name="random3[Android_4.4.4_Sony Experia Z3_chrome_42]" classname="se.redmind.rmtest.selenium.example.RandomClass9(20150415-080512)" time="0.38156462"/>
<testcase name="random3[Android_4.4.4_Sony Experia Z3_explorer_10]" classname="se.redmind.rmtest.selenium.example.RandomClass9(20150415-080512)" time="0.7210568"/>
<testcase name="random3[Android_4.4.4_Sony Experia Z3_opera_15]" classname="se.redmind.rmtest.selenium.example.RandomClass9(20150415-080512)" time="0.36899078"/>
<testcase name="random3[IOS_8.2_iPhone 6_firefox_31]" classname="se.redmind.rmtest.selenium.example.RandomClass9(20150415-080512)" time="0.44832194"/>
<testcase name="random3[IOS_8.2_iPhone 6_chrome_42]" classname="se.redmind.rmtest.selenium.example.RandomClass9(20150415-080512)" time="0.3105892"/>
<testcase name="random3[IOS_8.2_iPhone 6_explorer_10]" classname="se.redmind.rmtest.selenium.example.RandomClass9(20150415-080512)" time="1.7624934"/>
<testcase name="random3[IOS_8.2_iPhone 6_opera_15]" classname="se.redmind.rmtest.selenium.example.RandomClass9(20150415-080512)" time="1.5056343"/>
<testcase name="random3[IOS_4_iPhone 3Gs_firefox_31]" classname="se.redmind.rmtest.selenium.example.RandomClass9(20150415-080512)" time="1.8536792">
<skipped/>
</testcase>
<testcase name="random3[IOS_4_iPhone 3Gs_firefox_31]" classname="se.redmind.rmtest.selenium.example.RandomClass9(20150415-080512)" time="0.25485492"/>
<testcase name="random3[IOS_4_iPhone 3Gs_chrome_42]" classname="se.redmind.rmtest.selenium.example.RandomClass9(20150415-080512)" time="0.45377147">
<skipped/>
</testcase>
<testcase name="random3[IOS_4_iPhone 3Gs_chrome_42]" classname="se.redmind.rmtest.selenium.example.RandomClass9(20150415-080512)" time="1.7448449"/>
<testcase name="random3[IOS_4_iPhone 3Gs_explorer_10]" classname="se.redmind.rmtest.selenium.example.RandomClass9(20150415-080512)" time="0.8286369">
<skipped/>
</testcase>
<testcase name="random3[IOS_4_iPhone 3Gs_explorer_10]" classname="se.redmind.rmtest.selenium.example.RandomClass9(20150415-080512)" time="1.9821842"/>
<testcase name="random3[IOS_4_iPhone 3Gs_opera_15]" classname="se.redmind.rmtest.selenium.example.RandomClass9(20150415-080512)" time="1.0614804">
<skipped/>
</testcase>
<testcase name="random3[IOS_4_iPhone 3Gs_opera_15]" classname="se.redmind.rmtest.selenium.example.RandomClass9(20150415-080512)" time="1.3790778"/>
<testcase name="random3[OSX_10.9.5_UNKNOWN_firefox_31]" classname="se.redmind.rmtest.selenium.example.RandomClass9(20150415-080512)" time="0.6163753"/>
<testcase name="random3[OSX_10.9.5_UNKNOWN_chrome_42]" classname="se.redmind.rmtest.selenium.example.RandomClass9(20150415-080512)" time="1.407471"/>
<testcase name="random3[OSX_10.9.5_UNKNOWN_explorer_10]" classname="se.redmind.rmtest.selenium.example.RandomClass9(20150415-080512)" time="1.1256857"/>
<testcase name="random3[OSX_10.9.5_UNKNOWN_opera_15]" classname="se.redmind.rmtest.selenium.example.RandomClass9(20150415-080512)" time="0.55402875"/>
<testcase name="random3[Windows_8.1_UNKNOWN_firefox_31]" classname="se.redmind.rmtest.selenium.example.RandomClass9(20150415-080512)" time="1.5700973"/>
<testcase name="random3[Windows_8.1_UNKNOWN_chrome_42]" classname="se.redmind.rmtest.selenium.example.RandomClass9(20150415-080512)" time="1.702435"/>
<testcase name="random3[Windows_8.1_UNKNOWN_explorer_10]" classname="se.redmind.rmtest.selenium.example.RandomClass9(20150415-080512)" time="0.17897153"/>
<testcase name="random3[Windows_8.1_UNKNOWN_opera_15]" classname="se.redmind.rmtest.selenium.example.RandomClass9(20150415-080512)" time="0.51019025"/>
<testcase name="random3[Windows_10_UNKNOWN_firefox_31]" classname="se.redmind.rmtest.selenium.example.RandomClass9(20150415-080512)" time="0.2885524"/>
<testcase name="random3[Windows_10_UNKNOWN_chrome_42]" classname="se.redmind.rmtest.selenium.example.RandomClass9(20150415-080512)" time="0.931211"/>
<testcase name="random3[Windows_10_UNKNOWN_explorer_10]" classname="se.redmind.rmtest.selenium.example.RandomClass9(20150415-080512)" time="1.3171511"/>
<testcase name="random3[Windows_10_UNKNOWN_opera_15]" classname="se.redmind.rmtest.selenium.example.RandomClass9(20150415-080512)" time="0.9237819"/>
<testcase name="random3[Ubuntu_14.04_UNKNOWN_firefox_31]" classname="se.redmind.rmtest.selenium.example.RandomClass9(20150415-080512)" time="0.6396344"/>
<testcase name="random3[Ubuntu_14.04_UNKNOWN_chrome_42]" classname="se.redmind.rmtest.selenium.example.RandomClass9(20150415-080512)" time="1.0917039">
	<failure type="java.lang.AssertionError:">java.lang.AssertionError: null
		at org.junit.Assert.fail(Assert.java:86)
		at org.junit.Assert.assertTrue(Assert.java:41)
		at org.junit.Assert.assertTrue(Assert.java:52)
		at se.redmind.rmtest.selenium.example.CreateRandomRes3.random14(CreateRandomRes3.java:128)
	</failure>
</testcase>
<testcase name="random3[Ubuntu_14.04_UNKNOWN_explorer_10]" classname="se.redmind.rmtest.selenium.example.RandomClass9(20150415-080512)" time="0.6678822">
	<failure type="java.lang.AssertionError:">java.lang.AssertionError: null
		at org.junit.Assert.fail(Assert.java:86)
		at org.junit.Assert.assertTrue(Assert.java:41)
		at org.junit.Assert.assertTrue(Assert.java:52)
		at se.redmind.rmtest.selenium.example.CreateRandomRes3.random14(CreateRandomRes3.java:128)
	</failure>
</testcase>
<testcase name="random3[Ubuntu_14.04_UNKNOWN_opera_15]" classname="se.redmind.rmtest.selenium.example.RandomClass9(20150415-080512)" time="0.6802087"/>
<testcase name="random3[Ubuntu_12.10_UNKNOWN_firefox_31]" classname="se.redmind.rmtest.selenium.example.RandomClass9(20150415-080512)" time="1.02802"/>
<testcase name="random3[Ubuntu_12.10_UNKNOWN_chrome_42]" classname="se.redmind.rmtest.selenium.example.RandomClass9(20150415-080512)" time="0.79023874"/>
<testcase name="random3[Ubuntu_12.10_UNKNOWN_explorer_10]" classname="se.redmind.rmtest.selenium.example.RandomClass9(20150415-080512)" time="1.96398"/>
<testcase name="random3[Ubuntu_12.10_UNKNOWN_opera_15]" classname="se.redmind.rmtest.selenium.example.RandomClass9(20150415-080512)" time="1.0945925">
	<failure type="java.lang.AssertionError:">java.lang.AssertionError: null
		at org.junit.Assert.fail(Assert.java:86)
		at org.junit.Assert.assertTrue(Assert.java:41)
		at org.junit.Assert.assertTrue(Assert.java:52)
		at se.redmind.rmtest.selenium.example.CreateRandomRes3.random14(CreateRandomRes3.java:128)
	</failure>
</testcase>
<testcase name="random4[Android_4.4.4_HTC ONE_firefox_31]" classname="se.redmind.rmtest.selenium.example.RandomClass9(20150415-080512)" time="0.036841035"/>
<testcase name="random4[Android_4.4.4_HTC ONE_chrome_42]" classname="se.redmind.rmtest.selenium.example.RandomClass9(20150415-080512)" time="1.3037195"/>
<testcase name="random4[Android_4.4.4_HTC ONE_explorer_10]" classname="se.redmind.rmtest.selenium.example.RandomClass9(20150415-080512)" time="0.507867"/>
<testcase name="random4[Android_4.4.4_HTC ONE_opera_15]" classname="se.redmind.rmtest.selenium.example.RandomClass9(20150415-080512)" time="0.2851982">
	<failure type="java.lang.AssertionError:">java.lang.AssertionError: null
		at org.junit.Assert.fail(Assert.java:86)
		at org.junit.Assert.assertTrue(Assert.java:41)
		at org.junit.Assert.assertTrue(Assert.java:52)
		at se.redmind.rmtest.selenium.example.CreateRandomRes3.random14(CreateRandomRes3.java:128)
	</failure>
</testcase>
<testcase name="random4[Android_5.1_Nexus 6_firefox_31]" classname="se.redmind.rmtest.selenium.example.RandomClass9(20150415-080512)" time="1.2071812"/>
<testcase name="random4[Android_5.1_Nexus 6_chrome_42]" classname="se.redmind.rmtest.selenium.example.RandomClass9(20150415-080512)" time="0.2422427"/>
<testcase name="random4[Android_5.1_Nexus 6_explorer_10]" classname="se.redmind.rmtest.selenium.example.RandomClass9(20150415-080512)" time="1.4594349"/>
<testcase name="random4[Android_5.1_Nexus 6_opera_15]" classname="se.redmind.rmtest.selenium.example.RandomClass9(20150415-080512)" time="0.3160262"/>
<testcase name="random4[Android_2.3_VeiVei_firefox_31]" classname="se.redmind.rmtest.selenium.example.RandomClass9(20150415-080512)" time="1.436626"/>
<testcase name="random4[Android_2.3_VeiVei_chrome_42]" classname="se.redmind.rmtest.selenium.example.RandomClass9(20150415-080512)" time="1.1078062"/>
<testcase name="random4[Android_2.3_VeiVei_explorer_10]" classname="se.redmind.rmtest.selenium.example.RandomClass9(20150415-080512)" time="0.545612"/>
<testcase name="random4[Android_2.3_VeiVei_opera_15]" classname="se.redmind.rmtest.selenium.example.RandomClass9(20150415-080512)" time="1.8476228"/>
<testcase name="random4[Android_4.4.4_Sony Experia Z3_firefox_31]" classname="se.redmind.rmtest.selenium.example.RandomClass9(20150415-080512)" time="0.109897494"/>
<testcase name="random4[Android_4.4.4_Sony Experia Z3_chrome_42]" classname="se.redmind.rmtest.selenium.example.RandomClass9(20150415-080512)" time="1.1275884"/>
<testcase name="random4[Android_4.4.4_Sony Experia Z3_explorer_10]" classname="se.redmind.rmtest.selenium.example.RandomClass9(20150415-080512)" time="1.0200351"/>
<testcase name="random4[Android_4.4.4_Sony Experia Z3_opera_15]" classname="se.redmind.rmtest.selenium.example.RandomClass9(20150415-080512)" time="1.7479511"/>
<testcase name="random4[IOS_8.2_iPhone 6_firefox_31]" classname="se.redmind.rmtest.selenium.example.RandomClass9(20150415-080512)" time="1.8630837"/>
<testcase name="random4[IOS_8.2_iPhone 6_chrome_42]" classname="se.redmind.rmtest.selenium.example.RandomClass9(20150415-080512)" time="1.014042">
	<failure type="java.lang.AssertionError:">java.lang.AssertionError: null
		at org.junit.Assert.fail(Assert.java:86)
		at org.junit.Assert.assertTrue(Assert.java:41)
		at org.junit.Assert.assertTrue(Assert.java:52)
		at se.redmind.rmtest.selenium.example.CreateRandomRes3.random14(CreateRandomRes3.java:128)
	</failure>
</testcase>
<testcase name="random4[IOS_8.2_iPhone 6_explorer_10]" classname="se.redmind.rmtest.selenium.example.RandomClass9(20150415-080512)" time="0.22887576"/>
<testcase name="random4[IOS_8.2_iPhone 6_opera_15]" classname="se.redmind.rmtest.selenium.example.RandomClass9(20150415-080512)" time="0.7770487"/>
<testcase name="random4[IOS_4_iPhone 3Gs_firefox_31]" classname="se.redmind.rmtest.selenium.example.RandomClass9(20150415-080512)" time="1.0426682"/>
<testcase name="random4[IOS_4_iPhone 3Gs_chrome_42]" classname="se.redmind.rmtest.selenium.example.RandomClass9(20150415-080512)" time="0.6079531"/>
<testcase name="random4[IOS_4_iPhone 3Gs_explorer_10]" classname="se.redmind.rmtest.selenium.example.RandomClass9(20150415-080512)" time="0.26507866"/>
<testcase name="random4[IOS_4_iPhone 3Gs_opera_15]" classname="se.redmind.rmtest.selenium.example.RandomClass9(20150415-080512)" time="0.6977577">
	<failure type="java.lang.AssertionError:">java.lang.AssertionError: null
		at org.junit.Assert.fail(Assert.java:86)
		at org.junit.Assert.assertTrue(Assert.java:41)
		at org.junit.Assert.assertTrue(Assert.java:52)
		at se.redmind.rmtest.selenium.example.CreateRandomRes3.random14(CreateRandomRes3.java:128)
	</failure>
</testcase>
<testcase name="random4[OSX_10.9.5_UNKNOWN_firefox_31]" classname="se.redmind.rmtest.selenium.example.RandomClass9(20150415-080512)" time="1.8631709"/>
<testcase name="random4[OSX_10.9.5_UNKNOWN_chrome_42]" classname="se.redmind.rmtest.selenium.example.RandomClass9(20150415-080512)" time="1.5585165"/>
<testcase name="random4[OSX_10.9.5_UNKNOWN_explorer_10]" classname="se.redmind.rmtest.selenium.example.RandomClass9(20150415-080512)" time="1.890091"/>
<testcase name="random4[OSX_10.9.5_UNKNOWN_opera_15]" classname="se.redmind.rmtest.selenium.example.RandomClass9(20150415-080512)" time="1.8470182"/>
<testcase name="random4[Windows_8.1_UNKNOWN_firefox_31]" classname="se.redmind.rmtest.selenium.example.RandomClass9(20150415-080512)" time="0.71642196"/>
<testcase name="random4[Windows_8.1_UNKNOWN_chrome_42]" classname="se.redmind.rmtest.selenium.example.RandomClass9(20150415-080512)" time="0.30186272"/>
<testcase name="random4[Windows_8.1_UNKNOWN_explorer_10]" classname="se.redmind.rmtest.selenium.example.RandomClass9(20150415-080512)" time="1.1981728">
	<error type="java.lang.AssertionError:">java.lang.AssertionError: null
		at org.junit.Assert.fail(Assert.java:86)
		at org.junit.Assert.assertTrue(Assert.java:41)
		at org.junit.Assert.assertTrue(Assert.java:52)
		at se.redmind.rmtest.selenium.example.CreateRandomRes3.random14(CreateRandomRes3.java:128)
	</error>
</testcase>
<testcase name="random4[Windows_8.1_UNKNOWN_opera_15]" classname="se.redmind.rmtest.selenium.example.RandomClass9(20150415-080512)" time="1.5666533"/>
<testcase name="random4[Windows_10_UNKNOWN_firefox_31]" classname="se.redmind.rmtest.selenium.example.RandomClass9(20150415-080512)" time="1.994751"/>
<testcase name="random4[Windows_10_UNKNOWN_chrome_42]" classname="se.redmind.rmtest.selenium.example.RandomClass9(20150415-080512)" time="1.210797"/>
<testcase name="random4[Windows_10_UNKNOWN_explorer_10]" classname="se.redmind.rmtest.selenium.example.RandomClass9(20150415-080512)" time="1.4860113"/>
<testcase name="random4[Windows_10_UNKNOWN_opera_15]" classname="se.redmind.rmtest.selenium.example.RandomClass9(20150415-080512)" time="1.6976496"/>
<testcase name="random4[Ubuntu_14.04_UNKNOWN_firefox_31]" classname="se.redmind.rmtest.selenium.example.RandomClass9(20150415-080512)" time="1.6271795"/>
<testcase name="random4[Ubuntu_14.04_UNKNOWN_chrome_42]" classname="se.redmind.rmtest.selenium.example.RandomClass9(20150415-080512)" time="1.1076494"/>
<testcase name="random4[Ubuntu_14.04_UNKNOWN_explorer_10]" classname="se.redmind.rmtest.selenium.example.RandomClass9(20150415-080512)" time="1.0561897">
	<failure type="java.lang.AssertionError:">java.lang.AssertionError: null
		at org.junit.Assert.fail(Assert.java:86)
		at org.junit.Assert.assertTrue(Assert.java:41)
		at org.junit.Assert.assertTrue(Assert.java:52)
		at se.redmind.rmtest.selenium.example.CreateRandomRes3.random14(CreateRandomRes3.java:128)
	</failure>
</testcase>
<testcase name="random4[Ubuntu_14.04_UNKNOWN_opera_15]" classname="se.redmind.rmtest.selenium.example.RandomClass9(20150415-080512)" time="1.3717825">
	<failure type="java.lang.AssertionError:">java.lang.AssertionError: null
		at org.junit.Assert.fail(Assert.java:86)
		at org.junit.Assert.assertTrue(Assert.java:41)
		at org.junit.Assert.assertTrue(Assert.java:52)
		at se.redmind.rmtest.selenium.example.CreateRandomRes3.random14(CreateRandomRes3.java:128)
	</failure>
</testcase>
<testcase name="random4[Ubuntu_12.10_UNKNOWN_firefox_31]" classname="se.redmind.rmtest.selenium.example.RandomClass9(20150415-080512)" time="0.70755017"/>
<testcase name="random4[Ubuntu_12.10_UNKNOWN_chrome_42]" classname="se.redmind.rmtest.selenium.example.RandomClass9(20150415-080512)" time="1.7153018"/>
<testcase name="random4[Ubuntu_12.10_UNKNOWN_explorer_10]" classname="se.redmind.rmtest.selenium.example.RandomClass9(20150415-080512)" time="0.3498838"/>
<testcase name="random4[Ubuntu_12.10_UNKNOWN_opera_15]" classname="se.redmind.rmtest.selenium.example.RandomClass9(20150415-080512)" time="1.0680932">
	<failure type="java.lang.AssertionError:">java.lang.AssertionError: null
		at org.junit.Assert.fail(Assert.java:86)
		at org.junit.Assert.assertTrue(Assert.java:41)
		at org.junit.Assert.assertTrue(Assert.java:52)
		at se.redmind.rmtest.selenium.example.CreateRandomRes3.random14(CreateRandomRes3.java:128)
	</failure>
</testcase>
</testsuite>