<?xml version="1.0" encoding="UTF-8"?>
<testsuite name="test.java.se.redmind.rmtest.selenium.example.GeneratedSuite(20150226-080250)" time="0.0" tests="0" errors="0" skipped="0" failures="0">
  <properties>
    <property name="java.runtime.name" value="Java(TM) SE Runtime Environment"/>
    <property name="sun.boot.library.path" value="/Library/Java/JavaVirtualMachines/jdk1.8.0_25.jdk/Contents/Home/jre/lib"/>
    <property name="java.vm.version" value="25.25-b02"/>
    <property name="gopherProxySet" value="false"/>
    <property name="java.vm.vendor" value="Oracle Corporation"/>
    <property name="java.vendor.url" value="http://java.oracle.com/"/>
    <property name="path.separator" value=":"/>
    <property name="guice.disable.misplaced.annotation.check" value="true"/>
    <property name="java.vm.name" value="Java HotSpot(TM) 64-Bit Server VM"/>
    <property name="file.encoding.pkg" value="sun.io"/>
    <property name="user.country" value="SE"/>
    <property name="sun.java.launcher" value="SUN_STANDARD"/>
    <property name="sun.os.patch.level" value="unknown"/>
    <property name="java.vm.specification.name" value="Java Virtual Machine Specification"/>
    <property name="user.dir" value="/Users/gustavholfve/redmind/RMTest"/>
    <property name="java.runtime.version" value="1.8.0_25-b17"/>
    <property name="java.awt.graphicsenv" value="sun.awt.CGraphicsEnvironment"/>
    <property name="java.endorsed.dirs" value="/Library/Java/JavaVirtualMachines/jdk1.8.0_25.jdk/Contents/Home/jre/lib/endorsed"/>
    <property name="os.arch" value="x86_64"/>
    <property name="java.io.tmpdir" value="/var/folders/g6/ynxs0t3j7r15myt344kjfly00000gn/T/"/>
    <property name="line.separator" value="&#10;"/>
    <property name="java.vm.specification.vendor" value="Oracle Corporation"/>
    <property name="os.name" value="Mac OS X"/>
    <property name="classworlds.conf" value="/Users/gustavholfve/Documents/RMTest/.metadata/.plugins/org.eclipse.m2e.launching/launches/m2conf4824253298632382667.tmp"/>
    <property name="sun.jnu.encoding" value="UTF-8"/>
    <property name="java.library.path" value="/Users/gustavholfve/Library/Java/Extensions:/Library/Java/Extensions:/Network/Library/Java/Extensions:/System/Library/Java/Extensions:/usr/lib/java:."/>
    <property name="java.specification.name" value="Java Platform API Specification"/>
    <property name="java.class.version" value="52.0"/>
    <property name="sun.management.compiler" value="HotSpot 64-Bit Tiered Compilers"/>
    <property name="os.version" value="10.9.5"/>
    <property name="http.nonProxyHosts" value="local|*.local|169.254/16|*.169.254/16"/>
    <property name="user.home" value="/Users/gustavholfve"/>
    <property name="user.timezone" value="Europe/Stockholm"/>
    <property name="java.awt.printerjob" value="sun.lwawt.macosx.CPrinterJob"/>
    <property name="java.specification.version" value="1.8"/>
    <property name="file.encoding" value="UTF-8"/>
    <property name="user.name" value="gustavholfve"/>
    <property name="java.class.path" value="/Users/gustavholfve/Downloads/eclipse 4/plugins/org.eclipse.m2e.maven.runtime_1.5.0.20140605-2032/jars/plexus-classworlds-2.5.1.jar"/>
    <property name="org.slf4j.simpleLogger.defaultLogLevel" value="info"/>
    <property name="java.vm.specification.version" value="1.8"/>
    <property name="sun.arch.data.model" value="64"/>
    <property name="java.home" value="/Library/Java/JavaVirtualMachines/jdk1.8.0_25.jdk/Contents/Home/jre"/>
    <property name="sun.java.command" value="org.codehaus.plexus.classworlds.launcher.Launcher -B test"/>
    <property name="java.specification.vendor" value="Oracle Corporation"/>
    <property name="user.language" value="sv"/>
    <property name="awt.toolkit" value="sun.lwawt.macosx.LWCToolkit"/>
    <property name="java.vm.info" value="mixed mode"/>
    <property name="java.version" value="1.8.0_25"/>
    <property name="java.ext.dirs" value="/Users/gustavholfve/Library/Java/Extensions:/Library/Java/JavaVirtualMachines/jdk1.8.0_25.jdk/Contents/Home/jre/lib/ext:/Library/Java/Extensions:/Network/Library/Java/Extensions:/System/Library/Java/Extensions:/usr/lib/java"/>
    <property name="sun.boot.class.path" value="/Library/Java/JavaVirtualMachines/jdk1.8.0_25.jdk/Contents/Home/jre/lib/resources.jar:/Library/Java/JavaVirtualMachines/jdk1.8.0_25.jdk/Contents/Home/jre/lib/rt.jar:/Library/Java/JavaVirtualMachines/jdk1.8.0_25.jdk/Contents/Home/jre/lib/sunrsasign.jar:/Library/Java/JavaVirtualMachines/jdk1.8.0_25.jdk/Contents/Home/jre/lib/jsse.jar:/Library/Java/JavaVirtualMachines/jdk1.8.0_25.jdk/Contents/Home/jre/lib/jce.jar:/Library/Java/JavaVirtualMachines/jdk1.8.0_25.jdk/Contents/Home/jre/lib/charsets.jar:/Library/Java/JavaVirtualMachines/jdk1.8.0_25.jdk/Contents/Home/jre/lib/jfr.jar:/Library/Java/JavaVirtualMachines/jdk1.8.0_25.jdk/Contents/Home/jre/classes"/>
    <property name="java.vendor" value="Oracle Corporation"/>
    <property name="maven.home" value="/Users/gustavholfve/redmind/RMTest/EMBEDDED"/>
    <property name="file.separator" value="/"/>
    <property name="java.vendor.url.bug" value="http://bugreport.sun.com/bugreport/"/>
    <property name="sun.cpu.endian" value="little"/>
    <property name="sun.io.unicode.encoding" value="UnicodeBig"/>
    <property name="socksNonProxyHosts" value="local|*.local|169.254/16|*.169.254/16"/>
    <property name="ftp.nonProxyHosts" value="local|*.local|169.254/16|*.169.254/16"/>
    <property name="sun.cpu.isalist" value=""/>
  </properties>
<testcase name="random1[Android_4.4.4_HTC ONE_firefox_31]" classname="se.redmind.rmtest.selenium.example.RandomClass0(20150226-080250)" time="1.1272526"/>
<testcase name="random1[Android_4.4.4_HTC ONE_chrome_42]" classname="se.redmind.rmtest.selenium.example.RandomClass0(20150226-080250)" time="0.4175688"/>
<testcase name="random1[Android_4.4.4_HTC ONE_explorer_10]" classname="se.redmind.rmtest.selenium.example.RandomClass0(20150226-080250)" time="1.5420221"/>
<testcase name="random1[Android_4.4.4_HTC ONE_opera_15]" classname="se.redmind.rmtest.selenium.example.RandomClass0(20150226-080250)" time="0.8720889"/>
<testcase name="random1[Android_2.3_VeiVei_firefox_31]" classname="se.redmind.rmtest.selenium.example.RandomClass0(20150226-080250)" time="0.56348336"/>
<testcase name="random1[Android_2.3_VeiVei_chrome_42]" classname="se.redmind.rmtest.selenium.example.RandomClass0(20150226-080250)" time="0.95200825"/>
<testcase name="random1[Android_2.3_VeiVei_explorer_10]" classname="se.redmind.rmtest.selenium.example.RandomClass0(20150226-080250)" time="1.8184365"/>
<testcase name="random1[Android_2.3_VeiVei_opera_15]" classname="se.redmind.rmtest.selenium.example.RandomClass0(20150226-080250)" time="1.207178"/>
<testcase name="random1[IOS_8.2_iPhone 6_firefox_31]" classname="se.redmind.rmtest.selenium.example.RandomClass0(20150226-080250)" time="1.4140693"/>
<testcase name="random1[IOS_8.2_iPhone 6_chrome_42]" classname="se.redmind.rmtest.selenium.example.RandomClass0(20150226-080250)" time="0.9486294"/>
<testcase name="random1[IOS_8.2_iPhone 6_explorer_10]" classname="se.redmind.rmtest.selenium.example.RandomClass0(20150226-080250)" time="1.3246559"/>
<testcase name="random1[IOS_8.2_iPhone 6_opera_15]" classname="se.redmind.rmtest.selenium.example.RandomClass0(20150226-080250)" time="0.9577433">
	<failure type="java.lang.AssertionError:">java.lang.AssertionError: null
		at org.junit.Assert.fail(Assert.java:86)
		at org.junit.Assert.assertTrue(Assert.java:41)
		at org.junit.Assert.assertTrue(Assert.java:52)
		at se.redmind.rmtest.selenium.example.CreateRandomRes3.random14(CreateRandomRes3.java:128)
	</failure>
</testcase>
<testcase name="random1[OSX_10.9.5_UNKNOWN_firefox_31]" classname="se.redmind.rmtest.selenium.example.RandomClass0(20150226-080250)" time="0.5669818"/>
<testcase name="random1[OSX_10.9.5_UNKNOWN_chrome_42]" classname="se.redmind.rmtest.selenium.example.RandomClass0(20150226-080250)" time="1.0749228"/>
<testcase name="random1[OSX_10.9.5_UNKNOWN_explorer_10]" classname="se.redmind.rmtest.selenium.example.RandomClass0(20150226-080250)" time="0.7550329">
	<error type="java.lang.AssertionError:">java.lang.AssertionError: null
		at org.junit.Assert.fail(Assert.java:86)
		at org.junit.Assert.assertTrue(Assert.java:41)
		at org.junit.Assert.assertTrue(Assert.java:52)
		at se.redmind.rmtest.selenium.example.CreateRandomRes3.random14(CreateRandomRes3.java:128)
	</error>
</testcase>
<testcase name="random1[OSX_10.9.5_UNKNOWN_opera_15]" classname="se.redmind.rmtest.selenium.example.RandomClass0(20150226-080250)" time="0.9756694"/>
<testcase name="random1[Windows_10_UNKNOWN_firefox_31]" classname="se.redmind.rmtest.selenium.example.RandomClass0(20150226-080250)" time="1.3832847"/>
<testcase name="random1[Windows_10_UNKNOWN_chrome_42]" classname="se.redmind.rmtest.selenium.example.RandomClass0(20150226-080250)" time="0.45328152">
	<failure type="java.lang.AssertionError:">java.lang.AssertionError: null
		at org.junit.Assert.fail(Assert.java:86)
		at org.junit.Assert.assertTrue(Assert.java:41)
		at org.junit.Assert.assertTrue(Assert.java:52)
		at se.redmind.rmtest.selenium.example.CreateRandomRes3.random14(CreateRandomRes3.java:128)
	</failure>
</testcase>
<testcase name="random1[Windows_10_UNKNOWN_explorer_10]" classname="se.redmind.rmtest.selenium.example.RandomClass0(20150226-080250)" time="1.6500819">
	<failure type="java.lang.AssertionError:">java.lang.AssertionError: null
		at org.junit.Assert.fail(Assert.java:86)
		at org.junit.Assert.assertTrue(Assert.java:41)
		at org.junit.Assert.assertTrue(Assert.java:52)
		at se.redmind.rmtest.selenium.example.CreateRandomRes3.random14(CreateRandomRes3.java:128)
	</failure>
</testcase>
<testcase name="random1[Windows_10_UNKNOWN_opera_15]" classname="se.redmind.rmtest.selenium.example.RandomClass0(20150226-080250)" time="1.8544377"/>
<testcase name="random1[Ubuntu_14.04_UNKNOWN_firefox_31]" classname="se.redmind.rmtest.selenium.example.RandomClass0(20150226-080250)" time="0.25014758"/>
<testcase name="random1[Ubuntu_14.04_UNKNOWN_chrome_42]" classname="se.redmind.rmtest.selenium.example.RandomClass0(20150226-080250)" time="1.9687904">
	<failure type="java.lang.AssertionError:">java.lang.AssertionError: null
		at org.junit.Assert.fail(Assert.java:86)
		at org.junit.Assert.assertTrue(Assert.java:41)
		at org.junit.Assert.assertTrue(Assert.java:52)
		at se.redmind.rmtest.selenium.example.CreateRandomRes3.random14(CreateRandomRes3.java:128)
	</failure>
</testcase>
<testcase name="random1[Ubuntu_14.04_UNKNOWN_explorer_10]" classname="se.redmind.rmtest.selenium.example.RandomClass0(20150226-080250)" time="0.016251326"/>
<testcase name="random1[Ubuntu_14.04_UNKNOWN_opera_15]" classname="se.redmind.rmtest.selenium.example.RandomClass0(20150226-080250)" time="1.3036463"/>
<testcase name="random1[Ubuntu_12.10_UNKNOWN_firefox_31]" classname="se.redmind.rmtest.selenium.example.RandomClass0(20150226-080250)" time="1.141967">
	<failure type="java.lang.AssertionError:">java.lang.AssertionError: null
		at org.junit.Assert.fail(Assert.java:86)
		at org.junit.Assert.assertTrue(Assert.java:41)
		at org.junit.Assert.assertTrue(Assert.java:52)
		at se.redmind.rmtest.selenium.example.CreateRandomRes3.random14(CreateRandomRes3.java:128)
	</failure>
</testcase>
<testcase name="random1[Ubuntu_12.10_UNKNOWN_chrome_42]" classname="se.redmind.rmtest.selenium.example.RandomClass0(20150226-080250)" time="0.4991356"/>
<testcase name="random1[Ubuntu_12.10_UNKNOWN_explorer_10]" classname="se.redmind.rmtest.selenium.example.RandomClass0(20150226-080250)" time="0.89753354"/>
<testcase name="random1[Ubuntu_12.10_UNKNOWN_opera_15]" classname="se.redmind.rmtest.selenium.example.RandomClass0(20150226-080250)" time="1.3775231"/>
<testcase name="random2[Android_4.4.4_HTC ONE_firefox_31]" classname="se.redmind.rmtest.selenium.example.RandomClass0(20150226-080250)" time="0.15748596"/>
<testcase name="random2[Android_4.4.4_HTC ONE_chrome_42]" classname="se.redmind.rmtest.selenium.example.RandomClass0(20150226-080250)" time="0.95287395"/>
<testcase name="random2[Android_4.4.4_HTC ONE_explorer_10]" classname="se.redmind.rmtest.selenium.example.RandomClass0(20150226-080250)" time="1.4100872"/>
<testcase name="random2[Android_4.4.4_HTC ONE_opera_15]" classname="se.redmind.rmtest.selenium.example.RandomClass0(20150226-080250)" time="1.5000398"/>
<testcase name="random2[Android_2.3_VeiVei_firefox_31]" classname="se.redmind.rmtest.selenium.example.RandomClass0(20150226-080250)" time="1.7210256"/>
<testcase name="random2[Android_2.3_VeiVei_chrome_42]" classname="se.redmind.rmtest.selenium.example.RandomClass0(20150226-080250)" time="1.325927"/>
<testcase name="random2[Android_2.3_VeiVei_explorer_10]" classname="se.redmind.rmtest.selenium.example.RandomClass0(20150226-080250)" time="1.3680931">
	<failure type="java.lang.AssertionError:">java.lang.AssertionError: null
		at org.junit.Assert.fail(Assert.java:86)
		at org.junit.Assert.assertTrue(Assert.java:41)
		at org.junit.Assert.assertTrue(Assert.java:52)
		at se.redmind.rmtest.selenium.example.CreateRandomRes3.random14(CreateRandomRes3.java:128)
	</failure>
</testcase>
<testcase name="random2[Android_2.3_VeiVei_opera_15]" classname="se.redmind.rmtest.selenium.example.RandomClass0(20150226-080250)" time="1.0687782"/>
<testcase name="random2[IOS_8.2_iPhone 6_firefox_31]" classname="se.redmind.rmtest.selenium.example.RandomClass0(20150226-080250)" time="1.7632482"/>
<testcase name="random2[IOS_8.2_iPhone 6_chrome_42]" classname="se.redmind.rmtest.selenium.example.RandomClass0(20150226-080250)" time="0.3502339">
	<failure type="java.lang.AssertionError:">java.lang.AssertionError: null
		at org.junit.Assert.fail(Assert.java:86)
		at org.junit.Assert.assertTrue(Assert.java:41)
		at org.junit.Assert.assertTrue(Assert.java:52)
		at se.redmind.rmtest.selenium.example.CreateRandomRes3.random14(CreateRandomRes3.java:128)
	</failure>
</testcase>
<testcase name="random2[IOS_8.2_iPhone 6_explorer_10]" classname="se.redmind.rmtest.selenium.example.RandomClass0(20150226-080250)" time="1.5358554"/>
<testcase name="random2[IOS_8.2_iPhone 6_opera_15]" classname="se.redmind.rmtest.selenium.example.RandomClass0(20150226-080250)" time="1.9289168"/>
<testcase name="random2[OSX_10.9.5_UNKNOWN_firefox_31]" classname="se.redmind.rmtest.selenium.example.RandomClass0(20150226-080250)" time="1.5708956"/>
<testcase name="random2[OSX_10.9.5_UNKNOWN_chrome_42]" classname="se.redmind.rmtest.selenium.example.RandomClass0(20150226-080250)" time="1.9734535"/>
<testcase name="random2[OSX_10.9.5_UNKNOWN_explorer_10]" classname="se.redmind.rmtest.selenium.example.RandomClass0(20150226-080250)" time="1.7829291">
	<error type="java.lang.AssertionError:">java.lang.AssertionError: null
		at org.junit.Assert.fail(Assert.java:86)
		at org.junit.Assert.assertTrue(Assert.java:41)
		at org.junit.Assert.assertTrue(Assert.java:52)
		at se.redmind.rmtest.selenium.example.CreateRandomRes3.random14(CreateRandomRes3.java:128)
	</error>
</testcase>
<testcase name="random2[OSX_10.9.5_UNKNOWN_opera_15]" classname="se.redmind.rmtest.selenium.example.RandomClass0(20150226-080250)" time="1.7298265"/>
<testcase name="random2[Windows_10_UNKNOWN_firefox_31]" classname="se.redmind.rmtest.selenium.example.RandomClass0(20150226-080250)" time="1.9447114"/>
<testcase name="random2[Windows_10_UNKNOWN_chrome_42]" classname="se.redmind.rmtest.selenium.example.RandomClass0(20150226-080250)" time="1.1388994"/>
<testcase name="random2[Windows_10_UNKNOWN_explorer_10]" classname="se.redmind.rmtest.selenium.example.RandomClass0(20150226-080250)" time="0.28983915"/>
<testcase name="random2[Windows_10_UNKNOWN_opera_15]" classname="se.redmind.rmtest.selenium.example.RandomClass0(20150226-080250)" time="0.9315076"/>
<testcase name="random2[Ubuntu_14.04_UNKNOWN_firefox_31]" classname="se.redmind.rmtest.selenium.example.RandomClass0(20150226-080250)" time="0.5896344"/>
<testcase name="random2[Ubuntu_14.04_UNKNOWN_chrome_42]" classname="se.redmind.rmtest.selenium.example.RandomClass0(20150226-080250)" time="0.014849067"/>
<testcase name="random2[Ubuntu_14.04_UNKNOWN_explorer_10]" classname="se.redmind.rmtest.selenium.example.RandomClass0(20150226-080250)" time="0.22935426"/>
<testcase name="random2[Ubuntu_14.04_UNKNOWN_opera_15]" classname="se.redmind.rmtest.selenium.example.RandomClass0(20150226-080250)" time="0.9347718"/>
<testcase name="random2[Ubuntu_12.10_UNKNOWN_firefox_31]" classname="se.redmind.rmtest.selenium.example.RandomClass0(20150226-080250)" time="0.65107524"/>
<testcase name="random2[Ubuntu_12.10_UNKNOWN_chrome_42]" classname="se.redmind.rmtest.selenium.example.RandomClass0(20150226-080250)" time="1.752014"/>
<testcase name="random2[Ubuntu_12.10_UNKNOWN_explorer_10]" classname="se.redmind.rmtest.selenium.example.RandomClass0(20150226-080250)" time="0.46663368"/>
<testcase name="random2[Ubuntu_12.10_UNKNOWN_opera_15]" classname="se.redmind.rmtest.selenium.example.RandomClass0(20150226-080250)" time="0.057130456"/>
<testcase name="random3[Android_4.4.4_HTC ONE_firefox_31]" classname="se.redmind.rmtest.selenium.example.RandomClass0(20150226-080250)" time="0.031901598">
	<failure type="java.lang.AssertionError:">java.lang.AssertionError: null
		at org.junit.Assert.fail(Assert.java:86)
		at org.junit.Assert.assertTrue(Assert.java:41)
		at org.junit.Assert.assertTrue(Assert.java:52)
		at se.redmind.rmtest.selenium.example.CreateRandomRes3.random14(CreateRandomRes3.java:128)
	</failure>
</testcase>
<testcase name="random3[Android_4.4.4_HTC ONE_chrome_42]" classname="se.redmind.rmtest.selenium.example.RandomClass0(20150226-080250)" time="1.809399"/>
<testcase name="random3[Android_4.4.4_HTC ONE_explorer_10]" classname="se.redmind.rmtest.selenium.example.RandomClass0(20150226-080250)" time="1.2742466">
	<failure type="java.lang.AssertionError:">java.lang.AssertionError: null
		at org.junit.Assert.fail(Assert.java:86)
		at org.junit.Assert.assertTrue(Assert.java:41)
		at org.junit.Assert.assertTrue(Assert.java:52)
		at se.redmind.rmtest.selenium.example.CreateRandomRes3.random14(CreateRandomRes3.java:128)
	</failure>
</testcase>
<testcase name="random3[Android_4.4.4_HTC ONE_opera_15]" classname="se.redmind.rmtest.selenium.example.RandomClass0(20150226-080250)" time="0.16080356"/>
<testcase name="random3[Android_2.3_VeiVei_firefox_31]" classname="se.redmind.rmtest.selenium.example.RandomClass0(20150226-080250)" time="1.0053514">
	<failure type="java.lang.AssertionError:">java.lang.AssertionError: null
		at org.junit.Assert.fail(Assert.java:86)
		at org.junit.Assert.assertTrue(Assert.java:41)
		at org.junit.Assert.assertTrue(Assert.java:52)
		at se.redmind.rmtest.selenium.example.CreateRandomRes3.random14(CreateRandomRes3.java:128)
	</failure>
</testcase>
<testcase name="random3[Android_2.3_VeiVei_chrome_42]" classname="se.redmind.rmtest.selenium.example.RandomClass0(20150226-080250)" time="0.5192822"/>
<testcase name="random3[Android_2.3_VeiVei_explorer_10]" classname="se.redmind.rmtest.selenium.example.RandomClass0(20150226-080250)" time="0.044468284"/>
<testcase name="random3[Android_2.3_VeiVei_opera_15]" classname="se.redmind.rmtest.selenium.example.RandomClass0(20150226-080250)" time="1.5218141"/>
<testcase name="random3[IOS_8.2_iPhone 6_firefox_31]" classname="se.redmind.rmtest.selenium.example.RandomClass0(20150226-080250)" time="0.8189057"/>
<testcase name="random3[IOS_8.2_iPhone 6_chrome_42]" classname="se.redmind.rmtest.selenium.example.RandomClass0(20150226-080250)" time="0.4143175"/>
<testcase name="random3[IOS_8.2_iPhone 6_explorer_10]" classname="se.redmind.rmtest.selenium.example.RandomClass0(20150226-080250)" time="0.25306404"/>
<testcase name="random3[IOS_8.2_iPhone 6_opera_15]" classname="se.redmind.rmtest.selenium.example.RandomClass0(20150226-080250)" time="0.46522164"/>
<testcase name="random3[OSX_10.9.5_UNKNOWN_firefox_31]" classname="se.redmind.rmtest.selenium.example.RandomClass0(20150226-080250)" time="1.8104866"/>
<testcase name="random3[OSX_10.9.5_UNKNOWN_chrome_42]" classname="se.redmind.rmtest.selenium.example.RandomClass0(20150226-080250)" time="0.9239943"/>
<testcase name="random3[OSX_10.9.5_UNKNOWN_explorer_10]" classname="se.redmind.rmtest.selenium.example.RandomClass0(20150226-080250)" time="0.6010858"/>
<testcase name="random3[OSX_10.9.5_UNKNOWN_opera_15]" classname="se.redmind.rmtest.selenium.example.RandomClass0(20150226-080250)" time="0.22729623"/>
<testcase name="random3[Windows_10_UNKNOWN_firefox_31]" classname="se.redmind.rmtest.selenium.example.RandomClass0(20150226-080250)" time="0.95025134"/>
<testcase name="random3[Windows_10_UNKNOWN_chrome_42]" classname="se.redmind.rmtest.selenium.example.RandomClass0(20150226-080250)" time="0.30982018"/>
<testcase name="random3[Windows_10_UNKNOWN_explorer_10]" classname="se.redmind.rmtest.selenium.example.RandomClass0(20150226-080250)" time="1.6412449"/>
<testcase name="random3[Windows_10_UNKNOWN_opera_15]" classname="se.redmind.rmtest.selenium.example.RandomClass0(20150226-080250)" time="1.4097968"/>
<testcase name="random3[Ubuntu_14.04_UNKNOWN_firefox_31]" classname="se.redmind.rmtest.selenium.example.RandomClass0(20150226-080250)" time="0.12969375"/>
<testcase name="random3[Ubuntu_14.04_UNKNOWN_chrome_42]" classname="se.redmind.rmtest.selenium.example.RandomClass0(20150226-080250)" time="1.7067243"/>
<testcase name="random3[Ubuntu_14.04_UNKNOWN_explorer_10]" classname="se.redmind.rmtest.selenium.example.RandomClass0(20150226-080250)" time="0.32551384"/>
<testcase name="random3[Ubuntu_14.04_UNKNOWN_opera_15]" classname="se.redmind.rmtest.selenium.example.RandomClass0(20150226-080250)" time="1.345139"/>
<testcase name="random3[Ubuntu_12.10_UNKNOWN_firefox_31]" classname="se.redmind.rmtest.selenium.example.RandomClass0(20150226-080250)" time="1.8576674"/>
<testcase name="random3[Ubuntu_12.10_UNKNOWN_chrome_42]" classname="se.redmind.rmtest.selenium.example.RandomClass0(20150226-080250)" time="0.4007486"/>
<testcase name="random3[Ubuntu_12.10_UNKNOWN_explorer_10]" classname="se.redmind.rmtest.selenium.example.RandomClass0(20150226-080250)" time="1.4265003"/>
<testcase name="random3[Ubuntu_12.10_UNKNOWN_opera_15]" classname="se.redmind.rmtest.selenium.example.RandomClass0(20150226-080250)" time="0.48974836">
	<failure type="java.lang.AssertionError:">java.lang.AssertionError: null
		at org.junit.Assert.fail(Assert.java:86)
		at org.junit.Assert.assertTrue(Assert.java:41)
		at org.junit.Assert.assertTrue(Assert.java:52)
		at se.redmind.rmtest.selenium.example.CreateRandomRes3.random14(CreateRandomRes3.java:128)
	</failure>
</testcase>
<testcase name="random4[Android_4.4.4_HTC ONE_firefox_31]" classname="se.redmind.rmtest.selenium.example.RandomClass0(20150226-080250)" time="1.840416"/>
<testcase name="random4[Android_4.4.4_HTC ONE_chrome_42]" classname="se.redmind.rmtest.selenium.example.RandomClass0(20150226-080250)" time="1.3090116"/>
<testcase name="random4[Android_4.4.4_HTC ONE_explorer_10]" classname="se.redmind.rmtest.selenium.example.RandomClass0(20150226-080250)" time="0.49963498"/>
<testcase name="random4[Android_4.4.4_HTC ONE_opera_15]" classname="se.redmind.rmtest.selenium.example.RandomClass0(20150226-080250)" time="0.8662876"/>
<testcase name="random4[Android_2.3_VeiVei_firefox_31]" classname="se.redmind.rmtest.selenium.example.RandomClass0(20150226-080250)" time="1.5964975"/>
<testcase name="random4[Android_2.3_VeiVei_chrome_42]" classname="se.redmind.rmtest.selenium.example.RandomClass0(20150226-080250)" time="0.42296612"/>
<testcase name="random4[Android_2.3_VeiVei_explorer_10]" classname="se.redmind.rmtest.selenium.example.RandomClass0(20150226-080250)" time="0.5102613"/>
<testcase name="random4[Android_2.3_VeiVei_opera_15]" classname="se.redmind.rmtest.selenium.example.RandomClass0(20150226-080250)" time="1.0759289"/>
<testcase name="random4[IOS_8.2_iPhone 6_firefox_31]" classname="se.redmind.rmtest.selenium.example.RandomClass0(20150226-080250)" time="1.7410094"/>
<testcase name="random4[IOS_8.2_iPhone 6_chrome_42]" classname="se.redmind.rmtest.selenium.example.RandomClass0(20150226-080250)" time="1.4629577"/>
<testcase name="random4[IOS_8.2_iPhone 6_explorer_10]" classname="se.redmind.rmtest.selenium.example.RandomClass0(20150226-080250)" time="1.4431075"/>
<testcase name="random4[IOS_8.2_iPhone 6_opera_15]" classname="se.redmind.rmtest.selenium.example.RandomClass0(20150226-080250)" time="1.6404178"/>
<testcase name="random4[OSX_10.9.5_UNKNOWN_firefox_31]" classname="se.redmind.rmtest.selenium.example.RandomClass0(20150226-080250)" time="0.010880709"/>
<testcase name="random4[OSX_10.9.5_UNKNOWN_chrome_42]" classname="se.redmind.rmtest.selenium.example.RandomClass0(20150226-080250)" time="0.5641507"/>
<testcase name="random4[OSX_10.9.5_UNKNOWN_explorer_10]" classname="se.redmind.rmtest.selenium.example.RandomClass0(20150226-080250)" time="1.1542219"/>
<testcase name="random4[OSX_10.9.5_UNKNOWN_opera_15]" classname="se.redmind.rmtest.selenium.example.RandomClass0(20150226-080250)" time="0.6765702"/>
<testcase name="random4[Windows_10_UNKNOWN_firefox_31]" classname="se.redmind.rmtest.selenium.example.RandomClass0(20150226-080250)" time="1.9407628"/>
<testcase name="random4[Windows_10_UNKNOWN_chrome_42]" classname="se.redmind.rmtest.selenium.example.RandomClass0(20150226-080250)" time="0.81819963"/>
<testcase name="random4[Windows_10_UNKNOWN_explorer_10]" classname="se.redmind.rmtest.selenium.example.RandomClass0(20150226-080250)" time="0.98058164">
	<failure type="java.lang.AssertionError:">java.lang.AssertionError: null
		at org.junit.Assert.fail(Assert.java:86)
		at org.junit.Assert.assertTrue(Assert.java:41)
		at org.junit.Assert.assertTrue(Assert.java:52)
		at se.redmind.rmtest.selenium.example.CreateRandomRes3.random14(CreateRandomRes3.java:128)
	</failure>
</testcase>
<testcase name="random4[Windows_10_UNKNOWN_opera_15]" classname="se.redmind.rmtest.selenium.example.RandomClass0(20150226-080250)" time="1.2638669"/>
<testcase name="random4[Ubuntu_14.04_UNKNOWN_firefox_31]" classname="se.redmind.rmtest.selenium.example.RandomClass0(20150226-080250)" time="1.3787258"/>
<testcase name="random4[Ubuntu_14.04_UNKNOWN_chrome_42]" classname="se.redmind.rmtest.selenium.example.RandomClass0(20150226-080250)" time="0.48603535"/>
<testcase name="random4[Ubuntu_14.04_UNKNOWN_explorer_10]" classname="se.redmind.rmtest.selenium.example.RandomClass0(20150226-080250)" time="0.68110454"/>
<testcase name="random4[Ubuntu_14.04_UNKNOWN_opera_15]" classname="se.redmind.rmtest.selenium.example.RandomClass0(20150226-080250)" time="0.038645864"/>
<testcase name="random4[Ubuntu_12.10_UNKNOWN_firefox_31]" classname="se.redmind.rmtest.selenium.example.RandomClass0(20150226-080250)" time="0.61251867"/>
<testcase name="random4[Ubuntu_12.10_UNKNOWN_chrome_42]" classname="se.redmind.rmtest.selenium.example.RandomClass0(20150226-080250)" time="0.010995626"/>
<testcase name="random4[Ubuntu_12.10_UNKNOWN_explorer_10]" classname="se.redmind.rmtest.selenium.example.RandomClass0(20150226-080250)" time="0.035996318"/>
<testcase name="random4[Ubuntu_12.10_UNKNOWN_opera_15]" classname="se.redmind.rmtest.selenium.example.RandomClass0(20150226-080250)" time="0.9506687"/>
<testcase name="random1[Android_4.4.4_HTC ONE_firefox_31]" classname="se.redmind.rmtest.selenium.example.RandomClass1(20150226-080250)" time="1.3046517"/>
<testcase name="random1[Android_4.4.4_HTC ONE_chrome_42]" classname="se.redmind.rmtest.selenium.example.RandomClass1(20150226-080250)" time="0.8453219"/>
<testcase name="random1[Android_4.4.4_HTC ONE_explorer_10]" classname="se.redmind.rmtest.selenium.example.RandomClass1(20150226-080250)" time="1.9583625"/>
<testcase name="random1[Android_4.4.4_HTC ONE_opera_15]" classname="se.redmind.rmtest.selenium.example.RandomClass1(20150226-080250)" time="1.5019346"/>
<testcase name="random1[Android_5.1_Nexus 6_firefox_31]" classname="se.redmind.rmtest.selenium.example.RandomClass1(20150226-080250)" time="1.1843715"/>
<testcase name="random1[Android_5.1_Nexus 6_chrome_42]" classname="se.redmind.rmtest.selenium.example.RandomClass1(20150226-080250)" time="0.4348104">
	<failure type="java.lang.AssertionError:">java.lang.AssertionError: null
		at org.junit.Assert.fail(Assert.java:86)
		at org.junit.Assert.assertTrue(Assert.java:41)
		at org.junit.Assert.assertTrue(Assert.java:52)
		at se.redmind.rmtest.selenium.example.CreateRandomRes3.random14(CreateRandomRes3.java:128)
	</failure>
</testcase>
<testcase name="random1[Android_5.1_Nexus 6_explorer_10]" classname="se.redmind.rmtest.selenium.example.RandomClass1(20150226-080250)" time="1.3645209"/>
<testcase name="random1[Android_5.1_Nexus 6_opera_15]" classname="se.redmind.rmtest.selenium.example.RandomClass1(20150226-080250)" time="1.3656874"/>
<testcase name="random1[Android_2.3_VeiVei_firefox_31]" classname="se.redmind.rmtest.selenium.example.RandomClass1(20150226-080250)" time="1.3097507"/>
<testcase name="random1[Android_2.3_VeiVei_chrome_42]" classname="se.redmind.rmtest.selenium.example.RandomClass1(20150226-080250)" time="0.29674268">
	<error type="java.lang.AssertionError:">java.lang.AssertionError: null
		at org.junit.Assert.fail(Assert.java:86)
		at org.junit.Assert.assertTrue(Assert.java:41)
		at org.junit.Assert.assertTrue(Assert.java:52)
		at se.redmind.rmtest.selenium.example.CreateRandomRes3.random14(CreateRandomRes3.java:128)
	</error>
</testcase>
<testcase name="random1[Android_2.3_VeiVei_explorer_10]" classname="se.redmind.rmtest.selenium.example.RandomClass1(20150226-080250)" time="0.59800184"/>
<testcase name="random1[Android_2.3_VeiVei_opera_15]" classname="se.redmind.rmtest.selenium.example.RandomClass1(20150226-080250)" time="1.3821102"/>
<testcase name="random1[Android_4.4.4_Sony Experia Z3_firefox_31]" classname="se.redmind.rmtest.selenium.example.RandomClass1(20150226-080250)" time="1.9380221"/>
<testcase name="random1[Android_4.4.4_Sony Experia Z3_chrome_42]" classname="se.redmind.rmtest.selenium.example.RandomClass1(20150226-080250)" time="0.99256146"/>
<testcase name="random1[Android_4.4.4_Sony Experia Z3_explorer_10]" classname="se.redmind.rmtest.selenium.example.RandomClass1(20150226-080250)" time="1.7248473"/>
<testcase name="random1[Android_4.4.4_Sony Experia Z3_opera_15]" classname="se.redmind.rmtest.selenium.example.RandomClass1(20150226-080250)" time="0.40218222"/>
<testcase name="random1[IOS_8.2_iPhone 6_firefox_31]" classname="se.redmind.rmtest.selenium.example.RandomClass1(20150226-080250)" time="0.99997103"/>
<testcase name="random1[IOS_8.2_iPhone 6_chrome_42]" classname="se.redmind.rmtest.selenium.example.RandomClass1(20150226-080250)" time="1.1033111"/>
<testcase name="random1[IOS_8.2_iPhone 6_explorer_10]" classname="se.redmind.rmtest.selenium.example.RandomClass1(20150226-080250)" time="0.040297627"/>
<testcase name="random1[IOS_8.2_iPhone 6_opera_15]" classname="se.redmind.rmtest.selenium.example.RandomClass1(20150226-080250)" time="1.0497774"/>
<testcase name="random1[OSX_10.9.5_UNKNOWN_firefox_31]" classname="se.redmind.rmtest.selenium.example.RandomClass1(20150226-080250)" time="0.38122606"/>
<testcase name="random1[OSX_10.9.5_UNKNOWN_chrome_42]" classname="se.redmind.rmtest.selenium.example.RandomClass1(20150226-080250)" time="0.43522084"/>
<testcase name="random1[OSX_10.9.5_UNKNOWN_explorer_10]" classname="se.redmind.rmtest.selenium.example.RandomClass1(20150226-080250)" time="1.518572"/>
<testcase name="random1[OSX_10.9.5_UNKNOWN_opera_15]" classname="se.redmind.rmtest.selenium.example.RandomClass1(20150226-080250)" time="1.765476"/>
<testcase name="random1[Windows_8.1_UNKNOWN_firefox_31]" classname="se.redmind.rmtest.selenium.example.RandomClass1(20150226-080250)" time="1.9819264"/>
<testcase name="random1[Windows_8.1_UNKNOWN_chrome_42]" classname="se.redmind.rmtest.selenium.example.RandomClass1(20150226-080250)" time="1.9957943"/>
<testcase name="random1[Windows_8.1_UNKNOWN_explorer_10]" classname="se.redmind.rmtest.selenium.example.RandomClass1(20150226-080250)" time="0.8855071"/>
<testcase name="random1[Windows_8.1_UNKNOWN_opera_15]" classname="se.redmind.rmtest.selenium.example.RandomClass1(20150226-080250)" time="0.37398112"/>
<testcase name="random1[Ubuntu_14.04_UNKNOWN_firefox_31]" classname="se.redmind.rmtest.selenium.example.RandomClass1(20150226-080250)" time="0.43317235"/>
<testcase name="random1[Ubuntu_14.04_UNKNOWN_chrome_42]" classname="se.redmind.rmtest.selenium.example.RandomClass1(20150226-080250)" time="1.3144364"/>
<testcase name="random1[Ubuntu_14.04_UNKNOWN_explorer_10]" classname="se.redmind.rmtest.selenium.example.RandomClass1(20150226-080250)" time="1.4652371"/>
<testcase name="random1[Ubuntu_14.04_UNKNOWN_opera_15]" classname="se.redmind.rmtest.selenium.example.RandomClass1(20150226-080250)" time="0.8619157"/>
<testcase name="random1[Ubuntu_12.10_UNKNOWN_firefox_31]" classname="se.redmind.rmtest.selenium.example.RandomClass1(20150226-080250)" time="0.30050957"/>
<testcase name="random1[Ubuntu_12.10_UNKNOWN_chrome_42]" classname="se.redmind.rmtest.selenium.example.RandomClass1(20150226-080250)" time="1.1051702"/>
<testcase name="random1[Ubuntu_12.10_UNKNOWN_explorer_10]" classname="se.redmind.rmtest.selenium.example.RandomClass1(20150226-080250)" time="1.6932576"/>
<testcase name="random1[Ubuntu_12.10_UNKNOWN_opera_15]" classname="se.redmind.rmtest.selenium.example.RandomClass1(20150226-080250)" time="0.20992982">
	<failure type="java.lang.AssertionError:">java.lang.AssertionError: null
		at org.junit.Assert.fail(Assert.java:86)
		at org.junit.Assert.assertTrue(Assert.java:41)
		at org.junit.Assert.assertTrue(Assert.java:52)
		at se.redmind.rmtest.selenium.example.CreateRandomRes3.random14(CreateRandomRes3.java:128)
	</failure>
</testcase>
<testcase name="random2[Android_4.4.4_HTC ONE_firefox_31]" classname="se.redmind.rmtest.selenium.example.RandomClass1(20150226-080250)" time="0.29105115"/>
<testcase name="random2[Android_4.4.4_HTC ONE_chrome_42]" classname="se.redmind.rmtest.selenium.example.RandomClass1(20150226-080250)" time="0.9582883"/>
<testcase name="random2[Android_4.4.4_HTC ONE_explorer_10]" classname="se.redmind.rmtest.selenium.example.RandomClass1(20150226-080250)" time="0.16711915"/>
<testcase name="random2[Android_4.4.4_HTC ONE_opera_15]" classname="se.redmind.rmtest.selenium.example.RandomClass1(20150226-080250)" time="1.6899498"/>
<testcase name="random2[Android_5.1_Nexus 6_firefox_31]" classname="se.redmind.rmtest.selenium.example.RandomClass1(20150226-080250)" time="0.09283304"/>
<testcase name="random2[Android_5.1_Nexus 6_chrome_42]" classname="se.redmind.rmtest.selenium.example.RandomClass1(20150226-080250)" time="1.7335318"/>
<testcase name="random2[Android_5.1_Nexus 6_explorer_10]" classname="se.redmind.rmtest.selenium.example.RandomClass1(20150226-080250)" time="1.2938993"/>
<testcase name="random2[Android_5.1_Nexus 6_opera_15]" classname="se.redmind.rmtest.selenium.example.RandomClass1(20150226-080250)" time="0.7490034"/>
<testcase name="random2[Android_2.3_VeiVei_firefox_31]" classname="se.redmind.rmtest.selenium.example.RandomClass1(20150226-080250)" time="1.5181005"/>
<testcase name="random2[Android_2.3_VeiVei_chrome_42]" classname="se.redmind.rmtest.selenium.example.RandomClass1(20150226-080250)" time="1.7079813"/>
<testcase name="random2[Android_2.3_VeiVei_explorer_10]" classname="se.redmind.rmtest.selenium.example.RandomClass1(20150226-080250)" time="1.1003363">
	<failure type="java.lang.AssertionError:">java.lang.AssertionError: null
		at org.junit.Assert.fail(Assert.java:86)
		at org.junit.Assert.assertTrue(Assert.java:41)
		at org.junit.Assert.assertTrue(Assert.java:52)
		at se.redmind.rmtest.selenium.example.CreateRandomRes3.random14(CreateRandomRes3.java:128)
	</failure>
</testcase>
<testcase name="random2[Android_2.3_VeiVei_opera_15]" classname="se.redmind.rmtest.selenium.example.RandomClass1(20150226-080250)" time="1.0753992"/>
<testcase name="random2[Android_4.4.4_Sony Experia Z3_firefox_31]" classname="se.redmind.rmtest.selenium.example.RandomClass1(20150226-080250)" time="1.1504151"/>
<testcase name="random2[Android_4.4.4_Sony Experia Z3_chrome_42]" classname="se.redmind.rmtest.selenium.example.RandomClass1(20150226-080250)" time="1.1902395"/>
<testcase name="random2[Android_4.4.4_Sony Experia Z3_explorer_10]" classname="se.redmind.rmtest.selenium.example.RandomClass1(20150226-080250)" time="1.3687708"/>
<testcase name="random2[Android_4.4.4_Sony Experia Z3_opera_15]" classname="se.redmind.rmtest.selenium.example.RandomClass1(20150226-080250)" time="0.3152187">
	<failure type="java.lang.AssertionError:">java.lang.AssertionError: null
		at org.junit.Assert.fail(Assert.java:86)
		at org.junit.Assert.assertTrue(Assert.java:41)
		at org.junit.Assert.assertTrue(Assert.java:52)
		at se.redmind.rmtest.selenium.example.CreateRandomRes3.random14(CreateRandomRes3.java:128)
	</failure>
</testcase>
<testcase name="random2[IOS_8.2_iPhone 6_firefox_31]" classname="se.redmind.rmtest.selenium.example.RandomClass1(20150226-080250)" time="0.908417"/>
<testcase name="random2[IOS_8.2_iPhone 6_chrome_42]" classname="se.redmind.rmtest.selenium.example.RandomClass1(20150226-080250)" time="0.05954039"/>
<testcase name="random2[IOS_8.2_iPhone 6_explorer_10]" classname="se.redmind.rmtest.selenium.example.RandomClass1(20150226-080250)" time="1.1760451"/>
<testcase name="random2[IOS_8.2_iPhone 6_opera_15]" classname="se.redmind.rmtest.selenium.example.RandomClass1(20150226-080250)" time="0.30466044"/>
<testcase name="random2[OSX_10.9.5_UNKNOWN_firefox_31]" classname="se.redmind.rmtest.selenium.example.RandomClass1(20150226-080250)" time="0.34629917"/>
<testcase name="random2[OSX_10.9.5_UNKNOWN_chrome_42]" classname="se.redmind.rmtest.selenium.example.RandomClass1(20150226-080250)" time="0.029892564"/>
<testcase name="random2[OSX_10.9.5_UNKNOWN_explorer_10]" classname="se.redmind.rmtest.selenium.example.RandomClass1(20150226-080250)" time="1.7840222"/>
<testcase name="random2[OSX_10.9.5_UNKNOWN_opera_15]" classname="se.redmind.rmtest.selenium.example.RandomClass1(20150226-080250)" time="1.3619895"/>
<testcase name="random2[Windows_8.1_UNKNOWN_firefox_31]" classname="se.redmind.rmtest.selenium.example.RandomClass1(20150226-080250)" time="0.7273462"/>
<testcase name="random2[Windows_8.1_UNKNOWN_chrome_42]" classname="se.redmind.rmtest.selenium.example.RandomClass1(20150226-080250)" time="1.5548744"/>
<testcase name="random2[Windows_8.1_UNKNOWN_explorer_10]" classname="se.redmind.rmtest.selenium.example.RandomClass1(20150226-080250)" time="0.9844272"/>
<testcase name="random2[Windows_8.1_UNKNOWN_opera_15]" classname="se.redmind.rmtest.selenium.example.RandomClass1(20150226-080250)" time="0.8475754"/>
<testcase name="random2[Ubuntu_14.04_UNKNOWN_firefox_31]" classname="se.redmind.rmtest.selenium.example.RandomClass1(20150226-080250)" time="1.4832944"/>
<testcase name="random2[Ubuntu_14.04_UNKNOWN_chrome_42]" classname="se.redmind.rmtest.selenium.example.RandomClass1(20150226-080250)" time="1.573088">
	<failure type="java.lang.AssertionError:">java.lang.AssertionError: null
		at org.junit.Assert.fail(Assert.java:86)
		at org.junit.Assert.assertTrue(Assert.java:41)
		at org.junit.Assert.assertTrue(Assert.java:52)
		at se.redmind.rmtest.selenium.example.CreateRandomRes3.random14(CreateRandomRes3.java:128)
	</failure>
</testcase>
<testcase name="random2[Ubuntu_14.04_UNKNOWN_explorer_10]" classname="se.redmind.rmtest.selenium.example.RandomClass1(20150226-080250)" time="1.4379138"/>
<testcase name="random2[Ubuntu_14.04_UNKNOWN_opera_15]" classname="se.redmind.rmtest.selenium.example.RandomClass1(20150226-080250)" time="1.5755135"/>
<testcase name="random2[Ubuntu_12.10_UNKNOWN_firefox_31]" classname="se.redmind.rmtest.selenium.example.RandomClass1(20150226-080250)" time="0.07643247"/>
<testcase name="random2[Ubuntu_12.10_UNKNOWN_chrome_42]" classname="se.redmind.rmtest.selenium.example.RandomClass1(20150226-080250)" time="1.6742935"/>
<testcase name="random2[Ubuntu_12.10_UNKNOWN_explorer_10]" classname="se.redmind.rmtest.selenium.example.RandomClass1(20150226-080250)" time="1.9510407"/>
<testcase name="random2[Ubuntu_12.10_UNKNOWN_opera_15]" classname="se.redmind.rmtest.selenium.example.RandomClass1(20150226-080250)" time="0.88853645"/>
<testcase name="random3[Android_4.4.4_HTC ONE_firefox_31]" classname="se.redmind.rmtest.selenium.example.RandomClass1(20150226-080250)" time="1.840572"/>
<testcase name="random3[Android_4.4.4_HTC ONE_chrome_42]" classname="se.redmind.rmtest.selenium.example.RandomClass1(20150226-080250)" time="1.7320588"/>
<testcase name="random3[Android_4.4.4_HTC ONE_explorer_10]" classname="se.redmind.rmtest.selenium.example.RandomClass1(20150226-080250)" time="0.635705"/>
<testcase name="random3[Android_4.4.4_HTC ONE_opera_15]" classname="se.redmind.rmtest.selenium.example.RandomClass1(20150226-080250)" time="0.59104633"/>
<testcase name="random3[Android_5.1_Nexus 6_firefox_31]" classname="se.redmind.rmtest.selenium.example.RandomClass1(20150226-080250)" time="0.5353792"/>
<testcase name="random3[Android_5.1_Nexus 6_chrome_42]" classname="se.redmind.rmtest.selenium.example.RandomClass1(20150226-080250)" time="0.6483165">
	<failure type="java.lang.AssertionError:">java.lang.AssertionError: null
		at org.junit.Assert.fail(Assert.java:86)
		at org.junit.Assert.assertTrue(Assert.java:41)
		at org.junit.Assert.assertTrue(Assert.java:52)
		at se.redmind.rmtest.selenium.example.CreateRandomRes3.random14(CreateRandomRes3.java:128)
	</failure>
</testcase>
<testcase name="random3[Android_5.1_Nexus 6_explorer_10]" classname="se.redmind.rmtest.selenium.example.RandomClass1(20150226-080250)" time="1.1497325"/>
<testcase name="random3[Android_5.1_Nexus 6_opera_15]" classname="se.redmind.rmtest.selenium.example.RandomClass1(20150226-080250)" time="1.6216208">
	<failure type="java.lang.AssertionError:">java.lang.AssertionError: null
		at org.junit.Assert.fail(Assert.java:86)
		at org.junit.Assert.assertTrue(Assert.java:41)
		at org.junit.Assert.assertTrue(Assert.java:52)
		at se.redmind.rmtest.selenium.example.CreateRandomRes3.random14(CreateRandomRes3.java:128)
	</failure>
</testcase>
<testcase name="random3[Android_2.3_VeiVei_firefox_31]" classname="se.redmind.rmtest.selenium.example.RandomClass1(20150226-080250)" time="0.41927767"/>
<testcase name="random3[Android_2.3_VeiVei_chrome_42]" classname="se.redmind.rmtest.selenium.example.RandomClass1(20150226-080250)" time="0.5900042"/>
<testcase name="random3[Android_2.3_VeiVei_explorer_10]" classname="se.redmind.rmtest.selenium.example.RandomClass1(20150226-080250)" time="0.13216317"/>
<testcase name="random3[Android_2.3_VeiVei_opera_15]" classname="se.redmind.rmtest.selenium.example.RandomClass1(20150226-080250)" time="0.77020204"/>
<testcase name="random3[Android_4.4.4_Sony Experia Z3_firefox_31]" classname="se.redmind.rmtest.selenium.example.RandomClass1(20150226-080250)" time="0.6719115"/>
<testcase name="random3[Android_4.4.4_Sony Experia Z3_chrome_42]" classname="se.redmind.rmtest.selenium.example.RandomClass1(20150226-080250)" time="0.85031295"/>
<testcase name="random3[Android_4.4.4_Sony Experia Z3_explorer_10]" classname="se.redmind.rmtest.selenium.example.RandomClass1(20150226-080250)" time="1.6271986"/>
<testcase name="random3[Android_4.4.4_Sony Experia Z3_opera_15]" classname="se.redmind.rmtest.selenium.example.RandomClass1(20150226-080250)" time="0.16950786"/>
<testcase name="random3[IOS_8.2_iPhone 6_firefox_31]" classname="se.redmind.rmtest.selenium.example.RandomClass1(20150226-080250)" time="1.3325437"/>
<testcase name="random3[IOS_8.2_iPhone 6_chrome_42]" classname="se.redmind.rmtest.selenium.example.RandomClass1(20150226-080250)" time="1.5470277"/>
<testcase name="random3[IOS_8.2_iPhone 6_explorer_10]" classname="se.redmind.rmtest.selenium.example.RandomClass1(20150226-080250)" time="1.1575572"/>
<testcase name="random3[IOS_8.2_iPhone 6_opera_15]" classname="se.redmind.rmtest.selenium.example.RandomClass1(20150226-080250)" time="0.35795343"/>
<testcase name="random3[OSX_10.9.5_UNKNOWN_firefox_31]" classname="se.redmind.rmtest.selenium.example.RandomClass1(20150226-080250)" time="0.63446057"/>
<testcase name="random3[OSX_10.9.5_UNKNOWN_chrome_42]" classname="se.redmind.rmtest.selenium.example.RandomClass1(20150226-080250)" time="0.2910533"/>
<testcase name="random3[OSX_10.9.5_UNKNOWN_explorer_10]" classname="se.redmind.rmtest.selenium.example.RandomClass1(20150226-080250)" time="1.2700151">
	<failure type="java.lang.AssertionError:">java.lang.AssertionError: null
		at org.junit.Assert.fail(Assert.java:86)
		at org.junit.Assert.assertTrue(Assert.java:41)
		at org.junit.Assert.assertTrue(Assert.java:52)
		at se.redmind.rmtest.selenium.example.CreateRandomRes3.random14(CreateRandomRes3.java:128)
	</failure>
</testcase>
<testcase name="random3[OSX_10.9.5_UNKNOWN_opera_15]" classname="se.redmind.rmtest.selenium.example.RandomClass1(20150226-080250)" time="0.45493746">
	<failure type="java.lang.AssertionError:">java.lang.AssertionError: null
		at org.junit.Assert.fail(Assert.java:86)
		at org.junit.Assert.assertTrue(Assert.java:41)
		at org.junit.Assert.assertTrue(Assert.java:52)
		at se.redmind.rmtest.selenium.example.CreateRandomRes3.random14(CreateRandomRes3.java:128)
	</failure>
</testcase>
<testcase name="random3[Windows_8.1_UNKNOWN_firefox_31]" classname="se.redmind.rmtest.selenium.example.RandomClass1(20150226-080250)" time="0.7168257"/>
<testcase name="random3[Windows_8.1_UNKNOWN_chrome_42]" classname="se.redmind.rmtest.selenium.example.RandomClass1(20150226-080250)" time="1.4306021"/>
<testcase name="random3[Windows_8.1_UNKNOWN_explorer_10]" classname="se.redmind.rmtest.selenium.example.RandomClass1(20150226-080250)" time="1.0357555"/>
<testcase name="random3[Windows_8.1_UNKNOWN_opera_15]" classname="se.redmind.rmtest.selenium.example.RandomClass1(20150226-080250)" time="0.09108627"/>
<testcase name="random3[Ubuntu_14.04_UNKNOWN_firefox_31]" classname="se.redmind.rmtest.selenium.example.RandomClass1(20150226-080250)" time="1.4908848"/>
<testcase name="random3[Ubuntu_14.04_UNKNOWN_chrome_42]" classname="se.redmind.rmtest.selenium.example.RandomClass1(20150226-080250)" time="0.87775207"/>
<testcase name="random3[Ubuntu_14.04_UNKNOWN_explorer_10]" classname="se.redmind.rmtest.selenium.example.RandomClass1(20150226-080250)" time="1.2421706"/>
<testcase name="random3[Ubuntu_14.04_UNKNOWN_opera_15]" classname="se.redmind.rmtest.selenium.example.RandomClass1(20150226-080250)" time="1.8409756">
	<failure type="java.lang.AssertionError:">java.lang.AssertionError: null
		at org.junit.Assert.fail(Assert.java:86)
		at org.junit.Assert.assertTrue(Assert.java:41)
		at org.junit.Assert.assertTrue(Assert.java:52)
		at se.redmind.rmtest.selenium.example.CreateRandomRes3.random14(CreateRandomRes3.java:128)
	</failure>
</testcase>
<testcase name="random3[Ubuntu_12.10_UNKNOWN_firefox_31]" classname="se.redmind.rmtest.selenium.example.RandomClass1(20150226-080250)" time="1.0541737">
	<failure type="java.lang.AssertionError:">java.lang.AssertionError: null
		at org.junit.Assert.fail(Assert.java:86)
		at org.junit.Assert.assertTrue(Assert.java:41)
		at org.junit.Assert.assertTrue(Assert.java:52)
		at se.redmind.rmtest.selenium.example.CreateRandomRes3.random14(CreateRandomRes3.java:128)
	</failure>
</testcase>
<testcase name="random3[Ubuntu_12.10_UNKNOWN_chrome_42]" classname="se.redmind.rmtest.selenium.example.RandomClass1(20150226-080250)" time="1.0026672"/>
<testcase name="random3[Ubuntu_12.10_UNKNOWN_explorer_10]" classname="se.redmind.rmtest.selenium.example.RandomClass1(20150226-080250)" time="0.6222522"/>
<testcase name="random3[Ubuntu_12.10_UNKNOWN_opera_15]" classname="se.redmind.rmtest.selenium.example.RandomClass1(20150226-080250)" time="0.21666336"/>
<testcase name="random4[Android_4.4.4_HTC ONE_firefox_31]" classname="se.redmind.rmtest.selenium.example.RandomClass1(20150226-080250)" time="1.1719795"/>
<testcase name="random4[Android_4.4.4_HTC ONE_chrome_42]" classname="se.redmind.rmtest.selenium.example.RandomClass1(20150226-080250)" time="1.0207121"/>
<testcase name="random4[Android_4.4.4_HTC ONE_explorer_10]" classname="se.redmind.rmtest.selenium.example.RandomClass1(20150226-080250)" time="1.800965"/>
<testcase name="random4[Android_4.4.4_HTC ONE_opera_15]" classname="se.redmind.rmtest.selenium.example.RandomClass1(20150226-080250)" time="0.109467745">
	<error type="java.lang.AssertionError:">java.lang.AssertionError: null
		at org.junit.Assert.fail(Assert.java:86)
		at org.junit.Assert.assertTrue(Assert.java:41)
		at org.junit.Assert.assertTrue(Assert.java:52)
		at se.redmind.rmtest.selenium.example.CreateRandomRes3.random14(CreateRandomRes3.java:128)
	</error>
</testcase>
<testcase name="random4[Android_5.1_Nexus 6_firefox_31]" classname="se.redmind.rmtest.selenium.example.RandomClass1(20150226-080250)" time="0.5755311"/>
<testcase name="random4[Android_5.1_Nexus 6_chrome_42]" classname="se.redmind.rmtest.selenium.example.RandomClass1(20150226-080250)" time="1.021378"/>
<testcase name="random4[Android_5.1_Nexus 6_explorer_10]" classname="se.redmind.rmtest.selenium.example.RandomClass1(20150226-080250)" time="1.5317203"/>
<testcase name="random4[Android_5.1_Nexus 6_opera_15]" classname="se.redmind.rmtest.selenium.example.RandomClass1(20150226-080250)" time="0.26906574"/>
<testcase name="random4[Android_2.3_VeiVei_firefox_31]" classname="se.redmind.rmtest.selenium.example.RandomClass1(20150226-080250)" time="1.2806463"/>
<testcase name="random4[Android_2.3_VeiVei_chrome_42]" classname="se.redmind.rmtest.selenium.example.RandomClass1(20150226-080250)" time="0.38814318"/>
<testcase name="random4[Android_2.3_VeiVei_explorer_10]" classname="se.redmind.rmtest.selenium.example.RandomClass1(20150226-080250)" time="1.097798">
	<failure type="java.lang.AssertionError:">java.lang.AssertionError: null
		at org.junit.Assert.fail(Assert.java:86)
		at org.junit.Assert.assertTrue(Assert.java:41)
		at org.junit.Assert.assertTrue(Assert.java:52)
		at se.redmind.rmtest.selenium.example.CreateRandomRes3.random14(CreateRandomRes3.java:128)
	</failure>
</testcase>
<testcase name="random4[Android_2.3_VeiVei_opera_15]" classname="se.redmind.rmtest.selenium.example.RandomClass1(20150226-080250)" time="0.83283746"/>
<testcase name="random4[Android_4.4.4_Sony Experia Z3_firefox_31]" classname="se.redmind.rmtest.selenium.example.RandomClass1(20150226-080250)" time="0.21281517">
	<failure type="java.lang.AssertionError:">java.lang.AssertionError: null
		at org.junit.Assert.fail(Assert.java:86)
		at org.junit.Assert.assertTrue(Assert.java:41)
		at org.junit.Assert.assertTrue(Assert.java:52)
		at se.redmind.rmtest.selenium.example.CreateRandomRes3.random14(CreateRandomRes3.java:128)
	</failure>
</testcase>
<testcase name="random4[Android_4.4.4_Sony Experia Z3_chrome_42]" classname="se.redmind.rmtest.selenium.example.RandomClass1(20150226-080250)" time="0.47528577"/>
<testcase name="random4[Android_4.4.4_Sony Experia Z3_explorer_10]" classname="se.redmind.rmtest.selenium.example.RandomClass1(20150226-080250)" time="1.4034686"/>
<testcase name="random4[Android_4.4.4_Sony Experia Z3_opera_15]" classname="se.redmind.rmtest.selenium.example.RandomClass1(20150226-080250)" time="1.1979587">
	<failure type="java.lang.AssertionError:">java.lang.AssertionError: null
		at org.junit.Assert.fail(Assert.java:86)
		at org.junit.Assert.assertTrue(Assert.java:41)
		at org.junit.Assert.assertTrue(Assert.java:52)
		at se.redmind.rmtest.selenium.example.CreateRandomRes3.random14(CreateRandomRes3.java:128)
	</failure>
</testcase>
<testcase name="random4[IOS_8.2_iPhone 6_firefox_31]" classname="se.redmind.rmtest.selenium.example.RandomClass1(20150226-080250)" time="0.9856031"/>
<testcase name="random4[IOS_8.2_iPhone 6_chrome_42]" classname="se.redmind.rmtest.selenium.example.RandomClass1(20150226-080250)" time="1.8319845"/>
<testcase name="random4[IOS_8.2_iPhone 6_explorer_10]" classname="se.redmind.rmtest.selenium.example.RandomClass1(20150226-080250)" time="1.7392715">
	<failure type="java.lang.AssertionError:">java.lang.AssertionError: null
		at org.junit.Assert.fail(Assert.java:86)
		at org.junit.Assert.assertTrue(Assert.java:41)
		at org.junit.Assert.assertTrue(Assert.java:52)
		at se.redmind.rmtest.selenium.example.CreateRandomRes3.random14(CreateRandomRes3.java:128)
	</failure>
</testcase>
<testcase name="random4[IOS_8.2_iPhone 6_opera_15]" classname="se.redmind.rmtest.selenium.example.RandomClass1(20150226-080250)" time="1.4143311"/>
<testcase name="random4[OSX_10.9.5_UNKNOWN_firefox_31]" classname="se.redmind.rmtest.selenium.example.RandomClass1(20150226-080250)" time="1.3081291"/>
<testcase name="random4[OSX_10.9.5_UNKNOWN_chrome_42]" classname="se.redmind.rmtest.selenium.example.RandomClass1(20150226-080250)" time="0.8242444"/>
<testcase name="random4[OSX_10.9.5_UNKNOWN_explorer_10]" classname="se.redmind.rmtest.selenium.example.RandomClass1(20150226-080250)" time="0.22259164"/>
<testcase name="random4[OSX_10.9.5_UNKNOWN_opera_15]" classname="se.redmind.rmtest.selenium.example.RandomClass1(20150226-080250)" time="1.6463623"/>
<testcase name="random4[Windows_8.1_UNKNOWN_firefox_31]" classname="se.redmind.rmtest.selenium.example.RandomClass1(20150226-080250)" time="0.6277865"/>
<testcase name="random4[Windows_8.1_UNKNOWN_chrome_42]" classname="se.redmind.rmtest.selenium.example.RandomClass1(20150226-080250)" time="0.15826154"/>
<testcase name="random4[Windows_8.1_UNKNOWN_explorer_10]" classname="se.redmind.rmtest.selenium.example.RandomClass1(20150226-080250)" time="1.5105106"/>
<testcase name="random4[Windows_8.1_UNKNOWN_opera_15]" classname="se.redmind.rmtest.selenium.example.RandomClass1(20150226-080250)" time="0.09301674"/>
<testcase name="random4[Ubuntu_14.04_UNKNOWN_firefox_31]" classname="se.redmind.rmtest.selenium.example.RandomClass1(20150226-080250)" time="0.76425946"/>
<testcase name="random4[Ubuntu_14.04_UNKNOWN_chrome_42]" classname="se.redmind.rmtest.selenium.example.RandomClass1(20150226-080250)" time="0.7034012">
	<failure type="java.lang.AssertionError:">java.lang.AssertionError: null
		at org.junit.Assert.fail(Assert.java:86)
		at org.junit.Assert.assertTrue(Assert.java:41)
		at org.junit.Assert.assertTrue(Assert.java:52)
		at se.redmind.rmtest.selenium.example.CreateRandomRes3.random14(CreateRandomRes3.java:128)
	</failure>
</testcase>
<testcase name="random4[Ubuntu_14.04_UNKNOWN_explorer_10]" classname="se.redmind.rmtest.selenium.example.RandomClass1(20150226-080250)" time="1.3776253"/>
<testcase name="random4[Ubuntu_14.04_UNKNOWN_opera_15]" classname="se.redmind.rmtest.selenium.example.RandomClass1(20150226-080250)" time="0.8487979"/>
<testcase name="random4[Ubuntu_12.10_UNKNOWN_firefox_31]" classname="se.redmind.rmtest.selenium.example.RandomClass1(20150226-080250)" time="0.34084094"/>
<testcase name="random4[Ubuntu_12.10_UNKNOWN_chrome_42]" classname="se.redmind.rmtest.selenium.example.RandomClass1(20150226-080250)" time="0.74615705"/>
<testcase name="random4[Ubuntu_12.10_UNKNOWN_explorer_10]" classname="se.redmind.rmtest.selenium.example.RandomClass1(20150226-080250)" time="1.2247975"/>
<testcase name="random4[Ubuntu_12.10_UNKNOWN_opera_15]" classname="se.redmind.rmtest.selenium.example.RandomClass1(20150226-080250)" time="1.3588932"/>
<testcase name="random1[Android_4.4.4_HTC ONE_firefox_31]" classname="se.redmind.rmtest.selenium.example.RandomClass2(20150226-080250)" time="1.4549823"/>
<testcase name="random1[Android_4.4.4_HTC ONE_chrome_42]" classname="se.redmind.rmtest.selenium.example.RandomClass2(20150226-080250)" time="1.1546803">
	<failure type="java.lang.AssertionError:">java.lang.AssertionError: null
		at org.junit.Assert.fail(Assert.java:86)
		at org.junit.Assert.assertTrue(Assert.java:41)
		at org.junit.Assert.assertTrue(Assert.java:52)
		at se.redmind.rmtest.selenium.example.CreateRandomRes3.random14(CreateRandomRes3.java:128)
	</failure>
</testcase>
<testcase name="random1[Android_4.4.4_HTC ONE_explorer_10]" classname="se.redmind.rmtest.selenium.example.RandomClass2(20150226-080250)" time="0.6175282"/>
<testcase name="random1[Android_4.4.4_HTC ONE_opera_15]" classname="se.redmind.rmtest.selenium.example.RandomClass2(20150226-080250)" time="1.2791791"/>
<testcase name="random1[Android_5.1_Nexus 6_firefox_31]" classname="se.redmind.rmtest.selenium.example.RandomClass2(20150226-080250)" time="0.97043383"/>
<testcase name="random1[Android_5.1_Nexus 6_chrome_42]" classname="se.redmind.rmtest.selenium.example.RandomClass2(20150226-080250)" time="0.8579489"/>
<testcase name="random1[Android_5.1_Nexus 6_explorer_10]" classname="se.redmind.rmtest.selenium.example.RandomClass2(20150226-080250)" time="0.9336016"/>
<testcase name="random1[Android_5.1_Nexus 6_opera_15]" classname="se.redmind.rmtest.selenium.example.RandomClass2(20150226-080250)" time="1.0572283">
	<failure type="java.lang.AssertionError:">java.lang.AssertionError: null
		at org.junit.Assert.fail(Assert.java:86)
		at org.junit.Assert.assertTrue(Assert.java:41)
		at org.junit.Assert.assertTrue(Assert.java:52)
		at se.redmind.rmtest.selenium.example.CreateRandomRes3.random14(CreateRandomRes3.java:128)
	</failure>
</testcase>
<testcase name="random1[IOS_8.2_iPhone 6_firefox_31]" classname="se.redmind.rmtest.selenium.example.RandomClass2(20150226-080250)" time="1.3555154"/>
<testcase name="random1[IOS_8.2_iPhone 6_chrome_42]" classname="se.redmind.rmtest.selenium.example.RandomClass2(20150226-080250)" time="0.4773903"/>
<testcase name="random1[IOS_8.2_iPhone 6_explorer_10]" classname="se.redmind.rmtest.selenium.example.RandomClass2(20150226-080250)" time="1.1811192"/>
<testcase name="random1[IOS_8.2_iPhone 6_opera_15]" classname="se.redmind.rmtest.selenium.example.RandomClass2(20150226-080250)" time="1.6499285">
	<error type="java.lang.AssertionError:">java.lang.AssertionError: null
		at org.junit.Assert.fail(Assert.java:86)
		at org.junit.Assert.assertTrue(Assert.java:41)
		at org.junit.Assert.assertTrue(Assert.java:52)
		at se.redmind.rmtest.selenium.example.CreateRandomRes3.random14(CreateRandomRes3.java:128)
	</error>
</testcase>
<testcase name="random1[IOS_4_iPhone 3Gs_firefox_31]" classname="se.redmind.rmtest.selenium.example.RandomClass2(20150226-080250)" time="1.6355832"/>
<testcase name="random1[IOS_4_iPhone 3Gs_chrome_42]" classname="se.redmind.rmtest.selenium.example.RandomClass2(20150226-080250)" time="0.0829519"/>
<testcase name="random1[IOS_4_iPhone 3Gs_explorer_10]" classname="se.redmind.rmtest.selenium.example.RandomClass2(20150226-080250)" time="0.34878147"/>
<testcase name="random1[IOS_4_iPhone 3Gs_opera_15]" classname="se.redmind.rmtest.selenium.example.RandomClass2(20150226-080250)" time="0.21178544">
	<failure type="java.lang.AssertionError:">java.lang.AssertionError: null
		at org.junit.Assert.fail(Assert.java:86)
		at org.junit.Assert.assertTrue(Assert.java:41)
		at org.junit.Assert.assertTrue(Assert.java:52)
		at se.redmind.rmtest.selenium.example.CreateRandomRes3.random14(CreateRandomRes3.java:128)
	</failure>
</testcase>
<testcase name="random1[OSX_10.9.5_UNKNOWN_firefox_31]" classname="se.redmind.rmtest.selenium.example.RandomClass2(20150226-080250)" time="0.21886742"/>
<testcase name="random1[OSX_10.9.5_UNKNOWN_chrome_42]" classname="se.redmind.rmtest.selenium.example.RandomClass2(20150226-080250)" time="1.2275507"/>
<testcase name="random1[OSX_10.9.5_UNKNOWN_explorer_10]" classname="se.redmind.rmtest.selenium.example.RandomClass2(20150226-080250)" time="0.6317619"/>
<testcase name="random1[OSX_10.9.5_UNKNOWN_opera_15]" classname="se.redmind.rmtest.selenium.example.RandomClass2(20150226-080250)" time="0.89496017">
	<failure type="java.lang.AssertionError:">java.lang.AssertionError: null
		at org.junit.Assert.fail(Assert.java:86)
		at org.junit.Assert.assertTrue(Assert.java:41)
		at org.junit.Assert.assertTrue(Assert.java:52)
		at se.redmind.rmtest.selenium.example.CreateRandomRes3.random14(CreateRandomRes3.java:128)
	</failure>
</testcase>
<testcase name="random1[Windows_8.1_UNKNOWN_firefox_31]" classname="se.redmind.rmtest.selenium.example.RandomClass2(20150226-080250)" time="0.042397976">
	<failure type="java.lang.AssertionError:">java.lang.AssertionError: null
		at org.junit.Assert.fail(Assert.java:86)
		at org.junit.Assert.assertTrue(Assert.java:41)
		at org.junit.Assert.assertTrue(Assert.java:52)
		at se.redmind.rmtest.selenium.example.CreateRandomRes3.random14(CreateRandomRes3.java:128)
	</failure>
</testcase>
<testcase name="random1[Windows_8.1_UNKNOWN_chrome_42]" classname="se.redmind.rmtest.selenium.example.RandomClass2(20150226-080250)" time="0.76264465">
	<failure type="java.lang.AssertionError:">java.lang.AssertionError: null
		at org.junit.Assert.fail(Assert.java:86)
		at org.junit.Assert.assertTrue(Assert.java:41)
		at org.junit.Assert.assertTrue(Assert.java:52)
		at se.redmind.rmtest.selenium.example.CreateRandomRes3.random14(CreateRandomRes3.java:128)
	</failure>
</testcase>
<testcase name="random1[Windows_8.1_UNKNOWN_explorer_10]" classname="se.redmind.rmtest.selenium.example.RandomClass2(20150226-080250)" time="0.37860477"/>
<testcase name="random1[Windows_8.1_UNKNOWN_opera_15]" classname="se.redmind.rmtest.selenium.example.RandomClass2(20150226-080250)" time="0.334167"/>
<testcase name="random1[Windows_10_UNKNOWN_firefox_31]" classname="se.redmind.rmtest.selenium.example.RandomClass2(20150226-080250)" time="0.798285"/>
<testcase name="random1[Windows_10_UNKNOWN_chrome_42]" classname="se.redmind.rmtest.selenium.example.RandomClass2(20150226-080250)" time="1.7619795"/>
<testcase name="random1[Windows_10_UNKNOWN_explorer_10]" classname="se.redmind.rmtest.selenium.example.RandomClass2(20150226-080250)" time="0.14773917">
	<failure type="java.lang.AssertionError:">java.lang.AssertionError: null
		at org.junit.Assert.fail(Assert.java:86)
		at org.junit.Assert.assertTrue(Assert.java:41)
		at org.junit.Assert.assertTrue(Assert.java:52)
		at se.redmind.rmtest.selenium.example.CreateRandomRes3.random14(CreateRandomRes3.java:128)
	</failure>
</testcase>
<testcase name="random1[Windows_10_UNKNOWN_opera_15]" classname="se.redmind.rmtest.selenium.example.RandomClass2(20150226-080250)" time="1.1281273"/>
<testcase name="random1[Ubuntu_14.04_UNKNOWN_firefox_31]" classname="se.redmind.rmtest.selenium.example.RandomClass2(20150226-080250)" time="1.6970626"/>
<testcase name="random1[Ubuntu_14.04_UNKNOWN_chrome_42]" classname="se.redmind.rmtest.selenium.example.RandomClass2(20150226-080250)" time="1.3510358">
	<failure type="java.lang.AssertionError:">java.lang.AssertionError: null
		at org.junit.Assert.fail(Assert.java:86)
		at org.junit.Assert.assertTrue(Assert.java:41)
		at org.junit.Assert.assertTrue(Assert.java:52)
		at se.redmind.rmtest.selenium.example.CreateRandomRes3.random14(CreateRandomRes3.java:128)
	</failure>
</testcase>
<testcase name="random1[Ubuntu_14.04_UNKNOWN_explorer_10]" classname="se.redmind.rmtest.selenium.example.RandomClass2(20150226-080250)" time="1.6157173">
	<failure type="java.lang.AssertionError:">java.lang.AssertionError: null
		at org.junit.Assert.fail(Assert.java:86)
		at org.junit.Assert.assertTrue(Assert.java:41)
		at org.junit.Assert.assertTrue(Assert.java:52)
		at se.redmind.rmtest.selenium.example.CreateRandomRes3.random14(CreateRandomRes3.java:128)
	</failure>
</testcase>
<testcase name="random1[Ubuntu_14.04_UNKNOWN_opera_15]" classname="se.redmind.rmtest.selenium.example.RandomClass2(20150226-080250)" time="1.5259391"/>
<testcase name="random2[Android_4.4.4_HTC ONE_firefox_31]" classname="se.redmind.rmtest.selenium.example.RandomClass2(20150226-080250)" time="1.9304371"/>
<testcase name="random2[Android_4.4.4_HTC ONE_chrome_42]" classname="se.redmind.rmtest.selenium.example.RandomClass2(20150226-080250)" time="1.7174137"/>
<testcase name="random2[Android_4.4.4_HTC ONE_explorer_10]" classname="se.redmind.rmtest.selenium.example.RandomClass2(20150226-080250)" time="1.9583099"/>
<testcase name="random2[Android_4.4.4_HTC ONE_opera_15]" classname="se.redmind.rmtest.selenium.example.RandomClass2(20150226-080250)" time="1.5735576"/>
<testcase name="random2[Android_5.1_Nexus 6_firefox_31]" classname="se.redmind.rmtest.selenium.example.RandomClass2(20150226-080250)" time="1.9522274"/>
<testcase name="random2[Android_5.1_Nexus 6_chrome_42]" classname="se.redmind.rmtest.selenium.example.RandomClass2(20150226-080250)" time="0.09939468"/>
<testcase name="random2[Android_5.1_Nexus 6_explorer_10]" classname="se.redmind.rmtest.selenium.example.RandomClass2(20150226-080250)" time="1.3869096"/>
<testcase name="random2[Android_5.1_Nexus 6_opera_15]" classname="se.redmind.rmtest.selenium.example.RandomClass2(20150226-080250)" time="0.3822435"/>
<testcase name="random2[IOS_8.2_iPhone 6_firefox_31]" classname="se.redmind.rmtest.selenium.example.RandomClass2(20150226-080250)" time="0.96848226"/>
<testcase name="random2[IOS_8.2_iPhone 6_chrome_42]" classname="se.redmind.rmtest.selenium.example.RandomClass2(20150226-080250)" time="0.73730457"/>
<testcase name="random2[IOS_8.2_iPhone 6_explorer_10]" classname="se.redmind.rmtest.selenium.example.RandomClass2(20150226-080250)" time="1.839051"/>
<testcase name="random2[IOS_8.2_iPhone 6_opera_15]" classname="se.redmind.rmtest.selenium.example.RandomClass2(20150226-080250)" time="1.9809614">
	<failure type="java.lang.AssertionError:">java.lang.AssertionError: null
		at org.junit.Assert.fail(Assert.java:86)
		at org.junit.Assert.assertTrue(Assert.java:41)
		at org.junit.Assert.assertTrue(Assert.java:52)
		at se.redmind.rmtest.selenium.example.CreateRandomRes3.random14(CreateRandomRes3.java:128)
	</failure>
</testcase>
<testcase name="random2[IOS_4_iPhone 3Gs_firefox_31]" classname="se.redmind.rmtest.selenium.example.RandomClass2(20150226-080250)" time="1.036444">
	<failure type="java.lang.AssertionError:">java.lang.AssertionError: null
		at org.junit.Assert.fail(Assert.java:86)
		at org.junit.Assert.assertTrue(Assert.java:41)
		at org.junit.Assert.assertTrue(Assert.java:52)
		at se.redmind.rmtest.selenium.example.CreateRandomRes3.random14(CreateRandomRes3.java:128)
	</failure>
</testcase>
<testcase name="random2[IOS_4_iPhone 3Gs_chrome_42]" classname="se.redmind.rmtest.selenium.example.RandomClass2(20150226-080250)" time="1.3757985"/>
<testcase name="random2[IOS_4_iPhone 3Gs_explorer_10]" classname="se.redmind.rmtest.selenium.example.RandomClass2(20150226-080250)" time="0.43536997"/>
<testcase name="random2[IOS_4_iPhone 3Gs_opera_15]" classname="se.redmind.rmtest.selenium.example.RandomClass2(20150226-080250)" time="0.18819618"/>
<testcase name="random2[OSX_10.9.5_UNKNOWN_firefox_31]" classname="se.redmind.rmtest.selenium.example.RandomClass2(20150226-080250)" time="0.13045812"/>
<testcase name="random2[OSX_10.9.5_UNKNOWN_chrome_42]" classname="se.redmind.rmtest.selenium.example.RandomClass2(20150226-080250)" time="1.5624082"/>
<testcase name="random2[OSX_10.9.5_UNKNOWN_explorer_10]" classname="se.redmind.rmtest.selenium.example.RandomClass2(20150226-080250)" time="1.4469829"/>
<testcase name="random2[OSX_10.9.5_UNKNOWN_opera_15]" classname="se.redmind.rmtest.selenium.example.RandomClass2(20150226-080250)" time="0.6753299"/>
<testcase name="random2[Windows_8.1_UNKNOWN_firefox_31]" classname="se.redmind.rmtest.selenium.example.RandomClass2(20150226-080250)" time="1.0293204"/>
<testcase name="random2[Windows_8.1_UNKNOWN_chrome_42]" classname="se.redmind.rmtest.selenium.example.RandomClass2(20150226-080250)" time="1.7177453"/>
<testcase name="random2[Windows_8.1_UNKNOWN_explorer_10]" classname="se.redmind.rmtest.selenium.example.RandomClass2(20150226-080250)" time="0.66430795"/>
<testcase name="random2[Windows_8.1_UNKNOWN_opera_15]" classname="se.redmind.rmtest.selenium.example.RandomClass2(20150226-080250)" time="1.4235041"/>
<testcase name="random2[Windows_10_UNKNOWN_firefox_31]" classname="se.redmind.rmtest.selenium.example.RandomClass2(20150226-080250)" time="1.658697"/>
<testcase name="random2[Windows_10_UNKNOWN_chrome_42]" classname="se.redmind.rmtest.selenium.example.RandomClass2(20150226-080250)" time="0.69730866"/>
<testcase name="random2[Windows_10_UNKNOWN_explorer_10]" classname="se.redmind.rmtest.selenium.example.RandomClass2(20150226-080250)" time="0.5239196">
	<failure type="java.lang.AssertionError:">java.lang.AssertionError: null
		at org.junit.Assert.fail(Assert.java:86)
		at org.junit.Assert.assertTrue(Assert.java:41)
		at org.junit.Assert.assertTrue(Assert.java:52)
		at se.redmind.rmtest.selenium.example.CreateRandomRes3.random14(CreateRandomRes3.java:128)
	</failure>
</testcase>
<testcase name="random2[Windows_10_UNKNOWN_opera_15]" classname="se.redmind.rmtest.selenium.example.RandomClass2(20150226-080250)" time="1.6975884"/>
<testcase name="random2[Ubuntu_14.04_UNKNOWN_firefox_31]" classname="se.redmind.rmtest.selenium.example.RandomClass2(20150226-080250)" time="0.4165734"/>
<testcase name="random2[Ubuntu_14.04_UNKNOWN_chrome_42]" classname="se.redmind.rmtest.selenium.example.RandomClass2(20150226-080250)" time="1.6692886"/>
<testcase name="random2[Ubuntu_14.04_UNKNOWN_explorer_10]" classname="se.redmind.rmtest.selenium.example.RandomClass2(20150226-080250)" time="0.42040908"/>
<testcase name="random2[Ubuntu_14.04_UNKNOWN_opera_15]" classname="se.redmind.rmtest.selenium.example.RandomClass2(20150226-080250)" time="0.8045155"/>
<testcase name="random3[Android_4.4.4_HTC ONE_firefox_31]" classname="se.redmind.rmtest.selenium.example.RandomClass2(20150226-080250)" time="1.2371151"/>
<testcase name="random3[Android_4.4.4_HTC ONE_chrome_42]" classname="se.redmind.rmtest.selenium.example.RandomClass2(20150226-080250)" time="0.67480683"/>
<testcase name="random3[Android_4.4.4_HTC ONE_explorer_10]" classname="se.redmind.rmtest.selenium.example.RandomClass2(20150226-080250)" time="0.24910319"/>
<testcase name="random3[Android_4.4.4_HTC ONE_opera_15]" classname="se.redmind.rmtest.selenium.example.RandomClass2(20150226-080250)" time="1.8378747"/>
<testcase name="random3[Android_5.1_Nexus 6_firefox_31]" classname="se.redmind.rmtest.selenium.example.RandomClass2(20150226-080250)" time="1.3822235">
	<failure type="java.lang.AssertionError:">java.lang.AssertionError: null
		at org.junit.Assert.fail(Assert.java:86)
		at org.junit.Assert.assertTrue(Assert.java:41)
		at org.junit.Assert.assertTrue(Assert.java:52)
		at se.redmind.rmtest.selenium.example.CreateRandomRes3.random14(CreateRandomRes3.java:128)
	</failure>
</testcase>
<testcase name="random3[Android_5.1_Nexus 6_chrome_42]" classname="se.redmind.rmtest.selenium.example.RandomClass2(20150226-080250)" time="1.8613297"/>
<testcase name="random3[Android_5.1_Nexus 6_explorer_10]" classname="se.redmind.rmtest.selenium.example.RandomClass2(20150226-080250)" time="1.6472048"/>
<testcase name="random3[Android_5.1_Nexus 6_opera_15]" classname="se.redmind.rmtest.selenium.example.RandomClass2(20150226-080250)" time="1.5068024"/>
<testcase name="random3[IOS_8.2_iPhone 6_firefox_31]" classname="se.redmind.rmtest.selenium.example.RandomClass2(20150226-080250)" time="1.3166581"/>
<testcase name="random3[IOS_8.2_iPhone 6_chrome_42]" classname="se.redmind.rmtest.selenium.example.RandomClass2(20150226-080250)" time="0.27606487"/>
<testcase name="random3[IOS_8.2_iPhone 6_explorer_10]" classname="se.redmind.rmtest.selenium.example.RandomClass2(20150226-080250)" time="1.8393227"/>
<testcase name="random3[IOS_8.2_iPhone 6_opera_15]" classname="se.redmind.rmtest.selenium.example.RandomClass2(20150226-080250)" time="0.06383407"/>
<testcase name="random3[IOS_4_iPhone 3Gs_firefox_31]" classname="se.redmind.rmtest.selenium.example.RandomClass2(20150226-080250)" time="1.0410619">
<skipped/>
</testcase>
<testcase name="random3[IOS_4_iPhone 3Gs_firefox_31]" classname="se.redmind.rmtest.selenium.example.RandomClass2(20150226-080250)" time="0.7567743"/>
<testcase name="random3[IOS_4_iPhone 3Gs_chrome_42]" classname="se.redmind.rmtest.selenium.example.RandomClass2(20150226-080250)" time="1.5016619">
<skipped/>
</testcase>
<testcase name="random3[IOS_4_iPhone 3Gs_chrome_42]" classname="se.redmind.rmtest.selenium.example.RandomClass2(20150226-080250)" time="0.019613266"/>
<testcase name="random3[IOS_4_iPhone 3Gs_explorer_10]" classname="se.redmind.rmtest.selenium.example.RandomClass2(20150226-080250)" time="0.34572482">
<skipped/>
</testcase>
<testcase name="random3[IOS_4_iPhone 3Gs_explorer_10]" classname="se.redmind.rmtest.selenium.example.RandomClass2(20150226-080250)" time="1.0293971"/>
<testcase name="random3[IOS_4_iPhone 3Gs_opera_15]" classname="se.redmind.rmtest.selenium.example.RandomClass2(20150226-080250)" time="1.2665275">
<skipped/>
</testcase>
<testcase name="random3[IOS_4_iPhone 3Gs_opera_15]" classname="se.redmind.rmtest.selenium.example.RandomClass2(20150226-080250)" time="1.5518173"/>
<testcase name="random3[OSX_10.9.5_UNKNOWN_firefox_31]" classname="se.redmind.rmtest.selenium.example.RandomClass2(20150226-080250)" time="0.7441578"/>
<testcase name="random3[OSX_10.9.5_UNKNOWN_chrome_42]" classname="se.redmind.rmtest.selenium.example.RandomClass2(20150226-080250)" time="0.5408037"/>
<testcase name="random3[OSX_10.9.5_UNKNOWN_explorer_10]" classname="se.redmind.rmtest.selenium.example.RandomClass2(20150226-080250)" time="1.0320278"/>
<testcase name="random3[OSX_10.9.5_UNKNOWN_opera_15]" classname="se.redmind.rmtest.selenium.example.RandomClass2(20150226-080250)" time="1.6036083">
	<failure type="java.lang.AssertionError:">java.lang.AssertionError: null
		at org.junit.Assert.fail(Assert.java:86)
		at org.junit.Assert.assertTrue(Assert.java:41)
		at org.junit.Assert.assertTrue(Assert.java:52)
		at se.redmind.rmtest.selenium.example.CreateRandomRes3.random14(CreateRandomRes3.java:128)
	</failure>
</testcase>
<testcase name="random3[Windows_8.1_UNKNOWN_firefox_31]" classname="se.redmind.rmtest.selenium.example.RandomClass2(20150226-080250)" time="1.1495157"/>
<testcase name="random3[Windows_8.1_UNKNOWN_chrome_42]" classname="se.redmind.rmtest.selenium.example.RandomClass2(20150226-080250)" time="0.6624681">
	<failure type="java.lang.AssertionError:">java.lang.AssertionError: null
		at org.junit.Assert.fail(Assert.java:86)
		at org.junit.Assert.assertTrue(Assert.java:41)
		at org.junit.Assert.assertTrue(Assert.java:52)
		at se.redmind.rmtest.selenium.example.CreateRandomRes3.random14(CreateRandomRes3.java:128)
	</failure>
</testcase>
<testcase name="random3[Windows_8.1_UNKNOWN_explorer_10]" classname="se.redmind.rmtest.selenium.example.RandomClass2(20150226-080250)" time="0.57055664"/>
<testcase name="random3[Windows_8.1_UNKNOWN_opera_15]" classname="se.redmind.rmtest.selenium.example.RandomClass2(20150226-080250)" time="1.0732255"/>
<testcase name="random3[Windows_10_UNKNOWN_firefox_31]" classname="se.redmind.rmtest.selenium.example.RandomClass2(20150226-080250)" time="0.9787222"/>
<testcase name="random3[Windows_10_UNKNOWN_chrome_42]" classname="se.redmind.rmtest.selenium.example.RandomClass2(20150226-080250)" time="0.9843116"/>
<testcase name="random3[Windows_10_UNKNOWN_explorer_10]" classname="se.redmind.rmtest.selenium.example.RandomClass2(20150226-080250)" time="1.978886"/>
<testcase name="random3[Windows_10_UNKNOWN_opera_15]" classname="se.redmind.rmtest.selenium.example.RandomClass2(20150226-080250)" time="1.3021716">
	<failure type="java.lang.AssertionError:">java.lang.AssertionError: null
		at org.junit.Assert.fail(Assert.java:86)
		at org.junit.Assert.assertTrue(Assert.java:41)
		at org.junit.Assert.assertTrue(Assert.java:52)
		at se.redmind.rmtest.selenium.example.CreateRandomRes3.random14(CreateRandomRes3.java:128)
	</failure>
</testcase>
<testcase name="random3[Ubuntu_14.04_UNKNOWN_firefox_31]" classname="se.redmind.rmtest.selenium.example.RandomClass2(20150226-080250)" time="0.96862006"/>
<testcase name="random3[Ubuntu_14.04_UNKNOWN_chrome_42]" classname="se.redmind.rmtest.selenium.example.RandomClass2(20150226-080250)" time="1.7811296"/>
<testcase name="random3[Ubuntu_14.04_UNKNOWN_explorer_10]" classname="se.redmind.rmtest.selenium.example.RandomClass2(20150226-080250)" time="1.7680889">
	<failure type="java.lang.AssertionError:">java.lang.AssertionError: null
		at org.junit.Assert.fail(Assert.java:86)
		at org.junit.Assert.assertTrue(Assert.java:41)
		at org.junit.Assert.assertTrue(Assert.java:52)
		at se.redmind.rmtest.selenium.example.CreateRandomRes3.random14(CreateRandomRes3.java:128)
	</failure>
</testcase>
<testcase name="random3[Ubuntu_14.04_UNKNOWN_opera_15]" classname="se.redmind.rmtest.selenium.example.RandomClass2(20150226-080250)" time="0.15026093"/>
<testcase name="random4[Android_4.4.4_HTC ONE_firefox_31]" classname="se.redmind.rmtest.selenium.example.RandomClass2(20150226-080250)" time="1.3524439"/>
<testcase name="random4[Android_4.4.4_HTC ONE_chrome_42]" classname="se.redmind.rmtest.selenium.example.RandomClass2(20150226-080250)" time="1.2156842"/>
<testcase name="random4[Android_4.4.4_HTC ONE_explorer_10]" classname="se.redmind.rmtest.selenium.example.RandomClass2(20150226-080250)" time="0.015378237"/>
<testcase name="random4[Android_4.4.4_HTC ONE_opera_15]" classname="se.redmind.rmtest.selenium.example.RandomClass2(20150226-080250)" time="1.4715309"/>
<testcase name="random4[Android_5.1_Nexus 6_firefox_31]" classname="se.redmind.rmtest.selenium.example.RandomClass2(20150226-080250)" time="0.33571446"/>
<testcase name="random4[Android_5.1_Nexus 6_chrome_42]" classname="se.redmind.rmtest.selenium.example.RandomClass2(20150226-080250)" time="1.8637815"/>
<testcase name="random4[Android_5.1_Nexus 6_explorer_10]" classname="se.redmind.rmtest.selenium.example.RandomClass2(20150226-080250)" time="0.7582774"/>
<testcase name="random4[Android_5.1_Nexus 6_opera_15]" classname="se.redmind.rmtest.selenium.example.RandomClass2(20150226-080250)" time="1.69554"/>
<testcase name="random4[IOS_8.2_iPhone 6_firefox_31]" classname="se.redmind.rmtest.selenium.example.RandomClass2(20150226-080250)" time="0.2118411"/>
<testcase name="random4[IOS_8.2_iPhone 6_chrome_42]" classname="se.redmind.rmtest.selenium.example.RandomClass2(20150226-080250)" time="0.88809097"/>
<testcase name="random4[IOS_8.2_iPhone 6_explorer_10]" classname="se.redmind.rmtest.selenium.example.RandomClass2(20150226-080250)" time="0.4452722">
	<failure type="java.lang.AssertionError:">java.lang.AssertionError: null
		at org.junit.Assert.fail(Assert.java:86)
		at org.junit.Assert.assertTrue(Assert.java:41)
		at org.junit.Assert.assertTrue(Assert.java:52)
		at se.redmind.rmtest.selenium.example.CreateRandomRes3.random14(CreateRandomRes3.java:128)
	</failure>
</testcase>
<testcase name="random4[IOS_8.2_iPhone 6_opera_15]" classname="se.redmind.rmtest.selenium.example.RandomClass2(20150226-080250)" time="0.84058523"/>
<testcase name="random4[IOS_4_iPhone 3Gs_firefox_31]" classname="se.redmind.rmtest.selenium.example.RandomClass2(20150226-080250)" time="0.42363513"/>
<testcase name="random4[IOS_4_iPhone 3Gs_chrome_42]" classname="se.redmind.rmtest.selenium.example.RandomClass2(20150226-080250)" time="1.0717949"/>
<testcase name="random4[IOS_4_iPhone 3Gs_explorer_10]" classname="se.redmind.rmtest.selenium.example.RandomClass2(20150226-080250)" time="1.7999079"/>
<testcase name="random4[IOS_4_iPhone 3Gs_opera_15]" classname="se.redmind.rmtest.selenium.example.RandomClass2(20150226-080250)" time="1.3139381"/>
<testcase name="random4[OSX_10.9.5_UNKNOWN_firefox_31]" classname="se.redmind.rmtest.selenium.example.RandomClass2(20150226-080250)" time="0.14115489"/>
<testcase name="random4[OSX_10.9.5_UNKNOWN_chrome_42]" classname="se.redmind.rmtest.selenium.example.RandomClass2(20150226-080250)" time="0.34658253"/>
<testcase name="random4[OSX_10.9.5_UNKNOWN_explorer_10]" classname="se.redmind.rmtest.selenium.example.RandomClass2(20150226-080250)" time="0.7566049"/>
<testcase name="random4[OSX_10.9.5_UNKNOWN_opera_15]" classname="se.redmind.rmtest.selenium.example.RandomClass2(20150226-080250)" time="0.042114735"/>
<testcase name="random4[Windows_8.1_UNKNOWN_firefox_31]" classname="se.redmind.rmtest.selenium.example.RandomClass2(20150226-080250)" time="0.64920247"/>
<testcase name="random4[Windows_8.1_UNKNOWN_chrome_42]" classname="se.redmind.rmtest.selenium.example.RandomClass2(20150226-080250)" time="0.63482094"/>
<testcase name="random4[Windows_8.1_UNKNOWN_explorer_10]" classname="se.redmind.rmtest.selenium.example.RandomClass2(20150226-080250)" time="1.2205471"/>
<testcase name="random4[Windows_8.1_UNKNOWN_opera_15]" classname="se.redmind.rmtest.selenium.example.RandomClass2(20150226-080250)" time="0.95891666"/>
<testcase name="random4[Windows_10_UNKNOWN_firefox_31]" classname="se.redmind.rmtest.selenium.example.RandomClass2(20150226-080250)" time="1.1264732">
	<failure type="java.lang.AssertionError:">java.lang.AssertionError: null
		at org.junit.Assert.fail(Assert.java:86)
		at org.junit.Assert.assertTrue(Assert.java:41)
		at org.junit.Assert.assertTrue(Assert.java:52)
		at se.redmind.rmtest.selenium.example.CreateRandomRes3.random14(CreateRandomRes3.java:128)
	</failure>
</testcase>
<testcase name="random4[Windows_10_UNKNOWN_chrome_42]" classname="se.redmind.rmtest.selenium.example.RandomClass2(20150226-080250)" time="1.6951482">
	<failure type="java.lang.AssertionError:">java.lang.AssertionError: null
		at org.junit.Assert.fail(Assert.java:86)
		at org.junit.Assert.assertTrue(Assert.java:41)
		at org.junit.Assert.assertTrue(Assert.java:52)
		at se.redmind.rmtest.selenium.example.CreateRandomRes3.random14(CreateRandomRes3.java:128)
	</failure>
</testcase>
<testcase name="random4[Windows_10_UNKNOWN_explorer_10]" classname="se.redmind.rmtest.selenium.example.RandomClass2(20150226-080250)" time="0.72993386"/>
<testcase name="random4[Windows_10_UNKNOWN_opera_15]" classname="se.redmind.rmtest.selenium.example.RandomClass2(20150226-080250)" time="1.2798232"/>
<testcase name="random4[Ubuntu_14.04_UNKNOWN_firefox_31]" classname="se.redmind.rmtest.selenium.example.RandomClass2(20150226-080250)" time="0.014478087"/>
<testcase name="random4[Ubuntu_14.04_UNKNOWN_chrome_42]" classname="se.redmind.rmtest.selenium.example.RandomClass2(20150226-080250)" time="1.1432644"/>
<testcase name="random4[Ubuntu_14.04_UNKNOWN_explorer_10]" classname="se.redmind.rmtest.selenium.example.RandomClass2(20150226-080250)" time="0.25835884"/>
<testcase name="random4[Ubuntu_14.04_UNKNOWN_opera_15]" classname="se.redmind.rmtest.selenium.example.RandomClass2(20150226-080250)" time="0.53976095">
	<error type="java.lang.AssertionError:">java.lang.AssertionError: null
		at org.junit.Assert.fail(Assert.java:86)
		at org.junit.Assert.assertTrue(Assert.java:41)
		at org.junit.Assert.assertTrue(Assert.java:52)
		at se.redmind.rmtest.selenium.example.CreateRandomRes3.random14(CreateRandomRes3.java:128)
	</error>
</testcase>
<testcase name="random1[Android_4.4.4_HTC ONE_firefox_31]" classname="se.redmind.rmtest.selenium.example.RandomClass3(20150226-080250)" time="0.0017937422"/>
<testcase name="random1[Android_4.4.4_HTC ONE_chrome_42]" classname="se.redmind.rmtest.selenium.example.RandomClass3(20150226-080250)" time="0.7500212"/>
<testcase name="random1[Android_4.4.4_HTC ONE_explorer_10]" classname="se.redmind.rmtest.selenium.example.RandomClass3(20150226-080250)" time="1.0660791"/>
<testcase name="random1[Android_4.4.4_HTC ONE_opera_15]" classname="se.redmind.rmtest.selenium.example.RandomClass3(20150226-080250)" time="1.4438975">
	<failure type="java.lang.AssertionError:">java.lang.AssertionError: null
		at org.junit.Assert.fail(Assert.java:86)
		at org.junit.Assert.assertTrue(Assert.java:41)
		at org.junit.Assert.assertTrue(Assert.java:52)
		at se.redmind.rmtest.selenium.example.CreateRandomRes3.random14(CreateRandomRes3.java:128)
	</failure>
</testcase>
<testcase name="random1[Android_4.4.4_Sony Experia Z3_firefox_31]" classname="se.redmind.rmtest.selenium.example.RandomClass3(20150226-080250)" time="1.5941261"/>
<testcase name="random1[Android_4.4.4_Sony Experia Z3_chrome_42]" classname="se.redmind.rmtest.selenium.example.RandomClass3(20150226-080250)" time="1.9657633"/>
<testcase name="random1[Android_4.4.4_Sony Experia Z3_explorer_10]" classname="se.redmind.rmtest.selenium.example.RandomClass3(20150226-080250)" time="0.02878201"/>
<testcase name="random1[Android_4.4.4_Sony Experia Z3_opera_15]" classname="se.redmind.rmtest.selenium.example.RandomClass3(20150226-080250)" time="0.13310635"/>
<testcase name="random1[OSX_10.9.5_UNKNOWN_firefox_31]" classname="se.redmind.rmtest.selenium.example.RandomClass3(20150226-080250)" time="0.12996638"/>
<testcase name="random1[OSX_10.9.5_UNKNOWN_chrome_42]" classname="se.redmind.rmtest.selenium.example.RandomClass3(20150226-080250)" time="0.9022684"/>
<testcase name="random1[OSX_10.9.5_UNKNOWN_explorer_10]" classname="se.redmind.rmtest.selenium.example.RandomClass3(20150226-080250)" time="0.59560966"/>
<testcase name="random1[OSX_10.9.5_UNKNOWN_opera_15]" classname="se.redmind.rmtest.selenium.example.RandomClass3(20150226-080250)" time="1.5116973"/>
<testcase name="random1[Windows_10_UNKNOWN_firefox_31]" classname="se.redmind.rmtest.selenium.example.RandomClass3(20150226-080250)" time="1.4603119"/>
<testcase name="random1[Windows_10_UNKNOWN_chrome_42]" classname="se.redmind.rmtest.selenium.example.RandomClass3(20150226-080250)" time="1.5406871">
	<failure type="java.lang.AssertionError:">java.lang.AssertionError: null
		at org.junit.Assert.fail(Assert.java:86)
		at org.junit.Assert.assertTrue(Assert.java:41)
		at org.junit.Assert.assertTrue(Assert.java:52)
		at se.redmind.rmtest.selenium.example.CreateRandomRes3.random14(CreateRandomRes3.java:128)
	</failure>
</testcase>
<testcase name="random1[Windows_10_UNKNOWN_explorer_10]" classname="se.redmind.rmtest.selenium.example.RandomClass3(20150226-080250)" time="1.2796898"/>
<testcase name="random1[Windows_10_UNKNOWN_opera_15]" classname="se.redmind.rmtest.selenium.example.RandomClass3(20150226-080250)" time="0.6278912"/>
<testcase name="random1[Ubuntu_14.04_UNKNOWN_firefox_31]" classname="se.redmind.rmtest.selenium.example.RandomClass3(20150226-080250)" time="1.0717086"/>
<testcase name="random1[Ubuntu_14.04_UNKNOWN_chrome_42]" classname="se.redmind.rmtest.selenium.example.RandomClass3(20150226-080250)" time="0.1412884"/>
<testcase name="random1[Ubuntu_14.04_UNKNOWN_explorer_10]" classname="se.redmind.rmtest.selenium.example.RandomClass3(20150226-080250)" time="0.21911645"/>
<testcase name="random1[Ubuntu_14.04_UNKNOWN_opera_15]" classname="se.redmind.rmtest.selenium.example.RandomClass3(20150226-080250)" time="0.3828584"/>
<testcase name="random1[Ubuntu_12.10_UNKNOWN_firefox_31]" classname="se.redmind.rmtest.selenium.example.RandomClass3(20150226-080250)" time="1.587551"/>
<testcase name="random1[Ubuntu_12.10_UNKNOWN_chrome_42]" classname="se.redmind.rmtest.selenium.example.RandomClass3(20150226-080250)" time="1.5064932"/>
<testcase name="random1[Ubuntu_12.10_UNKNOWN_explorer_10]" classname="se.redmind.rmtest.selenium.example.RandomClass3(20150226-080250)" time="1.9696506"/>
<testcase name="random1[Ubuntu_12.10_UNKNOWN_opera_15]" classname="se.redmind.rmtest.selenium.example.RandomClass3(20150226-080250)" time="0.98460066"/>
<testcase name="random2[Android_4.4.4_HTC ONE_firefox_31]" classname="se.redmind.rmtest.selenium.example.RandomClass3(20150226-080250)" time="1.189102"/>
<testcase name="random2[Android_4.4.4_HTC ONE_chrome_42]" classname="se.redmind.rmtest.selenium.example.RandomClass3(20150226-080250)" time="0.62017715">
	<failure type="java.lang.AssertionError:">java.lang.AssertionError: null
		at org.junit.Assert.fail(Assert.java:86)
		at org.junit.Assert.assertTrue(Assert.java:41)
		at org.junit.Assert.assertTrue(Assert.java:52)
		at se.redmind.rmtest.selenium.example.CreateRandomRes3.random14(CreateRandomRes3.java:128)
	</failure>
</testcase>
<testcase name="random2[Android_4.4.4_HTC ONE_explorer_10]" classname="se.redmind.rmtest.selenium.example.RandomClass3(20150226-080250)" time="0.74632585"/>
<testcase name="random2[Android_4.4.4_HTC ONE_opera_15]" classname="se.redmind.rmtest.selenium.example.RandomClass3(20150226-080250)" time="1.9148456">
	<failure type="java.lang.AssertionError:">java.lang.AssertionError: null
		at org.junit.Assert.fail(Assert.java:86)
		at org.junit.Assert.assertTrue(Assert.java:41)
		at org.junit.Assert.assertTrue(Assert.java:52)
		at se.redmind.rmtest.selenium.example.CreateRandomRes3.random14(CreateRandomRes3.java:128)
	</failure>
</testcase>
<testcase name="random2[Android_4.4.4_Sony Experia Z3_firefox_31]" classname="se.redmind.rmtest.selenium.example.RandomClass3(20150226-080250)" time="0.27233815"/>
<testcase name="random2[Android_4.4.4_Sony Experia Z3_chrome_42]" classname="se.redmind.rmtest.selenium.example.RandomClass3(20150226-080250)" time="0.49277055">
	<error type="java.lang.AssertionError:">java.lang.AssertionError: null
		at org.junit.Assert.fail(Assert.java:86)
		at org.junit.Assert.assertTrue(Assert.java:41)
		at org.junit.Assert.assertTrue(Assert.java:52)
		at se.redmind.rmtest.selenium.example.CreateRandomRes3.random14(CreateRandomRes3.java:128)
	</error>
</testcase>
<testcase name="random2[Android_4.4.4_Sony Experia Z3_explorer_10]" classname="se.redmind.rmtest.selenium.example.RandomClass3(20150226-080250)" time="1.8403764"/>
<testcase name="random2[Android_4.4.4_Sony Experia Z3_opera_15]" classname="se.redmind.rmtest.selenium.example.RandomClass3(20150226-080250)" time="0.826892"/>
<testcase name="random2[OSX_10.9.5_UNKNOWN_firefox_31]" classname="se.redmind.rmtest.selenium.example.RandomClass3(20150226-080250)" time="1.3983593">
	<failure type="java.lang.AssertionError:">java.lang.AssertionError: null
		at org.junit.Assert.fail(Assert.java:86)
		at org.junit.Assert.assertTrue(Assert.java:41)
		at org.junit.Assert.assertTrue(Assert.java:52)
		at se.redmind.rmtest.selenium.example.CreateRandomRes3.random14(CreateRandomRes3.java:128)
	</failure>
</testcase>
<testcase name="random2[OSX_10.9.5_UNKNOWN_chrome_42]" classname="se.redmind.rmtest.selenium.example.RandomClass3(20150226-080250)" time="0.76958525"/>
<testcase name="random2[OSX_10.9.5_UNKNOWN_explorer_10]" classname="se.redmind.rmtest.selenium.example.RandomClass3(20150226-080250)" time="1.7368679"/>
<testcase name="random2[OSX_10.9.5_UNKNOWN_opera_15]" classname="se.redmind.rmtest.selenium.example.RandomClass3(20150226-080250)" time="1.2495244"/>
<testcase name="random2[Windows_10_UNKNOWN_firefox_31]" classname="se.redmind.rmtest.selenium.example.RandomClass3(20150226-080250)" time="0.20769131">
	<failure type="java.lang.AssertionError:">java.lang.AssertionError: null
		at org.junit.Assert.fail(Assert.java:86)
		at org.junit.Assert.assertTrue(Assert.java:41)
		at org.junit.Assert.assertTrue(Assert.java:52)
		at se.redmind.rmtest.selenium.example.CreateRandomRes3.random14(CreateRandomRes3.java:128)
	</failure>
</testcase>
<testcase name="random2[Windows_10_UNKNOWN_chrome_42]" classname="se.redmind.rmtest.selenium.example.RandomClass3(20150226-080250)" time="0.19276345"/>
<testcase name="random2[Windows_10_UNKNOWN_explorer_10]" classname="se.redmind.rmtest.selenium.example.RandomClass3(20150226-080250)" time="1.8862754"/>
<testcase name="random2[Windows_10_UNKNOWN_opera_15]" classname="se.redmind.rmtest.selenium.example.RandomClass3(20150226-080250)" time="0.26396906"/>
<testcase name="random2[Ubuntu_14.04_UNKNOWN_firefox_31]" classname="se.redmind.rmtest.selenium.example.RandomClass3(20150226-080250)" time="0.21783781"/>
<testcase name="random2[Ubuntu_14.04_UNKNOWN_chrome_42]" classname="se.redmind.rmtest.selenium.example.RandomClass3(20150226-080250)" time="1.2447283">
	<failure type="java.lang.AssertionError:">java.lang.AssertionError: null
		at org.junit.Assert.fail(Assert.java:86)
		at org.junit.Assert.assertTrue(Assert.java:41)
		at org.junit.Assert.assertTrue(Assert.java:52)
		at se.redmind.rmtest.selenium.example.CreateRandomRes3.random14(CreateRandomRes3.java:128)
	</failure>
</testcase>
<testcase name="random2[Ubuntu_14.04_UNKNOWN_explorer_10]" classname="se.redmind.rmtest.selenium.example.RandomClass3(20150226-080250)" time="0.5229775"/>
<testcase name="random2[Ubuntu_14.04_UNKNOWN_opera_15]" classname="se.redmind.rmtest.selenium.example.RandomClass3(20150226-080250)" time="0.9899092"/>
<testcase name="random2[Ubuntu_12.10_UNKNOWN_firefox_31]" classname="se.redmind.rmtest.selenium.example.RandomClass3(20150226-080250)" time="0.8516536"/>
<testcase name="random2[Ubuntu_12.10_UNKNOWN_chrome_42]" classname="se.redmind.rmtest.selenium.example.RandomClass3(20150226-080250)" time="1.0952495"/>
<testcase name="random2[Ubuntu_12.10_UNKNOWN_explorer_10]" classname="se.redmind.rmtest.selenium.example.RandomClass3(20150226-080250)" time="0.5940603"/>
<testcase name="random2[Ubuntu_12.10_UNKNOWN_opera_15]" classname="se.redmind.rmtest.selenium.example.RandomClass3(20150226-080250)" time="1.7891926"/>
<testcase name="random3[Android_4.4.4_HTC ONE_firefox_31]" classname="se.redmind.rmtest.selenium.example.RandomClass3(20150226-080250)" time="1.2880467"/>
<testcase name="random3[Android_4.4.4_HTC ONE_chrome_42]" classname="se.redmind.rmtest.selenium.example.RandomClass3(20150226-080250)" time="0.47912657"/>
<testcase name="random3[Android_4.4.4_HTC ONE_explorer_10]" classname="se.redmind.rmtest.selenium.example.RandomClass3(20150226-080250)" time="0.5220851"/>
<testcase name="random3[Android_4.4.4_HTC ONE_opera_15]" classname="se.redmind.rmtest.selenium.example.RandomClass3(20150226-080250)" time="0.2503476"/>
<testcase name="random3[Android_4.4.4_Sony Experia Z3_firefox_31]" classname="se.redmind.rmtest.selenium.example.RandomClass3(20150226-080250)" time="0.918012">
	<error type="java.lang.AssertionError:">java.lang.AssertionError: null
		at org.junit.Assert.fail(Assert.java:86)
		at org.junit.Assert.assertTrue(Assert.java:41)
		at org.junit.Assert.assertTrue(Assert.java:52)
		at se.redmind.rmtest.selenium.example.CreateRandomRes3.random14(CreateRandomRes3.java:128)
	</error>
</testcase>
<testcase name="random3[Android_4.4.4_Sony Experia Z3_chrome_42]" classname="se.redmind.rmtest.selenium.example.RandomClass3(20150226-080250)" time="1.5346061"/>
<testcase name="random3[Android_4.4.4_Sony Experia Z3_explorer_10]" classname="se.redmind.rmtest.selenium.example.RandomClass3(20150226-080250)" time="1.0865662"/>
<testcase name="random3[Android_4.4.4_Sony Experia Z3_opera_15]" classname="se.redmind.rmtest.selenium.example.RandomClass3(20150226-080250)" time="0.38873076"/>
<testcase name="random3[OSX_10.9.5_UNKNOWN_firefox_31]" classname="se.redmind.rmtest.selenium.example.RandomClass3(20150226-080250)" time="1.3583463"/>
<testcase name="random3[OSX_10.9.5_UNKNOWN_chrome_42]" classname="se.redmind.rmtest.selenium.example.RandomClass3(20150226-080250)" time="0.5949789">
	<failure type="java.lang.AssertionError:">java.lang.AssertionError: null
		at org.junit.Assert.fail(Assert.java:86)
		at org.junit.Assert.assertTrue(Assert.java:41)
		at org.junit.Assert.assertTrue(Assert.java:52)
		at se.redmind.rmtest.selenium.example.CreateRandomRes3.random14(CreateRandomRes3.java:128)
	</failure>
</testcase>
<testcase name="random3[OSX_10.9.5_UNKNOWN_explorer_10]" classname="se.redmind.rmtest.selenium.example.RandomClass3(20150226-080250)" time="0.55478096">
	<failure type="java.lang.AssertionError:">java.lang.AssertionError: null
		at org.junit.Assert.fail(Assert.java:86)
		at org.junit.Assert.assertTrue(Assert.java:41)
		at org.junit.Assert.assertTrue(Assert.java:52)
		at se.redmind.rmtest.selenium.example.CreateRandomRes3.random14(CreateRandomRes3.java:128)
	</failure>
</testcase>
<testcase name="random3[OSX_10.9.5_UNKNOWN_opera_15]" classname="se.redmind.rmtest.selenium.example.RandomClass3(20150226-080250)" time="1.5289819"/>
<testcase name="random3[Windows_10_UNKNOWN_firefox_31]" classname="se.redmind.rmtest.selenium.example.RandomClass3(20150226-080250)" time="0.3266735">
	<failure type="java.lang.AssertionError:">java.lang.AssertionError: null
		at org.junit.Assert.fail(Assert.java:86)
		at org.junit.Assert.assertTrue(Assert.java:41)
		at org.junit.Assert.assertTrue(Assert.java:52)
		at se.redmind.rmtest.selenium.example.CreateRandomRes3.random14(CreateRandomRes3.java:128)
	</failure>
</testcase>
<testcase name="random3[Windows_10_UNKNOWN_chrome_42]" classname="se.redmind.rmtest.selenium.example.RandomClass3(20150226-080250)" time="1.5044969"/>
<testcase name="random3[Windows_10_UNKNOWN_explorer_10]" classname="se.redmind.rmtest.selenium.example.RandomClass3(20150226-080250)" time="1.8511944"/>
<testcase name="random3[Windows_10_UNKNOWN_opera_15]" classname="se.redmind.rmtest.selenium.example.RandomClass3(20150226-080250)" time="1.3098118">
	<failure type="java.lang.AssertionError:">java.lang.AssertionError: null
		at org.junit.Assert.fail(Assert.java:86)
		at org.junit.Assert.assertTrue(Assert.java:41)
		at org.junit.Assert.assertTrue(Assert.java:52)
		at se.redmind.rmtest.selenium.example.CreateRandomRes3.random14(CreateRandomRes3.java:128)
	</failure>
</testcase>
<testcase name="random3[Ubuntu_14.04_UNKNOWN_firefox_31]" classname="se.redmind.rmtest.selenium.example.RandomClass3(20150226-080250)" time="1.8976595"/>
<testcase name="random3[Ubuntu_14.04_UNKNOWN_chrome_42]" classname="se.redmind.rmtest.selenium.example.RandomClass3(20150226-080250)" time="0.60286605"/>
<testcase name="random3[Ubuntu_14.04_UNKNOWN_explorer_10]" classname="se.redmind.rmtest.selenium.example.RandomClass3(20150226-080250)" time="0.5935705"/>
<testcase name="random3[Ubuntu_14.04_UNKNOWN_opera_15]" classname="se.redmind.rmtest.selenium.example.RandomClass3(20150226-080250)" time="0.52967846"/>
<testcase name="random3[Ubuntu_12.10_UNKNOWN_firefox_31]" classname="se.redmind.rmtest.selenium.example.RandomClass3(20150226-080250)" time="0.21646035"/>
<testcase name="random3[Ubuntu_12.10_UNKNOWN_chrome_42]" classname="se.redmind.rmtest.selenium.example.RandomClass3(20150226-080250)" time="1.8695186"/>
<testcase name="random3[Ubuntu_12.10_UNKNOWN_explorer_10]" classname="se.redmind.rmtest.selenium.example.RandomClass3(20150226-080250)" time="0.3333975"/>
<testcase name="random3[Ubuntu_12.10_UNKNOWN_opera_15]" classname="se.redmind.rmtest.selenium.example.RandomClass3(20150226-080250)" time="0.28065753">
	<failure type="java.lang.AssertionError:">java.lang.AssertionError: null
		at org.junit.Assert.fail(Assert.java:86)
		at org.junit.Assert.assertTrue(Assert.java:41)
		at org.junit.Assert.assertTrue(Assert.java:52)
		at se.redmind.rmtest.selenium.example.CreateRandomRes3.random14(CreateRandomRes3.java:128)
	</failure>
</testcase>
<testcase name="random4[Android_4.4.4_HTC ONE_firefox_31]" classname="se.redmind.rmtest.selenium.example.RandomClass3(20150226-080250)" time="0.096680164"/>
<testcase name="random4[Android_4.4.4_HTC ONE_chrome_42]" classname="se.redmind.rmtest.selenium.example.RandomClass3(20150226-080250)" time="1.3051376">
	<failure type="java.lang.AssertionError:">java.lang.AssertionError: null
		at org.junit.Assert.fail(Assert.java:86)
		at org.junit.Assert.assertTrue(Assert.java:41)
		at org.junit.Assert.assertTrue(Assert.java:52)
		at se.redmind.rmtest.selenium.example.CreateRandomRes3.random14(CreateRandomRes3.java:128)
	</failure>
</testcase>
<testcase name="random4[Android_4.4.4_HTC ONE_explorer_10]" classname="se.redmind.rmtest.selenium.example.RandomClass3(20150226-080250)" time="1.032643"/>
<testcase name="random4[Android_4.4.4_HTC ONE_opera_15]" classname="se.redmind.rmtest.selenium.example.RandomClass3(20150226-080250)" time="1.499636"/>
<testcase name="random4[Android_4.4.4_Sony Experia Z3_firefox_31]" classname="se.redmind.rmtest.selenium.example.RandomClass3(20150226-080250)" time="0.92055"/>
<testcase name="random4[Android_4.4.4_Sony Experia Z3_chrome_42]" classname="se.redmind.rmtest.selenium.example.RandomClass3(20150226-080250)" time="0.41021967"/>
<testcase name="random4[Android_4.4.4_Sony Experia Z3_explorer_10]" classname="se.redmind.rmtest.selenium.example.RandomClass3(20150226-080250)" time="0.32637632"/>
<testcase name="random4[Android_4.4.4_Sony Experia Z3_opera_15]" classname="se.redmind.rmtest.selenium.example.RandomClass3(20150226-080250)" time="1.5027003"/>
<testcase name="random4[OSX_10.9.5_UNKNOWN_firefox_31]" classname="se.redmind.rmtest.selenium.example.RandomClass3(20150226-080250)" time="1.1693591"/>
<testcase name="random4[OSX_10.9.5_UNKNOWN_chrome_42]" classname="se.redmind.rmtest.selenium.example.RandomClass3(20150226-080250)" time="0.333081"/>
<testcase name="random4[OSX_10.9.5_UNKNOWN_explorer_10]" classname="se.redmind.rmtest.selenium.example.RandomClass3(20150226-080250)" time="0.031860948"/>
<testcase name="random4[OSX_10.9.5_UNKNOWN_opera_15]" classname="se.redmind.rmtest.selenium.example.RandomClass3(20150226-080250)" time="1.8202511">
	<failure type="java.lang.AssertionError:">java.lang.AssertionError: null
		at org.junit.Assert.fail(Assert.java:86)
		at org.junit.Assert.assertTrue(Assert.java:41)
		at org.junit.Assert.assertTrue(Assert.java:52)
		at se.redmind.rmtest.selenium.example.CreateRandomRes3.random14(CreateRandomRes3.java:128)
	</failure>
</testcase>
<testcase name="random4[Windows_10_UNKNOWN_firefox_31]" classname="se.redmind.rmtest.selenium.example.RandomClass3(20150226-080250)" time="0.3095671">
	<failure type="java.lang.AssertionError:">java.lang.AssertionError: null
		at org.junit.Assert.fail(Assert.java:86)
		at org.junit.Assert.assertTrue(Assert.java:41)
		at org.junit.Assert.assertTrue(Assert.java:52)
		at se.redmind.rmtest.selenium.example.CreateRandomRes3.random14(CreateRandomRes3.java:128)
	</failure>
</testcase>
<testcase name="random4[Windows_10_UNKNOWN_chrome_42]" classname="se.redmind.rmtest.selenium.example.RandomClass3(20150226-080250)" time="1.1134392"/>
<testcase name="random4[Windows_10_UNKNOWN_explorer_10]" classname="se.redmind.rmtest.selenium.example.RandomClass3(20150226-080250)" time="0.056340814"/>
<testcase name="random4[Windows_10_UNKNOWN_opera_15]" classname="se.redmind.rmtest.selenium.example.RandomClass3(20150226-080250)" time="0.47935653">
	<failure type="java.lang.AssertionError:">java.lang.AssertionError: null
		at org.junit.Assert.fail(Assert.java:86)
		at org.junit.Assert.assertTrue(Assert.java:41)
		at org.junit.Assert.assertTrue(Assert.java:52)
		at se.redmind.rmtest.selenium.example.CreateRandomRes3.random14(CreateRandomRes3.java:128)
	</failure>
</testcase>
<testcase name="random4[Ubuntu_14.04_UNKNOWN_firefox_31]" classname="se.redmind.rmtest.selenium.example.RandomClass3(20150226-080250)" time="1.9510716"/>
<testcase name="random4[Ubuntu_14.04_UNKNOWN_chrome_42]" classname="se.redmind.rmtest.selenium.example.RandomClass3(20150226-080250)" time="0.9948585"/>
<testcase name="random4[Ubuntu_14.04_UNKNOWN_explorer_10]" classname="se.redmind.rmtest.selenium.example.RandomClass3(20150226-080250)" time="1.7307562"/>
<testcase name="random4[Ubuntu_14.04_UNKNOWN_opera_15]" classname="se.redmind.rmtest.selenium.example.RandomClass3(20150226-080250)" time="1.8877379">
	<failure type="java.lang.AssertionError:">java.lang.AssertionError: null
		at org.junit.Assert.fail(Assert.java:86)
		at org.junit.Assert.assertTrue(Assert.java:41)
		at org.junit.Assert.assertTrue(Assert.java:52)
		at se.redmind.rmtest.selenium.example.CreateRandomRes3.random14(CreateRandomRes3.java:128)
	</failure>
</testcase>
<testcase name="random4[Ubuntu_12.10_UNKNOWN_firefox_31]" classname="se.redmind.rmtest.selenium.example.RandomClass3(20150226-080250)" time="0.68018174"/>
<testcase name="random4[Ubuntu_12.10_UNKNOWN_chrome_42]" classname="se.redmind.rmtest.selenium.example.RandomClass3(20150226-080250)" time="1.4258053"/>
<testcase name="random4[Ubuntu_12.10_UNKNOWN_explorer_10]" classname="se.redmind.rmtest.selenium.example.RandomClass3(20150226-080250)" time="0.39826524"/>
<testcase name="random4[Ubuntu_12.10_UNKNOWN_opera_15]" classname="se.redmind.rmtest.selenium.example.RandomClass3(20150226-080250)" time="1.4966706"/>
<testcase name="random1[Android_5.1_Nexus 6_firefox_31]" classname="se.redmind.rmtest.selenium.example.RandomClass4(20150226-080250)" time="1.3633131"/>
<testcase name="random1[Android_5.1_Nexus 6_chrome_42]" classname="se.redmind.rmtest.selenium.example.RandomClass4(20150226-080250)" time="1.6789075"/>
<testcase name="random1[Android_5.1_Nexus 6_explorer_10]" classname="se.redmind.rmtest.selenium.example.RandomClass4(20150226-080250)" time="0.48527908"/>
<testcase name="random1[Android_5.1_Nexus 6_opera_15]" classname="se.redmind.rmtest.selenium.example.RandomClass4(20150226-080250)" time="0.6396998"/>
<testcase name="random1[Android_2.3_VeiVei_firefox_31]" classname="se.redmind.rmtest.selenium.example.RandomClass4(20150226-080250)" time="0.98494196"/>
<testcase name="random1[Android_2.3_VeiVei_chrome_42]" classname="se.redmind.rmtest.selenium.example.RandomClass4(20150226-080250)" time="1.0205204"/>
<testcase name="random1[Android_2.3_VeiVei_explorer_10]" classname="se.redmind.rmtest.selenium.example.RandomClass4(20150226-080250)" time="0.011584282"/>
<testcase name="random1[Android_2.3_VeiVei_opera_15]" classname="se.redmind.rmtest.selenium.example.RandomClass4(20150226-080250)" time="1.5079618"/>
<testcase name="random1[Android_4.4.4_Sony Experia Z3_firefox_31]" classname="se.redmind.rmtest.selenium.example.RandomClass4(20150226-080250)" time="0.110630035"/>
<testcase name="random1[Android_4.4.4_Sony Experia Z3_chrome_42]" classname="se.redmind.rmtest.selenium.example.RandomClass4(20150226-080250)" time="1.1223416"/>
<testcase name="random1[Android_4.4.4_Sony Experia Z3_explorer_10]" classname="se.redmind.rmtest.selenium.example.RandomClass4(20150226-080250)" time="0.9617233"/>
<testcase name="random1[Android_4.4.4_Sony Experia Z3_opera_15]" classname="se.redmind.rmtest.selenium.example.RandomClass4(20150226-080250)" time="0.8985244"/>
<testcase name="random1[IOS_8.2_iPhone 6_firefox_31]" classname="se.redmind.rmtest.selenium.example.RandomClass4(20150226-080250)" time="1.186538"/>
<testcase name="random1[IOS_8.2_iPhone 6_chrome_42]" classname="se.redmind.rmtest.selenium.example.RandomClass4(20150226-080250)" time="0.83370256">
	<failure type="java.lang.AssertionError:">java.lang.AssertionError: null
		at org.junit.Assert.fail(Assert.java:86)
		at org.junit.Assert.assertTrue(Assert.java:41)
		at org.junit.Assert.assertTrue(Assert.java:52)
		at se.redmind.rmtest.selenium.example.CreateRandomRes3.random14(CreateRandomRes3.java:128)
	</failure>
</testcase>
<testcase name="random1[IOS_8.2_iPhone 6_explorer_10]" classname="se.redmind.rmtest.selenium.example.RandomClass4(20150226-080250)" time="0.31917715"/>
<testcase name="random1[IOS_8.2_iPhone 6_opera_15]" classname="se.redmind.rmtest.selenium.example.RandomClass4(20150226-080250)" time="0.5608376"/>
<testcase name="random1[IOS_4_iPhone 3Gs_firefox_31]" classname="se.redmind.rmtest.selenium.example.RandomClass4(20150226-080250)" time="1.2105911"/>
<testcase name="random1[IOS_4_iPhone 3Gs_chrome_42]" classname="se.redmind.rmtest.selenium.example.RandomClass4(20150226-080250)" time="1.5312661"/>
<testcase name="random1[IOS_4_iPhone 3Gs_explorer_10]" classname="se.redmind.rmtest.selenium.example.RandomClass4(20150226-080250)" time="1.9353827"/>
<testcase name="random1[IOS_4_iPhone 3Gs_opera_15]" classname="se.redmind.rmtest.selenium.example.RandomClass4(20150226-080250)" time="0.48720515"/>
<testcase name="random1[OSX_10.9.5_UNKNOWN_firefox_31]" classname="se.redmind.rmtest.selenium.example.RandomClass4(20150226-080250)" time="0.21697915"/>
<testcase name="random1[OSX_10.9.5_UNKNOWN_chrome_42]" classname="se.redmind.rmtest.selenium.example.RandomClass4(20150226-080250)" time="1.0302699"/>
<testcase name="random1[OSX_10.9.5_UNKNOWN_explorer_10]" classname="se.redmind.rmtest.selenium.example.RandomClass4(20150226-080250)" time="0.0826478"/>
<testcase name="random1[OSX_10.9.5_UNKNOWN_opera_15]" classname="se.redmind.rmtest.selenium.example.RandomClass4(20150226-080250)" time="0.6664052"/>
<testcase name="random1[Windows_8.1_UNKNOWN_firefox_31]" classname="se.redmind.rmtest.selenium.example.RandomClass4(20150226-080250)" time="0.7893274"/>
<testcase name="random1[Windows_8.1_UNKNOWN_chrome_42]" classname="se.redmind.rmtest.selenium.example.RandomClass4(20150226-080250)" time="1.4224855"/>
<testcase name="random1[Windows_8.1_UNKNOWN_explorer_10]" classname="se.redmind.rmtest.selenium.example.RandomClass4(20150226-080250)" time="0.18297029"/>
<testcase name="random1[Windows_8.1_UNKNOWN_opera_15]" classname="se.redmind.rmtest.selenium.example.RandomClass4(20150226-080250)" time="1.2089468"/>
<testcase name="random1[Windows_10_UNKNOWN_firefox_31]" classname="se.redmind.rmtest.selenium.example.RandomClass4(20150226-080250)" time="1.1729674"/>
<testcase name="random1[Windows_10_UNKNOWN_chrome_42]" classname="se.redmind.rmtest.selenium.example.RandomClass4(20150226-080250)" time="1.313915"/>
<testcase name="random1[Windows_10_UNKNOWN_explorer_10]" classname="se.redmind.rmtest.selenium.example.RandomClass4(20150226-080250)" time="0.57864225"/>
<testcase name="random1[Windows_10_UNKNOWN_opera_15]" classname="se.redmind.rmtest.selenium.example.RandomClass4(20150226-080250)" time="0.8994366"/>
<testcase name="random2[Android_5.1_Nexus 6_firefox_31]" classname="se.redmind.rmtest.selenium.example.RandomClass4(20150226-080250)" time="1.5177416"/>
<testcase name="random2[Android_5.1_Nexus 6_chrome_42]" classname="se.redmind.rmtest.selenium.example.RandomClass4(20150226-080250)" time="0.57033">
	<failure type="java.lang.AssertionError:">java.lang.AssertionError: null
		at org.junit.Assert.fail(Assert.java:86)
		at org.junit.Assert.assertTrue(Assert.java:41)
		at org.junit.Assert.assertTrue(Assert.java:52)
		at se.redmind.rmtest.selenium.example.CreateRandomRes3.random14(CreateRandomRes3.java:128)
	</failure>
</testcase>
<testcase name="random2[Android_5.1_Nexus 6_explorer_10]" classname="se.redmind.rmtest.selenium.example.RandomClass4(20150226-080250)" time="1.2749705"/>
<testcase name="random2[Android_5.1_Nexus 6_opera_15]" classname="se.redmind.rmtest.selenium.example.RandomClass4(20150226-080250)" time="0.017977357"/>
<testcase name="random2[Android_2.3_VeiVei_firefox_31]" classname="se.redmind.rmtest.selenium.example.RandomClass4(20150226-080250)" time="1.6626879"/>
<testcase name="random2[Android_2.3_VeiVei_chrome_42]" classname="se.redmind.rmtest.selenium.example.RandomClass4(20150226-080250)" time="0.95525813"/>
<testcase name="random2[Android_2.3_VeiVei_explorer_10]" classname="se.redmind.rmtest.selenium.example.RandomClass4(20150226-080250)" time="0.95282817"/>
<testcase name="random2[Android_2.3_VeiVei_opera_15]" classname="se.redmind.rmtest.selenium.example.RandomClass4(20150226-080250)" time="1.5671394"/>
<testcase name="random2[Android_4.4.4_Sony Experia Z3_firefox_31]" classname="se.redmind.rmtest.selenium.example.RandomClass4(20150226-080250)" time="1.3590963">
	<failure type="java.lang.AssertionError:">java.lang.AssertionError: null
		at org.junit.Assert.fail(Assert.java:86)
		at org.junit.Assert.assertTrue(Assert.java:41)
		at org.junit.Assert.assertTrue(Assert.java:52)
		at se.redmind.rmtest.selenium.example.CreateRandomRes3.random14(CreateRandomRes3.java:128)
	</failure>
</testcase>
<testcase name="random2[Android_4.4.4_Sony Experia Z3_chrome_42]" classname="se.redmind.rmtest.selenium.example.RandomClass4(20150226-080250)" time="0.8165295"/>
<testcase name="random2[Android_4.4.4_Sony Experia Z3_explorer_10]" classname="se.redmind.rmtest.selenium.example.RandomClass4(20150226-080250)" time="1.7090975">
	<failure type="java.lang.AssertionError:">java.lang.AssertionError: null
		at org.junit.Assert.fail(Assert.java:86)
		at org.junit.Assert.assertTrue(Assert.java:41)
		at org.junit.Assert.assertTrue(Assert.java:52)
		at se.redmind.rmtest.selenium.example.CreateRandomRes3.random14(CreateRandomRes3.java:128)
	</failure>
</testcase>
<testcase name="random2[Android_4.4.4_Sony Experia Z3_opera_15]" classname="se.redmind.rmtest.selenium.example.RandomClass4(20150226-080250)" time="0.79358864"/>
<testcase name="random2[IOS_8.2_iPhone 6_firefox_31]" classname="se.redmind.rmtest.selenium.example.RandomClass4(20150226-080250)" time="1.921732">
	<failure type="java.lang.AssertionError:">java.lang.AssertionError: null
		at org.junit.Assert.fail(Assert.java:86)
		at org.junit.Assert.assertTrue(Assert.java:41)
		at org.junit.Assert.assertTrue(Assert.java:52)
		at se.redmind.rmtest.selenium.example.CreateRandomRes3.random14(CreateRandomRes3.java:128)
	</failure>
</testcase>
<testcase name="random2[IOS_8.2_iPhone 6_chrome_42]" classname="se.redmind.rmtest.selenium.example.RandomClass4(20150226-080250)" time="1.2134867"/>
<testcase name="random2[IOS_8.2_iPhone 6_explorer_10]" classname="se.redmind.rmtest.selenium.example.RandomClass4(20150226-080250)" time="1.4419061">
	<failure type="java.lang.AssertionError:">java.lang.AssertionError: null
		at org.junit.Assert.fail(Assert.java:86)
		at org.junit.Assert.assertTrue(Assert.java:41)
		at org.junit.Assert.assertTrue(Assert.java:52)
		at se.redmind.rmtest.selenium.example.CreateRandomRes3.random14(CreateRandomRes3.java:128)
	</failure>
</testcase>
<testcase name="random2[IOS_8.2_iPhone 6_opera_15]" classname="se.redmind.rmtest.selenium.example.RandomClass4(20150226-080250)" time="1.7488345"/>
<testcase name="random2[IOS_4_iPhone 3Gs_firefox_31]" classname="se.redmind.rmtest.selenium.example.RandomClass4(20150226-080250)" time="0.29319286"/>
<testcase name="random2[IOS_4_iPhone 3Gs_chrome_42]" classname="se.redmind.rmtest.selenium.example.RandomClass4(20150226-080250)" time="0.55346334"/>
<testcase name="random2[IOS_4_iPhone 3Gs_explorer_10]" classname="se.redmind.rmtest.selenium.example.RandomClass4(20150226-080250)" time="0.5976615"/>
<testcase name="random2[IOS_4_iPhone 3Gs_opera_15]" classname="se.redmind.rmtest.selenium.example.RandomClass4(20150226-080250)" time="1.0391496"/>
<testcase name="random2[OSX_10.9.5_UNKNOWN_firefox_31]" classname="se.redmind.rmtest.selenium.example.RandomClass4(20150226-080250)" time="0.43086445"/>
<testcase name="random2[OSX_10.9.5_UNKNOWN_chrome_42]" classname="se.redmind.rmtest.selenium.example.RandomClass4(20150226-080250)" time="0.3472334"/>
<testcase name="random2[OSX_10.9.5_UNKNOWN_explorer_10]" classname="se.redmind.rmtest.selenium.example.RandomClass4(20150226-080250)" time="0.77607"/>
<testcase name="random2[OSX_10.9.5_UNKNOWN_opera_15]" classname="se.redmind.rmtest.selenium.example.RandomClass4(20150226-080250)" time="0.467075">
	<failure type="java.lang.AssertionError:">java.lang.AssertionError: null
		at org.junit.Assert.fail(Assert.java:86)
		at org.junit.Assert.assertTrue(Assert.java:41)
		at org.junit.Assert.assertTrue(Assert.java:52)
		at se.redmind.rmtest.selenium.example.CreateRandomRes3.random14(CreateRandomRes3.java:128)
	</failure>
</testcase>
<testcase name="random2[Windows_8.1_UNKNOWN_firefox_31]" classname="se.redmind.rmtest.selenium.example.RandomClass4(20150226-080250)" time="0.81426156"/>
<testcase name="random2[Windows_8.1_UNKNOWN_chrome_42]" classname="se.redmind.rmtest.selenium.example.RandomClass4(20150226-080250)" time="1.6807548"/>
<testcase name="random2[Windows_8.1_UNKNOWN_explorer_10]" classname="se.redmind.rmtest.selenium.example.RandomClass4(20150226-080250)" time="1.0039574"/>
<testcase name="random2[Windows_8.1_UNKNOWN_opera_15]" classname="se.redmind.rmtest.selenium.example.RandomClass4(20150226-080250)" time="1.8090439">
	<failure type="java.lang.AssertionError:">java.lang.AssertionError: null
		at org.junit.Assert.fail(Assert.java:86)
		at org.junit.Assert.assertTrue(Assert.java:41)
		at org.junit.Assert.assertTrue(Assert.java:52)
		at se.redmind.rmtest.selenium.example.CreateRandomRes3.random14(CreateRandomRes3.java:128)
	</failure>
</testcase>
<testcase name="random2[Windows_10_UNKNOWN_firefox_31]" classname="se.redmind.rmtest.selenium.example.RandomClass4(20150226-080250)" time="1.7359747"/>
<testcase name="random2[Windows_10_UNKNOWN_chrome_42]" classname="se.redmind.rmtest.selenium.example.RandomClass4(20150226-080250)" time="0.21449661">
	<failure type="java.lang.AssertionError:">java.lang.AssertionError: null
		at org.junit.Assert.fail(Assert.java:86)
		at org.junit.Assert.assertTrue(Assert.java:41)
		at org.junit.Assert.assertTrue(Assert.java:52)
		at se.redmind.rmtest.selenium.example.CreateRandomRes3.random14(CreateRandomRes3.java:128)
	</failure>
</testcase>
<testcase name="random2[Windows_10_UNKNOWN_explorer_10]" classname="se.redmind.rmtest.selenium.example.RandomClass4(20150226-080250)" time="0.17743444"/>
<testcase name="random2[Windows_10_UNKNOWN_opera_15]" classname="se.redmind.rmtest.selenium.example.RandomClass4(20150226-080250)" time="1.2182938"/>
<testcase name="random3[Android_5.1_Nexus 6_firefox_31]" classname="se.redmind.rmtest.selenium.example.RandomClass4(20150226-080250)" time="1.7899997"/>
<testcase name="random3[Android_5.1_Nexus 6_chrome_42]" classname="se.redmind.rmtest.selenium.example.RandomClass4(20150226-080250)" time="0.17940974">
	<failure type="java.lang.AssertionError:">java.lang.AssertionError: null
		at org.junit.Assert.fail(Assert.java:86)
		at org.junit.Assert.assertTrue(Assert.java:41)
		at org.junit.Assert.assertTrue(Assert.java:52)
		at se.redmind.rmtest.selenium.example.CreateRandomRes3.random14(CreateRandomRes3.java:128)
	</failure>
</testcase>
<testcase name="random3[Android_5.1_Nexus 6_explorer_10]" classname="se.redmind.rmtest.selenium.example.RandomClass4(20150226-080250)" time="0.8328593"/>
<testcase name="random3[Android_5.1_Nexus 6_opera_15]" classname="se.redmind.rmtest.selenium.example.RandomClass4(20150226-080250)" time="0.08393407">
	<failure type="java.lang.AssertionError:">java.lang.AssertionError: null
		at org.junit.Assert.fail(Assert.java:86)
		at org.junit.Assert.assertTrue(Assert.java:41)
		at org.junit.Assert.assertTrue(Assert.java:52)
		at se.redmind.rmtest.selenium.example.CreateRandomRes3.random14(CreateRandomRes3.java:128)
	</failure>
</testcase>
<testcase name="random3[Android_2.3_VeiVei_firefox_31]" classname="se.redmind.rmtest.selenium.example.RandomClass4(20150226-080250)" time="1.4022045">
	<failure type="java.lang.AssertionError:">java.lang.AssertionError: null
		at org.junit.Assert.fail(Assert.java:86)
		at org.junit.Assert.assertTrue(Assert.java:41)
		at org.junit.Assert.assertTrue(Assert.java:52)
		at se.redmind.rmtest.selenium.example.CreateRandomRes3.random14(CreateRandomRes3.java:128)
	</failure>
</testcase>
<testcase name="random3[Android_2.3_VeiVei_chrome_42]" classname="se.redmind.rmtest.selenium.example.RandomClass4(20150226-080250)" time="0.3990407"/>
<testcase name="random3[Android_2.3_VeiVei_explorer_10]" classname="se.redmind.rmtest.selenium.example.RandomClass4(20150226-080250)" time="0.2003895"/>
<testcase name="random3[Android_2.3_VeiVei_opera_15]" classname="se.redmind.rmtest.selenium.example.RandomClass4(20150226-080250)" time="0.7970729"/>
<testcase name="random3[Android_4.4.4_Sony Experia Z3_firefox_31]" classname="se.redmind.rmtest.selenium.example.RandomClass4(20150226-080250)" time="1.3735902"/>
<testcase name="random3[Android_4.4.4_Sony Experia Z3_chrome_42]" classname="se.redmind.rmtest.selenium.example.RandomClass4(20150226-080250)" time="1.7460216"/>
<testcase name="random3[Android_4.4.4_Sony Experia Z3_explorer_10]" classname="se.redmind.rmtest.selenium.example.RandomClass4(20150226-080250)" time="1.0674045"/>
<testcase name="random3[Android_4.4.4_Sony Experia Z3_opera_15]" classname="se.redmind.rmtest.selenium.example.RandomClass4(20150226-080250)" time="0.52996504"/>
<testcase name="random3[IOS_8.2_iPhone 6_firefox_31]" classname="se.redmind.rmtest.selenium.example.RandomClass4(20150226-080250)" time="0.36259246"/>
<testcase name="random3[IOS_8.2_iPhone 6_chrome_42]" classname="se.redmind.rmtest.selenium.example.RandomClass4(20150226-080250)" time="0.004068494"/>
<testcase name="random3[IOS_8.2_iPhone 6_explorer_10]" classname="se.redmind.rmtest.selenium.example.RandomClass4(20150226-080250)" time="0.38440108"/>
<testcase name="random3[IOS_8.2_iPhone 6_opera_15]" classname="se.redmind.rmtest.selenium.example.RandomClass4(20150226-080250)" time="1.582253"/>
<testcase name="random3[IOS_4_iPhone 3Gs_firefox_31]" classname="se.redmind.rmtest.selenium.example.RandomClass4(20150226-080250)" time="1.9833499">
<skipped/>
</testcase>
<testcase name="random3[IOS_4_iPhone 3Gs_firefox_31]" classname="se.redmind.rmtest.selenium.example.RandomClass4(20150226-080250)" time="0.15702522"/>
<testcase name="random3[IOS_4_iPhone 3Gs_chrome_42]" classname="se.redmind.rmtest.selenium.example.RandomClass4(20150226-080250)" time="1.5150907">
<skipped/>
</testcase>
<testcase name="random3[IOS_4_iPhone 3Gs_chrome_42]" classname="se.redmind.rmtest.selenium.example.RandomClass4(20150226-080250)" time="0.4183501"/>
<testcase name="random3[IOS_4_iPhone 3Gs_explorer_10]" classname="se.redmind.rmtest.selenium.example.RandomClass4(20150226-080250)" time="0.6915904">
<skipped/>
</testcase>
<testcase name="random3[IOS_4_iPhone 3Gs_explorer_10]" classname="se.redmind.rmtest.selenium.example.RandomClass4(20150226-080250)" time="0.027749062"/>
<testcase name="random3[IOS_4_iPhone 3Gs_opera_15]" classname="se.redmind.rmtest.selenium.example.RandomClass4(20150226-080250)" time="1.9620099">
<skipped/>
</testcase>
<testcase name="random3[IOS_4_iPhone 3Gs_opera_15]" classname="se.redmind.rmtest.selenium.example.RandomClass4(20150226-080250)" time="1.1795747"/>
<testcase name="random3[OSX_10.9.5_UNKNOWN_firefox_31]" classname="se.redmind.rmtest.selenium.example.RandomClass4(20150226-080250)" time="1.4628175"/>
<testcase name="random3[OSX_10.9.5_UNKNOWN_chrome_42]" classname="se.redmind.rmtest.selenium.example.RandomClass4(20150226-080250)" time="0.033383608"/>
<testcase name="random3[OSX_10.9.5_UNKNOWN_explorer_10]" classname="se.redmind.rmtest.selenium.example.RandomClass4(20150226-080250)" time="0.04204321"/>
<testcase name="random3[OSX_10.9.5_UNKNOWN_opera_15]" classname="se.redmind.rmtest.selenium.example.RandomClass4(20150226-080250)" time="1.1043788"/>
<testcase name="random3[Windows_8.1_UNKNOWN_firefox_31]" classname="se.redmind.rmtest.selenium.example.RandomClass4(20150226-080250)" time="0.5835197"/>
<testcase name="random3[Windows_8.1_UNKNOWN_chrome_42]" classname="se.redmind.rmtest.selenium.example.RandomClass4(20150226-080250)" time="0.31268513"/>
<testcase name="random3[Windows_8.1_UNKNOWN_explorer_10]" classname="se.redmind.rmtest.selenium.example.RandomClass4(20150226-080250)" time="0.45689607"/>
<testcase name="random3[Windows_8.1_UNKNOWN_opera_15]" classname="se.redmind.rmtest.selenium.example.RandomClass4(20150226-080250)" time="1.986993"/>
<testcase name="random3[Windows_10_UNKNOWN_firefox_31]" classname="se.redmind.rmtest.selenium.example.RandomClass4(20150226-080250)" time="1.049397"/>
<testcase name="random3[Windows_10_UNKNOWN_chrome_42]" classname="se.redmind.rmtest.selenium.example.RandomClass4(20150226-080250)" time="1.1390802"/>
<testcase name="random3[Windows_10_UNKNOWN_explorer_10]" classname="se.redmind.rmtest.selenium.example.RandomClass4(20150226-080250)" time="1.1183043">
	<failure type="java.lang.AssertionError:">java.lang.AssertionError: null
		at org.junit.Assert.fail(Assert.java:86)
		at org.junit.Assert.assertTrue(Assert.java:41)
		at org.junit.Assert.assertTrue(Assert.java:52)
		at se.redmind.rmtest.selenium.example.CreateRandomRes3.random14(CreateRandomRes3.java:128)
	</failure>
</testcase>
<testcase name="random3[Windows_10_UNKNOWN_opera_15]" classname="se.redmind.rmtest.selenium.example.RandomClass4(20150226-080250)" time="0.9076085"/>
<testcase name="random4[Android_5.1_Nexus 6_firefox_31]" classname="se.redmind.rmtest.selenium.example.RandomClass4(20150226-080250)" time="0.04820752"/>
<testcase name="random4[Android_5.1_Nexus 6_chrome_42]" classname="se.redmind.rmtest.selenium.example.RandomClass4(20150226-080250)" time="0.80556107"/>
<testcase name="random4[Android_5.1_Nexus 6_explorer_10]" classname="se.redmind.rmtest.selenium.example.RandomClass4(20150226-080250)" time="0.6321111"/>
<testcase name="random4[Android_5.1_Nexus 6_opera_15]" classname="se.redmind.rmtest.selenium.example.RandomClass4(20150226-080250)" time="1.7831687"/>
<testcase name="random4[Android_2.3_VeiVei_firefox_31]" classname="se.redmind.rmtest.selenium.example.RandomClass4(20150226-080250)" time="1.6312691"/>
<testcase name="random4[Android_2.3_VeiVei_chrome_42]" classname="se.redmind.rmtest.selenium.example.RandomClass4(20150226-080250)" time="0.33457375"/>
<testcase name="random4[Android_2.3_VeiVei_explorer_10]" classname="se.redmind.rmtest.selenium.example.RandomClass4(20150226-080250)" time="1.8746108"/>
<testcase name="random4[Android_2.3_VeiVei_opera_15]" classname="se.redmind.rmtest.selenium.example.RandomClass4(20150226-080250)" time="1.555075"/>
<testcase name="random4[Android_4.4.4_Sony Experia Z3_firefox_31]" classname="se.redmind.rmtest.selenium.example.RandomClass4(20150226-080250)" time="0.66539896"/>
<testcase name="random4[Android_4.4.4_Sony Experia Z3_chrome_42]" classname="se.redmind.rmtest.selenium.example.RandomClass4(20150226-080250)" time="1.4147888"/>
<testcase name="random4[Android_4.4.4_Sony Experia Z3_explorer_10]" classname="se.redmind.rmtest.selenium.example.RandomClass4(20150226-080250)" time="0.4618988"/>
<testcase name="random4[Android_4.4.4_Sony Experia Z3_opera_15]" classname="se.redmind.rmtest.selenium.example.RandomClass4(20150226-080250)" time="0.24941218">
	<failure type="java.lang.AssertionError:">java.lang.AssertionError: null
		at org.junit.Assert.fail(Assert.java:86)
		at org.junit.Assert.assertTrue(Assert.java:41)
		at org.junit.Assert.assertTrue(Assert.java:52)
		at se.redmind.rmtest.selenium.example.CreateRandomRes3.random14(CreateRandomRes3.java:128)
	</failure>
</testcase>
<testcase name="random4[IOS_8.2_iPhone 6_firefox_31]" classname="se.redmind.rmtest.selenium.example.RandomClass4(20150226-080250)" time="0.3534268"/>
<testcase name="random4[IOS_8.2_iPhone 6_chrome_42]" classname="se.redmind.rmtest.selenium.example.RandomClass4(20150226-080250)" time="0.7621701">
	<failure type="java.lang.AssertionError:">java.lang.AssertionError: null
		at org.junit.Assert.fail(Assert.java:86)
		at org.junit.Assert.assertTrue(Assert.java:41)
		at org.junit.Assert.assertTrue(Assert.java:52)
		at se.redmind.rmtest.selenium.example.CreateRandomRes3.random14(CreateRandomRes3.java:128)
	</failure>
</testcase>
<testcase name="random4[IOS_8.2_iPhone 6_explorer_10]" classname="se.redmind.rmtest.selenium.example.RandomClass4(20150226-080250)" time="1.4010756"/>
<testcase name="random4[IOS_8.2_iPhone 6_opera_15]" classname="se.redmind.rmtest.selenium.example.RandomClass4(20150226-080250)" time="0.42515492"/>
<testcase name="random4[IOS_4_iPhone 3Gs_firefox_31]" classname="se.redmind.rmtest.selenium.example.RandomClass4(20150226-080250)" time="0.64771616"/>
<testcase name="random4[IOS_4_iPhone 3Gs_chrome_42]" classname="se.redmind.rmtest.selenium.example.RandomClass4(20150226-080250)" time="1.1763253"/>
<testcase name="random4[IOS_4_iPhone 3Gs_explorer_10]" classname="se.redmind.rmtest.selenium.example.RandomClass4(20150226-080250)" time="0.18503737"/>
<testcase name="random4[IOS_4_iPhone 3Gs_opera_15]" classname="se.redmind.rmtest.selenium.example.RandomClass4(20150226-080250)" time="0.68064904"/>
<testcase name="random4[OSX_10.9.5_UNKNOWN_firefox_31]" classname="se.redmind.rmtest.selenium.example.RandomClass4(20150226-080250)" time="0.15190291"/>
<testcase name="random4[OSX_10.9.5_UNKNOWN_chrome_42]" classname="se.redmind.rmtest.selenium.example.RandomClass4(20150226-080250)" time="0.51450074">
	<failure type="java.lang.AssertionError:">java.lang.AssertionError: null
		at org.junit.Assert.fail(Assert.java:86)
		at org.junit.Assert.assertTrue(Assert.java:41)
		at org.junit.Assert.assertTrue(Assert.java:52)
		at se.redmind.rmtest.selenium.example.CreateRandomRes3.random14(CreateRandomRes3.java:128)
	</failure>
</testcase>
<testcase name="random4[OSX_10.9.5_UNKNOWN_explorer_10]" classname="se.redmind.rmtest.selenium.example.RandomClass4(20150226-080250)" time="1.7669519"/>
<testcase name="random4[OSX_10.9.5_UNKNOWN_opera_15]" classname="se.redmind.rmtest.selenium.example.RandomClass4(20150226-080250)" time="0.56551814"/>
<testcase name="random4[Windows_8.1_UNKNOWN_firefox_31]" classname="se.redmind.rmtest.selenium.example.RandomClass4(20150226-080250)" time="1.813591">
	<failure type="java.lang.AssertionError:">java.lang.AssertionError: null
		at org.junit.Assert.fail(Assert.java:86)
		at org.junit.Assert.assertTrue(Assert.java:41)
		at org.junit.Assert.assertTrue(Assert.java:52)
		at se.redmind.rmtest.selenium.example.CreateRandomRes3.random14(CreateRandomRes3.java:128)
	</failure>
</testcase>
<testcase name="random4[Windows_8.1_UNKNOWN_chrome_42]" classname="se.redmind.rmtest.selenium.example.RandomClass4(20150226-080250)" time="0.27530897"/>
<testcase name="random4[Windows_8.1_UNKNOWN_explorer_10]" classname="se.redmind.rmtest.selenium.example.RandomClass4(20150226-080250)" time="0.34430134"/>
<testcase name="random4[Windows_8.1_UNKNOWN_opera_15]" classname="se.redmind.rmtest.selenium.example.RandomClass4(20150226-080250)" time="1.028336"/>
<testcase name="random4[Windows_10_UNKNOWN_firefox_31]" classname="se.redmind.rmtest.selenium.example.RandomClass4(20150226-080250)" time="0.44140148">
	<failure type="java.lang.AssertionError:">java.lang.AssertionError: null
		at org.junit.Assert.fail(Assert.java:86)
		at org.junit.Assert.assertTrue(Assert.java:41)
		at org.junit.Assert.assertTrue(Assert.java:52)
		at se.redmind.rmtest.selenium.example.CreateRandomRes3.random14(CreateRandomRes3.java:128)
	</failure>
</testcase>
<testcase name="random4[Windows_10_UNKNOWN_chrome_42]" classname="se.redmind.rmtest.selenium.example.RandomClass4(20150226-080250)" time="1.1297339"/>
<testcase name="random4[Windows_10_UNKNOWN_explorer_10]" classname="se.redmind.rmtest.selenium.example.RandomClass4(20150226-080250)" time="1.9854459"/>
<testcase name="random4[Windows_10_UNKNOWN_opera_15]" classname="se.redmind.rmtest.selenium.example.RandomClass4(20150226-080250)" time="0.28197432"/>
<testcase name="random1[Android_4.4.4_HTC ONE_firefox_31]" classname="se.redmind.rmtest.selenium.example.RandomClass5(20150226-080250)" time="1.3588855"/>
<testcase name="random1[Android_4.4.4_HTC ONE_chrome_42]" classname="se.redmind.rmtest.selenium.example.RandomClass5(20150226-080250)" time="1.0825208"/>
<testcase name="random1[Android_4.4.4_HTC ONE_explorer_10]" classname="se.redmind.rmtest.selenium.example.RandomClass5(20150226-080250)" time="0.043794155"/>
<testcase name="random1[Android_4.4.4_HTC ONE_opera_15]" classname="se.redmind.rmtest.selenium.example.RandomClass5(20150226-080250)" time="0.20308042"/>
<testcase name="random1[Android_5.1_Nexus 6_firefox_31]" classname="se.redmind.rmtest.selenium.example.RandomClass5(20150226-080250)" time="0.7187997"/>
<testcase name="random1[Android_5.1_Nexus 6_chrome_42]" classname="se.redmind.rmtest.selenium.example.RandomClass5(20150226-080250)" time="0.49175858">
	<failure type="java.lang.AssertionError:">java.lang.AssertionError: null
		at org.junit.Assert.fail(Assert.java:86)
		at org.junit.Assert.assertTrue(Assert.java:41)
		at org.junit.Assert.assertTrue(Assert.java:52)
		at se.redmind.rmtest.selenium.example.CreateRandomRes3.random14(CreateRandomRes3.java:128)
	</failure>
</testcase>
<testcase name="random1[Android_5.1_Nexus 6_explorer_10]" classname="se.redmind.rmtest.selenium.example.RandomClass5(20150226-080250)" time="1.7711601"/>
<testcase name="random1[Android_5.1_Nexus 6_opera_15]" classname="se.redmind.rmtest.selenium.example.RandomClass5(20150226-080250)" time="1.5052702"/>
<testcase name="random1[Android_2.3_VeiVei_firefox_31]" classname="se.redmind.rmtest.selenium.example.RandomClass5(20150226-080250)" time="0.25114667"/>
<testcase name="random1[Android_2.3_VeiVei_chrome_42]" classname="se.redmind.rmtest.selenium.example.RandomClass5(20150226-080250)" time="0.07004976"/>
<testcase name="random1[Android_2.3_VeiVei_explorer_10]" classname="se.redmind.rmtest.selenium.example.RandomClass5(20150226-080250)" time="1.6937152"/>
<testcase name="random1[Android_2.3_VeiVei_opera_15]" classname="se.redmind.rmtest.selenium.example.RandomClass5(20150226-080250)" time="1.739673"/>
<testcase name="random1[Android_4.4.4_Sony Experia Z3_firefox_31]" classname="se.redmind.rmtest.selenium.example.RandomClass5(20150226-080250)" time="1.672098"/>
<testcase name="random1[Android_4.4.4_Sony Experia Z3_chrome_42]" classname="se.redmind.rmtest.selenium.example.RandomClass5(20150226-080250)" time="0.6886548"/>
<testcase name="random1[Android_4.4.4_Sony Experia Z3_explorer_10]" classname="se.redmind.rmtest.selenium.example.RandomClass5(20150226-080250)" time="0.21682"/>
<testcase name="random1[Android_4.4.4_Sony Experia Z3_opera_15]" classname="se.redmind.rmtest.selenium.example.RandomClass5(20150226-080250)" time="0.42837143"/>
<testcase name="random1[IOS_8.2_iPhone 6_firefox_31]" classname="se.redmind.rmtest.selenium.example.RandomClass5(20150226-080250)" time="0.5426626"/>
<testcase name="random1[IOS_8.2_iPhone 6_chrome_42]" classname="se.redmind.rmtest.selenium.example.RandomClass5(20150226-080250)" time="0.43021905"/>
<testcase name="random1[IOS_8.2_iPhone 6_explorer_10]" classname="se.redmind.rmtest.selenium.example.RandomClass5(20150226-080250)" time="0.24550724"/>
<testcase name="random1[IOS_8.2_iPhone 6_opera_15]" classname="se.redmind.rmtest.selenium.example.RandomClass5(20150226-080250)" time="0.16047466"/>
<testcase name="random1[IOS_4_iPhone 3Gs_firefox_31]" classname="se.redmind.rmtest.selenium.example.RandomClass5(20150226-080250)" time="1.3749095"/>
<testcase name="random1[IOS_4_iPhone 3Gs_chrome_42]" classname="se.redmind.rmtest.selenium.example.RandomClass5(20150226-080250)" time="1.1270992"/>
<testcase name="random1[IOS_4_iPhone 3Gs_explorer_10]" classname="se.redmind.rmtest.selenium.example.RandomClass5(20150226-080250)" time="0.23511088">
	<failure type="java.lang.AssertionError:">java.lang.AssertionError: null
		at org.junit.Assert.fail(Assert.java:86)
		at org.junit.Assert.assertTrue(Assert.java:41)
		at org.junit.Assert.assertTrue(Assert.java:52)
		at se.redmind.rmtest.selenium.example.CreateRandomRes3.random14(CreateRandomRes3.java:128)
	</failure>
</testcase>
<testcase name="random1[IOS_4_iPhone 3Gs_opera_15]" classname="se.redmind.rmtest.selenium.example.RandomClass5(20150226-080250)" time="1.3039565"/>
<testcase name="random1[OSX_10.9.5_UNKNOWN_firefox_31]" classname="se.redmind.rmtest.selenium.example.RandomClass5(20150226-080250)" time="0.39665163"/>
<testcase name="random1[OSX_10.9.5_UNKNOWN_chrome_42]" classname="se.redmind.rmtest.selenium.example.RandomClass5(20150226-080250)" time="0.16677296"/>
<testcase name="random1[OSX_10.9.5_UNKNOWN_explorer_10]" classname="se.redmind.rmtest.selenium.example.RandomClass5(20150226-080250)" time="0.9552983"/>
<testcase name="random1[OSX_10.9.5_UNKNOWN_opera_15]" classname="se.redmind.rmtest.selenium.example.RandomClass5(20150226-080250)" time="0.460418"/>
<testcase name="random1[Windows_10_UNKNOWN_firefox_31]" classname="se.redmind.rmtest.selenium.example.RandomClass5(20150226-080250)" time="0.4661734"/>
<testcase name="random1[Windows_10_UNKNOWN_chrome_42]" classname="se.redmind.rmtest.selenium.example.RandomClass5(20150226-080250)" time="0.40278113"/>
<testcase name="random1[Windows_10_UNKNOWN_explorer_10]" classname="se.redmind.rmtest.selenium.example.RandomClass5(20150226-080250)" time="0.31150734"/>
<testcase name="random1[Windows_10_UNKNOWN_opera_15]" classname="se.redmind.rmtest.selenium.example.RandomClass5(20150226-080250)" time="0.54056394">
	<failure type="java.lang.AssertionError:">java.lang.AssertionError: null
		at org.junit.Assert.fail(Assert.java:86)
		at org.junit.Assert.assertTrue(Assert.java:41)
		at org.junit.Assert.assertTrue(Assert.java:52)
		at se.redmind.rmtest.selenium.example.CreateRandomRes3.random14(CreateRandomRes3.java:128)
	</failure>
</testcase>
<testcase name="random1[Ubuntu_14.04_UNKNOWN_firefox_31]" classname="se.redmind.rmtest.selenium.example.RandomClass5(20150226-080250)" time="0.90183127"/>
<testcase name="random1[Ubuntu_14.04_UNKNOWN_chrome_42]" classname="se.redmind.rmtest.selenium.example.RandomClass5(20150226-080250)" time="1.7313856"/>
<testcase name="random1[Ubuntu_14.04_UNKNOWN_explorer_10]" classname="se.redmind.rmtest.selenium.example.RandomClass5(20150226-080250)" time="1.7209613">
	<failure type="java.lang.AssertionError:">java.lang.AssertionError: null
		at org.junit.Assert.fail(Assert.java:86)
		at org.junit.Assert.assertTrue(Assert.java:41)
		at org.junit.Assert.assertTrue(Assert.java:52)
		at se.redmind.rmtest.selenium.example.CreateRandomRes3.random14(CreateRandomRes3.java:128)
	</failure>
</testcase>
<testcase name="random1[Ubuntu_14.04_UNKNOWN_opera_15]" classname="se.redmind.rmtest.selenium.example.RandomClass5(20150226-080250)" time="0.4639995"/>
<testcase name="random1[Ubuntu_12.10_UNKNOWN_firefox_31]" classname="se.redmind.rmtest.selenium.example.RandomClass5(20150226-080250)" time="0.26984847"/>
<testcase name="random1[Ubuntu_12.10_UNKNOWN_chrome_42]" classname="se.redmind.rmtest.selenium.example.RandomClass5(20150226-080250)" time="1.9597666"/>
<testcase name="random1[Ubuntu_12.10_UNKNOWN_explorer_10]" classname="se.redmind.rmtest.selenium.example.RandomClass5(20150226-080250)" time="0.39915097"/>
<testcase name="random1[Ubuntu_12.10_UNKNOWN_opera_15]" classname="se.redmind.rmtest.selenium.example.RandomClass5(20150226-080250)" time="1.4102434"/>
<testcase name="random2[Android_4.4.4_HTC ONE_firefox_31]" classname="se.redmind.rmtest.selenium.example.RandomClass5(20150226-080250)" time="0.31543887"/>
<testcase name="random2[Android_4.4.4_HTC ONE_chrome_42]" classname="se.redmind.rmtest.selenium.example.RandomClass5(20150226-080250)" time="0.9008572"/>
<testcase name="random2[Android_4.4.4_HTC ONE_explorer_10]" classname="se.redmind.rmtest.selenium.example.RandomClass5(20150226-080250)" time="1.8267168">
	<failure type="java.lang.AssertionError:">java.lang.AssertionError: null
		at org.junit.Assert.fail(Assert.java:86)
		at org.junit.Assert.assertTrue(Assert.java:41)
		at org.junit.Assert.assertTrue(Assert.java:52)
		at se.redmind.rmtest.selenium.example.CreateRandomRes3.random14(CreateRandomRes3.java:128)
	</failure>
</testcase>
<testcase name="random2[Android_4.4.4_HTC ONE_opera_15]" classname="se.redmind.rmtest.selenium.example.RandomClass5(20150226-080250)" time="1.3491702"/>
<testcase name="random2[Android_5.1_Nexus 6_firefox_31]" classname="se.redmind.rmtest.selenium.example.RandomClass5(20150226-080250)" time="1.6419697"/>
<testcase name="random2[Android_5.1_Nexus 6_chrome_42]" classname="se.redmind.rmtest.selenium.example.RandomClass5(20150226-080250)" time="0.026878715">
	<failure type="java.lang.AssertionError:">java.lang.AssertionError: null
		at org.junit.Assert.fail(Assert.java:86)
		at org.junit.Assert.assertTrue(Assert.java:41)
		at org.junit.Assert.assertTrue(Assert.java:52)
		at se.redmind.rmtest.selenium.example.CreateRandomRes3.random14(CreateRandomRes3.java:128)
	</failure>
</testcase>
<testcase name="random2[Android_5.1_Nexus 6_explorer_10]" classname="se.redmind.rmtest.selenium.example.RandomClass5(20150226-080250)" time="1.6197242"/>
<testcase name="random2[Android_5.1_Nexus 6_opera_15]" classname="se.redmind.rmtest.selenium.example.RandomClass5(20150226-080250)" time="0.48603284"/>
<testcase name="random2[Android_2.3_VeiVei_firefox_31]" classname="se.redmind.rmtest.selenium.example.RandomClass5(20150226-080250)" time="1.8587451"/>
<testcase name="random2[Android_2.3_VeiVei_chrome_42]" classname="se.redmind.rmtest.selenium.example.RandomClass5(20150226-080250)" time="1.7731649"/>
<testcase name="random2[Android_2.3_VeiVei_explorer_10]" classname="se.redmind.rmtest.selenium.example.RandomClass5(20150226-080250)" time="0.6270412">
	<failure type="java.lang.AssertionError:">java.lang.AssertionError: null
		at org.junit.Assert.fail(Assert.java:86)
		at org.junit.Assert.assertTrue(Assert.java:41)
		at org.junit.Assert.assertTrue(Assert.java:52)
		at se.redmind.rmtest.selenium.example.CreateRandomRes3.random14(CreateRandomRes3.java:128)
	</failure>
</testcase>
<testcase name="random2[Android_2.3_VeiVei_opera_15]" classname="se.redmind.rmtest.selenium.example.RandomClass5(20150226-080250)" time="1.447274"/>
<testcase name="random2[Android_4.4.4_Sony Experia Z3_firefox_31]" classname="se.redmind.rmtest.selenium.example.RandomClass5(20150226-080250)" time="0.5837362"/>
<testcase name="random2[Android_4.4.4_Sony Experia Z3_chrome_42]" classname="se.redmind.rmtest.selenium.example.RandomClass5(20150226-080250)" time="1.9254743"/>
<testcase name="random2[Android_4.4.4_Sony Experia Z3_explorer_10]" classname="se.redmind.rmtest.selenium.example.RandomClass5(20150226-080250)" time="1.3490934"/>
<testcase name="random2[Android_4.4.4_Sony Experia Z3_opera_15]" classname="se.redmind.rmtest.selenium.example.RandomClass5(20150226-080250)" time="0.5011325"/>
<testcase name="random2[IOS_8.2_iPhone 6_firefox_31]" classname="se.redmind.rmtest.selenium.example.RandomClass5(20150226-080250)" time="0.4946729">
	<failure type="java.lang.AssertionError:">java.lang.AssertionError: null
		at org.junit.Assert.fail(Assert.java:86)
		at org.junit.Assert.assertTrue(Assert.java:41)
		at org.junit.Assert.assertTrue(Assert.java:52)
		at se.redmind.rmtest.selenium.example.CreateRandomRes3.random14(CreateRandomRes3.java:128)
	</failure>
</testcase>
<testcase name="random2[IOS_8.2_iPhone 6_chrome_42]" classname="se.redmind.rmtest.selenium.example.RandomClass5(20150226-080250)" time="1.7913038">
	<error type="java.lang.AssertionError:">java.lang.AssertionError: null
		at org.junit.Assert.fail(Assert.java:86)
		at org.junit.Assert.assertTrue(Assert.java:41)
		at org.junit.Assert.assertTrue(Assert.java:52)
		at se.redmind.rmtest.selenium.example.CreateRandomRes3.random14(CreateRandomRes3.java:128)
	</error>
</testcase>
<testcase name="random2[IOS_8.2_iPhone 6_explorer_10]" classname="se.redmind.rmtest.selenium.example.RandomClass5(20150226-080250)" time="1.8556921">
	<error type="java.lang.AssertionError:">java.lang.AssertionError: null
		at org.junit.Assert.fail(Assert.java:86)
		at org.junit.Assert.assertTrue(Assert.java:41)
		at org.junit.Assert.assertTrue(Assert.java:52)
		at se.redmind.rmtest.selenium.example.CreateRandomRes3.random14(CreateRandomRes3.java:128)
	</error>
</testcase>
<testcase name="random2[IOS_8.2_iPhone 6_opera_15]" classname="se.redmind.rmtest.selenium.example.RandomClass5(20150226-080250)" time="0.7940874"/>
<testcase name="random2[IOS_4_iPhone 3Gs_firefox_31]" classname="se.redmind.rmtest.selenium.example.RandomClass5(20150226-080250)" time="1.8764368"/>
<testcase name="random2[IOS_4_iPhone 3Gs_chrome_42]" classname="se.redmind.rmtest.selenium.example.RandomClass5(20150226-080250)" time="0.95315576"/>
<testcase name="random2[IOS_4_iPhone 3Gs_explorer_10]" classname="se.redmind.rmtest.selenium.example.RandomClass5(20150226-080250)" time="1.5424767"/>
<testcase name="random2[IOS_4_iPhone 3Gs_opera_15]" classname="se.redmind.rmtest.selenium.example.RandomClass5(20150226-080250)" time="0.26623797">
	<failure type="java.lang.AssertionError:">java.lang.AssertionError: null
		at org.junit.Assert.fail(Assert.java:86)
		at org.junit.Assert.assertTrue(Assert.java:41)
		at org.junit.Assert.assertTrue(Assert.java:52)
		at se.redmind.rmtest.selenium.example.CreateRandomRes3.random14(CreateRandomRes3.java:128)
	</failure>
</testcase>
<testcase name="random2[OSX_10.9.5_UNKNOWN_firefox_31]" classname="se.redmind.rmtest.selenium.example.RandomClass5(20150226-080250)" time="0.7484113"/>
<testcase name="random2[OSX_10.9.5_UNKNOWN_chrome_42]" classname="se.redmind.rmtest.selenium.example.RandomClass5(20150226-080250)" time="1.4610437"/>
<testcase name="random2[OSX_10.9.5_UNKNOWN_explorer_10]" classname="se.redmind.rmtest.selenium.example.RandomClass5(20150226-080250)" time="1.0008159"/>
<testcase name="random2[OSX_10.9.5_UNKNOWN_opera_15]" classname="se.redmind.rmtest.selenium.example.RandomClass5(20150226-080250)" time="0.008530855"/>
<testcase name="random2[Windows_10_UNKNOWN_firefox_31]" classname="se.redmind.rmtest.selenium.example.RandomClass5(20150226-080250)" time="1.5854776"/>
<testcase name="random2[Windows_10_UNKNOWN_chrome_42]" classname="se.redmind.rmtest.selenium.example.RandomClass5(20150226-080250)" time="0.7706733"/>
<testcase name="random2[Windows_10_UNKNOWN_explorer_10]" classname="se.redmind.rmtest.selenium.example.RandomClass5(20150226-080250)" time="0.93058276"/>
<testcase name="random2[Windows_10_UNKNOWN_opera_15]" classname="se.redmind.rmtest.selenium.example.RandomClass5(20150226-080250)" time="0.43093085"/>
<testcase name="random2[Ubuntu_14.04_UNKNOWN_firefox_31]" classname="se.redmind.rmtest.selenium.example.RandomClass5(20150226-080250)" time="0.67786884"/>
<testcase name="random2[Ubuntu_14.04_UNKNOWN_chrome_42]" classname="se.redmind.rmtest.selenium.example.RandomClass5(20150226-080250)" time="1.8169048"/>
<testcase name="random2[Ubuntu_14.04_UNKNOWN_explorer_10]" classname="se.redmind.rmtest.selenium.example.RandomClass5(20150226-080250)" time="0.6339916"/>
<testcase name="random2[Ubuntu_14.04_UNKNOWN_opera_15]" classname="se.redmind.rmtest.selenium.example.RandomClass5(20150226-080250)" time="0.08574641"/>
<testcase name="random2[Ubuntu_12.10_UNKNOWN_firefox_31]" classname="se.redmind.rmtest.selenium.example.RandomClass5(20150226-080250)" time="0.14598751"/>
<testcase name="random2[Ubuntu_12.10_UNKNOWN_chrome_42]" classname="se.redmind.rmtest.selenium.example.RandomClass5(20150226-080250)" time="0.81390643"/>
<testcase name="random2[Ubuntu_12.10_UNKNOWN_explorer_10]" classname="se.redmind.rmtest.selenium.example.RandomClass5(20150226-080250)" time="1.7336708"/>
<testcase name="random2[Ubuntu_12.10_UNKNOWN_opera_15]" classname="se.redmind.rmtest.selenium.example.RandomClass5(20150226-080250)" time="0.87719357">
	<failure type="java.lang.AssertionError:">java.lang.AssertionError: null
		at org.junit.Assert.fail(Assert.java:86)
		at org.junit.Assert.assertTrue(Assert.java:41)
		at org.junit.Assert.assertTrue(Assert.java:52)
		at se.redmind.rmtest.selenium.example.CreateRandomRes3.random14(CreateRandomRes3.java:128)
	</failure>
</testcase>
<testcase name="random3[Android_4.4.4_HTC ONE_firefox_31]" classname="se.redmind.rmtest.selenium.example.RandomClass5(20150226-080250)" time="0.1699059"/>
<testcase name="random3[Android_4.4.4_HTC ONE_chrome_42]" classname="se.redmind.rmtest.selenium.example.RandomClass5(20150226-080250)" time="1.0303252"/>
<testcase name="random3[Android_4.4.4_HTC ONE_explorer_10]" classname="se.redmind.rmtest.selenium.example.RandomClass5(20150226-080250)" time="0.8022282"/>
<testcase name="random3[Android_4.4.4_HTC ONE_opera_15]" classname="se.redmind.rmtest.selenium.example.RandomClass5(20150226-080250)" time="0.8220439"/>
<testcase name="random3[Android_5.1_Nexus 6_firefox_31]" classname="se.redmind.rmtest.selenium.example.RandomClass5(20150226-080250)" time="0.81664073"/>
<testcase name="random3[Android_5.1_Nexus 6_chrome_42]" classname="se.redmind.rmtest.selenium.example.RandomClass5(20150226-080250)" time="1.4555808">
	<failure type="java.lang.AssertionError:">java.lang.AssertionError: null
		at org.junit.Assert.fail(Assert.java:86)
		at org.junit.Assert.assertTrue(Assert.java:41)
		at org.junit.Assert.assertTrue(Assert.java:52)
		at se.redmind.rmtest.selenium.example.CreateRandomRes3.random14(CreateRandomRes3.java:128)
	</failure>
</testcase>
<testcase name="random3[Android_5.1_Nexus 6_explorer_10]" classname="se.redmind.rmtest.selenium.example.RandomClass5(20150226-080250)" time="0.51095104"/>
<testcase name="random3[Android_5.1_Nexus 6_opera_15]" classname="se.redmind.rmtest.selenium.example.RandomClass5(20150226-080250)" time="1.8820324"/>
<testcase name="random3[Android_2.3_VeiVei_firefox_31]" classname="se.redmind.rmtest.selenium.example.RandomClass5(20150226-080250)" time="1.5835402"/>
<testcase name="random3[Android_2.3_VeiVei_chrome_42]" classname="se.redmind.rmtest.selenium.example.RandomClass5(20150226-080250)" time="1.338306">
	<failure type="java.lang.AssertionError:">java.lang.AssertionError: null
		at org.junit.Assert.fail(Assert.java:86)
		at org.junit.Assert.assertTrue(Assert.java:41)
		at org.junit.Assert.assertTrue(Assert.java:52)
		at se.redmind.rmtest.selenium.example.CreateRandomRes3.random14(CreateRandomRes3.java:128)
	</failure>
</testcase>
<testcase name="random3[Android_2.3_VeiVei_explorer_10]" classname="se.redmind.rmtest.selenium.example.RandomClass5(20150226-080250)" time="1.3888195"/>
<testcase name="random3[Android_2.3_VeiVei_opera_15]" classname="se.redmind.rmtest.selenium.example.RandomClass5(20150226-080250)" time="0.9060253"/>
<testcase name="random3[Android_4.4.4_Sony Experia Z3_firefox_31]" classname="se.redmind.rmtest.selenium.example.RandomClass5(20150226-080250)" time="0.027365327"/>
<testcase name="random3[Android_4.4.4_Sony Experia Z3_chrome_42]" classname="se.redmind.rmtest.selenium.example.RandomClass5(20150226-080250)" time="0.86972356"/>
<testcase name="random3[Android_4.4.4_Sony Experia Z3_explorer_10]" classname="se.redmind.rmtest.selenium.example.RandomClass5(20150226-080250)" time="0.79681206"/>
<testcase name="random3[Android_4.4.4_Sony Experia Z3_opera_15]" classname="se.redmind.rmtest.selenium.example.RandomClass5(20150226-080250)" time="1.0183387"/>
<testcase name="random3[IOS_8.2_iPhone 6_firefox_31]" classname="se.redmind.rmtest.selenium.example.RandomClass5(20150226-080250)" time="1.7813272"/>
<testcase name="random3[IOS_8.2_iPhone 6_chrome_42]" classname="se.redmind.rmtest.selenium.example.RandomClass5(20150226-080250)" time="1.8854026"/>
<testcase name="random3[IOS_8.2_iPhone 6_explorer_10]" classname="se.redmind.rmtest.selenium.example.RandomClass5(20150226-080250)" time="1.5674766"/>
<testcase name="random3[IOS_8.2_iPhone 6_opera_15]" classname="se.redmind.rmtest.selenium.example.RandomClass5(20150226-080250)" time="0.40223026">
	<failure type="java.lang.AssertionError:">java.lang.AssertionError: null
		at org.junit.Assert.fail(Assert.java:86)
		at org.junit.Assert.assertTrue(Assert.java:41)
		at org.junit.Assert.assertTrue(Assert.java:52)
		at se.redmind.rmtest.selenium.example.CreateRandomRes3.random14(CreateRandomRes3.java:128)
	</failure>
</testcase>
<testcase name="random3[IOS_4_iPhone 3Gs_firefox_31]" classname="se.redmind.rmtest.selenium.example.RandomClass5(20150226-080250)" time="1.5581523">
<skipped/>
</testcase>
<testcase name="random3[IOS_4_iPhone 3Gs_firefox_31]" classname="se.redmind.rmtest.selenium.example.RandomClass5(20150226-080250)" time="0.026741862"/>
<testcase name="random3[IOS_4_iPhone 3Gs_chrome_42]" classname="se.redmind.rmtest.selenium.example.RandomClass5(20150226-080250)" time="1.5146271">
<skipped/>
</testcase>
<testcase name="random3[IOS_4_iPhone 3Gs_chrome_42]" classname="se.redmind.rmtest.selenium.example.RandomClass5(20150226-080250)" time="1.0110811"/>
<testcase name="random3[IOS_4_iPhone 3Gs_explorer_10]" classname="se.redmind.rmtest.selenium.example.RandomClass5(20150226-080250)" time="0.09613836">
<skipped/>
</testcase>
<testcase name="random3[IOS_4_iPhone 3Gs_explorer_10]" classname="se.redmind.rmtest.selenium.example.RandomClass5(20150226-080250)" time="0.42385948"/>
<testcase name="random3[IOS_4_iPhone 3Gs_opera_15]" classname="se.redmind.rmtest.selenium.example.RandomClass5(20150226-080250)" time="1.7517334">
<skipped/>
</testcase>
<testcase name="random3[IOS_4_iPhone 3Gs_opera_15]" classname="se.redmind.rmtest.selenium.example.RandomClass5(20150226-080250)" time="0.87118554"/>
<testcase name="random3[OSX_10.9.5_UNKNOWN_firefox_31]" classname="se.redmind.rmtest.selenium.example.RandomClass5(20150226-080250)" time="0.53922987"/>
<testcase name="random3[OSX_10.9.5_UNKNOWN_chrome_42]" classname="se.redmind.rmtest.selenium.example.RandomClass5(20150226-080250)" time="0.8588537">
	<failure type="java.lang.AssertionError:">java.lang.AssertionError: null
		at org.junit.Assert.fail(Assert.java:86)
		at org.junit.Assert.assertTrue(Assert.java:41)
		at org.junit.Assert.assertTrue(Assert.java:52)
		at se.redmind.rmtest.selenium.example.CreateRandomRes3.random14(CreateRandomRes3.java:128)
	</failure>
</testcase>
<testcase name="random3[OSX_10.9.5_UNKNOWN_explorer_10]" classname="se.redmind.rmtest.selenium.example.RandomClass5(20150226-080250)" time="0.49427855"/>
<testcase name="random3[OSX_10.9.5_UNKNOWN_opera_15]" classname="se.redmind.rmtest.selenium.example.RandomClass5(20150226-080250)" time="1.5431172"/>
<testcase name="random3[Windows_10_UNKNOWN_firefox_31]" classname="se.redmind.rmtest.selenium.example.RandomClass5(20150226-080250)" time="0.59161186"/>
<testcase name="random3[Windows_10_UNKNOWN_chrome_42]" classname="se.redmind.rmtest.selenium.example.RandomClass5(20150226-080250)" time="1.3421268"/>
<testcase name="random3[Windows_10_UNKNOWN_explorer_10]" classname="se.redmind.rmtest.selenium.example.RandomClass5(20150226-080250)" time="0.0033302307"/>
<testcase name="random3[Windows_10_UNKNOWN_opera_15]" classname="se.redmind.rmtest.selenium.example.RandomClass5(20150226-080250)" time="1.0713354"/>
<testcase name="random3[Ubuntu_14.04_UNKNOWN_firefox_31]" classname="se.redmind.rmtest.selenium.example.RandomClass5(20150226-080250)" time="0.11452603"/>
<testcase name="random3[Ubuntu_14.04_UNKNOWN_chrome_42]" classname="se.redmind.rmtest.selenium.example.RandomClass5(20150226-080250)" time="1.6139507"/>
<testcase name="random3[Ubuntu_14.04_UNKNOWN_explorer_10]" classname="se.redmind.rmtest.selenium.example.RandomClass5(20150226-080250)" time="0.72601247"/>
<testcase name="random3[Ubuntu_14.04_UNKNOWN_opera_15]" classname="se.redmind.rmtest.selenium.example.RandomClass5(20150226-080250)" time="0.3088082"/>
<testcase name="random3[Ubuntu_12.10_UNKNOWN_firefox_31]" classname="se.redmind.rmtest.selenium.example.RandomClass5(20150226-080250)" time="1.8895321"/>
<testcase name="random3[Ubuntu_12.10_UNKNOWN_chrome_42]" classname="se.redmind.rmtest.selenium.example.RandomClass5(20150226-080250)" time="1.7755692"/>
<testcase name="random3[Ubuntu_12.10_UNKNOWN_explorer_10]" classname="se.redmind.rmtest.selenium.example.RandomClass5(20150226-080250)" time="0.6475413"/>
<testcase name="random3[Ubuntu_12.10_UNKNOWN_opera_15]" classname="se.redmind.rmtest.selenium.example.RandomClass5(20150226-080250)" time="0.37365746"/>
<testcase name="random4[Android_4.4.4_HTC ONE_firefox_31]" classname="se.redmind.rmtest.selenium.example.RandomClass5(20150226-080250)" time="0.12975967"/>
<testcase name="random4[Android_4.4.4_HTC ONE_chrome_42]" classname="se.redmind.rmtest.selenium.example.RandomClass5(20150226-080250)" time="1.3785403"/>
<testcase name="random4[Android_4.4.4_HTC ONE_explorer_10]" classname="se.redmind.rmtest.selenium.example.RandomClass5(20150226-080250)" time="1.8044155"/>
<testcase name="random4[Android_4.4.4_HTC ONE_opera_15]" classname="se.redmind.rmtest.selenium.example.RandomClass5(20150226-080250)" time="0.35944128"/>
<testcase name="random4[Android_5.1_Nexus 6_firefox_31]" classname="se.redmind.rmtest.selenium.example.RandomClass5(20150226-080250)" time="0.98745346"/>
<testcase name="random4[Android_5.1_Nexus 6_chrome_42]" classname="se.redmind.rmtest.selenium.example.RandomClass5(20150226-080250)" time="0.96301556"/>
<testcase name="random4[Android_5.1_Nexus 6_explorer_10]" classname="se.redmind.rmtest.selenium.example.RandomClass5(20150226-080250)" time="1.6751662"/>
<testcase name="random4[Android_5.1_Nexus 6_opera_15]" classname="se.redmind.rmtest.selenium.example.RandomClass5(20150226-080250)" time="0.56078553"/>
<testcase name="random4[Android_2.3_VeiVei_firefox_31]" classname="se.redmind.rmtest.selenium.example.RandomClass5(20150226-080250)" time="0.73828566"/>
<testcase name="random4[Android_2.3_VeiVei_chrome_42]" classname="se.redmind.rmtest.selenium.example.RandomClass5(20150226-080250)" time="0.12338877"/>
<testcase name="random4[Android_2.3_VeiVei_explorer_10]" classname="se.redmind.rmtest.selenium.example.RandomClass5(20150226-080250)" time="0.008282304"/>
<testcase name="random4[Android_2.3_VeiVei_opera_15]" classname="se.redmind.rmtest.selenium.example.RandomClass5(20150226-080250)" time="1.7673087"/>
<testcase name="random4[Android_4.4.4_Sony Experia Z3_firefox_31]" classname="se.redmind.rmtest.selenium.example.RandomClass5(20150226-080250)" time="1.9654932"/>
<testcase name="random4[Android_4.4.4_Sony Experia Z3_chrome_42]" classname="se.redmind.rmtest.selenium.example.RandomClass5(20150226-080250)" time="1.1113833"/>
<testcase name="random4[Android_4.4.4_Sony Experia Z3_explorer_10]" classname="se.redmind.rmtest.selenium.example.RandomClass5(20150226-080250)" time="0.925992"/>
<testcase name="random4[Android_4.4.4_Sony Experia Z3_opera_15]" classname="se.redmind.rmtest.selenium.example.RandomClass5(20150226-080250)" time="0.71891785"/>
<testcase name="random4[IOS_8.2_iPhone 6_firefox_31]" classname="se.redmind.rmtest.selenium.example.RandomClass5(20150226-080250)" time="1.7983475"/>
<testcase name="random4[IOS_8.2_iPhone 6_chrome_42]" classname="se.redmind.rmtest.selenium.example.RandomClass5(20150226-080250)" time="1.2307911"/>
<testcase name="random4[IOS_8.2_iPhone 6_explorer_10]" classname="se.redmind.rmtest.selenium.example.RandomClass5(20150226-080250)" time="1.4408714">
	<failure type="java.lang.AssertionError:">java.lang.AssertionError: null
		at org.junit.Assert.fail(Assert.java:86)
		at org.junit.Assert.assertTrue(Assert.java:41)
		at org.junit.Assert.assertTrue(Assert.java:52)
		at se.redmind.rmtest.selenium.example.CreateRandomRes3.random14(CreateRandomRes3.java:128)
	</failure>
</testcase>
<testcase name="random4[IOS_8.2_iPhone 6_opera_15]" classname="se.redmind.rmtest.selenium.example.RandomClass5(20150226-080250)" time="1.0730861"/>
<testcase name="random4[IOS_4_iPhone 3Gs_firefox_31]" classname="se.redmind.rmtest.selenium.example.RandomClass5(20150226-080250)" time="1.6839598"/>
<testcase name="random4[IOS_4_iPhone 3Gs_chrome_42]" classname="se.redmind.rmtest.selenium.example.RandomClass5(20150226-080250)" time="0.4847343"/>
<testcase name="random4[IOS_4_iPhone 3Gs_explorer_10]" classname="se.redmind.rmtest.selenium.example.RandomClass5(20150226-080250)" time="0.49701583"/>
<testcase name="random4[IOS_4_iPhone 3Gs_opera_15]" classname="se.redmind.rmtest.selenium.example.RandomClass5(20150226-080250)" time="1.9070191"/>
<testcase name="random4[OSX_10.9.5_UNKNOWN_firefox_31]" classname="se.redmind.rmtest.selenium.example.RandomClass5(20150226-080250)" time="1.6680279"/>
<testcase name="random4[OSX_10.9.5_UNKNOWN_chrome_42]" classname="se.redmind.rmtest.selenium.example.RandomClass5(20150226-080250)" time="0.14147985"/>
<testcase name="random4[OSX_10.9.5_UNKNOWN_explorer_10]" classname="se.redmind.rmtest.selenium.example.RandomClass5(20150226-080250)" time="1.0822278"/>
<testcase name="random4[OSX_10.9.5_UNKNOWN_opera_15]" classname="se.redmind.rmtest.selenium.example.RandomClass5(20150226-080250)" time="1.3157114"/>
<testcase name="random4[Windows_10_UNKNOWN_firefox_31]" classname="se.redmind.rmtest.selenium.example.RandomClass5(20150226-080250)" time="0.5630181"/>
<testcase name="random4[Windows_10_UNKNOWN_chrome_42]" classname="se.redmind.rmtest.selenium.example.RandomClass5(20150226-080250)" time="1.5287712"/>
<testcase name="random4[Windows_10_UNKNOWN_explorer_10]" classname="se.redmind.rmtest.selenium.example.RandomClass5(20150226-080250)" time="0.1728692"/>
<testcase name="random4[Windows_10_UNKNOWN_opera_15]" classname="se.redmind.rmtest.selenium.example.RandomClass5(20150226-080250)" time="1.5054787"/>
<testcase name="random4[Ubuntu_14.04_UNKNOWN_firefox_31]" classname="se.redmind.rmtest.selenium.example.RandomClass5(20150226-080250)" time="1.9023128"/>
<testcase name="random4[Ubuntu_14.04_UNKNOWN_chrome_42]" classname="se.redmind.rmtest.selenium.example.RandomClass5(20150226-080250)" time="1.4547238">
	<failure type="java.lang.AssertionError:">java.lang.AssertionError: null
		at org.junit.Assert.fail(Assert.java:86)
		at org.junit.Assert.assertTrue(Assert.java:41)
		at org.junit.Assert.assertTrue(Assert.java:52)
		at se.redmind.rmtest.selenium.example.CreateRandomRes3.random14(CreateRandomRes3.java:128)
	</failure>
</testcase>
<testcase name="random4[Ubuntu_14.04_UNKNOWN_explorer_10]" classname="se.redmind.rmtest.selenium.example.RandomClass5(20150226-080250)" time="1.7347257"/>
<testcase name="random4[Ubuntu_14.04_UNKNOWN_opera_15]" classname="se.redmind.rmtest.selenium.example.RandomClass5(20150226-080250)" time="0.03995061"/>
<testcase name="random4[Ubuntu_12.10_UNKNOWN_firefox_31]" classname="se.redmind.rmtest.selenium.example.RandomClass5(20150226-080250)" time="1.2371105"/>
<testcase name="random4[Ubuntu_12.10_UNKNOWN_chrome_42]" classname="se.redmind.rmtest.selenium.example.RandomClass5(20150226-080250)" time="1.3629372"/>
<testcase name="random4[Ubuntu_12.10_UNKNOWN_explorer_10]" classname="se.redmind.rmtest.selenium.example.RandomClass5(20150226-080250)" time="0.7430723"/>
<testcase name="random4[Ubuntu_12.10_UNKNOWN_opera_15]" classname="se.redmind.rmtest.selenium.example.RandomClass5(20150226-080250)" time="1.3906548"/>
<testcase name="random1[Android_5.1_Nexus 6_firefox_31]" classname="se.redmind.rmtest.selenium.example.RandomClass6(20150226-080250)" time="1.0101794"/>
<testcase name="random1[Android_5.1_Nexus 6_chrome_42]" classname="se.redmind.rmtest.selenium.example.RandomClass6(20150226-080250)" time="1.2175119"/>
<testcase name="random1[Android_5.1_Nexus 6_explorer_10]" classname="se.redmind.rmtest.selenium.example.RandomClass6(20150226-080250)" time="1.4808952"/>
<testcase name="random1[Android_5.1_Nexus 6_opera_15]" classname="se.redmind.rmtest.selenium.example.RandomClass6(20150226-080250)" time="0.14337921"/>
<testcase name="random1[Android_2.3_VeiVei_firefox_31]" classname="se.redmind.rmtest.selenium.example.RandomClass6(20150226-080250)" time="1.1783261">
	<failure type="java.lang.AssertionError:">java.lang.AssertionError: null
		at org.junit.Assert.fail(Assert.java:86)
		at org.junit.Assert.assertTrue(Assert.java:41)
		at org.junit.Assert.assertTrue(Assert.java:52)
		at se.redmind.rmtest.selenium.example.CreateRandomRes3.random14(CreateRandomRes3.java:128)
	</failure>
</testcase>
<testcase name="random1[Android_2.3_VeiVei_chrome_42]" classname="se.redmind.rmtest.selenium.example.RandomClass6(20150226-080250)" time="0.31730437">
	<failure type="java.lang.AssertionError:">java.lang.AssertionError: null
		at org.junit.Assert.fail(Assert.java:86)
		at org.junit.Assert.assertTrue(Assert.java:41)
		at org.junit.Assert.assertTrue(Assert.java:52)
		at se.redmind.rmtest.selenium.example.CreateRandomRes3.random14(CreateRandomRes3.java:128)
	</failure>
</testcase>
<testcase name="random1[Android_2.3_VeiVei_explorer_10]" classname="se.redmind.rmtest.selenium.example.RandomClass6(20150226-080250)" time="1.2289699"/>
<testcase name="random1[Android_2.3_VeiVei_opera_15]" classname="se.redmind.rmtest.selenium.example.RandomClass6(20150226-080250)" time="0.8345815"/>
<testcase name="random1[Android_4.4.4_Sony Experia Z3_firefox_31]" classname="se.redmind.rmtest.selenium.example.RandomClass6(20150226-080250)" time="1.3123074"/>
<testcase name="random1[Android_4.4.4_Sony Experia Z3_chrome_42]" classname="se.redmind.rmtest.selenium.example.RandomClass6(20150226-080250)" time="1.5389372"/>
<testcase name="random1[Android_4.4.4_Sony Experia Z3_explorer_10]" classname="se.redmind.rmtest.selenium.example.RandomClass6(20150226-080250)" time="1.0528262"/>
<testcase name="random1[Android_4.4.4_Sony Experia Z3_opera_15]" classname="se.redmind.rmtest.selenium.example.RandomClass6(20150226-080250)" time="0.31153774"/>
<testcase name="random1[IOS_8.2_iPhone 6_firefox_31]" classname="se.redmind.rmtest.selenium.example.RandomClass6(20150226-080250)" time="0.61318886"/>
<testcase name="random1[IOS_8.2_iPhone 6_chrome_42]" classname="se.redmind.rmtest.selenium.example.RandomClass6(20150226-080250)" time="1.9431541"/>
<testcase name="random1[IOS_8.2_iPhone 6_explorer_10]" classname="se.redmind.rmtest.selenium.example.RandomClass6(20150226-080250)" time="0.11430514"/>
<testcase name="random1[IOS_8.2_iPhone 6_opera_15]" classname="se.redmind.rmtest.selenium.example.RandomClass6(20150226-080250)" time="1.1398057"/>
<testcase name="random1[Windows_10_UNKNOWN_firefox_31]" classname="se.redmind.rmtest.selenium.example.RandomClass6(20150226-080250)" time="1.2469862"/>
<testcase name="random1[Windows_10_UNKNOWN_chrome_42]" classname="se.redmind.rmtest.selenium.example.RandomClass6(20150226-080250)" time="0.8746716"/>
<testcase name="random1[Windows_10_UNKNOWN_explorer_10]" classname="se.redmind.rmtest.selenium.example.RandomClass6(20150226-080250)" time="0.8796828"/>
<testcase name="random1[Windows_10_UNKNOWN_opera_15]" classname="se.redmind.rmtest.selenium.example.RandomClass6(20150226-080250)" time="0.44865978">
	<error type="java.lang.AssertionError:">java.lang.AssertionError: null
		at org.junit.Assert.fail(Assert.java:86)
		at org.junit.Assert.assertTrue(Assert.java:41)
		at org.junit.Assert.assertTrue(Assert.java:52)
		at se.redmind.rmtest.selenium.example.CreateRandomRes3.random14(CreateRandomRes3.java:128)
	</error>
</testcase>
<testcase name="random1[Ubuntu_12.10_UNKNOWN_firefox_31]" classname="se.redmind.rmtest.selenium.example.RandomClass6(20150226-080250)" time="0.51927435"/>
<testcase name="random1[Ubuntu_12.10_UNKNOWN_chrome_42]" classname="se.redmind.rmtest.selenium.example.RandomClass6(20150226-080250)" time="0.07063639">
	<failure type="java.lang.AssertionError:">java.lang.AssertionError: null
		at org.junit.Assert.fail(Assert.java:86)
		at org.junit.Assert.assertTrue(Assert.java:41)
		at org.junit.Assert.assertTrue(Assert.java:52)
		at se.redmind.rmtest.selenium.example.CreateRandomRes3.random14(CreateRandomRes3.java:128)
	</failure>
</testcase>
<testcase name="random1[Ubuntu_12.10_UNKNOWN_explorer_10]" classname="se.redmind.rmtest.selenium.example.RandomClass6(20150226-080250)" time="1.033169"/>
<testcase name="random1[Ubuntu_12.10_UNKNOWN_opera_15]" classname="se.redmind.rmtest.selenium.example.RandomClass6(20150226-080250)" time="0.5163244"/>
<testcase name="random2[Android_5.1_Nexus 6_firefox_31]" classname="se.redmind.rmtest.selenium.example.RandomClass6(20150226-080250)" time="0.91049993">
	<failure type="java.lang.AssertionError:">java.lang.AssertionError: null
		at org.junit.Assert.fail(Assert.java:86)
		at org.junit.Assert.assertTrue(Assert.java:41)
		at org.junit.Assert.assertTrue(Assert.java:52)
		at se.redmind.rmtest.selenium.example.CreateRandomRes3.random14(CreateRandomRes3.java:128)
	</failure>
</testcase>
<testcase name="random2[Android_5.1_Nexus 6_chrome_42]" classname="se.redmind.rmtest.selenium.example.RandomClass6(20150226-080250)" time="0.34193194"/>
<testcase name="random2[Android_5.1_Nexus 6_explorer_10]" classname="se.redmind.rmtest.selenium.example.RandomClass6(20150226-080250)" time="1.0528071"/>
<testcase name="random2[Android_5.1_Nexus 6_opera_15]" classname="se.redmind.rmtest.selenium.example.RandomClass6(20150226-080250)" time="0.69469845"/>
<testcase name="random2[Android_2.3_VeiVei_firefox_31]" classname="se.redmind.rmtest.selenium.example.RandomClass6(20150226-080250)" time="0.12726939">
	<failure type="java.lang.AssertionError:">java.lang.AssertionError: null
		at org.junit.Assert.fail(Assert.java:86)
		at org.junit.Assert.assertTrue(Assert.java:41)
		at org.junit.Assert.assertTrue(Assert.java:52)
		at se.redmind.rmtest.selenium.example.CreateRandomRes3.random14(CreateRandomRes3.java:128)
	</failure>
</testcase>
<testcase name="random2[Android_2.3_VeiVei_chrome_42]" classname="se.redmind.rmtest.selenium.example.RandomClass6(20150226-080250)" time="0.49184668"/>
<testcase name="random2[Android_2.3_VeiVei_explorer_10]" classname="se.redmind.rmtest.selenium.example.RandomClass6(20150226-080250)" time="1.9749538"/>
<testcase name="random2[Android_2.3_VeiVei_opera_15]" classname="se.redmind.rmtest.selenium.example.RandomClass6(20150226-080250)" time="0.34479594"/>
<testcase name="random2[Android_4.4.4_Sony Experia Z3_firefox_31]" classname="se.redmind.rmtest.selenium.example.RandomClass6(20150226-080250)" time="1.4084665"/>
<testcase name="random2[Android_4.4.4_Sony Experia Z3_chrome_42]" classname="se.redmind.rmtest.selenium.example.RandomClass6(20150226-080250)" time="1.7164228"/>
<testcase name="random2[Android_4.4.4_Sony Experia Z3_explorer_10]" classname="se.redmind.rmtest.selenium.example.RandomClass6(20150226-080250)" time="0.7063581"/>
<testcase name="random2[Android_4.4.4_Sony Experia Z3_opera_15]" classname="se.redmind.rmtest.selenium.example.RandomClass6(20150226-080250)" time="1.2951398">
	<failure type="java.lang.AssertionError:">java.lang.AssertionError: null
		at org.junit.Assert.fail(Assert.java:86)
		at org.junit.Assert.assertTrue(Assert.java:41)
		at org.junit.Assert.assertTrue(Assert.java:52)
		at se.redmind.rmtest.selenium.example.CreateRandomRes3.random14(CreateRandomRes3.java:128)
	</failure>
</testcase>
<testcase name="random2[IOS_8.2_iPhone 6_firefox_31]" classname="se.redmind.rmtest.selenium.example.RandomClass6(20150226-080250)" time="1.0798866"/>
<testcase name="random2[IOS_8.2_iPhone 6_chrome_42]" classname="se.redmind.rmtest.selenium.example.RandomClass6(20150226-080250)" time="1.2291108"/>
<testcase name="random2[IOS_8.2_iPhone 6_explorer_10]" classname="se.redmind.rmtest.selenium.example.RandomClass6(20150226-080250)" time="0.69376826">
	<failure type="java.lang.AssertionError:">java.lang.AssertionError: null
		at org.junit.Assert.fail(Assert.java:86)
		at org.junit.Assert.assertTrue(Assert.java:41)
		at org.junit.Assert.assertTrue(Assert.java:52)
		at se.redmind.rmtest.selenium.example.CreateRandomRes3.random14(CreateRandomRes3.java:128)
	</failure>
</testcase>
<testcase name="random2[IOS_8.2_iPhone 6_opera_15]" classname="se.redmind.rmtest.selenium.example.RandomClass6(20150226-080250)" time="1.868913"/>
<testcase name="random2[Windows_10_UNKNOWN_firefox_31]" classname="se.redmind.rmtest.selenium.example.RandomClass6(20150226-080250)" time="0.34918606"/>
<testcase name="random2[Windows_10_UNKNOWN_chrome_42]" classname="se.redmind.rmtest.selenium.example.RandomClass6(20150226-080250)" time="1.0767791"/>
<testcase name="random2[Windows_10_UNKNOWN_explorer_10]" classname="se.redmind.rmtest.selenium.example.RandomClass6(20150226-080250)" time="1.365834"/>
<testcase name="random2[Windows_10_UNKNOWN_opera_15]" classname="se.redmind.rmtest.selenium.example.RandomClass6(20150226-080250)" time="1.3589839"/>
<testcase name="random2[Ubuntu_12.10_UNKNOWN_firefox_31]" classname="se.redmind.rmtest.selenium.example.RandomClass6(20150226-080250)" time="0.80837"/>
<testcase name="random2[Ubuntu_12.10_UNKNOWN_chrome_42]" classname="se.redmind.rmtest.selenium.example.RandomClass6(20150226-080250)" time="0.22221267"/>
<testcase name="random2[Ubuntu_12.10_UNKNOWN_explorer_10]" classname="se.redmind.rmtest.selenium.example.RandomClass6(20150226-080250)" time="1.4656965"/>
<testcase name="random2[Ubuntu_12.10_UNKNOWN_opera_15]" classname="se.redmind.rmtest.selenium.example.RandomClass6(20150226-080250)" time="1.167071"/>
<testcase name="random3[Android_5.1_Nexus 6_firefox_31]" classname="se.redmind.rmtest.selenium.example.RandomClass6(20150226-080250)" time="0.57191217"/>
<testcase name="random3[Android_5.1_Nexus 6_chrome_42]" classname="se.redmind.rmtest.selenium.example.RandomClass6(20150226-080250)" time="0.7876662">
	<failure type="java.lang.AssertionError:">java.lang.AssertionError: null
		at org.junit.Assert.fail(Assert.java:86)
		at org.junit.Assert.assertTrue(Assert.java:41)
		at org.junit.Assert.assertTrue(Assert.java:52)
		at se.redmind.rmtest.selenium.example.CreateRandomRes3.random14(CreateRandomRes3.java:128)
	</failure>
</testcase>
<testcase name="random3[Android_5.1_Nexus 6_explorer_10]" classname="se.redmind.rmtest.selenium.example.RandomClass6(20150226-080250)" time="1.790939"/>
<testcase name="random3[Android_5.1_Nexus 6_opera_15]" classname="se.redmind.rmtest.selenium.example.RandomClass6(20150226-080250)" time="0.32758653">
	<failure type="java.lang.AssertionError:">java.lang.AssertionError: null
		at org.junit.Assert.fail(Assert.java:86)
		at org.junit.Assert.assertTrue(Assert.java:41)
		at org.junit.Assert.assertTrue(Assert.java:52)
		at se.redmind.rmtest.selenium.example.CreateRandomRes3.random14(CreateRandomRes3.java:128)
	</failure>
</testcase>
<testcase name="random3[Android_2.3_VeiVei_firefox_31]" classname="se.redmind.rmtest.selenium.example.RandomClass6(20150226-080250)" time="0.8670559"/>
<testcase name="random3[Android_2.3_VeiVei_chrome_42]" classname="se.redmind.rmtest.selenium.example.RandomClass6(20150226-080250)" time="1.3928387"/>
<testcase name="random3[Android_2.3_VeiVei_explorer_10]" classname="se.redmind.rmtest.selenium.example.RandomClass6(20150226-080250)" time="1.1884654"/>
<testcase name="random3[Android_2.3_VeiVei_opera_15]" classname="se.redmind.rmtest.selenium.example.RandomClass6(20150226-080250)" time="0.59303427"/>
<testcase name="random3[Android_4.4.4_Sony Experia Z3_firefox_31]" classname="se.redmind.rmtest.selenium.example.RandomClass6(20150226-080250)" time="1.2757745">
	<failure type="java.lang.AssertionError:">java.lang.AssertionError: null
		at org.junit.Assert.fail(Assert.java:86)
		at org.junit.Assert.assertTrue(Assert.java:41)
		at org.junit.Assert.assertTrue(Assert.java:52)
		at se.redmind.rmtest.selenium.example.CreateRandomRes3.random14(CreateRandomRes3.java:128)
	</failure>
</testcase>
<testcase name="random3[Android_4.4.4_Sony Experia Z3_chrome_42]" classname="se.redmind.rmtest.selenium.example.RandomClass6(20150226-080250)" time="0.42722058"/>
<testcase name="random3[Android_4.4.4_Sony Experia Z3_explorer_10]" classname="se.redmind.rmtest.selenium.example.RandomClass6(20150226-080250)" time="1.8644812"/>
<testcase name="random3[Android_4.4.4_Sony Experia Z3_opera_15]" classname="se.redmind.rmtest.selenium.example.RandomClass6(20150226-080250)" time="1.8894948"/>
<testcase name="random3[IOS_8.2_iPhone 6_firefox_31]" classname="se.redmind.rmtest.selenium.example.RandomClass6(20150226-080250)" time="0.4036901"/>
<testcase name="random3[IOS_8.2_iPhone 6_chrome_42]" classname="se.redmind.rmtest.selenium.example.RandomClass6(20150226-080250)" time="0.08723593"/>
<testcase name="random3[IOS_8.2_iPhone 6_explorer_10]" classname="se.redmind.rmtest.selenium.example.RandomClass6(20150226-080250)" time="1.7533724">
	<failure type="java.lang.AssertionError:">java.lang.AssertionError: null
		at org.junit.Assert.fail(Assert.java:86)
		at org.junit.Assert.assertTrue(Assert.java:41)
		at org.junit.Assert.assertTrue(Assert.java:52)
		at se.redmind.rmtest.selenium.example.CreateRandomRes3.random14(CreateRandomRes3.java:128)
	</failure>
</testcase>
<testcase name="random3[IOS_8.2_iPhone 6_opera_15]" classname="se.redmind.rmtest.selenium.example.RandomClass6(20150226-080250)" time="1.6147888"/>
<testcase name="random3[Windows_10_UNKNOWN_firefox_31]" classname="se.redmind.rmtest.selenium.example.RandomClass6(20150226-080250)" time="1.6450744"/>
<testcase name="random3[Windows_10_UNKNOWN_chrome_42]" classname="se.redmind.rmtest.selenium.example.RandomClass6(20150226-080250)" time="0.9548271">
	<failure type="java.lang.AssertionError:">java.lang.AssertionError: null
		at org.junit.Assert.fail(Assert.java:86)
		at org.junit.Assert.assertTrue(Assert.java:41)
		at org.junit.Assert.assertTrue(Assert.java:52)
		at se.redmind.rmtest.selenium.example.CreateRandomRes3.random14(CreateRandomRes3.java:128)
	</failure>
</testcase>
<testcase name="random3[Windows_10_UNKNOWN_explorer_10]" classname="se.redmind.rmtest.selenium.example.RandomClass6(20150226-080250)" time="0.3555081"/>
<testcase name="random3[Windows_10_UNKNOWN_opera_15]" classname="se.redmind.rmtest.selenium.example.RandomClass6(20150226-080250)" time="0.55772984"/>
<testcase name="random3[Ubuntu_12.10_UNKNOWN_firefox_31]" classname="se.redmind.rmtest.selenium.example.RandomClass6(20150226-080250)" time="0.2897923"/>
<testcase name="random3[Ubuntu_12.10_UNKNOWN_chrome_42]" classname="se.redmind.rmtest.selenium.example.RandomClass6(20150226-080250)" time="0.45072222"/>
<testcase name="random3[Ubuntu_12.10_UNKNOWN_explorer_10]" classname="se.redmind.rmtest.selenium.example.RandomClass6(20150226-080250)" time="0.7219924"/>
<testcase name="random3[Ubuntu_12.10_UNKNOWN_opera_15]" classname="se.redmind.rmtest.selenium.example.RandomClass6(20150226-080250)" time="1.4628398">
	<failure type="java.lang.AssertionError:">java.lang.AssertionError: null
		at org.junit.Assert.fail(Assert.java:86)
		at org.junit.Assert.assertTrue(Assert.java:41)
		at org.junit.Assert.assertTrue(Assert.java:52)
		at se.redmind.rmtest.selenium.example.CreateRandomRes3.random14(CreateRandomRes3.java:128)
	</failure>
</testcase>
<testcase name="random4[Android_5.1_Nexus 6_firefox_31]" classname="se.redmind.rmtest.selenium.example.RandomClass6(20150226-080250)" time="0.9606105"/>
<testcase name="random4[Android_5.1_Nexus 6_chrome_42]" classname="se.redmind.rmtest.selenium.example.RandomClass6(20150226-080250)" time="1.8159913"/>
<testcase name="random4[Android_5.1_Nexus 6_explorer_10]" classname="se.redmind.rmtest.selenium.example.RandomClass6(20150226-080250)" time="0.3241353"/>
<testcase name="random4[Android_5.1_Nexus 6_opera_15]" classname="se.redmind.rmtest.selenium.example.RandomClass6(20150226-080250)" time="1.2555914"/>
<testcase name="random4[Android_2.3_VeiVei_firefox_31]" classname="se.redmind.rmtest.selenium.example.RandomClass6(20150226-080250)" time="1.4325132"/>
<testcase name="random4[Android_2.3_VeiVei_chrome_42]" classname="se.redmind.rmtest.selenium.example.RandomClass6(20150226-080250)" time="0.38926637"/>
<testcase name="random4[Android_2.3_VeiVei_explorer_10]" classname="se.redmind.rmtest.selenium.example.RandomClass6(20150226-080250)" time="0.93680775"/>
<testcase name="random4[Android_2.3_VeiVei_opera_15]" classname="se.redmind.rmtest.selenium.example.RandomClass6(20150226-080250)" time="0.62365353"/>
<testcase name="random4[Android_4.4.4_Sony Experia Z3_firefox_31]" classname="se.redmind.rmtest.selenium.example.RandomClass6(20150226-080250)" time="0.6856159">
	<failure type="java.lang.AssertionError:">java.lang.AssertionError: null
		at org.junit.Assert.fail(Assert.java:86)
		at org.junit.Assert.assertTrue(Assert.java:41)
		at org.junit.Assert.assertTrue(Assert.java:52)
		at se.redmind.rmtest.selenium.example.CreateRandomRes3.random14(CreateRandomRes3.java:128)
	</failure>
</testcase>
<testcase name="random4[Android_4.4.4_Sony Experia Z3_chrome_42]" classname="se.redmind.rmtest.selenium.example.RandomClass6(20150226-080250)" time="0.9066149">
	<failure type="java.lang.AssertionError:">java.lang.AssertionError: null
		at org.junit.Assert.fail(Assert.java:86)
		at org.junit.Assert.assertTrue(Assert.java:41)
		at org.junit.Assert.assertTrue(Assert.java:52)
		at se.redmind.rmtest.selenium.example.CreateRandomRes3.random14(CreateRandomRes3.java:128)
	</failure>
</testcase>
<testcase name="random4[Android_4.4.4_Sony Experia Z3_explorer_10]" classname="se.redmind.rmtest.selenium.example.RandomClass6(20150226-080250)" time="0.30738997"/>
<testcase name="random4[Android_4.4.4_Sony Experia Z3_opera_15]" classname="se.redmind.rmtest.selenium.example.RandomClass6(20150226-080250)" time="0.8924303"/>
<testcase name="random4[IOS_8.2_iPhone 6_firefox_31]" classname="se.redmind.rmtest.selenium.example.RandomClass6(20150226-080250)" time="0.1579827"/>
<testcase name="random4[IOS_8.2_iPhone 6_chrome_42]" classname="se.redmind.rmtest.selenium.example.RandomClass6(20150226-080250)" time="1.1837165">
	<failure type="java.lang.AssertionError:">java.lang.AssertionError: null
		at org.junit.Assert.fail(Assert.java:86)
		at org.junit.Assert.assertTrue(Assert.java:41)
		at org.junit.Assert.assertTrue(Assert.java:52)
		at se.redmind.rmtest.selenium.example.CreateRandomRes3.random14(CreateRandomRes3.java:128)
	</failure>
</testcase>
<testcase name="random4[IOS_8.2_iPhone 6_explorer_10]" classname="se.redmind.rmtest.selenium.example.RandomClass6(20150226-080250)" time="0.07517135"/>
<testcase name="random4[IOS_8.2_iPhone 6_opera_15]" classname="se.redmind.rmtest.selenium.example.RandomClass6(20150226-080250)" time="1.8251445"/>
<testcase name="random4[Windows_10_UNKNOWN_firefox_31]" classname="se.redmind.rmtest.selenium.example.RandomClass6(20150226-080250)" time="1.6710349"/>
<testcase name="random4[Windows_10_UNKNOWN_chrome_42]" classname="se.redmind.rmtest.selenium.example.RandomClass6(20150226-080250)" time="1.5555531"/>
<testcase name="random4[Windows_10_UNKNOWN_explorer_10]" classname="se.redmind.rmtest.selenium.example.RandomClass6(20150226-080250)" time="1.1816338"/>
<testcase name="random4[Windows_10_UNKNOWN_opera_15]" classname="se.redmind.rmtest.selenium.example.RandomClass6(20150226-080250)" time="1.7757348"/>
<testcase name="random4[Ubuntu_12.10_UNKNOWN_firefox_31]" classname="se.redmind.rmtest.selenium.example.RandomClass6(20150226-080250)" time="1.7585874"/>
<testcase name="random4[Ubuntu_12.10_UNKNOWN_chrome_42]" classname="se.redmind.rmtest.selenium.example.RandomClass6(20150226-080250)" time="0.028050065">
	<error type="java.lang.AssertionError:">java.lang.AssertionError: null
		at org.junit.Assert.fail(Assert.java:86)
		at org.junit.Assert.assertTrue(Assert.java:41)
		at org.junit.Assert.assertTrue(Assert.java:52)
		at se.redmind.rmtest.selenium.example.CreateRandomRes3.random14(CreateRandomRes3.java:128)
	</error>
</testcase>
<testcase name="random4[Ubuntu_12.10_UNKNOWN_explorer_10]" classname="se.redmind.rmtest.selenium.example.RandomClass6(20150226-080250)" time="0.70714295"/>
<testcase name="random4[Ubuntu_12.10_UNKNOWN_opera_15]" classname="se.redmind.rmtest.selenium.example.RandomClass6(20150226-080250)" time="0.57607746"/>
<testcase name="random1[Android_4.4.4_HTC ONE_firefox_31]" classname="se.redmind.rmtest.selenium.example.RandomClass7(20150226-080250)" time="1.6987711">
	<failure type="java.lang.AssertionError:">java.lang.AssertionError: null
		at org.junit.Assert.fail(Assert.java:86)
		at org.junit.Assert.assertTrue(Assert.java:41)
		at org.junit.Assert.assertTrue(Assert.java:52)
		at se.redmind.rmtest.selenium.example.CreateRandomRes3.random14(CreateRandomRes3.java:128)
	</failure>
</testcase>
<testcase name="random1[Android_4.4.4_HTC ONE_chrome_42]" classname="se.redmind.rmtest.selenium.example.RandomClass7(20150226-080250)" time="1.8944741"/>
<testcase name="random1[Android_4.4.4_HTC ONE_explorer_10]" classname="se.redmind.rmtest.selenium.example.RandomClass7(20150226-080250)" time="1.1776054"/>
<testcase name="random1[Android_4.4.4_HTC ONE_opera_15]" classname="se.redmind.rmtest.selenium.example.RandomClass7(20150226-080250)" time="1.4692003">
	<failure type="java.lang.AssertionError:">java.lang.AssertionError: null
		at org.junit.Assert.fail(Assert.java:86)
		at org.junit.Assert.assertTrue(Assert.java:41)
		at org.junit.Assert.assertTrue(Assert.java:52)
		at se.redmind.rmtest.selenium.example.CreateRandomRes3.random14(CreateRandomRes3.java:128)
	</failure>
</testcase>
<testcase name="random1[Android_5.1_Nexus 6_firefox_31]" classname="se.redmind.rmtest.selenium.example.RandomClass7(20150226-080250)" time="0.84509325"/>
<testcase name="random1[Android_5.1_Nexus 6_chrome_42]" classname="se.redmind.rmtest.selenium.example.RandomClass7(20150226-080250)" time="1.8633201">
	<failure type="java.lang.AssertionError:">java.lang.AssertionError: null
		at org.junit.Assert.fail(Assert.java:86)
		at org.junit.Assert.assertTrue(Assert.java:41)
		at org.junit.Assert.assertTrue(Assert.java:52)
		at se.redmind.rmtest.selenium.example.CreateRandomRes3.random14(CreateRandomRes3.java:128)
	</failure>
</testcase>
<testcase name="random1[Android_5.1_Nexus 6_explorer_10]" classname="se.redmind.rmtest.selenium.example.RandomClass7(20150226-080250)" time="1.8070501"/>
<testcase name="random1[Android_5.1_Nexus 6_opera_15]" classname="se.redmind.rmtest.selenium.example.RandomClass7(20150226-080250)" time="0.7480531"/>
<testcase name="random1[Android_4.4.4_Sony Experia Z3_firefox_31]" classname="se.redmind.rmtest.selenium.example.RandomClass7(20150226-080250)" time="1.2686366"/>
<testcase name="random1[Android_4.4.4_Sony Experia Z3_chrome_42]" classname="se.redmind.rmtest.selenium.example.RandomClass7(20150226-080250)" time="1.3200297"/>
<testcase name="random1[Android_4.4.4_Sony Experia Z3_explorer_10]" classname="se.redmind.rmtest.selenium.example.RandomClass7(20150226-080250)" time="1.0317363">
	<failure type="java.lang.AssertionError:">java.lang.AssertionError: null
		at org.junit.Assert.fail(Assert.java:86)
		at org.junit.Assert.assertTrue(Assert.java:41)
		at org.junit.Assert.assertTrue(Assert.java:52)
		at se.redmind.rmtest.selenium.example.CreateRandomRes3.random14(CreateRandomRes3.java:128)
	</failure>
</testcase>
<testcase name="random1[Android_4.4.4_Sony Experia Z3_opera_15]" classname="se.redmind.rmtest.selenium.example.RandomClass7(20150226-080250)" time="1.5836903">
	<failure type="java.lang.AssertionError:">java.lang.AssertionError: null
		at org.junit.Assert.fail(Assert.java:86)
		at org.junit.Assert.assertTrue(Assert.java:41)
		at org.junit.Assert.assertTrue(Assert.java:52)
		at se.redmind.rmtest.selenium.example.CreateRandomRes3.random14(CreateRandomRes3.java:128)
	</failure>
</testcase>
<testcase name="random1[IOS_8.2_iPhone 6_firefox_31]" classname="se.redmind.rmtest.selenium.example.RandomClass7(20150226-080250)" time="1.0195148"/>
<testcase name="random1[IOS_8.2_iPhone 6_chrome_42]" classname="se.redmind.rmtest.selenium.example.RandomClass7(20150226-080250)" time="1.5691004"/>
<testcase name="random1[IOS_8.2_iPhone 6_explorer_10]" classname="se.redmind.rmtest.selenium.example.RandomClass7(20150226-080250)" time="1.8942748"/>
<testcase name="random1[IOS_8.2_iPhone 6_opera_15]" classname="se.redmind.rmtest.selenium.example.RandomClass7(20150226-080250)" time="1.8524904">
	<failure type="java.lang.AssertionError:">java.lang.AssertionError: null
		at org.junit.Assert.fail(Assert.java:86)
		at org.junit.Assert.assertTrue(Assert.java:41)
		at org.junit.Assert.assertTrue(Assert.java:52)
		at se.redmind.rmtest.selenium.example.CreateRandomRes3.random14(CreateRandomRes3.java:128)
	</failure>
</testcase>
<testcase name="random1[IOS_4_iPhone 3Gs_firefox_31]" classname="se.redmind.rmtest.selenium.example.RandomClass7(20150226-080250)" time="1.6262397"/>
<testcase name="random1[IOS_4_iPhone 3Gs_chrome_42]" classname="se.redmind.rmtest.selenium.example.RandomClass7(20150226-080250)" time="0.8585987"/>
<testcase name="random1[IOS_4_iPhone 3Gs_explorer_10]" classname="se.redmind.rmtest.selenium.example.RandomClass7(20150226-080250)" time="1.0731066">
	<failure type="java.lang.AssertionError:">java.lang.AssertionError: null
		at org.junit.Assert.fail(Assert.java:86)
		at org.junit.Assert.assertTrue(Assert.java:41)
		at org.junit.Assert.assertTrue(Assert.java:52)
		at se.redmind.rmtest.selenium.example.CreateRandomRes3.random14(CreateRandomRes3.java:128)
	</failure>
</testcase>
<testcase name="random1[IOS_4_iPhone 3Gs_opera_15]" classname="se.redmind.rmtest.selenium.example.RandomClass7(20150226-080250)" time="1.0261103"/>
<testcase name="random1[OSX_10.9.5_UNKNOWN_firefox_31]" classname="se.redmind.rmtest.selenium.example.RandomClass7(20150226-080250)" time="1.3765786"/>
<testcase name="random1[OSX_10.9.5_UNKNOWN_chrome_42]" classname="se.redmind.rmtest.selenium.example.RandomClass7(20150226-080250)" time="0.1197741"/>
<testcase name="random1[OSX_10.9.5_UNKNOWN_explorer_10]" classname="se.redmind.rmtest.selenium.example.RandomClass7(20150226-080250)" time="0.5308088"/>
<testcase name="random1[OSX_10.9.5_UNKNOWN_opera_15]" classname="se.redmind.rmtest.selenium.example.RandomClass7(20150226-080250)" time="0.254233"/>
<testcase name="random1[Windows_8.1_UNKNOWN_firefox_31]" classname="se.redmind.rmtest.selenium.example.RandomClass7(20150226-080250)" time="0.92654455">
	<failure type="java.lang.AssertionError:">java.lang.AssertionError: null
		at org.junit.Assert.fail(Assert.java:86)
		at org.junit.Assert.assertTrue(Assert.java:41)
		at org.junit.Assert.assertTrue(Assert.java:52)
		at se.redmind.rmtest.selenium.example.CreateRandomRes3.random14(CreateRandomRes3.java:128)
	</failure>
</testcase>
<testcase name="random1[Windows_8.1_UNKNOWN_chrome_42]" classname="se.redmind.rmtest.selenium.example.RandomClass7(20150226-080250)" time="0.5335069"/>
<testcase name="random1[Windows_8.1_UNKNOWN_explorer_10]" classname="se.redmind.rmtest.selenium.example.RandomClass7(20150226-080250)" time="1.3330326"/>
<testcase name="random1[Windows_8.1_UNKNOWN_opera_15]" classname="se.redmind.rmtest.selenium.example.RandomClass7(20150226-080250)" time="1.2286474"/>
<testcase name="random1[Windows_10_UNKNOWN_firefox_31]" classname="se.redmind.rmtest.selenium.example.RandomClass7(20150226-080250)" time="0.3700528"/>
<testcase name="random1[Windows_10_UNKNOWN_chrome_42]" classname="se.redmind.rmtest.selenium.example.RandomClass7(20150226-080250)" time="1.3472959"/>
<testcase name="random1[Windows_10_UNKNOWN_explorer_10]" classname="se.redmind.rmtest.selenium.example.RandomClass7(20150226-080250)" time="1.2191311"/>
<testcase name="random1[Windows_10_UNKNOWN_opera_15]" classname="se.redmind.rmtest.selenium.example.RandomClass7(20150226-080250)" time="0.7543962"/>
<testcase name="random1[Ubuntu_14.04_UNKNOWN_firefox_31]" classname="se.redmind.rmtest.selenium.example.RandomClass7(20150226-080250)" time="1.7707415"/>
<testcase name="random1[Ubuntu_14.04_UNKNOWN_chrome_42]" classname="se.redmind.rmtest.selenium.example.RandomClass7(20150226-080250)" time="0.61864984"/>
<testcase name="random1[Ubuntu_14.04_UNKNOWN_explorer_10]" classname="se.redmind.rmtest.selenium.example.RandomClass7(20150226-080250)" time="1.2682546"/>
<testcase name="random1[Ubuntu_14.04_UNKNOWN_opera_15]" classname="se.redmind.rmtest.selenium.example.RandomClass7(20150226-080250)" time="1.9066137"/>
<testcase name="random1[Ubuntu_12.10_UNKNOWN_firefox_31]" classname="se.redmind.rmtest.selenium.example.RandomClass7(20150226-080250)" time="0.04141617"/>
<testcase name="random1[Ubuntu_12.10_UNKNOWN_chrome_42]" classname="se.redmind.rmtest.selenium.example.RandomClass7(20150226-080250)" time="0.40957868"/>
<testcase name="random1[Ubuntu_12.10_UNKNOWN_explorer_10]" classname="se.redmind.rmtest.selenium.example.RandomClass7(20150226-080250)" time="1.5413227"/>
<testcase name="random1[Ubuntu_12.10_UNKNOWN_opera_15]" classname="se.redmind.rmtest.selenium.example.RandomClass7(20150226-080250)" time="1.2028877"/>
<testcase name="random2[Android_4.4.4_HTC ONE_firefox_31]" classname="se.redmind.rmtest.selenium.example.RandomClass7(20150226-080250)" time="1.2621975"/>
<testcase name="random2[Android_4.4.4_HTC ONE_chrome_42]" classname="se.redmind.rmtest.selenium.example.RandomClass7(20150226-080250)" time="1.359567"/>
<testcase name="random2[Android_4.4.4_HTC ONE_explorer_10]" classname="se.redmind.rmtest.selenium.example.RandomClass7(20150226-080250)" time="1.847092"/>
<testcase name="random2[Android_4.4.4_HTC ONE_opera_15]" classname="se.redmind.rmtest.selenium.example.RandomClass7(20150226-080250)" time="1.0300883">
	<failure type="java.lang.AssertionError:">java.lang.AssertionError: null
		at org.junit.Assert.fail(Assert.java:86)
		at org.junit.Assert.assertTrue(Assert.java:41)
		at org.junit.Assert.assertTrue(Assert.java:52)
		at se.redmind.rmtest.selenium.example.CreateRandomRes3.random14(CreateRandomRes3.java:128)
	</failure>
</testcase>
<testcase name="random2[Android_5.1_Nexus 6_firefox_31]" classname="se.redmind.rmtest.selenium.example.RandomClass7(20150226-080250)" time="0.80693007">
	<failure type="java.lang.AssertionError:">java.lang.AssertionError: null
		at org.junit.Assert.fail(Assert.java:86)
		at org.junit.Assert.assertTrue(Assert.java:41)
		at org.junit.Assert.assertTrue(Assert.java:52)
		at se.redmind.rmtest.selenium.example.CreateRandomRes3.random14(CreateRandomRes3.java:128)
	</failure>
</testcase>
<testcase name="random2[Android_5.1_Nexus 6_chrome_42]" classname="se.redmind.rmtest.selenium.example.RandomClass7(20150226-080250)" time="1.0291766"/>
<testcase name="random2[Android_5.1_Nexus 6_explorer_10]" classname="se.redmind.rmtest.selenium.example.RandomClass7(20150226-080250)" time="1.1159146"/>
<testcase name="random2[Android_5.1_Nexus 6_opera_15]" classname="se.redmind.rmtest.selenium.example.RandomClass7(20150226-080250)" time="1.6846294"/>
<testcase name="random2[Android_4.4.4_Sony Experia Z3_firefox_31]" classname="se.redmind.rmtest.selenium.example.RandomClass7(20150226-080250)" time="1.7895569"/>
<testcase name="random2[Android_4.4.4_Sony Experia Z3_chrome_42]" classname="se.redmind.rmtest.selenium.example.RandomClass7(20150226-080250)" time="1.8242449"/>
<testcase name="random2[Android_4.4.4_Sony Experia Z3_explorer_10]" classname="se.redmind.rmtest.selenium.example.RandomClass7(20150226-080250)" time="1.1251849"/>
<testcase name="random2[Android_4.4.4_Sony Experia Z3_opera_15]" classname="se.redmind.rmtest.selenium.example.RandomClass7(20150226-080250)" time="1.3706857">
	<failure type="java.lang.AssertionError:">java.lang.AssertionError: null
		at org.junit.Assert.fail(Assert.java:86)
		at org.junit.Assert.assertTrue(Assert.java:41)
		at org.junit.Assert.assertTrue(Assert.java:52)
		at se.redmind.rmtest.selenium.example.CreateRandomRes3.random14(CreateRandomRes3.java:128)
	</failure>
</testcase>
<testcase name="random2[IOS_8.2_iPhone 6_firefox_31]" classname="se.redmind.rmtest.selenium.example.RandomClass7(20150226-080250)" time="0.2752329"/>
<testcase name="random2[IOS_8.2_iPhone 6_chrome_42]" classname="se.redmind.rmtest.selenium.example.RandomClass7(20150226-080250)" time="1.7890985">
	<failure type="java.lang.AssertionError:">java.lang.AssertionError: null
		at org.junit.Assert.fail(Assert.java:86)
		at org.junit.Assert.assertTrue(Assert.java:41)
		at org.junit.Assert.assertTrue(Assert.java:52)
		at se.redmind.rmtest.selenium.example.CreateRandomRes3.random14(CreateRandomRes3.java:128)
	</failure>
</testcase>
<testcase name="random2[IOS_8.2_iPhone 6_explorer_10]" classname="se.redmind.rmtest.selenium.example.RandomClass7(20150226-080250)" time="1.587331"/>
<testcase name="random2[IOS_8.2_iPhone 6_opera_15]" classname="se.redmind.rmtest.selenium.example.RandomClass7(20150226-080250)" time="1.6433626"/>
<testcase name="random2[IOS_4_iPhone 3Gs_firefox_31]" classname="se.redmind.rmtest.selenium.example.RandomClass7(20150226-080250)" time="1.7428738"/>
<testcase name="random2[IOS_4_iPhone 3Gs_chrome_42]" classname="se.redmind.rmtest.selenium.example.RandomClass7(20150226-080250)" time="0.4782114"/>
<testcase name="random2[IOS_4_iPhone 3Gs_explorer_10]" classname="se.redmind.rmtest.selenium.example.RandomClass7(20150226-080250)" time="1.700494"/>
<testcase name="random2[IOS_4_iPhone 3Gs_opera_15]" classname="se.redmind.rmtest.selenium.example.RandomClass7(20150226-080250)" time="1.359702"/>
<testcase name="random2[OSX_10.9.5_UNKNOWN_firefox_31]" classname="se.redmind.rmtest.selenium.example.RandomClass7(20150226-080250)" time="0.2540487"/>
<testcase name="random2[OSX_10.9.5_UNKNOWN_chrome_42]" classname="se.redmind.rmtest.selenium.example.RandomClass7(20150226-080250)" time="1.8548092"/>
<testcase name="random2[OSX_10.9.5_UNKNOWN_explorer_10]" classname="se.redmind.rmtest.selenium.example.RandomClass7(20150226-080250)" time="1.3906065"/>
<testcase name="random2[OSX_10.9.5_UNKNOWN_opera_15]" classname="se.redmind.rmtest.selenium.example.RandomClass7(20150226-080250)" time="1.8348128"/>
<testcase name="random2[Windows_8.1_UNKNOWN_firefox_31]" classname="se.redmind.rmtest.selenium.example.RandomClass7(20150226-080250)" time="0.8456048"/>
<testcase name="random2[Windows_8.1_UNKNOWN_chrome_42]" classname="se.redmind.rmtest.selenium.example.RandomClass7(20150226-080250)" time="1.7394633">
	<failure type="java.lang.AssertionError:">java.lang.AssertionError: null
		at org.junit.Assert.fail(Assert.java:86)
		at org.junit.Assert.assertTrue(Assert.java:41)
		at org.junit.Assert.assertTrue(Assert.java:52)
		at se.redmind.rmtest.selenium.example.CreateRandomRes3.random14(CreateRandomRes3.java:128)
	</failure>
</testcase>
<testcase name="random2[Windows_8.1_UNKNOWN_explorer_10]" classname="se.redmind.rmtest.selenium.example.RandomClass7(20150226-080250)" time="0.5933237">
	<failure type="java.lang.AssertionError:">java.lang.AssertionError: null
		at org.junit.Assert.fail(Assert.java:86)
		at org.junit.Assert.assertTrue(Assert.java:41)
		at org.junit.Assert.assertTrue(Assert.java:52)
		at se.redmind.rmtest.selenium.example.CreateRandomRes3.random14(CreateRandomRes3.java:128)
	</failure>
</testcase>
<testcase name="random2[Windows_8.1_UNKNOWN_opera_15]" classname="se.redmind.rmtest.selenium.example.RandomClass7(20150226-080250)" time="0.1762687"/>
<testcase name="random2[Windows_10_UNKNOWN_firefox_31]" classname="se.redmind.rmtest.selenium.example.RandomClass7(20150226-080250)" time="1.069344"/>
<testcase name="random2[Windows_10_UNKNOWN_chrome_42]" classname="se.redmind.rmtest.selenium.example.RandomClass7(20150226-080250)" time="0.22032821"/>
<testcase name="random2[Windows_10_UNKNOWN_explorer_10]" classname="se.redmind.rmtest.selenium.example.RandomClass7(20150226-080250)" time="0.5551888"/>
<testcase name="random2[Windows_10_UNKNOWN_opera_15]" classname="se.redmind.rmtest.selenium.example.RandomClass7(20150226-080250)" time="1.2244258"/>
<testcase name="random2[Ubuntu_14.04_UNKNOWN_firefox_31]" classname="se.redmind.rmtest.selenium.example.RandomClass7(20150226-080250)" time="1.7027593"/>
<testcase name="random2[Ubuntu_14.04_UNKNOWN_chrome_42]" classname="se.redmind.rmtest.selenium.example.RandomClass7(20150226-080250)" time="0.3790245"/>
<testcase name="random2[Ubuntu_14.04_UNKNOWN_explorer_10]" classname="se.redmind.rmtest.selenium.example.RandomClass7(20150226-080250)" time="0.39991713"/>
<testcase name="random2[Ubuntu_14.04_UNKNOWN_opera_15]" classname="se.redmind.rmtest.selenium.example.RandomClass7(20150226-080250)" time="1.1078235">
	<failure type="java.lang.AssertionError:">java.lang.AssertionError: null
		at org.junit.Assert.fail(Assert.java:86)
		at org.junit.Assert.assertTrue(Assert.java:41)
		at org.junit.Assert.assertTrue(Assert.java:52)
		at se.redmind.rmtest.selenium.example.CreateRandomRes3.random14(CreateRandomRes3.java:128)
	</failure>
</testcase>
<testcase name="random2[Ubuntu_12.10_UNKNOWN_firefox_31]" classname="se.redmind.rmtest.selenium.example.RandomClass7(20150226-080250)" time="0.15577781"/>
<testcase name="random2[Ubuntu_12.10_UNKNOWN_chrome_42]" classname="se.redmind.rmtest.selenium.example.RandomClass7(20150226-080250)" time="1.6136509"/>
<testcase name="random2[Ubuntu_12.10_UNKNOWN_explorer_10]" classname="se.redmind.rmtest.selenium.example.RandomClass7(20150226-080250)" time="0.31079054"/>
<testcase name="random2[Ubuntu_12.10_UNKNOWN_opera_15]" classname="se.redmind.rmtest.selenium.example.RandomClass7(20150226-080250)" time="0.12902677"/>
<testcase name="random3[Android_4.4.4_HTC ONE_firefox_31]" classname="se.redmind.rmtest.selenium.example.RandomClass7(20150226-080250)" time="0.72673726"/>
<testcase name="random3[Android_4.4.4_HTC ONE_chrome_42]" classname="se.redmind.rmtest.selenium.example.RandomClass7(20150226-080250)" time="1.2501848"/>
<testcase name="random3[Android_4.4.4_HTC ONE_explorer_10]" classname="se.redmind.rmtest.selenium.example.RandomClass7(20150226-080250)" time="1.5305074"/>
<testcase name="random3[Android_4.4.4_HTC ONE_opera_15]" classname="se.redmind.rmtest.selenium.example.RandomClass7(20150226-080250)" time="0.18495703"/>
<testcase name="random3[Android_5.1_Nexus 6_firefox_31]" classname="se.redmind.rmtest.selenium.example.RandomClass7(20150226-080250)" time="0.61459184"/>
<testcase name="random3[Android_5.1_Nexus 6_chrome_42]" classname="se.redmind.rmtest.selenium.example.RandomClass7(20150226-080250)" time="1.4829068">
	<error type="java.lang.AssertionError:">java.lang.AssertionError: null
		at org.junit.Assert.fail(Assert.java:86)
		at org.junit.Assert.assertTrue(Assert.java:41)
		at org.junit.Assert.assertTrue(Assert.java:52)
		at se.redmind.rmtest.selenium.example.CreateRandomRes3.random14(CreateRandomRes3.java:128)
	</error>
</testcase>
<testcase name="random3[Android_5.1_Nexus 6_explorer_10]" classname="se.redmind.rmtest.selenium.example.RandomClass7(20150226-080250)" time="1.309221"/>
<testcase name="random3[Android_5.1_Nexus 6_opera_15]" classname="se.redmind.rmtest.selenium.example.RandomClass7(20150226-080250)" time="0.56206226"/>
<testcase name="random3[Android_4.4.4_Sony Experia Z3_firefox_31]" classname="se.redmind.rmtest.selenium.example.RandomClass7(20150226-080250)" time="0.09443462"/>
<testcase name="random3[Android_4.4.4_Sony Experia Z3_chrome_42]" classname="se.redmind.rmtest.selenium.example.RandomClass7(20150226-080250)" time="1.5253307">
	<failure type="java.lang.AssertionError:">java.lang.AssertionError: null
		at org.junit.Assert.fail(Assert.java:86)
		at org.junit.Assert.assertTrue(Assert.java:41)
		at org.junit.Assert.assertTrue(Assert.java:52)
		at se.redmind.rmtest.selenium.example.CreateRandomRes3.random14(CreateRandomRes3.java:128)
	</failure>
</testcase>
<testcase name="random3[Android_4.4.4_Sony Experia Z3_explorer_10]" classname="se.redmind.rmtest.selenium.example.RandomClass7(20150226-080250)" time="1.0092525">
	<failure type="java.lang.AssertionError:">java.lang.AssertionError: null
		at org.junit.Assert.fail(Assert.java:86)
		at org.junit.Assert.assertTrue(Assert.java:41)
		at org.junit.Assert.assertTrue(Assert.java:52)
		at se.redmind.rmtest.selenium.example.CreateRandomRes3.random14(CreateRandomRes3.java:128)
	</failure>
</testcase>
<testcase name="random3[Android_4.4.4_Sony Experia Z3_opera_15]" classname="se.redmind.rmtest.selenium.example.RandomClass7(20150226-080250)" time="0.30792725"/>
<testcase name="random3[IOS_8.2_iPhone 6_firefox_31]" classname="se.redmind.rmtest.selenium.example.RandomClass7(20150226-080250)" time="0.31682062"/>
<testcase name="random3[IOS_8.2_iPhone 6_chrome_42]" classname="se.redmind.rmtest.selenium.example.RandomClass7(20150226-080250)" time="1.6707836"/>
<testcase name="random3[IOS_8.2_iPhone 6_explorer_10]" classname="se.redmind.rmtest.selenium.example.RandomClass7(20150226-080250)" time="0.58789897"/>
<testcase name="random3[IOS_8.2_iPhone 6_opera_15]" classname="se.redmind.rmtest.selenium.example.RandomClass7(20150226-080250)" time="1.3058963"/>
<testcase name="random3[IOS_4_iPhone 3Gs_firefox_31]" classname="se.redmind.rmtest.selenium.example.RandomClass7(20150226-080250)" time="1.3746754">
<skipped/>
</testcase>
<testcase name="random3[IOS_4_iPhone 3Gs_firefox_31]" classname="se.redmind.rmtest.selenium.example.RandomClass7(20150226-080250)" time="1.0799825"/>
<testcase name="random3[IOS_4_iPhone 3Gs_chrome_42]" classname="se.redmind.rmtest.selenium.example.RandomClass7(20150226-080250)" time="1.9663972">
<skipped/>
</testcase>
<testcase name="random3[IOS_4_iPhone 3Gs_chrome_42]" classname="se.redmind.rmtest.selenium.example.RandomClass7(20150226-080250)" time="0.28203547"/>
<testcase name="random3[IOS_4_iPhone 3Gs_explorer_10]" classname="se.redmind.rmtest.selenium.example.RandomClass7(20150226-080250)" time="1.0935788">
<skipped/>
</testcase>
<testcase name="random3[IOS_4_iPhone 3Gs_explorer_10]" classname="se.redmind.rmtest.selenium.example.RandomClass7(20150226-080250)" time="0.38793874"/>
<testcase name="random3[IOS_4_iPhone 3Gs_opera_15]" classname="se.redmind.rmtest.selenium.example.RandomClass7(20150226-080250)" time="0.099631906">
<skipped/>
</testcase>
<testcase name="random3[IOS_4_iPhone 3Gs_opera_15]" classname="se.redmind.rmtest.selenium.example.RandomClass7(20150226-080250)" time="0.21664739"/>
<testcase name="random3[OSX_10.9.5_UNKNOWN_firefox_31]" classname="se.redmind.rmtest.selenium.example.RandomClass7(20150226-080250)" time="1.2787077"/>
<testcase name="random3[OSX_10.9.5_UNKNOWN_chrome_42]" classname="se.redmind.rmtest.selenium.example.RandomClass7(20150226-080250)" time="1.2844005"/>
<testcase name="random3[OSX_10.9.5_UNKNOWN_explorer_10]" classname="se.redmind.rmtest.selenium.example.RandomClass7(20150226-080250)" time="1.0151534"/>
<testcase name="random3[OSX_10.9.5_UNKNOWN_opera_15]" classname="se.redmind.rmtest.selenium.example.RandomClass7(20150226-080250)" time="1.6820891"/>
<testcase name="random3[Windows_8.1_UNKNOWN_firefox_31]" classname="se.redmind.rmtest.selenium.example.RandomClass7(20150226-080250)" time="1.2612343E-4">
	<failure type="java.lang.AssertionError:">java.lang.AssertionError: null
		at org.junit.Assert.fail(Assert.java:86)
		at org.junit.Assert.assertTrue(Assert.java:41)
		at org.junit.Assert.assertTrue(Assert.java:52)
		at se.redmind.rmtest.selenium.example.CreateRandomRes3.random14(CreateRandomRes3.java:128)
	</failure>
</testcase>
<testcase name="random3[Windows_8.1_UNKNOWN_chrome_42]" classname="se.redmind.rmtest.selenium.example.RandomClass7(20150226-080250)" time="0.5011041"/>
<testcase name="random3[Windows_8.1_UNKNOWN_explorer_10]" classname="se.redmind.rmtest.selenium.example.RandomClass7(20150226-080250)" time="0.20580792"/>
<testcase name="random3[Windows_8.1_UNKNOWN_opera_15]" classname="se.redmind.rmtest.selenium.example.RandomClass7(20150226-080250)" time="0.27045894"/>
<testcase name="random3[Windows_10_UNKNOWN_firefox_31]" classname="se.redmind.rmtest.selenium.example.RandomClass7(20150226-080250)" time="0.12094474"/>
<testcase name="random3[Windows_10_UNKNOWN_chrome_42]" classname="se.redmind.rmtest.selenium.example.RandomClass7(20150226-080250)" time="1.1574802"/>
<testcase name="random3[Windows_10_UNKNOWN_explorer_10]" classname="se.redmind.rmtest.selenium.example.RandomClass7(20150226-080250)" time="1.8756216"/>
<testcase name="random3[Windows_10_UNKNOWN_opera_15]" classname="se.redmind.rmtest.selenium.example.RandomClass7(20150226-080250)" time="1.960693"/>
<testcase name="random3[Ubuntu_14.04_UNKNOWN_firefox_31]" classname="se.redmind.rmtest.selenium.example.RandomClass7(20150226-080250)" time="1.3517823"/>
<testcase name="random3[Ubuntu_14.04_UNKNOWN_chrome_42]" classname="se.redmind.rmtest.selenium.example.RandomClass7(20150226-080250)" time="1.1453612"/>
<testcase name="random3[Ubuntu_14.04_UNKNOWN_explorer_10]" classname="se.redmind.rmtest.selenium.example.RandomClass7(20150226-080250)" time="0.34585357"/>
<testcase name="random3[Ubuntu_14.04_UNKNOWN_opera_15]" classname="se.redmind.rmtest.selenium.example.RandomClass7(20150226-080250)" time="0.9679179"/>
<testcase name="random3[Ubuntu_12.10_UNKNOWN_firefox_31]" classname="se.redmind.rmtest.selenium.example.RandomClass7(20150226-080250)" time="0.8752711"/>
<testcase name="random3[Ubuntu_12.10_UNKNOWN_chrome_42]" classname="se.redmind.rmtest.selenium.example.RandomClass7(20150226-080250)" time="1.7857039"/>
<testcase name="random3[Ubuntu_12.10_UNKNOWN_explorer_10]" classname="se.redmind.rmtest.selenium.example.RandomClass7(20150226-080250)" time="1.5170797"/>
<testcase name="random3[Ubuntu_12.10_UNKNOWN_opera_15]" classname="se.redmind.rmtest.selenium.example.RandomClass7(20150226-080250)" time="0.46673608">
	<failure type="java.lang.AssertionError:">java.lang.AssertionError: null
		at org.junit.Assert.fail(Assert.java:86)
		at org.junit.Assert.assertTrue(Assert.java:41)
		at org.junit.Assert.assertTrue(Assert.java:52)
		at se.redmind.rmtest.selenium.example.CreateRandomRes3.random14(CreateRandomRes3.java:128)
	</failure>
</testcase>
<testcase name="random4[Android_4.4.4_HTC ONE_firefox_31]" classname="se.redmind.rmtest.selenium.example.RandomClass7(20150226-080250)" time="0.07120931"/>
<testcase name="random4[Android_4.4.4_HTC ONE_chrome_42]" classname="se.redmind.rmtest.selenium.example.RandomClass7(20150226-080250)" time="0.26984692"/>
<testcase name="random4[Android_4.4.4_HTC ONE_explorer_10]" classname="se.redmind.rmtest.selenium.example.RandomClass7(20150226-080250)" time="1.4690458"/>
<testcase name="random4[Android_4.4.4_HTC ONE_opera_15]" classname="se.redmind.rmtest.selenium.example.RandomClass7(20150226-080250)" time="0.8973559"/>
<testcase name="random4[Android_5.1_Nexus 6_firefox_31]" classname="se.redmind.rmtest.selenium.example.RandomClass7(20150226-080250)" time="0.7761438"/>
<testcase name="random4[Android_5.1_Nexus 6_chrome_42]" classname="se.redmind.rmtest.selenium.example.RandomClass7(20150226-080250)" time="0.84993947">
	<failure type="java.lang.AssertionError:">java.lang.AssertionError: null
		at org.junit.Assert.fail(Assert.java:86)
		at org.junit.Assert.assertTrue(Assert.java:41)
		at org.junit.Assert.assertTrue(Assert.java:52)
		at se.redmind.rmtest.selenium.example.CreateRandomRes3.random14(CreateRandomRes3.java:128)
	</failure>
</testcase>
<testcase name="random4[Android_5.1_Nexus 6_explorer_10]" classname="se.redmind.rmtest.selenium.example.RandomClass7(20150226-080250)" time="0.41814458"/>
<testcase name="random4[Android_5.1_Nexus 6_opera_15]" classname="se.redmind.rmtest.selenium.example.RandomClass7(20150226-080250)" time="1.8219982"/>
<testcase name="random4[Android_4.4.4_Sony Experia Z3_firefox_31]" classname="se.redmind.rmtest.selenium.example.RandomClass7(20150226-080250)" time="0.51090026">
	<error type="java.lang.AssertionError:">java.lang.AssertionError: null
		at org.junit.Assert.fail(Assert.java:86)
		at org.junit.Assert.assertTrue(Assert.java:41)
		at org.junit.Assert.assertTrue(Assert.java:52)
		at se.redmind.rmtest.selenium.example.CreateRandomRes3.random14(CreateRandomRes3.java:128)
	</error>
</testcase>
<testcase name="random4[Android_4.4.4_Sony Experia Z3_chrome_42]" classname="se.redmind.rmtest.selenium.example.RandomClass7(20150226-080250)" time="0.24088478"/>
<testcase name="random4[Android_4.4.4_Sony Experia Z3_explorer_10]" classname="se.redmind.rmtest.selenium.example.RandomClass7(20150226-080250)" time="0.57892525"/>
<testcase name="random4[Android_4.4.4_Sony Experia Z3_opera_15]" classname="se.redmind.rmtest.selenium.example.RandomClass7(20150226-080250)" time="1.9621116"/>
<testcase name="random4[IOS_8.2_iPhone 6_firefox_31]" classname="se.redmind.rmtest.selenium.example.RandomClass7(20150226-080250)" time="1.8021398"/>
<testcase name="random4[IOS_8.2_iPhone 6_chrome_42]" classname="se.redmind.rmtest.selenium.example.RandomClass7(20150226-080250)" time="0.018282175">
	<failure type="java.lang.AssertionError:">java.lang.AssertionError: null
		at org.junit.Assert.fail(Assert.java:86)
		at org.junit.Assert.assertTrue(Assert.java:41)
		at org.junit.Assert.assertTrue(Assert.java:52)
		at se.redmind.rmtest.selenium.example.CreateRandomRes3.random14(CreateRandomRes3.java:128)
	</failure>
</testcase>
<testcase name="random4[IOS_8.2_iPhone 6_explorer_10]" classname="se.redmind.rmtest.selenium.example.RandomClass7(20150226-080250)" time="0.04128599"/>
<testcase name="random4[IOS_8.2_iPhone 6_opera_15]" classname="se.redmind.rmtest.selenium.example.RandomClass7(20150226-080250)" time="0.69509387"/>
<testcase name="random4[IOS_4_iPhone 3Gs_firefox_31]" classname="se.redmind.rmtest.selenium.example.RandomClass7(20150226-080250)" time="1.2597642"/>
<testcase name="random4[IOS_4_iPhone 3Gs_chrome_42]" classname="se.redmind.rmtest.selenium.example.RandomClass7(20150226-080250)" time="0.955214"/>
<testcase name="random4[IOS_4_iPhone 3Gs_explorer_10]" classname="se.redmind.rmtest.selenium.example.RandomClass7(20150226-080250)" time="1.3464788"/>
<testcase name="random4[IOS_4_iPhone 3Gs_opera_15]" classname="se.redmind.rmtest.selenium.example.RandomClass7(20150226-080250)" time="0.37704253"/>
<testcase name="random4[OSX_10.9.5_UNKNOWN_firefox_31]" classname="se.redmind.rmtest.selenium.example.RandomClass7(20150226-080250)" time="1.1115568"/>
<testcase name="random4[OSX_10.9.5_UNKNOWN_chrome_42]" classname="se.redmind.rmtest.selenium.example.RandomClass7(20150226-080250)" time="0.14445996"/>
<testcase name="random4[OSX_10.9.5_UNKNOWN_explorer_10]" classname="se.redmind.rmtest.selenium.example.RandomClass7(20150226-080250)" time="1.2031631"/>
<testcase name="random4[OSX_10.9.5_UNKNOWN_opera_15]" classname="se.redmind.rmtest.selenium.example.RandomClass7(20150226-080250)" time="0.9646548"/>
<testcase name="random4[Windows_8.1_UNKNOWN_firefox_31]" classname="se.redmind.rmtest.selenium.example.RandomClass7(20150226-080250)" time="1.6267778"/>
<testcase name="random4[Windows_8.1_UNKNOWN_chrome_42]" classname="se.redmind.rmtest.selenium.example.RandomClass7(20150226-080250)" time="1.669555"/>
<testcase name="random4[Windows_8.1_UNKNOWN_explorer_10]" classname="se.redmind.rmtest.selenium.example.RandomClass7(20150226-080250)" time="1.3006082">
	<error type="java.lang.AssertionError:">java.lang.AssertionError: null
		at org.junit.Assert.fail(Assert.java:86)
		at org.junit.Assert.assertTrue(Assert.java:41)
		at org.junit.Assert.assertTrue(Assert.java:52)
		at se.redmind.rmtest.selenium.example.CreateRandomRes3.random14(CreateRandomRes3.java:128)
	</error>
</testcase>
<testcase name="random4[Windows_8.1_UNKNOWN_opera_15]" classname="se.redmind.rmtest.selenium.example.RandomClass7(20150226-080250)" time="1.0249499"/>
<testcase name="random4[Windows_10_UNKNOWN_firefox_31]" classname="se.redmind.rmtest.selenium.example.RandomClass7(20150226-080250)" time="1.4818567"/>
<testcase name="random4[Windows_10_UNKNOWN_chrome_42]" classname="se.redmind.rmtest.selenium.example.RandomClass7(20150226-080250)" time="0.9015397"/>
<testcase name="random4[Windows_10_UNKNOWN_explorer_10]" classname="se.redmind.rmtest.selenium.example.RandomClass7(20150226-080250)" time="1.5737231"/>
<testcase name="random4[Windows_10_UNKNOWN_opera_15]" classname="se.redmind.rmtest.selenium.example.RandomClass7(20150226-080250)" time="1.6970161"/>
<testcase name="random4[Ubuntu_14.04_UNKNOWN_firefox_31]" classname="se.redmind.rmtest.selenium.example.RandomClass7(20150226-080250)" time="1.5043799"/>
<testcase name="random4[Ubuntu_14.04_UNKNOWN_chrome_42]" classname="se.redmind.rmtest.selenium.example.RandomClass7(20150226-080250)" time="0.23409343"/>
<testcase name="random4[Ubuntu_14.04_UNKNOWN_explorer_10]" classname="se.redmind.rmtest.selenium.example.RandomClass7(20150226-080250)" time="0.4978944"/>
<testcase name="random4[Ubuntu_14.04_UNKNOWN_opera_15]" classname="se.redmind.rmtest.selenium.example.RandomClass7(20150226-080250)" time="0.2809732"/>
<testcase name="random4[Ubuntu_12.10_UNKNOWN_firefox_31]" classname="se.redmind.rmtest.selenium.example.RandomClass7(20150226-080250)" time="0.4562453"/>
<testcase name="random4[Ubuntu_12.10_UNKNOWN_chrome_42]" classname="se.redmind.rmtest.selenium.example.RandomClass7(20150226-080250)" time="0.87273157"/>
<testcase name="random4[Ubuntu_12.10_UNKNOWN_explorer_10]" classname="se.redmind.rmtest.selenium.example.RandomClass7(20150226-080250)" time="0.5215235">
	<failure type="java.lang.AssertionError:">java.lang.AssertionError: null
		at org.junit.Assert.fail(Assert.java:86)
		at org.junit.Assert.assertTrue(Assert.java:41)
		at org.junit.Assert.assertTrue(Assert.java:52)
		at se.redmind.rmtest.selenium.example.CreateRandomRes3.random14(CreateRandomRes3.java:128)
	</failure>
</testcase>
<testcase name="random4[Ubuntu_12.10_UNKNOWN_opera_15]" classname="se.redmind.rmtest.selenium.example.RandomClass7(20150226-080250)" time="0.04482782"/>
<testcase name="random1[Android_5.1_Nexus 6_firefox_31]" classname="se.redmind.rmtest.selenium.example.RandomClass8(20150226-080250)" time="1.7116386"/>
<testcase name="random1[Android_5.1_Nexus 6_chrome_42]" classname="se.redmind.rmtest.selenium.example.RandomClass8(20150226-080250)" time="1.0718805"/>
<testcase name="random1[Android_5.1_Nexus 6_explorer_10]" classname="se.redmind.rmtest.selenium.example.RandomClass8(20150226-080250)" time="1.2877775"/>
<testcase name="random1[Android_5.1_Nexus 6_opera_15]" classname="se.redmind.rmtest.selenium.example.RandomClass8(20150226-080250)" time="1.8681986"/>
<testcase name="random1[Android_2.3_VeiVei_firefox_31]" classname="se.redmind.rmtest.selenium.example.RandomClass8(20150226-080250)" time="0.75925016"/>
<testcase name="random1[Android_2.3_VeiVei_chrome_42]" classname="se.redmind.rmtest.selenium.example.RandomClass8(20150226-080250)" time="1.0942608"/>
<testcase name="random1[Android_2.3_VeiVei_explorer_10]" classname="se.redmind.rmtest.selenium.example.RandomClass8(20150226-080250)" time="1.6728032"/>
<testcase name="random1[Android_2.3_VeiVei_opera_15]" classname="se.redmind.rmtest.selenium.example.RandomClass8(20150226-080250)" time="1.821966"/>
<testcase name="random1[Android_4.4.4_Sony Experia Z3_firefox_31]" classname="se.redmind.rmtest.selenium.example.RandomClass8(20150226-080250)" time="1.2659823"/>
<testcase name="random1[Android_4.4.4_Sony Experia Z3_chrome_42]" classname="se.redmind.rmtest.selenium.example.RandomClass8(20150226-080250)" time="1.0624902"/>
<testcase name="random1[Android_4.4.4_Sony Experia Z3_explorer_10]" classname="se.redmind.rmtest.selenium.example.RandomClass8(20150226-080250)" time="1.5955434"/>
<testcase name="random1[Android_4.4.4_Sony Experia Z3_opera_15]" classname="se.redmind.rmtest.selenium.example.RandomClass8(20150226-080250)" time="0.65079343"/>
<testcase name="random1[IOS_8.2_iPhone 6_firefox_31]" classname="se.redmind.rmtest.selenium.example.RandomClass8(20150226-080250)" time="1.8839037"/>
<testcase name="random1[IOS_8.2_iPhone 6_chrome_42]" classname="se.redmind.rmtest.selenium.example.RandomClass8(20150226-080250)" time="1.8911002"/>
<testcase name="random1[IOS_8.2_iPhone 6_explorer_10]" classname="se.redmind.rmtest.selenium.example.RandomClass8(20150226-080250)" time="0.46603227">
	<failure type="java.lang.AssertionError:">java.lang.AssertionError: null
		at org.junit.Assert.fail(Assert.java:86)
		at org.junit.Assert.assertTrue(Assert.java:41)
		at org.junit.Assert.assertTrue(Assert.java:52)
		at se.redmind.rmtest.selenium.example.CreateRandomRes3.random14(CreateRandomRes3.java:128)
	</failure>
</testcase>
<testcase name="random1[IOS_8.2_iPhone 6_opera_15]" classname="se.redmind.rmtest.selenium.example.RandomClass8(20150226-080250)" time="1.8423238"/>
<testcase name="random1[IOS_4_iPhone 3Gs_firefox_31]" classname="se.redmind.rmtest.selenium.example.RandomClass8(20150226-080250)" time="0.48954678"/>
<testcase name="random1[IOS_4_iPhone 3Gs_chrome_42]" classname="se.redmind.rmtest.selenium.example.RandomClass8(20150226-080250)" time="1.2492436"/>
<testcase name="random1[IOS_4_iPhone 3Gs_explorer_10]" classname="se.redmind.rmtest.selenium.example.RandomClass8(20150226-080250)" time="0.074604034"/>
<testcase name="random1[IOS_4_iPhone 3Gs_opera_15]" classname="se.redmind.rmtest.selenium.example.RandomClass8(20150226-080250)" time="1.223426"/>
<testcase name="random1[OSX_10.9.5_UNKNOWN_firefox_31]" classname="se.redmind.rmtest.selenium.example.RandomClass8(20150226-080250)" time="0.87876534"/>
<testcase name="random1[OSX_10.9.5_UNKNOWN_chrome_42]" classname="se.redmind.rmtest.selenium.example.RandomClass8(20150226-080250)" time="0.14712036"/>
<testcase name="random1[OSX_10.9.5_UNKNOWN_explorer_10]" classname="se.redmind.rmtest.selenium.example.RandomClass8(20150226-080250)" time="0.49958026">
	<failure type="java.lang.AssertionError:">java.lang.AssertionError: null
		at org.junit.Assert.fail(Assert.java:86)
		at org.junit.Assert.assertTrue(Assert.java:41)
		at org.junit.Assert.assertTrue(Assert.java:52)
		at se.redmind.rmtest.selenium.example.CreateRandomRes3.random14(CreateRandomRes3.java:128)
	</failure>
</testcase>
<testcase name="random1[OSX_10.9.5_UNKNOWN_opera_15]" classname="se.redmind.rmtest.selenium.example.RandomClass8(20150226-080250)" time="1.9909934"/>
<testcase name="random1[Windows_8.1_UNKNOWN_firefox_31]" classname="se.redmind.rmtest.selenium.example.RandomClass8(20150226-080250)" time="0.94692945"/>
<testcase name="random1[Windows_8.1_UNKNOWN_chrome_42]" classname="se.redmind.rmtest.selenium.example.RandomClass8(20150226-080250)" time="0.07212329"/>
<testcase name="random1[Windows_8.1_UNKNOWN_explorer_10]" classname="se.redmind.rmtest.selenium.example.RandomClass8(20150226-080250)" time="0.70380855"/>
<testcase name="random1[Windows_8.1_UNKNOWN_opera_15]" classname="se.redmind.rmtest.selenium.example.RandomClass8(20150226-080250)" time="0.045122743"/>
<testcase name="random1[Windows_10_UNKNOWN_firefox_31]" classname="se.redmind.rmtest.selenium.example.RandomClass8(20150226-080250)" time="0.7743087">
	<failure type="java.lang.AssertionError:">java.lang.AssertionError: null
		at org.junit.Assert.fail(Assert.java:86)
		at org.junit.Assert.assertTrue(Assert.java:41)
		at org.junit.Assert.assertTrue(Assert.java:52)
		at se.redmind.rmtest.selenium.example.CreateRandomRes3.random14(CreateRandomRes3.java:128)
	</failure>
</testcase>
<testcase name="random1[Windows_10_UNKNOWN_chrome_42]" classname="se.redmind.rmtest.selenium.example.RandomClass8(20150226-080250)" time="1.8885452"/>
<testcase name="random1[Windows_10_UNKNOWN_explorer_10]" classname="se.redmind.rmtest.selenium.example.RandomClass8(20150226-080250)" time="0.042564034"/>
<testcase name="random1[Windows_10_UNKNOWN_opera_15]" classname="se.redmind.rmtest.selenium.example.RandomClass8(20150226-080250)" time="1.2078668">
	<failure type="java.lang.AssertionError:">java.lang.AssertionError: null
		at org.junit.Assert.fail(Assert.java:86)
		at org.junit.Assert.assertTrue(Assert.java:41)
		at org.junit.Assert.assertTrue(Assert.java:52)
		at se.redmind.rmtest.selenium.example.CreateRandomRes3.random14(CreateRandomRes3.java:128)
	</failure>
</testcase>
<testcase name="random1[Ubuntu_12.10_UNKNOWN_firefox_31]" classname="se.redmind.rmtest.selenium.example.RandomClass8(20150226-080250)" time="1.3238215"/>
<testcase name="random1[Ubuntu_12.10_UNKNOWN_chrome_42]" classname="se.redmind.rmtest.selenium.example.RandomClass8(20150226-080250)" time="0.58549154"/>
<testcase name="random1[Ubuntu_12.10_UNKNOWN_explorer_10]" classname="se.redmind.rmtest.selenium.example.RandomClass8(20150226-080250)" time="1.1809335"/>
<testcase name="random1[Ubuntu_12.10_UNKNOWN_opera_15]" classname="se.redmind.rmtest.selenium.example.RandomClass8(20150226-080250)" time="0.9661565"/>
<testcase name="random2[Android_5.1_Nexus 6_firefox_31]" classname="se.redmind.rmtest.selenium.example.RandomClass8(20150226-080250)" time="1.5904819"/>
<testcase name="random2[Android_5.1_Nexus 6_chrome_42]" classname="se.redmind.rmtest.selenium.example.RandomClass8(20150226-080250)" time="0.8155894"/>
<testcase name="random2[Android_5.1_Nexus 6_explorer_10]" classname="se.redmind.rmtest.selenium.example.RandomClass8(20150226-080250)" time="0.07446134"/>
<testcase name="random2[Android_5.1_Nexus 6_opera_15]" classname="se.redmind.rmtest.selenium.example.RandomClass8(20150226-080250)" time="1.2487803">
	<failure type="java.lang.AssertionError:">java.lang.AssertionError: null
		at org.junit.Assert.fail(Assert.java:86)
		at org.junit.Assert.assertTrue(Assert.java:41)
		at org.junit.Assert.assertTrue(Assert.java:52)
		at se.redmind.rmtest.selenium.example.CreateRandomRes3.random14(CreateRandomRes3.java:128)
	</failure>
</testcase>
<testcase name="random2[Android_2.3_VeiVei_firefox_31]" classname="se.redmind.rmtest.selenium.example.RandomClass8(20150226-080250)" time="0.7398838"/>
<testcase name="random2[Android_2.3_VeiVei_chrome_42]" classname="se.redmind.rmtest.selenium.example.RandomClass8(20150226-080250)" time="0.5594337">
	<failure type="java.lang.AssertionError:">java.lang.AssertionError: null
		at org.junit.Assert.fail(Assert.java:86)
		at org.junit.Assert.assertTrue(Assert.java:41)
		at org.junit.Assert.assertTrue(Assert.java:52)
		at se.redmind.rmtest.selenium.example.CreateRandomRes3.random14(CreateRandomRes3.java:128)
	</failure>
</testcase>
<testcase name="random2[Android_2.3_VeiVei_explorer_10]" classname="se.redmind.rmtest.selenium.example.RandomClass8(20150226-080250)" time="1.5777645"/>
<testcase name="random2[Android_2.3_VeiVei_opera_15]" classname="se.redmind.rmtest.selenium.example.RandomClass8(20150226-080250)" time="0.9277744"/>
<testcase name="random2[Android_4.4.4_Sony Experia Z3_firefox_31]" classname="se.redmind.rmtest.selenium.example.RandomClass8(20150226-080250)" time="1.6401813"/>
<testcase name="random2[Android_4.4.4_Sony Experia Z3_chrome_42]" classname="se.redmind.rmtest.selenium.example.RandomClass8(20150226-080250)" time="0.65096223"/>
<testcase name="random2[Android_4.4.4_Sony Experia Z3_explorer_10]" classname="se.redmind.rmtest.selenium.example.RandomClass8(20150226-080250)" time="0.8321847">
	<failure type="java.lang.AssertionError:">java.lang.AssertionError: null
		at org.junit.Assert.fail(Assert.java:86)
		at org.junit.Assert.assertTrue(Assert.java:41)
		at org.junit.Assert.assertTrue(Assert.java:52)
		at se.redmind.rmtest.selenium.example.CreateRandomRes3.random14(CreateRandomRes3.java:128)
	</failure>
</testcase>
<testcase name="random2[Android_4.4.4_Sony Experia Z3_opera_15]" classname="se.redmind.rmtest.selenium.example.RandomClass8(20150226-080250)" time="1.6366243"/>
<testcase name="random2[IOS_8.2_iPhone 6_firefox_31]" classname="se.redmind.rmtest.selenium.example.RandomClass8(20150226-080250)" time="0.7264435"/>
<testcase name="random2[IOS_8.2_iPhone 6_chrome_42]" classname="se.redmind.rmtest.selenium.example.RandomClass8(20150226-080250)" time="0.5574639"/>
<testcase name="random2[IOS_8.2_iPhone 6_explorer_10]" classname="se.redmind.rmtest.selenium.example.RandomClass8(20150226-080250)" time="0.13264763">
	<failure type="java.lang.AssertionError:">java.lang.AssertionError: null
		at org.junit.Assert.fail(Assert.java:86)
		at org.junit.Assert.assertTrue(Assert.java:41)
		at org.junit.Assert.assertTrue(Assert.java:52)
		at se.redmind.rmtest.selenium.example.CreateRandomRes3.random14(CreateRandomRes3.java:128)
	</failure>
</testcase>
<testcase name="random2[IOS_8.2_iPhone 6_opera_15]" classname="se.redmind.rmtest.selenium.example.RandomClass8(20150226-080250)" time="0.32334208"/>
<testcase name="random2[IOS_4_iPhone 3Gs_firefox_31]" classname="se.redmind.rmtest.selenium.example.RandomClass8(20150226-080250)" time="1.776752"/>
<testcase name="random2[IOS_4_iPhone 3Gs_chrome_42]" classname="se.redmind.rmtest.selenium.example.RandomClass8(20150226-080250)" time="0.32206082"/>
<testcase name="random2[IOS_4_iPhone 3Gs_explorer_10]" classname="se.redmind.rmtest.selenium.example.RandomClass8(20150226-080250)" time="0.11201453"/>
<testcase name="random2[IOS_4_iPhone 3Gs_opera_15]" classname="se.redmind.rmtest.selenium.example.RandomClass8(20150226-080250)" time="0.71018326"/>
<testcase name="random2[OSX_10.9.5_UNKNOWN_firefox_31]" classname="se.redmind.rmtest.selenium.example.RandomClass8(20150226-080250)" time="1.3265866"/>
<testcase name="random2[OSX_10.9.5_UNKNOWN_chrome_42]" classname="se.redmind.rmtest.selenium.example.RandomClass8(20150226-080250)" time="0.21078289"/>
<testcase name="random2[OSX_10.9.5_UNKNOWN_explorer_10]" classname="se.redmind.rmtest.selenium.example.RandomClass8(20150226-080250)" time="0.8856989"/>
<testcase name="random2[OSX_10.9.5_UNKNOWN_opera_15]" classname="se.redmind.rmtest.selenium.example.RandomClass8(20150226-080250)" time="1.2694942"/>
<testcase name="random2[Windows_8.1_UNKNOWN_firefox_31]" classname="se.redmind.rmtest.selenium.example.RandomClass8(20150226-080250)" time="0.029476881"/>
<testcase name="random2[Windows_8.1_UNKNOWN_chrome_42]" classname="se.redmind.rmtest.selenium.example.RandomClass8(20150226-080250)" time="0.9655304"/>
<testcase name="random2[Windows_8.1_UNKNOWN_explorer_10]" classname="se.redmind.rmtest.selenium.example.RandomClass8(20150226-080250)" time="1.833822"/>
<testcase name="random2[Windows_8.1_UNKNOWN_opera_15]" classname="se.redmind.rmtest.selenium.example.RandomClass8(20150226-080250)" time="0.17673814"/>
<testcase name="random2[Windows_10_UNKNOWN_firefox_31]" classname="se.redmind.rmtest.selenium.example.RandomClass8(20150226-080250)" time="1.1621733">
	<failure type="java.lang.AssertionError:">java.lang.AssertionError: null
		at org.junit.Assert.fail(Assert.java:86)
		at org.junit.Assert.assertTrue(Assert.java:41)
		at org.junit.Assert.assertTrue(Assert.java:52)
		at se.redmind.rmtest.selenium.example.CreateRandomRes3.random14(CreateRandomRes3.java:128)
	</failure>
</testcase>
<testcase name="random2[Windows_10_UNKNOWN_chrome_42]" classname="se.redmind.rmtest.selenium.example.RandomClass8(20150226-080250)" time="1.436322"/>
<testcase name="random2[Windows_10_UNKNOWN_explorer_10]" classname="se.redmind.rmtest.selenium.example.RandomClass8(20150226-080250)" time="0.907843"/>
<testcase name="random2[Windows_10_UNKNOWN_opera_15]" classname="se.redmind.rmtest.selenium.example.RandomClass8(20150226-080250)" time="1.6708683"/>
<testcase name="random2[Ubuntu_12.10_UNKNOWN_firefox_31]" classname="se.redmind.rmtest.selenium.example.RandomClass8(20150226-080250)" time="0.15356386">
	<failure type="java.lang.AssertionError:">java.lang.AssertionError: null
		at org.junit.Assert.fail(Assert.java:86)
		at org.junit.Assert.assertTrue(Assert.java:41)
		at org.junit.Assert.assertTrue(Assert.java:52)
		at se.redmind.rmtest.selenium.example.CreateRandomRes3.random14(CreateRandomRes3.java:128)
	</failure>
</testcase>
<testcase name="random2[Ubuntu_12.10_UNKNOWN_chrome_42]" classname="se.redmind.rmtest.selenium.example.RandomClass8(20150226-080250)" time="0.9909208">
	<failure type="java.lang.AssertionError:">java.lang.AssertionError: null
		at org.junit.Assert.fail(Assert.java:86)
		at org.junit.Assert.assertTrue(Assert.java:41)
		at org.junit.Assert.assertTrue(Assert.java:52)
		at se.redmind.rmtest.selenium.example.CreateRandomRes3.random14(CreateRandomRes3.java:128)
	</failure>
</testcase>
<testcase name="random2[Ubuntu_12.10_UNKNOWN_explorer_10]" classname="se.redmind.rmtest.selenium.example.RandomClass8(20150226-080250)" time="1.2607801"/>
<testcase name="random2[Ubuntu_12.10_UNKNOWN_opera_15]" classname="se.redmind.rmtest.selenium.example.RandomClass8(20150226-080250)" time="1.8579377"/>
<testcase name="random3[Android_5.1_Nexus 6_firefox_31]" classname="se.redmind.rmtest.selenium.example.RandomClass8(20150226-080250)" time="1.4498911"/>
<testcase name="random3[Android_5.1_Nexus 6_chrome_42]" classname="se.redmind.rmtest.selenium.example.RandomClass8(20150226-080250)" time="0.49591708"/>
<testcase name="random3[Android_5.1_Nexus 6_explorer_10]" classname="se.redmind.rmtest.selenium.example.RandomClass8(20150226-080250)" time="0.15842164"/>
<testcase name="random3[Android_5.1_Nexus 6_opera_15]" classname="se.redmind.rmtest.selenium.example.RandomClass8(20150226-080250)" time="0.8887025"/>
<testcase name="random3[Android_2.3_VeiVei_firefox_31]" classname="se.redmind.rmtest.selenium.example.RandomClass8(20150226-080250)" time="0.43983102"/>
<testcase name="random3[Android_2.3_VeiVei_chrome_42]" classname="se.redmind.rmtest.selenium.example.RandomClass8(20150226-080250)" time="1.8522391"/>
<testcase name="random3[Android_2.3_VeiVei_explorer_10]" classname="se.redmind.rmtest.selenium.example.RandomClass8(20150226-080250)" time="1.9259355"/>
<testcase name="random3[Android_2.3_VeiVei_opera_15]" classname="se.redmind.rmtest.selenium.example.RandomClass8(20150226-080250)" time="0.7449851"/>
<testcase name="random3[Android_4.4.4_Sony Experia Z3_firefox_31]" classname="se.redmind.rmtest.selenium.example.RandomClass8(20150226-080250)" time="0.5690894"/>
<testcase name="random3[Android_4.4.4_Sony Experia Z3_chrome_42]" classname="se.redmind.rmtest.selenium.example.RandomClass8(20150226-080250)" time="1.4696374"/>
<testcase name="random3[Android_4.4.4_Sony Experia Z3_explorer_10]" classname="se.redmind.rmtest.selenium.example.RandomClass8(20150226-080250)" time="1.6744065"/>
<testcase name="random3[Android_4.4.4_Sony Experia Z3_opera_15]" classname="se.redmind.rmtest.selenium.example.RandomClass8(20150226-080250)" time="0.87003267"/>
<testcase name="random3[IOS_8.2_iPhone 6_firefox_31]" classname="se.redmind.rmtest.selenium.example.RandomClass8(20150226-080250)" time="0.012470841"/>
<testcase name="random3[IOS_8.2_iPhone 6_chrome_42]" classname="se.redmind.rmtest.selenium.example.RandomClass8(20150226-080250)" time="0.07145965"/>
<testcase name="random3[IOS_8.2_iPhone 6_explorer_10]" classname="se.redmind.rmtest.selenium.example.RandomClass8(20150226-080250)" time="1.0599233"/>
<testcase name="random3[IOS_8.2_iPhone 6_opera_15]" classname="se.redmind.rmtest.selenium.example.RandomClass8(20150226-080250)" time="0.04471147"/>
<testcase name="random3[IOS_4_iPhone 3Gs_firefox_31]" classname="se.redmind.rmtest.selenium.example.RandomClass8(20150226-080250)" time="0.8236836">
<skipped/>
</testcase>
<testcase name="random3[IOS_4_iPhone 3Gs_firefox_31]" classname="se.redmind.rmtest.selenium.example.RandomClass8(20150226-080250)" time="1.7588274"/>
<testcase name="random3[IOS_4_iPhone 3Gs_chrome_42]" classname="se.redmind.rmtest.selenium.example.RandomClass8(20150226-080250)" time="1.6412867">
<skipped/>
</testcase>
<testcase name="random3[IOS_4_iPhone 3Gs_chrome_42]" classname="se.redmind.rmtest.selenium.example.RandomClass8(20150226-080250)" time="1.9435747"/>
<testcase name="random3[IOS_4_iPhone 3Gs_explorer_10]" classname="se.redmind.rmtest.selenium.example.RandomClass8(20150226-080250)" time="1.0345203">
<skipped/>
</testcase>
<testcase name="random3[IOS_4_iPhone 3Gs_explorer_10]" classname="se.redmind.rmtest.selenium.example.RandomClass8(20150226-080250)" time="0.23356235">
	<failure type="java.lang.AssertionError:">java.lang.AssertionError: null
		at org.junit.Assert.fail(Assert.java:86)
		at org.junit.Assert.assertTrue(Assert.java:41)
		at org.junit.Assert.assertTrue(Assert.java:52)
		at se.redmind.rmtest.selenium.example.CreateRandomRes3.random14(CreateRandomRes3.java:128)
	</failure>
</testcase>
<testcase name="random3[IOS_4_iPhone 3Gs_opera_15]" classname="se.redmind.rmtest.selenium.example.RandomClass8(20150226-080250)" time="0.13014877">
<skipped/>
</testcase>
<testcase name="random3[IOS_4_iPhone 3Gs_opera_15]" classname="se.redmind.rmtest.selenium.example.RandomClass8(20150226-080250)" time="0.8846313">
	<failure type="java.lang.AssertionError:">java.lang.AssertionError: null
		at org.junit.Assert.fail(Assert.java:86)
		at org.junit.Assert.assertTrue(Assert.java:41)
		at org.junit.Assert.assertTrue(Assert.java:52)
		at se.redmind.rmtest.selenium.example.CreateRandomRes3.random14(CreateRandomRes3.java:128)
	</failure>
</testcase>
<testcase name="random3[OSX_10.9.5_UNKNOWN_firefox_31]" classname="se.redmind.rmtest.selenium.example.RandomClass8(20150226-080250)" time="0.38439763"/>
<testcase name="random3[OSX_10.9.5_UNKNOWN_chrome_42]" classname="se.redmind.rmtest.selenium.example.RandomClass8(20150226-080250)" time="1.8124478">
	<failure type="java.lang.AssertionError:">java.lang.AssertionError: null
		at org.junit.Assert.fail(Assert.java:86)
		at org.junit.Assert.assertTrue(Assert.java:41)
		at org.junit.Assert.assertTrue(Assert.java:52)
		at se.redmind.rmtest.selenium.example.CreateRandomRes3.random14(CreateRandomRes3.java:128)
	</failure>
</testcase>
<testcase name="random3[OSX_10.9.5_UNKNOWN_explorer_10]" classname="se.redmind.rmtest.selenium.example.RandomClass8(20150226-080250)" time="1.462914"/>
<testcase name="random3[OSX_10.9.5_UNKNOWN_opera_15]" classname="se.redmind.rmtest.selenium.example.RandomClass8(20150226-080250)" time="1.952785"/>
<testcase name="random3[Windows_8.1_UNKNOWN_firefox_31]" classname="se.redmind.rmtest.selenium.example.RandomClass8(20150226-080250)" time="1.9672672"/>
<testcase name="random3[Windows_8.1_UNKNOWN_chrome_42]" classname="se.redmind.rmtest.selenium.example.RandomClass8(20150226-080250)" time="0.029084086"/>
<testcase name="random3[Windows_8.1_UNKNOWN_explorer_10]" classname="se.redmind.rmtest.selenium.example.RandomClass8(20150226-080250)" time="0.123464584"/>
<testcase name="random3[Windows_8.1_UNKNOWN_opera_15]" classname="se.redmind.rmtest.selenium.example.RandomClass8(20150226-080250)" time="1.5506694"/>
<testcase name="random3[Windows_10_UNKNOWN_firefox_31]" classname="se.redmind.rmtest.selenium.example.RandomClass8(20150226-080250)" time="0.06663537"/>
<testcase name="random3[Windows_10_UNKNOWN_chrome_42]" classname="se.redmind.rmtest.selenium.example.RandomClass8(20150226-080250)" time="1.4508237">
	<failure type="java.lang.AssertionError:">java.lang.AssertionError: null
		at org.junit.Assert.fail(Assert.java:86)
		at org.junit.Assert.assertTrue(Assert.java:41)
		at org.junit.Assert.assertTrue(Assert.java:52)
		at se.redmind.rmtest.selenium.example.CreateRandomRes3.random14(CreateRandomRes3.java:128)
	</failure>
</testcase>
<testcase name="random3[Windows_10_UNKNOWN_explorer_10]" classname="se.redmind.rmtest.selenium.example.RandomClass8(20150226-080250)" time="1.476757"/>
<testcase name="random3[Windows_10_UNKNOWN_opera_15]" classname="se.redmind.rmtest.selenium.example.RandomClass8(20150226-080250)" time="0.682122"/>
<testcase name="random3[Ubuntu_12.10_UNKNOWN_firefox_31]" classname="se.redmind.rmtest.selenium.example.RandomClass8(20150226-080250)" time="0.3667885"/>
<testcase name="random3[Ubuntu_12.10_UNKNOWN_chrome_42]" classname="se.redmind.rmtest.selenium.example.RandomClass8(20150226-080250)" time="1.7836213"/>
<testcase name="random3[Ubuntu_12.10_UNKNOWN_explorer_10]" classname="se.redmind.rmtest.selenium.example.RandomClass8(20150226-080250)" time="0.94991493"/>
<testcase name="random3[Ubuntu_12.10_UNKNOWN_opera_15]" classname="se.redmind.rmtest.selenium.example.RandomClass8(20150226-080250)" time="1.5329574"/>
<testcase name="random4[Android_5.1_Nexus 6_firefox_31]" classname="se.redmind.rmtest.selenium.example.RandomClass8(20150226-080250)" time="0.12676072"/>
<testcase name="random4[Android_5.1_Nexus 6_chrome_42]" classname="se.redmind.rmtest.selenium.example.RandomClass8(20150226-080250)" time="1.1555802"/>
<testcase name="random4[Android_5.1_Nexus 6_explorer_10]" classname="se.redmind.rmtest.selenium.example.RandomClass8(20150226-080250)" time="1.6164664"/>
<testcase name="random4[Android_5.1_Nexus 6_opera_15]" classname="se.redmind.rmtest.selenium.example.RandomClass8(20150226-080250)" time="0.9980967"/>
<testcase name="random4[Android_2.3_VeiVei_firefox_31]" classname="se.redmind.rmtest.selenium.example.RandomClass8(20150226-080250)" time="1.7874659"/>
<testcase name="random4[Android_2.3_VeiVei_chrome_42]" classname="se.redmind.rmtest.selenium.example.RandomClass8(20150226-080250)" time="1.5829052">
	<error type="java.lang.AssertionError:">java.lang.AssertionError: null
		at org.junit.Assert.fail(Assert.java:86)
		at org.junit.Assert.assertTrue(Assert.java:41)
		at org.junit.Assert.assertTrue(Assert.java:52)
		at se.redmind.rmtest.selenium.example.CreateRandomRes3.random14(CreateRandomRes3.java:128)
	</error>
</testcase>
<testcase name="random4[Android_2.3_VeiVei_explorer_10]" classname="se.redmind.rmtest.selenium.example.RandomClass8(20150226-080250)" time="0.28429842"/>
<testcase name="random4[Android_2.3_VeiVei_opera_15]" classname="se.redmind.rmtest.selenium.example.RandomClass8(20150226-080250)" time="1.3719877">
	<failure type="java.lang.AssertionError:">java.lang.AssertionError: null
		at org.junit.Assert.fail(Assert.java:86)
		at org.junit.Assert.assertTrue(Assert.java:41)
		at org.junit.Assert.assertTrue(Assert.java:52)
		at se.redmind.rmtest.selenium.example.CreateRandomRes3.random14(CreateRandomRes3.java:128)
	</failure>
</testcase>
<testcase name="random4[Android_4.4.4_Sony Experia Z3_firefox_31]" classname="se.redmind.rmtest.selenium.example.RandomClass8(20150226-080250)" time="1.8038697"/>
<testcase name="random4[Android_4.4.4_Sony Experia Z3_chrome_42]" classname="se.redmind.rmtest.selenium.example.RandomClass8(20150226-080250)" time="1.8836322"/>
<testcase name="random4[Android_4.4.4_Sony Experia Z3_explorer_10]" classname="se.redmind.rmtest.selenium.example.RandomClass8(20150226-080250)" time="0.6045426">
	<failure type="java.lang.AssertionError:">java.lang.AssertionError: null
		at org.junit.Assert.fail(Assert.java:86)
		at org.junit.Assert.assertTrue(Assert.java:41)
		at org.junit.Assert.assertTrue(Assert.java:52)
		at se.redmind.rmtest.selenium.example.CreateRandomRes3.random14(CreateRandomRes3.java:128)
	</failure>
</testcase>
<testcase name="random4[Android_4.4.4_Sony Experia Z3_opera_15]" classname="se.redmind.rmtest.selenium.example.RandomClass8(20150226-080250)" time="1.335421"/>
<testcase name="random4[IOS_8.2_iPhone 6_firefox_31]" classname="se.redmind.rmtest.selenium.example.RandomClass8(20150226-080250)" time="0.9081888"/>
<testcase name="random4[IOS_8.2_iPhone 6_chrome_42]" classname="se.redmind.rmtest.selenium.example.RandomClass8(20150226-080250)" time="1.0957352"/>
<testcase name="random4[IOS_8.2_iPhone 6_explorer_10]" classname="se.redmind.rmtest.selenium.example.RandomClass8(20150226-080250)" time="0.3590536"/>
<testcase name="random4[IOS_8.2_iPhone 6_opera_15]" classname="se.redmind.rmtest.selenium.example.RandomClass8(20150226-080250)" time="1.9390012">
	<failure type="java.lang.AssertionError:">java.lang.AssertionError: null
		at org.junit.Assert.fail(Assert.java:86)
		at org.junit.Assert.assertTrue(Assert.java:41)
		at org.junit.Assert.assertTrue(Assert.java:52)
		at se.redmind.rmtest.selenium.example.CreateRandomRes3.random14(CreateRandomRes3.java:128)
	</failure>
</testcase>
<testcase name="random4[IOS_4_iPhone 3Gs_firefox_31]" classname="se.redmind.rmtest.selenium.example.RandomClass8(20150226-080250)" time="0.8759712"/>
<testcase name="random4[IOS_4_iPhone 3Gs_chrome_42]" classname="se.redmind.rmtest.selenium.example.RandomClass8(20150226-080250)" time="0.57795537"/>
<testcase name="random4[IOS_4_iPhone 3Gs_explorer_10]" classname="se.redmind.rmtest.selenium.example.RandomClass8(20150226-080250)" time="1.4588616"/>
<testcase name="random4[IOS_4_iPhone 3Gs_opera_15]" classname="se.redmind.rmtest.selenium.example.RandomClass8(20150226-080250)" time="0.28161323">
	<failure type="java.lang.AssertionError:">java.lang.AssertionError: null
		at org.junit.Assert.fail(Assert.java:86)
		at org.junit.Assert.assertTrue(Assert.java:41)
		at org.junit.Assert.assertTrue(Assert.java:52)
		at se.redmind.rmtest.selenium.example.CreateRandomRes3.random14(CreateRandomRes3.java:128)
	</failure>
</testcase>
<testcase name="random4[OSX_10.9.5_UNKNOWN_firefox_31]" classname="se.redmind.rmtest.selenium.example.RandomClass8(20150226-080250)" time="1.0827411"/>
<testcase name="random4[OSX_10.9.5_UNKNOWN_chrome_42]" classname="se.redmind.rmtest.selenium.example.RandomClass8(20150226-080250)" time="0.85889566"/>
<testcase name="random4[OSX_10.9.5_UNKNOWN_explorer_10]" classname="se.redmind.rmtest.selenium.example.RandomClass8(20150226-080250)" time="0.41458857"/>
<testcase name="random4[OSX_10.9.5_UNKNOWN_opera_15]" classname="se.redmind.rmtest.selenium.example.RandomClass8(20150226-080250)" time="0.9482024"/>
<testcase name="random4[Windows_8.1_UNKNOWN_firefox_31]" classname="se.redmind.rmtest.selenium.example.RandomClass8(20150226-080250)" time="1.6967481"/>
<testcase name="random4[Windows_8.1_UNKNOWN_chrome_42]" classname="se.redmind.rmtest.selenium.example.RandomClass8(20150226-080250)" time="1.0870154"/>
<testcase name="random4[Windows_8.1_UNKNOWN_explorer_10]" classname="se.redmind.rmtest.selenium.example.RandomClass8(20150226-080250)" time="0.08565009"/>
<testcase name="random4[Windows_8.1_UNKNOWN_opera_15]" classname="se.redmind.rmtest.selenium.example.RandomClass8(20150226-080250)" time="0.22923088"/>
<testcase name="random4[Windows_10_UNKNOWN_firefox_31]" classname="se.redmind.rmtest.selenium.example.RandomClass8(20150226-080250)" time="1.4363719"/>
<testcase name="random4[Windows_10_UNKNOWN_chrome_42]" classname="se.redmind.rmtest.selenium.example.RandomClass8(20150226-080250)" time="1.2536675"/>
<testcase name="random4[Windows_10_UNKNOWN_explorer_10]" classname="se.redmind.rmtest.selenium.example.RandomClass8(20150226-080250)" time="1.5497205"/>
<testcase name="random4[Windows_10_UNKNOWN_opera_15]" classname="se.redmind.rmtest.selenium.example.RandomClass8(20150226-080250)" time="1.2308344"/>
<testcase name="random4[Ubuntu_12.10_UNKNOWN_firefox_31]" classname="se.redmind.rmtest.selenium.example.RandomClass8(20150226-080250)" time="0.37173104"/>
<testcase name="random4[Ubuntu_12.10_UNKNOWN_chrome_42]" classname="se.redmind.rmtest.selenium.example.RandomClass8(20150226-080250)" time="1.5676738"/>
<testcase name="random4[Ubuntu_12.10_UNKNOWN_explorer_10]" classname="se.redmind.rmtest.selenium.example.RandomClass8(20150226-080250)" time="0.18154371"/>
<testcase name="random4[Ubuntu_12.10_UNKNOWN_opera_15]" classname="se.redmind.rmtest.selenium.example.RandomClass8(20150226-080250)" time="1.868016"/>
<testcase name="random1[Android_5.1_Nexus 6_firefox_31]" classname="se.redmind.rmtest.selenium.example.RandomClass9(20150226-080250)" time="1.3702422"/>
<testcase name="random1[Android_5.1_Nexus 6_chrome_42]" classname="se.redmind.rmtest.selenium.example.RandomClass9(20150226-080250)" time="1.2576334">
	<failure type="java.lang.AssertionError:">java.lang.AssertionError: null
		at org.junit.Assert.fail(Assert.java:86)
		at org.junit.Assert.assertTrue(Assert.java:41)
		at org.junit.Assert.assertTrue(Assert.java:52)
		at se.redmind.rmtest.selenium.example.CreateRandomRes3.random14(CreateRandomRes3.java:128)
	</failure>
</testcase>
<testcase name="random1[Android_5.1_Nexus 6_explorer_10]" classname="se.redmind.rmtest.selenium.example.RandomClass9(20150226-080250)" time="1.4209806"/>
<testcase name="random1[Android_5.1_Nexus 6_opera_15]" classname="se.redmind.rmtest.selenium.example.RandomClass9(20150226-080250)" time="0.7646817">
	<failure type="java.lang.AssertionError:">java.lang.AssertionError: null
		at org.junit.Assert.fail(Assert.java:86)
		at org.junit.Assert.assertTrue(Assert.java:41)
		at org.junit.Assert.assertTrue(Assert.java:52)
		at se.redmind.rmtest.selenium.example.CreateRandomRes3.random14(CreateRandomRes3.java:128)
	</failure>
</testcase>
<testcase name="random1[Android_2.3_VeiVei_firefox_31]" classname="se.redmind.rmtest.selenium.example.RandomClass9(20150226-080250)" time="0.16656435">
	<failure type="java.lang.AssertionError:">java.lang.AssertionError: null
		at org.junit.Assert.fail(Assert.java:86)
		at org.junit.Assert.assertTrue(Assert.java:41)
		at org.junit.Assert.assertTrue(Assert.java:52)
		at se.redmind.rmtest.selenium.example.CreateRandomRes3.random14(CreateRandomRes3.java:128)
	</failure>
</testcase>
<testcase name="random1[Android_2.3_VeiVei_chrome_42]" classname="se.redmind.rmtest.selenium.example.RandomClass9(20150226-080250)" time="1.616002"/>
<testcase name="random1[Android_2.3_VeiVei_explorer_10]" classname="se.redmind.rmtest.selenium.example.RandomClass9(20150226-080250)" time="0.89094496"/>
<testcase name="random1[Android_2.3_VeiVei_opera_15]" classname="se.redmind.rmtest.selenium.example.RandomClass9(20150226-080250)" time="0.32765186"/>
<testcase name="random1[Android_4.4.4_Sony Experia Z3_firefox_31]" classname="se.redmind.rmtest.selenium.example.RandomClass9(20150226-080250)" time="1.2928464"/>
<testcase name="random1[Android_4.4.4_Sony Experia Z3_chrome_42]" classname="se.redmind.rmtest.selenium.example.RandomClass9(20150226-080250)" time="0.045930505"/>
<testcase name="random1[Android_4.4.4_Sony Experia Z3_explorer_10]" classname="se.redmind.rmtest.selenium.example.RandomClass9(20150226-080250)" time="1.4580442"/>
<testcase name="random1[Android_4.4.4_Sony Experia Z3_opera_15]" classname="se.redmind.rmtest.selenium.example.RandomClass9(20150226-080250)" time="0.7796453"/>
<testcase name="random1[IOS_8.2_iPhone 6_firefox_31]" classname="se.redmind.rmtest.selenium.example.RandomClass9(20150226-080250)" time="0.93983436"/>
<testcase name="random1[IOS_8.2_iPhone 6_chrome_42]" classname="se.redmind.rmtest.selenium.example.RandomClass9(20150226-080250)" time="1.5452914"/>
<testcase name="random1[IOS_8.2_iPhone 6_explorer_10]" classname="se.redmind.rmtest.selenium.example.RandomClass9(20150226-080250)" time="0.4971454"/>
<testcase name="random1[IOS_8.2_iPhone 6_opera_15]" classname="se.redmind.rmtest.selenium.example.RandomClass9(20150226-080250)" time="0.4136473">
	<failure type="java.lang.AssertionError:">java.lang.AssertionError: null
		at org.junit.Assert.fail(Assert.java:86)
		at org.junit.Assert.assertTrue(Assert.java:41)
		at org.junit.Assert.assertTrue(Assert.java:52)
		at se.redmind.rmtest.selenium.example.CreateRandomRes3.random14(CreateRandomRes3.java:128)
	</failure>
</testcase>
<testcase name="random1[IOS_4_iPhone 3Gs_firefox_31]" classname="se.redmind.rmtest.selenium.example.RandomClass9(20150226-080250)" time="1.0586382">
	<failure type="java.lang.AssertionError:">java.lang.AssertionError: null
		at org.junit.Assert.fail(Assert.java:86)
		at org.junit.Assert.assertTrue(Assert.java:41)
		at org.junit.Assert.assertTrue(Assert.java:52)
		at se.redmind.rmtest.selenium.example.CreateRandomRes3.random14(CreateRandomRes3.java:128)
	</failure>
</testcase>
<testcase name="random1[IOS_4_iPhone 3Gs_chrome_42]" classname="se.redmind.rmtest.selenium.example.RandomClass9(20150226-080250)" time="0.65658617"/>
<testcase name="random1[IOS_4_iPhone 3Gs_explorer_10]" classname="se.redmind.rmtest.selenium.example.RandomClass9(20150226-080250)" time="1.0269161"/>
<testcase name="random1[IOS_4_iPhone 3Gs_opera_15]" classname="se.redmind.rmtest.selenium.example.RandomClass9(20150226-080250)" time="0.15027559"/>
<testcase name="random1[OSX_10.9.5_UNKNOWN_firefox_31]" classname="se.redmind.rmtest.selenium.example.RandomClass9(20150226-080250)" time="0.7591603"/>
<testcase name="random1[OSX_10.9.5_UNKNOWN_chrome_42]" classname="se.redmind.rmtest.selenium.example.RandomClass9(20150226-080250)" time="1.2861205"/>
<testcase name="random1[OSX_10.9.5_UNKNOWN_explorer_10]" classname="se.redmind.rmtest.selenium.example.RandomClass9(20150226-080250)" time="0.04133284"/>
<testcase name="random1[OSX_10.9.5_UNKNOWN_opera_15]" classname="se.redmind.rmtest.selenium.example.RandomClass9(20150226-080250)" time="0.6641679"/>
<testcase name="random1[Windows_8.1_UNKNOWN_firefox_31]" classname="se.redmind.rmtest.selenium.example.RandomClass9(20150226-080250)" time="0.39840257"/>
<testcase name="random1[Windows_8.1_UNKNOWN_chrome_42]" classname="se.redmind.rmtest.selenium.example.RandomClass9(20150226-080250)" time="1.81461"/>
<testcase name="random1[Windows_8.1_UNKNOWN_explorer_10]" classname="se.redmind.rmtest.selenium.example.RandomClass9(20150226-080250)" time="0.18473601"/>
<testcase name="random1[Windows_8.1_UNKNOWN_opera_15]" classname="se.redmind.rmtest.selenium.example.RandomClass9(20150226-080250)" time="0.53936815"/>
<testcase name="random1[Ubuntu_14.04_UNKNOWN_firefox_31]" classname="se.redmind.rmtest.selenium.example.RandomClass9(20150226-080250)" time="0.5216334">
	<failure type="java.lang.AssertionError:">java.lang.AssertionError: null
		at org.junit.Assert.fail(Assert.java:86)
		at org.junit.Assert.assertTrue(Assert.java:41)
		at org.junit.Assert.assertTrue(Assert.java:52)
		at se.redmind.rmtest.selenium.example.CreateRandomRes3.random14(CreateRandomRes3.java:128)
	</failure>
</testcase>
<testcase name="random1[Ubuntu_14.04_UNKNOWN_chrome_42]" classname="se.redmind.rmtest.selenium.example.RandomClass9(20150226-080250)" time="1.0848674">
	<failure type="java.lang.AssertionError:">java.lang.AssertionError: null
		at org.junit.Assert.fail(Assert.java:86)
		at org.junit.Assert.assertTrue(Assert.java:41)
		at org.junit.Assert.assertTrue(Assert.java:52)
		at se.redmind.rmtest.selenium.example.CreateRandomRes3.random14(CreateRandomRes3.java:128)
	</failure>
</testcase>
<testcase name="random1[Ubuntu_14.04_UNKNOWN_explorer_10]" classname="se.redmind.rmtest.selenium.example.RandomClass9(20150226-080250)" time="1.7403023"/>
<testcase name="random1[Ubuntu_14.04_UNKNOWN_opera_15]" classname="se.redmind.rmtest.selenium.example.RandomClass9(20150226-080250)" time="1.8321998"/>
<testcase name="random1[Ubuntu_12.10_UNKNOWN_firefox_31]" classname="se.redmind.rmtest.selenium.example.RandomClass9(20150226-080250)" time="1.716367"/>
<testcase name="random1[Ubuntu_12.10_UNKNOWN_chrome_42]" classname="se.redmind.rmtest.selenium.example.RandomClass9(20150226-080250)" time="1.9427217"/>
<testcase name="random1[Ubuntu_12.10_UNKNOWN_explorer_10]" classname="se.redmind.rmtest.selenium.example.RandomClass9(20150226-080250)" time="0.64988005"/>
<testcase name="random1[Ubuntu_12.10_UNKNOWN_opera_15]" classname="se.redmind.rmtest.selenium.example.RandomClass9(20150226-080250)" time="1.413693"/>
<testcase name="random2[Android_5.1_Nexus 6_firefox_31]" classname="se.redmind.rmtest.selenium.example.RandomClass9(20150226-080250)" time="1.5866576"/>
<testcase name="random2[Android_5.1_Nexus 6_chrome_42]" classname="se.redmind.rmtest.selenium.example.RandomClass9(20150226-080250)" time="1.2727532"/>
<testcase name="random2[Android_5.1_Nexus 6_explorer_10]" classname="se.redmind.rmtest.selenium.example.RandomClass9(20150226-080250)" time="0.62704575">
	<failure type="java.lang.AssertionError:">java.lang.AssertionError: null
		at org.junit.Assert.fail(Assert.java:86)
		at org.junit.Assert.assertTrue(Assert.java:41)
		at org.junit.Assert.assertTrue(Assert.java:52)
		at se.redmind.rmtest.selenium.example.CreateRandomRes3.random14(CreateRandomRes3.java:128)
	</failure>
</testcase>
<testcase name="random2[Android_5.1_Nexus 6_opera_15]" classname="se.redmind.rmtest.selenium.example.RandomClass9(20150226-080250)" time="0.7272978"/>
<testcase name="random2[Android_2.3_VeiVei_firefox_31]" classname="se.redmind.rmtest.selenium.example.RandomClass9(20150226-080250)" time="1.6508569"/>
<testcase name="random2[Android_2.3_VeiVei_chrome_42]" classname="se.redmind.rmtest.selenium.example.RandomClass9(20150226-080250)" time="1.757198"/>
<testcase name="random2[Android_2.3_VeiVei_explorer_10]" classname="se.redmind.rmtest.selenium.example.RandomClass9(20150226-080250)" time="1.3400825"/>
<testcase name="random2[Android_2.3_VeiVei_opera_15]" classname="se.redmind.rmtest.selenium.example.RandomClass9(20150226-080250)" time="1.0339266"/>
<testcase name="random2[Android_4.4.4_Sony Experia Z3_firefox_31]" classname="se.redmind.rmtest.selenium.example.RandomClass9(20150226-080250)" time="0.8933054"/>
<testcase name="random2[Android_4.4.4_Sony Experia Z3_chrome_42]" classname="se.redmind.rmtest.selenium.example.RandomClass9(20150226-080250)" time="0.52813876"/>
<testcase name="random2[Android_4.4.4_Sony Experia Z3_explorer_10]" classname="se.redmind.rmtest.selenium.example.RandomClass9(20150226-080250)" time="0.61061025"/>
<testcase name="random2[Android_4.4.4_Sony Experia Z3_opera_15]" classname="se.redmind.rmtest.selenium.example.RandomClass9(20150226-080250)" time="1.8114612"/>
<testcase name="random2[IOS_8.2_iPhone 6_firefox_31]" classname="se.redmind.rmtest.selenium.example.RandomClass9(20150226-080250)" time="0.9852623"/>
<testcase name="random2[IOS_8.2_iPhone 6_chrome_42]" classname="se.redmind.rmtest.selenium.example.RandomClass9(20150226-080250)" time="0.3889506">
	<failure type="java.lang.AssertionError:">java.lang.AssertionError: null
		at org.junit.Assert.fail(Assert.java:86)
		at org.junit.Assert.assertTrue(Assert.java:41)
		at org.junit.Assert.assertTrue(Assert.java:52)
		at se.redmind.rmtest.selenium.example.CreateRandomRes3.random14(CreateRandomRes3.java:128)
	</failure>
</testcase>
<testcase name="random2[IOS_8.2_iPhone 6_explorer_10]" classname="se.redmind.rmtest.selenium.example.RandomClass9(20150226-080250)" time="0.2998519"/>
<testcase name="random2[IOS_8.2_iPhone 6_opera_15]" classname="se.redmind.rmtest.selenium.example.RandomClass9(20150226-080250)" time="0.8620814">
	<failure type="java.lang.AssertionError:">java.lang.AssertionError: null
		at org.junit.Assert.fail(Assert.java:86)
		at org.junit.Assert.assertTrue(Assert.java:41)
		at org.junit.Assert.assertTrue(Assert.java:52)
		at se.redmind.rmtest.selenium.example.CreateRandomRes3.random14(CreateRandomRes3.java:128)
	</failure>
</testcase>
<testcase name="random2[IOS_4_iPhone 3Gs_firefox_31]" classname="se.redmind.rmtest.selenium.example.RandomClass9(20150226-080250)" time="1.5643908"/>
<testcase name="random2[IOS_4_iPhone 3Gs_chrome_42]" classname="se.redmind.rmtest.selenium.example.RandomClass9(20150226-080250)" time="1.633484">
	<failure type="java.lang.AssertionError:">java.lang.AssertionError: null
		at org.junit.Assert.fail(Assert.java:86)
		at org.junit.Assert.assertTrue(Assert.java:41)
		at org.junit.Assert.assertTrue(Assert.java:52)
		at se.redmind.rmtest.selenium.example.CreateRandomRes3.random14(CreateRandomRes3.java:128)
	</failure>
</testcase>
<testcase name="random2[IOS_4_iPhone 3Gs_explorer_10]" classname="se.redmind.rmtest.selenium.example.RandomClass9(20150226-080250)" time="0.24162185"/>
<testcase name="random2[IOS_4_iPhone 3Gs_opera_15]" classname="se.redmind.rmtest.selenium.example.RandomClass9(20150226-080250)" time="0.51420784">
	<failure type="java.lang.AssertionError:">java.lang.AssertionError: null
		at org.junit.Assert.fail(Assert.java:86)
		at org.junit.Assert.assertTrue(Assert.java:41)
		at org.junit.Assert.assertTrue(Assert.java:52)
		at se.redmind.rmtest.selenium.example.CreateRandomRes3.random14(CreateRandomRes3.java:128)
	</failure>
</testcase>
<testcase name="random2[OSX_10.9.5_UNKNOWN_firefox_31]" classname="se.redmind.rmtest.selenium.example.RandomClass9(20150226-080250)" time="0.39336276">
	<failure type="java.lang.AssertionError:">java.lang.AssertionError: null
		at org.junit.Assert.fail(Assert.java:86)
		at org.junit.Assert.assertTrue(Assert.java:41)
		at org.junit.Assert.assertTrue(Assert.java:52)
		at se.redmind.rmtest.selenium.example.CreateRandomRes3.random14(CreateRandomRes3.java:128)
	</failure>
</testcase>
<testcase name="random2[OSX_10.9.5_UNKNOWN_chrome_42]" classname="se.redmind.rmtest.selenium.example.RandomClass9(20150226-080250)" time="0.08853209">
	<failure type="java.lang.AssertionError:">java.lang.AssertionError: null
		at org.junit.Assert.fail(Assert.java:86)
		at org.junit.Assert.assertTrue(Assert.java:41)
		at org.junit.Assert.assertTrue(Assert.java:52)
		at se.redmind.rmtest.selenium.example.CreateRandomRes3.random14(CreateRandomRes3.java:128)
	</failure>
</testcase>
<testcase name="random2[OSX_10.9.5_UNKNOWN_explorer_10]" classname="se.redmind.rmtest.selenium.example.RandomClass9(20150226-080250)" time="0.97473013"/>
<testcase name="random2[OSX_10.9.5_UNKNOWN_opera_15]" classname="se.redmind.rmtest.selenium.example.RandomClass9(20150226-080250)" time="1.4260042"/>
<testcase name="random2[Windows_8.1_UNKNOWN_firefox_31]" classname="se.redmind.rmtest.selenium.example.RandomClass9(20150226-080250)" time="0.2996528"/>
<testcase name="random2[Windows_8.1_UNKNOWN_chrome_42]" classname="se.redmind.rmtest.selenium.example.RandomClass9(20150226-080250)" time="1.3766515"/>
<testcase name="random2[Windows_8.1_UNKNOWN_explorer_10]" classname="se.redmind.rmtest.selenium.example.RandomClass9(20150226-080250)" time="1.0955185"/>
<testcase name="random2[Windows_8.1_UNKNOWN_opera_15]" classname="se.redmind.rmtest.selenium.example.RandomClass9(20150226-080250)" time="0.007743597"/>
<testcase name="random2[Ubuntu_14.04_UNKNOWN_firefox_31]" classname="se.redmind.rmtest.selenium.example.RandomClass9(20150226-080250)" time="0.3021456"/>
<testcase name="random2[Ubuntu_14.04_UNKNOWN_chrome_42]" classname="se.redmind.rmtest.selenium.example.RandomClass9(20150226-080250)" time="1.0796567"/>
<testcase name="random2[Ubuntu_14.04_UNKNOWN_explorer_10]" classname="se.redmind.rmtest.selenium.example.RandomClass9(20150226-080250)" time="0.48183882"/>
<testcase name="random2[Ubuntu_14.04_UNKNOWN_opera_15]" classname="se.redmind.rmtest.selenium.example.RandomClass9(20150226-080250)" time="0.30724478"/>
<testcase name="random2[Ubuntu_12.10_UNKNOWN_firefox_31]" classname="se.redmind.rmtest.selenium.example.RandomClass9(20150226-080250)" time="0.30486023"/>
<testcase name="random2[Ubuntu_12.10_UNKNOWN_chrome_42]" classname="se.redmind.rmtest.selenium.example.RandomClass9(20150226-080250)" time="0.1684426"/>
<testcase name="random2[Ubuntu_12.10_UNKNOWN_explorer_10]" classname="se.redmind.rmtest.selenium.example.RandomClass9(20150226-080250)" time="1.3490217"/>
<testcase name="random2[Ubuntu_12.10_UNKNOWN_opera_15]" classname="se.redmind.rmtest.selenium.example.RandomClass9(20150226-080250)" time="1.283253"/>
<testcase name="random3[Android_5.1_Nexus 6_firefox_31]" classname="se.redmind.rmtest.selenium.example.RandomClass9(20150226-080250)" time="1.9080617"/>
<testcase name="random3[Android_5.1_Nexus 6_chrome_42]" classname="se.redmind.rmtest.selenium.example.RandomClass9(20150226-080250)" time="0.638868"/>
<testcase name="random3[Android_5.1_Nexus 6_explorer_10]" classname="se.redmind.rmtest.selenium.example.RandomClass9(20150226-080250)" time="1.6867944"/>
<testcase name="random3[Android_5.1_Nexus 6_opera_15]" classname="se.redmind.rmtest.selenium.example.RandomClass9(20150226-080250)" time="0.50238895"/>
<testcase name="random3[Android_2.3_VeiVei_firefox_31]" classname="se.redmind.rmtest.selenium.example.RandomClass9(20150226-080250)" time="1.8834343"/>
<testcase name="random3[Android_2.3_VeiVei_chrome_42]" classname="se.redmind.rmtest.selenium.example.RandomClass9(20150226-080250)" time="0.59494674"/>
<testcase name="random3[Android_2.3_VeiVei_explorer_10]" classname="se.redmind.rmtest.selenium.example.RandomClass9(20150226-080250)" time="0.8401425"/>
<testcase name="random3[Android_2.3_VeiVei_opera_15]" classname="se.redmind.rmtest.selenium.example.RandomClass9(20150226-080250)" time="1.0097522"/>
<testcase name="random3[Android_4.4.4_Sony Experia Z3_firefox_31]" classname="se.redmind.rmtest.selenium.example.RandomClass9(20150226-080250)" time="1.207095"/>
<testcase name="random3[Android_4.4.4_Sony Experia Z3_chrome_42]" classname="se.redmind.rmtest.selenium.example.RandomClass9(20150226-080250)" time="1.1077458"/>
<testcase name="random3[Android_4.4.4_Sony Experia Z3_explorer_10]" classname="se.redmind.rmtest.selenium.example.RandomClass9(20150226-080250)" time="1.3448963"/>
<testcase name="random3[Android_4.4.4_Sony Experia Z3_opera_15]" classname="se.redmind.rmtest.selenium.example.RandomClass9(20150226-080250)" time="1.0403236"/>
<testcase name="random3[IOS_8.2_iPhone 6_firefox_31]" classname="se.redmind.rmtest.selenium.example.RandomClass9(20150226-080250)" time="0.8228278"/>
<testcase name="random3[IOS_8.2_iPhone 6_chrome_42]" classname="se.redmind.rmtest.selenium.example.RandomClass9(20150226-080250)" time="1.1076156"/>
<testcase name="random3[IOS_8.2_iPhone 6_explorer_10]" classname="se.redmind.rmtest.selenium.example.RandomClass9(20150226-080250)" time="1.6003767"/>
<testcase name="random3[IOS_8.2_iPhone 6_opera_15]" classname="se.redmind.rmtest.selenium.example.RandomClass9(20150226-080250)" time="0.4977424"/>
<testcase name="random3[IOS_4_iPhone 3Gs_firefox_31]" classname="se.redmind.rmtest.selenium.example.RandomClass9(20150226-080250)" time="1.1184007">
<skipped/>
</testcase>
<testcase name="random3[IOS_4_iPhone 3Gs_firefox_31]" classname="se.redmind.rmtest.selenium.example.RandomClass9(20150226-080250)" time="1.7157685"/>
<testcase name="random3[IOS_4_iPhone 3Gs_chrome_42]" classname="se.redmind.rmtest.selenium.example.RandomClass9(20150226-080250)" time="1.3584027">
<skipped/>
</testcase>
<testcase name="random3[IOS_4_iPhone 3Gs_chrome_42]" classname="se.redmind.rmtest.selenium.example.RandomClass9(20150226-080250)" time="0.01808095"/>
<testcase name="random3[IOS_4_iPhone 3Gs_explorer_10]" classname="se.redmind.rmtest.selenium.example.RandomClass9(20150226-080250)" time="1.9116886">
<skipped/>
</testcase>
<testcase name="random3[IOS_4_iPhone 3Gs_explorer_10]" classname="se.redmind.rmtest.selenium.example.RandomClass9(20150226-080250)" time="0.044071317"/>
<testcase name="random3[IOS_4_iPhone 3Gs_opera_15]" classname="se.redmind.rmtest.selenium.example.RandomClass9(20150226-080250)" time="1.2705576">
<skipped/>
</testcase>
<testcase name="random3[IOS_4_iPhone 3Gs_opera_15]" classname="se.redmind.rmtest.selenium.example.RandomClass9(20150226-080250)" time="0.1658014"/>
<testcase name="random3[OSX_10.9.5_UNKNOWN_firefox_31]" classname="se.redmind.rmtest.selenium.example.RandomClass9(20150226-080250)" time="0.6545224"/>
<testcase name="random3[OSX_10.9.5_UNKNOWN_chrome_42]" classname="se.redmind.rmtest.selenium.example.RandomClass9(20150226-080250)" time="0.7378714">
	<failure type="java.lang.AssertionError:">java.lang.AssertionError: null
		at org.junit.Assert.fail(Assert.java:86)
		at org.junit.Assert.assertTrue(Assert.java:41)
		at org.junit.Assert.assertTrue(Assert.java:52)
		at se.redmind.rmtest.selenium.example.CreateRandomRes3.random14(CreateRandomRes3.java:128)
	</failure>
</testcase>
<testcase name="random3[OSX_10.9.5_UNKNOWN_explorer_10]" classname="se.redmind.rmtest.selenium.example.RandomClass9(20150226-080250)" time="1.055637"/>
<testcase name="random3[OSX_10.9.5_UNKNOWN_opera_15]" classname="se.redmind.rmtest.selenium.example.RandomClass9(20150226-080250)" time="1.0636874"/>
<testcase name="random3[Windows_8.1_UNKNOWN_firefox_31]" classname="se.redmind.rmtest.selenium.example.RandomClass9(20150226-080250)" time="0.7664119"/>
<testcase name="random3[Windows_8.1_UNKNOWN_chrome_42]" classname="se.redmind.rmtest.selenium.example.RandomClass9(20150226-080250)" time="0.11637521"/>
<testcase name="random3[Windows_8.1_UNKNOWN_explorer_10]" classname="se.redmind.rmtest.selenium.example.RandomClass9(20150226-080250)" time="1.583069"/>
<testcase name="random3[Windows_8.1_UNKNOWN_opera_15]" classname="se.redmind.rmtest.selenium.example.RandomClass9(20150226-080250)" time="0.75235176"/>
<testcase name="random3[Ubuntu_14.04_UNKNOWN_firefox_31]" classname="se.redmind.rmtest.selenium.example.RandomClass9(20150226-080250)" time="1.1919183"/>
<testcase name="random3[Ubuntu_14.04_UNKNOWN_chrome_42]" classname="se.redmind.rmtest.selenium.example.RandomClass9(20150226-080250)" time="1.2556258">
	<failure type="java.lang.AssertionError:">java.lang.AssertionError: null
		at org.junit.Assert.fail(Assert.java:86)
		at org.junit.Assert.assertTrue(Assert.java:41)
		at org.junit.Assert.assertTrue(Assert.java:52)
		at se.redmind.rmtest.selenium.example.CreateRandomRes3.random14(CreateRandomRes3.java:128)
	</failure>
</testcase>
<testcase name="random3[Ubuntu_14.04_UNKNOWN_explorer_10]" classname="se.redmind.rmtest.selenium.example.RandomClass9(20150226-080250)" time="0.8671292"/>
<testcase name="random3[Ubuntu_14.04_UNKNOWN_opera_15]" classname="se.redmind.rmtest.selenium.example.RandomClass9(20150226-080250)" time="1.0537221"/>
<testcase name="random3[Ubuntu_12.10_UNKNOWN_firefox_31]" classname="se.redmind.rmtest.selenium.example.RandomClass9(20150226-080250)" time="1.5115469"/>
<testcase name="random3[Ubuntu_12.10_UNKNOWN_chrome_42]" classname="se.redmind.rmtest.selenium.example.RandomClass9(20150226-080250)" time="1.7081178"/>
<testcase name="random3[Ubuntu_12.10_UNKNOWN_explorer_10]" classname="se.redmind.rmtest.selenium.example.RandomClass9(20150226-080250)" time="1.9649155"/>
<testcase name="random3[Ubuntu_12.10_UNKNOWN_opera_15]" classname="se.redmind.rmtest.selenium.example.RandomClass9(20150226-080250)" time="1.8339665"/>
<testcase name="random4[Android_5.1_Nexus 6_firefox_31]" classname="se.redmind.rmtest.selenium.example.RandomClass9(20150226-080250)" time="0.15484917"/>
<testcase name="random4[Android_5.1_Nexus 6_chrome_42]" classname="se.redmind.rmtest.selenium.example.RandomClass9(20150226-080250)" time="1.1684253"/>
<testcase name="random4[Android_5.1_Nexus 6_explorer_10]" classname="se.redmind.rmtest.selenium.example.RandomClass9(20150226-080250)" time="0.49316525"/>
<testcase name="random4[Android_5.1_Nexus 6_opera_15]" classname="se.redmind.rmtest.selenium.example.RandomClass9(20150226-080250)" time="0.49843085"/>
<testcase name="random4[Android_2.3_VeiVei_firefox_31]" classname="se.redmind.rmtest.selenium.example.RandomClass9(20150226-080250)" time="0.48965013"/>
<testcase name="random4[Android_2.3_VeiVei_chrome_42]" classname="se.redmind.rmtest.selenium.example.RandomClass9(20150226-080250)" time="1.7809056"/>
<testcase name="random4[Android_2.3_VeiVei_explorer_10]" classname="se.redmind.rmtest.selenium.example.RandomClass9(20150226-080250)" time="0.62908924"/>
<testcase name="random4[Android_2.3_VeiVei_opera_15]" classname="se.redmind.rmtest.selenium.example.RandomClass9(20150226-080250)" time="0.7973577"/>
<testcase name="random4[Android_4.4.4_Sony Experia Z3_firefox_31]" classname="se.redmind.rmtest.selenium.example.RandomClass9(20150226-080250)" time="1.8437306"/>
<testcase name="random4[Android_4.4.4_Sony Experia Z3_chrome_42]" classname="se.redmind.rmtest.selenium.example.RandomClass9(20150226-080250)" time="0.5784899"/>
<testcase name="random4[Android_4.4.4_Sony Experia Z3_explorer_10]" classname="se.redmind.rmtest.selenium.example.RandomClass9(20150226-080250)" time="1.500916"/>
<testcase name="random4[Android_4.4.4_Sony Experia Z3_opera_15]" classname="se.redmind.rmtest.selenium.example.RandomClass9(20150226-080250)" time="1.6886635"/>
<testcase name="random4[IOS_8.2_iPhone 6_firefox_31]" classname="se.redmind.rmtest.selenium.example.RandomClass9(20150226-080250)" time="0.33566296"/>
<testcase name="random4[IOS_8.2_iPhone 6_chrome_42]" classname="se.redmind.rmtest.selenium.example.RandomClass9(20150226-080250)" time="1.7377414"/>
<testcase name="random4[IOS_8.2_iPhone 6_explorer_10]" classname="se.redmind.rmtest.selenium.example.RandomClass9(20150226-080250)" time="0.79402447"/>
<testcase name="random4[IOS_8.2_iPhone 6_opera_15]" classname="se.redmind.rmtest.selenium.example.RandomClass9(20150226-080250)" time="0.5581354"/>
<testcase name="random4[IOS_4_iPhone 3Gs_firefox_31]" classname="se.redmind.rmtest.selenium.example.RandomClass9(20150226-080250)" time="0.57487535"/>
<testcase name="random4[IOS_4_iPhone 3Gs_chrome_42]" classname="se.redmind.rmtest.selenium.example.RandomClass9(20150226-080250)" time="0.123153925"/>
<testcase name="random4[IOS_4_iPhone 3Gs_explorer_10]" classname="se.redmind.rmtest.selenium.example.RandomClass9(20150226-080250)" time="0.18136716"/>
<testcase name="random4[IOS_4_iPhone 3Gs_opera_15]" classname="se.redmind.rmtest.selenium.example.RandomClass9(20150226-080250)" time="0.17067182"/>
<testcase name="random4[OSX_10.9.5_UNKNOWN_firefox_31]" classname="se.redmind.rmtest.selenium.example.RandomClass9(20150226-080250)" time="1.3295206">
	<failure type="java.lang.AssertionError:">java.lang.AssertionError: null
		at org.junit.Assert.fail(Assert.java:86)
		at org.junit.Assert.assertTrue(Assert.java:41)
		at org.junit.Assert.assertTrue(Assert.java:52)
		at se.redmind.rmtest.selenium.example.CreateRandomRes3.random14(CreateRandomRes3.java:128)
	</failure>
</testcase>
<testcase name="random4[OSX_10.9.5_UNKNOWN_chrome_42]" classname="se.redmind.rmtest.selenium.example.RandomClass9(20150226-080250)" time="0.7651093"/>
<testcase name="random4[OSX_10.9.5_UNKNOWN_explorer_10]" classname="se.redmind.rmtest.selenium.example.RandomClass9(20150226-080250)" time="1.2395883">
	<failure type="java.lang.AssertionError:">java.lang.AssertionError: null
		at org.junit.Assert.fail(Assert.java:86)
		at org.junit.Assert.assertTrue(Assert.java:41)
		at org.junit.Assert.assertTrue(Assert.java:52)
		at se.redmind.rmtest.selenium.example.CreateRandomRes3.random14(CreateRandomRes3.java:128)
	</failure>
</testcase>
<testcase name="random4[OSX_10.9.5_UNKNOWN_opera_15]" classname="se.redmind.rmtest.selenium.example.RandomClass9(20150226-080250)" time="0.9108608"/>
<testcase name="random4[Windows_8.1_UNKNOWN_firefox_31]" classname="se.redmind.rmtest.selenium.example.RandomClass9(20150226-080250)" time="0.4680804"/>
<testcase name="random4[Windows_8.1_UNKNOWN_chrome_42]" classname="se.redmind.rmtest.selenium.example.RandomClass9(20150226-080250)" time="0.7605437"/>
<testcase name="random4[Windows_8.1_UNKNOWN_explorer_10]" classname="se.redmind.rmtest.selenium.example.RandomClass9(20150226-080250)" time="0.3076557"/>
<testcase name="random4[Windows_8.1_UNKNOWN_opera_15]" classname="se.redmind.rmtest.selenium.example.RandomClass9(20150226-080250)" time="1.4003556"/>
<testcase name="random4[Ubuntu_14.04_UNKNOWN_firefox_31]" classname="se.redmind.rmtest.selenium.example.RandomClass9(20150226-080250)" time="1.1773367"/>
<testcase name="random4[Ubuntu_14.04_UNKNOWN_chrome_42]" classname="se.redmind.rmtest.selenium.example.RandomClass9(20150226-080250)" time="1.7459505"/>
<testcase name="random4[Ubuntu_14.04_UNKNOWN_explorer_10]" classname="se.redmind.rmtest.selenium.example.RandomClass9(20150226-080250)" time="1.7526754"/>
<testcase name="random4[Ubuntu_14.04_UNKNOWN_opera_15]" classname="se.redmind.rmtest.selenium.example.RandomClass9(20150226-080250)" time="1.9949784"/>
<testcase name="random4[Ubuntu_12.10_UNKNOWN_firefox_31]" classname="se.redmind.rmtest.selenium.example.RandomClass9(20150226-080250)" time="0.82024145"/>
<testcase name="random4[Ubuntu_12.10_UNKNOWN_chrome_42]" classname="se.redmind.rmtest.selenium.example.RandomClass9(20150226-080250)" time="0.4898969"/>
<testcase name="random4[Ubuntu_12.10_UNKNOWN_explorer_10]" classname="se.redmind.rmtest.selenium.example.RandomClass9(20150226-080250)" time="1.6941427">
	<failure type="java.lang.AssertionError:">java.lang.AssertionError: null
		at org.junit.Assert.fail(Assert.java:86)
		at org.junit.Assert.assertTrue(Assert.java:41)
		at org.junit.Assert.assertTrue(Assert.java:52)
		at se.redmind.rmtest.selenium.example.CreateRandomRes3.random14(CreateRandomRes3.java:128)
	</failure>
</testcase>
<testcase name="random4[Ubuntu_12.10_UNKNOWN_opera_15]" classname="se.redmind.rmtest.selenium.example.RandomClass9(20150226-080250)" time="0.0721277"/>
</testsuite>