<?xml version="1.0" encoding="UTF-8"?>
<testsuite name="test.java.se.aftonbladet.mobile.MobileTests(20150220-060049)" time="443.918" tests="42" errors="13" skipped="0" failures="8">
  <properties>
    <property name="java.runtime.name" value="Java(TM) SE Runtime Environment"/>
    <property name="sun.boot.library.path" value="/Library/Java/JavaVirtualMachines/jdk1.7.0_67.jdk/Contents/Home/jre/lib"/>
    <property name="java.vm.version" value="24.65-b04"/>
    <property name="user.country.format" value="SE"/>
    <property name="gopherProxySet" value="false"/>
    <property name="java.vm.vendor" value="Oracle Corporation"/>
    <property name="java.vendor.url" value="http://java.oracle.com/"/>
    <property name="path.separator" value=":"/>
    <property name="guice.disable.misplaced.annotation.check" value="true"/>
    <property name="java.vm.name" value="Java HotSpot(TM) 64-Bit Server VM"/>
    <property name="file.encoding.pkg" value="sun.io"/>
    <property name="user.country" value="US"/>
    <property name="sun.java.launcher" value="SUN_STANDARD"/>
    <property name="sun.os.patch.level" value="unknown"/>
    <property name="java.vm.specification.name" value="Java Virtual Machine Specification"/>
    <property name="user.dir" value="/Users/testrunner/GIT/ABTest"/>
    <property name="java.runtime.version" value="1.7.0_67-b01"/>
    <property name="java.awt.graphicsenv" value="sun.awt.CGraphicsEnvironment"/>
    <property name="java.endorsed.dirs" value="/Library/Java/JavaVirtualMachines/jdk1.7.0_67.jdk/Contents/Home/jre/lib/endorsed"/>
    <property name="os.arch" value="x86_64"/>
    <property name="java.io.tmpdir" value="/var/folders/8c/cf9vy24j2vddy3l0bwj1y2g00000gn/T/"/>
    <property name="line.separator" value="&#10;"/>
    <property name="java.vm.specification.vendor" value="Oracle Corporation"/>
    <property name="os.name" value="Mac OS X"/>
    <property name="classworlds.conf" value="/usr/local/Cellar/maven/3.2.3/libexec/bin/m2.conf"/>
    <property name="sun.jnu.encoding" value="UTF-8"/>
    <property name="java.library.path" value="/Users/testrunner/Library/Java/Extensions:/Library/Java/Extensions:/Network/Library/Java/Extensions:/System/Library/Java/Extensions:/usr/lib/java:."/>
    <property name="java.specification.name" value="Java Platform API Specification"/>
    <property name="java.class.version" value="51.0"/>
    <property name="sun.management.compiler" value="HotSpot 64-Bit Tiered Compilers"/>
    <property name="os.version" value="10.10.2"/>
    <property name="http.nonProxyHosts" value="local|*.local|169.254/16|*.169.254/16"/>
    <property name="user.home" value="/Users/testrunner"/>
    <property name="user.timezone" value="Europe/Stockholm"/>
    <property name="java.awt.printerjob" value="sun.lwawt.macosx.CPrinterJob"/>
    <property name="java.specification.version" value="1.7"/>
    <property name="file.encoding" value="UTF-8"/>
    <property name="user.name" value="testrunner"/>
    <property name="java.class.path" value="/usr/local/Cellar/maven/3.2.3/libexec/boot/plexus-classworlds-2.5.1.jar"/>
    <property name="java.vm.specification.version" value="1.7"/>
    <property name="sun.arch.data.model" value="64"/>
    <property name="java.home" value="/Library/Java/JavaVirtualMachines/jdk1.7.0_67.jdk/Contents/Home/jre"/>
    <property name="sun.java.command" value="org.codehaus.plexus.classworlds.launcher.Launcher test"/>
    <property name="java.specification.vendor" value="Oracle Corporation"/>
    <property name="user.language" value="en"/>
    <property name="awt.toolkit" value="sun.awt.HToolkit"/>
    <property name="java.vm.info" value="mixed mode"/>
    <property name="java.version" value="1.7.0_67"/>
    <property name="java.ext.dirs" value="/Users/testrunner/Library/Java/Extensions:/Library/Java/JavaVirtualMachines/jdk1.7.0_67.jdk/Contents/Home/jre/lib/ext:/Library/Java/Extensions:/Network/Library/Java/Extensions:/System/Library/Java/Extensions:/usr/lib/java"/>
    <property name="sun.boot.class.path" value="/Library/Java/JavaVirtualMachines/jdk1.7.0_67.jdk/Contents/Home/jre/lib/resources.jar:/Library/Java/JavaVirtualMachines/jdk1.7.0_67.jdk/Contents/Home/jre/lib/rt.jar:/Library/Java/JavaVirtualMachines/jdk1.7.0_67.jdk/Contents/Home/jre/lib/sunrsasign.jar:/Library/Java/JavaVirtualMachines/jdk1.7.0_67.jdk/Contents/Home/jre/lib/jsse.jar:/Library/Java/JavaVirtualMachines/jdk1.7.0_67.jdk/Contents/Home/jre/lib/jce.jar:/Library/Java/JavaVirtualMachines/jdk1.7.0_67.jdk/Contents/Home/jre/lib/charsets.jar:/Library/Java/JavaVirtualMachines/jdk1.7.0_67.jdk/Contents/Home/jre/lib/jfr.jar:/Library/Java/JavaVirtualMachines/jdk1.7.0_67.jdk/Contents/Home/jre/classes"/>
    <property name="java.vendor" value="Oracle Corporation"/>
    <property name="maven.home" value="/usr/local/Cellar/maven/3.2.3/libexec"/>
    <property name="file.separator" value="/"/>
    <property name="java.vendor.url.bug" value="http://bugreport.sun.com/bugreport/"/>
    <property name="sun.cpu.endian" value="little"/>
    <property name="sun.io.unicode.encoding" value="UnicodeBig"/>
    <property name="socksNonProxyHosts" value="local|*.local|169.254/16|*.169.254/16"/>
    <property name="ftp.nonProxyHosts" value="local|*.local|169.254/16|*.169.254/16"/>
    <property name="sun.cpu.isalist" value=""/>
  </properties>
  <testcase name="goToEntertainmentPage[Android_4.4.2_GT-I9505_Chrome_UNKNOWN]" classname="se.aftonbladet.abtest.tests.mobile.menu.AbMobileNavTest(20150220-060049)" time="63.391"/>
  <testcase name="goToEntertainmentPage[Android_4.4.4_GT-I9305_Chrome_UNKNOWN]" classname="se.aftonbladet.abtest.tests.mobile.menu.AbMobileNavTest(20150220-060049)" time="2.236"/>
  <testcase name="goToPlusPage[Android_4.4.4_GT-I9305_Chrome_UNKNOWN]" classname="se.aftonbladet.abtest.tests.mobile.menu.AbMobileNavTest(20150220-060049)" time="12.005"/>
  <testcase name="goToColumnistsPage[Android_4.4.4_GT-I9305_Chrome_UNKNOWN]" classname="se.aftonbladet.abtest.tests.mobile.menu.AbMobileNavTest(20150220-060049)" time="11.416"/>
  <testcase name="goToEntertainmentPage[Android_4.4.4_SM-N910F_Chrome_UNKNOWN]" classname="se.aftonbladet.abtest.tests.mobile.menu.AbMobileNavTest(20150220-060049)" time="12.88"/>
  <testcase name="goToPlusPage[Android_4.4.4_SM-N910F_Chrome_UNKNOWN]" classname="se.aftonbladet.abtest.tests.mobile.menu.AbMobileNavTest(20150220-060049)" time="12.563"/>
  <testcase name="goToVisaMerSubPages[Android_4.4.4_GT-I9305_Chrome_UNKNOWN]" classname="se.aftonbladet.abtest.tests.mobile.menu.AbMobileNavTest(20150220-060049)" time="12.3"/>
  <testcase name="goToColumnistsPage[Android_4.4.4_SM-N910F_Chrome_UNKNOWN]" classname="se.aftonbladet.abtest.tests.mobile.menu.AbMobileNavTest(20150220-060049)" time="2.446"/>
  <testcase name="goToCulturePage[Android_4.4.4_GT-I9305_Chrome_UNKNOWN]" classname="se.aftonbladet.abtest.tests.mobile.menu.AbMobileNavTest(20150220-060049)" time="12.702">
    <failure message="expected:&lt;39&gt; but was:&lt;27&gt;" type="java.lang.AssertionError"><![CDATA[java.lang.AssertionError: expected:<39> but was:<27>
	at org.junit.Assert.fail(Assert.java:88)
	at org.junit.Assert.failNotEquals(Assert.java:743)
	at org.junit.Assert.assertEquals(Assert.java:118)
	at org.junit.Assert.assertEquals(Assert.java:555)
	at org.junit.Assert.assertEquals(Assert.java:542)
	at se.aftonbladet.abtest.tests.mobile.menu.AbMobileNavTest.goToCulturePage(AbMobileNavTest.java:178)
]]></failure>
    <system-out><![CDATA[Driver: AndroidDriver: chrome on ANDROID (e9692668a955e39a25bb520ad02e222f)
clickLeftMenuItem pMenuText: Kultur
By: By.xpath: //*[@id='abTopMenuDynamic']/li/a[text()='Kultur' and not(@disabled)]
clickLeftSubMenuItem MenuText: Visa mer, and SubMenuText: Svenska hjältar
Try to assert page title: Kultur
>>>Compare to page title: kultur | aftonbladet
By: By.xpath: //*[@id='abTopMenuDynamic']/li/a[text()='Visa mer']/../a[text()='Mer' and not(@disabled)]
By: By.xpath: //*[@class='abToggle']/div
By: By.xpath: //*[@id='abTopMenuDynamic']/li/a[text()='Visa mer']/../ul[@class='abMenuSub']/li/a[text()='Svenska hjältar' and not(@disabled)]
]]></system-out>
  </testcase>
  <testcase name="goToColumnistsSubPages[Android_4.4.4_GT-I9305_Chrome_UNKNOWN]" classname="se.aftonbladet.abtest.tests.mobile.menu.AbMobileNavTest(20150220-060049)" time="15.835"/>
  <testcase name="goToVisaMerSubPages[Android_4.4.4_SM-N910F_Chrome_UNKNOWN]" classname="se.aftonbladet.abtest.tests.mobile.menu.AbMobileNavTest(20150220-060049)" time="15.403"/>
  <testcase name="goToCulturePage[Android_4.4.4_SM-N910F_Chrome_UNKNOWN]" classname="se.aftonbladet.abtest.tests.mobile.menu.AbMobileNavTest(20150220-060049)" time="16.779">
    <failure message="expected:&lt;39&gt; but was:&lt;27&gt;" type="java.lang.AssertionError"><![CDATA[java.lang.AssertionError: expected:<39> but was:<27>
	at org.junit.Assert.fail(Assert.java:88)
	at org.junit.Assert.failNotEquals(Assert.java:743)
	at org.junit.Assert.assertEquals(Assert.java:118)
	at org.junit.Assert.assertEquals(Assert.java:555)
	at org.junit.Assert.assertEquals(Assert.java:542)
	at se.aftonbladet.abtest.tests.mobile.menu.AbMobileNavTest.goToCulturePage(AbMobileNavTest.java:178)
]]></failure>
    <system-out><![CDATA[Driver: AndroidDriver: chrome on ANDROID (e9692668a955e39a25bb520ad02e222f)
Try to assert page title: Konst
>>>Compare to page title: konst | kultur | aftonbladet
clickLeftSubMenuItem MenuText: Kultur, and SubMenuText: Scen
By: By.xpath: //*[@id='abTopMenuDynamic']/li/a[text()='Kultur']/../a[text()='Mer' and not(@disabled)]
By: By.xpath: //*[@id='abTopMenuDynamic']/li/a[text()='Kultur']/../ul[@class='abMenuSub']/li/a[text()='Scen' and not(@disabled)]
Try to assert page title: Teater
clickLeftMenuItem pMenuText: Kultur
>>>Compare to page title: teater | kultur | aftonbladet
clickLeftSubMenuItem MenuText: Kultur, and SubMenuText: Serier
By: By.xpath: //*[@id='abTopMenuDynamic']/li/a[text()='Kultur' and not(@disabled)]
By: By.xpath: //*[@id='abTopMenuDynamic']/li/a[text()='Kultur']/../a[text()='Mer' and not(@disabled)]
By: By.xpath: //*[@id='abTopMenuDynamic']/li/a[text()='Kultur']/../ul[@class='abMenuSub']/li/a[text()='Serier' and not(@disabled)]
Try to assert page title: Kultur
Try to assert page title: Serier
>>>Compare to page title: kultur | aftonbladet
By: By.xpath: //*[@class='abToggle']/div
]]></system-out>
  </testcase>
  <testcase name="goToCultureSubPages[Android_4.4.4_GT-I9305_Chrome_UNKNOWN]" classname="se.aftonbladet.abtest.tests.mobile.menu.AbMobileNavTest(20150220-060049)" time="6.042"/>
  <testcase name="goToAboutAftonbladetPage[Android_4.4.4_GT-I9305_Chrome_UNKNOWN]" classname="se.aftonbladet.abtest.tests.mobile.menu.AbMobileNavTest(20150220-060049)" time="12.031"/>
  <testcase name="goToColumnistsSubPages[Android_4.4.4_SM-N910F_Chrome_UNKNOWN]" classname="se.aftonbladet.abtest.tests.mobile.menu.AbMobileNavTest(20150220-060049)" time="4.726"/>
  <testcase name="goToBloggarPage[Android_4.4.4_GT-I9305_Chrome_UNKNOWN]" classname="se.aftonbladet.abtest.tests.mobile.menu.AbMobileNavTest(20150220-060049)" time="7.672"/>
  <testcase name="goToTvPage[Android_4.4.4_GT-I9305_Chrome_UNKNOWN]" classname="se.aftonbladet.abtest.tests.mobile.menu.AbMobileNavTest(20150220-060049)" time="15.107"/>
  <testcase name="goToLeadrePage[Android_4.4.4_GT-I9305_Chrome_UNKNOWN]" classname="se.aftonbladet.abtest.tests.mobile.menu.AbMobileNavTest(20150220-060049)" time="14.674">
    <failure message="expected:&lt;39&gt; but was:&lt;27&gt;" type="java.lang.AssertionError"><![CDATA[java.lang.AssertionError: expected:<39> but was:<27>
	at org.junit.Assert.fail(Assert.java:88)
	at org.junit.Assert.failNotEquals(Assert.java:743)
	at org.junit.Assert.assertEquals(Assert.java:118)
	at org.junit.Assert.assertEquals(Assert.java:555)
	at org.junit.Assert.assertEquals(Assert.java:542)
	at se.aftonbladet.abtest.tests.mobile.menu.AbMobileNavTest.goToLeadrePage(AbMobileNavTest.java:171)
]]></failure>
    <system-out><![CDATA[Driver: AndroidDriver: chrome on ANDROID (b88f4e3ff436334b6fb0af24bfaedea2)
>>>Compare to page title: konst | kultur | aftonbladet
clickLeftSubMenuItem MenuText: Kultur, and SubMenuText: Scen
By: By.xpath: //*[@id='abTopMenuDynamic']/li/a[text()='Kultur']/../a[text()='Mer' and not(@disabled)]
By: By.xpath: //*[@id='abTopMenuDynamic']/li/a[text()='Kultur']/../ul[@class='abMenuSub']/li/a[text()='Scen' and not(@disabled)]
Try to assert page title: Teater
clickLeftMenuItem pMenuText: Ledare
>>>Compare to page title: teater | kultur | aftonbladet
clickLeftSubMenuItem MenuText: Kultur, and SubMenuText: Serier
By: By.xpath: //*[@id='abTopMenuDynamic']/li/a[text()='Ledare' and not(@disabled)]
By: By.xpath: //*[@id='abTopMenuDynamic']/li/a[text()='Kultur']/../a[text()='Mer' and not(@disabled)]
Try to assert page title: Ledare
>>>Compare to page title: ledare | aftonbladet
By: By.xpath: //*[@id='abTopMenuDynamic']/li/a[text()='Kultur']/../ul[@class='abMenuSub']/li/a[text()='Serier' and not(@disabled)]
By: By.xpath: //*[@class='abToggle']/div
]]></system-out>
  </testcase>
  <testcase name="goToCultureSubPages[Android_4.4.4_SM-N910F_Chrome_UNKNOWN]" classname="se.aftonbladet.abtest.tests.mobile.menu.AbMobileNavTest(20150220-060049)" time="8.281"/>
  <testcase name="goToAboutAftonbladetPage[Android_4.4.4_SM-N910F_Chrome_UNKNOWN]" classname="se.aftonbladet.abtest.tests.mobile.menu.AbMobileNavTest(20150220-060049)" time="12.958"/>
  <testcase name="goToBloggarPage[Android_4.4.4_SM-N910F_Chrome_UNKNOWN]" classname="se.aftonbladet.abtest.tests.mobile.menu.AbMobileNavTest(20150220-060049)" time="15.018"/>
  <testcase name="goToSportPage[Android_4.4.4_GT-I9305_Chrome_UNKNOWN]" classname="se.aftonbladet.abtest.tests.mobile.menu.AbMobileNavTest(20150220-060049)" time="4.81"/>
  <testcase name="goToDebatePage[Android_4.4.4_GT-I9305_Chrome_UNKNOWN]" classname="se.aftonbladet.abtest.tests.mobile.menu.AbMobileNavTest(20150220-060049)" time="13.06">
    <failure message="expected:&lt;39&gt; but was:&lt;27&gt;" type="java.lang.AssertionError"><![CDATA[java.lang.AssertionError: expected:<39> but was:<27>
	at org.junit.Assert.fail(Assert.java:88)
	at org.junit.Assert.failNotEquals(Assert.java:743)
	at org.junit.Assert.assertEquals(Assert.java:118)
	at org.junit.Assert.assertEquals(Assert.java:555)
	at org.junit.Assert.assertEquals(Assert.java:542)
	at se.aftonbladet.abtest.tests.mobile.menu.AbMobileNavTest.goToDebatePage(AbMobileNavTest.java:185)
]]></failure>
    <system-out><![CDATA[Driver: AndroidDriver: chrome on ANDROID (b88f4e3ff436334b6fb0af24bfaedea2)
By: By.xpath: //*[@id='abTopMenuDynamic']/li/a[text()='TV' and not(@disabled)]
clickLeftMenuItem pMenuText: Debatt
By: By.xpath: //*[@id='abTopMenuDynamic']/li/a[text()='Debatt' and not(@disabled)]
Try to assert page title: Debatt
>>>Compare to page title: debatt | aftonbladet
By: By.xpath: //*[@class='abToggle']/div
Try to assert page title: Webbtv
]]></system-out>
  </testcase>
  <testcase name="goToTvPage[Android_4.4.4_SM-N910F_Chrome_UNKNOWN]" classname="se.aftonbladet.abtest.tests.mobile.menu.AbMobileNavTest(20150220-060049)" time="0.101"/>
  <testcase name="goToPlusPage[Android_4.4.2_GT-I9505_Chrome_UNKNOWN]" classname="se.aftonbladet.abtest.tests.mobile.menu.AbMobileNavTest(20150220-060049)" time="3.663">
    <error message="An error occurred (WARNING: The server did not provide any stacktrace information)&#10;Command duration or timeout: 9 milliseconds&#10;Build info: version: &apos;2.42.2&apos;, revision: &apos;6a6995d31c7c56c340d6f45a76976d43506cd6cc&apos;, time: &apos;2014-06-03 10:52:47&apos;&#10;System info: host: &apos;testrunner1&apos;, ip: &apos;10.12.14.222&apos;, os.name: &apos;Mac OS X&apos;, os.arch: &apos;x86_64&apos;, os.version: &apos;10.10.2&apos;, java.version: &apos;1.7.0_67&apos;&#10;Session ID: bace0e132954e8b7814aa4c5f2e539ef&#10;Driver info: io.appium.java_client.android.AndroidDriver&#10;Capabilities [{platform=ANDROID, acceptSslCerts=true, javascriptEnabled=true, browserName=chrome, chrome={}, rotatable=false, locationContextEnabled=true, mobileEmulationEnabled=false, version=40.0.2214.109, takesHeapSnapshot=true, cssSelectorsEnabled=true, databaseEnabled=false, handlesAlerts=true, browserConnectionEnabled=false, nativeEvents=true, webStorageEnabled=true, applicationCacheEnabled=false, takesScreenshot=true}]" type="org.openqa.selenium.WebDriverException">org.openqa.selenium.WebDriverException: An error occurred (WARNING: The server did not provide any stacktrace information)
Command duration or timeout: 9 milliseconds
Build info: version: '2.42.2', revision: '6a6995d31c7c56c340d6f45a76976d43506cd6cc', time: '2014-06-03 10:52:47'
System info: host: 'testrunner1', ip: '10.12.14.222', os.name: 'Mac OS X', os.arch: 'x86_64', os.version: '10.10.2', java.version: '1.7.0_67'
Session ID: bace0e132954e8b7814aa4c5f2e539ef
Driver info: io.appium.java_client.android.AndroidDriver
Capabilities [{platform=ANDROID, acceptSslCerts=true, javascriptEnabled=true, browserName=chrome, chrome={}, rotatable=false, locationContextEnabled=true, mobileEmulationEnabled=false, version=40.0.2214.109, takesHeapSnapshot=true, cssSelectorsEnabled=true, databaseEnabled=false, handlesAlerts=true, browserConnectionEnabled=false, nativeEvents=true, webStorageEnabled=true, applicationCacheEnabled=false, takesScreenshot=true}]
	at sun.reflect.GeneratedConstructorAccessor12.newInstance(Unknown Source)
	at sun.reflect.DelegatingConstructorAccessorImpl.newInstance(DelegatingConstructorAccessorImpl.java:45)
	at java.lang.reflect.Constructor.newInstance(Constructor.java:526)
	at org.openqa.selenium.remote.ErrorHandler.createThrowable(ErrorHandler.java:204)
	at org.openqa.selenium.remote.ErrorHandler.throwIfResponseFailed(ErrorHandler.java:156)
	at org.openqa.selenium.remote.RemoteWebDriver.execute(RemoteWebDriver.java:599)
	at io.appium.java_client.AppiumDriver.execute(AppiumDriver.java:180)
	at org.openqa.selenium.remote.RemoteWebDriver.executeScript(RemoteWebDriver.java:508)
	at se.aftonbladet.abtest.tests.mobile.menu.AbMobileNavTest.setUp(AbMobileNavTest.java:79)
</error>
    <system-out><![CDATA[Driver: AndroidDriver: chrome on ANDROID (e9692668a955e39a25bb520ad02e222f)
]]></system-out>
  </testcase>
  <testcase name="goToColumnistsPage[Android_4.4.2_GT-I9505_Chrome_UNKNOWN]" classname="se.aftonbladet.abtest.tests.mobile.menu.AbMobileNavTest(20150220-060049)" time="10.333">
    <error message="chrome not reachable&#10;  (Session info: chrome=40.0.2214.109)&#10;  (Driver info: chromedriver=2.14.313457 (3d645c400edf2e2c500566c9aa096063e707c9cf),platform=Mac OS X 10.10.2 x86_64) (WARNING: The server did not provide any stacktrace information)&#10;Command duration or timeout: 8 milliseconds&#10;Build info: version: &apos;2.42.2&apos;, revision: &apos;6a6995d31c7c56c340d6f45a76976d43506cd6cc&apos;, time: &apos;2014-06-03 10:52:47&apos;&#10;System info: host: &apos;testrunner1&apos;, ip: &apos;10.12.14.222&apos;, os.name: &apos;Mac OS X&apos;, os.arch: &apos;x86_64&apos;, os.version: &apos;10.10.2&apos;, java.version: &apos;1.7.0_67&apos;&#10;Session ID: bace0e132954e8b7814aa4c5f2e539ef&#10;Driver info: io.appium.java_client.android.AndroidDriver&#10;Capabilities [{platform=ANDROID, acceptSslCerts=true, javascriptEnabled=true, browserName=chrome, chrome={}, rotatable=false, locationContextEnabled=true, mobileEmulationEnabled=false, version=40.0.2214.109, takesHeapSnapshot=true, cssSelectorsEnabled=true, databaseEnabled=false, handlesAlerts=true, browserConnectionEnabled=false, nativeEvents=true, webStorageEnabled=true, applicationCacheEnabled=false, takesScreenshot=true}]" type="org.openqa.selenium.WebDriverException">org.openqa.selenium.WebDriverException: chrome not reachable
  (Session info: chrome=40.0.2214.109)
  (Driver info: chromedriver=2.14.313457 (3d645c400edf2e2c500566c9aa096063e707c9cf),platform=Mac OS X 10.10.2 x86_64) (WARNING: The server did not provide any stacktrace information)
Command duration or timeout: 8 milliseconds
Build info: version: '2.42.2', revision: '6a6995d31c7c56c340d6f45a76976d43506cd6cc', time: '2014-06-03 10:52:47'
System info: host: 'testrunner1', ip: '10.12.14.222', os.name: 'Mac OS X', os.arch: 'x86_64', os.version: '10.10.2', java.version: '1.7.0_67'
Session ID: bace0e132954e8b7814aa4c5f2e539ef
Driver info: io.appium.java_client.android.AndroidDriver
Capabilities [{platform=ANDROID, acceptSslCerts=true, javascriptEnabled=true, browserName=chrome, chrome={}, rotatable=false, locationContextEnabled=true, mobileEmulationEnabled=false, version=40.0.2214.109, takesHeapSnapshot=true, cssSelectorsEnabled=true, databaseEnabled=false, handlesAlerts=true, browserConnectionEnabled=false, nativeEvents=true, webStorageEnabled=true, applicationCacheEnabled=false, takesScreenshot=true}]
	at sun.reflect.GeneratedConstructorAccessor12.newInstance(Unknown Source)
	at sun.reflect.DelegatingConstructorAccessorImpl.newInstance(DelegatingConstructorAccessorImpl.java:45)
	at java.lang.reflect.Constructor.newInstance(Constructor.java:526)
	at org.openqa.selenium.remote.ErrorHandler.createThrowable(ErrorHandler.java:204)
	at org.openqa.selenium.remote.ErrorHandler.throwIfResponseFailed(ErrorHandler.java:156)
	at org.openqa.selenium.remote.RemoteWebDriver.execute(RemoteWebDriver.java:599)
	at io.appium.java_client.AppiumDriver.execute(AppiumDriver.java:180)
	at io.appium.java_client.AppiumDriver.execute(AppiumDriver.java:185)
	at org.openqa.selenium.remote.RemoteWebDriver$RemoteWebDriverOptions.deleteAllCookies(RemoteWebDriver.java:685)
	at se.aftonbladet.abtest.tests.mobile.menu.AbMobileNavTest.setUp(AbMobileNavTest.java:74)
</error>
    <system-out><![CDATA[Driver: AndroidDriver: chrome on ANDROID (bace0e132954e8b7814aa4c5f2e539ef)
0 AbMobileNav: org.openqa.selenium.WebDriverException: An error occurred (WARNING: The server did not provide any stacktrace information)
Command duration or timeout: 10 milliseconds
Build info: version: '2.42.2', revision: '6a6995d31c7c56c340d6f45a76976d43506cd6cc', time: '2014-06-03 10:52:47'
System info: host: 'testrunner1', ip: '10.12.14.222', os.name: 'Mac OS X', os.arch: 'x86_64', os.version: '10.10.2', java.version: '1.7.0_67'
Session ID: bace0e132954e8b7814aa4c5f2e539ef
Driver info: io.appium.java_client.android.AndroidDriver
Capabilities [{platform=ANDROID, acceptSslCerts=true, javascriptEnabled=true, browserName=chrome, chrome={}, rotatable=false, locationContextEnabled=true, mobileEmulationEnabled=false, version=40.0.2214.109, takesHeapSnapshot=true, cssSelectorsEnabled=true, databaseEnabled=false, handlesAlerts=true, browserConnectionEnabled=false, nativeEvents=true, webStorageEnabled=true, applicationCacheEnabled=false, takesScreenshot=true}]
1 AbMobileNav: org.openqa.selenium.WebDriverException: An error occurred (WARNING: The server did not provide any stacktrace information)
Command duration or timeout: 9 milliseconds
Build info: version: '2.42.2', revision: '6a6995d31c7c56c340d6f45a76976d43506cd6cc', time: '2014-06-03 10:52:47'
System info: host: 'testrunner1', ip: '10.12.14.222', os.name: 'Mac OS X', os.arch: 'x86_64', os.version: '10.10.2', java.version: '1.7.0_67'
Session ID: bace0e132954e8b7814aa4c5f2e539ef
Driver info: io.appium.java_client.android.AndroidDriver
Capabilities [{platform=ANDROID, acceptSslCerts=true, javascriptEnabled=true, browserName=chrome, chrome={}, rotatable=false, locationContextEnabled=true, mobileEmulationEnabled=false, version=40.0.2214.109, takesHeapSnapshot=true, cssSelectorsEnabled=true, databaseEnabled=false, handlesAlerts=true, browserConnectionEnabled=false, nativeEvents=true, webStorageEnabled=true, applicationCacheEnabled=false, takesScreenshot=true}]
2 AbMobileNav: org.openqa.selenium.WebDriverException: An error occurred (WARNING: The server did not provide any stacktrace information)
Command duration or timeout: 10 milliseconds
Build info: version: '2.42.2', revision: '6a6995d31c7c56c340d6f45a76976d43506cd6cc', time: '2014-06-03 10:52:47'
System info: host: 'testrunner1', ip: '10.12.14.222', os.name: 'Mac OS X', os.arch: 'x86_64', os.version: '10.10.2', java.version: '1.7.0_67'
Session ID: bace0e132954e8b7814aa4c5f2e539ef
Driver info: io.appium.java_client.android.AndroidDriver
Capabilities [{platform=ANDROID, acceptSslCerts=true, javascriptEnabled=true, browserName=chrome, chrome={}, rotatable=false, locationContextEnabled=true, mobileEmulationEnabled=false, version=40.0.2214.109, takesHeapSnapshot=true, cssSelectorsEnabled=true, databaseEnabled=false, handlesAlerts=true, browserConnectionEnabled=false, nativeEvents=true, webStorageEnabled=true, applicationCacheEnabled=false, takesScreenshot=true}]
3 AbMobileNav: org.openqa.selenium.WebDriverException: An error occurred (WARNING: The server did not provide any stacktrace information)
Command duration or timeout: 10 milliseconds
Build info: version: '2.42.2', revision: '6a6995d31c7c56c340d6f45a76976d43506cd6cc', time: '2014-06-03 10:52:47'
System info: host: 'testrunner1', ip: '10.12.14.222', os.name: 'Mac OS X', os.arch: 'x86_64', os.version: '10.10.2', java.version: '1.7.0_67'
Session ID: bace0e132954e8b7814aa4c5f2e539ef
Driver info: io.appium.java_client.android.AndroidDriver
Capabilities [{platform=ANDROID, acceptSslCerts=true, javascriptEnabled=true, browserName=chrome, chrome={}, rotatable=false, locationContextEnabled=true, mobileEmulationEnabled=false, version=40.0.2214.109, takesHeapSnapshot=true, cssSelectorsEnabled=true, databaseEnabled=false, handlesAlerts=true, browserConnectionEnabled=false, nativeEvents=true, webStorageEnabled=true, applicationCacheEnabled=false, takesScreenshot=true}]
4 AbMobileNav: org.openqa.selenium.WebDriverException: An error occurred (WARNING: The server did not provide any stacktrace information)
Command duration or timeout: 9 milliseconds
Build info: version: '2.42.2', revision: '6a6995d31c7c56c340d6f45a76976d43506cd6cc', time: '2014-06-03 10:52:47'
System info: host: 'testrunner1', ip: '10.12.14.222', os.name: 'Mac OS X', os.arch: 'x86_64', os.version: '10.10.2', java.version: '1.7.0_67'
Session ID: bace0e132954e8b7814aa4c5f2e539ef
Driver info: io.appium.java_client.android.AndroidDriver
Capabilities [{platform=ANDROID, acceptSslCerts=true, javascriptEnabled=true, browserName=chrome, chrome={}, rotatable=false, locationContextEnabled=true, mobileEmulationEnabled=false, version=40.0.2214.109, takesHeapSnapshot=true, cssSelectorsEnabled=true, databaseEnabled=false, handlesAlerts=true, browserConnectionEnabled=false, nativeEvents=true, webStorageEnabled=true, applicationCacheEnabled=false, takesScreenshot=true}]
5 AbMobileNav: org.openqa.selenium.WebDriverException: An error occurred (WARNING: The server did not provide any stacktrace information)
Command duration or timeout: 9 milliseconds
Build info: version: '2.42.2', revision: '6a6995d31c7c56c340d6f45a76976d43506cd6cc', time: '2014-06-03 10:52:47'
System info: host: 'testrunner1', ip: '10.12.14.222', os.name: 'Mac OS X', os.arch: 'x86_64', os.version: '10.10.2', java.version: '1.7.0_67'
Session ID: bace0e132954e8b7814aa4c5f2e539ef
Driver info: io.appium.java_client.android.AndroidDriver
Capabilities [{platform=ANDROID, acceptSslCerts=true, javascriptEnabled=true, browserName=chrome, chrome={}, rotatable=false, locationContextEnabled=true, mobileEmulationEnabled=false, version=40.0.2214.109, takesHeapSnapshot=true, cssSelectorsEnabled=true, databaseEnabled=false, handlesAlerts=true, browserConnectionEnabled=false, nativeEvents=true, webStorageEnabled=true, applicationCacheEnabled=false, takesScreenshot=true}]
6 AbMobileNav: org.openqa.selenium.WebDriverException: An error occurred (WARNING: The server did not provide any stacktrace information)
Command duration or timeout: 10 milliseconds
Build info: version: '2.42.2', revision: '6a6995d31c7c56c340d6f45a76976d43506cd6cc', time: '2014-06-03 10:52:47'
System info: host: 'testrunner1', ip: '10.12.14.222', os.name: 'Mac OS X', os.arch: 'x86_64', os.version: '10.10.2', java.version: '1.7.0_67'
Session ID: bace0e132954e8b7814aa4c5f2e539ef
Driver info: io.appium.java_client.android.AndroidDriver
Capabilities [{platform=ANDROID, acceptSslCerts=true, javascriptEnabled=true, browserName=chrome, chrome={}, rotatable=false, locationContextEnabled=true, mobileEmulationEnabled=false, version=40.0.2214.109, takesHeapSnapshot=true, cssSelectorsEnabled=true, databaseEnabled=false, handlesAlerts=true, browserConnectionEnabled=false, nativeEvents=true, webStorageEnabled=true, applicationCacheEnabled=false, takesScreenshot=true}]
7 AbMobileNav: org.openqa.selenium.WebDriverException: An error occurred (WARNING: The server did not provide any stacktrace information)
Command duration or timeout: 12 milliseconds
Build info: version: '2.42.2', revision: '6a6995d31c7c56c340d6f45a76976d43506cd6cc', time: '2014-06-03 10:52:47'
System info: host: 'testrunner1', ip: '10.12.14.222', os.name: 'Mac OS X', os.arch: 'x86_64', os.version: '10.10.2', java.version: '1.7.0_67'
Session ID: bace0e132954e8b7814aa4c5f2e539ef
Driver info: io.appium.java_client.android.AndroidDriver
Capabilities [{platform=ANDROID, acceptSslCerts=true, javascriptEnabled=true, browserName=chrome, chrome={}, rotatable=false, locationContextEnabled=true, mobileEmulationEnabled=false, version=40.0.2214.109, takesHeapSnapshot=true, cssSelectorsEnabled=true, databaseEnabled=false, handlesAlerts=true, browserConnectionEnabled=false, nativeEvents=true, webStorageEnabled=true, applicationCacheEnabled=false, takesScreenshot=true}]
8 AbMobileNav: org.openqa.selenium.WebDriverException: An error occurred (WARNING: The server did not provide any stacktrace information)
Command duration or timeout: 11 milliseconds
Build info: version: '2.42.2', revision: '6a6995d31c7c56c340d6f45a76976d43506cd6cc', time: '2014-06-03 10:52:47'
System info: host: 'testrunner1', ip: '10.12.14.222', os.name: 'Mac OS X', os.arch: 'x86_64', os.version: '10.10.2', java.version: '1.7.0_67'
Session ID: bace0e132954e8b7814aa4c5f2e539ef
Driver info: io.appium.java_client.android.AndroidDriver
Capabilities [{platform=ANDROID, acceptSslCerts=true, javascriptEnabled=true, browserName=chrome, chrome={}, rotatable=false, locationContextEnabled=true, mobileEmulationEnabled=false, version=40.0.2214.109, takesHeapSnapshot=true, cssSelectorsEnabled=true, databaseEnabled=false, handlesAlerts=true, browserConnectionEnabled=false, nativeEvents=true, webStorageEnabled=true, applicationCacheEnabled=false, takesScreenshot=true}]
Driver: AndroidDriver: chrome on ANDROID (b88f4e3ff436334b6fb0af24bfaedea2)
9 AbMobileNav: org.openqa.selenium.WebDriverException: An error occurred (WARNING: The server did not provide any stacktrace information)
Command duration or timeout: 10 milliseconds
Build info: version: '2.42.2', revision: '6a6995d31c7c56c340d6f45a76976d43506cd6cc', time: '2014-06-03 10:52:47'
System info: host: 'testrunner1', ip: '10.12.14.222', os.name: 'Mac OS X', os.arch: 'x86_64', os.version: '10.10.2', java.version: '1.7.0_67'
Session ID: bace0e132954e8b7814aa4c5f2e539ef
Driver info: io.appium.java_client.android.AndroidDriver
Capabilities [{platform=ANDROID, acceptSslCerts=true, javascriptEnabled=true, browserName=chrome, chrome={}, rotatable=false, locationContextEnabled=true, mobileEmulationEnabled=false, version=40.0.2214.109, takesHeapSnapshot=true, cssSelectorsEnabled=true, databaseEnabled=false, handlesAlerts=true, browserConnectionEnabled=false, nativeEvents=true, webStorageEnabled=true, applicationCacheEnabled=false, takesScreenshot=true}]
clickLeftMenuItem pMenuText: Ledare
10 AbMobileNav: org.openqa.selenium.WebDriverException: An error occurred (WARNING: The server did not provide any stacktrace information)
Command duration or timeout: 9 milliseconds
Build info: version: '2.42.2', revision: '6a6995d31c7c56c340d6f45a76976d43506cd6cc', time: '2014-06-03 10:52:47'
System info: host: 'testrunner1', ip: '10.12.14.222', os.name: 'Mac OS X', os.arch: 'x86_64', os.version: '10.10.2', java.version: '1.7.0_67'
Session ID: bace0e132954e8b7814aa4c5f2e539ef
Driver info: io.appium.java_client.android.AndroidDriver
Capabilities [{platform=ANDROID, acceptSslCerts=true, javascriptEnabled=true, browserName=chrome, chrome={}, rotatable=false, locationContextEnabled=true, mobileEmulationEnabled=false, version=40.0.2214.109, takesHeapSnapshot=true, cssSelectorsEnabled=true, databaseEnabled=false, handlesAlerts=true, browserConnectionEnabled=false, nativeEvents=true, webStorageEnabled=true, applicationCacheEnabled=false, takesScreenshot=true}]
11 AbMobileNav: org.openqa.selenium.WebDriverException: An error occurred (WARNING: The server did not provide any stacktrace information)
Command duration or timeout: 10 milliseconds
Build info: version: '2.42.2', revision: '6a6995d31c7c56c340d6f45a76976d43506cd6cc', time: '2014-06-03 10:52:47'
System info: host: 'testrunner1', ip: '10.12.14.222', os.name: 'Mac OS X', os.arch: 'x86_64', os.version: '10.10.2', java.version: '1.7.0_67'
Session ID: bace0e132954e8b7814aa4c5f2e539ef
Driver info: io.appium.java_client.android.AndroidDriver
Capabilities [{platform=ANDROID, acceptSslCerts=true, javascriptEnabled=true, browserName=chrome, chrome={}, rotatable=false, locationContextEnabled=true, mobileEmulationEnabled=false, version=40.0.2214.109, takesHeapSnapshot=true, cssSelectorsEnabled=true, databaseEnabled=false, handlesAlerts=true, browserConnectionEnabled=false, nativeEvents=true, webStorageEnabled=true, applicationCacheEnabled=false, takesScreenshot=true}]
12 AbMobileNav: org.openqa.selenium.WebDriverException: An error occurred (WARNING: The server did not provide any stacktrace information)
Command duration or timeout: 10 milliseconds
Build info: version: '2.42.2', revision: '6a6995d31c7c56c340d6f45a76976d43506cd6cc', time: '2014-06-03 10:52:47'
System info: host: 'testrunner1', ip: '10.12.14.222', os.name: 'Mac OS X', os.arch: 'x86_64', os.version: '10.10.2', java.version: '1.7.0_67'
Session ID: bace0e132954e8b7814aa4c5f2e539ef
Driver info: io.appium.java_client.android.AndroidDriver
Capabilities [{platform=ANDROID, acceptSslCerts=true, javascriptEnabled=true, browserName=chrome, chrome={}, rotatable=false, locationContextEnabled=true, mobileEmulationEnabled=false, version=40.0.2214.109, takesHeapSnapshot=true, cssSelectorsEnabled=true, databaseEnabled=false, handlesAlerts=true, browserConnectionEnabled=false, nativeEvents=true, webStorageEnabled=true, applicationCacheEnabled=false, takesScreenshot=true}]
13 AbMobileNav: org.openqa.selenium.WebDriverException: An error occurred (WARNING: The server did not provide any stacktrace information)
Command duration or timeout: 11 milliseconds
Build info: version: '2.42.2', revision: '6a6995d31c7c56c340d6f45a76976d43506cd6cc', time: '2014-06-03 10:52:47'
System info: host: 'testrunner1', ip: '10.12.14.222', os.name: 'Mac OS X', os.arch: 'x86_64', os.version: '10.10.2', java.version: '1.7.0_67'
Session ID: bace0e132954e8b7814aa4c5f2e539ef
Driver info: io.appium.java_client.android.AndroidDriver
Capabilities [{platform=ANDROID, acceptSslCerts=true, javascriptEnabled=true, browserName=chrome, chrome={}, rotatable=false, locationContextEnabled=true, mobileEmulationEnabled=false, version=40.0.2214.109, takesHeapSnapshot=true, cssSelectorsEnabled=true, databaseEnabled=false, handlesAlerts=true, browserConnectionEnabled=false, nativeEvents=true, webStorageEnabled=true, applicationCacheEnabled=false, takesScreenshot=true}]
By: By.xpath: //*[@id='abTopMenuDynamic']/li/a[text()='Ledare' and not(@disabled)]
14 AbMobileNav: org.openqa.selenium.WebDriverException: An error occurred (WARNING: The server did not provide any stacktrace information)
Command duration or timeout: 10 milliseconds
Build info: version: '2.42.2', revision: '6a6995d31c7c56c340d6f45a76976d43506cd6cc', time: '2014-06-03 10:52:47'
System info: host: 'testrunner1', ip: '10.12.14.222', os.name: 'Mac OS X', os.arch: 'x86_64', os.version: '10.10.2', java.version: '1.7.0_67'
Session ID: bace0e132954e8b7814aa4c5f2e539ef
Driver info: io.appium.java_client.android.AndroidDriver
Capabilities [{platform=ANDROID, acceptSslCerts=true, javascriptEnabled=true, browserName=chrome, chrome={}, rotatable=false, locationContextEnabled=true, mobileEmulationEnabled=false, version=40.0.2214.109, takesHeapSnapshot=true, cssSelectorsEnabled=true, databaseEnabled=false, handlesAlerts=true, browserConnectionEnabled=false, nativeEvents=true, webStorageEnabled=true, applicationCacheEnabled=false, takesScreenshot=true}]
15 AbMobileNav: org.openqa.selenium.WebDriverException: An error occurred (WARNING: The server did not provide any stacktrace information)
Command duration or timeout: 10 milliseconds
Build info: version: '2.42.2', revision: '6a6995d31c7c56c340d6f45a76976d43506cd6cc', time: '2014-06-03 10:52:47'
System info: host: 'testrunner1', ip: '10.12.14.222', os.name: 'Mac OS X', os.arch: 'x86_64', os.version: '10.10.2', java.version: '1.7.0_67'
Session ID: bace0e132954e8b7814aa4c5f2e539ef
Driver info: io.appium.java_client.android.AndroidDriver
Capabilities [{platform=ANDROID, acceptSslCerts=true, javascriptEnabled=true, browserName=chrome, chrome={}, rotatable=false, locationContextEnabled=true, mobileEmulationEnabled=false, version=40.0.2214.109, takesHeapSnapshot=true, cssSelectorsEnabled=true, databaseEnabled=false, handlesAlerts=true, browserConnectionEnabled=false, nativeEvents=true, webStorageEnabled=true, applicationCacheEnabled=false, takesScreenshot=true}]
16 AbMobileNav: org.openqa.selenium.WebDriverException: An error occurred (WARNING: The server did not provide any stacktrace information)
Command duration or timeout: 9 milliseconds
Build info: version: '2.42.2', revision: '6a6995d31c7c56c340d6f45a76976d43506cd6cc', time: '2014-06-03 10:52:47'
System info: host: 'testrunner1', ip: '10.12.14.222', os.name: 'Mac OS X', os.arch: 'x86_64', os.version: '10.10.2', java.version: '1.7.0_67'
Session ID: bace0e132954e8b7814aa4c5f2e539ef
Driver info: io.appium.java_client.android.AndroidDriver
Capabilities [{platform=ANDROID, acceptSslCerts=true, javascriptEnabled=true, browserName=chrome, chrome={}, rotatable=false, locationContextEnabled=true, mobileEmulationEnabled=false, version=40.0.2214.109, takesHeapSnapshot=true, cssSelectorsEnabled=true, databaseEnabled=false, handlesAlerts=true, browserConnectionEnabled=false, nativeEvents=true, webStorageEnabled=true, applicationCacheEnabled=false, takesScreenshot=true}]
17 AbMobileNav: org.openqa.selenium.WebDriverException: An error occurred (WARNING: The server did not provide any stacktrace information)
Command duration or timeout: 10 milliseconds
Build info: version: '2.42.2', revision: '6a6995d31c7c56c340d6f45a76976d43506cd6cc', time: '2014-06-03 10:52:47'
System info: host: 'testrunner1', ip: '10.12.14.222', os.name: 'Mac OS X', os.arch: 'x86_64', os.version: '10.10.2', java.version: '1.7.0_67'
Session ID: bace0e132954e8b7814aa4c5f2e539ef
Driver info: io.appium.java_client.android.AndroidDriver
Capabilities [{platform=ANDROID, acceptSslCerts=true, javascriptEnabled=true, browserName=chrome, chrome={}, rotatable=false, locationContextEnabled=true, mobileEmulationEnabled=false, version=40.0.2214.109, takesHeapSnapshot=true, cssSelectorsEnabled=true, databaseEnabled=false, handlesAlerts=true, browserConnectionEnabled=false, nativeEvents=true, webStorageEnabled=true, applicationCacheEnabled=false, takesScreenshot=true}]
18 AbMobileNav: org.openqa.selenium.WebDriverException: An error occurred (WARNING: The server did not provide any stacktrace information)
Command duration or timeout: 9 milliseconds
Build info: version: '2.42.2', revision: '6a6995d31c7c56c340d6f45a76976d43506cd6cc', time: '2014-06-03 10:52:47'
System info: host: 'testrunner1', ip: '10.12.14.222', os.name: 'Mac OS X', os.arch: 'x86_64', os.version: '10.10.2', java.version: '1.7.0_67'
Session ID: bace0e132954e8b7814aa4c5f2e539ef
Driver info: io.appium.java_client.android.AndroidDriver
Capabilities [{platform=ANDROID, acceptSslCerts=true, javascriptEnabled=true, browserName=chrome, chrome={}, rotatable=false, locationContextEnabled=true, mobileEmulationEnabled=false, version=40.0.2214.109, takesHeapSnapshot=true, cssSelectorsEnabled=true, databaseEnabled=false, handlesAlerts=true, browserConnectionEnabled=false, nativeEvents=true, webStorageEnabled=true, applicationCacheEnabled=false, takesScreenshot=true}]
Try to assert page title: Ledare
19 AbMobileNav: org.openqa.selenium.WebDriverException: An error occurred (WARNING: The server did not provide any stacktrace information)
Command duration or timeout: 9 milliseconds
Build info: version: '2.42.2', revision: '6a6995d31c7c56c340d6f45a76976d43506cd6cc', time: '2014-06-03 10:52:47'
System info: host: 'testrunner1', ip: '10.12.14.222', os.name: 'Mac OS X', os.arch: 'x86_64', os.version: '10.10.2', java.version: '1.7.0_67'
Session ID: bace0e132954e8b7814aa4c5f2e539ef
Driver info: io.appium.java_client.android.AndroidDriver
Capabilities [{platform=ANDROID, acceptSslCerts=true, javascriptEnabled=true, browserName=chrome, chrome={}, rotatable=false, locationContextEnabled=true, mobileEmulationEnabled=false, version=40.0.2214.109, takesHeapSnapshot=true, cssSelectorsEnabled=true, databaseEnabled=false, handlesAlerts=true, browserConnectionEnabled=false, nativeEvents=true, webStorageEnabled=true, applicationCacheEnabled=false, takesScreenshot=true}]
>>>Compare to page title: ledare | aftonbladet
]]></system-out>
  </testcase>
  <testcase name="goToLeadrePage[Android_4.4.4_SM-N910F_Chrome_UNKNOWN]" classname="se.aftonbladet.abtest.tests.mobile.menu.AbMobileNavTest(20150220-060049)" time="1.934">
    <failure message="expected:&lt;39&gt; but was:&lt;27&gt;" type="java.lang.AssertionError"><![CDATA[java.lang.AssertionError: expected:<39> but was:<27>
	at org.junit.Assert.fail(Assert.java:88)
	at org.junit.Assert.failNotEquals(Assert.java:743)
	at org.junit.Assert.assertEquals(Assert.java:118)
	at org.junit.Assert.assertEquals(Assert.java:555)
	at org.junit.Assert.assertEquals(Assert.java:542)
	at se.aftonbladet.abtest.tests.mobile.menu.AbMobileNavTest.goToLeadrePage(AbMobileNavTest.java:171)
]]></failure>
    <system-out><![CDATA[Driver: AndroidDriver: chrome on ANDROID (bace0e132954e8b7814aa4c5f2e539ef)
0 AbMobileNav: org.openqa.selenium.WebDriverException: An error occurred (WARNING: The server did not provide any stacktrace information)
Command duration or timeout: 8 milliseconds
Build info: version: '2.42.2', revision: '6a6995d31c7c56c340d6f45a76976d43506cd6cc', time: '2014-06-03 10:52:47'
System info: host: 'testrunner1', ip: '10.12.14.222', os.name: 'Mac OS X', os.arch: 'x86_64', os.version: '10.10.2', java.version: '1.7.0_67'
Session ID: bace0e132954e8b7814aa4c5f2e539ef
Driver info: io.appium.java_client.android.AndroidDriver
Capabilities [{platform=ANDROID, acceptSslCerts=true, javascriptEnabled=true, browserName=chrome, chrome={}, rotatable=false, locationContextEnabled=true, mobileEmulationEnabled=false, version=40.0.2214.109, takesHeapSnapshot=true, cssSelectorsEnabled=true, databaseEnabled=false, handlesAlerts=true, browserConnectionEnabled=false, nativeEvents=true, webStorageEnabled=true, applicationCacheEnabled=false, takesScreenshot=true}]
By: By.xpath: //*[@class='abToggle']/div
1 AbMobileNav: org.openqa.selenium.WebDriverException: An error occurred (WARNING: The server did not provide any stacktrace information)
Command duration or timeout: 11 milliseconds
Build info: version: '2.42.2', revision: '6a6995d31c7c56c340d6f45a76976d43506cd6cc', time: '2014-06-03 10:52:47'
System info: host: 'testrunner1', ip: '10.12.14.222', os.name: 'Mac OS X', os.arch: 'x86_64', os.version: '10.10.2', java.version: '1.7.0_67'
Session ID: bace0e132954e8b7814aa4c5f2e539ef
Driver info: io.appium.java_client.android.AndroidDriver
Capabilities [{platform=ANDROID, acceptSslCerts=true, javascriptEnabled=true, browserName=chrome, chrome={}, rotatable=false, locationContextEnabled=true, mobileEmulationEnabled=false, version=40.0.2214.109, takesHeapSnapshot=true, cssSelectorsEnabled=true, databaseEnabled=false, handlesAlerts=true, browserConnectionEnabled=false, nativeEvents=true, webStorageEnabled=true, applicationCacheEnabled=false, takesScreenshot=true}]
2 AbMobileNav: org.openqa.selenium.WebDriverException: An error occurred (WARNING: The server did not provide any stacktrace information)
Command duration or timeout: 10 milliseconds
Build info: version: '2.42.2', revision: '6a6995d31c7c56c340d6f45a76976d43506cd6cc', time: '2014-06-03 10:52:47'
System info: host: 'testrunner1', ip: '10.12.14.222', os.name: 'Mac OS X', os.arch: 'x86_64', os.version: '10.10.2', java.version: '1.7.0_67'
Session ID: bace0e132954e8b7814aa4c5f2e539ef
Driver info: io.appium.java_client.android.AndroidDriver
Capabilities [{platform=ANDROID, acceptSslCerts=true, javascriptEnabled=true, browserName=chrome, chrome={}, rotatable=false, locationContextEnabled=true, mobileEmulationEnabled=false, version=40.0.2214.109, takesHeapSnapshot=true, cssSelectorsEnabled=true, databaseEnabled=false, handlesAlerts=true, browserConnectionEnabled=false, nativeEvents=true, webStorageEnabled=true, applicationCacheEnabled=false, takesScreenshot=true}]
clickLeftMenuItem pMenuText: Nyheter
3 AbMobileNav: org.openqa.selenium.WebDriverException: An error occurred (WARNING: The server did not provide any stacktrace information)
Command duration or timeout: 9 milliseconds
Build info: version: '2.42.2', revision: '6a6995d31c7c56c340d6f45a76976d43506cd6cc', time: '2014-06-03 10:52:47'
System info: host: 'testrunner1', ip: '10.12.14.222', os.name: 'Mac OS X', os.arch: 'x86_64', os.version: '10.10.2', java.version: '1.7.0_67'
Session ID: bace0e132954e8b7814aa4c5f2e539ef
Driver info: io.appium.java_client.android.AndroidDriver
Capabilities [{platform=ANDROID, acceptSslCerts=true, javascriptEnabled=true, browserName=chrome, chrome={}, rotatable=false, locationContextEnabled=true, mobileEmulationEnabled=false, version=40.0.2214.109, takesHeapSnapshot=true, cssSelectorsEnabled=true, databaseEnabled=false, handlesAlerts=true, browserConnectionEnabled=false, nativeEvents=true, webStorageEnabled=true, applicationCacheEnabled=false, takesScreenshot=true}]
]]></system-out>
  </testcase>
  <testcase name="goToNewsPage[Android_4.4.4_GT-I9305_Chrome_UNKNOWN]" classname="se.aftonbladet.abtest.tests.mobile.menu.AbMobileNavTest(20150220-060049)" time="7.785">
    <failure message="expected:&lt;32&gt; but was:&lt;20&gt;" type="java.lang.AssertionError"><![CDATA[java.lang.AssertionError: expected:<32> but was:<20>
	at org.junit.Assert.fail(Assert.java:88)
	at org.junit.Assert.failNotEquals(Assert.java:743)
	at org.junit.Assert.assertEquals(Assert.java:118)
	at org.junit.Assert.assertEquals(Assert.java:555)
	at org.junit.Assert.assertEquals(Assert.java:542)
	at se.aftonbladet.abtest.tests.mobile.menu.AbMobileNavTest.goToNewsPage(AbMobileNavTest.java:102)
]]></failure>
    <system-out><![CDATA[Driver: AndroidDriver: chrome on ANDROID (e9692668a955e39a25bb520ad02e222f)
4 AbMobileNav: org.openqa.selenium.WebDriverException: An error occurred (WARNING: The server did not provide any stacktrace information)
Command duration or timeout: 11 milliseconds
Build info: version: '2.42.2', revision: '6a6995d31c7c56c340d6f45a76976d43506cd6cc', time: '2014-06-03 10:52:47'
System info: host: 'testrunner1', ip: '10.12.14.222', os.name: 'Mac OS X', os.arch: 'x86_64', os.version: '10.10.2', java.version: '1.7.0_67'
Session ID: bace0e132954e8b7814aa4c5f2e539ef
Driver info: io.appium.java_client.android.AndroidDriver
Capabilities [{platform=ANDROID, acceptSslCerts=true, javascriptEnabled=true, browserName=chrome, chrome={}, rotatable=false, locationContextEnabled=true, mobileEmulationEnabled=false, version=40.0.2214.109, takesHeapSnapshot=true, cssSelectorsEnabled=true, databaseEnabled=false, handlesAlerts=true, browserConnectionEnabled=false, nativeEvents=true, webStorageEnabled=true, applicationCacheEnabled=false, takesScreenshot=true}]
5 AbMobileNav: org.openqa.selenium.WebDriverException: An error occurred (WARNING: The server did not provide any stacktrace information)
Command duration or timeout: 10 milliseconds
Build info: version: '2.42.2', revision: '6a6995d31c7c56c340d6f45a76976d43506cd6cc', time: '2014-06-03 10:52:47'
System info: host: 'testrunner1', ip: '10.12.14.222', os.name: 'Mac OS X', os.arch: 'x86_64', os.version: '10.10.2', java.version: '1.7.0_67'
Session ID: bace0e132954e8b7814aa4c5f2e539ef
Driver info: io.appium.java_client.android.AndroidDriver
Capabilities [{platform=ANDROID, acceptSslCerts=true, javascriptEnabled=true, browserName=chrome, chrome={}, rotatable=false, locationContextEnabled=true, mobileEmulationEnabled=false, version=40.0.2214.109, takesHeapSnapshot=true, cssSelectorsEnabled=true, databaseEnabled=false, handlesAlerts=true, browserConnectionEnabled=false, nativeEvents=true, webStorageEnabled=true, applicationCacheEnabled=false, takesScreenshot=true}]
By: By.xpath: //*[@id='abTopMenuDynamic']/li/a[text()='Nyheter' and not(@disabled)]
6 AbMobileNav: org.openqa.selenium.WebDriverException: An error occurred (WARNING: The server did not provide any stacktrace information)
Command duration or timeout: 11 milliseconds
Build info: version: '2.42.2', revision: '6a6995d31c7c56c340d6f45a76976d43506cd6cc', time: '2014-06-03 10:52:47'
System info: host: 'testrunner1', ip: '10.12.14.222', os.name: 'Mac OS X', os.arch: 'x86_64', os.version: '10.10.2', java.version: '1.7.0_67'
Session ID: bace0e132954e8b7814aa4c5f2e539ef
Driver info: io.appium.java_client.android.AndroidDriver
Capabilities [{platform=ANDROID, acceptSslCerts=true, javascriptEnabled=true, browserName=chrome, chrome={}, rotatable=false, locationContextEnabled=true, mobileEmulationEnabled=false, version=40.0.2214.109, takesHeapSnapshot=true, cssSelectorsEnabled=true, databaseEnabled=false, handlesAlerts=true, browserConnectionEnabled=false, nativeEvents=true, webStorageEnabled=true, applicationCacheEnabled=false, takesScreenshot=true}]
7 AbMobileNav: org.openqa.selenium.WebDriverException: An error occurred (WARNING: The server did not provide any stacktrace information)
Command duration or timeout: 9 milliseconds
Build info: version: '2.42.2', revision: '6a6995d31c7c56c340d6f45a76976d43506cd6cc', time: '2014-06-03 10:52:47'
System info: host: 'testrunner1', ip: '10.12.14.222', os.name: 'Mac OS X', os.arch: 'x86_64', os.version: '10.10.2', java.version: '1.7.0_67'
Session ID: bace0e132954e8b7814aa4c5f2e539ef
Driver info: io.appium.java_client.android.AndroidDriver
Capabilities [{platform=ANDROID, acceptSslCerts=true, javascriptEnabled=true, browserName=chrome, chrome={}, rotatable=false, locationContextEnabled=true, mobileEmulationEnabled=false, version=40.0.2214.109, takesHeapSnapshot=true, cssSelectorsEnabled=true, databaseEnabled=false, handlesAlerts=true, browserConnectionEnabled=false, nativeEvents=true, webStorageEnabled=true, applicationCacheEnabled=false, takesScreenshot=true}]
8 AbMobileNav: org.openqa.selenium.WebDriverException: An error occurred (WARNING: The server did not provide any stacktrace information)
Command duration or timeout: 9 milliseconds
Build info: version: '2.42.2', revision: '6a6995d31c7c56c340d6f45a76976d43506cd6cc', time: '2014-06-03 10:52:47'
System info: host: 'testrunner1', ip: '10.12.14.222', os.name: 'Mac OS X', os.arch: 'x86_64', os.version: '10.10.2', java.version: '1.7.0_67'
Session ID: bace0e132954e8b7814aa4c5f2e539ef
Driver info: io.appium.java_client.android.AndroidDriver
Capabilities [{platform=ANDROID, acceptSslCerts=true, javascriptEnabled=true, browserName=chrome, chrome={}, rotatable=false, locationContextEnabled=true, mobileEmulationEnabled=false, version=40.0.2214.109, takesHeapSnapshot=true, cssSelectorsEnabled=true, databaseEnabled=false, handlesAlerts=true, browserConnectionEnabled=false, nativeEvents=true, webStorageEnabled=true, applicationCacheEnabled=false, takesScreenshot=true}]
9 AbMobileNav: org.openqa.selenium.WebDriverException: An error occurred (WARNING: The server did not provide any stacktrace information)
Command duration or timeout: 10 milliseconds
Build info: version: '2.42.2', revision: '6a6995d31c7c56c340d6f45a76976d43506cd6cc', time: '2014-06-03 10:52:47'
System info: host: 'testrunner1', ip: '10.12.14.222', os.name: 'Mac OS X', os.arch: 'x86_64', os.version: '10.10.2', java.version: '1.7.0_67'
Session ID: bace0e132954e8b7814aa4c5f2e539ef
Driver info: io.appium.java_client.android.AndroidDriver
Capabilities [{platform=ANDROID, acceptSslCerts=true, javascriptEnabled=true, browserName=chrome, chrome={}, rotatable=false, locationContextEnabled=true, mobileEmulationEnabled=false, version=40.0.2214.109, takesHeapSnapshot=true, cssSelectorsEnabled=true, databaseEnabled=false, handlesAlerts=true, browserConnectionEnabled=false, nativeEvents=true, webStorageEnabled=true, applicationCacheEnabled=false, takesScreenshot=true}]
10 AbMobileNav: org.openqa.selenium.WebDriverException: An error occurred (WARNING: The server did not provide any stacktrace information)
Command duration or timeout: 10 milliseconds
Build info: version: '2.42.2', revision: '6a6995d31c7c56c340d6f45a76976d43506cd6cc', time: '2014-06-03 10:52:47'
System info: host: 'testrunner1', ip: '10.12.14.222', os.name: 'Mac OS X', os.arch: 'x86_64', os.version: '10.10.2', java.version: '1.7.0_67'
Session ID: bace0e132954e8b7814aa4c5f2e539ef
Driver info: io.appium.java_client.android.AndroidDriver
Capabilities [{platform=ANDROID, acceptSslCerts=true, javascriptEnabled=true, browserName=chrome, chrome={}, rotatable=false, locationContextEnabled=true, mobileEmulationEnabled=false, version=40.0.2214.109, takesHeapSnapshot=true, cssSelectorsEnabled=true, databaseEnabled=false, handlesAlerts=true, browserConnectionEnabled=false, nativeEvents=true, webStorageEnabled=true, applicationCacheEnabled=false, takesScreenshot=true}]
11 AbMobileNav: org.openqa.selenium.WebDriverException: An error occurred (WARNING: The server did not provide any stacktrace information)
Command duration or timeout: 9 milliseconds
Build info: version: '2.42.2', revision: '6a6995d31c7c56c340d6f45a76976d43506cd6cc', time: '2014-06-03 10:52:47'
System info: host: 'testrunner1', ip: '10.12.14.222', os.name: 'Mac OS X', os.arch: 'x86_64', os.version: '10.10.2', java.version: '1.7.0_67'
Session ID: bace0e132954e8b7814aa4c5f2e539ef
Driver info: io.appium.java_client.android.AndroidDriver
Capabilities [{platform=ANDROID, acceptSslCerts=true, javascriptEnabled=true, browserName=chrome, chrome={}, rotatable=false, locationContextEnabled=true, mobileEmulationEnabled=false, version=40.0.2214.109, takesHeapSnapshot=true, cssSelectorsEnabled=true, databaseEnabled=false, handlesAlerts=true, browserConnectionEnabled=false, nativeEvents=true, webStorageEnabled=true, applicationCacheEnabled=false, takesScreenshot=true}]
12 AbMobileNav: org.openqa.selenium.WebDriverException: An error occurred (WARNING: The server did not provide any stacktrace information)
Command duration or timeout: 9 milliseconds
Build info: version: '2.42.2', revision: '6a6995d31c7c56c340d6f45a76976d43506cd6cc', time: '2014-06-03 10:52:47'
System info: host: 'testrunner1', ip: '10.12.14.222', os.name: 'Mac OS X', os.arch: 'x86_64', os.version: '10.10.2', java.version: '1.7.0_67'
Session ID: bace0e132954e8b7814aa4c5f2e539ef
Driver info: io.appium.java_client.android.AndroidDriver
Capabilities [{platform=ANDROID, acceptSslCerts=true, javascriptEnabled=true, browserName=chrome, chrome={}, rotatable=false, locationContextEnabled=true, mobileEmulationEnabled=false, version=40.0.2214.109, takesHeapSnapshot=true, cssSelectorsEnabled=true, databaseEnabled=false, handlesAlerts=true, browserConnectionEnabled=false, nativeEvents=true, webStorageEnabled=true, applicationCacheEnabled=false, takesScreenshot=true}]
13 AbMobileNav: org.openqa.selenium.WebDriverException: An error occurred (WARNING: The server did not provide any stacktrace information)
Command duration or timeout: 10 milliseconds
Build info: version: '2.42.2', revision: '6a6995d31c7c56c340d6f45a76976d43506cd6cc', time: '2014-06-03 10:52:47'
System info: host: 'testrunner1', ip: '10.12.14.222', os.name: 'Mac OS X', os.arch: 'x86_64', os.version: '10.10.2', java.version: '1.7.0_67'
Session ID: bace0e132954e8b7814aa4c5f2e539ef
Driver info: io.appium.java_client.android.AndroidDriver
Capabilities [{platform=ANDROID, acceptSslCerts=true, javascriptEnabled=true, browserName=chrome, chrome={}, rotatable=false, locationContextEnabled=true, mobileEmulationEnabled=false, version=40.0.2214.109, takesHeapSnapshot=true, cssSelectorsEnabled=true, databaseEnabled=false, handlesAlerts=true, browserConnectionEnabled=false, nativeEvents=true, webStorageEnabled=true, applicationCacheEnabled=false, takesScreenshot=true}]
Try to assert page title: Nyheter
14 AbMobileNav: org.openqa.selenium.WebDriverException: An error occurred (WARNING: The server did not provide any stacktrace information)
Command duration or timeout: 9 milliseconds
Build info: version: '2.42.2', revision: '6a6995d31c7c56c340d6f45a76976d43506cd6cc', time: '2014-06-03 10:52:47'
System info: host: 'testrunner1', ip: '10.12.14.222', os.name: 'Mac OS X', os.arch: 'x86_64', os.version: '10.10.2', java.version: '1.7.0_67'
Session ID: bace0e132954e8b7814aa4c5f2e539ef
Driver info: io.appium.java_client.android.AndroidDriver
Capabilities [{platform=ANDROID, acceptSslCerts=true, javascriptEnabled=true, browserName=chrome, chrome={}, rotatable=false, locationContextEnabled=true, mobileEmulationEnabled=false, version=40.0.2214.109, takesHeapSnapshot=true, cssSelectorsEnabled=true, databaseEnabled=false, handlesAlerts=true, browserConnectionEnabled=false, nativeEvents=true, webStorageEnabled=true, applicationCacheEnabled=false, takesScreenshot=true}]
15 AbMobileNav: org.openqa.selenium.WebDriverException: An error occurred (WARNING: The server did not provide any stacktrace information)
Command duration or timeout: 8 milliseconds
Build info: version: '2.42.2', revision: '6a6995d31c7c56c340d6f45a76976d43506cd6cc', time: '2014-06-03 10:52:47'
System info: host: 'testrunner1', ip: '10.12.14.222', os.name: 'Mac OS X', os.arch: 'x86_64', os.version: '10.10.2', java.version: '1.7.0_67'
Session ID: bace0e132954e8b7814aa4c5f2e539ef
Driver info: io.appium.java_client.android.AndroidDriver
Capabilities [{platform=ANDROID, acceptSslCerts=true, javascriptEnabled=true, browserName=chrome, chrome={}, rotatable=false, locationContextEnabled=true, mobileEmulationEnabled=false, version=40.0.2214.109, takesHeapSnapshot=true, cssSelectorsEnabled=true, databaseEnabled=false, handlesAlerts=true, browserConnectionEnabled=false, nativeEvents=true, webStorageEnabled=true, applicationCacheEnabled=false, takesScreenshot=true}]
>>>Compare to page title: nyheter | aftonbladet
16 AbMobileNav: org.openqa.selenium.WebDriverException: An error occurred (WARNING: The server did not provide any stacktrace information)
Command duration or timeout: 9 milliseconds
Build info: version: '2.42.2', revision: '6a6995d31c7c56c340d6f45a76976d43506cd6cc', time: '2014-06-03 10:52:47'
System info: host: 'testrunner1', ip: '10.12.14.222', os.name: 'Mac OS X', os.arch: 'x86_64', os.version: '10.10.2', java.version: '1.7.0_67'
Session ID: bace0e132954e8b7814aa4c5f2e539ef
Driver info: io.appium.java_client.android.AndroidDriver
Capabilities [{platform=ANDROID, acceptSslCerts=true, javascriptEnabled=true, browserName=chrome, chrome={}, rotatable=false, locationContextEnabled=true, mobileEmulationEnabled=false, version=40.0.2214.109, takesHeapSnapshot=true, cssSelectorsEnabled=true, databaseEnabled=false, handlesAlerts=true, browserConnectionEnabled=false, nativeEvents=true, webStorageEnabled=true, applicationCacheEnabled=false, takesScreenshot=true}]
17 AbMobileNav: org.openqa.selenium.WebDriverException: An error occurred (WARNING: The server did not provide any stacktrace information)
Command duration or timeout: 8 milliseconds
Build info: version: '2.42.2', revision: '6a6995d31c7c56c340d6f45a76976d43506cd6cc', time: '2014-06-03 10:52:47'
System info: host: 'testrunner1', ip: '10.12.14.222', os.name: 'Mac OS X', os.arch: 'x86_64', os.version: '10.10.2', java.version: '1.7.0_67'
Session ID: bace0e132954e8b7814aa4c5f2e539ef
Driver info: io.appium.java_client.android.AndroidDriver
Capabilities [{platform=ANDROID, acceptSslCerts=true, javascriptEnabled=true, browserName=chrome, chrome={}, rotatable=false, locationContextEnabled=true, mobileEmulationEnabled=false, version=40.0.2214.109, takesHeapSnapshot=true, cssSelectorsEnabled=true, databaseEnabled=false, handlesAlerts=true, browserConnectionEnabled=false, nativeEvents=true, webStorageEnabled=true, applicationCacheEnabled=false, takesScreenshot=true}]
By: By.xpath: //*[@class='abToggle']/div
18 AbMobileNav: org.openqa.selenium.WebDriverException: An error occurred (WARNING: The server did not provide any stacktrace information)
Command duration or timeout: 10 milliseconds
Build info: version: '2.42.2', revision: '6a6995d31c7c56c340d6f45a76976d43506cd6cc', time: '2014-06-03 10:52:47'
System info: host: 'testrunner1', ip: '10.12.14.222', os.name: 'Mac OS X', os.arch: 'x86_64', os.version: '10.10.2', java.version: '1.7.0_67'
Session ID: bace0e132954e8b7814aa4c5f2e539ef
Driver info: io.appium.java_client.android.AndroidDriver
Capabilities [{platform=ANDROID, acceptSslCerts=true, javascriptEnabled=true, browserName=chrome, chrome={}, rotatable=false, locationContextEnabled=true, mobileEmulationEnabled=false, version=40.0.2214.109, takesHeapSnapshot=true, cssSelectorsEnabled=true, databaseEnabled=false, handlesAlerts=true, browserConnectionEnabled=false, nativeEvents=true, webStorageEnabled=true, applicationCacheEnabled=false, takesScreenshot=true}]
]]></system-out>
  </testcase>
  <testcase name="goToVisaMerSubPages[Android_4.4.2_GT-I9505_Chrome_UNKNOWN]" classname="se.aftonbladet.abtest.tests.mobile.menu.AbMobileNavTest(20150220-060049)" time="8.401">
    <error message="chrome not reachable&#10;  (Session info: chrome=40.0.2214.109)&#10;  (Driver info: chromedriver=2.14.313457 (3d645c400edf2e2c500566c9aa096063e707c9cf),platform=Mac OS X 10.10.2 x86_64) (WARNING: The server did not provide any stacktrace information)&#10;Command duration or timeout: 9 milliseconds&#10;Build info: version: &apos;2.42.2&apos;, revision: &apos;6a6995d31c7c56c340d6f45a76976d43506cd6cc&apos;, time: &apos;2014-06-03 10:52:47&apos;&#10;System info: host: &apos;testrunner1&apos;, ip: &apos;10.12.14.222&apos;, os.name: &apos;Mac OS X&apos;, os.arch: &apos;x86_64&apos;, os.version: &apos;10.10.2&apos;, java.version: &apos;1.7.0_67&apos;&#10;Session ID: bace0e132954e8b7814aa4c5f2e539ef&#10;Driver info: io.appium.java_client.android.AndroidDriver&#10;Capabilities [{platform=ANDROID, acceptSslCerts=true, javascriptEnabled=true, browserName=chrome, chrome={}, rotatable=false, locationContextEnabled=true, mobileEmulationEnabled=false, version=40.0.2214.109, takesHeapSnapshot=true, cssSelectorsEnabled=true, databaseEnabled=false, handlesAlerts=true, browserConnectionEnabled=false, nativeEvents=true, webStorageEnabled=true, applicationCacheEnabled=false, takesScreenshot=true}]" type="org.openqa.selenium.WebDriverException">org.openqa.selenium.WebDriverException: chrome not reachable
  (Session info: chrome=40.0.2214.109)
  (Driver info: chromedriver=2.14.313457 (3d645c400edf2e2c500566c9aa096063e707c9cf),platform=Mac OS X 10.10.2 x86_64) (WARNING: The server did not provide any stacktrace information)
Command duration or timeout: 9 milliseconds
Build info: version: '2.42.2', revision: '6a6995d31c7c56c340d6f45a76976d43506cd6cc', time: '2014-06-03 10:52:47'
System info: host: 'testrunner1', ip: '10.12.14.222', os.name: 'Mac OS X', os.arch: 'x86_64', os.version: '10.10.2', java.version: '1.7.0_67'
Session ID: bace0e132954e8b7814aa4c5f2e539ef
Driver info: io.appium.java_client.android.AndroidDriver
Capabilities [{platform=ANDROID, acceptSslCerts=true, javascriptEnabled=true, browserName=chrome, chrome={}, rotatable=false, locationContextEnabled=true, mobileEmulationEnabled=false, version=40.0.2214.109, takesHeapSnapshot=true, cssSelectorsEnabled=true, databaseEnabled=false, handlesAlerts=true, browserConnectionEnabled=false, nativeEvents=true, webStorageEnabled=true, applicationCacheEnabled=false, takesScreenshot=true}]
	at sun.reflect.GeneratedConstructorAccessor12.newInstance(Unknown Source)
	at sun.reflect.DelegatingConstructorAccessorImpl.newInstance(DelegatingConstructorAccessorImpl.java:45)
	at java.lang.reflect.Constructor.newInstance(Constructor.java:526)
	at org.openqa.selenium.remote.ErrorHandler.createThrowable(ErrorHandler.java:204)
	at org.openqa.selenium.remote.ErrorHandler.throwIfResponseFailed(ErrorHandler.java:156)
	at org.openqa.selenium.remote.RemoteWebDriver.execute(RemoteWebDriver.java:599)
	at io.appium.java_client.AppiumDriver.execute(AppiumDriver.java:180)
	at io.appium.java_client.AppiumDriver.execute(AppiumDriver.java:185)
	at org.openqa.selenium.remote.RemoteWebDriver$RemoteWebDriverOptions.deleteAllCookies(RemoteWebDriver.java:685)
	at se.aftonbladet.abtest.tests.mobile.menu.AbMobileNavTest.setUp(AbMobileNavTest.java:74)
</error>
    <system-out><![CDATA[19 AbMobileNav: org.openqa.selenium.WebDriverException: An error occurred (WARNING: The server did not provide any stacktrace information)
Command duration or timeout: 10 milliseconds
Build info: version: '2.42.2', revision: '6a6995d31c7c56c340d6f45a76976d43506cd6cc', time: '2014-06-03 10:52:47'
System info: host: 'testrunner1', ip: '10.12.14.222', os.name: 'Mac OS X', os.arch: 'x86_64', os.version: '10.10.2', java.version: '1.7.0_67'
Session ID: bace0e132954e8b7814aa4c5f2e539ef
Driver info: io.appium.java_client.android.AndroidDriver
Capabilities [{platform=ANDROID, acceptSslCerts=true, javascriptEnabled=true, browserName=chrome, chrome={}, rotatable=false, locationContextEnabled=true, mobileEmulationEnabled=false, version=40.0.2214.109, takesHeapSnapshot=true, cssSelectorsEnabled=true, databaseEnabled=false, handlesAlerts=true, browserConnectionEnabled=false, nativeEvents=true, webStorageEnabled=true, applicationCacheEnabled=false, takesScreenshot=true}]
]]></system-out>
  </testcase>
  <testcase name="goToCulturePage[Android_4.4.2_GT-I9505_Chrome_UNKNOWN]" classname="se.aftonbladet.abtest.tests.mobile.menu.AbMobileNavTest(20150220-060049)" time="10.354">
    <error message="chrome not reachable&#10;  (Session info: chrome=40.0.2214.109)&#10;  (Driver info: chromedriver=2.14.313457 (3d645c400edf2e2c500566c9aa096063e707c9cf),platform=Mac OS X 10.10.2 x86_64) (WARNING: The server did not provide any stacktrace information)&#10;Command duration or timeout: 10 milliseconds&#10;Build info: version: &apos;2.42.2&apos;, revision: &apos;6a6995d31c7c56c340d6f45a76976d43506cd6cc&apos;, time: &apos;2014-06-03 10:52:47&apos;&#10;System info: host: &apos;testrunner1&apos;, ip: &apos;10.12.14.222&apos;, os.name: &apos;Mac OS X&apos;, os.arch: &apos;x86_64&apos;, os.version: &apos;10.10.2&apos;, java.version: &apos;1.7.0_67&apos;&#10;Session ID: bace0e132954e8b7814aa4c5f2e539ef&#10;Driver info: io.appium.java_client.android.AndroidDriver&#10;Capabilities [{platform=ANDROID, acceptSslCerts=true, javascriptEnabled=true, browserName=chrome, chrome={}, rotatable=false, locationContextEnabled=true, mobileEmulationEnabled=false, version=40.0.2214.109, takesHeapSnapshot=true, cssSelectorsEnabled=true, databaseEnabled=false, handlesAlerts=true, browserConnectionEnabled=false, nativeEvents=true, webStorageEnabled=true, applicationCacheEnabled=false, takesScreenshot=true}]" type="org.openqa.selenium.WebDriverException">org.openqa.selenium.WebDriverException: chrome not reachable
  (Session info: chrome=40.0.2214.109)
  (Driver info: chromedriver=2.14.313457 (3d645c400edf2e2c500566c9aa096063e707c9cf),platform=Mac OS X 10.10.2 x86_64) (WARNING: The server did not provide any stacktrace information)
Command duration or timeout: 10 milliseconds
Build info: version: '2.42.2', revision: '6a6995d31c7c56c340d6f45a76976d43506cd6cc', time: '2014-06-03 10:52:47'
System info: host: 'testrunner1', ip: '10.12.14.222', os.name: 'Mac OS X', os.arch: 'x86_64', os.version: '10.10.2', java.version: '1.7.0_67'
Session ID: bace0e132954e8b7814aa4c5f2e539ef
Driver info: io.appium.java_client.android.AndroidDriver
Capabilities [{platform=ANDROID, acceptSslCerts=true, javascriptEnabled=true, browserName=chrome, chrome={}, rotatable=false, locationContextEnabled=true, mobileEmulationEnabled=false, version=40.0.2214.109, takesHeapSnapshot=true, cssSelectorsEnabled=true, databaseEnabled=false, handlesAlerts=true, browserConnectionEnabled=false, nativeEvents=true, webStorageEnabled=true, applicationCacheEnabled=false, takesScreenshot=true}]
	at sun.reflect.GeneratedConstructorAccessor12.newInstance(Unknown Source)
	at sun.reflect.DelegatingConstructorAccessorImpl.newInstance(DelegatingConstructorAccessorImpl.java:45)
	at java.lang.reflect.Constructor.newInstance(Constructor.java:526)
	at org.openqa.selenium.remote.ErrorHandler.createThrowable(ErrorHandler.java:204)
	at org.openqa.selenium.remote.ErrorHandler.throwIfResponseFailed(ErrorHandler.java:156)
	at org.openqa.selenium.remote.RemoteWebDriver.execute(RemoteWebDriver.java:599)
	at io.appium.java_client.AppiumDriver.execute(AppiumDriver.java:180)
	at io.appium.java_client.AppiumDriver.execute(AppiumDriver.java:185)
	at org.openqa.selenium.remote.RemoteWebDriver$RemoteWebDriverOptions.deleteAllCookies(RemoteWebDriver.java:685)
	at se.aftonbladet.abtest.tests.mobile.menu.AbMobileNavTest.setUp(AbMobileNavTest.java:74)
</error>
    <system-out><![CDATA[Driver: AndroidDriver: chrome on ANDROID (bace0e132954e8b7814aa4c5f2e539ef)
0 AbMobileNav: org.openqa.selenium.WebDriverException: An error occurred (WARNING: The server did not provide any stacktrace information)
Command duration or timeout: 10 milliseconds
Build info: version: '2.42.2', revision: '6a6995d31c7c56c340d6f45a76976d43506cd6cc', time: '2014-06-03 10:52:47'
System info: host: 'testrunner1', ip: '10.12.14.222', os.name: 'Mac OS X', os.arch: 'x86_64', os.version: '10.10.2', java.version: '1.7.0_67'
Session ID: bace0e132954e8b7814aa4c5f2e539ef
Driver info: io.appium.java_client.android.AndroidDriver
Capabilities [{platform=ANDROID, acceptSslCerts=true, javascriptEnabled=true, browserName=chrome, chrome={}, rotatable=false, locationContextEnabled=true, mobileEmulationEnabled=false, version=40.0.2214.109, takesHeapSnapshot=true, cssSelectorsEnabled=true, databaseEnabled=false, handlesAlerts=true, browserConnectionEnabled=false, nativeEvents=true, webStorageEnabled=true, applicationCacheEnabled=false, takesScreenshot=true}]
1 AbMobileNav: org.openqa.selenium.WebDriverException: An error occurred (WARNING: The server did not provide any stacktrace information)
Command duration or timeout: 17 milliseconds
Build info: version: '2.42.2', revision: '6a6995d31c7c56c340d6f45a76976d43506cd6cc', time: '2014-06-03 10:52:47'
System info: host: 'testrunner1', ip: '10.12.14.222', os.name: 'Mac OS X', os.arch: 'x86_64', os.version: '10.10.2', java.version: '1.7.0_67'
Session ID: bace0e132954e8b7814aa4c5f2e539ef
Driver info: io.appium.java_client.android.AndroidDriver
Capabilities [{platform=ANDROID, acceptSslCerts=true, javascriptEnabled=true, browserName=chrome, chrome={}, rotatable=false, locationContextEnabled=true, mobileEmulationEnabled=false, version=40.0.2214.109, takesHeapSnapshot=true, cssSelectorsEnabled=true, databaseEnabled=false, handlesAlerts=true, browserConnectionEnabled=false, nativeEvents=true, webStorageEnabled=true, applicationCacheEnabled=false, takesScreenshot=true}]
clickLeftMenuItem pMenuText: Sport
2 AbMobileNav: org.openqa.selenium.WebDriverException: An error occurred (WARNING: The server did not provide any stacktrace information)
Command duration or timeout: 11 milliseconds
Build info: version: '2.42.2', revision: '6a6995d31c7c56c340d6f45a76976d43506cd6cc', time: '2014-06-03 10:52:47'
System info: host: 'testrunner1', ip: '10.12.14.222', os.name: 'Mac OS X', os.arch: 'x86_64', os.version: '10.10.2', java.version: '1.7.0_67'
Session ID: bace0e132954e8b7814aa4c5f2e539ef
Driver info: io.appium.java_client.android.AndroidDriver
Capabilities [{platform=ANDROID, acceptSslCerts=true, javascriptEnabled=true, browserName=chrome, chrome={}, rotatable=false, locationContextEnabled=true, mobileEmulationEnabled=false, version=40.0.2214.109, takesHeapSnapshot=true, cssSelectorsEnabled=true, databaseEnabled=false, handlesAlerts=true, browserConnectionEnabled=false, nativeEvents=true, webStorageEnabled=true, applicationCacheEnabled=false, takesScreenshot=true}]
3 AbMobileNav: org.openqa.selenium.WebDriverException: An error occurred (WARNING: The server did not provide any stacktrace information)
Command duration or timeout: 10 milliseconds
Build info: version: '2.42.2', revision: '6a6995d31c7c56c340d6f45a76976d43506cd6cc', time: '2014-06-03 10:52:47'
System info: host: 'testrunner1', ip: '10.12.14.222', os.name: 'Mac OS X', os.arch: 'x86_64', os.version: '10.10.2', java.version: '1.7.0_67'
Session ID: bace0e132954e8b7814aa4c5f2e539ef
Driver info: io.appium.java_client.android.AndroidDriver
Capabilities [{platform=ANDROID, acceptSslCerts=true, javascriptEnabled=true, browserName=chrome, chrome={}, rotatable=false, locationContextEnabled=true, mobileEmulationEnabled=false, version=40.0.2214.109, takesHeapSnapshot=true, cssSelectorsEnabled=true, databaseEnabled=false, handlesAlerts=true, browserConnectionEnabled=false, nativeEvents=true, webStorageEnabled=true, applicationCacheEnabled=false, takesScreenshot=true}]
By: By.xpath: //*[@id='abTopMenuDynamic']/li/a[text()='Sport' and not(@disabled)]
4 AbMobileNav: org.openqa.selenium.WebDriverException: An error occurred (WARNING: The server did not provide any stacktrace information)
Command duration or timeout: 10 milliseconds
Build info: version: '2.42.2', revision: '6a6995d31c7c56c340d6f45a76976d43506cd6cc', time: '2014-06-03 10:52:47'
System info: host: 'testrunner1', ip: '10.12.14.222', os.name: 'Mac OS X', os.arch: 'x86_64', os.version: '10.10.2', java.version: '1.7.0_67'
Session ID: bace0e132954e8b7814aa4c5f2e539ef
Driver info: io.appium.java_client.android.AndroidDriver
Capabilities [{platform=ANDROID, acceptSslCerts=true, javascriptEnabled=true, browserName=chrome, chrome={}, rotatable=false, locationContextEnabled=true, mobileEmulationEnabled=false, version=40.0.2214.109, takesHeapSnapshot=true, cssSelectorsEnabled=true, databaseEnabled=false, handlesAlerts=true, browserConnectionEnabled=false, nativeEvents=true, webStorageEnabled=true, applicationCacheEnabled=false, takesScreenshot=true}]
5 AbMobileNav: org.openqa.selenium.WebDriverException: An error occurred (WARNING: The server did not provide any stacktrace information)
Command duration or timeout: 9 milliseconds
Build info: version: '2.42.2', revision: '6a6995d31c7c56c340d6f45a76976d43506cd6cc', time: '2014-06-03 10:52:47'
System info: host: 'testrunner1', ip: '10.12.14.222', os.name: 'Mac OS X', os.arch: 'x86_64', os.version: '10.10.2', java.version: '1.7.0_67'
Session ID: bace0e132954e8b7814aa4c5f2e539ef
Driver info: io.appium.java_client.android.AndroidDriver
Capabilities [{platform=ANDROID, acceptSslCerts=true, javascriptEnabled=true, browserName=chrome, chrome={}, rotatable=false, locationContextEnabled=true, mobileEmulationEnabled=false, version=40.0.2214.109, takesHeapSnapshot=true, cssSelectorsEnabled=true, databaseEnabled=false, handlesAlerts=true, browserConnectionEnabled=false, nativeEvents=true, webStorageEnabled=true, applicationCacheEnabled=false, takesScreenshot=true}]
6 AbMobileNav: org.openqa.selenium.WebDriverException: An error occurred (WARNING: The server did not provide any stacktrace information)
Command duration or timeout: 9 milliseconds
Build info: version: '2.42.2', revision: '6a6995d31c7c56c340d6f45a76976d43506cd6cc', time: '2014-06-03 10:52:47'
System info: host: 'testrunner1', ip: '10.12.14.222', os.name: 'Mac OS X', os.arch: 'x86_64', os.version: '10.10.2', java.version: '1.7.0_67'
Session ID: bace0e132954e8b7814aa4c5f2e539ef
Driver info: io.appium.java_client.android.AndroidDriver
Capabilities [{platform=ANDROID, acceptSslCerts=true, javascriptEnabled=true, browserName=chrome, chrome={}, rotatable=false, locationContextEnabled=true, mobileEmulationEnabled=false, version=40.0.2214.109, takesHeapSnapshot=true, cssSelectorsEnabled=true, databaseEnabled=false, handlesAlerts=true, browserConnectionEnabled=false, nativeEvents=true, webStorageEnabled=true, applicationCacheEnabled=false, takesScreenshot=true}]
7 AbMobileNav: org.openqa.selenium.WebDriverException: An error occurred (WARNING: The server did not provide any stacktrace information)
Command duration or timeout: 10 milliseconds
Build info: version: '2.42.2', revision: '6a6995d31c7c56c340d6f45a76976d43506cd6cc', time: '2014-06-03 10:52:47'
System info: host: 'testrunner1', ip: '10.12.14.222', os.name: 'Mac OS X', os.arch: 'x86_64', os.version: '10.10.2', java.version: '1.7.0_67'
Session ID: bace0e132954e8b7814aa4c5f2e539ef
Driver info: io.appium.java_client.android.AndroidDriver
Capabilities [{platform=ANDROID, acceptSslCerts=true, javascriptEnabled=true, browserName=chrome, chrome={}, rotatable=false, locationContextEnabled=true, mobileEmulationEnabled=false, version=40.0.2214.109, takesHeapSnapshot=true, cssSelectorsEnabled=true, databaseEnabled=false, handlesAlerts=true, browserConnectionEnabled=false, nativeEvents=true, webStorageEnabled=true, applicationCacheEnabled=false, takesScreenshot=true}]
8 AbMobileNav: org.openqa.selenium.WebDriverException: An error occurred (WARNING: The server did not provide any stacktrace information)
Command duration or timeout: 9 milliseconds
Build info: version: '2.42.2', revision: '6a6995d31c7c56c340d6f45a76976d43506cd6cc', time: '2014-06-03 10:52:47'
System info: host: 'testrunner1', ip: '10.12.14.222', os.name: 'Mac OS X', os.arch: 'x86_64', os.version: '10.10.2', java.version: '1.7.0_67'
Session ID: bace0e132954e8b7814aa4c5f2e539ef
Driver info: io.appium.java_client.android.AndroidDriver
Capabilities [{platform=ANDROID, acceptSslCerts=true, javascriptEnabled=true, browserName=chrome, chrome={}, rotatable=false, locationContextEnabled=true, mobileEmulationEnabled=false, version=40.0.2214.109, takesHeapSnapshot=true, cssSelectorsEnabled=true, databaseEnabled=false, handlesAlerts=true, browserConnectionEnabled=false, nativeEvents=true, webStorageEnabled=true, applicationCacheEnabled=false, takesScreenshot=true}]
9 AbMobileNav: org.openqa.selenium.WebDriverException: An error occurred (WARNING: The server did not provide any stacktrace information)
Command duration or timeout: 11 milliseconds
Build info: version: '2.42.2', revision: '6a6995d31c7c56c340d6f45a76976d43506cd6cc', time: '2014-06-03 10:52:47'
System info: host: 'testrunner1', ip: '10.12.14.222', os.name: 'Mac OS X', os.arch: 'x86_64', os.version: '10.10.2', java.version: '1.7.0_67'
Session ID: bace0e132954e8b7814aa4c5f2e539ef
Driver info: io.appium.java_client.android.AndroidDriver
Capabilities [{platform=ANDROID, acceptSslCerts=true, javascriptEnabled=true, browserName=chrome, chrome={}, rotatable=false, locationContextEnabled=true, mobileEmulationEnabled=false, version=40.0.2214.109, takesHeapSnapshot=true, cssSelectorsEnabled=true, databaseEnabled=false, handlesAlerts=true, browserConnectionEnabled=false, nativeEvents=true, webStorageEnabled=true, applicationCacheEnabled=false, takesScreenshot=true}]
10 AbMobileNav: org.openqa.selenium.WebDriverException: An error occurred (WARNING: The server did not provide any stacktrace information)
Command duration or timeout: 9 milliseconds
Build info: version: '2.42.2', revision: '6a6995d31c7c56c340d6f45a76976d43506cd6cc', time: '2014-06-03 10:52:47'
System info: host: 'testrunner1', ip: '10.12.14.222', os.name: 'Mac OS X', os.arch: 'x86_64', os.version: '10.10.2', java.version: '1.7.0_67'
Session ID: bace0e132954e8b7814aa4c5f2e539ef
Driver info: io.appium.java_client.android.AndroidDriver
Capabilities [{platform=ANDROID, acceptSslCerts=true, javascriptEnabled=true, browserName=chrome, chrome={}, rotatable=false, locationContextEnabled=true, mobileEmulationEnabled=false, version=40.0.2214.109, takesHeapSnapshot=true, cssSelectorsEnabled=true, databaseEnabled=false, handlesAlerts=true, browserConnectionEnabled=false, nativeEvents=true, webStorageEnabled=true, applicationCacheEnabled=false, takesScreenshot=true}]
11 AbMobileNav: org.openqa.selenium.WebDriverException: An error occurred (WARNING: The server did not provide any stacktrace information)
Command duration or timeout: 10 milliseconds
Build info: version: '2.42.2', revision: '6a6995d31c7c56c340d6f45a76976d43506cd6cc', time: '2014-06-03 10:52:47'
System info: host: 'testrunner1', ip: '10.12.14.222', os.name: 'Mac OS X', os.arch: 'x86_64', os.version: '10.10.2', java.version: '1.7.0_67'
Session ID: bace0e132954e8b7814aa4c5f2e539ef
Driver info: io.appium.java_client.android.AndroidDriver
Capabilities [{platform=ANDROID, acceptSslCerts=true, javascriptEnabled=true, browserName=chrome, chrome={}, rotatable=false, locationContextEnabled=true, mobileEmulationEnabled=false, version=40.0.2214.109, takesHeapSnapshot=true, cssSelectorsEnabled=true, databaseEnabled=false, handlesAlerts=true, browserConnectionEnabled=false, nativeEvents=true, webStorageEnabled=true, applicationCacheEnabled=false, takesScreenshot=true}]
12 AbMobileNav: org.openqa.selenium.WebDriverException: An error occurred (WARNING: The server did not provide any stacktrace information)
Command duration or timeout: 10 milliseconds
Build info: version: '2.42.2', revision: '6a6995d31c7c56c340d6f45a76976d43506cd6cc', time: '2014-06-03 10:52:47'
System info: host: 'testrunner1', ip: '10.12.14.222', os.name: 'Mac OS X', os.arch: 'x86_64', os.version: '10.10.2', java.version: '1.7.0_67'
Session ID: bace0e132954e8b7814aa4c5f2e539ef
Driver info: io.appium.java_client.android.AndroidDriver
Capabilities [{platform=ANDROID, acceptSslCerts=true, javascriptEnabled=true, browserName=chrome, chrome={}, rotatable=false, locationContextEnabled=true, mobileEmulationEnabled=false, version=40.0.2214.109, takesHeapSnapshot=true, cssSelectorsEnabled=true, databaseEnabled=false, handlesAlerts=true, browserConnectionEnabled=false, nativeEvents=true, webStorageEnabled=true, applicationCacheEnabled=false, takesScreenshot=true}]
13 AbMobileNav: org.openqa.selenium.WebDriverException: An error occurred (WARNING: The server did not provide any stacktrace information)
Command duration or timeout: 9 milliseconds
Build info: version: '2.42.2', revision: '6a6995d31c7c56c340d6f45a76976d43506cd6cc', time: '2014-06-03 10:52:47'
System info: host: 'testrunner1', ip: '10.12.14.222', os.name: 'Mac OS X', os.arch: 'x86_64', os.version: '10.10.2', java.version: '1.7.0_67'
Session ID: bace0e132954e8b7814aa4c5f2e539ef
Driver info: io.appium.java_client.android.AndroidDriver
Capabilities [{platform=ANDROID, acceptSslCerts=true, javascriptEnabled=true, browserName=chrome, chrome={}, rotatable=false, locationContextEnabled=true, mobileEmulationEnabled=false, version=40.0.2214.109, takesHeapSnapshot=true, cssSelectorsEnabled=true, databaseEnabled=false, handlesAlerts=true, browserConnectionEnabled=false, nativeEvents=true, webStorageEnabled=true, applicationCacheEnabled=false, takesScreenshot=true}]
14 AbMobileNav: org.openqa.selenium.WebDriverException: An error occurred (WARNING: The server did not provide any stacktrace information)
Command duration or timeout: 18 milliseconds
Build info: version: '2.42.2', revision: '6a6995d31c7c56c340d6f45a76976d43506cd6cc', time: '2014-06-03 10:52:47'
System info: host: 'testrunner1', ip: '10.12.14.222', os.name: 'Mac OS X', os.arch: 'x86_64', os.version: '10.10.2', java.version: '1.7.0_67'
Session ID: bace0e132954e8b7814aa4c5f2e539ef
Driver info: io.appium.java_client.android.AndroidDriver
Capabilities [{platform=ANDROID, acceptSslCerts=true, javascriptEnabled=true, browserName=chrome, chrome={}, rotatable=false, locationContextEnabled=true, mobileEmulationEnabled=false, version=40.0.2214.109, takesHeapSnapshot=true, cssSelectorsEnabled=true, databaseEnabled=false, handlesAlerts=true, browserConnectionEnabled=false, nativeEvents=true, webStorageEnabled=true, applicationCacheEnabled=false, takesScreenshot=true}]
15 AbMobileNav: org.openqa.selenium.WebDriverException: An error occurred (WARNING: The server did not provide any stacktrace information)
Command duration or timeout: 8 milliseconds
Build info: version: '2.42.2', revision: '6a6995d31c7c56c340d6f45a76976d43506cd6cc', time: '2014-06-03 10:52:47'
System info: host: 'testrunner1', ip: '10.12.14.222', os.name: 'Mac OS X', os.arch: 'x86_64', os.version: '10.10.2', java.version: '1.7.0_67'
Session ID: bace0e132954e8b7814aa4c5f2e539ef
Driver info: io.appium.java_client.android.AndroidDriver
Capabilities [{platform=ANDROID, acceptSslCerts=true, javascriptEnabled=true, browserName=chrome, chrome={}, rotatable=false, locationContextEnabled=true, mobileEmulationEnabled=false, version=40.0.2214.109, takesHeapSnapshot=true, cssSelectorsEnabled=true, databaseEnabled=false, handlesAlerts=true, browserConnectionEnabled=false, nativeEvents=true, webStorageEnabled=true, applicationCacheEnabled=false, takesScreenshot=true}]
Try to assert page title: Sport
16 AbMobileNav: org.openqa.selenium.WebDriverException: An error occurred (WARNING: The server did not provide any stacktrace information)
Command duration or timeout: 9 milliseconds
Build info: version: '2.42.2', revision: '6a6995d31c7c56c340d6f45a76976d43506cd6cc', time: '2014-06-03 10:52:47'
System info: host: 'testrunner1', ip: '10.12.14.222', os.name: 'Mac OS X', os.arch: 'x86_64', os.version: '10.10.2', java.version: '1.7.0_67'
Session ID: bace0e132954e8b7814aa4c5f2e539ef
Driver info: io.appium.java_client.android.AndroidDriver
Capabilities [{platform=ANDROID, acceptSslCerts=true, javascriptEnabled=true, browserName=chrome, chrome={}, rotatable=false, locationContextEnabled=true, mobileEmulationEnabled=false, version=40.0.2214.109, takesHeapSnapshot=true, cssSelectorsEnabled=true, databaseEnabled=false, handlesAlerts=true, browserConnectionEnabled=false, nativeEvents=true, webStorageEnabled=true, applicationCacheEnabled=false, takesScreenshot=true}]
17 AbMobileNav: org.openqa.selenium.WebDriverException: An error occurred (WARNING: The server did not provide any stacktrace information)
Command duration or timeout: 9 milliseconds
Build info: version: '2.42.2', revision: '6a6995d31c7c56c340d6f45a76976d43506cd6cc', time: '2014-06-03 10:52:47'
System info: host: 'testrunner1', ip: '10.12.14.222', os.name: 'Mac OS X', os.arch: 'x86_64', os.version: '10.10.2', java.version: '1.7.0_67'
Session ID: bace0e132954e8b7814aa4c5f2e539ef
Driver info: io.appium.java_client.android.AndroidDriver
Capabilities [{platform=ANDROID, acceptSslCerts=true, javascriptEnabled=true, browserName=chrome, chrome={}, rotatable=false, locationContextEnabled=true, mobileEmulationEnabled=false, version=40.0.2214.109, takesHeapSnapshot=true, cssSelectorsEnabled=true, databaseEnabled=false, handlesAlerts=true, browserConnectionEnabled=false, nativeEvents=true, webStorageEnabled=true, applicationCacheEnabled=false, takesScreenshot=true}]
18 AbMobileNav: org.openqa.selenium.WebDriverException: An error occurred (WARNING: The server did not provide any stacktrace information)
Command duration or timeout: 10 milliseconds
Build info: version: '2.42.2', revision: '6a6995d31c7c56c340d6f45a76976d43506cd6cc', time: '2014-06-03 10:52:47'
System info: host: 'testrunner1', ip: '10.12.14.222', os.name: 'Mac OS X', os.arch: 'x86_64', os.version: '10.10.2', java.version: '1.7.0_67'
Session ID: bace0e132954e8b7814aa4c5f2e539ef
Driver info: io.appium.java_client.android.AndroidDriver
Capabilities [{platform=ANDROID, acceptSslCerts=true, javascriptEnabled=true, browserName=chrome, chrome={}, rotatable=false, locationContextEnabled=true, mobileEmulationEnabled=false, version=40.0.2214.109, takesHeapSnapshot=true, cssSelectorsEnabled=true, databaseEnabled=false, handlesAlerts=true, browserConnectionEnabled=false, nativeEvents=true, webStorageEnabled=true, applicationCacheEnabled=false, takesScreenshot=true}]
19 AbMobileNav: org.openqa.selenium.WebDriverException: An error occurred (WARNING: The server did not provide any stacktrace information)
Command duration or timeout: 11 milliseconds
Build info: version: '2.42.2', revision: '6a6995d31c7c56c340d6f45a76976d43506cd6cc', time: '2014-06-03 10:52:47'
System info: host: 'testrunner1', ip: '10.12.14.222', os.name: 'Mac OS X', os.arch: 'x86_64', os.version: '10.10.2', java.version: '1.7.0_67'
Session ID: bace0e132954e8b7814aa4c5f2e539ef
Driver info: io.appium.java_client.android.AndroidDriver
Capabilities [{platform=ANDROID, acceptSslCerts=true, javascriptEnabled=true, browserName=chrome, chrome={}, rotatable=false, locationContextEnabled=true, mobileEmulationEnabled=false, version=40.0.2214.109, takesHeapSnapshot=true, cssSelectorsEnabled=true, databaseEnabled=false, handlesAlerts=true, browserConnectionEnabled=false, nativeEvents=true, webStorageEnabled=true, applicationCacheEnabled=false, takesScreenshot=true}]
]]></system-out>
  </testcase>
  <testcase name="goToColumnistsSubPages[Android_4.4.2_GT-I9505_Chrome_UNKNOWN]" classname="se.aftonbladet.abtest.tests.mobile.menu.AbMobileNavTest(20150220-060049)" time="10.333">
    <error message="chrome not reachable&#10;  (Session info: chrome=40.0.2214.109)&#10;  (Driver info: chromedriver=2.14.313457 (3d645c400edf2e2c500566c9aa096063e707c9cf),platform=Mac OS X 10.10.2 x86_64) (WARNING: The server did not provide any stacktrace information)&#10;Command duration or timeout: 11 milliseconds&#10;Build info: version: &apos;2.42.2&apos;, revision: &apos;6a6995d31c7c56c340d6f45a76976d43506cd6cc&apos;, time: &apos;2014-06-03 10:52:47&apos;&#10;System info: host: &apos;testrunner1&apos;, ip: &apos;10.12.14.222&apos;, os.name: &apos;Mac OS X&apos;, os.arch: &apos;x86_64&apos;, os.version: &apos;10.10.2&apos;, java.version: &apos;1.7.0_67&apos;&#10;Session ID: bace0e132954e8b7814aa4c5f2e539ef&#10;Driver info: io.appium.java_client.android.AndroidDriver&#10;Capabilities [{platform=ANDROID, acceptSslCerts=true, javascriptEnabled=true, browserName=chrome, chrome={}, rotatable=false, locationContextEnabled=true, mobileEmulationEnabled=false, version=40.0.2214.109, takesHeapSnapshot=true, cssSelectorsEnabled=true, databaseEnabled=false, handlesAlerts=true, browserConnectionEnabled=false, nativeEvents=true, webStorageEnabled=true, applicationCacheEnabled=false, takesScreenshot=true}]" type="org.openqa.selenium.WebDriverException">org.openqa.selenium.WebDriverException: chrome not reachable
  (Session info: chrome=40.0.2214.109)
  (Driver info: chromedriver=2.14.313457 (3d645c400edf2e2c500566c9aa096063e707c9cf),platform=Mac OS X 10.10.2 x86_64) (WARNING: The server did not provide any stacktrace information)
Command duration or timeout: 11 milliseconds
Build info: version: '2.42.2', revision: '6a6995d31c7c56c340d6f45a76976d43506cd6cc', time: '2014-06-03 10:52:47'
System info: host: 'testrunner1', ip: '10.12.14.222', os.name: 'Mac OS X', os.arch: 'x86_64', os.version: '10.10.2', java.version: '1.7.0_67'
Session ID: bace0e132954e8b7814aa4c5f2e539ef
Driver info: io.appium.java_client.android.AndroidDriver
Capabilities [{platform=ANDROID, acceptSslCerts=true, javascriptEnabled=true, browserName=chrome, chrome={}, rotatable=false, locationContextEnabled=true, mobileEmulationEnabled=false, version=40.0.2214.109, takesHeapSnapshot=true, cssSelectorsEnabled=true, databaseEnabled=false, handlesAlerts=true, browserConnectionEnabled=false, nativeEvents=true, webStorageEnabled=true, applicationCacheEnabled=false, takesScreenshot=true}]
	at sun.reflect.GeneratedConstructorAccessor12.newInstance(Unknown Source)
	at sun.reflect.DelegatingConstructorAccessorImpl.newInstance(DelegatingConstructorAccessorImpl.java:45)
	at java.lang.reflect.Constructor.newInstance(Constructor.java:526)
	at org.openqa.selenium.remote.ErrorHandler.createThrowable(ErrorHandler.java:204)
	at org.openqa.selenium.remote.ErrorHandler.throwIfResponseFailed(ErrorHandler.java:156)
	at org.openqa.selenium.remote.RemoteWebDriver.execute(RemoteWebDriver.java:599)
	at io.appium.java_client.AppiumDriver.execute(AppiumDriver.java:180)
	at io.appium.java_client.AppiumDriver.execute(AppiumDriver.java:185)
	at org.openqa.selenium.remote.RemoteWebDriver$RemoteWebDriverOptions.deleteAllCookies(RemoteWebDriver.java:685)
	at se.aftonbladet.abtest.tests.mobile.menu.AbMobileNavTest.setUp(AbMobileNavTest.java:74)
</error>
    <system-out><![CDATA[Driver: AndroidDriver: chrome on ANDROID (bace0e132954e8b7814aa4c5f2e539ef)
0 AbMobileNav: org.openqa.selenium.WebDriverException: An error occurred (WARNING: The server did not provide any stacktrace information)
Command duration or timeout: 10 milliseconds
Build info: version: '2.42.2', revision: '6a6995d31c7c56c340d6f45a76976d43506cd6cc', time: '2014-06-03 10:52:47'
System info: host: 'testrunner1', ip: '10.12.14.222', os.name: 'Mac OS X', os.arch: 'x86_64', os.version: '10.10.2', java.version: '1.7.0_67'
Session ID: bace0e132954e8b7814aa4c5f2e539ef
Driver info: io.appium.java_client.android.AndroidDriver
Capabilities [{platform=ANDROID, acceptSslCerts=true, javascriptEnabled=true, browserName=chrome, chrome={}, rotatable=false, locationContextEnabled=true, mobileEmulationEnabled=false, version=40.0.2214.109, takesHeapSnapshot=true, cssSelectorsEnabled=true, databaseEnabled=false, handlesAlerts=true, browserConnectionEnabled=false, nativeEvents=true, webStorageEnabled=true, applicationCacheEnabled=false, takesScreenshot=true}]
>>>Compare to page title: sportbladet | aftonbladet
1 AbMobileNav: org.openqa.selenium.WebDriverException: An error occurred (WARNING: The server did not provide any stacktrace information)
Command duration or timeout: 11 milliseconds
Build info: version: '2.42.2', revision: '6a6995d31c7c56c340d6f45a76976d43506cd6cc', time: '2014-06-03 10:52:47'
System info: host: 'testrunner1', ip: '10.12.14.222', os.name: 'Mac OS X', os.arch: 'x86_64', os.version: '10.10.2', java.version: '1.7.0_67'
Session ID: bace0e132954e8b7814aa4c5f2e539ef
Driver info: io.appium.java_client.android.AndroidDriver
Capabilities [{platform=ANDROID, acceptSslCerts=true, javascriptEnabled=true, browserName=chrome, chrome={}, rotatable=false, locationContextEnabled=true, mobileEmulationEnabled=false, version=40.0.2214.109, takesHeapSnapshot=true, cssSelectorsEnabled=true, databaseEnabled=false, handlesAlerts=true, browserConnectionEnabled=false, nativeEvents=true, webStorageEnabled=true, applicationCacheEnabled=false, takesScreenshot=true}]
2 AbMobileNav: org.openqa.selenium.WebDriverException: An error occurred (WARNING: The server did not provide any stacktrace information)
Command duration or timeout: 13 milliseconds
Build info: version: '2.42.2', revision: '6a6995d31c7c56c340d6f45a76976d43506cd6cc', time: '2014-06-03 10:52:47'
System info: host: 'testrunner1', ip: '10.12.14.222', os.name: 'Mac OS X', os.arch: 'x86_64', os.version: '10.10.2', java.version: '1.7.0_67'
Session ID: bace0e132954e8b7814aa4c5f2e539ef
Driver info: io.appium.java_client.android.AndroidDriver
Capabilities [{platform=ANDROID, acceptSslCerts=true, javascriptEnabled=true, browserName=chrome, chrome={}, rotatable=false, locationContextEnabled=true, mobileEmulationEnabled=false, version=40.0.2214.109, takesHeapSnapshot=true, cssSelectorsEnabled=true, databaseEnabled=false, handlesAlerts=true, browserConnectionEnabled=false, nativeEvents=true, webStorageEnabled=true, applicationCacheEnabled=false, takesScreenshot=true}]
3 AbMobileNav: org.openqa.selenium.WebDriverException: An error occurred (WARNING: The server did not provide any stacktrace information)
Command duration or timeout: 12 milliseconds
Build info: version: '2.42.2', revision: '6a6995d31c7c56c340d6f45a76976d43506cd6cc', time: '2014-06-03 10:52:47'
System info: host: 'testrunner1', ip: '10.12.14.222', os.name: 'Mac OS X', os.arch: 'x86_64', os.version: '10.10.2', java.version: '1.7.0_67'
Session ID: bace0e132954e8b7814aa4c5f2e539ef
Driver info: io.appium.java_client.android.AndroidDriver
Capabilities [{platform=ANDROID, acceptSslCerts=true, javascriptEnabled=true, browserName=chrome, chrome={}, rotatable=false, locationContextEnabled=true, mobileEmulationEnabled=false, version=40.0.2214.109, takesHeapSnapshot=true, cssSelectorsEnabled=true, databaseEnabled=false, handlesAlerts=true, browserConnectionEnabled=false, nativeEvents=true, webStorageEnabled=true, applicationCacheEnabled=false, takesScreenshot=true}]
By: By.xpath: //*[@class="abSubNav"]//li/a[text()='Fotboll' and not(@disabled)]
4 AbMobileNav: org.openqa.selenium.WebDriverException: An error occurred (WARNING: The server did not provide any stacktrace information)
Command duration or timeout: 10 milliseconds
Build info: version: '2.42.2', revision: '6a6995d31c7c56c340d6f45a76976d43506cd6cc', time: '2014-06-03 10:52:47'
System info: host: 'testrunner1', ip: '10.12.14.222', os.name: 'Mac OS X', os.arch: 'x86_64', os.version: '10.10.2', java.version: '1.7.0_67'
Session ID: bace0e132954e8b7814aa4c5f2e539ef
Driver info: io.appium.java_client.android.AndroidDriver
Capabilities [{platform=ANDROID, acceptSslCerts=true, javascriptEnabled=true, browserName=chrome, chrome={}, rotatable=false, locationContextEnabled=true, mobileEmulationEnabled=false, version=40.0.2214.109, takesHeapSnapshot=true, cssSelectorsEnabled=true, databaseEnabled=false, handlesAlerts=true, browserConnectionEnabled=false, nativeEvents=true, webStorageEnabled=true, applicationCacheEnabled=false, takesScreenshot=true}]
5 AbMobileNav: org.openqa.selenium.WebDriverException: An error occurred (WARNING: The server did not provide any stacktrace information)
Command duration or timeout: 10 milliseconds
Build info: version: '2.42.2', revision: '6a6995d31c7c56c340d6f45a76976d43506cd6cc', time: '2014-06-03 10:52:47'
System info: host: 'testrunner1', ip: '10.12.14.222', os.name: 'Mac OS X', os.arch: 'x86_64', os.version: '10.10.2', java.version: '1.7.0_67'
Session ID: bace0e132954e8b7814aa4c5f2e539ef
Driver info: io.appium.java_client.android.AndroidDriver
Capabilities [{platform=ANDROID, acceptSslCerts=true, javascriptEnabled=true, browserName=chrome, chrome={}, rotatable=false, locationContextEnabled=true, mobileEmulationEnabled=false, version=40.0.2214.109, takesHeapSnapshot=true, cssSelectorsEnabled=true, databaseEnabled=false, handlesAlerts=true, browserConnectionEnabled=false, nativeEvents=true, webStorageEnabled=true, applicationCacheEnabled=false, takesScreenshot=true}]
6 AbMobileNav: org.openqa.selenium.WebDriverException: An error occurred (WARNING: The server did not provide any stacktrace information)
Command duration or timeout: 11 milliseconds
Build info: version: '2.42.2', revision: '6a6995d31c7c56c340d6f45a76976d43506cd6cc', time: '2014-06-03 10:52:47'
System info: host: 'testrunner1', ip: '10.12.14.222', os.name: 'Mac OS X', os.arch: 'x86_64', os.version: '10.10.2', java.version: '1.7.0_67'
Session ID: bace0e132954e8b7814aa4c5f2e539ef
Driver info: io.appium.java_client.android.AndroidDriver
Capabilities [{platform=ANDROID, acceptSslCerts=true, javascriptEnabled=true, browserName=chrome, chrome={}, rotatable=false, locationContextEnabled=true, mobileEmulationEnabled=false, version=40.0.2214.109, takesHeapSnapshot=true, cssSelectorsEnabled=true, databaseEnabled=false, handlesAlerts=true, browserConnectionEnabled=false, nativeEvents=true, webStorageEnabled=true, applicationCacheEnabled=false, takesScreenshot=true}]
Try to assert page title: Fotboll | Sportbladet
7 AbMobileNav: org.openqa.selenium.WebDriverException: An error occurred (WARNING: The server did not provide any stacktrace information)
Command duration or timeout: 11 milliseconds
Build info: version: '2.42.2', revision: '6a6995d31c7c56c340d6f45a76976d43506cd6cc', time: '2014-06-03 10:52:47'
System info: host: 'testrunner1', ip: '10.12.14.222', os.name: 'Mac OS X', os.arch: 'x86_64', os.version: '10.10.2', java.version: '1.7.0_67'
Session ID: bace0e132954e8b7814aa4c5f2e539ef
Driver info: io.appium.java_client.android.AndroidDriver
Capabilities [{platform=ANDROID, acceptSslCerts=true, javascriptEnabled=true, browserName=chrome, chrome={}, rotatable=false, locationContextEnabled=true, mobileEmulationEnabled=false, version=40.0.2214.109, takesHeapSnapshot=true, cssSelectorsEnabled=true, databaseEnabled=false, handlesAlerts=true, browserConnectionEnabled=false, nativeEvents=true, webStorageEnabled=true, applicationCacheEnabled=false, takesScreenshot=true}]
8 AbMobileNav: org.openqa.selenium.WebDriverException: An error occurred (WARNING: The server did not provide any stacktrace information)
Command duration or timeout: 12 milliseconds
Build info: version: '2.42.2', revision: '6a6995d31c7c56c340d6f45a76976d43506cd6cc', time: '2014-06-03 10:52:47'
System info: host: 'testrunner1', ip: '10.12.14.222', os.name: 'Mac OS X', os.arch: 'x86_64', os.version: '10.10.2', java.version: '1.7.0_67'
Session ID: bace0e132954e8b7814aa4c5f2e539ef
Driver info: io.appium.java_client.android.AndroidDriver
Capabilities [{platform=ANDROID, acceptSslCerts=true, javascriptEnabled=true, browserName=chrome, chrome={}, rotatable=false, locationContextEnabled=true, mobileEmulationEnabled=false, version=40.0.2214.109, takesHeapSnapshot=true, cssSelectorsEnabled=true, databaseEnabled=false, handlesAlerts=true, browserConnectionEnabled=false, nativeEvents=true, webStorageEnabled=true, applicationCacheEnabled=false, takesScreenshot=true}]
9 AbMobileNav: org.openqa.selenium.WebDriverException: An error occurred (WARNING: The server did not provide any stacktrace information)
Command duration or timeout: 14 milliseconds
Build info: version: '2.42.2', revision: '6a6995d31c7c56c340d6f45a76976d43506cd6cc', time: '2014-06-03 10:52:47'
System info: host: 'testrunner1', ip: '10.12.14.222', os.name: 'Mac OS X', os.arch: 'x86_64', os.version: '10.10.2', java.version: '1.7.0_67'
Session ID: bace0e132954e8b7814aa4c5f2e539ef
Driver info: io.appium.java_client.android.AndroidDriver
Capabilities [{platform=ANDROID, acceptSslCerts=true, javascriptEnabled=true, browserName=chrome, chrome={}, rotatable=false, locationContextEnabled=true, mobileEmulationEnabled=false, version=40.0.2214.109, takesHeapSnapshot=true, cssSelectorsEnabled=true, databaseEnabled=false, handlesAlerts=true, browserConnectionEnabled=false, nativeEvents=true, webStorageEnabled=true, applicationCacheEnabled=false, takesScreenshot=true}]
10 AbMobileNav: org.openqa.selenium.WebDriverException: An error occurred (WARNING: The server did not provide any stacktrace information)
Command duration or timeout: 11 milliseconds
Build info: version: '2.42.2', revision: '6a6995d31c7c56c340d6f45a76976d43506cd6cc', time: '2014-06-03 10:52:47'
System info: host: 'testrunner1', ip: '10.12.14.222', os.name: 'Mac OS X', os.arch: 'x86_64', os.version: '10.10.2', java.version: '1.7.0_67'
Session ID: bace0e132954e8b7814aa4c5f2e539ef
Driver info: io.appium.java_client.android.AndroidDriver
Capabilities [{platform=ANDROID, acceptSslCerts=true, javascriptEnabled=true, browserName=chrome, chrome={}, rotatable=false, locationContextEnabled=true, mobileEmulationEnabled=false, version=40.0.2214.109, takesHeapSnapshot=true, cssSelectorsEnabled=true, databaseEnabled=false, handlesAlerts=true, browserConnectionEnabled=false, nativeEvents=true, webStorageEnabled=true, applicationCacheEnabled=false, takesScreenshot=true}]
11 AbMobileNav: org.openqa.selenium.WebDriverException: An error occurred (WARNING: The server did not provide any stacktrace information)
Command duration or timeout: 14 milliseconds
Build info: version: '2.42.2', revision: '6a6995d31c7c56c340d6f45a76976d43506cd6cc', time: '2014-06-03 10:52:47'
System info: host: 'testrunner1', ip: '10.12.14.222', os.name: 'Mac OS X', os.arch: 'x86_64', os.version: '10.10.2', java.version: '1.7.0_67'
Session ID: bace0e132954e8b7814aa4c5f2e539ef
Driver info: io.appium.java_client.android.AndroidDriver
Capabilities [{platform=ANDROID, acceptSslCerts=true, javascriptEnabled=true, browserName=chrome, chrome={}, rotatable=false, locationContextEnabled=true, mobileEmulationEnabled=false, version=40.0.2214.109, takesHeapSnapshot=true, cssSelectorsEnabled=true, databaseEnabled=false, handlesAlerts=true, browserConnectionEnabled=false, nativeEvents=true, webStorageEnabled=true, applicationCacheEnabled=false, takesScreenshot=true}]
12 AbMobileNav: org.openqa.selenium.WebDriverException: An error occurred (WARNING: The server did not provide any stacktrace information)
Command duration or timeout: 10 milliseconds
Build info: version: '2.42.2', revision: '6a6995d31c7c56c340d6f45a76976d43506cd6cc', time: '2014-06-03 10:52:47'
System info: host: 'testrunner1', ip: '10.12.14.222', os.name: 'Mac OS X', os.arch: 'x86_64', os.version: '10.10.2', java.version: '1.7.0_67'
Session ID: bace0e132954e8b7814aa4c5f2e539ef
Driver info: io.appium.java_client.android.AndroidDriver
Capabilities [{platform=ANDROID, acceptSslCerts=true, javascriptEnabled=true, browserName=chrome, chrome={}, rotatable=false, locationContextEnabled=true, mobileEmulationEnabled=false, version=40.0.2214.109, takesHeapSnapshot=true, cssSelectorsEnabled=true, databaseEnabled=false, handlesAlerts=true, browserConnectionEnabled=false, nativeEvents=true, webStorageEnabled=true, applicationCacheEnabled=false, takesScreenshot=true}]
13 AbMobileNav: org.openqa.selenium.WebDriverException: An error occurred (WARNING: The server did not provide any stacktrace information)
Command duration or timeout: 12 milliseconds
Build info: version: '2.42.2', revision: '6a6995d31c7c56c340d6f45a76976d43506cd6cc', time: '2014-06-03 10:52:47'
System info: host: 'testrunner1', ip: '10.12.14.222', os.name: 'Mac OS X', os.arch: 'x86_64', os.version: '10.10.2', java.version: '1.7.0_67'
Session ID: bace0e132954e8b7814aa4c5f2e539ef
Driver info: io.appium.java_client.android.AndroidDriver
Capabilities [{platform=ANDROID, acceptSslCerts=true, javascriptEnabled=true, browserName=chrome, chrome={}, rotatable=false, locationContextEnabled=true, mobileEmulationEnabled=false, version=40.0.2214.109, takesHeapSnapshot=true, cssSelectorsEnabled=true, databaseEnabled=false, handlesAlerts=true, browserConnectionEnabled=false, nativeEvents=true, webStorageEnabled=true, applicationCacheEnabled=false, takesScreenshot=true}]
>>>Compare to page title: fotboll | sportbladet | aftonbladet
14 AbMobileNav: org.openqa.selenium.WebDriverException: An error occurred (WARNING: The server did not provide any stacktrace information)
Command duration or timeout: 11 milliseconds
Build info: version: '2.42.2', revision: '6a6995d31c7c56c340d6f45a76976d43506cd6cc', time: '2014-06-03 10:52:47'
System info: host: 'testrunner1', ip: '10.12.14.222', os.name: 'Mac OS X', os.arch: 'x86_64', os.version: '10.10.2', java.version: '1.7.0_67'
Session ID: bace0e132954e8b7814aa4c5f2e539ef
Driver info: io.appium.java_client.android.AndroidDriver
Capabilities [{platform=ANDROID, acceptSslCerts=true, javascriptEnabled=true, browserName=chrome, chrome={}, rotatable=false, locationContextEnabled=true, mobileEmulationEnabled=false, version=40.0.2214.109, takesHeapSnapshot=true, cssSelectorsEnabled=true, databaseEnabled=false, handlesAlerts=true, browserConnectionEnabled=false, nativeEvents=true, webStorageEnabled=true, applicationCacheEnabled=false, takesScreenshot=true}]
15 AbMobileNav: org.openqa.selenium.WebDriverException: An error occurred (WARNING: The server did not provide any stacktrace information)
Command duration or timeout: 13 milliseconds
Build info: version: '2.42.2', revision: '6a6995d31c7c56c340d6f45a76976d43506cd6cc', time: '2014-06-03 10:52:47'
System info: host: 'testrunner1', ip: '10.12.14.222', os.name: 'Mac OS X', os.arch: 'x86_64', os.version: '10.10.2', java.version: '1.7.0_67'
Session ID: bace0e132954e8b7814aa4c5f2e539ef
Driver info: io.appium.java_client.android.AndroidDriver
Capabilities [{platform=ANDROID, acceptSslCerts=true, javascriptEnabled=true, browserName=chrome, chrome={}, rotatable=false, locationContextEnabled=true, mobileEmulationEnabled=false, version=40.0.2214.109, takesHeapSnapshot=true, cssSelectorsEnabled=true, databaseEnabled=false, handlesAlerts=true, browserConnectionEnabled=false, nativeEvents=true, webStorageEnabled=true, applicationCacheEnabled=false, takesScreenshot=true}]
16 AbMobileNav: org.openqa.selenium.WebDriverException: An error occurred (WARNING: The server did not provide any stacktrace information)
Command duration or timeout: 10 milliseconds
Build info: version: '2.42.2', revision: '6a6995d31c7c56c340d6f45a76976d43506cd6cc', time: '2014-06-03 10:52:47'
System info: host: 'testrunner1', ip: '10.12.14.222', os.name: 'Mac OS X', os.arch: 'x86_64', os.version: '10.10.2', java.version: '1.7.0_67'
Session ID: bace0e132954e8b7814aa4c5f2e539ef
Driver info: io.appium.java_client.android.AndroidDriver
Capabilities [{platform=ANDROID, acceptSslCerts=true, javascriptEnabled=true, browserName=chrome, chrome={}, rotatable=false, locationContextEnabled=true, mobileEmulationEnabled=false, version=40.0.2214.109, takesHeapSnapshot=true, cssSelectorsEnabled=true, databaseEnabled=false, handlesAlerts=true, browserConnectionEnabled=false, nativeEvents=true, webStorageEnabled=true, applicationCacheEnabled=false, takesScreenshot=true}]
By: By.xpath: //*[@class="abSubNav"]//li/a[text()='Hockey' and not(@disabled)]
17 AbMobileNav: org.openqa.selenium.WebDriverException: An error occurred (WARNING: The server did not provide any stacktrace information)
Command duration or timeout: 10 milliseconds
Build info: version: '2.42.2', revision: '6a6995d31c7c56c340d6f45a76976d43506cd6cc', time: '2014-06-03 10:52:47'
System info: host: 'testrunner1', ip: '10.12.14.222', os.name: 'Mac OS X', os.arch: 'x86_64', os.version: '10.10.2', java.version: '1.7.0_67'
Session ID: bace0e132954e8b7814aa4c5f2e539ef
Driver info: io.appium.java_client.android.AndroidDriver
Capabilities [{platform=ANDROID, acceptSslCerts=true, javascriptEnabled=true, browserName=chrome, chrome={}, rotatable=false, locationContextEnabled=true, mobileEmulationEnabled=false, version=40.0.2214.109, takesHeapSnapshot=true, cssSelectorsEnabled=true, databaseEnabled=false, handlesAlerts=true, browserConnectionEnabled=false, nativeEvents=true, webStorageEnabled=true, applicationCacheEnabled=false, takesScreenshot=true}]
18 AbMobileNav: org.openqa.selenium.WebDriverException: An error occurred (WARNING: The server did not provide any stacktrace information)
Command duration or timeout: 8 milliseconds
Build info: version: '2.42.2', revision: '6a6995d31c7c56c340d6f45a76976d43506cd6cc', time: '2014-06-03 10:52:47'
System info: host: 'testrunner1', ip: '10.12.14.222', os.name: 'Mac OS X', os.arch: 'x86_64', os.version: '10.10.2', java.version: '1.7.0_67'
Session ID: bace0e132954e8b7814aa4c5f2e539ef
Driver info: io.appium.java_client.android.AndroidDriver
Capabilities [{platform=ANDROID, acceptSslCerts=true, javascriptEnabled=true, browserName=chrome, chrome={}, rotatable=false, locationContextEnabled=true, mobileEmulationEnabled=false, version=40.0.2214.109, takesHeapSnapshot=true, cssSelectorsEnabled=true, databaseEnabled=false, handlesAlerts=true, browserConnectionEnabled=false, nativeEvents=true, webStorageEnabled=true, applicationCacheEnabled=false, takesScreenshot=true}]
19 AbMobileNav: org.openqa.selenium.WebDriverException: An error occurred (WARNING: The server did not provide any stacktrace information)
Command duration or timeout: 10 milliseconds
Build info: version: '2.42.2', revision: '6a6995d31c7c56c340d6f45a76976d43506cd6cc', time: '2014-06-03 10:52:47'
System info: host: 'testrunner1', ip: '10.12.14.222', os.name: 'Mac OS X', os.arch: 'x86_64', os.version: '10.10.2', java.version: '1.7.0_67'
Session ID: bace0e132954e8b7814aa4c5f2e539ef
Driver info: io.appium.java_client.android.AndroidDriver
Capabilities [{platform=ANDROID, acceptSslCerts=true, javascriptEnabled=true, browserName=chrome, chrome={}, rotatable=false, locationContextEnabled=true, mobileEmulationEnabled=false, version=40.0.2214.109, takesHeapSnapshot=true, cssSelectorsEnabled=true, databaseEnabled=false, handlesAlerts=true, browserConnectionEnabled=false, nativeEvents=true, webStorageEnabled=true, applicationCacheEnabled=false, takesScreenshot=true}]
Try to assert page title: Hockey | Sportbladet
]]></system-out>
  </testcase>
  <testcase name="goToCultureSubPages[Android_4.4.2_GT-I9505_Chrome_UNKNOWN]" classname="se.aftonbladet.abtest.tests.mobile.menu.AbMobileNavTest(20150220-060049)" time="10.349">
    <error message="chrome not reachable&#10;  (Session info: chrome=40.0.2214.109)&#10;  (Driver info: chromedriver=2.14.313457 (3d645c400edf2e2c500566c9aa096063e707c9cf),platform=Mac OS X 10.10.2 x86_64) (WARNING: The server did not provide any stacktrace information)&#10;Command duration or timeout: 8 milliseconds&#10;Build info: version: &apos;2.42.2&apos;, revision: &apos;6a6995d31c7c56c340d6f45a76976d43506cd6cc&apos;, time: &apos;2014-06-03 10:52:47&apos;&#10;System info: host: &apos;testrunner1&apos;, ip: &apos;10.12.14.222&apos;, os.name: &apos;Mac OS X&apos;, os.arch: &apos;x86_64&apos;, os.version: &apos;10.10.2&apos;, java.version: &apos;1.7.0_67&apos;&#10;Session ID: bace0e132954e8b7814aa4c5f2e539ef&#10;Driver info: io.appium.java_client.android.AndroidDriver&#10;Capabilities [{platform=ANDROID, acceptSslCerts=true, javascriptEnabled=true, browserName=chrome, chrome={}, rotatable=false, locationContextEnabled=true, mobileEmulationEnabled=false, version=40.0.2214.109, takesHeapSnapshot=true, cssSelectorsEnabled=true, databaseEnabled=false, handlesAlerts=true, browserConnectionEnabled=false, nativeEvents=true, webStorageEnabled=true, applicationCacheEnabled=false, takesScreenshot=true}]" type="org.openqa.selenium.WebDriverException">org.openqa.selenium.WebDriverException: chrome not reachable
  (Session info: chrome=40.0.2214.109)
  (Driver info: chromedriver=2.14.313457 (3d645c400edf2e2c500566c9aa096063e707c9cf),platform=Mac OS X 10.10.2 x86_64) (WARNING: The server did not provide any stacktrace information)
Command duration or timeout: 8 milliseconds
Build info: version: '2.42.2', revision: '6a6995d31c7c56c340d6f45a76976d43506cd6cc', time: '2014-06-03 10:52:47'
System info: host: 'testrunner1', ip: '10.12.14.222', os.name: 'Mac OS X', os.arch: 'x86_64', os.version: '10.10.2', java.version: '1.7.0_67'
Session ID: bace0e132954e8b7814aa4c5f2e539ef
Driver info: io.appium.java_client.android.AndroidDriver
Capabilities [{platform=ANDROID, acceptSslCerts=true, javascriptEnabled=true, browserName=chrome, chrome={}, rotatable=false, locationContextEnabled=true, mobileEmulationEnabled=false, version=40.0.2214.109, takesHeapSnapshot=true, cssSelectorsEnabled=true, databaseEnabled=false, handlesAlerts=true, browserConnectionEnabled=false, nativeEvents=true, webStorageEnabled=true, applicationCacheEnabled=false, takesScreenshot=true}]
	at sun.reflect.GeneratedConstructorAccessor12.newInstance(Unknown Source)
	at sun.reflect.DelegatingConstructorAccessorImpl.newInstance(DelegatingConstructorAccessorImpl.java:45)
	at java.lang.reflect.Constructor.newInstance(Constructor.java:526)
	at org.openqa.selenium.remote.ErrorHandler.createThrowable(ErrorHandler.java:204)
	at org.openqa.selenium.remote.ErrorHandler.throwIfResponseFailed(ErrorHandler.java:156)
	at org.openqa.selenium.remote.RemoteWebDriver.execute(RemoteWebDriver.java:599)
	at io.appium.java_client.AppiumDriver.execute(AppiumDriver.java:180)
	at io.appium.java_client.AppiumDriver.execute(AppiumDriver.java:185)
	at org.openqa.selenium.remote.RemoteWebDriver$RemoteWebDriverOptions.deleteAllCookies(RemoteWebDriver.java:685)
	at se.aftonbladet.abtest.tests.mobile.menu.AbMobileNavTest.setUp(AbMobileNavTest.java:74)
</error>
    <system-out><![CDATA[Driver: AndroidDriver: chrome on ANDROID (bace0e132954e8b7814aa4c5f2e539ef)
0 AbMobileNav: org.openqa.selenium.WebDriverException: An error occurred (WARNING: The server did not provide any stacktrace information)
Command duration or timeout: 11 milliseconds
Build info: version: '2.42.2', revision: '6a6995d31c7c56c340d6f45a76976d43506cd6cc', time: '2014-06-03 10:52:47'
System info: host: 'testrunner1', ip: '10.12.14.222', os.name: 'Mac OS X', os.arch: 'x86_64', os.version: '10.10.2', java.version: '1.7.0_67'
Session ID: bace0e132954e8b7814aa4c5f2e539ef
Driver info: io.appium.java_client.android.AndroidDriver
Capabilities [{platform=ANDROID, acceptSslCerts=true, javascriptEnabled=true, browserName=chrome, chrome={}, rotatable=false, locationContextEnabled=true, mobileEmulationEnabled=false, version=40.0.2214.109, takesHeapSnapshot=true, cssSelectorsEnabled=true, databaseEnabled=false, handlesAlerts=true, browserConnectionEnabled=false, nativeEvents=true, webStorageEnabled=true, applicationCacheEnabled=false, takesScreenshot=true}]
1 AbMobileNav: org.openqa.selenium.WebDriverException: An error occurred (WARNING: The server did not provide any stacktrace information)
Command duration or timeout: 8 milliseconds
Build info: version: '2.42.2', revision: '6a6995d31c7c56c340d6f45a76976d43506cd6cc', time: '2014-06-03 10:52:47'
System info: host: 'testrunner1', ip: '10.12.14.222', os.name: 'Mac OS X', os.arch: 'x86_64', os.version: '10.10.2', java.version: '1.7.0_67'
Session ID: bace0e132954e8b7814aa4c5f2e539ef
Driver info: io.appium.java_client.android.AndroidDriver
Capabilities [{platform=ANDROID, acceptSslCerts=true, javascriptEnabled=true, browserName=chrome, chrome={}, rotatable=false, locationContextEnabled=true, mobileEmulationEnabled=false, version=40.0.2214.109, takesHeapSnapshot=true, cssSelectorsEnabled=true, databaseEnabled=false, handlesAlerts=true, browserConnectionEnabled=false, nativeEvents=true, webStorageEnabled=true, applicationCacheEnabled=false, takesScreenshot=true}]
2 AbMobileNav: org.openqa.selenium.WebDriverException: An error occurred (WARNING: The server did not provide any stacktrace information)
Command duration or timeout: 9 milliseconds
Build info: version: '2.42.2', revision: '6a6995d31c7c56c340d6f45a76976d43506cd6cc', time: '2014-06-03 10:52:47'
System info: host: 'testrunner1', ip: '10.12.14.222', os.name: 'Mac OS X', os.arch: 'x86_64', os.version: '10.10.2', java.version: '1.7.0_67'
Session ID: bace0e132954e8b7814aa4c5f2e539ef
Driver info: io.appium.java_client.android.AndroidDriver
Capabilities [{platform=ANDROID, acceptSslCerts=true, javascriptEnabled=true, browserName=chrome, chrome={}, rotatable=false, locationContextEnabled=true, mobileEmulationEnabled=false, version=40.0.2214.109, takesHeapSnapshot=true, cssSelectorsEnabled=true, databaseEnabled=false, handlesAlerts=true, browserConnectionEnabled=false, nativeEvents=true, webStorageEnabled=true, applicationCacheEnabled=false, takesScreenshot=true}]
3 AbMobileNav: org.openqa.selenium.WebDriverException: An error occurred (WARNING: The server did not provide any stacktrace information)
Command duration or timeout: 11 milliseconds
Build info: version: '2.42.2', revision: '6a6995d31c7c56c340d6f45a76976d43506cd6cc', time: '2014-06-03 10:52:47'
System info: host: 'testrunner1', ip: '10.12.14.222', os.name: 'Mac OS X', os.arch: 'x86_64', os.version: '10.10.2', java.version: '1.7.0_67'
Session ID: bace0e132954e8b7814aa4c5f2e539ef
Driver info: io.appium.java_client.android.AndroidDriver
Capabilities [{platform=ANDROID, acceptSslCerts=true, javascriptEnabled=true, browserName=chrome, chrome={}, rotatable=false, locationContextEnabled=true, mobileEmulationEnabled=false, version=40.0.2214.109, takesHeapSnapshot=true, cssSelectorsEnabled=true, databaseEnabled=false, handlesAlerts=true, browserConnectionEnabled=false, nativeEvents=true, webStorageEnabled=true, applicationCacheEnabled=false, takesScreenshot=true}]
4 AbMobileNav: org.openqa.selenium.WebDriverException: An error occurred (WARNING: The server did not provide any stacktrace information)
Command duration or timeout: 9 milliseconds
Build info: version: '2.42.2', revision: '6a6995d31c7c56c340d6f45a76976d43506cd6cc', time: '2014-06-03 10:52:47'
System info: host: 'testrunner1', ip: '10.12.14.222', os.name: 'Mac OS X', os.arch: 'x86_64', os.version: '10.10.2', java.version: '1.7.0_67'
Session ID: bace0e132954e8b7814aa4c5f2e539ef
Driver info: io.appium.java_client.android.AndroidDriver
Capabilities [{platform=ANDROID, acceptSslCerts=true, javascriptEnabled=true, browserName=chrome, chrome={}, rotatable=false, locationContextEnabled=true, mobileEmulationEnabled=false, version=40.0.2214.109, takesHeapSnapshot=true, cssSelectorsEnabled=true, databaseEnabled=false, handlesAlerts=true, browserConnectionEnabled=false, nativeEvents=true, webStorageEnabled=true, applicationCacheEnabled=false, takesScreenshot=true}]
5 AbMobileNav: org.openqa.selenium.WebDriverException: An error occurred (WARNING: The server did not provide any stacktrace information)
Command duration or timeout: 9 milliseconds
Build info: version: '2.42.2', revision: '6a6995d31c7c56c340d6f45a76976d43506cd6cc', time: '2014-06-03 10:52:47'
System info: host: 'testrunner1', ip: '10.12.14.222', os.name: 'Mac OS X', os.arch: 'x86_64', os.version: '10.10.2', java.version: '1.7.0_67'
Session ID: bace0e132954e8b7814aa4c5f2e539ef
Driver info: io.appium.java_client.android.AndroidDriver
Capabilities [{platform=ANDROID, acceptSslCerts=true, javascriptEnabled=true, browserName=chrome, chrome={}, rotatable=false, locationContextEnabled=true, mobileEmulationEnabled=false, version=40.0.2214.109, takesHeapSnapshot=true, cssSelectorsEnabled=true, databaseEnabled=false, handlesAlerts=true, browserConnectionEnabled=false, nativeEvents=true, webStorageEnabled=true, applicationCacheEnabled=false, takesScreenshot=true}]
6 AbMobileNav: org.openqa.selenium.WebDriverException: An error occurred (WARNING: The server did not provide any stacktrace information)
Command duration or timeout: 11 milliseconds
Build info: version: '2.42.2', revision: '6a6995d31c7c56c340d6f45a76976d43506cd6cc', time: '2014-06-03 10:52:47'
System info: host: 'testrunner1', ip: '10.12.14.222', os.name: 'Mac OS X', os.arch: 'x86_64', os.version: '10.10.2', java.version: '1.7.0_67'
Session ID: bace0e132954e8b7814aa4c5f2e539ef
Driver info: io.appium.java_client.android.AndroidDriver
Capabilities [{platform=ANDROID, acceptSslCerts=true, javascriptEnabled=true, browserName=chrome, chrome={}, rotatable=false, locationContextEnabled=true, mobileEmulationEnabled=false, version=40.0.2214.109, takesHeapSnapshot=true, cssSelectorsEnabled=true, databaseEnabled=false, handlesAlerts=true, browserConnectionEnabled=false, nativeEvents=true, webStorageEnabled=true, applicationCacheEnabled=false, takesScreenshot=true}]
7 AbMobileNav: org.openqa.selenium.WebDriverException: An error occurred (WARNING: The server did not provide any stacktrace information)
Command duration or timeout: 10 milliseconds
Build info: version: '2.42.2', revision: '6a6995d31c7c56c340d6f45a76976d43506cd6cc', time: '2014-06-03 10:52:47'
System info: host: 'testrunner1', ip: '10.12.14.222', os.name: 'Mac OS X', os.arch: 'x86_64', os.version: '10.10.2', java.version: '1.7.0_67'
Session ID: bace0e132954e8b7814aa4c5f2e539ef
Driver info: io.appium.java_client.android.AndroidDriver
Capabilities [{platform=ANDROID, acceptSslCerts=true, javascriptEnabled=true, browserName=chrome, chrome={}, rotatable=false, locationContextEnabled=true, mobileEmulationEnabled=false, version=40.0.2214.109, takesHeapSnapshot=true, cssSelectorsEnabled=true, databaseEnabled=false, handlesAlerts=true, browserConnectionEnabled=false, nativeEvents=true, webStorageEnabled=true, applicationCacheEnabled=false, takesScreenshot=true}]
>>>Compare to page title: hockey | sportbladet | aftonbladet
8 AbMobileNav: org.openqa.selenium.WebDriverException: An error occurred (WARNING: The server did not provide any stacktrace information)
Command duration or timeout: 8 milliseconds
Build info: version: '2.42.2', revision: '6a6995d31c7c56c340d6f45a76976d43506cd6cc', time: '2014-06-03 10:52:47'
System info: host: 'testrunner1', ip: '10.12.14.222', os.name: 'Mac OS X', os.arch: 'x86_64', os.version: '10.10.2', java.version: '1.7.0_67'
Session ID: bace0e132954e8b7814aa4c5f2e539ef
Driver info: io.appium.java_client.android.AndroidDriver
Capabilities [{platform=ANDROID, acceptSslCerts=true, javascriptEnabled=true, browserName=chrome, chrome={}, rotatable=false, locationContextEnabled=true, mobileEmulationEnabled=false, version=40.0.2214.109, takesHeapSnapshot=true, cssSelectorsEnabled=true, databaseEnabled=false, handlesAlerts=true, browserConnectionEnabled=false, nativeEvents=true, webStorageEnabled=true, applicationCacheEnabled=false, takesScreenshot=true}]
9 AbMobileNav: org.openqa.selenium.WebDriverException: An error occurred (WARNING: The server did not provide any stacktrace information)
Command duration or timeout: 8 milliseconds
Build info: version: '2.42.2', revision: '6a6995d31c7c56c340d6f45a76976d43506cd6cc', time: '2014-06-03 10:52:47'
System info: host: 'testrunner1', ip: '10.12.14.222', os.name: 'Mac OS X', os.arch: 'x86_64', os.version: '10.10.2', java.version: '1.7.0_67'
Session ID: bace0e132954e8b7814aa4c5f2e539ef
Driver info: io.appium.java_client.android.AndroidDriver
Capabilities [{platform=ANDROID, acceptSslCerts=true, javascriptEnabled=true, browserName=chrome, chrome={}, rotatable=false, locationContextEnabled=true, mobileEmulationEnabled=false, version=40.0.2214.109, takesHeapSnapshot=true, cssSelectorsEnabled=true, databaseEnabled=false, handlesAlerts=true, browserConnectionEnabled=false, nativeEvents=true, webStorageEnabled=true, applicationCacheEnabled=false, takesScreenshot=true}]
By: By.xpath: //*[@class="abSubNav"]//li/a[text()='Trav' and not(@disabled)]
10 AbMobileNav: org.openqa.selenium.WebDriverException: An error occurred (WARNING: The server did not provide any stacktrace information)
Command duration or timeout: 10 milliseconds
Build info: version: '2.42.2', revision: '6a6995d31c7c56c340d6f45a76976d43506cd6cc', time: '2014-06-03 10:52:47'
System info: host: 'testrunner1', ip: '10.12.14.222', os.name: 'Mac OS X', os.arch: 'x86_64', os.version: '10.10.2', java.version: '1.7.0_67'
Session ID: bace0e132954e8b7814aa4c5f2e539ef
Driver info: io.appium.java_client.android.AndroidDriver
Capabilities [{platform=ANDROID, acceptSslCerts=true, javascriptEnabled=true, browserName=chrome, chrome={}, rotatable=false, locationContextEnabled=true, mobileEmulationEnabled=false, version=40.0.2214.109, takesHeapSnapshot=true, cssSelectorsEnabled=true, databaseEnabled=false, handlesAlerts=true, browserConnectionEnabled=false, nativeEvents=true, webStorageEnabled=true, applicationCacheEnabled=false, takesScreenshot=true}]
11 AbMobileNav: org.openqa.selenium.WebDriverException: An error occurred (WARNING: The server did not provide any stacktrace information)
Command duration or timeout: 9 milliseconds
Build info: version: '2.42.2', revision: '6a6995d31c7c56c340d6f45a76976d43506cd6cc', time: '2014-06-03 10:52:47'
System info: host: 'testrunner1', ip: '10.12.14.222', os.name: 'Mac OS X', os.arch: 'x86_64', os.version: '10.10.2', java.version: '1.7.0_67'
Session ID: bace0e132954e8b7814aa4c5f2e539ef
Driver info: io.appium.java_client.android.AndroidDriver
Capabilities [{platform=ANDROID, acceptSslCerts=true, javascriptEnabled=true, browserName=chrome, chrome={}, rotatable=false, locationContextEnabled=true, mobileEmulationEnabled=false, version=40.0.2214.109, takesHeapSnapshot=true, cssSelectorsEnabled=true, databaseEnabled=false, handlesAlerts=true, browserConnectionEnabled=false, nativeEvents=true, webStorageEnabled=true, applicationCacheEnabled=false, takesScreenshot=true}]
12 AbMobileNav: org.openqa.selenium.WebDriverException: An error occurred (WARNING: The server did not provide any stacktrace information)
Command duration or timeout: 9 milliseconds
Build info: version: '2.42.2', revision: '6a6995d31c7c56c340d6f45a76976d43506cd6cc', time: '2014-06-03 10:52:47'
System info: host: 'testrunner1', ip: '10.12.14.222', os.name: 'Mac OS X', os.arch: 'x86_64', os.version: '10.10.2', java.version: '1.7.0_67'
Session ID: bace0e132954e8b7814aa4c5f2e539ef
Driver info: io.appium.java_client.android.AndroidDriver
Capabilities [{platform=ANDROID, acceptSslCerts=true, javascriptEnabled=true, browserName=chrome, chrome={}, rotatable=false, locationContextEnabled=true, mobileEmulationEnabled=false, version=40.0.2214.109, takesHeapSnapshot=true, cssSelectorsEnabled=true, databaseEnabled=false, handlesAlerts=true, browserConnectionEnabled=false, nativeEvents=true, webStorageEnabled=true, applicationCacheEnabled=false, takesScreenshot=true}]
13 AbMobileNav: org.openqa.selenium.WebDriverException: An error occurred (WARNING: The server did not provide any stacktrace information)
Command duration or timeout: 10 milliseconds
Build info: version: '2.42.2', revision: '6a6995d31c7c56c340d6f45a76976d43506cd6cc', time: '2014-06-03 10:52:47'
System info: host: 'testrunner1', ip: '10.12.14.222', os.name: 'Mac OS X', os.arch: 'x86_64', os.version: '10.10.2', java.version: '1.7.0_67'
Session ID: bace0e132954e8b7814aa4c5f2e539ef
Driver info: io.appium.java_client.android.AndroidDriver
Capabilities [{platform=ANDROID, acceptSslCerts=true, javascriptEnabled=true, browserName=chrome, chrome={}, rotatable=false, locationContextEnabled=true, mobileEmulationEnabled=false, version=40.0.2214.109, takesHeapSnapshot=true, cssSelectorsEnabled=true, databaseEnabled=false, handlesAlerts=true, browserConnectionEnabled=false, nativeEvents=true, webStorageEnabled=true, applicationCacheEnabled=false, takesScreenshot=true}]
14 AbMobileNav: org.openqa.selenium.WebDriverException: An error occurred (WARNING: The server did not provide any stacktrace information)
Command duration or timeout: 10 milliseconds
Build info: version: '2.42.2', revision: '6a6995d31c7c56c340d6f45a76976d43506cd6cc', time: '2014-06-03 10:52:47'
System info: host: 'testrunner1', ip: '10.12.14.222', os.name: 'Mac OS X', os.arch: 'x86_64', os.version: '10.10.2', java.version: '1.7.0_67'
Session ID: bace0e132954e8b7814aa4c5f2e539ef
Driver info: io.appium.java_client.android.AndroidDriver
Capabilities [{platform=ANDROID, acceptSslCerts=true, javascriptEnabled=true, browserName=chrome, chrome={}, rotatable=false, locationContextEnabled=true, mobileEmulationEnabled=false, version=40.0.2214.109, takesHeapSnapshot=true, cssSelectorsEnabled=true, databaseEnabled=false, handlesAlerts=true, browserConnectionEnabled=false, nativeEvents=true, webStorageEnabled=true, applicationCacheEnabled=false, takesScreenshot=true}]
15 AbMobileNav: org.openqa.selenium.WebDriverException: An error occurred (WARNING: The server did not provide any stacktrace information)
Command duration or timeout: 9 milliseconds
Build info: version: '2.42.2', revision: '6a6995d31c7c56c340d6f45a76976d43506cd6cc', time: '2014-06-03 10:52:47'
System info: host: 'testrunner1', ip: '10.12.14.222', os.name: 'Mac OS X', os.arch: 'x86_64', os.version: '10.10.2', java.version: '1.7.0_67'
Session ID: bace0e132954e8b7814aa4c5f2e539ef
Driver info: io.appium.java_client.android.AndroidDriver
Capabilities [{platform=ANDROID, acceptSslCerts=true, javascriptEnabled=true, browserName=chrome, chrome={}, rotatable=false, locationContextEnabled=true, mobileEmulationEnabled=false, version=40.0.2214.109, takesHeapSnapshot=true, cssSelectorsEnabled=true, databaseEnabled=false, handlesAlerts=true, browserConnectionEnabled=false, nativeEvents=true, webStorageEnabled=true, applicationCacheEnabled=false, takesScreenshot=true}]
16 AbMobileNav: org.openqa.selenium.WebDriverException: An error occurred (WARNING: The server did not provide any stacktrace information)
Command duration or timeout: 9 milliseconds
Build info: version: '2.42.2', revision: '6a6995d31c7c56c340d6f45a76976d43506cd6cc', time: '2014-06-03 10:52:47'
System info: host: 'testrunner1', ip: '10.12.14.222', os.name: 'Mac OS X', os.arch: 'x86_64', os.version: '10.10.2', java.version: '1.7.0_67'
Session ID: bace0e132954e8b7814aa4c5f2e539ef
Driver info: io.appium.java_client.android.AndroidDriver
Capabilities [{platform=ANDROID, acceptSslCerts=true, javascriptEnabled=true, browserName=chrome, chrome={}, rotatable=false, locationContextEnabled=true, mobileEmulationEnabled=false, version=40.0.2214.109, takesHeapSnapshot=true, cssSelectorsEnabled=true, databaseEnabled=false, handlesAlerts=true, browserConnectionEnabled=false, nativeEvents=true, webStorageEnabled=true, applicationCacheEnabled=false, takesScreenshot=true}]
17 AbMobileNav: org.openqa.selenium.WebDriverException: An error occurred (WARNING: The server did not provide any stacktrace information)
Command duration or timeout: 18 milliseconds
Build info: version: '2.42.2', revision: '6a6995d31c7c56c340d6f45a76976d43506cd6cc', time: '2014-06-03 10:52:47'
System info: host: 'testrunner1', ip: '10.12.14.222', os.name: 'Mac OS X', os.arch: 'x86_64', os.version: '10.10.2', java.version: '1.7.0_67'
Session ID: bace0e132954e8b7814aa4c5f2e539ef
Driver info: io.appium.java_client.android.AndroidDriver
Capabilities [{platform=ANDROID, acceptSslCerts=true, javascriptEnabled=true, browserName=chrome, chrome={}, rotatable=false, locationContextEnabled=true, mobileEmulationEnabled=false, version=40.0.2214.109, takesHeapSnapshot=true, cssSelectorsEnabled=true, databaseEnabled=false, handlesAlerts=true, browserConnectionEnabled=false, nativeEvents=true, webStorageEnabled=true, applicationCacheEnabled=false, takesScreenshot=true}]
18 AbMobileNav: org.openqa.selenium.WebDriverException: An error occurred (WARNING: The server did not provide any stacktrace information)
Command duration or timeout: 10 milliseconds
Build info: version: '2.42.2', revision: '6a6995d31c7c56c340d6f45a76976d43506cd6cc', time: '2014-06-03 10:52:47'
System info: host: 'testrunner1', ip: '10.12.14.222', os.name: 'Mac OS X', os.arch: 'x86_64', os.version: '10.10.2', java.version: '1.7.0_67'
Session ID: bace0e132954e8b7814aa4c5f2e539ef
Driver info: io.appium.java_client.android.AndroidDriver
Capabilities [{platform=ANDROID, acceptSslCerts=true, javascriptEnabled=true, browserName=chrome, chrome={}, rotatable=false, locationContextEnabled=true, mobileEmulationEnabled=false, version=40.0.2214.109, takesHeapSnapshot=true, cssSelectorsEnabled=true, databaseEnabled=false, handlesAlerts=true, browserConnectionEnabled=false, nativeEvents=true, webStorageEnabled=true, applicationCacheEnabled=false, takesScreenshot=true}]
19 AbMobileNav: org.openqa.selenium.WebDriverException: An error occurred (WARNING: The server did not provide any stacktrace information)
Command duration or timeout: 11 milliseconds
Build info: version: '2.42.2', revision: '6a6995d31c7c56c340d6f45a76976d43506cd6cc', time: '2014-06-03 10:52:47'
System info: host: 'testrunner1', ip: '10.12.14.222', os.name: 'Mac OS X', os.arch: 'x86_64', os.version: '10.10.2', java.version: '1.7.0_67'
Session ID: bace0e132954e8b7814aa4c5f2e539ef
Driver info: io.appium.java_client.android.AndroidDriver
Capabilities [{platform=ANDROID, acceptSslCerts=true, javascriptEnabled=true, browserName=chrome, chrome={}, rotatable=false, locationContextEnabled=true, mobileEmulationEnabled=false, version=40.0.2214.109, takesHeapSnapshot=true, cssSelectorsEnabled=true, databaseEnabled=false, handlesAlerts=true, browserConnectionEnabled=false, nativeEvents=true, webStorageEnabled=true, applicationCacheEnabled=false, takesScreenshot=true}]
]]></system-out>
  </testcase>
  <testcase name="goToSportPage[Android_4.4.4_SM-N910F_Chrome_UNKNOWN]" classname="se.aftonbladet.abtest.tests.mobile.menu.AbMobileNavTest(20150220-060049)" time="4.055"/>
  <testcase name="goToAboutAftonbladetPage[Android_4.4.2_GT-I9505_Chrome_UNKNOWN]" classname="se.aftonbladet.abtest.tests.mobile.menu.AbMobileNavTest(20150220-060049)" time="6.274">
    <error message="chrome not reachable&#10;  (Session info: chrome=40.0.2214.109)&#10;  (Driver info: chromedriver=2.14.313457 (3d645c400edf2e2c500566c9aa096063e707c9cf),platform=Mac OS X 10.10.2 x86_64) (WARNING: The server did not provide any stacktrace information)&#10;Command duration or timeout: 8 milliseconds&#10;Build info: version: &apos;2.42.2&apos;, revision: &apos;6a6995d31c7c56c340d6f45a76976d43506cd6cc&apos;, time: &apos;2014-06-03 10:52:47&apos;&#10;System info: host: &apos;testrunner1&apos;, ip: &apos;10.12.14.222&apos;, os.name: &apos;Mac OS X&apos;, os.arch: &apos;x86_64&apos;, os.version: &apos;10.10.2&apos;, java.version: &apos;1.7.0_67&apos;&#10;Session ID: bace0e132954e8b7814aa4c5f2e539ef&#10;Driver info: io.appium.java_client.android.AndroidDriver&#10;Capabilities [{platform=ANDROID, acceptSslCerts=true, javascriptEnabled=true, browserName=chrome, chrome={}, rotatable=false, locationContextEnabled=true, mobileEmulationEnabled=false, version=40.0.2214.109, takesHeapSnapshot=true, cssSelectorsEnabled=true, databaseEnabled=false, handlesAlerts=true, browserConnectionEnabled=false, nativeEvents=true, webStorageEnabled=true, applicationCacheEnabled=false, takesScreenshot=true}]" type="org.openqa.selenium.WebDriverException">org.openqa.selenium.WebDriverException: chrome not reachable
  (Session info: chrome=40.0.2214.109)
  (Driver info: chromedriver=2.14.313457 (3d645c400edf2e2c500566c9aa096063e707c9cf),platform=Mac OS X 10.10.2 x86_64) (WARNING: The server did not provide any stacktrace information)
Command duration or timeout: 8 milliseconds
Build info: version: '2.42.2', revision: '6a6995d31c7c56c340d6f45a76976d43506cd6cc', time: '2014-06-03 10:52:47'
System info: host: 'testrunner1', ip: '10.12.14.222', os.name: 'Mac OS X', os.arch: 'x86_64', os.version: '10.10.2', java.version: '1.7.0_67'
Session ID: bace0e132954e8b7814aa4c5f2e539ef
Driver info: io.appium.java_client.android.AndroidDriver
Capabilities [{platform=ANDROID, acceptSslCerts=true, javascriptEnabled=true, browserName=chrome, chrome={}, rotatable=false, locationContextEnabled=true, mobileEmulationEnabled=false, version=40.0.2214.109, takesHeapSnapshot=true, cssSelectorsEnabled=true, databaseEnabled=false, handlesAlerts=true, browserConnectionEnabled=false, nativeEvents=true, webStorageEnabled=true, applicationCacheEnabled=false, takesScreenshot=true}]
	at sun.reflect.GeneratedConstructorAccessor12.newInstance(Unknown Source)
	at sun.reflect.DelegatingConstructorAccessorImpl.newInstance(DelegatingConstructorAccessorImpl.java:45)
	at java.lang.reflect.Constructor.newInstance(Constructor.java:526)
	at org.openqa.selenium.remote.ErrorHandler.createThrowable(ErrorHandler.java:204)
	at org.openqa.selenium.remote.ErrorHandler.throwIfResponseFailed(ErrorHandler.java:156)
	at org.openqa.selenium.remote.RemoteWebDriver.execute(RemoteWebDriver.java:599)
	at io.appium.java_client.AppiumDriver.execute(AppiumDriver.java:180)
	at io.appium.java_client.AppiumDriver.execute(AppiumDriver.java:185)
	at org.openqa.selenium.remote.RemoteWebDriver$RemoteWebDriverOptions.deleteAllCookies(RemoteWebDriver.java:685)
	at se.aftonbladet.abtest.tests.mobile.menu.AbMobileNavTest.setUp(AbMobileNavTest.java:74)
</error>
    <system-out><![CDATA[Driver: AndroidDriver: chrome on ANDROID (e9692668a955e39a25bb520ad02e222f)
8 AbMobileNav: org.openqa.selenium.WebDriverException: An error occurred (WARNING: The server did not provide any stacktrace information)
Command duration or timeout: 10 milliseconds
Build info: version: '2.42.2', revision: '6a6995d31c7c56c340d6f45a76976d43506cd6cc', time: '2014-06-03 10:52:47'
System info: host: 'testrunner1', ip: '10.12.14.222', os.name: 'Mac OS X', os.arch: 'x86_64', os.version: '10.10.2', java.version: '1.7.0_67'
Session ID: bace0e132954e8b7814aa4c5f2e539ef
Driver info: io.appium.java_client.android.AndroidDriver
Capabilities [{platform=ANDROID, acceptSslCerts=true, javascriptEnabled=true, browserName=chrome, chrome={}, rotatable=false, locationContextEnabled=true, mobileEmulationEnabled=false, version=40.0.2214.109, takesHeapSnapshot=true, cssSelectorsEnabled=true, databaseEnabled=false, handlesAlerts=true, browserConnectionEnabled=false, nativeEvents=true, webStorageEnabled=true, applicationCacheEnabled=false, takesScreenshot=true}]
9 AbMobileNav: org.openqa.selenium.WebDriverException: An error occurred (WARNING: The server did not provide any stacktrace information)
Command duration or timeout: 9 milliseconds
Build info: version: '2.42.2', revision: '6a6995d31c7c56c340d6f45a76976d43506cd6cc', time: '2014-06-03 10:52:47'
System info: host: 'testrunner1', ip: '10.12.14.222', os.name: 'Mac OS X', os.arch: 'x86_64', os.version: '10.10.2', java.version: '1.7.0_67'
Session ID: bace0e132954e8b7814aa4c5f2e539ef
Driver info: io.appium.java_client.android.AndroidDriver
Capabilities [{platform=ANDROID, acceptSslCerts=true, javascriptEnabled=true, browserName=chrome, chrome={}, rotatable=false, locationContextEnabled=true, mobileEmulationEnabled=false, version=40.0.2214.109, takesHeapSnapshot=true, cssSelectorsEnabled=true, databaseEnabled=false, handlesAlerts=true, browserConnectionEnabled=false, nativeEvents=true, webStorageEnabled=true, applicationCacheEnabled=false, takesScreenshot=true}]
10 AbMobileNav: org.openqa.selenium.WebDriverException: An error occurred (WARNING: The server did not provide any stacktrace information)
Command duration or timeout: 9 milliseconds
Build info: version: '2.42.2', revision: '6a6995d31c7c56c340d6f45a76976d43506cd6cc', time: '2014-06-03 10:52:47'
System info: host: 'testrunner1', ip: '10.12.14.222', os.name: 'Mac OS X', os.arch: 'x86_64', os.version: '10.10.2', java.version: '1.7.0_67'
Session ID: bace0e132954e8b7814aa4c5f2e539ef
Driver info: io.appium.java_client.android.AndroidDriver
Capabilities [{platform=ANDROID, acceptSslCerts=true, javascriptEnabled=true, browserName=chrome, chrome={}, rotatable=false, locationContextEnabled=true, mobileEmulationEnabled=false, version=40.0.2214.109, takesHeapSnapshot=true, cssSelectorsEnabled=true, databaseEnabled=false, handlesAlerts=true, browserConnectionEnabled=false, nativeEvents=true, webStorageEnabled=true, applicationCacheEnabled=false, takesScreenshot=true}]
11 AbMobileNav: org.openqa.selenium.WebDriverException: An error occurred (WARNING: The server did not provide any stacktrace information)
Command duration or timeout: 10 milliseconds
Build info: version: '2.42.2', revision: '6a6995d31c7c56c340d6f45a76976d43506cd6cc', time: '2014-06-03 10:52:47'
System info: host: 'testrunner1', ip: '10.12.14.222', os.name: 'Mac OS X', os.arch: 'x86_64', os.version: '10.10.2', java.version: '1.7.0_67'
Session ID: bace0e132954e8b7814aa4c5f2e539ef
Driver info: io.appium.java_client.android.AndroidDriver
Capabilities [{platform=ANDROID, acceptSslCerts=true, javascriptEnabled=true, browserName=chrome, chrome={}, rotatable=false, locationContextEnabled=true, mobileEmulationEnabled=false, version=40.0.2214.109, takesHeapSnapshot=true, cssSelectorsEnabled=true, databaseEnabled=false, handlesAlerts=true, browserConnectionEnabled=false, nativeEvents=true, webStorageEnabled=true, applicationCacheEnabled=false, takesScreenshot=true}]
12 AbMobileNav: org.openqa.selenium.WebDriverException: An error occurred (WARNING: The server did not provide any stacktrace information)
Command duration or timeout: 10 milliseconds
Build info: version: '2.42.2', revision: '6a6995d31c7c56c340d6f45a76976d43506cd6cc', time: '2014-06-03 10:52:47'
System info: host: 'testrunner1', ip: '10.12.14.222', os.name: 'Mac OS X', os.arch: 'x86_64', os.version: '10.10.2', java.version: '1.7.0_67'
Session ID: bace0e132954e8b7814aa4c5f2e539ef
Driver info: io.appium.java_client.android.AndroidDriver
Capabilities [{platform=ANDROID, acceptSslCerts=true, javascriptEnabled=true, browserName=chrome, chrome={}, rotatable=false, locationContextEnabled=true, mobileEmulationEnabled=false, version=40.0.2214.109, takesHeapSnapshot=true, cssSelectorsEnabled=true, databaseEnabled=false, handlesAlerts=true, browserConnectionEnabled=false, nativeEvents=true, webStorageEnabled=true, applicationCacheEnabled=false, takesScreenshot=true}]
13 AbMobileNav: org.openqa.selenium.WebDriverException: An error occurred (WARNING: The server did not provide any stacktrace information)
Command duration or timeout: 11 milliseconds
Build info: version: '2.42.2', revision: '6a6995d31c7c56c340d6f45a76976d43506cd6cc', time: '2014-06-03 10:52:47'
System info: host: 'testrunner1', ip: '10.12.14.222', os.name: 'Mac OS X', os.arch: 'x86_64', os.version: '10.10.2', java.version: '1.7.0_67'
Session ID: bace0e132954e8b7814aa4c5f2e539ef
Driver info: io.appium.java_client.android.AndroidDriver
Capabilities [{platform=ANDROID, acceptSslCerts=true, javascriptEnabled=true, browserName=chrome, chrome={}, rotatable=false, locationContextEnabled=true, mobileEmulationEnabled=false, version=40.0.2214.109, takesHeapSnapshot=true, cssSelectorsEnabled=true, databaseEnabled=false, handlesAlerts=true, browserConnectionEnabled=false, nativeEvents=true, webStorageEnabled=true, applicationCacheEnabled=false, takesScreenshot=true}]
14 AbMobileNav: org.openqa.selenium.WebDriverException: An error occurred (WARNING: The server did not provide any stacktrace information)
Command duration or timeout: 11 milliseconds
Build info: version: '2.42.2', revision: '6a6995d31c7c56c340d6f45a76976d43506cd6cc', time: '2014-06-03 10:52:47'
System info: host: 'testrunner1', ip: '10.12.14.222', os.name: 'Mac OS X', os.arch: 'x86_64', os.version: '10.10.2', java.version: '1.7.0_67'
Session ID: bace0e132954e8b7814aa4c5f2e539ef
Driver info: io.appium.java_client.android.AndroidDriver
Capabilities [{platform=ANDROID, acceptSslCerts=true, javascriptEnabled=true, browserName=chrome, chrome={}, rotatable=false, locationContextEnabled=true, mobileEmulationEnabled=false, version=40.0.2214.109, takesHeapSnapshot=true, cssSelectorsEnabled=true, databaseEnabled=false, handlesAlerts=true, browserConnectionEnabled=false, nativeEvents=true, webStorageEnabled=true, applicationCacheEnabled=false, takesScreenshot=true}]
15 AbMobileNav: org.openqa.selenium.WebDriverException: An error occurred (WARNING: The server did not provide any stacktrace information)
Command duration or timeout: 10 milliseconds
Build info: version: '2.42.2', revision: '6a6995d31c7c56c340d6f45a76976d43506cd6cc', time: '2014-06-03 10:52:47'
System info: host: 'testrunner1', ip: '10.12.14.222', os.name: 'Mac OS X', os.arch: 'x86_64', os.version: '10.10.2', java.version: '1.7.0_67'
Session ID: bace0e132954e8b7814aa4c5f2e539ef
Driver info: io.appium.java_client.android.AndroidDriver
Capabilities [{platform=ANDROID, acceptSslCerts=true, javascriptEnabled=true, browserName=chrome, chrome={}, rotatable=false, locationContextEnabled=true, mobileEmulationEnabled=false, version=40.0.2214.109, takesHeapSnapshot=true, cssSelectorsEnabled=true, databaseEnabled=false, handlesAlerts=true, browserConnectionEnabled=false, nativeEvents=true, webStorageEnabled=true, applicationCacheEnabled=false, takesScreenshot=true}]
16 AbMobileNav: org.openqa.selenium.WebDriverException: An error occurred (WARNING: The server did not provide any stacktrace information)
Command duration or timeout: 10 milliseconds
Build info: version: '2.42.2', revision: '6a6995d31c7c56c340d6f45a76976d43506cd6cc', time: '2014-06-03 10:52:47'
System info: host: 'testrunner1', ip: '10.12.14.222', os.name: 'Mac OS X', os.arch: 'x86_64', os.version: '10.10.2', java.version: '1.7.0_67'
Session ID: bace0e132954e8b7814aa4c5f2e539ef
Driver info: io.appium.java_client.android.AndroidDriver
Capabilities [{platform=ANDROID, acceptSslCerts=true, javascriptEnabled=true, browserName=chrome, chrome={}, rotatable=false, locationContextEnabled=true, mobileEmulationEnabled=false, version=40.0.2214.109, takesHeapSnapshot=true, cssSelectorsEnabled=true, databaseEnabled=false, handlesAlerts=true, browserConnectionEnabled=false, nativeEvents=true, webStorageEnabled=true, applicationCacheEnabled=false, takesScreenshot=true}]
17 AbMobileNav: org.openqa.selenium.WebDriverException: An error occurred (WARNING: The server did not provide any stacktrace information)
Command duration or timeout: 9 milliseconds
Build info: version: '2.42.2', revision: '6a6995d31c7c56c340d6f45a76976d43506cd6cc', time: '2014-06-03 10:52:47'
System info: host: 'testrunner1', ip: '10.12.14.222', os.name: 'Mac OS X', os.arch: 'x86_64', os.version: '10.10.2', java.version: '1.7.0_67'
Session ID: bace0e132954e8b7814aa4c5f2e539ef
Driver info: io.appium.java_client.android.AndroidDriver
Capabilities [{platform=ANDROID, acceptSslCerts=true, javascriptEnabled=true, browserName=chrome, chrome={}, rotatable=false, locationContextEnabled=true, mobileEmulationEnabled=false, version=40.0.2214.109, takesHeapSnapshot=true, cssSelectorsEnabled=true, databaseEnabled=false, handlesAlerts=true, browserConnectionEnabled=false, nativeEvents=true, webStorageEnabled=true, applicationCacheEnabled=false, takesScreenshot=true}]
18 AbMobileNav: org.openqa.selenium.WebDriverException: An error occurred (WARNING: The server did not provide any stacktrace information)
Command duration or timeout: 16 milliseconds
Build info: version: '2.42.2', revision: '6a6995d31c7c56c340d6f45a76976d43506cd6cc', time: '2014-06-03 10:52:47'
System info: host: 'testrunner1', ip: '10.12.14.222', os.name: 'Mac OS X', os.arch: 'x86_64', os.version: '10.10.2', java.version: '1.7.0_67'
Session ID: bace0e132954e8b7814aa4c5f2e539ef
Driver info: io.appium.java_client.android.AndroidDriver
Capabilities [{platform=ANDROID, acceptSslCerts=true, javascriptEnabled=true, browserName=chrome, chrome={}, rotatable=false, locationContextEnabled=true, mobileEmulationEnabled=false, version=40.0.2214.109, takesHeapSnapshot=true, cssSelectorsEnabled=true, databaseEnabled=false, handlesAlerts=true, browserConnectionEnabled=false, nativeEvents=true, webStorageEnabled=true, applicationCacheEnabled=false, takesScreenshot=true}]
19 AbMobileNav: org.openqa.selenium.WebDriverException: An error occurred (WARNING: The server did not provide any stacktrace information)
Command duration or timeout: 10 milliseconds
Build info: version: '2.42.2', revision: '6a6995d31c7c56c340d6f45a76976d43506cd6cc', time: '2014-06-03 10:52:47'
System info: host: 'testrunner1', ip: '10.12.14.222', os.name: 'Mac OS X', os.arch: 'x86_64', os.version: '10.10.2', java.version: '1.7.0_67'
Session ID: bace0e132954e8b7814aa4c5f2e539ef
Driver info: io.appium.java_client.android.AndroidDriver
Capabilities [{platform=ANDROID, acceptSslCerts=true, javascriptEnabled=true, browserName=chrome, chrome={}, rotatable=false, locationContextEnabled=true, mobileEmulationEnabled=false, version=40.0.2214.109, takesHeapSnapshot=true, cssSelectorsEnabled=true, databaseEnabled=false, handlesAlerts=true, browserConnectionEnabled=false, nativeEvents=true, webStorageEnabled=true, applicationCacheEnabled=false, takesScreenshot=true}]
]]></system-out>
  </testcase>
  <testcase name="goToDebatePage[Android_4.4.4_SM-N910F_Chrome_UNKNOWN]" classname="se.aftonbladet.abtest.tests.mobile.menu.AbMobileNavTest(20150220-060049)" time="10.213">
    <failure message="expected:&lt;39&gt; but was:&lt;27&gt;" type="java.lang.AssertionError"><![CDATA[java.lang.AssertionError: expected:<39> but was:<27>
	at org.junit.Assert.fail(Assert.java:88)
	at org.junit.Assert.failNotEquals(Assert.java:743)
	at org.junit.Assert.assertEquals(Assert.java:118)
	at org.junit.Assert.assertEquals(Assert.java:555)
	at org.junit.Assert.assertEquals(Assert.java:542)
	at se.aftonbladet.abtest.tests.mobile.menu.AbMobileNavTest.goToDebatePage(AbMobileNavTest.java:185)
]]></failure>
    <system-out><![CDATA[Driver: AndroidDriver: chrome on ANDROID (bace0e132954e8b7814aa4c5f2e539ef)
0 AbMobileNav: org.openqa.selenium.WebDriverException: An error occurred (WARNING: The server did not provide any stacktrace information)
Command duration or timeout: 9 milliseconds
Build info: version: '2.42.2', revision: '6a6995d31c7c56c340d6f45a76976d43506cd6cc', time: '2014-06-03 10:52:47'
System info: host: 'testrunner1', ip: '10.12.14.222', os.name: 'Mac OS X', os.arch: 'x86_64', os.version: '10.10.2', java.version: '1.7.0_67'
Session ID: bace0e132954e8b7814aa4c5f2e539ef
Driver info: io.appium.java_client.android.AndroidDriver
Capabilities [{platform=ANDROID, acceptSslCerts=true, javascriptEnabled=true, browserName=chrome, chrome={}, rotatable=false, locationContextEnabled=true, mobileEmulationEnabled=false, version=40.0.2214.109, takesHeapSnapshot=true, cssSelectorsEnabled=true, databaseEnabled=false, handlesAlerts=true, browserConnectionEnabled=false, nativeEvents=true, webStorageEnabled=true, applicationCacheEnabled=false, takesScreenshot=true}]
1 AbMobileNav: org.openqa.selenium.WebDriverException: An error occurred (WARNING: The server did not provide any stacktrace information)
Command duration or timeout: 9 milliseconds
Build info: version: '2.42.2', revision: '6a6995d31c7c56c340d6f45a76976d43506cd6cc', time: '2014-06-03 10:52:47'
System info: host: 'testrunner1', ip: '10.12.14.222', os.name: 'Mac OS X', os.arch: 'x86_64', os.version: '10.10.2', java.version: '1.7.0_67'
Session ID: bace0e132954e8b7814aa4c5f2e539ef
Driver info: io.appium.java_client.android.AndroidDriver
Capabilities [{platform=ANDROID, acceptSslCerts=true, javascriptEnabled=true, browserName=chrome, chrome={}, rotatable=false, locationContextEnabled=true, mobileEmulationEnabled=false, version=40.0.2214.109, takesHeapSnapshot=true, cssSelectorsEnabled=true, databaseEnabled=false, handlesAlerts=true, browserConnectionEnabled=false, nativeEvents=true, webStorageEnabled=true, applicationCacheEnabled=false, takesScreenshot=true}]
2 AbMobileNav: org.openqa.selenium.WebDriverException: An error occurred (WARNING: The server did not provide any stacktrace information)
Command duration or timeout: 9 milliseconds
Build info: version: '2.42.2', revision: '6a6995d31c7c56c340d6f45a76976d43506cd6cc', time: '2014-06-03 10:52:47'
System info: host: 'testrunner1', ip: '10.12.14.222', os.name: 'Mac OS X', os.arch: 'x86_64', os.version: '10.10.2', java.version: '1.7.0_67'
Session ID: bace0e132954e8b7814aa4c5f2e539ef
Driver info: io.appium.java_client.android.AndroidDriver
Capabilities [{platform=ANDROID, acceptSslCerts=true, javascriptEnabled=true, browserName=chrome, chrome={}, rotatable=false, locationContextEnabled=true, mobileEmulationEnabled=false, version=40.0.2214.109, takesHeapSnapshot=true, cssSelectorsEnabled=true, databaseEnabled=false, handlesAlerts=true, browserConnectionEnabled=false, nativeEvents=true, webStorageEnabled=true, applicationCacheEnabled=false, takesScreenshot=true}]
3 AbMobileNav: org.openqa.selenium.WebDriverException: An error occurred (WARNING: The server did not provide any stacktrace information)
Command duration or timeout: 9 milliseconds
Build info: version: '2.42.2', revision: '6a6995d31c7c56c340d6f45a76976d43506cd6cc', time: '2014-06-03 10:52:47'
System info: host: 'testrunner1', ip: '10.12.14.222', os.name: 'Mac OS X', os.arch: 'x86_64', os.version: '10.10.2', java.version: '1.7.0_67'
Session ID: bace0e132954e8b7814aa4c5f2e539ef
Driver info: io.appium.java_client.android.AndroidDriver
Capabilities [{platform=ANDROID, acceptSslCerts=true, javascriptEnabled=true, browserName=chrome, chrome={}, rotatable=false, locationContextEnabled=true, mobileEmulationEnabled=false, version=40.0.2214.109, takesHeapSnapshot=true, cssSelectorsEnabled=true, databaseEnabled=false, handlesAlerts=true, browserConnectionEnabled=false, nativeEvents=true, webStorageEnabled=true, applicationCacheEnabled=false, takesScreenshot=true}]
clickLeftMenuItem pMenuText: Debatt
4 AbMobileNav: org.openqa.selenium.WebDriverException: An error occurred (WARNING: The server did not provide any stacktrace information)
Command duration or timeout: 9 milliseconds
Build info: version: '2.42.2', revision: '6a6995d31c7c56c340d6f45a76976d43506cd6cc', time: '2014-06-03 10:52:47'
System info: host: 'testrunner1', ip: '10.12.14.222', os.name: 'Mac OS X', os.arch: 'x86_64', os.version: '10.10.2', java.version: '1.7.0_67'
Session ID: bace0e132954e8b7814aa4c5f2e539ef
Driver info: io.appium.java_client.android.AndroidDriver
Capabilities [{platform=ANDROID, acceptSslCerts=true, javascriptEnabled=true, browserName=chrome, chrome={}, rotatable=false, locationContextEnabled=true, mobileEmulationEnabled=false, version=40.0.2214.109, takesHeapSnapshot=true, cssSelectorsEnabled=true, databaseEnabled=false, handlesAlerts=true, browserConnectionEnabled=false, nativeEvents=true, webStorageEnabled=true, applicationCacheEnabled=false, takesScreenshot=true}]
5 AbMobileNav: org.openqa.selenium.WebDriverException: An error occurred (WARNING: The server did not provide any stacktrace information)
Command duration or timeout: 11 milliseconds
Build info: version: '2.42.2', revision: '6a6995d31c7c56c340d6f45a76976d43506cd6cc', time: '2014-06-03 10:52:47'
System info: host: 'testrunner1', ip: '10.12.14.222', os.name: 'Mac OS X', os.arch: 'x86_64', os.version: '10.10.2', java.version: '1.7.0_67'
Session ID: bace0e132954e8b7814aa4c5f2e539ef
Driver info: io.appium.java_client.android.AndroidDriver
Capabilities [{platform=ANDROID, acceptSslCerts=true, javascriptEnabled=true, browserName=chrome, chrome={}, rotatable=false, locationContextEnabled=true, mobileEmulationEnabled=false, version=40.0.2214.109, takesHeapSnapshot=true, cssSelectorsEnabled=true, databaseEnabled=false, handlesAlerts=true, browserConnectionEnabled=false, nativeEvents=true, webStorageEnabled=true, applicationCacheEnabled=false, takesScreenshot=true}]
6 AbMobileNav: org.openqa.selenium.WebDriverException: An error occurred (WARNING: The server did not provide any stacktrace information)
Command duration or timeout: 10 milliseconds
Build info: version: '2.42.2', revision: '6a6995d31c7c56c340d6f45a76976d43506cd6cc', time: '2014-06-03 10:52:47'
System info: host: 'testrunner1', ip: '10.12.14.222', os.name: 'Mac OS X', os.arch: 'x86_64', os.version: '10.10.2', java.version: '1.7.0_67'
Session ID: bace0e132954e8b7814aa4c5f2e539ef
Driver info: io.appium.java_client.android.AndroidDriver
Capabilities [{platform=ANDROID, acceptSslCerts=true, javascriptEnabled=true, browserName=chrome, chrome={}, rotatable=false, locationContextEnabled=true, mobileEmulationEnabled=false, version=40.0.2214.109, takesHeapSnapshot=true, cssSelectorsEnabled=true, databaseEnabled=false, handlesAlerts=true, browserConnectionEnabled=false, nativeEvents=true, webStorageEnabled=true, applicationCacheEnabled=false, takesScreenshot=true}]
By: By.xpath: //*[@id='abTopMenuDynamic']/li/a[text()='Debatt' and not(@disabled)]
7 AbMobileNav: org.openqa.selenium.WebDriverException: An error occurred (WARNING: The server did not provide any stacktrace information)
Command duration or timeout: 8 milliseconds
Build info: version: '2.42.2', revision: '6a6995d31c7c56c340d6f45a76976d43506cd6cc', time: '2014-06-03 10:52:47'
System info: host: 'testrunner1', ip: '10.12.14.222', os.name: 'Mac OS X', os.arch: 'x86_64', os.version: '10.10.2', java.version: '1.7.0_67'
Session ID: bace0e132954e8b7814aa4c5f2e539ef
Driver info: io.appium.java_client.android.AndroidDriver
Capabilities [{platform=ANDROID, acceptSslCerts=true, javascriptEnabled=true, browserName=chrome, chrome={}, rotatable=false, locationContextEnabled=true, mobileEmulationEnabled=false, version=40.0.2214.109, takesHeapSnapshot=true, cssSelectorsEnabled=true, databaseEnabled=false, handlesAlerts=true, browserConnectionEnabled=false, nativeEvents=true, webStorageEnabled=true, applicationCacheEnabled=false, takesScreenshot=true}]
8 AbMobileNav: org.openqa.selenium.WebDriverException: An error occurred (WARNING: The server did not provide any stacktrace information)
Command duration or timeout: 9 milliseconds
Build info: version: '2.42.2', revision: '6a6995d31c7c56c340d6f45a76976d43506cd6cc', time: '2014-06-03 10:52:47'
System info: host: 'testrunner1', ip: '10.12.14.222', os.name: 'Mac OS X', os.arch: 'x86_64', os.version: '10.10.2', java.version: '1.7.0_67'
Session ID: bace0e132954e8b7814aa4c5f2e539ef
Driver info: io.appium.java_client.android.AndroidDriver
Capabilities [{platform=ANDROID, acceptSslCerts=true, javascriptEnabled=true, browserName=chrome, chrome={}, rotatable=false, locationContextEnabled=true, mobileEmulationEnabled=false, version=40.0.2214.109, takesHeapSnapshot=true, cssSelectorsEnabled=true, databaseEnabled=false, handlesAlerts=true, browserConnectionEnabled=false, nativeEvents=true, webStorageEnabled=true, applicationCacheEnabled=false, takesScreenshot=true}]
9 AbMobileNav: org.openqa.selenium.WebDriverException: An error occurred (WARNING: The server did not provide any stacktrace information)
Command duration or timeout: 11 milliseconds
Build info: version: '2.42.2', revision: '6a6995d31c7c56c340d6f45a76976d43506cd6cc', time: '2014-06-03 10:52:47'
System info: host: 'testrunner1', ip: '10.12.14.222', os.name: 'Mac OS X', os.arch: 'x86_64', os.version: '10.10.2', java.version: '1.7.0_67'
Session ID: bace0e132954e8b7814aa4c5f2e539ef
Driver info: io.appium.java_client.android.AndroidDriver
Capabilities [{platform=ANDROID, acceptSslCerts=true, javascriptEnabled=true, browserName=chrome, chrome={}, rotatable=false, locationContextEnabled=true, mobileEmulationEnabled=false, version=40.0.2214.109, takesHeapSnapshot=true, cssSelectorsEnabled=true, databaseEnabled=false, handlesAlerts=true, browserConnectionEnabled=false, nativeEvents=true, webStorageEnabled=true, applicationCacheEnabled=false, takesScreenshot=true}]
10 AbMobileNav: org.openqa.selenium.WebDriverException: An error occurred (WARNING: The server did not provide any stacktrace information)
Command duration or timeout: 9 milliseconds
Build info: version: '2.42.2', revision: '6a6995d31c7c56c340d6f45a76976d43506cd6cc', time: '2014-06-03 10:52:47'
System info: host: 'testrunner1', ip: '10.12.14.222', os.name: 'Mac OS X', os.arch: 'x86_64', os.version: '10.10.2', java.version: '1.7.0_67'
Session ID: bace0e132954e8b7814aa4c5f2e539ef
Driver info: io.appium.java_client.android.AndroidDriver
Capabilities [{platform=ANDROID, acceptSslCerts=true, javascriptEnabled=true, browserName=chrome, chrome={}, rotatable=false, locationContextEnabled=true, mobileEmulationEnabled=false, version=40.0.2214.109, takesHeapSnapshot=true, cssSelectorsEnabled=true, databaseEnabled=false, handlesAlerts=true, browserConnectionEnabled=false, nativeEvents=true, webStorageEnabled=true, applicationCacheEnabled=false, takesScreenshot=true}]
11 AbMobileNav: org.openqa.selenium.WebDriverException: An error occurred (WARNING: The server did not provide any stacktrace information)
Command duration or timeout: 9 milliseconds
Build info: version: '2.42.2', revision: '6a6995d31c7c56c340d6f45a76976d43506cd6cc', time: '2014-06-03 10:52:47'
System info: host: 'testrunner1', ip: '10.12.14.222', os.name: 'Mac OS X', os.arch: 'x86_64', os.version: '10.10.2', java.version: '1.7.0_67'
Session ID: bace0e132954e8b7814aa4c5f2e539ef
Driver info: io.appium.java_client.android.AndroidDriver
Capabilities [{platform=ANDROID, acceptSslCerts=true, javascriptEnabled=true, browserName=chrome, chrome={}, rotatable=false, locationContextEnabled=true, mobileEmulationEnabled=false, version=40.0.2214.109, takesHeapSnapshot=true, cssSelectorsEnabled=true, databaseEnabled=false, handlesAlerts=true, browserConnectionEnabled=false, nativeEvents=true, webStorageEnabled=true, applicationCacheEnabled=false, takesScreenshot=true}]
12 AbMobileNav: org.openqa.selenium.WebDriverException: An error occurred (WARNING: The server did not provide any stacktrace information)
Command duration or timeout: 8 milliseconds
Build info: version: '2.42.2', revision: '6a6995d31c7c56c340d6f45a76976d43506cd6cc', time: '2014-06-03 10:52:47'
System info: host: 'testrunner1', ip: '10.12.14.222', os.name: 'Mac OS X', os.arch: 'x86_64', os.version: '10.10.2', java.version: '1.7.0_67'
Session ID: bace0e132954e8b7814aa4c5f2e539ef
Driver info: io.appium.java_client.android.AndroidDriver
Capabilities [{platform=ANDROID, acceptSslCerts=true, javascriptEnabled=true, browserName=chrome, chrome={}, rotatable=false, locationContextEnabled=true, mobileEmulationEnabled=false, version=40.0.2214.109, takesHeapSnapshot=true, cssSelectorsEnabled=true, databaseEnabled=false, handlesAlerts=true, browserConnectionEnabled=false, nativeEvents=true, webStorageEnabled=true, applicationCacheEnabled=false, takesScreenshot=true}]
13 AbMobileNav: org.openqa.selenium.WebDriverException: An error occurred (WARNING: The server did not provide any stacktrace information)
Command duration or timeout: 10 milliseconds
Build info: version: '2.42.2', revision: '6a6995d31c7c56c340d6f45a76976d43506cd6cc', time: '2014-06-03 10:52:47'
System info: host: 'testrunner1', ip: '10.12.14.222', os.name: 'Mac OS X', os.arch: 'x86_64', os.version: '10.10.2', java.version: '1.7.0_67'
Session ID: bace0e132954e8b7814aa4c5f2e539ef
Driver info: io.appium.java_client.android.AndroidDriver
Capabilities [{platform=ANDROID, acceptSslCerts=true, javascriptEnabled=true, browserName=chrome, chrome={}, rotatable=false, locationContextEnabled=true, mobileEmulationEnabled=false, version=40.0.2214.109, takesHeapSnapshot=true, cssSelectorsEnabled=true, databaseEnabled=false, handlesAlerts=true, browserConnectionEnabled=false, nativeEvents=true, webStorageEnabled=true, applicationCacheEnabled=false, takesScreenshot=true}]
14 AbMobileNav: org.openqa.selenium.WebDriverException: An error occurred (WARNING: The server did not provide any stacktrace information)
Command duration or timeout: 10 milliseconds
Build info: version: '2.42.2', revision: '6a6995d31c7c56c340d6f45a76976d43506cd6cc', time: '2014-06-03 10:52:47'
System info: host: 'testrunner1', ip: '10.12.14.222', os.name: 'Mac OS X', os.arch: 'x86_64', os.version: '10.10.2', java.version: '1.7.0_67'
Session ID: bace0e132954e8b7814aa4c5f2e539ef
Driver info: io.appium.java_client.android.AndroidDriver
Capabilities [{platform=ANDROID, acceptSslCerts=true, javascriptEnabled=true, browserName=chrome, chrome={}, rotatable=false, locationContextEnabled=true, mobileEmulationEnabled=false, version=40.0.2214.109, takesHeapSnapshot=true, cssSelectorsEnabled=true, databaseEnabled=false, handlesAlerts=true, browserConnectionEnabled=false, nativeEvents=true, webStorageEnabled=true, applicationCacheEnabled=false, takesScreenshot=true}]
Try to assert page title: Debatt
15 AbMobileNav: org.openqa.selenium.WebDriverException: An error occurred (WARNING: The server did not provide any stacktrace information)
Command duration or timeout: 11 milliseconds
Build info: version: '2.42.2', revision: '6a6995d31c7c56c340d6f45a76976d43506cd6cc', time: '2014-06-03 10:52:47'
System info: host: 'testrunner1', ip: '10.12.14.222', os.name: 'Mac OS X', os.arch: 'x86_64', os.version: '10.10.2', java.version: '1.7.0_67'
Session ID: bace0e132954e8b7814aa4c5f2e539ef
Driver info: io.appium.java_client.android.AndroidDriver
Capabilities [{platform=ANDROID, acceptSslCerts=true, javascriptEnabled=true, browserName=chrome, chrome={}, rotatable=false, locationContextEnabled=true, mobileEmulationEnabled=false, version=40.0.2214.109, takesHeapSnapshot=true, cssSelectorsEnabled=true, databaseEnabled=false, handlesAlerts=true, browserConnectionEnabled=false, nativeEvents=true, webStorageEnabled=true, applicationCacheEnabled=false, takesScreenshot=true}]
16 AbMobileNav: org.openqa.selenium.WebDriverException: An error occurred (WARNING: The server did not provide any stacktrace information)
Command duration or timeout: 9 milliseconds
Build info: version: '2.42.2', revision: '6a6995d31c7c56c340d6f45a76976d43506cd6cc', time: '2014-06-03 10:52:47'
System info: host: 'testrunner1', ip: '10.12.14.222', os.name: 'Mac OS X', os.arch: 'x86_64', os.version: '10.10.2', java.version: '1.7.0_67'
Session ID: bace0e132954e8b7814aa4c5f2e539ef
Driver info: io.appium.java_client.android.AndroidDriver
Capabilities [{platform=ANDROID, acceptSslCerts=true, javascriptEnabled=true, browserName=chrome, chrome={}, rotatable=false, locationContextEnabled=true, mobileEmulationEnabled=false, version=40.0.2214.109, takesHeapSnapshot=true, cssSelectorsEnabled=true, databaseEnabled=false, handlesAlerts=true, browserConnectionEnabled=false, nativeEvents=true, webStorageEnabled=true, applicationCacheEnabled=false, takesScreenshot=true}]
>>>Compare to page title: debatt | aftonbladet
By: By.xpath: //*[@class='abToggle']/div
17 AbMobileNav: org.openqa.selenium.WebDriverException: An error occurred (WARNING: The server did not provide any stacktrace information)
Command duration or timeout: 10 milliseconds
Build info: version: '2.42.2', revision: '6a6995d31c7c56c340d6f45a76976d43506cd6cc', time: '2014-06-03 10:52:47'
System info: host: 'testrunner1', ip: '10.12.14.222', os.name: 'Mac OS X', os.arch: 'x86_64', os.version: '10.10.2', java.version: '1.7.0_67'
Session ID: bace0e132954e8b7814aa4c5f2e539ef
Driver info: io.appium.java_client.android.AndroidDriver
Capabilities [{platform=ANDROID, acceptSslCerts=true, javascriptEnabled=true, browserName=chrome, chrome={}, rotatable=false, locationContextEnabled=true, mobileEmulationEnabled=false, version=40.0.2214.109, takesHeapSnapshot=true, cssSelectorsEnabled=true, databaseEnabled=false, handlesAlerts=true, browserConnectionEnabled=false, nativeEvents=true, webStorageEnabled=true, applicationCacheEnabled=false, takesScreenshot=true}]
18 AbMobileNav: org.openqa.selenium.WebDriverException: An error occurred (WARNING: The server did not provide any stacktrace information)
Command duration or timeout: 9 milliseconds
Build info: version: '2.42.2', revision: '6a6995d31c7c56c340d6f45a76976d43506cd6cc', time: '2014-06-03 10:52:47'
System info: host: 'testrunner1', ip: '10.12.14.222', os.name: 'Mac OS X', os.arch: 'x86_64', os.version: '10.10.2', java.version: '1.7.0_67'
Session ID: bace0e132954e8b7814aa4c5f2e539ef
Driver info: io.appium.java_client.android.AndroidDriver
Capabilities [{platform=ANDROID, acceptSslCerts=true, javascriptEnabled=true, browserName=chrome, chrome={}, rotatable=false, locationContextEnabled=true, mobileEmulationEnabled=false, version=40.0.2214.109, takesHeapSnapshot=true, cssSelectorsEnabled=true, databaseEnabled=false, handlesAlerts=true, browserConnectionEnabled=false, nativeEvents=true, webStorageEnabled=true, applicationCacheEnabled=false, takesScreenshot=true}]
19 AbMobileNav: org.openqa.selenium.WebDriverException: An error occurred (WARNING: The server did not provide any stacktrace information)
Command duration or timeout: 9 milliseconds
Build info: version: '2.42.2', revision: '6a6995d31c7c56c340d6f45a76976d43506cd6cc', time: '2014-06-03 10:52:47'
System info: host: 'testrunner1', ip: '10.12.14.222', os.name: 'Mac OS X', os.arch: 'x86_64', os.version: '10.10.2', java.version: '1.7.0_67'
Session ID: bace0e132954e8b7814aa4c5f2e539ef
Driver info: io.appium.java_client.android.AndroidDriver
Capabilities [{platform=ANDROID, acceptSslCerts=true, javascriptEnabled=true, browserName=chrome, chrome={}, rotatable=false, locationContextEnabled=true, mobileEmulationEnabled=false, version=40.0.2214.109, takesHeapSnapshot=true, cssSelectorsEnabled=true, databaseEnabled=false, handlesAlerts=true, browserConnectionEnabled=false, nativeEvents=true, webStorageEnabled=true, applicationCacheEnabled=false, takesScreenshot=true}]
]]></system-out>
  </testcase>
  <testcase name="goToBloggarPage[Android_4.4.2_GT-I9505_Chrome_UNKNOWN]" classname="se.aftonbladet.abtest.tests.mobile.menu.AbMobileNavTest(20150220-060049)" time="0.119">
    <error message="chrome not reachable&#10;  (Session info: chrome=40.0.2214.109)&#10;  (Driver info: chromedriver=2.14.313457 (3d645c400edf2e2c500566c9aa096063e707c9cf),platform=Mac OS X 10.10.2 x86_64) (WARNING: The server did not provide any stacktrace information)&#10;Command duration or timeout: 8 milliseconds&#10;Build info: version: &apos;2.42.2&apos;, revision: &apos;6a6995d31c7c56c340d6f45a76976d43506cd6cc&apos;, time: &apos;2014-06-03 10:52:47&apos;&#10;System info: host: &apos;testrunner1&apos;, ip: &apos;10.12.14.222&apos;, os.name: &apos;Mac OS X&apos;, os.arch: &apos;x86_64&apos;, os.version: &apos;10.10.2&apos;, java.version: &apos;1.7.0_67&apos;&#10;Session ID: bace0e132954e8b7814aa4c5f2e539ef&#10;Driver info: io.appium.java_client.android.AndroidDriver&#10;Capabilities [{platform=ANDROID, acceptSslCerts=true, javascriptEnabled=true, browserName=chrome, chrome={}, rotatable=false, locationContextEnabled=true, mobileEmulationEnabled=false, version=40.0.2214.109, takesHeapSnapshot=true, cssSelectorsEnabled=true, databaseEnabled=false, handlesAlerts=true, browserConnectionEnabled=false, nativeEvents=true, webStorageEnabled=true, applicationCacheEnabled=false, takesScreenshot=true}]" type="org.openqa.selenium.WebDriverException">org.openqa.selenium.WebDriverException: chrome not reachable
  (Session info: chrome=40.0.2214.109)
  (Driver info: chromedriver=2.14.313457 (3d645c400edf2e2c500566c9aa096063e707c9cf),platform=Mac OS X 10.10.2 x86_64) (WARNING: The server did not provide any stacktrace information)
Command duration or timeout: 8 milliseconds
Build info: version: '2.42.2', revision: '6a6995d31c7c56c340d6f45a76976d43506cd6cc', time: '2014-06-03 10:52:47'
System info: host: 'testrunner1', ip: '10.12.14.222', os.name: 'Mac OS X', os.arch: 'x86_64', os.version: '10.10.2', java.version: '1.7.0_67'
Session ID: bace0e132954e8b7814aa4c5f2e539ef
Driver info: io.appium.java_client.android.AndroidDriver
Capabilities [{platform=ANDROID, acceptSslCerts=true, javascriptEnabled=true, browserName=chrome, chrome={}, rotatable=false, locationContextEnabled=true, mobileEmulationEnabled=false, version=40.0.2214.109, takesHeapSnapshot=true, cssSelectorsEnabled=true, databaseEnabled=false, handlesAlerts=true, browserConnectionEnabled=false, nativeEvents=true, webStorageEnabled=true, applicationCacheEnabled=false, takesScreenshot=true}]
	at sun.reflect.GeneratedConstructorAccessor12.newInstance(Unknown Source)
	at sun.reflect.DelegatingConstructorAccessorImpl.newInstance(DelegatingConstructorAccessorImpl.java:45)
	at java.lang.reflect.Constructor.newInstance(Constructor.java:526)
	at org.openqa.selenium.remote.ErrorHandler.createThrowable(ErrorHandler.java:204)
	at org.openqa.selenium.remote.ErrorHandler.throwIfResponseFailed(ErrorHandler.java:156)
	at org.openqa.selenium.remote.RemoteWebDriver.execute(RemoteWebDriver.java:599)
	at io.appium.java_client.AppiumDriver.execute(AppiumDriver.java:180)
	at io.appium.java_client.AppiumDriver.execute(AppiumDriver.java:185)
	at org.openqa.selenium.remote.RemoteWebDriver$RemoteWebDriverOptions.deleteAllCookies(RemoteWebDriver.java:685)
	at se.aftonbladet.abtest.tests.mobile.menu.AbMobileNavTest.setUp(AbMobileNavTest.java:74)
</error>
    <system-out><![CDATA[Driver: AndroidDriver: chrome on ANDROID (e9692668a955e39a25bb520ad02e222f)
]]></system-out>
  </testcase>
  <testcase name="goToTvPage[Android_4.4.2_GT-I9505_Chrome_UNKNOWN]" classname="se.aftonbladet.abtest.tests.mobile.menu.AbMobileNavTest(20150220-060049)" time="10.33">
    <error message="chrome not reachable&#10;  (Session info: chrome=40.0.2214.109)&#10;  (Driver info: chromedriver=2.14.313457 (3d645c400edf2e2c500566c9aa096063e707c9cf),platform=Mac OS X 10.10.2 x86_64) (WARNING: The server did not provide any stacktrace information)&#10;Command duration or timeout: 10 milliseconds&#10;Build info: version: &apos;2.42.2&apos;, revision: &apos;6a6995d31c7c56c340d6f45a76976d43506cd6cc&apos;, time: &apos;2014-06-03 10:52:47&apos;&#10;System info: host: &apos;testrunner1&apos;, ip: &apos;10.12.14.222&apos;, os.name: &apos;Mac OS X&apos;, os.arch: &apos;x86_64&apos;, os.version: &apos;10.10.2&apos;, java.version: &apos;1.7.0_67&apos;&#10;Session ID: bace0e132954e8b7814aa4c5f2e539ef&#10;Driver info: io.appium.java_client.android.AndroidDriver&#10;Capabilities [{platform=ANDROID, acceptSslCerts=true, javascriptEnabled=true, browserName=chrome, chrome={}, rotatable=false, locationContextEnabled=true, mobileEmulationEnabled=false, version=40.0.2214.109, takesHeapSnapshot=true, cssSelectorsEnabled=true, databaseEnabled=false, handlesAlerts=true, browserConnectionEnabled=false, nativeEvents=true, webStorageEnabled=true, applicationCacheEnabled=false, takesScreenshot=true}]" type="org.openqa.selenium.WebDriverException">org.openqa.selenium.WebDriverException: chrome not reachable
  (Session info: chrome=40.0.2214.109)
  (Driver info: chromedriver=2.14.313457 (3d645c400edf2e2c500566c9aa096063e707c9cf),platform=Mac OS X 10.10.2 x86_64) (WARNING: The server did not provide any stacktrace information)
Command duration or timeout: 10 milliseconds
Build info: version: '2.42.2', revision: '6a6995d31c7c56c340d6f45a76976d43506cd6cc', time: '2014-06-03 10:52:47'
System info: host: 'testrunner1', ip: '10.12.14.222', os.name: 'Mac OS X', os.arch: 'x86_64', os.version: '10.10.2', java.version: '1.7.0_67'
Session ID: bace0e132954e8b7814aa4c5f2e539ef
Driver info: io.appium.java_client.android.AndroidDriver
Capabilities [{platform=ANDROID, acceptSslCerts=true, javascriptEnabled=true, browserName=chrome, chrome={}, rotatable=false, locationContextEnabled=true, mobileEmulationEnabled=false, version=40.0.2214.109, takesHeapSnapshot=true, cssSelectorsEnabled=true, databaseEnabled=false, handlesAlerts=true, browserConnectionEnabled=false, nativeEvents=true, webStorageEnabled=true, applicationCacheEnabled=false, takesScreenshot=true}]
	at sun.reflect.GeneratedConstructorAccessor12.newInstance(Unknown Source)
	at sun.reflect.DelegatingConstructorAccessorImpl.newInstance(DelegatingConstructorAccessorImpl.java:45)
	at java.lang.reflect.Constructor.newInstance(Constructor.java:526)
	at org.openqa.selenium.remote.ErrorHandler.createThrowable(ErrorHandler.java:204)
	at org.openqa.selenium.remote.ErrorHandler.throwIfResponseFailed(ErrorHandler.java:156)
	at org.openqa.selenium.remote.RemoteWebDriver.execute(RemoteWebDriver.java:599)
	at io.appium.java_client.AppiumDriver.execute(AppiumDriver.java:180)
	at io.appium.java_client.AppiumDriver.execute(AppiumDriver.java:185)
	at org.openqa.selenium.remote.RemoteWebDriver$RemoteWebDriverOptions.deleteAllCookies(RemoteWebDriver.java:685)
	at se.aftonbladet.abtest.tests.mobile.menu.AbMobileNavTest.setUp(AbMobileNavTest.java:74)
</error>
    <system-out><![CDATA[Driver: AndroidDriver: chrome on ANDROID (bace0e132954e8b7814aa4c5f2e539ef)
0 AbMobileNav: org.openqa.selenium.WebDriverException: An error occurred (WARNING: The server did not provide any stacktrace information)
Command duration or timeout: 8 milliseconds
Build info: version: '2.42.2', revision: '6a6995d31c7c56c340d6f45a76976d43506cd6cc', time: '2014-06-03 10:52:47'
System info: host: 'testrunner1', ip: '10.12.14.222', os.name: 'Mac OS X', os.arch: 'x86_64', os.version: '10.10.2', java.version: '1.7.0_67'
Session ID: bace0e132954e8b7814aa4c5f2e539ef
Driver info: io.appium.java_client.android.AndroidDriver
Capabilities [{platform=ANDROID, acceptSslCerts=true, javascriptEnabled=true, browserName=chrome, chrome={}, rotatable=false, locationContextEnabled=true, mobileEmulationEnabled=false, version=40.0.2214.109, takesHeapSnapshot=true, cssSelectorsEnabled=true, databaseEnabled=false, handlesAlerts=true, browserConnectionEnabled=false, nativeEvents=true, webStorageEnabled=true, applicationCacheEnabled=false, takesScreenshot=true}]
1 AbMobileNav: org.openqa.selenium.WebDriverException: An error occurred (WARNING: The server did not provide any stacktrace information)
Command duration or timeout: 10 milliseconds
Build info: version: '2.42.2', revision: '6a6995d31c7c56c340d6f45a76976d43506cd6cc', time: '2014-06-03 10:52:47'
System info: host: 'testrunner1', ip: '10.12.14.222', os.name: 'Mac OS X', os.arch: 'x86_64', os.version: '10.10.2', java.version: '1.7.0_67'
Session ID: bace0e132954e8b7814aa4c5f2e539ef
Driver info: io.appium.java_client.android.AndroidDriver
Capabilities [{platform=ANDROID, acceptSslCerts=true, javascriptEnabled=true, browserName=chrome, chrome={}, rotatable=false, locationContextEnabled=true, mobileEmulationEnabled=false, version=40.0.2214.109, takesHeapSnapshot=true, cssSelectorsEnabled=true, databaseEnabled=false, handlesAlerts=true, browserConnectionEnabled=false, nativeEvents=true, webStorageEnabled=true, applicationCacheEnabled=false, takesScreenshot=true}]
2 AbMobileNav: org.openqa.selenium.WebDriverException: An error occurred (WARNING: The server did not provide any stacktrace information)
Command duration or timeout: 10 milliseconds
Build info: version: '2.42.2', revision: '6a6995d31c7c56c340d6f45a76976d43506cd6cc', time: '2014-06-03 10:52:47'
System info: host: 'testrunner1', ip: '10.12.14.222', os.name: 'Mac OS X', os.arch: 'x86_64', os.version: '10.10.2', java.version: '1.7.0_67'
Session ID: bace0e132954e8b7814aa4c5f2e539ef
Driver info: io.appium.java_client.android.AndroidDriver
Capabilities [{platform=ANDROID, acceptSslCerts=true, javascriptEnabled=true, browserName=chrome, chrome={}, rotatable=false, locationContextEnabled=true, mobileEmulationEnabled=false, version=40.0.2214.109, takesHeapSnapshot=true, cssSelectorsEnabled=true, databaseEnabled=false, handlesAlerts=true, browserConnectionEnabled=false, nativeEvents=true, webStorageEnabled=true, applicationCacheEnabled=false, takesScreenshot=true}]
3 AbMobileNav: org.openqa.selenium.WebDriverException: An error occurred (WARNING: The server did not provide any stacktrace information)
Command duration or timeout: 9 milliseconds
Build info: version: '2.42.2', revision: '6a6995d31c7c56c340d6f45a76976d43506cd6cc', time: '2014-06-03 10:52:47'
System info: host: 'testrunner1', ip: '10.12.14.222', os.name: 'Mac OS X', os.arch: 'x86_64', os.version: '10.10.2', java.version: '1.7.0_67'
Session ID: bace0e132954e8b7814aa4c5f2e539ef
Driver info: io.appium.java_client.android.AndroidDriver
Capabilities [{platform=ANDROID, acceptSslCerts=true, javascriptEnabled=true, browserName=chrome, chrome={}, rotatable=false, locationContextEnabled=true, mobileEmulationEnabled=false, version=40.0.2214.109, takesHeapSnapshot=true, cssSelectorsEnabled=true, databaseEnabled=false, handlesAlerts=true, browserConnectionEnabled=false, nativeEvents=true, webStorageEnabled=true, applicationCacheEnabled=false, takesScreenshot=true}]
4 AbMobileNav: org.openqa.selenium.WebDriverException: An error occurred (WARNING: The server did not provide any stacktrace information)
Command duration or timeout: 10 milliseconds
Build info: version: '2.42.2', revision: '6a6995d31c7c56c340d6f45a76976d43506cd6cc', time: '2014-06-03 10:52:47'
System info: host: 'testrunner1', ip: '10.12.14.222', os.name: 'Mac OS X', os.arch: 'x86_64', os.version: '10.10.2', java.version: '1.7.0_67'
Session ID: bace0e132954e8b7814aa4c5f2e539ef
Driver info: io.appium.java_client.android.AndroidDriver
Capabilities [{platform=ANDROID, acceptSslCerts=true, javascriptEnabled=true, browserName=chrome, chrome={}, rotatable=false, locationContextEnabled=true, mobileEmulationEnabled=false, version=40.0.2214.109, takesHeapSnapshot=true, cssSelectorsEnabled=true, databaseEnabled=false, handlesAlerts=true, browserConnectionEnabled=false, nativeEvents=true, webStorageEnabled=true, applicationCacheEnabled=false, takesScreenshot=true}]
5 AbMobileNav: org.openqa.selenium.WebDriverException: An error occurred (WARNING: The server did not provide any stacktrace information)
Command duration or timeout: 10 milliseconds
Build info: version: '2.42.2', revision: '6a6995d31c7c56c340d6f45a76976d43506cd6cc', time: '2014-06-03 10:52:47'
System info: host: 'testrunner1', ip: '10.12.14.222', os.name: 'Mac OS X', os.arch: 'x86_64', os.version: '10.10.2', java.version: '1.7.0_67'
Session ID: bace0e132954e8b7814aa4c5f2e539ef
Driver info: io.appium.java_client.android.AndroidDriver
Capabilities [{platform=ANDROID, acceptSslCerts=true, javascriptEnabled=true, browserName=chrome, chrome={}, rotatable=false, locationContextEnabled=true, mobileEmulationEnabled=false, version=40.0.2214.109, takesHeapSnapshot=true, cssSelectorsEnabled=true, databaseEnabled=false, handlesAlerts=true, browserConnectionEnabled=false, nativeEvents=true, webStorageEnabled=true, applicationCacheEnabled=false, takesScreenshot=true}]
6 AbMobileNav: org.openqa.selenium.WebDriverException: An error occurred (WARNING: The server did not provide any stacktrace information)
Command duration or timeout: 11 milliseconds
Build info: version: '2.42.2', revision: '6a6995d31c7c56c340d6f45a76976d43506cd6cc', time: '2014-06-03 10:52:47'
System info: host: 'testrunner1', ip: '10.12.14.222', os.name: 'Mac OS X', os.arch: 'x86_64', os.version: '10.10.2', java.version: '1.7.0_67'
Session ID: bace0e132954e8b7814aa4c5f2e539ef
Driver info: io.appium.java_client.android.AndroidDriver
Capabilities [{platform=ANDROID, acceptSslCerts=true, javascriptEnabled=true, browserName=chrome, chrome={}, rotatable=false, locationContextEnabled=true, mobileEmulationEnabled=false, version=40.0.2214.109, takesHeapSnapshot=true, cssSelectorsEnabled=true, databaseEnabled=false, handlesAlerts=true, browserConnectionEnabled=false, nativeEvents=true, webStorageEnabled=true, applicationCacheEnabled=false, takesScreenshot=true}]
7 AbMobileNav: org.openqa.selenium.WebDriverException: An error occurred (WARNING: The server did not provide any stacktrace information)
Command duration or timeout: 10 milliseconds
Build info: version: '2.42.2', revision: '6a6995d31c7c56c340d6f45a76976d43506cd6cc', time: '2014-06-03 10:52:47'
System info: host: 'testrunner1', ip: '10.12.14.222', os.name: 'Mac OS X', os.arch: 'x86_64', os.version: '10.10.2', java.version: '1.7.0_67'
Session ID: bace0e132954e8b7814aa4c5f2e539ef
Driver info: io.appium.java_client.android.AndroidDriver
Capabilities [{platform=ANDROID, acceptSslCerts=true, javascriptEnabled=true, browserName=chrome, chrome={}, rotatable=false, locationContextEnabled=true, mobileEmulationEnabled=false, version=40.0.2214.109, takesHeapSnapshot=true, cssSelectorsEnabled=true, databaseEnabled=false, handlesAlerts=true, browserConnectionEnabled=false, nativeEvents=true, webStorageEnabled=true, applicationCacheEnabled=false, takesScreenshot=true}]
8 AbMobileNav: org.openqa.selenium.WebDriverException: An error occurred (WARNING: The server did not provide any stacktrace information)
Command duration or timeout: 9 milliseconds
Build info: version: '2.42.2', revision: '6a6995d31c7c56c340d6f45a76976d43506cd6cc', time: '2014-06-03 10:52:47'
System info: host: 'testrunner1', ip: '10.12.14.222', os.name: 'Mac OS X', os.arch: 'x86_64', os.version: '10.10.2', java.version: '1.7.0_67'
Session ID: bace0e132954e8b7814aa4c5f2e539ef
Driver info: io.appium.java_client.android.AndroidDriver
Capabilities [{platform=ANDROID, acceptSslCerts=true, javascriptEnabled=true, browserName=chrome, chrome={}, rotatable=false, locationContextEnabled=true, mobileEmulationEnabled=false, version=40.0.2214.109, takesHeapSnapshot=true, cssSelectorsEnabled=true, databaseEnabled=false, handlesAlerts=true, browserConnectionEnabled=false, nativeEvents=true, webStorageEnabled=true, applicationCacheEnabled=false, takesScreenshot=true}]
9 AbMobileNav: org.openqa.selenium.WebDriverException: An error occurred (WARNING: The server did not provide any stacktrace information)
Command duration or timeout: 11 milliseconds
Build info: version: '2.42.2', revision: '6a6995d31c7c56c340d6f45a76976d43506cd6cc', time: '2014-06-03 10:52:47'
System info: host: 'testrunner1', ip: '10.12.14.222', os.name: 'Mac OS X', os.arch: 'x86_64', os.version: '10.10.2', java.version: '1.7.0_67'
Session ID: bace0e132954e8b7814aa4c5f2e539ef
Driver info: io.appium.java_client.android.AndroidDriver
Capabilities [{platform=ANDROID, acceptSslCerts=true, javascriptEnabled=true, browserName=chrome, chrome={}, rotatable=false, locationContextEnabled=true, mobileEmulationEnabled=false, version=40.0.2214.109, takesHeapSnapshot=true, cssSelectorsEnabled=true, databaseEnabled=false, handlesAlerts=true, browserConnectionEnabled=false, nativeEvents=true, webStorageEnabled=true, applicationCacheEnabled=false, takesScreenshot=true}]
10 AbMobileNav: org.openqa.selenium.WebDriverException: An error occurred (WARNING: The server did not provide any stacktrace information)
Command duration or timeout: 10 milliseconds
Build info: version: '2.42.2', revision: '6a6995d31c7c56c340d6f45a76976d43506cd6cc', time: '2014-06-03 10:52:47'
System info: host: 'testrunner1', ip: '10.12.14.222', os.name: 'Mac OS X', os.arch: 'x86_64', os.version: '10.10.2', java.version: '1.7.0_67'
Session ID: bace0e132954e8b7814aa4c5f2e539ef
Driver info: io.appium.java_client.android.AndroidDriver
Capabilities [{platform=ANDROID, acceptSslCerts=true, javascriptEnabled=true, browserName=chrome, chrome={}, rotatable=false, locationContextEnabled=true, mobileEmulationEnabled=false, version=40.0.2214.109, takesHeapSnapshot=true, cssSelectorsEnabled=true, databaseEnabled=false, handlesAlerts=true, browserConnectionEnabled=false, nativeEvents=true, webStorageEnabled=true, applicationCacheEnabled=false, takesScreenshot=true}]
11 AbMobileNav: org.openqa.selenium.WebDriverException: An error occurred (WARNING: The server did not provide any stacktrace information)
Command duration or timeout: 10 milliseconds
Build info: version: '2.42.2', revision: '6a6995d31c7c56c340d6f45a76976d43506cd6cc', time: '2014-06-03 10:52:47'
System info: host: 'testrunner1', ip: '10.12.14.222', os.name: 'Mac OS X', os.arch: 'x86_64', os.version: '10.10.2', java.version: '1.7.0_67'
Session ID: bace0e132954e8b7814aa4c5f2e539ef
Driver info: io.appium.java_client.android.AndroidDriver
Capabilities [{platform=ANDROID, acceptSslCerts=true, javascriptEnabled=true, browserName=chrome, chrome={}, rotatable=false, locationContextEnabled=true, mobileEmulationEnabled=false, version=40.0.2214.109, takesHeapSnapshot=true, cssSelectorsEnabled=true, databaseEnabled=false, handlesAlerts=true, browserConnectionEnabled=false, nativeEvents=true, webStorageEnabled=true, applicationCacheEnabled=false, takesScreenshot=true}]
12 AbMobileNav: org.openqa.selenium.WebDriverException: An error occurred (WARNING: The server did not provide any stacktrace information)
Command duration or timeout: 9 milliseconds
Build info: version: '2.42.2', revision: '6a6995d31c7c56c340d6f45a76976d43506cd6cc', time: '2014-06-03 10:52:47'
System info: host: 'testrunner1', ip: '10.12.14.222', os.name: 'Mac OS X', os.arch: 'x86_64', os.version: '10.10.2', java.version: '1.7.0_67'
Session ID: bace0e132954e8b7814aa4c5f2e539ef
Driver info: io.appium.java_client.android.AndroidDriver
Capabilities [{platform=ANDROID, acceptSslCerts=true, javascriptEnabled=true, browserName=chrome, chrome={}, rotatable=false, locationContextEnabled=true, mobileEmulationEnabled=false, version=40.0.2214.109, takesHeapSnapshot=true, cssSelectorsEnabled=true, databaseEnabled=false, handlesAlerts=true, browserConnectionEnabled=false, nativeEvents=true, webStorageEnabled=true, applicationCacheEnabled=false, takesScreenshot=true}]
Driver: AndroidDriver: chrome on ANDROID (e9692668a955e39a25bb520ad02e222f)
13 AbMobileNav: org.openqa.selenium.WebDriverException: An error occurred (WARNING: The server did not provide any stacktrace information)
Command duration or timeout: 9 milliseconds
Build info: version: '2.42.2', revision: '6a6995d31c7c56c340d6f45a76976d43506cd6cc', time: '2014-06-03 10:52:47'
System info: host: 'testrunner1', ip: '10.12.14.222', os.name: 'Mac OS X', os.arch: 'x86_64', os.version: '10.10.2', java.version: '1.7.0_67'
Session ID: bace0e132954e8b7814aa4c5f2e539ef
Driver info: io.appium.java_client.android.AndroidDriver
Capabilities [{platform=ANDROID, acceptSslCerts=true, javascriptEnabled=true, browserName=chrome, chrome={}, rotatable=false, locationContextEnabled=true, mobileEmulationEnabled=false, version=40.0.2214.109, takesHeapSnapshot=true, cssSelectorsEnabled=true, databaseEnabled=false, handlesAlerts=true, browserConnectionEnabled=false, nativeEvents=true, webStorageEnabled=true, applicationCacheEnabled=false, takesScreenshot=true}]
14 AbMobileNav: org.openqa.selenium.WebDriverException: An error occurred (WARNING: The server did not provide any stacktrace information)
Command duration or timeout: 9 milliseconds
Build info: version: '2.42.2', revision: '6a6995d31c7c56c340d6f45a76976d43506cd6cc', time: '2014-06-03 10:52:47'
System info: host: 'testrunner1', ip: '10.12.14.222', os.name: 'Mac OS X', os.arch: 'x86_64', os.version: '10.10.2', java.version: '1.7.0_67'
Session ID: bace0e132954e8b7814aa4c5f2e539ef
Driver info: io.appium.java_client.android.AndroidDriver
Capabilities [{platform=ANDROID, acceptSslCerts=true, javascriptEnabled=true, browserName=chrome, chrome={}, rotatable=false, locationContextEnabled=true, mobileEmulationEnabled=false, version=40.0.2214.109, takesHeapSnapshot=true, cssSelectorsEnabled=true, databaseEnabled=false, handlesAlerts=true, browserConnectionEnabled=false, nativeEvents=true, webStorageEnabled=true, applicationCacheEnabled=false, takesScreenshot=true}]
15 AbMobileNav: org.openqa.selenium.WebDriverException: An error occurred (WARNING: The server did not provide any stacktrace information)
Command duration or timeout: 10 milliseconds
Build info: version: '2.42.2', revision: '6a6995d31c7c56c340d6f45a76976d43506cd6cc', time: '2014-06-03 10:52:47'
System info: host: 'testrunner1', ip: '10.12.14.222', os.name: 'Mac OS X', os.arch: 'x86_64', os.version: '10.10.2', java.version: '1.7.0_67'
Session ID: bace0e132954e8b7814aa4c5f2e539ef
Driver info: io.appium.java_client.android.AndroidDriver
Capabilities [{platform=ANDROID, acceptSslCerts=true, javascriptEnabled=true, browserName=chrome, chrome={}, rotatable=false, locationContextEnabled=true, mobileEmulationEnabled=false, version=40.0.2214.109, takesHeapSnapshot=true, cssSelectorsEnabled=true, databaseEnabled=false, handlesAlerts=true, browserConnectionEnabled=false, nativeEvents=true, webStorageEnabled=true, applicationCacheEnabled=false, takesScreenshot=true}]
16 AbMobileNav: org.openqa.selenium.WebDriverException: An error occurred (WARNING: The server did not provide any stacktrace information)
Command duration or timeout: 10 milliseconds
Build info: version: '2.42.2', revision: '6a6995d31c7c56c340d6f45a76976d43506cd6cc', time: '2014-06-03 10:52:47'
System info: host: 'testrunner1', ip: '10.12.14.222', os.name: 'Mac OS X', os.arch: 'x86_64', os.version: '10.10.2', java.version: '1.7.0_67'
Session ID: bace0e132954e8b7814aa4c5f2e539ef
Driver info: io.appium.java_client.android.AndroidDriver
Capabilities [{platform=ANDROID, acceptSslCerts=true, javascriptEnabled=true, browserName=chrome, chrome={}, rotatable=false, locationContextEnabled=true, mobileEmulationEnabled=false, version=40.0.2214.109, takesHeapSnapshot=true, cssSelectorsEnabled=true, databaseEnabled=false, handlesAlerts=true, browserConnectionEnabled=false, nativeEvents=true, webStorageEnabled=true, applicationCacheEnabled=false, takesScreenshot=true}]
17 AbMobileNav: org.openqa.selenium.WebDriverException: An error occurred (WARNING: The server did not provide any stacktrace information)
Command duration or timeout: 17 milliseconds
Build info: version: '2.42.2', revision: '6a6995d31c7c56c340d6f45a76976d43506cd6cc', time: '2014-06-03 10:52:47'
System info: host: 'testrunner1', ip: '10.12.14.222', os.name: 'Mac OS X', os.arch: 'x86_64', os.version: '10.10.2', java.version: '1.7.0_67'
Session ID: bace0e132954e8b7814aa4c5f2e539ef
Driver info: io.appium.java_client.android.AndroidDriver
Capabilities [{platform=ANDROID, acceptSslCerts=true, javascriptEnabled=true, browserName=chrome, chrome={}, rotatable=false, locationContextEnabled=true, mobileEmulationEnabled=false, version=40.0.2214.109, takesHeapSnapshot=true, cssSelectorsEnabled=true, databaseEnabled=false, handlesAlerts=true, browserConnectionEnabled=false, nativeEvents=true, webStorageEnabled=true, applicationCacheEnabled=false, takesScreenshot=true}]
18 AbMobileNav: org.openqa.selenium.WebDriverException: An error occurred (WARNING: The server did not provide any stacktrace information)
Command duration or timeout: 9 milliseconds
Build info: version: '2.42.2', revision: '6a6995d31c7c56c340d6f45a76976d43506cd6cc', time: '2014-06-03 10:52:47'
System info: host: 'testrunner1', ip: '10.12.14.222', os.name: 'Mac OS X', os.arch: 'x86_64', os.version: '10.10.2', java.version: '1.7.0_67'
Session ID: bace0e132954e8b7814aa4c5f2e539ef
Driver info: io.appium.java_client.android.AndroidDriver
Capabilities [{platform=ANDROID, acceptSslCerts=true, javascriptEnabled=true, browserName=chrome, chrome={}, rotatable=false, locationContextEnabled=true, mobileEmulationEnabled=false, version=40.0.2214.109, takesHeapSnapshot=true, cssSelectorsEnabled=true, databaseEnabled=false, handlesAlerts=true, browserConnectionEnabled=false, nativeEvents=true, webStorageEnabled=true, applicationCacheEnabled=false, takesScreenshot=true}]
19 AbMobileNav: org.openqa.selenium.WebDriverException: An error occurred (WARNING: The server did not provide any stacktrace information)
Command duration or timeout: 11 milliseconds
Build info: version: '2.42.2', revision: '6a6995d31c7c56c340d6f45a76976d43506cd6cc', time: '2014-06-03 10:52:47'
System info: host: 'testrunner1', ip: '10.12.14.222', os.name: 'Mac OS X', os.arch: 'x86_64', os.version: '10.10.2', java.version: '1.7.0_67'
Session ID: bace0e132954e8b7814aa4c5f2e539ef
Driver info: io.appium.java_client.android.AndroidDriver
Capabilities [{platform=ANDROID, acceptSslCerts=true, javascriptEnabled=true, browserName=chrome, chrome={}, rotatable=false, locationContextEnabled=true, mobileEmulationEnabled=false, version=40.0.2214.109, takesHeapSnapshot=true, cssSelectorsEnabled=true, databaseEnabled=false, handlesAlerts=true, browserConnectionEnabled=false, nativeEvents=true, webStorageEnabled=true, applicationCacheEnabled=false, takesScreenshot=true}]
]]></system-out>
  </testcase>
  <testcase name="goToLeadrePage[Android_4.4.2_GT-I9505_Chrome_UNKNOWN]" classname="se.aftonbladet.abtest.tests.mobile.menu.AbMobileNavTest(20150220-060049)" time="10.341">
    <error message="chrome not reachable&#10;  (Session info: chrome=40.0.2214.109)&#10;  (Driver info: chromedriver=2.14.313457 (3d645c400edf2e2c500566c9aa096063e707c9cf),platform=Mac OS X 10.10.2 x86_64) (WARNING: The server did not provide any stacktrace information)&#10;Command duration or timeout: 9 milliseconds&#10;Build info: version: &apos;2.42.2&apos;, revision: &apos;6a6995d31c7c56c340d6f45a76976d43506cd6cc&apos;, time: &apos;2014-06-03 10:52:47&apos;&#10;System info: host: &apos;testrunner1&apos;, ip: &apos;10.12.14.222&apos;, os.name: &apos;Mac OS X&apos;, os.arch: &apos;x86_64&apos;, os.version: &apos;10.10.2&apos;, java.version: &apos;1.7.0_67&apos;&#10;Session ID: bace0e132954e8b7814aa4c5f2e539ef&#10;Driver info: io.appium.java_client.android.AndroidDriver&#10;Capabilities [{platform=ANDROID, acceptSslCerts=true, javascriptEnabled=true, browserName=chrome, chrome={}, rotatable=false, locationContextEnabled=true, mobileEmulationEnabled=false, version=40.0.2214.109, takesHeapSnapshot=true, cssSelectorsEnabled=true, databaseEnabled=false, handlesAlerts=true, browserConnectionEnabled=false, nativeEvents=true, webStorageEnabled=true, applicationCacheEnabled=false, takesScreenshot=true}]" type="org.openqa.selenium.WebDriverException">org.openqa.selenium.WebDriverException: chrome not reachable
  (Session info: chrome=40.0.2214.109)
  (Driver info: chromedriver=2.14.313457 (3d645c400edf2e2c500566c9aa096063e707c9cf),platform=Mac OS X 10.10.2 x86_64) (WARNING: The server did not provide any stacktrace information)
Command duration or timeout: 9 milliseconds
Build info: version: '2.42.2', revision: '6a6995d31c7c56c340d6f45a76976d43506cd6cc', time: '2014-06-03 10:52:47'
System info: host: 'testrunner1', ip: '10.12.14.222', os.name: 'Mac OS X', os.arch: 'x86_64', os.version: '10.10.2', java.version: '1.7.0_67'
Session ID: bace0e132954e8b7814aa4c5f2e539ef
Driver info: io.appium.java_client.android.AndroidDriver
Capabilities [{platform=ANDROID, acceptSslCerts=true, javascriptEnabled=true, browserName=chrome, chrome={}, rotatable=false, locationContextEnabled=true, mobileEmulationEnabled=false, version=40.0.2214.109, takesHeapSnapshot=true, cssSelectorsEnabled=true, databaseEnabled=false, handlesAlerts=true, browserConnectionEnabled=false, nativeEvents=true, webStorageEnabled=true, applicationCacheEnabled=false, takesScreenshot=true}]
	at sun.reflect.GeneratedConstructorAccessor12.newInstance(Unknown Source)
	at sun.reflect.DelegatingConstructorAccessorImpl.newInstance(DelegatingConstructorAccessorImpl.java:45)
	at java.lang.reflect.Constructor.newInstance(Constructor.java:526)
	at org.openqa.selenium.remote.ErrorHandler.createThrowable(ErrorHandler.java:204)
	at org.openqa.selenium.remote.ErrorHandler.throwIfResponseFailed(ErrorHandler.java:156)
	at org.openqa.selenium.remote.RemoteWebDriver.execute(RemoteWebDriver.java:599)
	at io.appium.java_client.AppiumDriver.execute(AppiumDriver.java:180)
	at io.appium.java_client.AppiumDriver.execute(AppiumDriver.java:185)
	at org.openqa.selenium.remote.RemoteWebDriver$RemoteWebDriverOptions.deleteAllCookies(RemoteWebDriver.java:685)
	at se.aftonbladet.abtest.tests.mobile.menu.AbMobileNavTest.setUp(AbMobileNavTest.java:74)
</error>
    <system-out><![CDATA[Driver: AndroidDriver: chrome on ANDROID (bace0e132954e8b7814aa4c5f2e539ef)
0 AbMobileNav: org.openqa.selenium.WebDriverException: An error occurred (WARNING: The server did not provide any stacktrace information)
Command duration or timeout: 10 milliseconds
Build info: version: '2.42.2', revision: '6a6995d31c7c56c340d6f45a76976d43506cd6cc', time: '2014-06-03 10:52:47'
System info: host: 'testrunner1', ip: '10.12.14.222', os.name: 'Mac OS X', os.arch: 'x86_64', os.version: '10.10.2', java.version: '1.7.0_67'
Session ID: bace0e132954e8b7814aa4c5f2e539ef
Driver info: io.appium.java_client.android.AndroidDriver
Capabilities [{platform=ANDROID, acceptSslCerts=true, javascriptEnabled=true, browserName=chrome, chrome={}, rotatable=false, locationContextEnabled=true, mobileEmulationEnabled=false, version=40.0.2214.109, takesHeapSnapshot=true, cssSelectorsEnabled=true, databaseEnabled=false, handlesAlerts=true, browserConnectionEnabled=false, nativeEvents=true, webStorageEnabled=true, applicationCacheEnabled=false, takesScreenshot=true}]
1 AbMobileNav: org.openqa.selenium.WebDriverException: An error occurred (WARNING: The server did not provide any stacktrace information)
Command duration or timeout: 9 milliseconds
Build info: version: '2.42.2', revision: '6a6995d31c7c56c340d6f45a76976d43506cd6cc', time: '2014-06-03 10:52:47'
System info: host: 'testrunner1', ip: '10.12.14.222', os.name: 'Mac OS X', os.arch: 'x86_64', os.version: '10.10.2', java.version: '1.7.0_67'
Session ID: bace0e132954e8b7814aa4c5f2e539ef
Driver info: io.appium.java_client.android.AndroidDriver
Capabilities [{platform=ANDROID, acceptSslCerts=true, javascriptEnabled=true, browserName=chrome, chrome={}, rotatable=false, locationContextEnabled=true, mobileEmulationEnabled=false, version=40.0.2214.109, takesHeapSnapshot=true, cssSelectorsEnabled=true, databaseEnabled=false, handlesAlerts=true, browserConnectionEnabled=false, nativeEvents=true, webStorageEnabled=true, applicationCacheEnabled=false, takesScreenshot=true}]
2 AbMobileNav: org.openqa.selenium.WebDriverException: An error occurred (WARNING: The server did not provide any stacktrace information)
Command duration or timeout: 9 milliseconds
Build info: version: '2.42.2', revision: '6a6995d31c7c56c340d6f45a76976d43506cd6cc', time: '2014-06-03 10:52:47'
System info: host: 'testrunner1', ip: '10.12.14.222', os.name: 'Mac OS X', os.arch: 'x86_64', os.version: '10.10.2', java.version: '1.7.0_67'
Session ID: bace0e132954e8b7814aa4c5f2e539ef
Driver info: io.appium.java_client.android.AndroidDriver
Capabilities [{platform=ANDROID, acceptSslCerts=true, javascriptEnabled=true, browserName=chrome, chrome={}, rotatable=false, locationContextEnabled=true, mobileEmulationEnabled=false, version=40.0.2214.109, takesHeapSnapshot=true, cssSelectorsEnabled=true, databaseEnabled=false, handlesAlerts=true, browserConnectionEnabled=false, nativeEvents=true, webStorageEnabled=true, applicationCacheEnabled=false, takesScreenshot=true}]
3 AbMobileNav: org.openqa.selenium.WebDriverException: An error occurred (WARNING: The server did not provide any stacktrace information)
Command duration or timeout: 10 milliseconds
Build info: version: '2.42.2', revision: '6a6995d31c7c56c340d6f45a76976d43506cd6cc', time: '2014-06-03 10:52:47'
System info: host: 'testrunner1', ip: '10.12.14.222', os.name: 'Mac OS X', os.arch: 'x86_64', os.version: '10.10.2', java.version: '1.7.0_67'
Session ID: bace0e132954e8b7814aa4c5f2e539ef
Driver info: io.appium.java_client.android.AndroidDriver
Capabilities [{platform=ANDROID, acceptSslCerts=true, javascriptEnabled=true, browserName=chrome, chrome={}, rotatable=false, locationContextEnabled=true, mobileEmulationEnabled=false, version=40.0.2214.109, takesHeapSnapshot=true, cssSelectorsEnabled=true, databaseEnabled=false, handlesAlerts=true, browserConnectionEnabled=false, nativeEvents=true, webStorageEnabled=true, applicationCacheEnabled=false, takesScreenshot=true}]
4 AbMobileNav: org.openqa.selenium.WebDriverException: An error occurred (WARNING: The server did not provide any stacktrace information)
Command duration or timeout: 9 milliseconds
Build info: version: '2.42.2', revision: '6a6995d31c7c56c340d6f45a76976d43506cd6cc', time: '2014-06-03 10:52:47'
System info: host: 'testrunner1', ip: '10.12.14.222', os.name: 'Mac OS X', os.arch: 'x86_64', os.version: '10.10.2', java.version: '1.7.0_67'
Session ID: bace0e132954e8b7814aa4c5f2e539ef
Driver info: io.appium.java_client.android.AndroidDriver
Capabilities [{platform=ANDROID, acceptSslCerts=true, javascriptEnabled=true, browserName=chrome, chrome={}, rotatable=false, locationContextEnabled=true, mobileEmulationEnabled=false, version=40.0.2214.109, takesHeapSnapshot=true, cssSelectorsEnabled=true, databaseEnabled=false, handlesAlerts=true, browserConnectionEnabled=false, nativeEvents=true, webStorageEnabled=true, applicationCacheEnabled=false, takesScreenshot=true}]
5 AbMobileNav: org.openqa.selenium.WebDriverException: An error occurred (WARNING: The server did not provide any stacktrace information)
Command duration or timeout: 9 milliseconds
Build info: version: '2.42.2', revision: '6a6995d31c7c56c340d6f45a76976d43506cd6cc', time: '2014-06-03 10:52:47'
System info: host: 'testrunner1', ip: '10.12.14.222', os.name: 'Mac OS X', os.arch: 'x86_64', os.version: '10.10.2', java.version: '1.7.0_67'
Session ID: bace0e132954e8b7814aa4c5f2e539ef
Driver info: io.appium.java_client.android.AndroidDriver
Capabilities [{platform=ANDROID, acceptSslCerts=true, javascriptEnabled=true, browserName=chrome, chrome={}, rotatable=false, locationContextEnabled=true, mobileEmulationEnabled=false, version=40.0.2214.109, takesHeapSnapshot=true, cssSelectorsEnabled=true, databaseEnabled=false, handlesAlerts=true, browserConnectionEnabled=false, nativeEvents=true, webStorageEnabled=true, applicationCacheEnabled=false, takesScreenshot=true}]
6 AbMobileNav: org.openqa.selenium.WebDriverException: An error occurred (WARNING: The server did not provide any stacktrace information)
Command duration or timeout: 9 milliseconds
Build info: version: '2.42.2', revision: '6a6995d31c7c56c340d6f45a76976d43506cd6cc', time: '2014-06-03 10:52:47'
System info: host: 'testrunner1', ip: '10.12.14.222', os.name: 'Mac OS X', os.arch: 'x86_64', os.version: '10.10.2', java.version: '1.7.0_67'
Session ID: bace0e132954e8b7814aa4c5f2e539ef
Driver info: io.appium.java_client.android.AndroidDriver
Capabilities [{platform=ANDROID, acceptSslCerts=true, javascriptEnabled=true, browserName=chrome, chrome={}, rotatable=false, locationContextEnabled=true, mobileEmulationEnabled=false, version=40.0.2214.109, takesHeapSnapshot=true, cssSelectorsEnabled=true, databaseEnabled=false, handlesAlerts=true, browserConnectionEnabled=false, nativeEvents=true, webStorageEnabled=true, applicationCacheEnabled=false, takesScreenshot=true}]
7 AbMobileNav: org.openqa.selenium.WebDriverException: An error occurred (WARNING: The server did not provide any stacktrace information)
Command duration or timeout: 10 milliseconds
Build info: version: '2.42.2', revision: '6a6995d31c7c56c340d6f45a76976d43506cd6cc', time: '2014-06-03 10:52:47'
System info: host: 'testrunner1', ip: '10.12.14.222', os.name: 'Mac OS X', os.arch: 'x86_64', os.version: '10.10.2', java.version: '1.7.0_67'
Session ID: bace0e132954e8b7814aa4c5f2e539ef
Driver info: io.appium.java_client.android.AndroidDriver
Capabilities [{platform=ANDROID, acceptSslCerts=true, javascriptEnabled=true, browserName=chrome, chrome={}, rotatable=false, locationContextEnabled=true, mobileEmulationEnabled=false, version=40.0.2214.109, takesHeapSnapshot=true, cssSelectorsEnabled=true, databaseEnabled=false, handlesAlerts=true, browserConnectionEnabled=false, nativeEvents=true, webStorageEnabled=true, applicationCacheEnabled=false, takesScreenshot=true}]
8 AbMobileNav: org.openqa.selenium.WebDriverException: An error occurred (WARNING: The server did not provide any stacktrace information)
Command duration or timeout: 10 milliseconds
Build info: version: '2.42.2', revision: '6a6995d31c7c56c340d6f45a76976d43506cd6cc', time: '2014-06-03 10:52:47'
System info: host: 'testrunner1', ip: '10.12.14.222', os.name: 'Mac OS X', os.arch: 'x86_64', os.version: '10.10.2', java.version: '1.7.0_67'
Session ID: bace0e132954e8b7814aa4c5f2e539ef
Driver info: io.appium.java_client.android.AndroidDriver
Capabilities [{platform=ANDROID, acceptSslCerts=true, javascriptEnabled=true, browserName=chrome, chrome={}, rotatable=false, locationContextEnabled=true, mobileEmulationEnabled=false, version=40.0.2214.109, takesHeapSnapshot=true, cssSelectorsEnabled=true, databaseEnabled=false, handlesAlerts=true, browserConnectionEnabled=false, nativeEvents=true, webStorageEnabled=true, applicationCacheEnabled=false, takesScreenshot=true}]
clickLeftMenuItem pMenuText: Nyheter
9 AbMobileNav: org.openqa.selenium.WebDriverException: An error occurred (WARNING: The server did not provide any stacktrace information)
Command duration or timeout: 10 milliseconds
Build info: version: '2.42.2', revision: '6a6995d31c7c56c340d6f45a76976d43506cd6cc', time: '2014-06-03 10:52:47'
System info: host: 'testrunner1', ip: '10.12.14.222', os.name: 'Mac OS X', os.arch: 'x86_64', os.version: '10.10.2', java.version: '1.7.0_67'
Session ID: bace0e132954e8b7814aa4c5f2e539ef
Driver info: io.appium.java_client.android.AndroidDriver
Capabilities [{platform=ANDROID, acceptSslCerts=true, javascriptEnabled=true, browserName=chrome, chrome={}, rotatable=false, locationContextEnabled=true, mobileEmulationEnabled=false, version=40.0.2214.109, takesHeapSnapshot=true, cssSelectorsEnabled=true, databaseEnabled=false, handlesAlerts=true, browserConnectionEnabled=false, nativeEvents=true, webStorageEnabled=true, applicationCacheEnabled=false, takesScreenshot=true}]
10 AbMobileNav: org.openqa.selenium.WebDriverException: An error occurred (WARNING: The server did not provide any stacktrace information)
Command duration or timeout: 10 milliseconds
Build info: version: '2.42.2', revision: '6a6995d31c7c56c340d6f45a76976d43506cd6cc', time: '2014-06-03 10:52:47'
System info: host: 'testrunner1', ip: '10.12.14.222', os.name: 'Mac OS X', os.arch: 'x86_64', os.version: '10.10.2', java.version: '1.7.0_67'
Session ID: bace0e132954e8b7814aa4c5f2e539ef
Driver info: io.appium.java_client.android.AndroidDriver
Capabilities [{platform=ANDROID, acceptSslCerts=true, javascriptEnabled=true, browserName=chrome, chrome={}, rotatable=false, locationContextEnabled=true, mobileEmulationEnabled=false, version=40.0.2214.109, takesHeapSnapshot=true, cssSelectorsEnabled=true, databaseEnabled=false, handlesAlerts=true, browserConnectionEnabled=false, nativeEvents=true, webStorageEnabled=true, applicationCacheEnabled=false, takesScreenshot=true}]
11 AbMobileNav: org.openqa.selenium.WebDriverException: An error occurred (WARNING: The server did not provide any stacktrace information)
Command duration or timeout: 9 milliseconds
Build info: version: '2.42.2', revision: '6a6995d31c7c56c340d6f45a76976d43506cd6cc', time: '2014-06-03 10:52:47'
System info: host: 'testrunner1', ip: '10.12.14.222', os.name: 'Mac OS X', os.arch: 'x86_64', os.version: '10.10.2', java.version: '1.7.0_67'
Session ID: bace0e132954e8b7814aa4c5f2e539ef
Driver info: io.appium.java_client.android.AndroidDriver
Capabilities [{platform=ANDROID, acceptSslCerts=true, javascriptEnabled=true, browserName=chrome, chrome={}, rotatable=false, locationContextEnabled=true, mobileEmulationEnabled=false, version=40.0.2214.109, takesHeapSnapshot=true, cssSelectorsEnabled=true, databaseEnabled=false, handlesAlerts=true, browserConnectionEnabled=false, nativeEvents=true, webStorageEnabled=true, applicationCacheEnabled=false, takesScreenshot=true}]
By: By.xpath: //*[@id='abTopMenuDynamic']/li/a[text()='Nyheter' and not(@disabled)]
12 AbMobileNav: org.openqa.selenium.WebDriverException: An error occurred (WARNING: The server did not provide any stacktrace information)
Command duration or timeout: 20 milliseconds
Build info: version: '2.42.2', revision: '6a6995d31c7c56c340d6f45a76976d43506cd6cc', time: '2014-06-03 10:52:47'
System info: host: 'testrunner1', ip: '10.12.14.222', os.name: 'Mac OS X', os.arch: 'x86_64', os.version: '10.10.2', java.version: '1.7.0_67'
Session ID: bace0e132954e8b7814aa4c5f2e539ef
Driver info: io.appium.java_client.android.AndroidDriver
Capabilities [{platform=ANDROID, acceptSslCerts=true, javascriptEnabled=true, browserName=chrome, chrome={}, rotatable=false, locationContextEnabled=true, mobileEmulationEnabled=false, version=40.0.2214.109, takesHeapSnapshot=true, cssSelectorsEnabled=true, databaseEnabled=false, handlesAlerts=true, browserConnectionEnabled=false, nativeEvents=true, webStorageEnabled=true, applicationCacheEnabled=false, takesScreenshot=true}]
13 AbMobileNav: org.openqa.selenium.WebDriverException: An error occurred (WARNING: The server did not provide any stacktrace information)
Command duration or timeout: 9 milliseconds
Build info: version: '2.42.2', revision: '6a6995d31c7c56c340d6f45a76976d43506cd6cc', time: '2014-06-03 10:52:47'
System info: host: 'testrunner1', ip: '10.12.14.222', os.name: 'Mac OS X', os.arch: 'x86_64', os.version: '10.10.2', java.version: '1.7.0_67'
Session ID: bace0e132954e8b7814aa4c5f2e539ef
Driver info: io.appium.java_client.android.AndroidDriver
Capabilities [{platform=ANDROID, acceptSslCerts=true, javascriptEnabled=true, browserName=chrome, chrome={}, rotatable=false, locationContextEnabled=true, mobileEmulationEnabled=false, version=40.0.2214.109, takesHeapSnapshot=true, cssSelectorsEnabled=true, databaseEnabled=false, handlesAlerts=true, browserConnectionEnabled=false, nativeEvents=true, webStorageEnabled=true, applicationCacheEnabled=false, takesScreenshot=true}]
14 AbMobileNav: org.openqa.selenium.WebDriverException: An error occurred (WARNING: The server did not provide any stacktrace information)
Command duration or timeout: 10 milliseconds
Build info: version: '2.42.2', revision: '6a6995d31c7c56c340d6f45a76976d43506cd6cc', time: '2014-06-03 10:52:47'
System info: host: 'testrunner1', ip: '10.12.14.222', os.name: 'Mac OS X', os.arch: 'x86_64', os.version: '10.10.2', java.version: '1.7.0_67'
Session ID: bace0e132954e8b7814aa4c5f2e539ef
Driver info: io.appium.java_client.android.AndroidDriver
Capabilities [{platform=ANDROID, acceptSslCerts=true, javascriptEnabled=true, browserName=chrome, chrome={}, rotatable=false, locationContextEnabled=true, mobileEmulationEnabled=false, version=40.0.2214.109, takesHeapSnapshot=true, cssSelectorsEnabled=true, databaseEnabled=false, handlesAlerts=true, browserConnectionEnabled=false, nativeEvents=true, webStorageEnabled=true, applicationCacheEnabled=false, takesScreenshot=true}]
15 AbMobileNav: org.openqa.selenium.WebDriverException: An error occurred (WARNING: The server did not provide any stacktrace information)
Command duration or timeout: 10 milliseconds
Build info: version: '2.42.2', revision: '6a6995d31c7c56c340d6f45a76976d43506cd6cc', time: '2014-06-03 10:52:47'
System info: host: 'testrunner1', ip: '10.12.14.222', os.name: 'Mac OS X', os.arch: 'x86_64', os.version: '10.10.2', java.version: '1.7.0_67'
Session ID: bace0e132954e8b7814aa4c5f2e539ef
Driver info: io.appium.java_client.android.AndroidDriver
Capabilities [{platform=ANDROID, acceptSslCerts=true, javascriptEnabled=true, browserName=chrome, chrome={}, rotatable=false, locationContextEnabled=true, mobileEmulationEnabled=false, version=40.0.2214.109, takesHeapSnapshot=true, cssSelectorsEnabled=true, databaseEnabled=false, handlesAlerts=true, browserConnectionEnabled=false, nativeEvents=true, webStorageEnabled=true, applicationCacheEnabled=false, takesScreenshot=true}]
16 AbMobileNav: org.openqa.selenium.WebDriverException: An error occurred (WARNING: The server did not provide any stacktrace information)
Command duration or timeout: 10 milliseconds
Build info: version: '2.42.2', revision: '6a6995d31c7c56c340d6f45a76976d43506cd6cc', time: '2014-06-03 10:52:47'
System info: host: 'testrunner1', ip: '10.12.14.222', os.name: 'Mac OS X', os.arch: 'x86_64', os.version: '10.10.2', java.version: '1.7.0_67'
Session ID: bace0e132954e8b7814aa4c5f2e539ef
Driver info: io.appium.java_client.android.AndroidDriver
Capabilities [{platform=ANDROID, acceptSslCerts=true, javascriptEnabled=true, browserName=chrome, chrome={}, rotatable=false, locationContextEnabled=true, mobileEmulationEnabled=false, version=40.0.2214.109, takesHeapSnapshot=true, cssSelectorsEnabled=true, databaseEnabled=false, handlesAlerts=true, browserConnectionEnabled=false, nativeEvents=true, webStorageEnabled=true, applicationCacheEnabled=false, takesScreenshot=true}]
17 AbMobileNav: org.openqa.selenium.WebDriverException: An error occurred (WARNING: The server did not provide any stacktrace information)
Command duration or timeout: 10 milliseconds
Build info: version: '2.42.2', revision: '6a6995d31c7c56c340d6f45a76976d43506cd6cc', time: '2014-06-03 10:52:47'
System info: host: 'testrunner1', ip: '10.12.14.222', os.name: 'Mac OS X', os.arch: 'x86_64', os.version: '10.10.2', java.version: '1.7.0_67'
Session ID: bace0e132954e8b7814aa4c5f2e539ef
Driver info: io.appium.java_client.android.AndroidDriver
Capabilities [{platform=ANDROID, acceptSslCerts=true, javascriptEnabled=true, browserName=chrome, chrome={}, rotatable=false, locationContextEnabled=true, mobileEmulationEnabled=false, version=40.0.2214.109, takesHeapSnapshot=true, cssSelectorsEnabled=true, databaseEnabled=false, handlesAlerts=true, browserConnectionEnabled=false, nativeEvents=true, webStorageEnabled=true, applicationCacheEnabled=false, takesScreenshot=true}]
18 AbMobileNav: org.openqa.selenium.WebDriverException: An error occurred (WARNING: The server did not provide any stacktrace information)
Command duration or timeout: 10 milliseconds
Build info: version: '2.42.2', revision: '6a6995d31c7c56c340d6f45a76976d43506cd6cc', time: '2014-06-03 10:52:47'
System info: host: 'testrunner1', ip: '10.12.14.222', os.name: 'Mac OS X', os.arch: 'x86_64', os.version: '10.10.2', java.version: '1.7.0_67'
Session ID: bace0e132954e8b7814aa4c5f2e539ef
Driver info: io.appium.java_client.android.AndroidDriver
Capabilities [{platform=ANDROID, acceptSslCerts=true, javascriptEnabled=true, browserName=chrome, chrome={}, rotatable=false, locationContextEnabled=true, mobileEmulationEnabled=false, version=40.0.2214.109, takesHeapSnapshot=true, cssSelectorsEnabled=true, databaseEnabled=false, handlesAlerts=true, browserConnectionEnabled=false, nativeEvents=true, webStorageEnabled=true, applicationCacheEnabled=false, takesScreenshot=true}]
19 AbMobileNav: org.openqa.selenium.WebDriverException: An error occurred (WARNING: The server did not provide any stacktrace information)
Command duration or timeout: 13 milliseconds
Build info: version: '2.42.2', revision: '6a6995d31c7c56c340d6f45a76976d43506cd6cc', time: '2014-06-03 10:52:47'
System info: host: 'testrunner1', ip: '10.12.14.222', os.name: 'Mac OS X', os.arch: 'x86_64', os.version: '10.10.2', java.version: '1.7.0_67'
Session ID: bace0e132954e8b7814aa4c5f2e539ef
Driver info: io.appium.java_client.android.AndroidDriver
Capabilities [{platform=ANDROID, acceptSslCerts=true, javascriptEnabled=true, browserName=chrome, chrome={}, rotatable=false, locationContextEnabled=true, mobileEmulationEnabled=false, version=40.0.2214.109, takesHeapSnapshot=true, cssSelectorsEnabled=true, databaseEnabled=false, handlesAlerts=true, browserConnectionEnabled=false, nativeEvents=true, webStorageEnabled=true, applicationCacheEnabled=false, takesScreenshot=true}]
]]></system-out>
  </testcase>
  <testcase name="goToNewsPage[Android_4.4.4_SM-N910F_Chrome_UNKNOWN]" classname="se.aftonbladet.abtest.tests.mobile.menu.AbMobileNavTest(20150220-060049)" time="3.964">
    <failure message="expected:&lt;32&gt; but was:&lt;20&gt;" type="java.lang.AssertionError"><![CDATA[java.lang.AssertionError: expected:<32> but was:<20>
	at org.junit.Assert.fail(Assert.java:88)
	at org.junit.Assert.failNotEquals(Assert.java:743)
	at org.junit.Assert.assertEquals(Assert.java:118)
	at org.junit.Assert.assertEquals(Assert.java:555)
	at org.junit.Assert.assertEquals(Assert.java:542)
	at se.aftonbladet.abtest.tests.mobile.menu.AbMobileNavTest.goToNewsPage(AbMobileNavTest.java:102)
]]></failure>
    <system-out><![CDATA[Driver: AndroidDriver: chrome on ANDROID (bace0e132954e8b7814aa4c5f2e539ef)
0 AbMobileNav: org.openqa.selenium.WebDriverException: An error occurred (WARNING: The server did not provide any stacktrace information)
Command duration or timeout: 11 milliseconds
Build info: version: '2.42.2', revision: '6a6995d31c7c56c340d6f45a76976d43506cd6cc', time: '2014-06-03 10:52:47'
System info: host: 'testrunner1', ip: '10.12.14.222', os.name: 'Mac OS X', os.arch: 'x86_64', os.version: '10.10.2', java.version: '1.7.0_67'
Session ID: bace0e132954e8b7814aa4c5f2e539ef
Driver info: io.appium.java_client.android.AndroidDriver
Capabilities [{platform=ANDROID, acceptSslCerts=true, javascriptEnabled=true, browserName=chrome, chrome={}, rotatable=false, locationContextEnabled=true, mobileEmulationEnabled=false, version=40.0.2214.109, takesHeapSnapshot=true, cssSelectorsEnabled=true, databaseEnabled=false, handlesAlerts=true, browserConnectionEnabled=false, nativeEvents=true, webStorageEnabled=true, applicationCacheEnabled=false, takesScreenshot=true}]
Try to assert page title: Nyheter
1 AbMobileNav: org.openqa.selenium.WebDriverException: An error occurred (WARNING: The server did not provide any stacktrace information)
Command duration or timeout: 9 milliseconds
Build info: version: '2.42.2', revision: '6a6995d31c7c56c340d6f45a76976d43506cd6cc', time: '2014-06-03 10:52:47'
System info: host: 'testrunner1', ip: '10.12.14.222', os.name: 'Mac OS X', os.arch: 'x86_64', os.version: '10.10.2', java.version: '1.7.0_67'
Session ID: bace0e132954e8b7814aa4c5f2e539ef
Driver info: io.appium.java_client.android.AndroidDriver
Capabilities [{platform=ANDROID, acceptSslCerts=true, javascriptEnabled=true, browserName=chrome, chrome={}, rotatable=false, locationContextEnabled=true, mobileEmulationEnabled=false, version=40.0.2214.109, takesHeapSnapshot=true, cssSelectorsEnabled=true, databaseEnabled=false, handlesAlerts=true, browserConnectionEnabled=false, nativeEvents=true, webStorageEnabled=true, applicationCacheEnabled=false, takesScreenshot=true}]
2 AbMobileNav: org.openqa.selenium.WebDriverException: An error occurred (WARNING: The server did not provide any stacktrace information)
Command duration or timeout: 10 milliseconds
Build info: version: '2.42.2', revision: '6a6995d31c7c56c340d6f45a76976d43506cd6cc', time: '2014-06-03 10:52:47'
System info: host: 'testrunner1', ip: '10.12.14.222', os.name: 'Mac OS X', os.arch: 'x86_64', os.version: '10.10.2', java.version: '1.7.0_67'
Session ID: bace0e132954e8b7814aa4c5f2e539ef
Driver info: io.appium.java_client.android.AndroidDriver
Capabilities [{platform=ANDROID, acceptSslCerts=true, javascriptEnabled=true, browserName=chrome, chrome={}, rotatable=false, locationContextEnabled=true, mobileEmulationEnabled=false, version=40.0.2214.109, takesHeapSnapshot=true, cssSelectorsEnabled=true, databaseEnabled=false, handlesAlerts=true, browserConnectionEnabled=false, nativeEvents=true, webStorageEnabled=true, applicationCacheEnabled=false, takesScreenshot=true}]
>>>Compare to page title: nyheter | aftonbladet
3 AbMobileNav: org.openqa.selenium.WebDriverException: An error occurred (WARNING: The server did not provide any stacktrace information)
Command duration or timeout: 10 milliseconds
Build info: version: '2.42.2', revision: '6a6995d31c7c56c340d6f45a76976d43506cd6cc', time: '2014-06-03 10:52:47'
System info: host: 'testrunner1', ip: '10.12.14.222', os.name: 'Mac OS X', os.arch: 'x86_64', os.version: '10.10.2', java.version: '1.7.0_67'
Session ID: bace0e132954e8b7814aa4c5f2e539ef
Driver info: io.appium.java_client.android.AndroidDriver
Capabilities [{platform=ANDROID, acceptSslCerts=true, javascriptEnabled=true, browserName=chrome, chrome={}, rotatable=false, locationContextEnabled=true, mobileEmulationEnabled=false, version=40.0.2214.109, takesHeapSnapshot=true, cssSelectorsEnabled=true, databaseEnabled=false, handlesAlerts=true, browserConnectionEnabled=false, nativeEvents=true, webStorageEnabled=true, applicationCacheEnabled=false, takesScreenshot=true}]
4 AbMobileNav: org.openqa.selenium.WebDriverException: An error occurred (WARNING: The server did not provide any stacktrace information)
Command duration or timeout: 10 milliseconds
Build info: version: '2.42.2', revision: '6a6995d31c7c56c340d6f45a76976d43506cd6cc', time: '2014-06-03 10:52:47'
System info: host: 'testrunner1', ip: '10.12.14.222', os.name: 'Mac OS X', os.arch: 'x86_64', os.version: '10.10.2', java.version: '1.7.0_67'
Session ID: bace0e132954e8b7814aa4c5f2e539ef
Driver info: io.appium.java_client.android.AndroidDriver
Capabilities [{platform=ANDROID, acceptSslCerts=true, javascriptEnabled=true, browserName=chrome, chrome={}, rotatable=false, locationContextEnabled=true, mobileEmulationEnabled=false, version=40.0.2214.109, takesHeapSnapshot=true, cssSelectorsEnabled=true, databaseEnabled=false, handlesAlerts=true, browserConnectionEnabled=false, nativeEvents=true, webStorageEnabled=true, applicationCacheEnabled=false, takesScreenshot=true}]
5 AbMobileNav: org.openqa.selenium.WebDriverException: An error occurred (WARNING: The server did not provide any stacktrace information)
Command duration or timeout: 11 milliseconds
Build info: version: '2.42.2', revision: '6a6995d31c7c56c340d6f45a76976d43506cd6cc', time: '2014-06-03 10:52:47'
System info: host: 'testrunner1', ip: '10.12.14.222', os.name: 'Mac OS X', os.arch: 'x86_64', os.version: '10.10.2', java.version: '1.7.0_67'
Session ID: bace0e132954e8b7814aa4c5f2e539ef
Driver info: io.appium.java_client.android.AndroidDriver
Capabilities [{platform=ANDROID, acceptSslCerts=true, javascriptEnabled=true, browserName=chrome, chrome={}, rotatable=false, locationContextEnabled=true, mobileEmulationEnabled=false, version=40.0.2214.109, takesHeapSnapshot=true, cssSelectorsEnabled=true, databaseEnabled=false, handlesAlerts=true, browserConnectionEnabled=false, nativeEvents=true, webStorageEnabled=true, applicationCacheEnabled=false, takesScreenshot=true}]
By: By.xpath: //*[@class='abToggle']/div
6 AbMobileNav: org.openqa.selenium.WebDriverException: An error occurred (WARNING: The server did not provide any stacktrace information)
Command duration or timeout: 11 milliseconds
Build info: version: '2.42.2', revision: '6a6995d31c7c56c340d6f45a76976d43506cd6cc', time: '2014-06-03 10:52:47'
System info: host: 'testrunner1', ip: '10.12.14.222', os.name: 'Mac OS X', os.arch: 'x86_64', os.version: '10.10.2', java.version: '1.7.0_67'
Session ID: bace0e132954e8b7814aa4c5f2e539ef
Driver info: io.appium.java_client.android.AndroidDriver
Capabilities [{platform=ANDROID, acceptSslCerts=true, javascriptEnabled=true, browserName=chrome, chrome={}, rotatable=false, locationContextEnabled=true, mobileEmulationEnabled=false, version=40.0.2214.109, takesHeapSnapshot=true, cssSelectorsEnabled=true, databaseEnabled=false, handlesAlerts=true, browserConnectionEnabled=false, nativeEvents=true, webStorageEnabled=true, applicationCacheEnabled=false, takesScreenshot=true}]
7 AbMobileNav: org.openqa.selenium.WebDriverException: An error occurred (WARNING: The server did not provide any stacktrace information)
Command duration or timeout: 9 milliseconds
Build info: version: '2.42.2', revision: '6a6995d31c7c56c340d6f45a76976d43506cd6cc', time: '2014-06-03 10:52:47'
System info: host: 'testrunner1', ip: '10.12.14.222', os.name: 'Mac OS X', os.arch: 'x86_64', os.version: '10.10.2', java.version: '1.7.0_67'
Session ID: bace0e132954e8b7814aa4c5f2e539ef
Driver info: io.appium.java_client.android.AndroidDriver
Capabilities [{platform=ANDROID, acceptSslCerts=true, javascriptEnabled=true, browserName=chrome, chrome={}, rotatable=false, locationContextEnabled=true, mobileEmulationEnabled=false, version=40.0.2214.109, takesHeapSnapshot=true, cssSelectorsEnabled=true, databaseEnabled=false, handlesAlerts=true, browserConnectionEnabled=false, nativeEvents=true, webStorageEnabled=true, applicationCacheEnabled=false, takesScreenshot=true}]
]]></system-out>
  </testcase>
  <testcase name="goToSportPage[Android_4.4.2_GT-I9505_Chrome_UNKNOWN]" classname="se.aftonbladet.abtest.tests.mobile.menu.AbMobileNavTest(20150220-060049)" time="10.346">
    <error message="chrome not reachable&#10;  (Session info: chrome=40.0.2214.109)&#10;  (Driver info: chromedriver=2.14.313457 (3d645c400edf2e2c500566c9aa096063e707c9cf),platform=Mac OS X 10.10.2 x86_64) (WARNING: The server did not provide any stacktrace information)&#10;Command duration or timeout: 9 milliseconds&#10;Build info: version: &apos;2.42.2&apos;, revision: &apos;6a6995d31c7c56c340d6f45a76976d43506cd6cc&apos;, time: &apos;2014-06-03 10:52:47&apos;&#10;System info: host: &apos;testrunner1&apos;, ip: &apos;10.12.14.222&apos;, os.name: &apos;Mac OS X&apos;, os.arch: &apos;x86_64&apos;, os.version: &apos;10.10.2&apos;, java.version: &apos;1.7.0_67&apos;&#10;Session ID: bace0e132954e8b7814aa4c5f2e539ef&#10;Driver info: io.appium.java_client.android.AndroidDriver&#10;Capabilities [{platform=ANDROID, acceptSslCerts=true, javascriptEnabled=true, browserName=chrome, chrome={}, rotatable=false, locationContextEnabled=true, mobileEmulationEnabled=false, version=40.0.2214.109, takesHeapSnapshot=true, cssSelectorsEnabled=true, databaseEnabled=false, handlesAlerts=true, browserConnectionEnabled=false, nativeEvents=true, webStorageEnabled=true, applicationCacheEnabled=false, takesScreenshot=true}]" type="org.openqa.selenium.WebDriverException">org.openqa.selenium.WebDriverException: chrome not reachable
  (Session info: chrome=40.0.2214.109)
  (Driver info: chromedriver=2.14.313457 (3d645c400edf2e2c500566c9aa096063e707c9cf),platform=Mac OS X 10.10.2 x86_64) (WARNING: The server did not provide any stacktrace information)
Command duration or timeout: 9 milliseconds
Build info: version: '2.42.2', revision: '6a6995d31c7c56c340d6f45a76976d43506cd6cc', time: '2014-06-03 10:52:47'
System info: host: 'testrunner1', ip: '10.12.14.222', os.name: 'Mac OS X', os.arch: 'x86_64', os.version: '10.10.2', java.version: '1.7.0_67'
Session ID: bace0e132954e8b7814aa4c5f2e539ef
Driver info: io.appium.java_client.android.AndroidDriver
Capabilities [{platform=ANDROID, acceptSslCerts=true, javascriptEnabled=true, browserName=chrome, chrome={}, rotatable=false, locationContextEnabled=true, mobileEmulationEnabled=false, version=40.0.2214.109, takesHeapSnapshot=true, cssSelectorsEnabled=true, databaseEnabled=false, handlesAlerts=true, browserConnectionEnabled=false, nativeEvents=true, webStorageEnabled=true, applicationCacheEnabled=false, takesScreenshot=true}]
	at sun.reflect.GeneratedConstructorAccessor12.newInstance(Unknown Source)
	at sun.reflect.DelegatingConstructorAccessorImpl.newInstance(DelegatingConstructorAccessorImpl.java:45)
	at java.lang.reflect.Constructor.newInstance(Constructor.java:526)
	at org.openqa.selenium.remote.ErrorHandler.createThrowable(ErrorHandler.java:204)
	at org.openqa.selenium.remote.ErrorHandler.throwIfResponseFailed(ErrorHandler.java:156)
	at org.openqa.selenium.remote.RemoteWebDriver.execute(RemoteWebDriver.java:599)
	at io.appium.java_client.AppiumDriver.execute(AppiumDriver.java:180)
	at io.appium.java_client.AppiumDriver.execute(AppiumDriver.java:185)
	at org.openqa.selenium.remote.RemoteWebDriver$RemoteWebDriverOptions.deleteAllCookies(RemoteWebDriver.java:685)
	at se.aftonbladet.abtest.tests.mobile.menu.AbMobileNavTest.setUp(AbMobileNavTest.java:74)
</error>
    <system-out><![CDATA[8 AbMobileNav: org.openqa.selenium.WebDriverException: An error occurred (WARNING: The server did not provide any stacktrace information)
Command duration or timeout: 8 milliseconds
Build info: version: '2.42.2', revision: '6a6995d31c7c56c340d6f45a76976d43506cd6cc', time: '2014-06-03 10:52:47'
System info: host: 'testrunner1', ip: '10.12.14.222', os.name: 'Mac OS X', os.arch: 'x86_64', os.version: '10.10.2', java.version: '1.7.0_67'
Session ID: bace0e132954e8b7814aa4c5f2e539ef
Driver info: io.appium.java_client.android.AndroidDriver
Capabilities [{platform=ANDROID, acceptSslCerts=true, javascriptEnabled=true, browserName=chrome, chrome={}, rotatable=false, locationContextEnabled=true, mobileEmulationEnabled=false, version=40.0.2214.109, takesHeapSnapshot=true, cssSelectorsEnabled=true, databaseEnabled=false, handlesAlerts=true, browserConnectionEnabled=false, nativeEvents=true, webStorageEnabled=true, applicationCacheEnabled=false, takesScreenshot=true}]
9 AbMobileNav: org.openqa.selenium.WebDriverException: An error occurred (WARNING: The server did not provide any stacktrace information)
Command duration or timeout: 10 milliseconds
Build info: version: '2.42.2', revision: '6a6995d31c7c56c340d6f45a76976d43506cd6cc', time: '2014-06-03 10:52:47'
System info: host: 'testrunner1', ip: '10.12.14.222', os.name: 'Mac OS X', os.arch: 'x86_64', os.version: '10.10.2', java.version: '1.7.0_67'
Session ID: bace0e132954e8b7814aa4c5f2e539ef
Driver info: io.appium.java_client.android.AndroidDriver
Capabilities [{platform=ANDROID, acceptSslCerts=true, javascriptEnabled=true, browserName=chrome, chrome={}, rotatable=false, locationContextEnabled=true, mobileEmulationEnabled=false, version=40.0.2214.109, takesHeapSnapshot=true, cssSelectorsEnabled=true, databaseEnabled=false, handlesAlerts=true, browserConnectionEnabled=false, nativeEvents=true, webStorageEnabled=true, applicationCacheEnabled=false, takesScreenshot=true}]
10 AbMobileNav: org.openqa.selenium.WebDriverException: An error occurred (WARNING: The server did not provide any stacktrace information)
Command duration or timeout: 10 milliseconds
Build info: version: '2.42.2', revision: '6a6995d31c7c56c340d6f45a76976d43506cd6cc', time: '2014-06-03 10:52:47'
System info: host: 'testrunner1', ip: '10.12.14.222', os.name: 'Mac OS X', os.arch: 'x86_64', os.version: '10.10.2', java.version: '1.7.0_67'
Session ID: bace0e132954e8b7814aa4c5f2e539ef
Driver info: io.appium.java_client.android.AndroidDriver
Capabilities [{platform=ANDROID, acceptSslCerts=true, javascriptEnabled=true, browserName=chrome, chrome={}, rotatable=false, locationContextEnabled=true, mobileEmulationEnabled=false, version=40.0.2214.109, takesHeapSnapshot=true, cssSelectorsEnabled=true, databaseEnabled=false, handlesAlerts=true, browserConnectionEnabled=false, nativeEvents=true, webStorageEnabled=true, applicationCacheEnabled=false, takesScreenshot=true}]
11 AbMobileNav: org.openqa.selenium.WebDriverException: An error occurred (WARNING: The server did not provide any stacktrace information)
Command duration or timeout: 11 milliseconds
Build info: version: '2.42.2', revision: '6a6995d31c7c56c340d6f45a76976d43506cd6cc', time: '2014-06-03 10:52:47'
System info: host: 'testrunner1', ip: '10.12.14.222', os.name: 'Mac OS X', os.arch: 'x86_64', os.version: '10.10.2', java.version: '1.7.0_67'
Session ID: bace0e132954e8b7814aa4c5f2e539ef
Driver info: io.appium.java_client.android.AndroidDriver
Capabilities [{platform=ANDROID, acceptSslCerts=true, javascriptEnabled=true, browserName=chrome, chrome={}, rotatable=false, locationContextEnabled=true, mobileEmulationEnabled=false, version=40.0.2214.109, takesHeapSnapshot=true, cssSelectorsEnabled=true, databaseEnabled=false, handlesAlerts=true, browserConnectionEnabled=false, nativeEvents=true, webStorageEnabled=true, applicationCacheEnabled=false, takesScreenshot=true}]
12 AbMobileNav: org.openqa.selenium.WebDriverException: An error occurred (WARNING: The server did not provide any stacktrace information)
Command duration or timeout: 10 milliseconds
Build info: version: '2.42.2', revision: '6a6995d31c7c56c340d6f45a76976d43506cd6cc', time: '2014-06-03 10:52:47'
System info: host: 'testrunner1', ip: '10.12.14.222', os.name: 'Mac OS X', os.arch: 'x86_64', os.version: '10.10.2', java.version: '1.7.0_67'
Session ID: bace0e132954e8b7814aa4c5f2e539ef
Driver info: io.appium.java_client.android.AndroidDriver
Capabilities [{platform=ANDROID, acceptSslCerts=true, javascriptEnabled=true, browserName=chrome, chrome={}, rotatable=false, locationContextEnabled=true, mobileEmulationEnabled=false, version=40.0.2214.109, takesHeapSnapshot=true, cssSelectorsEnabled=true, databaseEnabled=false, handlesAlerts=true, browserConnectionEnabled=false, nativeEvents=true, webStorageEnabled=true, applicationCacheEnabled=false, takesScreenshot=true}]
13 AbMobileNav: org.openqa.selenium.WebDriverException: An error occurred (WARNING: The server did not provide any stacktrace information)
Command duration or timeout: 7 milliseconds
Build info: version: '2.42.2', revision: '6a6995d31c7c56c340d6f45a76976d43506cd6cc', time: '2014-06-03 10:52:47'
System info: host: 'testrunner1', ip: '10.12.14.222', os.name: 'Mac OS X', os.arch: 'x86_64', os.version: '10.10.2', java.version: '1.7.0_67'
Session ID: bace0e132954e8b7814aa4c5f2e539ef
Driver info: io.appium.java_client.android.AndroidDriver
Capabilities [{platform=ANDROID, acceptSslCerts=true, javascriptEnabled=true, browserName=chrome, chrome={}, rotatable=false, locationContextEnabled=true, mobileEmulationEnabled=false, version=40.0.2214.109, takesHeapSnapshot=true, cssSelectorsEnabled=true, databaseEnabled=false, handlesAlerts=true, browserConnectionEnabled=false, nativeEvents=true, webStorageEnabled=true, applicationCacheEnabled=false, takesScreenshot=true}]
14 AbMobileNav: org.openqa.selenium.WebDriverException: An error occurred (WARNING: The server did not provide any stacktrace information)
Command duration or timeout: 8 milliseconds
Build info: version: '2.42.2', revision: '6a6995d31c7c56c340d6f45a76976d43506cd6cc', time: '2014-06-03 10:52:47'
System info: host: 'testrunner1', ip: '10.12.14.222', os.name: 'Mac OS X', os.arch: 'x86_64', os.version: '10.10.2', java.version: '1.7.0_67'
Session ID: bace0e132954e8b7814aa4c5f2e539ef
Driver info: io.appium.java_client.android.AndroidDriver
Capabilities [{platform=ANDROID, acceptSslCerts=true, javascriptEnabled=true, browserName=chrome, chrome={}, rotatable=false, locationContextEnabled=true, mobileEmulationEnabled=false, version=40.0.2214.109, takesHeapSnapshot=true, cssSelectorsEnabled=true, databaseEnabled=false, handlesAlerts=true, browserConnectionEnabled=false, nativeEvents=true, webStorageEnabled=true, applicationCacheEnabled=false, takesScreenshot=true}]
15 AbMobileNav: org.openqa.selenium.WebDriverException: An error occurred (WARNING: The server did not provide any stacktrace information)
Command duration or timeout: 8 milliseconds
Build info: version: '2.42.2', revision: '6a6995d31c7c56c340d6f45a76976d43506cd6cc', time: '2014-06-03 10:52:47'
System info: host: 'testrunner1', ip: '10.12.14.222', os.name: 'Mac OS X', os.arch: 'x86_64', os.version: '10.10.2', java.version: '1.7.0_67'
Session ID: bace0e132954e8b7814aa4c5f2e539ef
Driver info: io.appium.java_client.android.AndroidDriver
Capabilities [{platform=ANDROID, acceptSslCerts=true, javascriptEnabled=true, browserName=chrome, chrome={}, rotatable=false, locationContextEnabled=true, mobileEmulationEnabled=false, version=40.0.2214.109, takesHeapSnapshot=true, cssSelectorsEnabled=true, databaseEnabled=false, handlesAlerts=true, browserConnectionEnabled=false, nativeEvents=true, webStorageEnabled=true, applicationCacheEnabled=false, takesScreenshot=true}]
16 AbMobileNav: org.openqa.selenium.WebDriverException: An error occurred (WARNING: The server did not provide any stacktrace information)
Command duration or timeout: 9 milliseconds
Build info: version: '2.42.2', revision: '6a6995d31c7c56c340d6f45a76976d43506cd6cc', time: '2014-06-03 10:52:47'
System info: host: 'testrunner1', ip: '10.12.14.222', os.name: 'Mac OS X', os.arch: 'x86_64', os.version: '10.10.2', java.version: '1.7.0_67'
Session ID: bace0e132954e8b7814aa4c5f2e539ef
Driver info: io.appium.java_client.android.AndroidDriver
Capabilities [{platform=ANDROID, acceptSslCerts=true, javascriptEnabled=true, browserName=chrome, chrome={}, rotatable=false, locationContextEnabled=true, mobileEmulationEnabled=false, version=40.0.2214.109, takesHeapSnapshot=true, cssSelectorsEnabled=true, databaseEnabled=false, handlesAlerts=true, browserConnectionEnabled=false, nativeEvents=true, webStorageEnabled=true, applicationCacheEnabled=false, takesScreenshot=true}]
17 AbMobileNav: org.openqa.selenium.WebDriverException: An error occurred (WARNING: The server did not provide any stacktrace information)
Command duration or timeout: 8 milliseconds
Build info: version: '2.42.2', revision: '6a6995d31c7c56c340d6f45a76976d43506cd6cc', time: '2014-06-03 10:52:47'
System info: host: 'testrunner1', ip: '10.12.14.222', os.name: 'Mac OS X', os.arch: 'x86_64', os.version: '10.10.2', java.version: '1.7.0_67'
Session ID: bace0e132954e8b7814aa4c5f2e539ef
Driver info: io.appium.java_client.android.AndroidDriver
Capabilities [{platform=ANDROID, acceptSslCerts=true, javascriptEnabled=true, browserName=chrome, chrome={}, rotatable=false, locationContextEnabled=true, mobileEmulationEnabled=false, version=40.0.2214.109, takesHeapSnapshot=true, cssSelectorsEnabled=true, databaseEnabled=false, handlesAlerts=true, browserConnectionEnabled=false, nativeEvents=true, webStorageEnabled=true, applicationCacheEnabled=false, takesScreenshot=true}]
18 AbMobileNav: org.openqa.selenium.WebDriverException: An error occurred (WARNING: The server did not provide any stacktrace information)
Command duration or timeout: 9 milliseconds
Build info: version: '2.42.2', revision: '6a6995d31c7c56c340d6f45a76976d43506cd6cc', time: '2014-06-03 10:52:47'
System info: host: 'testrunner1', ip: '10.12.14.222', os.name: 'Mac OS X', os.arch: 'x86_64', os.version: '10.10.2', java.version: '1.7.0_67'
Session ID: bace0e132954e8b7814aa4c5f2e539ef
Driver info: io.appium.java_client.android.AndroidDriver
Capabilities [{platform=ANDROID, acceptSslCerts=true, javascriptEnabled=true, browserName=chrome, chrome={}, rotatable=false, locationContextEnabled=true, mobileEmulationEnabled=false, version=40.0.2214.109, takesHeapSnapshot=true, cssSelectorsEnabled=true, databaseEnabled=false, handlesAlerts=true, browserConnectionEnabled=false, nativeEvents=true, webStorageEnabled=true, applicationCacheEnabled=false, takesScreenshot=true}]
19 AbMobileNav: org.openqa.selenium.WebDriverException: An error occurred (WARNING: The server did not provide any stacktrace information)
Command duration or timeout: 9 milliseconds
Build info: version: '2.42.2', revision: '6a6995d31c7c56c340d6f45a76976d43506cd6cc', time: '2014-06-03 10:52:47'
System info: host: 'testrunner1', ip: '10.12.14.222', os.name: 'Mac OS X', os.arch: 'x86_64', os.version: '10.10.2', java.version: '1.7.0_67'
Session ID: bace0e132954e8b7814aa4c5f2e539ef
Driver info: io.appium.java_client.android.AndroidDriver
Capabilities [{platform=ANDROID, acceptSslCerts=true, javascriptEnabled=true, browserName=chrome, chrome={}, rotatable=false, locationContextEnabled=true, mobileEmulationEnabled=false, version=40.0.2214.109, takesHeapSnapshot=true, cssSelectorsEnabled=true, databaseEnabled=false, handlesAlerts=true, browserConnectionEnabled=false, nativeEvents=true, webStorageEnabled=true, applicationCacheEnabled=false, takesScreenshot=true}]
]]></system-out>
  </testcase>
  <testcase name="goToDebatePage[Android_4.4.2_GT-I9505_Chrome_UNKNOWN]" classname="se.aftonbladet.abtest.tests.mobile.menu.AbMobileNavTest(20150220-060049)" time="10.342">
    <error message="chrome not reachable&#10;  (Session info: chrome=40.0.2214.109)&#10;  (Driver info: chromedriver=2.14.313457 (3d645c400edf2e2c500566c9aa096063e707c9cf),platform=Mac OS X 10.10.2 x86_64) (WARNING: The server did not provide any stacktrace information)&#10;Command duration or timeout: 9 milliseconds&#10;Build info: version: &apos;2.42.2&apos;, revision: &apos;6a6995d31c7c56c340d6f45a76976d43506cd6cc&apos;, time: &apos;2014-06-03 10:52:47&apos;&#10;System info: host: &apos;testrunner1&apos;, ip: &apos;10.12.14.222&apos;, os.name: &apos;Mac OS X&apos;, os.arch: &apos;x86_64&apos;, os.version: &apos;10.10.2&apos;, java.version: &apos;1.7.0_67&apos;&#10;Session ID: bace0e132954e8b7814aa4c5f2e539ef&#10;Driver info: io.appium.java_client.android.AndroidDriver&#10;Capabilities [{platform=ANDROID, acceptSslCerts=true, javascriptEnabled=true, browserName=chrome, chrome={}, rotatable=false, locationContextEnabled=true, mobileEmulationEnabled=false, version=40.0.2214.109, takesHeapSnapshot=true, cssSelectorsEnabled=true, databaseEnabled=false, handlesAlerts=true, browserConnectionEnabled=false, nativeEvents=true, webStorageEnabled=true, applicationCacheEnabled=false, takesScreenshot=true}]" type="org.openqa.selenium.WebDriverException">org.openqa.selenium.WebDriverException: chrome not reachable
  (Session info: chrome=40.0.2214.109)
  (Driver info: chromedriver=2.14.313457 (3d645c400edf2e2c500566c9aa096063e707c9cf),platform=Mac OS X 10.10.2 x86_64) (WARNING: The server did not provide any stacktrace information)
Command duration or timeout: 9 milliseconds
Build info: version: '2.42.2', revision: '6a6995d31c7c56c340d6f45a76976d43506cd6cc', time: '2014-06-03 10:52:47'
System info: host: 'testrunner1', ip: '10.12.14.222', os.name: 'Mac OS X', os.arch: 'x86_64', os.version: '10.10.2', java.version: '1.7.0_67'
Session ID: bace0e132954e8b7814aa4c5f2e539ef
Driver info: io.appium.java_client.android.AndroidDriver
Capabilities [{platform=ANDROID, acceptSslCerts=true, javascriptEnabled=true, browserName=chrome, chrome={}, rotatable=false, locationContextEnabled=true, mobileEmulationEnabled=false, version=40.0.2214.109, takesHeapSnapshot=true, cssSelectorsEnabled=true, databaseEnabled=false, handlesAlerts=true, browserConnectionEnabled=false, nativeEvents=true, webStorageEnabled=true, applicationCacheEnabled=false, takesScreenshot=true}]
	at sun.reflect.GeneratedConstructorAccessor12.newInstance(Unknown Source)
	at sun.reflect.DelegatingConstructorAccessorImpl.newInstance(DelegatingConstructorAccessorImpl.java:45)
	at java.lang.reflect.Constructor.newInstance(Constructor.java:526)
	at org.openqa.selenium.remote.ErrorHandler.createThrowable(ErrorHandler.java:204)
	at org.openqa.selenium.remote.ErrorHandler.throwIfResponseFailed(ErrorHandler.java:156)
	at org.openqa.selenium.remote.RemoteWebDriver.execute(RemoteWebDriver.java:599)
	at io.appium.java_client.AppiumDriver.execute(AppiumDriver.java:180)
	at io.appium.java_client.AppiumDriver.execute(AppiumDriver.java:185)
	at org.openqa.selenium.remote.RemoteWebDriver$RemoteWebDriverOptions.deleteAllCookies(RemoteWebDriver.java:685)
	at se.aftonbladet.abtest.tests.mobile.menu.AbMobileNavTest.setUp(AbMobileNavTest.java:74)
</error>
    <system-out><![CDATA[Driver: AndroidDriver: chrome on ANDROID (bace0e132954e8b7814aa4c5f2e539ef)
0 AbMobileNav: org.openqa.selenium.WebDriverException: An error occurred (WARNING: The server did not provide any stacktrace information)
Command duration or timeout: 10 milliseconds
Build info: version: '2.42.2', revision: '6a6995d31c7c56c340d6f45a76976d43506cd6cc', time: '2014-06-03 10:52:47'
System info: host: 'testrunner1', ip: '10.12.14.222', os.name: 'Mac OS X', os.arch: 'x86_64', os.version: '10.10.2', java.version: '1.7.0_67'
Session ID: bace0e132954e8b7814aa4c5f2e539ef
Driver info: io.appium.java_client.android.AndroidDriver
Capabilities [{platform=ANDROID, acceptSslCerts=true, javascriptEnabled=true, browserName=chrome, chrome={}, rotatable=false, locationContextEnabled=true, mobileEmulationEnabled=false, version=40.0.2214.109, takesHeapSnapshot=true, cssSelectorsEnabled=true, databaseEnabled=false, handlesAlerts=true, browserConnectionEnabled=false, nativeEvents=true, webStorageEnabled=true, applicationCacheEnabled=false, takesScreenshot=true}]
1 AbMobileNav: org.openqa.selenium.WebDriverException: An error occurred (WARNING: The server did not provide any stacktrace information)
Command duration or timeout: 10 milliseconds
Build info: version: '2.42.2', revision: '6a6995d31c7c56c340d6f45a76976d43506cd6cc', time: '2014-06-03 10:52:47'
System info: host: 'testrunner1', ip: '10.12.14.222', os.name: 'Mac OS X', os.arch: 'x86_64', os.version: '10.10.2', java.version: '1.7.0_67'
Session ID: bace0e132954e8b7814aa4c5f2e539ef
Driver info: io.appium.java_client.android.AndroidDriver
Capabilities [{platform=ANDROID, acceptSslCerts=true, javascriptEnabled=true, browserName=chrome, chrome={}, rotatable=false, locationContextEnabled=true, mobileEmulationEnabled=false, version=40.0.2214.109, takesHeapSnapshot=true, cssSelectorsEnabled=true, databaseEnabled=false, handlesAlerts=true, browserConnectionEnabled=false, nativeEvents=true, webStorageEnabled=true, applicationCacheEnabled=false, takesScreenshot=true}]
2 AbMobileNav: org.openqa.selenium.WebDriverException: An error occurred (WARNING: The server did not provide any stacktrace information)
Command duration or timeout: 12 milliseconds
Build info: version: '2.42.2', revision: '6a6995d31c7c56c340d6f45a76976d43506cd6cc', time: '2014-06-03 10:52:47'
System info: host: 'testrunner1', ip: '10.12.14.222', os.name: 'Mac OS X', os.arch: 'x86_64', os.version: '10.10.2', java.version: '1.7.0_67'
Session ID: bace0e132954e8b7814aa4c5f2e539ef
Driver info: io.appium.java_client.android.AndroidDriver
Capabilities [{platform=ANDROID, acceptSslCerts=true, javascriptEnabled=true, browserName=chrome, chrome={}, rotatable=false, locationContextEnabled=true, mobileEmulationEnabled=false, version=40.0.2214.109, takesHeapSnapshot=true, cssSelectorsEnabled=true, databaseEnabled=false, handlesAlerts=true, browserConnectionEnabled=false, nativeEvents=true, webStorageEnabled=true, applicationCacheEnabled=false, takesScreenshot=true}]
3 AbMobileNav: org.openqa.selenium.WebDriverException: An error occurred (WARNING: The server did not provide any stacktrace information)
Command duration or timeout: 15 milliseconds
Build info: version: '2.42.2', revision: '6a6995d31c7c56c340d6f45a76976d43506cd6cc', time: '2014-06-03 10:52:47'
System info: host: 'testrunner1', ip: '10.12.14.222', os.name: 'Mac OS X', os.arch: 'x86_64', os.version: '10.10.2', java.version: '1.7.0_67'
Session ID: bace0e132954e8b7814aa4c5f2e539ef
Driver info: io.appium.java_client.android.AndroidDriver
Capabilities [{platform=ANDROID, acceptSslCerts=true, javascriptEnabled=true, browserName=chrome, chrome={}, rotatable=false, locationContextEnabled=true, mobileEmulationEnabled=false, version=40.0.2214.109, takesHeapSnapshot=true, cssSelectorsEnabled=true, databaseEnabled=false, handlesAlerts=true, browserConnectionEnabled=false, nativeEvents=true, webStorageEnabled=true, applicationCacheEnabled=false, takesScreenshot=true}]
4 AbMobileNav: org.openqa.selenium.WebDriverException: An error occurred (WARNING: The server did not provide any stacktrace information)
Command duration or timeout: 9 milliseconds
Build info: version: '2.42.2', revision: '6a6995d31c7c56c340d6f45a76976d43506cd6cc', time: '2014-06-03 10:52:47'
System info: host: 'testrunner1', ip: '10.12.14.222', os.name: 'Mac OS X', os.arch: 'x86_64', os.version: '10.10.2', java.version: '1.7.0_67'
Session ID: bace0e132954e8b7814aa4c5f2e539ef
Driver info: io.appium.java_client.android.AndroidDriver
Capabilities [{platform=ANDROID, acceptSslCerts=true, javascriptEnabled=true, browserName=chrome, chrome={}, rotatable=false, locationContextEnabled=true, mobileEmulationEnabled=false, version=40.0.2214.109, takesHeapSnapshot=true, cssSelectorsEnabled=true, databaseEnabled=false, handlesAlerts=true, browserConnectionEnabled=false, nativeEvents=true, webStorageEnabled=true, applicationCacheEnabled=false, takesScreenshot=true}]
5 AbMobileNav: org.openqa.selenium.WebDriverException: An error occurred (WARNING: The server did not provide any stacktrace information)
Command duration or timeout: 11 milliseconds
Build info: version: '2.42.2', revision: '6a6995d31c7c56c340d6f45a76976d43506cd6cc', time: '2014-06-03 10:52:47'
System info: host: 'testrunner1', ip: '10.12.14.222', os.name: 'Mac OS X', os.arch: 'x86_64', os.version: '10.10.2', java.version: '1.7.0_67'
Session ID: bace0e132954e8b7814aa4c5f2e539ef
Driver info: io.appium.java_client.android.AndroidDriver
Capabilities [{platform=ANDROID, acceptSslCerts=true, javascriptEnabled=true, browserName=chrome, chrome={}, rotatable=false, locationContextEnabled=true, mobileEmulationEnabled=false, version=40.0.2214.109, takesHeapSnapshot=true, cssSelectorsEnabled=true, databaseEnabled=false, handlesAlerts=true, browserConnectionEnabled=false, nativeEvents=true, webStorageEnabled=true, applicationCacheEnabled=false, takesScreenshot=true}]
6 AbMobileNav: org.openqa.selenium.WebDriverException: An error occurred (WARNING: The server did not provide any stacktrace information)
Command duration or timeout: 8 milliseconds
Build info: version: '2.42.2', revision: '6a6995d31c7c56c340d6f45a76976d43506cd6cc', time: '2014-06-03 10:52:47'
System info: host: 'testrunner1', ip: '10.12.14.222', os.name: 'Mac OS X', os.arch: 'x86_64', os.version: '10.10.2', java.version: '1.7.0_67'
Session ID: bace0e132954e8b7814aa4c5f2e539ef
Driver info: io.appium.java_client.android.AndroidDriver
Capabilities [{platform=ANDROID, acceptSslCerts=true, javascriptEnabled=true, browserName=chrome, chrome={}, rotatable=false, locationContextEnabled=true, mobileEmulationEnabled=false, version=40.0.2214.109, takesHeapSnapshot=true, cssSelectorsEnabled=true, databaseEnabled=false, handlesAlerts=true, browserConnectionEnabled=false, nativeEvents=true, webStorageEnabled=true, applicationCacheEnabled=false, takesScreenshot=true}]
7 AbMobileNav: org.openqa.selenium.WebDriverException: An error occurred (WARNING: The server did not provide any stacktrace information)
Command duration or timeout: 9 milliseconds
Build info: version: '2.42.2', revision: '6a6995d31c7c56c340d6f45a76976d43506cd6cc', time: '2014-06-03 10:52:47'
System info: host: 'testrunner1', ip: '10.12.14.222', os.name: 'Mac OS X', os.arch: 'x86_64', os.version: '10.10.2', java.version: '1.7.0_67'
Session ID: bace0e132954e8b7814aa4c5f2e539ef
Driver info: io.appium.java_client.android.AndroidDriver
Capabilities [{platform=ANDROID, acceptSslCerts=true, javascriptEnabled=true, browserName=chrome, chrome={}, rotatable=false, locationContextEnabled=true, mobileEmulationEnabled=false, version=40.0.2214.109, takesHeapSnapshot=true, cssSelectorsEnabled=true, databaseEnabled=false, handlesAlerts=true, browserConnectionEnabled=false, nativeEvents=true, webStorageEnabled=true, applicationCacheEnabled=false, takesScreenshot=true}]
8 AbMobileNav: org.openqa.selenium.WebDriverException: An error occurred (WARNING: The server did not provide any stacktrace information)
Command duration or timeout: 11 milliseconds
Build info: version: '2.42.2', revision: '6a6995d31c7c56c340d6f45a76976d43506cd6cc', time: '2014-06-03 10:52:47'
System info: host: 'testrunner1', ip: '10.12.14.222', os.name: 'Mac OS X', os.arch: 'x86_64', os.version: '10.10.2', java.version: '1.7.0_67'
Session ID: bace0e132954e8b7814aa4c5f2e539ef
Driver info: io.appium.java_client.android.AndroidDriver
Capabilities [{platform=ANDROID, acceptSslCerts=true, javascriptEnabled=true, browserName=chrome, chrome={}, rotatable=false, locationContextEnabled=true, mobileEmulationEnabled=false, version=40.0.2214.109, takesHeapSnapshot=true, cssSelectorsEnabled=true, databaseEnabled=false, handlesAlerts=true, browserConnectionEnabled=false, nativeEvents=true, webStorageEnabled=true, applicationCacheEnabled=false, takesScreenshot=true}]
9 AbMobileNav: org.openqa.selenium.WebDriverException: An error occurred (WARNING: The server did not provide any stacktrace information)
Command duration or timeout: 11 milliseconds
Build info: version: '2.42.2', revision: '6a6995d31c7c56c340d6f45a76976d43506cd6cc', time: '2014-06-03 10:52:47'
System info: host: 'testrunner1', ip: '10.12.14.222', os.name: 'Mac OS X', os.arch: 'x86_64', os.version: '10.10.2', java.version: '1.7.0_67'
Session ID: bace0e132954e8b7814aa4c5f2e539ef
Driver info: io.appium.java_client.android.AndroidDriver
Capabilities [{platform=ANDROID, acceptSslCerts=true, javascriptEnabled=true, browserName=chrome, chrome={}, rotatable=false, locationContextEnabled=true, mobileEmulationEnabled=false, version=40.0.2214.109, takesHeapSnapshot=true, cssSelectorsEnabled=true, databaseEnabled=false, handlesAlerts=true, browserConnectionEnabled=false, nativeEvents=true, webStorageEnabled=true, applicationCacheEnabled=false, takesScreenshot=true}]
10 AbMobileNav: org.openqa.selenium.WebDriverException: An error occurred (WARNING: The server did not provide any stacktrace information)
Command duration or timeout: 9 milliseconds
Build info: version: '2.42.2', revision: '6a6995d31c7c56c340d6f45a76976d43506cd6cc', time: '2014-06-03 10:52:47'
System info: host: 'testrunner1', ip: '10.12.14.222', os.name: 'Mac OS X', os.arch: 'x86_64', os.version: '10.10.2', java.version: '1.7.0_67'
Session ID: bace0e132954e8b7814aa4c5f2e539ef
Driver info: io.appium.java_client.android.AndroidDriver
Capabilities [{platform=ANDROID, acceptSslCerts=true, javascriptEnabled=true, browserName=chrome, chrome={}, rotatable=false, locationContextEnabled=true, mobileEmulationEnabled=false, version=40.0.2214.109, takesHeapSnapshot=true, cssSelectorsEnabled=true, databaseEnabled=false, handlesAlerts=true, browserConnectionEnabled=false, nativeEvents=true, webStorageEnabled=true, applicationCacheEnabled=false, takesScreenshot=true}]
11 AbMobileNav: org.openqa.selenium.WebDriverException: An error occurred (WARNING: The server did not provide any stacktrace information)
Command duration or timeout: 8 milliseconds
Build info: version: '2.42.2', revision: '6a6995d31c7c56c340d6f45a76976d43506cd6cc', time: '2014-06-03 10:52:47'
System info: host: 'testrunner1', ip: '10.12.14.222', os.name: 'Mac OS X', os.arch: 'x86_64', os.version: '10.10.2', java.version: '1.7.0_67'
Session ID: bace0e132954e8b7814aa4c5f2e539ef
Driver info: io.appium.java_client.android.AndroidDriver
Capabilities [{platform=ANDROID, acceptSslCerts=true, javascriptEnabled=true, browserName=chrome, chrome={}, rotatable=false, locationContextEnabled=true, mobileEmulationEnabled=false, version=40.0.2214.109, takesHeapSnapshot=true, cssSelectorsEnabled=true, databaseEnabled=false, handlesAlerts=true, browserConnectionEnabled=false, nativeEvents=true, webStorageEnabled=true, applicationCacheEnabled=false, takesScreenshot=true}]
12 AbMobileNav: org.openqa.selenium.WebDriverException: An error occurred (WARNING: The server did not provide any stacktrace information)
Command duration or timeout: 11 milliseconds
Build info: version: '2.42.2', revision: '6a6995d31c7c56c340d6f45a76976d43506cd6cc', time: '2014-06-03 10:52:47'
System info: host: 'testrunner1', ip: '10.12.14.222', os.name: 'Mac OS X', os.arch: 'x86_64', os.version: '10.10.2', java.version: '1.7.0_67'
Session ID: bace0e132954e8b7814aa4c5f2e539ef
Driver info: io.appium.java_client.android.AndroidDriver
Capabilities [{platform=ANDROID, acceptSslCerts=true, javascriptEnabled=true, browserName=chrome, chrome={}, rotatable=false, locationContextEnabled=true, mobileEmulationEnabled=false, version=40.0.2214.109, takesHeapSnapshot=true, cssSelectorsEnabled=true, databaseEnabled=false, handlesAlerts=true, browserConnectionEnabled=false, nativeEvents=true, webStorageEnabled=true, applicationCacheEnabled=false, takesScreenshot=true}]
13 AbMobileNav: org.openqa.selenium.WebDriverException: An error occurred (WARNING: The server did not provide any stacktrace information)
Command duration or timeout: 9 milliseconds
Build info: version: '2.42.2', revision: '6a6995d31c7c56c340d6f45a76976d43506cd6cc', time: '2014-06-03 10:52:47'
System info: host: 'testrunner1', ip: '10.12.14.222', os.name: 'Mac OS X', os.arch: 'x86_64', os.version: '10.10.2', java.version: '1.7.0_67'
Session ID: bace0e132954e8b7814aa4c5f2e539ef
Driver info: io.appium.java_client.android.AndroidDriver
Capabilities [{platform=ANDROID, acceptSslCerts=true, javascriptEnabled=true, browserName=chrome, chrome={}, rotatable=false, locationContextEnabled=true, mobileEmulationEnabled=false, version=40.0.2214.109, takesHeapSnapshot=true, cssSelectorsEnabled=true, databaseEnabled=false, handlesAlerts=true, browserConnectionEnabled=false, nativeEvents=true, webStorageEnabled=true, applicationCacheEnabled=false, takesScreenshot=true}]
14 AbMobileNav: org.openqa.selenium.WebDriverException: An error occurred (WARNING: The server did not provide any stacktrace information)
Command duration or timeout: 8 milliseconds
Build info: version: '2.42.2', revision: '6a6995d31c7c56c340d6f45a76976d43506cd6cc', time: '2014-06-03 10:52:47'
System info: host: 'testrunner1', ip: '10.12.14.222', os.name: 'Mac OS X', os.arch: 'x86_64', os.version: '10.10.2', java.version: '1.7.0_67'
Session ID: bace0e132954e8b7814aa4c5f2e539ef
Driver info: io.appium.java_client.android.AndroidDriver
Capabilities [{platform=ANDROID, acceptSslCerts=true, javascriptEnabled=true, browserName=chrome, chrome={}, rotatable=false, locationContextEnabled=true, mobileEmulationEnabled=false, version=40.0.2214.109, takesHeapSnapshot=true, cssSelectorsEnabled=true, databaseEnabled=false, handlesAlerts=true, browserConnectionEnabled=false, nativeEvents=true, webStorageEnabled=true, applicationCacheEnabled=false, takesScreenshot=true}]
15 AbMobileNav: org.openqa.selenium.WebDriverException: An error occurred (WARNING: The server did not provide any stacktrace information)
Command duration or timeout: 8 milliseconds
Build info: version: '2.42.2', revision: '6a6995d31c7c56c340d6f45a76976d43506cd6cc', time: '2014-06-03 10:52:47'
System info: host: 'testrunner1', ip: '10.12.14.222', os.name: 'Mac OS X', os.arch: 'x86_64', os.version: '10.10.2', java.version: '1.7.0_67'
Session ID: bace0e132954e8b7814aa4c5f2e539ef
Driver info: io.appium.java_client.android.AndroidDriver
Capabilities [{platform=ANDROID, acceptSslCerts=true, javascriptEnabled=true, browserName=chrome, chrome={}, rotatable=false, locationContextEnabled=true, mobileEmulationEnabled=false, version=40.0.2214.109, takesHeapSnapshot=true, cssSelectorsEnabled=true, databaseEnabled=false, handlesAlerts=true, browserConnectionEnabled=false, nativeEvents=true, webStorageEnabled=true, applicationCacheEnabled=false, takesScreenshot=true}]
16 AbMobileNav: org.openqa.selenium.WebDriverException: An error occurred (WARNING: The server did not provide any stacktrace information)
Command duration or timeout: 9 milliseconds
Build info: version: '2.42.2', revision: '6a6995d31c7c56c340d6f45a76976d43506cd6cc', time: '2014-06-03 10:52:47'
System info: host: 'testrunner1', ip: '10.12.14.222', os.name: 'Mac OS X', os.arch: 'x86_64', os.version: '10.10.2', java.version: '1.7.0_67'
Session ID: bace0e132954e8b7814aa4c5f2e539ef
Driver info: io.appium.java_client.android.AndroidDriver
Capabilities [{platform=ANDROID, acceptSslCerts=true, javascriptEnabled=true, browserName=chrome, chrome={}, rotatable=false, locationContextEnabled=true, mobileEmulationEnabled=false, version=40.0.2214.109, takesHeapSnapshot=true, cssSelectorsEnabled=true, databaseEnabled=false, handlesAlerts=true, browserConnectionEnabled=false, nativeEvents=true, webStorageEnabled=true, applicationCacheEnabled=false, takesScreenshot=true}]
17 AbMobileNav: org.openqa.selenium.WebDriverException: An error occurred (WARNING: The server did not provide any stacktrace information)
Command duration or timeout: 11 milliseconds
Build info: version: '2.42.2', revision: '6a6995d31c7c56c340d6f45a76976d43506cd6cc', time: '2014-06-03 10:52:47'
System info: host: 'testrunner1', ip: '10.12.14.222', os.name: 'Mac OS X', os.arch: 'x86_64', os.version: '10.10.2', java.version: '1.7.0_67'
Session ID: bace0e132954e8b7814aa4c5f2e539ef
Driver info: io.appium.java_client.android.AndroidDriver
Capabilities [{platform=ANDROID, acceptSslCerts=true, javascriptEnabled=true, browserName=chrome, chrome={}, rotatable=false, locationContextEnabled=true, mobileEmulationEnabled=false, version=40.0.2214.109, takesHeapSnapshot=true, cssSelectorsEnabled=true, databaseEnabled=false, handlesAlerts=true, browserConnectionEnabled=false, nativeEvents=true, webStorageEnabled=true, applicationCacheEnabled=false, takesScreenshot=true}]
18 AbMobileNav: org.openqa.selenium.WebDriverException: An error occurred (WARNING: The server did not provide any stacktrace information)
Command duration or timeout: 8 milliseconds
Build info: version: '2.42.2', revision: '6a6995d31c7c56c340d6f45a76976d43506cd6cc', time: '2014-06-03 10:52:47'
System info: host: 'testrunner1', ip: '10.12.14.222', os.name: 'Mac OS X', os.arch: 'x86_64', os.version: '10.10.2', java.version: '1.7.0_67'
Session ID: bace0e132954e8b7814aa4c5f2e539ef
Driver info: io.appium.java_client.android.AndroidDriver
Capabilities [{platform=ANDROID, acceptSslCerts=true, javascriptEnabled=true, browserName=chrome, chrome={}, rotatable=false, locationContextEnabled=true, mobileEmulationEnabled=false, version=40.0.2214.109, takesHeapSnapshot=true, cssSelectorsEnabled=true, databaseEnabled=false, handlesAlerts=true, browserConnectionEnabled=false, nativeEvents=true, webStorageEnabled=true, applicationCacheEnabled=false, takesScreenshot=true}]
19 AbMobileNav: org.openqa.selenium.WebDriverException: An error occurred (WARNING: The server did not provide any stacktrace information)
Command duration or timeout: 19 milliseconds
Build info: version: '2.42.2', revision: '6a6995d31c7c56c340d6f45a76976d43506cd6cc', time: '2014-06-03 10:52:47'
System info: host: 'testrunner1', ip: '10.12.14.222', os.name: 'Mac OS X', os.arch: 'x86_64', os.version: '10.10.2', java.version: '1.7.0_67'
Session ID: bace0e132954e8b7814aa4c5f2e539ef
Driver info: io.appium.java_client.android.AndroidDriver
Capabilities [{platform=ANDROID, acceptSslCerts=true, javascriptEnabled=true, browserName=chrome, chrome={}, rotatable=false, locationContextEnabled=true, mobileEmulationEnabled=false, version=40.0.2214.109, takesHeapSnapshot=true, cssSelectorsEnabled=true, databaseEnabled=false, handlesAlerts=true, browserConnectionEnabled=false, nativeEvents=true, webStorageEnabled=true, applicationCacheEnabled=false, takesScreenshot=true}]
]]></system-out>
  </testcase>
  <testcase name="goToNewsPage[Android_4.4.2_GT-I9505_Chrome_UNKNOWN]" classname="se.aftonbladet.abtest.tests.mobile.menu.AbMobileNavTest(20150220-060049)" time="10.346">
    <error message="chrome not reachable&#10;  (Session info: chrome=40.0.2214.109)&#10;  (Driver info: chromedriver=2.14.313457 (3d645c400edf2e2c500566c9aa096063e707c9cf),platform=Mac OS X 10.10.2 x86_64) (WARNING: The server did not provide any stacktrace information)&#10;Command duration or timeout: 9 milliseconds&#10;Build info: version: &apos;2.42.2&apos;, revision: &apos;6a6995d31c7c56c340d6f45a76976d43506cd6cc&apos;, time: &apos;2014-06-03 10:52:47&apos;&#10;System info: host: &apos;testrunner1&apos;, ip: &apos;10.12.14.222&apos;, os.name: &apos;Mac OS X&apos;, os.arch: &apos;x86_64&apos;, os.version: &apos;10.10.2&apos;, java.version: &apos;1.7.0_67&apos;&#10;Session ID: bace0e132954e8b7814aa4c5f2e539ef&#10;Driver info: io.appium.java_client.android.AndroidDriver&#10;Capabilities [{platform=ANDROID, acceptSslCerts=true, javascriptEnabled=true, browserName=chrome, chrome={}, rotatable=false, locationContextEnabled=true, mobileEmulationEnabled=false, version=40.0.2214.109, takesHeapSnapshot=true, cssSelectorsEnabled=true, databaseEnabled=false, handlesAlerts=true, browserConnectionEnabled=false, nativeEvents=true, webStorageEnabled=true, applicationCacheEnabled=false, takesScreenshot=true}]" type="org.openqa.selenium.WebDriverException">org.openqa.selenium.WebDriverException: chrome not reachable
  (Session info: chrome=40.0.2214.109)
  (Driver info: chromedriver=2.14.313457 (3d645c400edf2e2c500566c9aa096063e707c9cf),platform=Mac OS X 10.10.2 x86_64) (WARNING: The server did not provide any stacktrace information)
Command duration or timeout: 9 milliseconds
Build info: version: '2.42.2', revision: '6a6995d31c7c56c340d6f45a76976d43506cd6cc', time: '2014-06-03 10:52:47'
System info: host: 'testrunner1', ip: '10.12.14.222', os.name: 'Mac OS X', os.arch: 'x86_64', os.version: '10.10.2', java.version: '1.7.0_67'
Session ID: bace0e132954e8b7814aa4c5f2e539ef
Driver info: io.appium.java_client.android.AndroidDriver
Capabilities [{platform=ANDROID, acceptSslCerts=true, javascriptEnabled=true, browserName=chrome, chrome={}, rotatable=false, locationContextEnabled=true, mobileEmulationEnabled=false, version=40.0.2214.109, takesHeapSnapshot=true, cssSelectorsEnabled=true, databaseEnabled=false, handlesAlerts=true, browserConnectionEnabled=false, nativeEvents=true, webStorageEnabled=true, applicationCacheEnabled=false, takesScreenshot=true}]
	at sun.reflect.GeneratedConstructorAccessor12.newInstance(Unknown Source)
	at sun.reflect.DelegatingConstructorAccessorImpl.newInstance(DelegatingConstructorAccessorImpl.java:45)
	at java.lang.reflect.Constructor.newInstance(Constructor.java:526)
	at org.openqa.selenium.remote.ErrorHandler.createThrowable(ErrorHandler.java:204)
	at org.openqa.selenium.remote.ErrorHandler.throwIfResponseFailed(ErrorHandler.java:156)
	at org.openqa.selenium.remote.RemoteWebDriver.execute(RemoteWebDriver.java:599)
	at io.appium.java_client.AppiumDriver.execute(AppiumDriver.java:180)
	at io.appium.java_client.AppiumDriver.execute(AppiumDriver.java:185)
	at org.openqa.selenium.remote.RemoteWebDriver$RemoteWebDriverOptions.deleteAllCookies(RemoteWebDriver.java:685)
	at se.aftonbladet.abtest.tests.mobile.menu.AbMobileNavTest.setUp(AbMobileNavTest.java:74)
</error>
    <system-out><![CDATA[Driver: AndroidDriver: chrome on ANDROID (bace0e132954e8b7814aa4c5f2e539ef)
0 AbMobileNav: org.openqa.selenium.WebDriverException: An error occurred (WARNING: The server did not provide any stacktrace information)
Command duration or timeout: 10 milliseconds
Build info: version: '2.42.2', revision: '6a6995d31c7c56c340d6f45a76976d43506cd6cc', time: '2014-06-03 10:52:47'
System info: host: 'testrunner1', ip: '10.12.14.222', os.name: 'Mac OS X', os.arch: 'x86_64', os.version: '10.10.2', java.version: '1.7.0_67'
Session ID: bace0e132954e8b7814aa4c5f2e539ef
Driver info: io.appium.java_client.android.AndroidDriver
Capabilities [{platform=ANDROID, acceptSslCerts=true, javascriptEnabled=true, browserName=chrome, chrome={}, rotatable=false, locationContextEnabled=true, mobileEmulationEnabled=false, version=40.0.2214.109, takesHeapSnapshot=true, cssSelectorsEnabled=true, databaseEnabled=false, handlesAlerts=true, browserConnectionEnabled=false, nativeEvents=true, webStorageEnabled=true, applicationCacheEnabled=false, takesScreenshot=true}]
1 AbMobileNav: org.openqa.selenium.WebDriverException: An error occurred (WARNING: The server did not provide any stacktrace information)
Command duration or timeout: 9 milliseconds
Build info: version: '2.42.2', revision: '6a6995d31c7c56c340d6f45a76976d43506cd6cc', time: '2014-06-03 10:52:47'
System info: host: 'testrunner1', ip: '10.12.14.222', os.name: 'Mac OS X', os.arch: 'x86_64', os.version: '10.10.2', java.version: '1.7.0_67'
Session ID: bace0e132954e8b7814aa4c5f2e539ef
Driver info: io.appium.java_client.android.AndroidDriver
Capabilities [{platform=ANDROID, acceptSslCerts=true, javascriptEnabled=true, browserName=chrome, chrome={}, rotatable=false, locationContextEnabled=true, mobileEmulationEnabled=false, version=40.0.2214.109, takesHeapSnapshot=true, cssSelectorsEnabled=true, databaseEnabled=false, handlesAlerts=true, browserConnectionEnabled=false, nativeEvents=true, webStorageEnabled=true, applicationCacheEnabled=false, takesScreenshot=true}]
2 AbMobileNav: org.openqa.selenium.WebDriverException: An error occurred (WARNING: The server did not provide any stacktrace information)
Command duration or timeout: 11 milliseconds
Build info: version: '2.42.2', revision: '6a6995d31c7c56c340d6f45a76976d43506cd6cc', time: '2014-06-03 10:52:47'
System info: host: 'testrunner1', ip: '10.12.14.222', os.name: 'Mac OS X', os.arch: 'x86_64', os.version: '10.10.2', java.version: '1.7.0_67'
Session ID: bace0e132954e8b7814aa4c5f2e539ef
Driver info: io.appium.java_client.android.AndroidDriver
Capabilities [{platform=ANDROID, acceptSslCerts=true, javascriptEnabled=true, browserName=chrome, chrome={}, rotatable=false, locationContextEnabled=true, mobileEmulationEnabled=false, version=40.0.2214.109, takesHeapSnapshot=true, cssSelectorsEnabled=true, databaseEnabled=false, handlesAlerts=true, browserConnectionEnabled=false, nativeEvents=true, webStorageEnabled=true, applicationCacheEnabled=false, takesScreenshot=true}]
3 AbMobileNav: org.openqa.selenium.WebDriverException: An error occurred (WARNING: The server did not provide any stacktrace information)
Command duration or timeout: 8 milliseconds
Build info: version: '2.42.2', revision: '6a6995d31c7c56c340d6f45a76976d43506cd6cc', time: '2014-06-03 10:52:47'
System info: host: 'testrunner1', ip: '10.12.14.222', os.name: 'Mac OS X', os.arch: 'x86_64', os.version: '10.10.2', java.version: '1.7.0_67'
Session ID: bace0e132954e8b7814aa4c5f2e539ef
Driver info: io.appium.java_client.android.AndroidDriver
Capabilities [{platform=ANDROID, acceptSslCerts=true, javascriptEnabled=true, browserName=chrome, chrome={}, rotatable=false, locationContextEnabled=true, mobileEmulationEnabled=false, version=40.0.2214.109, takesHeapSnapshot=true, cssSelectorsEnabled=true, databaseEnabled=false, handlesAlerts=true, browserConnectionEnabled=false, nativeEvents=true, webStorageEnabled=true, applicationCacheEnabled=false, takesScreenshot=true}]
4 AbMobileNav: org.openqa.selenium.WebDriverException: An error occurred (WARNING: The server did not provide any stacktrace information)
Command duration or timeout: 8 milliseconds
Build info: version: '2.42.2', revision: '6a6995d31c7c56c340d6f45a76976d43506cd6cc', time: '2014-06-03 10:52:47'
System info: host: 'testrunner1', ip: '10.12.14.222', os.name: 'Mac OS X', os.arch: 'x86_64', os.version: '10.10.2', java.version: '1.7.0_67'
Session ID: bace0e132954e8b7814aa4c5f2e539ef
Driver info: io.appium.java_client.android.AndroidDriver
Capabilities [{platform=ANDROID, acceptSslCerts=true, javascriptEnabled=true, browserName=chrome, chrome={}, rotatable=false, locationContextEnabled=true, mobileEmulationEnabled=false, version=40.0.2214.109, takesHeapSnapshot=true, cssSelectorsEnabled=true, databaseEnabled=false, handlesAlerts=true, browserConnectionEnabled=false, nativeEvents=true, webStorageEnabled=true, applicationCacheEnabled=false, takesScreenshot=true}]
5 AbMobileNav: org.openqa.selenium.WebDriverException: An error occurred (WARNING: The server did not provide any stacktrace information)
Command duration or timeout: 10 milliseconds
Build info: version: '2.42.2', revision: '6a6995d31c7c56c340d6f45a76976d43506cd6cc', time: '2014-06-03 10:52:47'
System info: host: 'testrunner1', ip: '10.12.14.222', os.name: 'Mac OS X', os.arch: 'x86_64', os.version: '10.10.2', java.version: '1.7.0_67'
Session ID: bace0e132954e8b7814aa4c5f2e539ef
Driver info: io.appium.java_client.android.AndroidDriver
Capabilities [{platform=ANDROID, acceptSslCerts=true, javascriptEnabled=true, browserName=chrome, chrome={}, rotatable=false, locationContextEnabled=true, mobileEmulationEnabled=false, version=40.0.2214.109, takesHeapSnapshot=true, cssSelectorsEnabled=true, databaseEnabled=false, handlesAlerts=true, browserConnectionEnabled=false, nativeEvents=true, webStorageEnabled=true, applicationCacheEnabled=false, takesScreenshot=true}]
6 AbMobileNav: org.openqa.selenium.WebDriverException: An error occurred (WARNING: The server did not provide any stacktrace information)
Command duration or timeout: 9 milliseconds
Build info: version: '2.42.2', revision: '6a6995d31c7c56c340d6f45a76976d43506cd6cc', time: '2014-06-03 10:52:47'
System info: host: 'testrunner1', ip: '10.12.14.222', os.name: 'Mac OS X', os.arch: 'x86_64', os.version: '10.10.2', java.version: '1.7.0_67'
Session ID: bace0e132954e8b7814aa4c5f2e539ef
Driver info: io.appium.java_client.android.AndroidDriver
Capabilities [{platform=ANDROID, acceptSslCerts=true, javascriptEnabled=true, browserName=chrome, chrome={}, rotatable=false, locationContextEnabled=true, mobileEmulationEnabled=false, version=40.0.2214.109, takesHeapSnapshot=true, cssSelectorsEnabled=true, databaseEnabled=false, handlesAlerts=true, browserConnectionEnabled=false, nativeEvents=true, webStorageEnabled=true, applicationCacheEnabled=false, takesScreenshot=true}]
7 AbMobileNav: org.openqa.selenium.WebDriverException: An error occurred (WARNING: The server did not provide any stacktrace information)
Command duration or timeout: 9 milliseconds
Build info: version: '2.42.2', revision: '6a6995d31c7c56c340d6f45a76976d43506cd6cc', time: '2014-06-03 10:52:47'
System info: host: 'testrunner1', ip: '10.12.14.222', os.name: 'Mac OS X', os.arch: 'x86_64', os.version: '10.10.2', java.version: '1.7.0_67'
Session ID: bace0e132954e8b7814aa4c5f2e539ef
Driver info: io.appium.java_client.android.AndroidDriver
Capabilities [{platform=ANDROID, acceptSslCerts=true, javascriptEnabled=true, browserName=chrome, chrome={}, rotatable=false, locationContextEnabled=true, mobileEmulationEnabled=false, version=40.0.2214.109, takesHeapSnapshot=true, cssSelectorsEnabled=true, databaseEnabled=false, handlesAlerts=true, browserConnectionEnabled=false, nativeEvents=true, webStorageEnabled=true, applicationCacheEnabled=false, takesScreenshot=true}]
8 AbMobileNav: org.openqa.selenium.WebDriverException: An error occurred (WARNING: The server did not provide any stacktrace information)
Command duration or timeout: 10 milliseconds
Build info: version: '2.42.2', revision: '6a6995d31c7c56c340d6f45a76976d43506cd6cc', time: '2014-06-03 10:52:47'
System info: host: 'testrunner1', ip: '10.12.14.222', os.name: 'Mac OS X', os.arch: 'x86_64', os.version: '10.10.2', java.version: '1.7.0_67'
Session ID: bace0e132954e8b7814aa4c5f2e539ef
Driver info: io.appium.java_client.android.AndroidDriver
Capabilities [{platform=ANDROID, acceptSslCerts=true, javascriptEnabled=true, browserName=chrome, chrome={}, rotatable=false, locationContextEnabled=true, mobileEmulationEnabled=false, version=40.0.2214.109, takesHeapSnapshot=true, cssSelectorsEnabled=true, databaseEnabled=false, handlesAlerts=true, browserConnectionEnabled=false, nativeEvents=true, webStorageEnabled=true, applicationCacheEnabled=false, takesScreenshot=true}]
9 AbMobileNav: org.openqa.selenium.WebDriverException: An error occurred (WARNING: The server did not provide any stacktrace information)
Command duration or timeout: 10 milliseconds
Build info: version: '2.42.2', revision: '6a6995d31c7c56c340d6f45a76976d43506cd6cc', time: '2014-06-03 10:52:47'
System info: host: 'testrunner1', ip: '10.12.14.222', os.name: 'Mac OS X', os.arch: 'x86_64', os.version: '10.10.2', java.version: '1.7.0_67'
Session ID: bace0e132954e8b7814aa4c5f2e539ef
Driver info: io.appium.java_client.android.AndroidDriver
Capabilities [{platform=ANDROID, acceptSslCerts=true, javascriptEnabled=true, browserName=chrome, chrome={}, rotatable=false, locationContextEnabled=true, mobileEmulationEnabled=false, version=40.0.2214.109, takesHeapSnapshot=true, cssSelectorsEnabled=true, databaseEnabled=false, handlesAlerts=true, browserConnectionEnabled=false, nativeEvents=true, webStorageEnabled=true, applicationCacheEnabled=false, takesScreenshot=true}]
10 AbMobileNav: org.openqa.selenium.WebDriverException: An error occurred (WARNING: The server did not provide any stacktrace information)
Command duration or timeout: 10 milliseconds
Build info: version: '2.42.2', revision: '6a6995d31c7c56c340d6f45a76976d43506cd6cc', time: '2014-06-03 10:52:47'
System info: host: 'testrunner1', ip: '10.12.14.222', os.name: 'Mac OS X', os.arch: 'x86_64', os.version: '10.10.2', java.version: '1.7.0_67'
Session ID: bace0e132954e8b7814aa4c5f2e539ef
Driver info: io.appium.java_client.android.AndroidDriver
Capabilities [{platform=ANDROID, acceptSslCerts=true, javascriptEnabled=true, browserName=chrome, chrome={}, rotatable=false, locationContextEnabled=true, mobileEmulationEnabled=false, version=40.0.2214.109, takesHeapSnapshot=true, cssSelectorsEnabled=true, databaseEnabled=false, handlesAlerts=true, browserConnectionEnabled=false, nativeEvents=true, webStorageEnabled=true, applicationCacheEnabled=false, takesScreenshot=true}]
11 AbMobileNav: org.openqa.selenium.WebDriverException: An error occurred (WARNING: The server did not provide any stacktrace information)
Command duration or timeout: 9 milliseconds
Build info: version: '2.42.2', revision: '6a6995d31c7c56c340d6f45a76976d43506cd6cc', time: '2014-06-03 10:52:47'
System info: host: 'testrunner1', ip: '10.12.14.222', os.name: 'Mac OS X', os.arch: 'x86_64', os.version: '10.10.2', java.version: '1.7.0_67'
Session ID: bace0e132954e8b7814aa4c5f2e539ef
Driver info: io.appium.java_client.android.AndroidDriver
Capabilities [{platform=ANDROID, acceptSslCerts=true, javascriptEnabled=true, browserName=chrome, chrome={}, rotatable=false, locationContextEnabled=true, mobileEmulationEnabled=false, version=40.0.2214.109, takesHeapSnapshot=true, cssSelectorsEnabled=true, databaseEnabled=false, handlesAlerts=true, browserConnectionEnabled=false, nativeEvents=true, webStorageEnabled=true, applicationCacheEnabled=false, takesScreenshot=true}]
12 AbMobileNav: org.openqa.selenium.WebDriverException: An error occurred (WARNING: The server did not provide any stacktrace information)
Command duration or timeout: 9 milliseconds
Build info: version: '2.42.2', revision: '6a6995d31c7c56c340d6f45a76976d43506cd6cc', time: '2014-06-03 10:52:47'
System info: host: 'testrunner1', ip: '10.12.14.222', os.name: 'Mac OS X', os.arch: 'x86_64', os.version: '10.10.2', java.version: '1.7.0_67'
Session ID: bace0e132954e8b7814aa4c5f2e539ef
Driver info: io.appium.java_client.android.AndroidDriver
Capabilities [{platform=ANDROID, acceptSslCerts=true, javascriptEnabled=true, browserName=chrome, chrome={}, rotatable=false, locationContextEnabled=true, mobileEmulationEnabled=false, version=40.0.2214.109, takesHeapSnapshot=true, cssSelectorsEnabled=true, databaseEnabled=false, handlesAlerts=true, browserConnectionEnabled=false, nativeEvents=true, webStorageEnabled=true, applicationCacheEnabled=false, takesScreenshot=true}]
13 AbMobileNav: org.openqa.selenium.WebDriverException: An error occurred (WARNING: The server did not provide any stacktrace information)
Command duration or timeout: 9 milliseconds
Build info: version: '2.42.2', revision: '6a6995d31c7c56c340d6f45a76976d43506cd6cc', time: '2014-06-03 10:52:47'
System info: host: 'testrunner1', ip: '10.12.14.222', os.name: 'Mac OS X', os.arch: 'x86_64', os.version: '10.10.2', java.version: '1.7.0_67'
Session ID: bace0e132954e8b7814aa4c5f2e539ef
Driver info: io.appium.java_client.android.AndroidDriver
Capabilities [{platform=ANDROID, acceptSslCerts=true, javascriptEnabled=true, browserName=chrome, chrome={}, rotatable=false, locationContextEnabled=true, mobileEmulationEnabled=false, version=40.0.2214.109, takesHeapSnapshot=true, cssSelectorsEnabled=true, databaseEnabled=false, handlesAlerts=true, browserConnectionEnabled=false, nativeEvents=true, webStorageEnabled=true, applicationCacheEnabled=false, takesScreenshot=true}]
14 AbMobileNav: org.openqa.selenium.WebDriverException: An error occurred (WARNING: The server did not provide any stacktrace information)
Command duration or timeout: 9 milliseconds
Build info: version: '2.42.2', revision: '6a6995d31c7c56c340d6f45a76976d43506cd6cc', time: '2014-06-03 10:52:47'
System info: host: 'testrunner1', ip: '10.12.14.222', os.name: 'Mac OS X', os.arch: 'x86_64', os.version: '10.10.2', java.version: '1.7.0_67'
Session ID: bace0e132954e8b7814aa4c5f2e539ef
Driver info: io.appium.java_client.android.AndroidDriver
Capabilities [{platform=ANDROID, acceptSslCerts=true, javascriptEnabled=true, browserName=chrome, chrome={}, rotatable=false, locationContextEnabled=true, mobileEmulationEnabled=false, version=40.0.2214.109, takesHeapSnapshot=true, cssSelectorsEnabled=true, databaseEnabled=false, handlesAlerts=true, browserConnectionEnabled=false, nativeEvents=true, webStorageEnabled=true, applicationCacheEnabled=false, takesScreenshot=true}]
15 AbMobileNav: org.openqa.selenium.WebDriverException: An error occurred (WARNING: The server did not provide any stacktrace information)
Command duration or timeout: 9 milliseconds
Build info: version: '2.42.2', revision: '6a6995d31c7c56c340d6f45a76976d43506cd6cc', time: '2014-06-03 10:52:47'
System info: host: 'testrunner1', ip: '10.12.14.222', os.name: 'Mac OS X', os.arch: 'x86_64', os.version: '10.10.2', java.version: '1.7.0_67'
Session ID: bace0e132954e8b7814aa4c5f2e539ef
Driver info: io.appium.java_client.android.AndroidDriver
Capabilities [{platform=ANDROID, acceptSslCerts=true, javascriptEnabled=true, browserName=chrome, chrome={}, rotatable=false, locationContextEnabled=true, mobileEmulationEnabled=false, version=40.0.2214.109, takesHeapSnapshot=true, cssSelectorsEnabled=true, databaseEnabled=false, handlesAlerts=true, browserConnectionEnabled=false, nativeEvents=true, webStorageEnabled=true, applicationCacheEnabled=false, takesScreenshot=true}]
16 AbMobileNav: org.openqa.selenium.WebDriverException: An error occurred (WARNING: The server did not provide any stacktrace information)
Command duration or timeout: 9 milliseconds
Build info: version: '2.42.2', revision: '6a6995d31c7c56c340d6f45a76976d43506cd6cc', time: '2014-06-03 10:52:47'
System info: host: 'testrunner1', ip: '10.12.14.222', os.name: 'Mac OS X', os.arch: 'x86_64', os.version: '10.10.2', java.version: '1.7.0_67'
Session ID: bace0e132954e8b7814aa4c5f2e539ef
Driver info: io.appium.java_client.android.AndroidDriver
Capabilities [{platform=ANDROID, acceptSslCerts=true, javascriptEnabled=true, browserName=chrome, chrome={}, rotatable=false, locationContextEnabled=true, mobileEmulationEnabled=false, version=40.0.2214.109, takesHeapSnapshot=true, cssSelectorsEnabled=true, databaseEnabled=false, handlesAlerts=true, browserConnectionEnabled=false, nativeEvents=true, webStorageEnabled=true, applicationCacheEnabled=false, takesScreenshot=true}]
17 AbMobileNav: org.openqa.selenium.WebDriverException: An error occurred (WARNING: The server did not provide any stacktrace information)
Command duration or timeout: 9 milliseconds
Build info: version: '2.42.2', revision: '6a6995d31c7c56c340d6f45a76976d43506cd6cc', time: '2014-06-03 10:52:47'
System info: host: 'testrunner1', ip: '10.12.14.222', os.name: 'Mac OS X', os.arch: 'x86_64', os.version: '10.10.2', java.version: '1.7.0_67'
Session ID: bace0e132954e8b7814aa4c5f2e539ef
Driver info: io.appium.java_client.android.AndroidDriver
Capabilities [{platform=ANDROID, acceptSslCerts=true, javascriptEnabled=true, browserName=chrome, chrome={}, rotatable=false, locationContextEnabled=true, mobileEmulationEnabled=false, version=40.0.2214.109, takesHeapSnapshot=true, cssSelectorsEnabled=true, databaseEnabled=false, handlesAlerts=true, browserConnectionEnabled=false, nativeEvents=true, webStorageEnabled=true, applicationCacheEnabled=false, takesScreenshot=true}]
18 AbMobileNav: org.openqa.selenium.WebDriverException: An error occurred (WARNING: The server did not provide any stacktrace information)
Command duration or timeout: 10 milliseconds
Build info: version: '2.42.2', revision: '6a6995d31c7c56c340d6f45a76976d43506cd6cc', time: '2014-06-03 10:52:47'
System info: host: 'testrunner1', ip: '10.12.14.222', os.name: 'Mac OS X', os.arch: 'x86_64', os.version: '10.10.2', java.version: '1.7.0_67'
Session ID: bace0e132954e8b7814aa4c5f2e539ef
Driver info: io.appium.java_client.android.AndroidDriver
Capabilities [{platform=ANDROID, acceptSslCerts=true, javascriptEnabled=true, browserName=chrome, chrome={}, rotatable=false, locationContextEnabled=true, mobileEmulationEnabled=false, version=40.0.2214.109, takesHeapSnapshot=true, cssSelectorsEnabled=true, databaseEnabled=false, handlesAlerts=true, browserConnectionEnabled=false, nativeEvents=true, webStorageEnabled=true, applicationCacheEnabled=false, takesScreenshot=true}]
19 AbMobileNav: org.openqa.selenium.WebDriverException: An error occurred (WARNING: The server did not provide any stacktrace information)
Command duration or timeout: 10 milliseconds
Build info: version: '2.42.2', revision: '6a6995d31c7c56c340d6f45a76976d43506cd6cc', time: '2014-06-03 10:52:47'
System info: host: 'testrunner1', ip: '10.12.14.222', os.name: 'Mac OS X', os.arch: 'x86_64', os.version: '10.10.2', java.version: '1.7.0_67'
Session ID: bace0e132954e8b7814aa4c5f2e539ef
Driver info: io.appium.java_client.android.AndroidDriver
Capabilities [{platform=ANDROID, acceptSslCerts=true, javascriptEnabled=true, browserName=chrome, chrome={}, rotatable=false, locationContextEnabled=true, mobileEmulationEnabled=false, version=40.0.2214.109, takesHeapSnapshot=true, cssSelectorsEnabled=true, databaseEnabled=false, handlesAlerts=true, browserConnectionEnabled=false, nativeEvents=true, webStorageEnabled=true, applicationCacheEnabled=false, takesScreenshot=true}]
]]></system-out>
  </testcase>
</testsuite>