<?xml version="1.0" encoding="UTF-8"?>
<testsuite name="test.java.se.aftonbladet.mobile.MobileTests(20150220-010048)" time="410.271" tests="42" errors="14" skipped="0" failures="8">
  <properties>
    <property name="java.runtime.name" value="Java(TM) SE Runtime Environment"/>
    <property name="sun.boot.library.path" value="/Library/Java/JavaVirtualMachines/jdk1.7.0_67.jdk/Contents/Home/jre/lib"/>
    <property name="java.vm.version" value="24.65-b04"/>
    <property name="user.country.format" value="SE"/>
    <property name="gopherProxySet" value="false"/>
    <property name="java.vm.vendor" value="Oracle Corporation"/>
    <property name="java.vendor.url" value="http://java.oracle.com/"/>
    <property name="path.separator" value=":"/>
    <property name="guice.disable.misplaced.annotation.check" value="true"/>
    <property name="java.vm.name" value="Java HotSpot(TM) 64-Bit Server VM"/>
    <property name="file.encoding.pkg" value="sun.io"/>
    <property name="user.country" value="US"/>
    <property name="sun.java.launcher" value="SUN_STANDARD"/>
    <property name="sun.os.patch.level" value="unknown"/>
    <property name="java.vm.specification.name" value="Java Virtual Machine Specification"/>
    <property name="user.dir" value="/Users/testrunner/GIT/ABTest"/>
    <property name="java.runtime.version" value="1.7.0_67-b01"/>
    <property name="java.awt.graphicsenv" value="sun.awt.CGraphicsEnvironment"/>
    <property name="java.endorsed.dirs" value="/Library/Java/JavaVirtualMachines/jdk1.7.0_67.jdk/Contents/Home/jre/lib/endorsed"/>
    <property name="os.arch" value="x86_64"/>
    <property name="java.io.tmpdir" value="/var/folders/8c/cf9vy24j2vddy3l0bwj1y2g00000gn/T/"/>
    <property name="line.separator" value="&#10;"/>
    <property name="java.vm.specification.vendor" value="Oracle Corporation"/>
    <property name="os.name" value="Mac OS X"/>
    <property name="classworlds.conf" value="/usr/local/Cellar/maven/3.2.3/libexec/bin/m2.conf"/>
    <property name="sun.jnu.encoding" value="UTF-8"/>
    <property name="java.library.path" value="/Users/testrunner/Library/Java/Extensions:/Library/Java/Extensions:/Network/Library/Java/Extensions:/System/Library/Java/Extensions:/usr/lib/java:."/>
    <property name="java.specification.name" value="Java Platform API Specification"/>
    <property name="java.class.version" value="51.0"/>
    <property name="sun.management.compiler" value="HotSpot 64-Bit Tiered Compilers"/>
    <property name="os.version" value="10.10.2"/>
    <property name="http.nonProxyHosts" value="local|*.local|169.254/16|*.169.254/16"/>
    <property name="user.home" value="/Users/testrunner"/>
    <property name="user.timezone" value="Europe/Stockholm"/>
    <property name="java.awt.printerjob" value="sun.lwawt.macosx.CPrinterJob"/>
    <property name="java.specification.version" value="1.7"/>
    <property name="file.encoding" value="UTF-8"/>
    <property name="user.name" value="testrunner"/>
    <property name="java.class.path" value="/usr/local/Cellar/maven/3.2.3/libexec/boot/plexus-classworlds-2.5.1.jar"/>
    <property name="java.vm.specification.version" value="1.7"/>
    <property name="sun.arch.data.model" value="64"/>
    <property name="java.home" value="/Library/Java/JavaVirtualMachines/jdk1.7.0_67.jdk/Contents/Home/jre"/>
    <property name="sun.java.command" value="org.codehaus.plexus.classworlds.launcher.Launcher test"/>
    <property name="java.specification.vendor" value="Oracle Corporation"/>
    <property name="user.language" value="en"/>
    <property name="awt.toolkit" value="sun.awt.HToolkit"/>
    <property name="java.vm.info" value="mixed mode"/>
    <property name="java.version" value="1.7.0_67"/>
    <property name="java.ext.dirs" value="/Users/testrunner/Library/Java/Extensions:/Library/Java/JavaVirtualMachines/jdk1.7.0_67.jdk/Contents/Home/jre/lib/ext:/Library/Java/Extensions:/Network/Library/Java/Extensions:/System/Library/Java/Extensions:/usr/lib/java"/>
    <property name="sun.boot.class.path" value="/Library/Java/JavaVirtualMachines/jdk1.7.0_67.jdk/Contents/Home/jre/lib/resources.jar:/Library/Java/JavaVirtualMachines/jdk1.7.0_67.jdk/Contents/Home/jre/lib/rt.jar:/Library/Java/JavaVirtualMachines/jdk1.7.0_67.jdk/Contents/Home/jre/lib/sunrsasign.jar:/Library/Java/JavaVirtualMachines/jdk1.7.0_67.jdk/Contents/Home/jre/lib/jsse.jar:/Library/Java/JavaVirtualMachines/jdk1.7.0_67.jdk/Contents/Home/jre/lib/jce.jar:/Library/Java/JavaVirtualMachines/jdk1.7.0_67.jdk/Contents/Home/jre/lib/charsets.jar:/Library/Java/JavaVirtualMachines/jdk1.7.0_67.jdk/Contents/Home/jre/lib/jfr.jar:/Library/Java/JavaVirtualMachines/jdk1.7.0_67.jdk/Contents/Home/jre/classes"/>
    <property name="java.vendor" value="Oracle Corporation"/>
    <property name="maven.home" value="/usr/local/Cellar/maven/3.2.3/libexec"/>
    <property name="file.separator" value="/"/>
    <property name="java.vendor.url.bug" value="http://bugreport.sun.com/bugreport/"/>
    <property name="sun.cpu.endian" value="little"/>
    <property name="sun.io.unicode.encoding" value="UnicodeBig"/>
    <property name="socksNonProxyHosts" value="local|*.local|169.254/16|*.169.254/16"/>
    <property name="ftp.nonProxyHosts" value="local|*.local|169.254/16|*.169.254/16"/>
    <property name="sun.cpu.isalist" value=""/>
  </properties>
  <testcase name="goToEntertainmentPage[Android_4.4.2_GT-I9505_Chrome_UNKNOWN]" classname="se.aftonbladet.abtest.tests.mobile.menu.AbMobileNavTest(20150220-010048)" time="65.264"/>
  <testcase name="goToPlusPage[Android_4.4.2_GT-I9505_Chrome_UNKNOWN]" classname="se.aftonbladet.abtest.tests.mobile.menu.AbMobileNavTest(20150220-010048)" time="12.445"/>
  <testcase name="goToEntertainmentPage[Android_4.4.4_SM-N910F_Chrome_UNKNOWN]" classname="se.aftonbladet.abtest.tests.mobile.menu.AbMobileNavTest(20150220-010048)" time="5.723"/>
  <testcase name="goToColumnistsPage[Android_4.4.2_GT-I9505_Chrome_UNKNOWN]" classname="se.aftonbladet.abtest.tests.mobile.menu.AbMobileNavTest(20150220-010048)" time="6.429"/>
  <testcase name="goToPlusPage[Android_4.4.4_SM-N910F_Chrome_UNKNOWN]" classname="se.aftonbladet.abtest.tests.mobile.menu.AbMobileNavTest(20150220-010048)" time="7.9"/>
  <testcase name="goToColumnistsPage[Android_4.4.4_SM-N910F_Chrome_UNKNOWN]" classname="se.aftonbladet.abtest.tests.mobile.menu.AbMobileNavTest(20150220-010048)" time="14.498"/>
  <testcase name="goToVisaMerSubPages[Android_4.4.2_GT-I9505_Chrome_UNKNOWN]" classname="se.aftonbladet.abtest.tests.mobile.menu.AbMobileNavTest(20150220-010048)" time="19.414"/>
  <testcase name="goToCulturePage[Android_4.4.2_GT-I9505_Chrome_UNKNOWN]" classname="se.aftonbladet.abtest.tests.mobile.menu.AbMobileNavTest(20150220-010048)" time="14.459">
    <failure message="expected:&lt;39&gt; but was:&lt;27&gt;" type="java.lang.AssertionError"><![CDATA[java.lang.AssertionError: expected:<39> but was:<27>
	at org.junit.Assert.fail(Assert.java:88)
	at org.junit.Assert.failNotEquals(Assert.java:743)
	at org.junit.Assert.assertEquals(Assert.java:118)
	at org.junit.Assert.assertEquals(Assert.java:555)
	at org.junit.Assert.assertEquals(Assert.java:542)
	at se.aftonbladet.abtest.tests.mobile.menu.AbMobileNavTest.goToCulturePage(AbMobileNavTest.java:178)
]]></failure>
    <system-out><![CDATA[Driver: AndroidDriver: chrome on ANDROID (f3af855fce0355d20b3a7a2ae43e932a)
Try to assert page title: Bil
>>>Compare to page title: bil | aftonbladet
clickLeftSubMenuItem MenuText: Visa mer, and SubMenuText: Resa
By: By.xpath: //*[@id='abTopMenuDynamic']/li/a[text()='Visa mer']/../a[text()='Mer' and not(@disabled)]
0 openMenu exception: java.lang.NullPointerException
By: By.xpath: //*[@id='abTopMenuDynamic']/li/a[text()='Visa mer']/../ul[@class='abMenuSub']/li/a[text()='Resa' and not(@disabled)]
1 openMenu exception: org.openqa.selenium.WebDriverException: An error occurred (WARNING: The server did not provide any stacktrace information)
Command duration or timeout: 14 milliseconds
Build info: version: '2.42.2', revision: '6a6995d31c7c56c340d6f45a76976d43506cd6cc', time: '2014-06-03 10:52:47'
System info: host: 'testrunner1', ip: '10.12.14.222', os.name: 'Mac OS X', os.arch: 'x86_64', os.version: '10.10.2', java.version: '1.7.0_67'
Session ID: 4f54e5eb41d345bd0224c2c8d5369704
Driver info: io.appium.java_client.android.AndroidDriver
Capabilities [{platform=ANDROID, acceptSslCerts=true, javascriptEnabled=true, browserName=chrome, chrome={}, rotatable=false, locationContextEnabled=true, mobileEmulationEnabled=false, version=40.0.2214.109, takesHeapSnapshot=true, cssSelectorsEnabled=true, databaseEnabled=false, handlesAlerts=true, browserConnectionEnabled=false, nativeEvents=true, webStorageEnabled=true, applicationCacheEnabled=false, takesScreenshot=true}]
2 openMenu exception: org.openqa.selenium.WebDriverException: An error occurred (WARNING: The server did not provide any stacktrace information)
Command duration or timeout: 8 milliseconds
Build info: version: '2.42.2', revision: '6a6995d31c7c56c340d6f45a76976d43506cd6cc', time: '2014-06-03 10:52:47'
System info: host: 'testrunner1', ip: '10.12.14.222', os.name: 'Mac OS X', os.arch: 'x86_64', os.version: '10.10.2', java.version: '1.7.0_67'
Session ID: 4f54e5eb41d345bd0224c2c8d5369704
Driver info: io.appium.java_client.android.AndroidDriver
Capabilities [{platform=ANDROID, acceptSslCerts=true, javascriptEnabled=true, browserName=chrome, chrome={}, rotatable=false, locationContextEnabled=true, mobileEmulationEnabled=false, version=40.0.2214.109, takesHeapSnapshot=true, cssSelectorsEnabled=true, databaseEnabled=false, handlesAlerts=true, browserConnectionEnabled=false, nativeEvents=true, webStorageEnabled=true, applicationCacheEnabled=false, takesScreenshot=true}]
clickLeftMenuItem pMenuText: Kultur
3 openMenu exception: org.openqa.selenium.WebDriverException: An error occurred (WARNING: The server did not provide any stacktrace information)
Command duration or timeout: 13 milliseconds
Build info: version: '2.42.2', revision: '6a6995d31c7c56c340d6f45a76976d43506cd6cc', time: '2014-06-03 10:52:47'
System info: host: 'testrunner1', ip: '10.12.14.222', os.name: 'Mac OS X', os.arch: 'x86_64', os.version: '10.10.2', java.version: '1.7.0_67'
Session ID: 4f54e5eb41d345bd0224c2c8d5369704
Driver info: io.appium.java_client.android.AndroidDriver
Capabilities [{platform=ANDROID, acceptSslCerts=true, javascriptEnabled=true, browserName=chrome, chrome={}, rotatable=false, locationContextEnabled=true, mobileEmulationEnabled=false, version=40.0.2214.109, takesHeapSnapshot=true, cssSelectorsEnabled=true, databaseEnabled=false, handlesAlerts=true, browserConnectionEnabled=false, nativeEvents=true, webStorageEnabled=true, applicationCacheEnabled=false, takesScreenshot=true}]
Try to assert page title: Resa
4 openMenu exception: org.openqa.selenium.WebDriverException: An error occurred (WARNING: The server did not provide any stacktrace information)
Command duration or timeout: 11 milliseconds
Build info: version: '2.42.2', revision: '6a6995d31c7c56c340d6f45a76976d43506cd6cc', time: '2014-06-03 10:52:47'
System info: host: 'testrunner1', ip: '10.12.14.222', os.name: 'Mac OS X', os.arch: 'x86_64', os.version: '10.10.2', java.version: '1.7.0_67'
Session ID: 4f54e5eb41d345bd0224c2c8d5369704
Driver info: io.appium.java_client.android.AndroidDriver
Capabilities [{platform=ANDROID, acceptSslCerts=true, javascriptEnabled=true, browserName=chrome, chrome={}, rotatable=false, locationContextEnabled=true, mobileEmulationEnabled=false, version=40.0.2214.109, takesHeapSnapshot=true, cssSelectorsEnabled=true, databaseEnabled=false, handlesAlerts=true, browserConnectionEnabled=false, nativeEvents=true, webStorageEnabled=true, applicationCacheEnabled=false, takesScreenshot=true}]
5 openMenu exception: org.openqa.selenium.WebDriverException: An error occurred (WARNING: The server did not provide any stacktrace information)
Command duration or timeout: 20 milliseconds
Build info: version: '2.42.2', revision: '6a6995d31c7c56c340d6f45a76976d43506cd6cc', time: '2014-06-03 10:52:47'
System info: host: 'testrunner1', ip: '10.12.14.222', os.name: 'Mac OS X', os.arch: 'x86_64', os.version: '10.10.2', java.version: '1.7.0_67'
Session ID: 4f54e5eb41d345bd0224c2c8d5369704
Driver info: io.appium.java_client.android.AndroidDriver
Capabilities [{platform=ANDROID, acceptSslCerts=true, javascriptEnabled=true, browserName=chrome, chrome={}, rotatable=false, locationContextEnabled=true, mobileEmulationEnabled=false, version=40.0.2214.109, takesHeapSnapshot=true, cssSelectorsEnabled=true, databaseEnabled=false, handlesAlerts=true, browserConnectionEnabled=false, nativeEvents=true, webStorageEnabled=true, applicationCacheEnabled=false, takesScreenshot=true}]
By: By.xpath: //*[@id='abTopMenuDynamic']/li/a[text()='Kultur' and not(@disabled)]
6 openMenu exception: org.openqa.selenium.WebDriverException: An error occurred (WARNING: The server did not provide any stacktrace information)
Command duration or timeout: 13 milliseconds
Build info: version: '2.42.2', revision: '6a6995d31c7c56c340d6f45a76976d43506cd6cc', time: '2014-06-03 10:52:47'
System info: host: 'testrunner1', ip: '10.12.14.222', os.name: 'Mac OS X', os.arch: 'x86_64', os.version: '10.10.2', java.version: '1.7.0_67'
Session ID: 4f54e5eb41d345bd0224c2c8d5369704
Driver info: io.appium.java_client.android.AndroidDriver
Capabilities [{platform=ANDROID, acceptSslCerts=true, javascriptEnabled=true, browserName=chrome, chrome={}, rotatable=false, locationContextEnabled=true, mobileEmulationEnabled=false, version=40.0.2214.109, takesHeapSnapshot=true, cssSelectorsEnabled=true, databaseEnabled=false, handlesAlerts=true, browserConnectionEnabled=false, nativeEvents=true, webStorageEnabled=true, applicationCacheEnabled=false, takesScreenshot=true}]
7 openMenu exception: org.openqa.selenium.WebDriverException: An error occurred (WARNING: The server did not provide any stacktrace information)
Command duration or timeout: 11 milliseconds
Build info: version: '2.42.2', revision: '6a6995d31c7c56c340d6f45a76976d43506cd6cc', time: '2014-06-03 10:52:47'
System info: host: 'testrunner1', ip: '10.12.14.222', os.name: 'Mac OS X', os.arch: 'x86_64', os.version: '10.10.2', java.version: '1.7.0_67'
Session ID: 4f54e5eb41d345bd0224c2c8d5369704
Driver info: io.appium.java_client.android.AndroidDriver
Capabilities [{platform=ANDROID, acceptSslCerts=true, javascriptEnabled=true, browserName=chrome, chrome={}, rotatable=false, locationContextEnabled=true, mobileEmulationEnabled=false, version=40.0.2214.109, takesHeapSnapshot=true, cssSelectorsEnabled=true, databaseEnabled=false, handlesAlerts=true, browserConnectionEnabled=false, nativeEvents=true, webStorageEnabled=true, applicationCacheEnabled=false, takesScreenshot=true}]
>>>Compare to page title: resa | aftonbladet
clickLeftSubMenuItem MenuText: Visa mer, and SubMenuText: Wellness
8 openMenu exception: org.openqa.selenium.WebDriverException: An error occurred (WARNING: The server did not provide any stacktrace information)
Command duration or timeout: 10 milliseconds
Build info: version: '2.42.2', revision: '6a6995d31c7c56c340d6f45a76976d43506cd6cc', time: '2014-06-03 10:52:47'
System info: host: 'testrunner1', ip: '10.12.14.222', os.name: 'Mac OS X', os.arch: 'x86_64', os.version: '10.10.2', java.version: '1.7.0_67'
Session ID: 4f54e5eb41d345bd0224c2c8d5369704
Driver info: io.appium.java_client.android.AndroidDriver
Capabilities [{platform=ANDROID, acceptSslCerts=true, javascriptEnabled=true, browserName=chrome, chrome={}, rotatable=false, locationContextEnabled=true, mobileEmulationEnabled=false, version=40.0.2214.109, takesHeapSnapshot=true, cssSelectorsEnabled=true, databaseEnabled=false, handlesAlerts=true, browserConnectionEnabled=false, nativeEvents=true, webStorageEnabled=true, applicationCacheEnabled=false, takesScreenshot=true}]
9 openMenu exception: org.openqa.selenium.WebDriverException: An error occurred (WARNING: The server did not provide any stacktrace information)
Command duration or timeout: 9 milliseconds
Build info: version: '2.42.2', revision: '6a6995d31c7c56c340d6f45a76976d43506cd6cc', time: '2014-06-03 10:52:47'
System info: host: 'testrunner1', ip: '10.12.14.222', os.name: 'Mac OS X', os.arch: 'x86_64', os.version: '10.10.2', java.version: '1.7.0_67'
Session ID: 4f54e5eb41d345bd0224c2c8d5369704
Driver info: io.appium.java_client.android.AndroidDriver
Capabilities [{platform=ANDROID, acceptSslCerts=true, javascriptEnabled=true, browserName=chrome, chrome={}, rotatable=false, locationContextEnabled=true, mobileEmulationEnabled=false, version=40.0.2214.109, takesHeapSnapshot=true, cssSelectorsEnabled=true, databaseEnabled=false, handlesAlerts=true, browserConnectionEnabled=false, nativeEvents=true, webStorageEnabled=true, applicationCacheEnabled=false, takesScreenshot=true}]
By: By.xpath: //*[@id='abTopMenuDynamic']/li/a[text()='Nöje' and not(@disabled)]
spinnerClickBy exception: org.openqa.selenium.WebDriverException: An error occurred (WARNING: The server did not provide any stacktrace information)
Command duration or timeout: 10 milliseconds
Build info: version: '2.42.2', revision: '6a6995d31c7c56c340d6f45a76976d43506cd6cc', time: '2014-06-03 10:52:47'
System info: host: 'testrunner1', ip: '10.12.14.222', os.name: 'Mac OS X', os.arch: 'x86_64', os.version: '10.10.2', java.version: '1.7.0_67'
Session ID: 4f54e5eb41d345bd0224c2c8d5369704
Driver info: io.appium.java_client.android.AndroidDriver
Capabilities [{platform=ANDROID, acceptSslCerts=true, javascriptEnabled=true, browserName=chrome, chrome={}, rotatable=false, locationContextEnabled=true, mobileEmulationEnabled=false, version=40.0.2214.109, takesHeapSnapshot=true, cssSelectorsEnabled=true, databaseEnabled=false, handlesAlerts=true, browserConnectionEnabled=false, nativeEvents=true, webStorageEnabled=true, applicationCacheEnabled=false, takesScreenshot=true}]
spinnerClickBy exception: org.openqa.selenium.WebDriverException: An error occurred (WARNING: The server did not provide any stacktrace information)
Command duration or timeout: 13 milliseconds
Build info: version: '2.42.2', revision: '6a6995d31c7c56c340d6f45a76976d43506cd6cc', time: '2014-06-03 10:52:47'
System info: host: 'testrunner1', ip: '10.12.14.222', os.name: 'Mac OS X', os.arch: 'x86_64', os.version: '10.10.2', java.version: '1.7.0_67'
Session ID: 4f54e5eb41d345bd0224c2c8d5369704
Driver info: io.appium.java_client.android.AndroidDriver
Capabilities [{platform=ANDROID, acceptSslCerts=true, javascriptEnabled=true, browserName=chrome, chrome={}, rotatable=false, locationContextEnabled=true, mobileEmulationEnabled=false, version=40.0.2214.109, takesHeapSnapshot=true, cssSelectorsEnabled=true, databaseEnabled=false, handlesAlerts=true, browserConnectionEnabled=false, nativeEvents=true, webStorageEnabled=true, applicationCacheEnabled=false, takesScreenshot=true}]
spinnerClickBy exception: org.openqa.selenium.WebDriverException: An error occurred (WARNING: The server did not provide any stacktrace information)
Command duration or timeout: 13 milliseconds
Build info: version: '2.42.2', revision: '6a6995d31c7c56c340d6f45a76976d43506cd6cc', time: '2014-06-03 10:52:47'
System info: host: 'testrunner1', ip: '10.12.14.222', os.name: 'Mac OS X', os.arch: 'x86_64', os.version: '10.10.2', java.version: '1.7.0_67'
Session ID: 4f54e5eb41d345bd0224c2c8d5369704
Driver info: io.appium.java_client.android.AndroidDriver
Capabilities [{platform=ANDROID, acceptSslCerts=true, javascriptEnabled=true, browserName=chrome, chrome={}, rotatable=false, locationContextEnabled=true, mobileEmulationEnabled=false, version=40.0.2214.109, takesHeapSnapshot=true, cssSelectorsEnabled=true, databaseEnabled=false, handlesAlerts=true, browserConnectionEnabled=false, nativeEvents=true, webStorageEnabled=true, applicationCacheEnabled=false, takesScreenshot=true}]
spinnerClickBy exception: org.openqa.selenium.WebDriverException: An error occurred (WARNING: The server did not provide any stacktrace information)
Command duration or timeout: 11 milliseconds
Build info: version: '2.42.2', revision: '6a6995d31c7c56c340d6f45a76976d43506cd6cc', time: '2014-06-03 10:52:47'
System info: host: 'testrunner1', ip: '10.12.14.222', os.name: 'Mac OS X', os.arch: 'x86_64', os.version: '10.10.2', java.version: '1.7.0_67'
Session ID: 4f54e5eb41d345bd0224c2c8d5369704
Driver info: io.appium.java_client.android.AndroidDriver
Capabilities [{platform=ANDROID, acceptSslCerts=true, javascriptEnabled=true, browserName=chrome, chrome={}, rotatable=false, locationContextEnabled=true, mobileEmulationEnabled=false, version=40.0.2214.109, takesHeapSnapshot=true, cssSelectorsEnabled=true, databaseEnabled=false, handlesAlerts=true, browserConnectionEnabled=false, nativeEvents=true, webStorageEnabled=true, applicationCacheEnabled=false, takesScreenshot=true}]
spinnerClickBy exception: org.openqa.selenium.WebDriverException: An error occurred (WARNING: The server did not provide any stacktrace information)
Command duration or timeout: 10 milliseconds
Build info: version: '2.42.2', revision: '6a6995d31c7c56c340d6f45a76976d43506cd6cc', time: '2014-06-03 10:52:47'
System info: host: 'testrunner1', ip: '10.12.14.222', os.name: 'Mac OS X', os.arch: 'x86_64', os.version: '10.10.2', java.version: '1.7.0_67'
Session ID: 4f54e5eb41d345bd0224c2c8d5369704
Driver info: io.appium.java_client.android.AndroidDriver
Capabilities [{platform=ANDROID, acceptSslCerts=true, javascriptEnabled=true, browserName=chrome, chrome={}, rotatable=false, locationContextEnabled=true, mobileEmulationEnabled=false, version=40.0.2214.109, takesHeapSnapshot=true, cssSelectorsEnabled=true, databaseEnabled=false, handlesAlerts=true, browserConnectionEnabled=false, nativeEvents=true, webStorageEnabled=true, applicationCacheEnabled=false, takesScreenshot=true}]
spinnerClickBy exception: org.openqa.selenium.WebDriverException: An error occurred (WARNING: The server did not provide any stacktrace information)
Command duration or timeout: 9 milliseconds
Build info: version: '2.42.2', revision: '6a6995d31c7c56c340d6f45a76976d43506cd6cc', time: '2014-06-03 10:52:47'
System info: host: 'testrunner1', ip: '10.12.14.222', os.name: 'Mac OS X', os.arch: 'x86_64', os.version: '10.10.2', java.version: '1.7.0_67'
Session ID: 4f54e5eb41d345bd0224c2c8d5369704
Driver info: io.appium.java_client.android.AndroidDriver
Capabilities [{platform=ANDROID, acceptSslCerts=true, javascriptEnabled=true, browserName=chrome, chrome={}, rotatable=false, locationContextEnabled=true, mobileEmulationEnabled=false, version=40.0.2214.109, takesHeapSnapshot=true, cssSelectorsEnabled=true, databaseEnabled=false, handlesAlerts=true, browserConnectionEnabled=false, nativeEvents=true, webStorageEnabled=true, applicationCacheEnabled=false, takesScreenshot=true}]
spinnerClickBy exception: org.openqa.selenium.WebDriverException: An error occurred (WARNING: The server did not provide any stacktrace information)
Command duration or timeout: 13 milliseconds
Build info: version: '2.42.2', revision: '6a6995d31c7c56c340d6f45a76976d43506cd6cc', time: '2014-06-03 10:52:47'
System info: host: 'testrunner1', ip: '10.12.14.222', os.name: 'Mac OS X', os.arch: 'x86_64', os.version: '10.10.2', java.version: '1.7.0_67'
Session ID: 4f54e5eb41d345bd0224c2c8d5369704
Driver info: io.appium.java_client.android.AndroidDriver
Capabilities [{platform=ANDROID, acceptSslCerts=true, javascriptEnabled=true, browserName=chrome, chrome={}, rotatable=false, locationContextEnabled=true, mobileEmulationEnabled=false, version=40.0.2214.109, takesHeapSnapshot=true, cssSelectorsEnabled=true, databaseEnabled=false, handlesAlerts=true, browserConnectionEnabled=false, nativeEvents=true, webStorageEnabled=true, applicationCacheEnabled=false, takesScreenshot=true}]
spinnerClickBy exception: org.openqa.selenium.WebDriverException: An error occurred (WARNING: The server did not provide any stacktrace information)
Command duration or timeout: 11 milliseconds
Build info: version: '2.42.2', revision: '6a6995d31c7c56c340d6f45a76976d43506cd6cc', time: '2014-06-03 10:52:47'
System info: host: 'testrunner1', ip: '10.12.14.222', os.name: 'Mac OS X', os.arch: 'x86_64', os.version: '10.10.2', java.version: '1.7.0_67'
Session ID: 4f54e5eb41d345bd0224c2c8d5369704
Driver info: io.appium.java_client.android.AndroidDriver
Capabilities [{platform=ANDROID, acceptSslCerts=true, javascriptEnabled=true, browserName=chrome, chrome={}, rotatable=false, locationContextEnabled=true, mobileEmulationEnabled=false, version=40.0.2214.109, takesHeapSnapshot=true, cssSelectorsEnabled=true, databaseEnabled=false, handlesAlerts=true, browserConnectionEnabled=false, nativeEvents=true, webStorageEnabled=true, applicationCacheEnabled=false, takesScreenshot=true}]
spinnerClickBy exception: org.openqa.selenium.WebDriverException: An error occurred (WARNING: The server did not provide any stacktrace information)
Command duration or timeout: 11 milliseconds
Build info: version: '2.42.2', revision: '6a6995d31c7c56c340d6f45a76976d43506cd6cc', time: '2014-06-03 10:52:47'
System info: host: 'testrunner1', ip: '10.12.14.222', os.name: 'Mac OS X', os.arch: 'x86_64', os.version: '10.10.2', java.version: '1.7.0_67'
Session ID: 4f54e5eb41d345bd0224c2c8d5369704
Driver info: io.appium.java_client.android.AndroidDriver
Capabilities [{platform=ANDROID, acceptSslCerts=true, javascriptEnabled=true, browserName=chrome, chrome={}, rotatable=false, locationContextEnabled=true, mobileEmulationEnabled=false, version=40.0.2214.109, takesHeapSnapshot=true, cssSelectorsEnabled=true, databaseEnabled=false, handlesAlerts=true, browserConnectionEnabled=false, nativeEvents=true, webStorageEnabled=true, applicationCacheEnabled=false, takesScreenshot=true}]
spinnerClickBy exception: org.openqa.selenium.WebDriverException: An error occurred (WARNING: The server did not provide any stacktrace information)
Command duration or timeout: 10 milliseconds
Build info: version: '2.42.2', revision: '6a6995d31c7c56c340d6f45a76976d43506cd6cc', time: '2014-06-03 10:52:47'
System info: host: 'testrunner1', ip: '10.12.14.222', os.name: 'Mac OS X', os.arch: 'x86_64', os.version: '10.10.2', java.version: '1.7.0_67'
Session ID: 4f54e5eb41d345bd0224c2c8d5369704
Driver info: io.appium.java_client.android.AndroidDriver
Capabilities [{platform=ANDROID, acceptSslCerts=true, javascriptEnabled=true, browserName=chrome, chrome={}, rotatable=false, locationContextEnabled=true, mobileEmulationEnabled=false, version=40.0.2214.109, takesHeapSnapshot=true, cssSelectorsEnabled=true, databaseEnabled=false, handlesAlerts=true, browserConnectionEnabled=false, nativeEvents=true, webStorageEnabled=true, applicationCacheEnabled=false, takesScreenshot=true}]
Try to assert page title: Kultur
By: By.xpath: //*[@id='abTopMenuDynamic']/li/a[text()='Visa mer']/../a[text()='Mer' and not(@disabled)]
>>>Compare to page title: kultur | aftonbladet
By: By.xpath: //*[@class='abToggle']/div
By: By.xpath: //*[@id='abTopMenuDynamic']/li/a[text()='Visa mer']/../ul[@class='abMenuSub']/li/a[text()='Wellness' and not(@disabled)]
]]></system-out>
  </testcase>
  <testcase name="goToVisaMerSubPages[Android_4.4.4_SM-N910F_Chrome_UNKNOWN]" classname="se.aftonbladet.abtest.tests.mobile.menu.AbMobileNavTest(20150220-010048)" time="9.098"/>
  <testcase name="goToColumnistsSubPages[Android_4.4.2_GT-I9505_Chrome_UNKNOWN]" classname="se.aftonbladet.abtest.tests.mobile.menu.AbMobileNavTest(20150220-010048)" time="7.797"/>
  <testcase name="goToCulturePage[Android_4.4.4_SM-N910F_Chrome_UNKNOWN]" classname="se.aftonbladet.abtest.tests.mobile.menu.AbMobileNavTest(20150220-010048)" time="10.972">
    <failure message="expected:&lt;39&gt; but was:&lt;27&gt;" type="java.lang.AssertionError"><![CDATA[java.lang.AssertionError: expected:<39> but was:<27>
	at org.junit.Assert.fail(Assert.java:88)
	at org.junit.Assert.failNotEquals(Assert.java:743)
	at org.junit.Assert.assertEquals(Assert.java:118)
	at org.junit.Assert.assertEquals(Assert.java:555)
	at org.junit.Assert.assertEquals(Assert.java:542)
	at se.aftonbladet.abtest.tests.mobile.menu.AbMobileNavTest.goToCulturePage(AbMobileNavTest.java:178)
]]></failure>
    <system-out><![CDATA[Driver: AndroidDriver: chrome on ANDROID (f3af855fce0355d20b3a7a2ae43e932a)
clickLeftMenuItem pMenuText: Kultur
By: By.xpath: //*[@id='abTopMenuDynamic']/li/a[text()='Kultur' and not(@disabled)]
clickLeftSubMenuItem MenuText: Kultur, and SubMenuText: Böcker
Try to assert page title: Kultur
>>>Compare to page title: kultur | aftonbladet
By: By.xpath: //*[@id='abTopMenuDynamic']/li/a[text()='Kultur']/../a[text()='Mer' and not(@disabled)]
By: By.xpath: //*[@class='abToggle']/div
By: By.xpath: //*[@id='abTopMenuDynamic']/li/a[text()='Kultur']/../ul[@class='abMenuSub']/li/a[text()='Böcker' and not(@disabled)]
]]></system-out>
  </testcase>
  <testcase name="goToEntertainmentPage[Android_4.4.4_GT-I9305_Chrome_UNKNOWN]" classname="se.aftonbladet.abtest.tests.mobile.menu.AbMobileNavTest(20150220-010048)" time="0.367">
    <error message="Timed out after 31 seconds waiting for presence of element located by: By.id: abNavBarTopBtnLink&#10;Build info: version: &apos;2.42.2&apos;, revision: &apos;6a6995d31c7c56c340d6f45a76976d43506cd6cc&apos;, time: &apos;2014-06-03 10:52:47&apos;&#10;System info: host: &apos;testrunner1&apos;, ip: &apos;10.12.14.222&apos;, os.name: &apos;Mac OS X&apos;, os.arch: &apos;x86_64&apos;, os.version: &apos;10.10.2&apos;, java.version: &apos;1.7.0_67&apos;&#10;Driver info: driver.version: unknown" type="org.openqa.selenium.TimeoutException">org.openqa.selenium.TimeoutException: Timed out after 31 seconds waiting for presence of element located by: By.id: abNavBarTopBtnLink
Build info: version: '2.42.2', revision: '6a6995d31c7c56c340d6f45a76976d43506cd6cc', time: '2014-06-03 10:52:47'
System info: host: 'testrunner1', ip: '10.12.14.222', os.name: 'Mac OS X', os.arch: 'x86_64', os.version: '10.10.2', java.version: '1.7.0_67'
Driver info: driver.version: unknown
	at sun.reflect.GeneratedConstructorAccessor11.newInstance(Unknown Source)
	at sun.reflect.DelegatingConstructorAccessorImpl.newInstance(DelegatingConstructorAccessorImpl.java:45)
	at java.lang.reflect.Constructor.newInstance(Constructor.java:526)
	at org.openqa.selenium.remote.ErrorHandler.createThrowable(ErrorHandler.java:204)
	at org.openqa.selenium.remote.ErrorHandler.throwIfResponseFailed(ErrorHandler.java:156)
	at org.openqa.selenium.remote.RemoteWebDriver.execute(RemoteWebDriver.java:599)
	at io.appium.java_client.AppiumDriver.execute(AppiumDriver.java:180)
	at org.openqa.selenium.remote.RemoteWebDriver.findElement(RemoteWebDriver.java:352)
	at org.openqa.selenium.remote.RemoteWebDriver.findElementById(RemoteWebDriver.java:393)
	at org.openqa.selenium.By$ById.findElement(By.java:214)
	at org.openqa.selenium.remote.RemoteWebDriver.findElement(RemoteWebDriver.java:344)
	at org.openqa.selenium.support.ui.ExpectedConditions.findElement(ExpectedConditions.java:730)
	at org.openqa.selenium.support.ui.ExpectedConditions.access$000(ExpectedConditions.java:39)
	at org.openqa.selenium.support.ui.ExpectedConditions$3.apply(ExpectedConditions.java:106)
	at org.openqa.selenium.support.ui.ExpectedConditions$3.apply(ExpectedConditions.java:103)
	at org.openqa.selenium.support.ui.FluentWait.until(FluentWait.java:208)
	at se.aftonbladet.abtest.navigation.mobil.AbMobileNavigation.clickLeftMenuItem(AbMobileNavigation.java:87)
	at se.aftonbladet.abtest.tests.mobile.menu.AbMobileNavTest.goToEntertainmentPage(AbMobileNavTest.java:136)
</error>
    <system-out><![CDATA[Driver: AndroidDriver: chrome on ANDROID (6e1713ba84a9d7f3fd110c7b00b3aa46)
Try to assert page title: Bokrecensioner
]]></system-out>
  </testcase>
  <testcase name="goToPlusPage[Android_4.4.4_GT-I9305_Chrome_UNKNOWN]" classname="se.aftonbladet.abtest.tests.mobile.menu.AbMobileNavTest(20150220-010048)" time="10.334">
    <error message="chrome not reachable&#10;  (Session info: chrome=40.0.2214.109)&#10;  (Driver info: chromedriver=2.14.313457 (3d645c400edf2e2c500566c9aa096063e707c9cf),platform=Mac OS X 10.10.2 x86_64) (WARNING: The server did not provide any stacktrace information)&#10;Command duration or timeout: 10 milliseconds&#10;Build info: version: &apos;2.42.2&apos;, revision: &apos;6a6995d31c7c56c340d6f45a76976d43506cd6cc&apos;, time: &apos;2014-06-03 10:52:47&apos;&#10;System info: host: &apos;testrunner1&apos;, ip: &apos;10.12.14.222&apos;, os.name: &apos;Mac OS X&apos;, os.arch: &apos;x86_64&apos;, os.version: &apos;10.10.2&apos;, java.version: &apos;1.7.0_67&apos;&#10;Session ID: 4f54e5eb41d345bd0224c2c8d5369704&#10;Driver info: io.appium.java_client.android.AndroidDriver&#10;Capabilities [{platform=ANDROID, acceptSslCerts=true, javascriptEnabled=true, browserName=chrome, chrome={}, rotatable=false, locationContextEnabled=true, mobileEmulationEnabled=false, version=40.0.2214.109, takesHeapSnapshot=true, cssSelectorsEnabled=true, databaseEnabled=false, handlesAlerts=true, browserConnectionEnabled=false, nativeEvents=true, webStorageEnabled=true, applicationCacheEnabled=false, takesScreenshot=true}]" type="org.openqa.selenium.WebDriverException">org.openqa.selenium.WebDriverException: chrome not reachable
  (Session info: chrome=40.0.2214.109)
  (Driver info: chromedriver=2.14.313457 (3d645c400edf2e2c500566c9aa096063e707c9cf),platform=Mac OS X 10.10.2 x86_64) (WARNING: The server did not provide any stacktrace information)
Command duration or timeout: 10 milliseconds
Build info: version: '2.42.2', revision: '6a6995d31c7c56c340d6f45a76976d43506cd6cc', time: '2014-06-03 10:52:47'
System info: host: 'testrunner1', ip: '10.12.14.222', os.name: 'Mac OS X', os.arch: 'x86_64', os.version: '10.10.2', java.version: '1.7.0_67'
Session ID: 4f54e5eb41d345bd0224c2c8d5369704
Driver info: io.appium.java_client.android.AndroidDriver
Capabilities [{platform=ANDROID, acceptSslCerts=true, javascriptEnabled=true, browserName=chrome, chrome={}, rotatable=false, locationContextEnabled=true, mobileEmulationEnabled=false, version=40.0.2214.109, takesHeapSnapshot=true, cssSelectorsEnabled=true, databaseEnabled=false, handlesAlerts=true, browserConnectionEnabled=false, nativeEvents=true, webStorageEnabled=true, applicationCacheEnabled=false, takesScreenshot=true}]
	at sun.reflect.GeneratedConstructorAccessor11.newInstance(Unknown Source)
	at sun.reflect.DelegatingConstructorAccessorImpl.newInstance(DelegatingConstructorAccessorImpl.java:45)
	at java.lang.reflect.Constructor.newInstance(Constructor.java:526)
	at org.openqa.selenium.remote.ErrorHandler.createThrowable(ErrorHandler.java:204)
	at org.openqa.selenium.remote.ErrorHandler.throwIfResponseFailed(ErrorHandler.java:156)
	at org.openqa.selenium.remote.RemoteWebDriver.execute(RemoteWebDriver.java:599)
	at io.appium.java_client.AppiumDriver.execute(AppiumDriver.java:180)
	at io.appium.java_client.AppiumDriver.execute(AppiumDriver.java:185)
	at org.openqa.selenium.remote.RemoteWebDriver$RemoteWebDriverOptions.deleteAllCookies(RemoteWebDriver.java:685)
	at se.aftonbladet.abtest.tests.mobile.menu.AbMobileNavTest.setUp(AbMobileNavTest.java:74)
</error>
    <system-out><![CDATA[Driver: AndroidDriver: chrome on ANDROID (4f54e5eb41d345bd0224c2c8d5369704)
0 AbMobileNav: org.openqa.selenium.WebDriverException: An error occurred (WARNING: The server did not provide any stacktrace information)
Command duration or timeout: 10 milliseconds
Build info: version: '2.42.2', revision: '6a6995d31c7c56c340d6f45a76976d43506cd6cc', time: '2014-06-03 10:52:47'
System info: host: 'testrunner1', ip: '10.12.14.222', os.name: 'Mac OS X', os.arch: 'x86_64', os.version: '10.10.2', java.version: '1.7.0_67'
Session ID: 4f54e5eb41d345bd0224c2c8d5369704
Driver info: io.appium.java_client.android.AndroidDriver
Capabilities [{platform=ANDROID, acceptSslCerts=true, javascriptEnabled=true, browserName=chrome, chrome={}, rotatable=false, locationContextEnabled=true, mobileEmulationEnabled=false, version=40.0.2214.109, takesHeapSnapshot=true, cssSelectorsEnabled=true, databaseEnabled=false, handlesAlerts=true, browserConnectionEnabled=false, nativeEvents=true, webStorageEnabled=true, applicationCacheEnabled=false, takesScreenshot=true}]
1 AbMobileNav: org.openqa.selenium.WebDriverException: An error occurred (WARNING: The server did not provide any stacktrace information)
Command duration or timeout: 10 milliseconds
Build info: version: '2.42.2', revision: '6a6995d31c7c56c340d6f45a76976d43506cd6cc', time: '2014-06-03 10:52:47'
System info: host: 'testrunner1', ip: '10.12.14.222', os.name: 'Mac OS X', os.arch: 'x86_64', os.version: '10.10.2', java.version: '1.7.0_67'
Session ID: 4f54e5eb41d345bd0224c2c8d5369704
Driver info: io.appium.java_client.android.AndroidDriver
Capabilities [{platform=ANDROID, acceptSslCerts=true, javascriptEnabled=true, browserName=chrome, chrome={}, rotatable=false, locationContextEnabled=true, mobileEmulationEnabled=false, version=40.0.2214.109, takesHeapSnapshot=true, cssSelectorsEnabled=true, databaseEnabled=false, handlesAlerts=true, browserConnectionEnabled=false, nativeEvents=true, webStorageEnabled=true, applicationCacheEnabled=false, takesScreenshot=true}]
2 AbMobileNav: org.openqa.selenium.WebDriverException: An error occurred (WARNING: The server did not provide any stacktrace information)
Command duration or timeout: 15 milliseconds
Build info: version: '2.42.2', revision: '6a6995d31c7c56c340d6f45a76976d43506cd6cc', time: '2014-06-03 10:52:47'
System info: host: 'testrunner1', ip: '10.12.14.222', os.name: 'Mac OS X', os.arch: 'x86_64', os.version: '10.10.2', java.version: '1.7.0_67'
Session ID: 4f54e5eb41d345bd0224c2c8d5369704
Driver info: io.appium.java_client.android.AndroidDriver
Capabilities [{platform=ANDROID, acceptSslCerts=true, javascriptEnabled=true, browserName=chrome, chrome={}, rotatable=false, locationContextEnabled=true, mobileEmulationEnabled=false, version=40.0.2214.109, takesHeapSnapshot=true, cssSelectorsEnabled=true, databaseEnabled=false, handlesAlerts=true, browserConnectionEnabled=false, nativeEvents=true, webStorageEnabled=true, applicationCacheEnabled=false, takesScreenshot=true}]
3 AbMobileNav: org.openqa.selenium.WebDriverException: An error occurred (WARNING: The server did not provide any stacktrace information)
Command duration or timeout: 9 milliseconds
Build info: version: '2.42.2', revision: '6a6995d31c7c56c340d6f45a76976d43506cd6cc', time: '2014-06-03 10:52:47'
System info: host: 'testrunner1', ip: '10.12.14.222', os.name: 'Mac OS X', os.arch: 'x86_64', os.version: '10.10.2', java.version: '1.7.0_67'
Session ID: 4f54e5eb41d345bd0224c2c8d5369704
Driver info: io.appium.java_client.android.AndroidDriver
Capabilities [{platform=ANDROID, acceptSslCerts=true, javascriptEnabled=true, browserName=chrome, chrome={}, rotatable=false, locationContextEnabled=true, mobileEmulationEnabled=false, version=40.0.2214.109, takesHeapSnapshot=true, cssSelectorsEnabled=true, databaseEnabled=false, handlesAlerts=true, browserConnectionEnabled=false, nativeEvents=true, webStorageEnabled=true, applicationCacheEnabled=false, takesScreenshot=true}]
>>>Compare to page title: bokrecensioner | kultur | aftonbladet
clickLeftSubMenuItem MenuText: Kultur, and SubMenuText: Konst
4 AbMobileNav: org.openqa.selenium.WebDriverException: An error occurred (WARNING: The server did not provide any stacktrace information)
Command duration or timeout: 10 milliseconds
Build info: version: '2.42.2', revision: '6a6995d31c7c56c340d6f45a76976d43506cd6cc', time: '2014-06-03 10:52:47'
System info: host: 'testrunner1', ip: '10.12.14.222', os.name: 'Mac OS X', os.arch: 'x86_64', os.version: '10.10.2', java.version: '1.7.0_67'
Session ID: 4f54e5eb41d345bd0224c2c8d5369704
Driver info: io.appium.java_client.android.AndroidDriver
Capabilities [{platform=ANDROID, acceptSslCerts=true, javascriptEnabled=true, browserName=chrome, chrome={}, rotatable=false, locationContextEnabled=true, mobileEmulationEnabled=false, version=40.0.2214.109, takesHeapSnapshot=true, cssSelectorsEnabled=true, databaseEnabled=false, handlesAlerts=true, browserConnectionEnabled=false, nativeEvents=true, webStorageEnabled=true, applicationCacheEnabled=false, takesScreenshot=true}]
5 AbMobileNav: org.openqa.selenium.WebDriverException: An error occurred (WARNING: The server did not provide any stacktrace information)
Command duration or timeout: 9 milliseconds
Build info: version: '2.42.2', revision: '6a6995d31c7c56c340d6f45a76976d43506cd6cc', time: '2014-06-03 10:52:47'
System info: host: 'testrunner1', ip: '10.12.14.222', os.name: 'Mac OS X', os.arch: 'x86_64', os.version: '10.10.2', java.version: '1.7.0_67'
Session ID: 4f54e5eb41d345bd0224c2c8d5369704
Driver info: io.appium.java_client.android.AndroidDriver
Capabilities [{platform=ANDROID, acceptSslCerts=true, javascriptEnabled=true, browserName=chrome, chrome={}, rotatable=false, locationContextEnabled=true, mobileEmulationEnabled=false, version=40.0.2214.109, takesHeapSnapshot=true, cssSelectorsEnabled=true, databaseEnabled=false, handlesAlerts=true, browserConnectionEnabled=false, nativeEvents=true, webStorageEnabled=true, applicationCacheEnabled=false, takesScreenshot=true}]
6 AbMobileNav: org.openqa.selenium.WebDriverException: An error occurred (WARNING: The server did not provide any stacktrace information)
Command duration or timeout: 10 milliseconds
Build info: version: '2.42.2', revision: '6a6995d31c7c56c340d6f45a76976d43506cd6cc', time: '2014-06-03 10:52:47'
System info: host: 'testrunner1', ip: '10.12.14.222', os.name: 'Mac OS X', os.arch: 'x86_64', os.version: '10.10.2', java.version: '1.7.0_67'
Session ID: 4f54e5eb41d345bd0224c2c8d5369704
Driver info: io.appium.java_client.android.AndroidDriver
Capabilities [{platform=ANDROID, acceptSslCerts=true, javascriptEnabled=true, browserName=chrome, chrome={}, rotatable=false, locationContextEnabled=true, mobileEmulationEnabled=false, version=40.0.2214.109, takesHeapSnapshot=true, cssSelectorsEnabled=true, databaseEnabled=false, handlesAlerts=true, browserConnectionEnabled=false, nativeEvents=true, webStorageEnabled=true, applicationCacheEnabled=false, takesScreenshot=true}]
7 AbMobileNav: org.openqa.selenium.WebDriverException: An error occurred (WARNING: The server did not provide any stacktrace information)
Command duration or timeout: 8 milliseconds
Build info: version: '2.42.2', revision: '6a6995d31c7c56c340d6f45a76976d43506cd6cc', time: '2014-06-03 10:52:47'
System info: host: 'testrunner1', ip: '10.12.14.222', os.name: 'Mac OS X', os.arch: 'x86_64', os.version: '10.10.2', java.version: '1.7.0_67'
Session ID: 4f54e5eb41d345bd0224c2c8d5369704
Driver info: io.appium.java_client.android.AndroidDriver
Capabilities [{platform=ANDROID, acceptSslCerts=true, javascriptEnabled=true, browserName=chrome, chrome={}, rotatable=false, locationContextEnabled=true, mobileEmulationEnabled=false, version=40.0.2214.109, takesHeapSnapshot=true, cssSelectorsEnabled=true, databaseEnabled=false, handlesAlerts=true, browserConnectionEnabled=false, nativeEvents=true, webStorageEnabled=true, applicationCacheEnabled=false, takesScreenshot=true}]
8 AbMobileNav: org.openqa.selenium.WebDriverException: An error occurred (WARNING: The server did not provide any stacktrace information)
Command duration or timeout: 9 milliseconds
Build info: version: '2.42.2', revision: '6a6995d31c7c56c340d6f45a76976d43506cd6cc', time: '2014-06-03 10:52:47'
System info: host: 'testrunner1', ip: '10.12.14.222', os.name: 'Mac OS X', os.arch: 'x86_64', os.version: '10.10.2', java.version: '1.7.0_67'
Session ID: 4f54e5eb41d345bd0224c2c8d5369704
Driver info: io.appium.java_client.android.AndroidDriver
Capabilities [{platform=ANDROID, acceptSslCerts=true, javascriptEnabled=true, browserName=chrome, chrome={}, rotatable=false, locationContextEnabled=true, mobileEmulationEnabled=false, version=40.0.2214.109, takesHeapSnapshot=true, cssSelectorsEnabled=true, databaseEnabled=false, handlesAlerts=true, browserConnectionEnabled=false, nativeEvents=true, webStorageEnabled=true, applicationCacheEnabled=false, takesScreenshot=true}]
By: By.xpath: //*[@id='abTopMenuDynamic']/li/a[text()='Kultur']/../a[text()='Mer' and not(@disabled)]
9 AbMobileNav: org.openqa.selenium.WebDriverException: An error occurred (WARNING: The server did not provide any stacktrace information)
Command duration or timeout: 9 milliseconds
Build info: version: '2.42.2', revision: '6a6995d31c7c56c340d6f45a76976d43506cd6cc', time: '2014-06-03 10:52:47'
System info: host: 'testrunner1', ip: '10.12.14.222', os.name: 'Mac OS X', os.arch: 'x86_64', os.version: '10.10.2', java.version: '1.7.0_67'
Session ID: 4f54e5eb41d345bd0224c2c8d5369704
Driver info: io.appium.java_client.android.AndroidDriver
Capabilities [{platform=ANDROID, acceptSslCerts=true, javascriptEnabled=true, browserName=chrome, chrome={}, rotatable=false, locationContextEnabled=true, mobileEmulationEnabled=false, version=40.0.2214.109, takesHeapSnapshot=true, cssSelectorsEnabled=true, databaseEnabled=false, handlesAlerts=true, browserConnectionEnabled=false, nativeEvents=true, webStorageEnabled=true, applicationCacheEnabled=false, takesScreenshot=true}]
10 AbMobileNav: org.openqa.selenium.WebDriverException: An error occurred (WARNING: The server did not provide any stacktrace information)
Command duration or timeout: 10 milliseconds
Build info: version: '2.42.2', revision: '6a6995d31c7c56c340d6f45a76976d43506cd6cc', time: '2014-06-03 10:52:47'
System info: host: 'testrunner1', ip: '10.12.14.222', os.name: 'Mac OS X', os.arch: 'x86_64', os.version: '10.10.2', java.version: '1.7.0_67'
Session ID: 4f54e5eb41d345bd0224c2c8d5369704
Driver info: io.appium.java_client.android.AndroidDriver
Capabilities [{platform=ANDROID, acceptSslCerts=true, javascriptEnabled=true, browserName=chrome, chrome={}, rotatable=false, locationContextEnabled=true, mobileEmulationEnabled=false, version=40.0.2214.109, takesHeapSnapshot=true, cssSelectorsEnabled=true, databaseEnabled=false, handlesAlerts=true, browserConnectionEnabled=false, nativeEvents=true, webStorageEnabled=true, applicationCacheEnabled=false, takesScreenshot=true}]
By: By.xpath: //*[@id='abTopMenuDynamic']/li/a[text()='Kultur']/../ul[@class='abMenuSub']/li/a[text()='Konst' and not(@disabled)]
11 AbMobileNav: org.openqa.selenium.WebDriverException: An error occurred (WARNING: The server did not provide any stacktrace information)
Command duration or timeout: 10 milliseconds
Build info: version: '2.42.2', revision: '6a6995d31c7c56c340d6f45a76976d43506cd6cc', time: '2014-06-03 10:52:47'
System info: host: 'testrunner1', ip: '10.12.14.222', os.name: 'Mac OS X', os.arch: 'x86_64', os.version: '10.10.2', java.version: '1.7.0_67'
Session ID: 4f54e5eb41d345bd0224c2c8d5369704
Driver info: io.appium.java_client.android.AndroidDriver
Capabilities [{platform=ANDROID, acceptSslCerts=true, javascriptEnabled=true, browserName=chrome, chrome={}, rotatable=false, locationContextEnabled=true, mobileEmulationEnabled=false, version=40.0.2214.109, takesHeapSnapshot=true, cssSelectorsEnabled=true, databaseEnabled=false, handlesAlerts=true, browserConnectionEnabled=false, nativeEvents=true, webStorageEnabled=true, applicationCacheEnabled=false, takesScreenshot=true}]
12 AbMobileNav: org.openqa.selenium.WebDriverException: An error occurred (WARNING: The server did not provide any stacktrace information)
Command duration or timeout: 11 milliseconds
Build info: version: '2.42.2', revision: '6a6995d31c7c56c340d6f45a76976d43506cd6cc', time: '2014-06-03 10:52:47'
System info: host: 'testrunner1', ip: '10.12.14.222', os.name: 'Mac OS X', os.arch: 'x86_64', os.version: '10.10.2', java.version: '1.7.0_67'
Session ID: 4f54e5eb41d345bd0224c2c8d5369704
Driver info: io.appium.java_client.android.AndroidDriver
Capabilities [{platform=ANDROID, acceptSslCerts=true, javascriptEnabled=true, browserName=chrome, chrome={}, rotatable=false, locationContextEnabled=true, mobileEmulationEnabled=false, version=40.0.2214.109, takesHeapSnapshot=true, cssSelectorsEnabled=true, databaseEnabled=false, handlesAlerts=true, browserConnectionEnabled=false, nativeEvents=true, webStorageEnabled=true, applicationCacheEnabled=false, takesScreenshot=true}]
13 AbMobileNav: org.openqa.selenium.WebDriverException: An error occurred (WARNING: The server did not provide any stacktrace information)
Command duration or timeout: 10 milliseconds
Build info: version: '2.42.2', revision: '6a6995d31c7c56c340d6f45a76976d43506cd6cc', time: '2014-06-03 10:52:47'
System info: host: 'testrunner1', ip: '10.12.14.222', os.name: 'Mac OS X', os.arch: 'x86_64', os.version: '10.10.2', java.version: '1.7.0_67'
Session ID: 4f54e5eb41d345bd0224c2c8d5369704
Driver info: io.appium.java_client.android.AndroidDriver
Capabilities [{platform=ANDROID, acceptSslCerts=true, javascriptEnabled=true, browserName=chrome, chrome={}, rotatable=false, locationContextEnabled=true, mobileEmulationEnabled=false, version=40.0.2214.109, takesHeapSnapshot=true, cssSelectorsEnabled=true, databaseEnabled=false, handlesAlerts=true, browserConnectionEnabled=false, nativeEvents=true, webStorageEnabled=true, applicationCacheEnabled=false, takesScreenshot=true}]
Try to assert page title: Konst
14 AbMobileNav: org.openqa.selenium.WebDriverException: An error occurred (WARNING: The server did not provide any stacktrace information)
Command duration or timeout: 8 milliseconds
Build info: version: '2.42.2', revision: '6a6995d31c7c56c340d6f45a76976d43506cd6cc', time: '2014-06-03 10:52:47'
System info: host: 'testrunner1', ip: '10.12.14.222', os.name: 'Mac OS X', os.arch: 'x86_64', os.version: '10.10.2', java.version: '1.7.0_67'
Session ID: 4f54e5eb41d345bd0224c2c8d5369704
Driver info: io.appium.java_client.android.AndroidDriver
Capabilities [{platform=ANDROID, acceptSslCerts=true, javascriptEnabled=true, browserName=chrome, chrome={}, rotatable=false, locationContextEnabled=true, mobileEmulationEnabled=false, version=40.0.2214.109, takesHeapSnapshot=true, cssSelectorsEnabled=true, databaseEnabled=false, handlesAlerts=true, browserConnectionEnabled=false, nativeEvents=true, webStorageEnabled=true, applicationCacheEnabled=false, takesScreenshot=true}]
clickLeftSubMenuItem MenuText: Kolumnister, and SubMenuText: Robert Aschberg
15 AbMobileNav: org.openqa.selenium.WebDriverException: An error occurred (WARNING: The server did not provide any stacktrace information)
Command duration or timeout: 10 milliseconds
Build info: version: '2.42.2', revision: '6a6995d31c7c56c340d6f45a76976d43506cd6cc', time: '2014-06-03 10:52:47'
System info: host: 'testrunner1', ip: '10.12.14.222', os.name: 'Mac OS X', os.arch: 'x86_64', os.version: '10.10.2', java.version: '1.7.0_67'
Session ID: 4f54e5eb41d345bd0224c2c8d5369704
Driver info: io.appium.java_client.android.AndroidDriver
Capabilities [{platform=ANDROID, acceptSslCerts=true, javascriptEnabled=true, browserName=chrome, chrome={}, rotatable=false, locationContextEnabled=true, mobileEmulationEnabled=false, version=40.0.2214.109, takesHeapSnapshot=true, cssSelectorsEnabled=true, databaseEnabled=false, handlesAlerts=true, browserConnectionEnabled=false, nativeEvents=true, webStorageEnabled=true, applicationCacheEnabled=false, takesScreenshot=true}]
16 AbMobileNav: org.openqa.selenium.WebDriverException: An error occurred (WARNING: The server did not provide any stacktrace information)
Command duration or timeout: 10 milliseconds
Build info: version: '2.42.2', revision: '6a6995d31c7c56c340d6f45a76976d43506cd6cc', time: '2014-06-03 10:52:47'
System info: host: 'testrunner1', ip: '10.12.14.222', os.name: 'Mac OS X', os.arch: 'x86_64', os.version: '10.10.2', java.version: '1.7.0_67'
Session ID: 4f54e5eb41d345bd0224c2c8d5369704
Driver info: io.appium.java_client.android.AndroidDriver
Capabilities [{platform=ANDROID, acceptSslCerts=true, javascriptEnabled=true, browserName=chrome, chrome={}, rotatable=false, locationContextEnabled=true, mobileEmulationEnabled=false, version=40.0.2214.109, takesHeapSnapshot=true, cssSelectorsEnabled=true, databaseEnabled=false, handlesAlerts=true, browserConnectionEnabled=false, nativeEvents=true, webStorageEnabled=true, applicationCacheEnabled=false, takesScreenshot=true}]
>>>Compare to page title: konst | kultur | aftonbladet
clickLeftSubMenuItem MenuText: Kultur, and SubMenuText: Scen
17 AbMobileNav: org.openqa.selenium.WebDriverException: An error occurred (WARNING: The server did not provide any stacktrace information)
Command duration or timeout: 11 milliseconds
Build info: version: '2.42.2', revision: '6a6995d31c7c56c340d6f45a76976d43506cd6cc', time: '2014-06-03 10:52:47'
System info: host: 'testrunner1', ip: '10.12.14.222', os.name: 'Mac OS X', os.arch: 'x86_64', os.version: '10.10.2', java.version: '1.7.0_67'
Session ID: 4f54e5eb41d345bd0224c2c8d5369704
Driver info: io.appium.java_client.android.AndroidDriver
Capabilities [{platform=ANDROID, acceptSslCerts=true, javascriptEnabled=true, browserName=chrome, chrome={}, rotatable=false, locationContextEnabled=true, mobileEmulationEnabled=false, version=40.0.2214.109, takesHeapSnapshot=true, cssSelectorsEnabled=true, databaseEnabled=false, handlesAlerts=true, browserConnectionEnabled=false, nativeEvents=true, webStorageEnabled=true, applicationCacheEnabled=false, takesScreenshot=true}]
18 AbMobileNav: org.openqa.selenium.WebDriverException: An error occurred (WARNING: The server did not provide any stacktrace information)
Command duration or timeout: 16 milliseconds
Build info: version: '2.42.2', revision: '6a6995d31c7c56c340d6f45a76976d43506cd6cc', time: '2014-06-03 10:52:47'
System info: host: 'testrunner1', ip: '10.12.14.222', os.name: 'Mac OS X', os.arch: 'x86_64', os.version: '10.10.2', java.version: '1.7.0_67'
Session ID: 4f54e5eb41d345bd0224c2c8d5369704
Driver info: io.appium.java_client.android.AndroidDriver
Capabilities [{platform=ANDROID, acceptSslCerts=true, javascriptEnabled=true, browserName=chrome, chrome={}, rotatable=false, locationContextEnabled=true, mobileEmulationEnabled=false, version=40.0.2214.109, takesHeapSnapshot=true, cssSelectorsEnabled=true, databaseEnabled=false, handlesAlerts=true, browserConnectionEnabled=false, nativeEvents=true, webStorageEnabled=true, applicationCacheEnabled=false, takesScreenshot=true}]
19 AbMobileNav: org.openqa.selenium.WebDriverException: An error occurred (WARNING: The server did not provide any stacktrace information)
Command duration or timeout: 10 milliseconds
Build info: version: '2.42.2', revision: '6a6995d31c7c56c340d6f45a76976d43506cd6cc', time: '2014-06-03 10:52:47'
System info: host: 'testrunner1', ip: '10.12.14.222', os.name: 'Mac OS X', os.arch: 'x86_64', os.version: '10.10.2', java.version: '1.7.0_67'
Session ID: 4f54e5eb41d345bd0224c2c8d5369704
Driver info: io.appium.java_client.android.AndroidDriver
Capabilities [{platform=ANDROID, acceptSslCerts=true, javascriptEnabled=true, browserName=chrome, chrome={}, rotatable=false, locationContextEnabled=true, mobileEmulationEnabled=false, version=40.0.2214.109, takesHeapSnapshot=true, cssSelectorsEnabled=true, databaseEnabled=false, handlesAlerts=true, browserConnectionEnabled=false, nativeEvents=true, webStorageEnabled=true, applicationCacheEnabled=false, takesScreenshot=true}]
By: By.xpath: //*[@id='abTopMenuDynamic']/li/a[text()='Kolumnister']/../a[text()='Mer' and not(@disabled)]
]]></system-out>
  </testcase>
  <testcase name="goToColumnistsPage[Android_4.4.4_GT-I9305_Chrome_UNKNOWN]" classname="se.aftonbladet.abtest.tests.mobile.menu.AbMobileNavTest(20150220-010048)" time="10.347">
    <error message="chrome not reachable&#10;  (Session info: chrome=40.0.2214.109)&#10;  (Driver info: chromedriver=2.14.313457 (3d645c400edf2e2c500566c9aa096063e707c9cf),platform=Mac OS X 10.10.2 x86_64) (WARNING: The server did not provide any stacktrace information)&#10;Command duration or timeout: 10 milliseconds&#10;Build info: version: &apos;2.42.2&apos;, revision: &apos;6a6995d31c7c56c340d6f45a76976d43506cd6cc&apos;, time: &apos;2014-06-03 10:52:47&apos;&#10;System info: host: &apos;testrunner1&apos;, ip: &apos;10.12.14.222&apos;, os.name: &apos;Mac OS X&apos;, os.arch: &apos;x86_64&apos;, os.version: &apos;10.10.2&apos;, java.version: &apos;1.7.0_67&apos;&#10;Session ID: 4f54e5eb41d345bd0224c2c8d5369704&#10;Driver info: io.appium.java_client.android.AndroidDriver&#10;Capabilities [{platform=ANDROID, acceptSslCerts=true, javascriptEnabled=true, browserName=chrome, chrome={}, rotatable=false, locationContextEnabled=true, mobileEmulationEnabled=false, version=40.0.2214.109, takesHeapSnapshot=true, cssSelectorsEnabled=true, databaseEnabled=false, handlesAlerts=true, browserConnectionEnabled=false, nativeEvents=true, webStorageEnabled=true, applicationCacheEnabled=false, takesScreenshot=true}]" type="org.openqa.selenium.WebDriverException">org.openqa.selenium.WebDriverException: chrome not reachable
  (Session info: chrome=40.0.2214.109)
  (Driver info: chromedriver=2.14.313457 (3d645c400edf2e2c500566c9aa096063e707c9cf),platform=Mac OS X 10.10.2 x86_64) (WARNING: The server did not provide any stacktrace information)
Command duration or timeout: 10 milliseconds
Build info: version: '2.42.2', revision: '6a6995d31c7c56c340d6f45a76976d43506cd6cc', time: '2014-06-03 10:52:47'
System info: host: 'testrunner1', ip: '10.12.14.222', os.name: 'Mac OS X', os.arch: 'x86_64', os.version: '10.10.2', java.version: '1.7.0_67'
Session ID: 4f54e5eb41d345bd0224c2c8d5369704
Driver info: io.appium.java_client.android.AndroidDriver
Capabilities [{platform=ANDROID, acceptSslCerts=true, javascriptEnabled=true, browserName=chrome, chrome={}, rotatable=false, locationContextEnabled=true, mobileEmulationEnabled=false, version=40.0.2214.109, takesHeapSnapshot=true, cssSelectorsEnabled=true, databaseEnabled=false, handlesAlerts=true, browserConnectionEnabled=false, nativeEvents=true, webStorageEnabled=true, applicationCacheEnabled=false, takesScreenshot=true}]
	at sun.reflect.GeneratedConstructorAccessor11.newInstance(Unknown Source)
	at sun.reflect.DelegatingConstructorAccessorImpl.newInstance(DelegatingConstructorAccessorImpl.java:45)
	at java.lang.reflect.Constructor.newInstance(Constructor.java:526)
	at org.openqa.selenium.remote.ErrorHandler.createThrowable(ErrorHandler.java:204)
	at org.openqa.selenium.remote.ErrorHandler.throwIfResponseFailed(ErrorHandler.java:156)
	at org.openqa.selenium.remote.RemoteWebDriver.execute(RemoteWebDriver.java:599)
	at io.appium.java_client.AppiumDriver.execute(AppiumDriver.java:180)
	at io.appium.java_client.AppiumDriver.execute(AppiumDriver.java:185)
	at org.openqa.selenium.remote.RemoteWebDriver$RemoteWebDriverOptions.deleteAllCookies(RemoteWebDriver.java:685)
	at se.aftonbladet.abtest.tests.mobile.menu.AbMobileNavTest.setUp(AbMobileNavTest.java:74)
</error>
    <system-out><![CDATA[Driver: AndroidDriver: chrome on ANDROID (4f54e5eb41d345bd0224c2c8d5369704)
0 AbMobileNav: org.openqa.selenium.WebDriverException: An error occurred (WARNING: The server did not provide any stacktrace information)
Command duration or timeout: 8 milliseconds
Build info: version: '2.42.2', revision: '6a6995d31c7c56c340d6f45a76976d43506cd6cc', time: '2014-06-03 10:52:47'
System info: host: 'testrunner1', ip: '10.12.14.222', os.name: 'Mac OS X', os.arch: 'x86_64', os.version: '10.10.2', java.version: '1.7.0_67'
Session ID: 4f54e5eb41d345bd0224c2c8d5369704
Driver info: io.appium.java_client.android.AndroidDriver
Capabilities [{platform=ANDROID, acceptSslCerts=true, javascriptEnabled=true, browserName=chrome, chrome={}, rotatable=false, locationContextEnabled=true, mobileEmulationEnabled=false, version=40.0.2214.109, takesHeapSnapshot=true, cssSelectorsEnabled=true, databaseEnabled=false, handlesAlerts=true, browserConnectionEnabled=false, nativeEvents=true, webStorageEnabled=true, applicationCacheEnabled=false, takesScreenshot=true}]
1 AbMobileNav: org.openqa.selenium.WebDriverException: An error occurred (WARNING: The server did not provide any stacktrace information)
Command duration or timeout: 10 milliseconds
Build info: version: '2.42.2', revision: '6a6995d31c7c56c340d6f45a76976d43506cd6cc', time: '2014-06-03 10:52:47'
System info: host: 'testrunner1', ip: '10.12.14.222', os.name: 'Mac OS X', os.arch: 'x86_64', os.version: '10.10.2', java.version: '1.7.0_67'
Session ID: 4f54e5eb41d345bd0224c2c8d5369704
Driver info: io.appium.java_client.android.AndroidDriver
Capabilities [{platform=ANDROID, acceptSslCerts=true, javascriptEnabled=true, browserName=chrome, chrome={}, rotatable=false, locationContextEnabled=true, mobileEmulationEnabled=false, version=40.0.2214.109, takesHeapSnapshot=true, cssSelectorsEnabled=true, databaseEnabled=false, handlesAlerts=true, browserConnectionEnabled=false, nativeEvents=true, webStorageEnabled=true, applicationCacheEnabled=false, takesScreenshot=true}]
By: By.xpath: //*[@id='abTopMenuDynamic']/li/a[text()='Kultur']/../a[text()='Mer' and not(@disabled)]
2 AbMobileNav: org.openqa.selenium.WebDriverException: An error occurred (WARNING: The server did not provide any stacktrace information)
Command duration or timeout: 9 milliseconds
Build info: version: '2.42.2', revision: '6a6995d31c7c56c340d6f45a76976d43506cd6cc', time: '2014-06-03 10:52:47'
System info: host: 'testrunner1', ip: '10.12.14.222', os.name: 'Mac OS X', os.arch: 'x86_64', os.version: '10.10.2', java.version: '1.7.0_67'
Session ID: 4f54e5eb41d345bd0224c2c8d5369704
Driver info: io.appium.java_client.android.AndroidDriver
Capabilities [{platform=ANDROID, acceptSslCerts=true, javascriptEnabled=true, browserName=chrome, chrome={}, rotatable=false, locationContextEnabled=true, mobileEmulationEnabled=false, version=40.0.2214.109, takesHeapSnapshot=true, cssSelectorsEnabled=true, databaseEnabled=false, handlesAlerts=true, browserConnectionEnabled=false, nativeEvents=true, webStorageEnabled=true, applicationCacheEnabled=false, takesScreenshot=true}]
By: By.xpath: //*[@id='abTopMenuDynamic']/li/a[text()='Kolumnister']/../ul[@class='abMenuSub']/li/a[text()='Robert Aschberg' and not(@disabled)]
3 AbMobileNav: org.openqa.selenium.WebDriverException: An error occurred (WARNING: The server did not provide any stacktrace information)
Command duration or timeout: 11 milliseconds
Build info: version: '2.42.2', revision: '6a6995d31c7c56c340d6f45a76976d43506cd6cc', time: '2014-06-03 10:52:47'
System info: host: 'testrunner1', ip: '10.12.14.222', os.name: 'Mac OS X', os.arch: 'x86_64', os.version: '10.10.2', java.version: '1.7.0_67'
Session ID: 4f54e5eb41d345bd0224c2c8d5369704
Driver info: io.appium.java_client.android.AndroidDriver
Capabilities [{platform=ANDROID, acceptSslCerts=true, javascriptEnabled=true, browserName=chrome, chrome={}, rotatable=false, locationContextEnabled=true, mobileEmulationEnabled=false, version=40.0.2214.109, takesHeapSnapshot=true, cssSelectorsEnabled=true, databaseEnabled=false, handlesAlerts=true, browserConnectionEnabled=false, nativeEvents=true, webStorageEnabled=true, applicationCacheEnabled=false, takesScreenshot=true}]
By: By.xpath: //*[@id='abTopMenuDynamic']/li/a[text()='Kultur']/../ul[@class='abMenuSub']/li/a[text()='Scen' and not(@disabled)]
4 AbMobileNav: org.openqa.selenium.WebDriverException: An error occurred (WARNING: The server did not provide any stacktrace information)
Command duration or timeout: 10 milliseconds
Build info: version: '2.42.2', revision: '6a6995d31c7c56c340d6f45a76976d43506cd6cc', time: '2014-06-03 10:52:47'
System info: host: 'testrunner1', ip: '10.12.14.222', os.name: 'Mac OS X', os.arch: 'x86_64', os.version: '10.10.2', java.version: '1.7.0_67'
Session ID: 4f54e5eb41d345bd0224c2c8d5369704
Driver info: io.appium.java_client.android.AndroidDriver
Capabilities [{platform=ANDROID, acceptSslCerts=true, javascriptEnabled=true, browserName=chrome, chrome={}, rotatable=false, locationContextEnabled=true, mobileEmulationEnabled=false, version=40.0.2214.109, takesHeapSnapshot=true, cssSelectorsEnabled=true, databaseEnabled=false, handlesAlerts=true, browserConnectionEnabled=false, nativeEvents=true, webStorageEnabled=true, applicationCacheEnabled=false, takesScreenshot=true}]
5 AbMobileNav: org.openqa.selenium.WebDriverException: An error occurred (WARNING: The server did not provide any stacktrace information)
Command duration or timeout: 10 milliseconds
Build info: version: '2.42.2', revision: '6a6995d31c7c56c340d6f45a76976d43506cd6cc', time: '2014-06-03 10:52:47'
System info: host: 'testrunner1', ip: '10.12.14.222', os.name: 'Mac OS X', os.arch: 'x86_64', os.version: '10.10.2', java.version: '1.7.0_67'
Session ID: 4f54e5eb41d345bd0224c2c8d5369704
Driver info: io.appium.java_client.android.AndroidDriver
Capabilities [{platform=ANDROID, acceptSslCerts=true, javascriptEnabled=true, browserName=chrome, chrome={}, rotatable=false, locationContextEnabled=true, mobileEmulationEnabled=false, version=40.0.2214.109, takesHeapSnapshot=true, cssSelectorsEnabled=true, databaseEnabled=false, handlesAlerts=true, browserConnectionEnabled=false, nativeEvents=true, webStorageEnabled=true, applicationCacheEnabled=false, takesScreenshot=true}]
6 AbMobileNav: org.openqa.selenium.WebDriverException: An error occurred (WARNING: The server did not provide any stacktrace information)
Command duration or timeout: 9 milliseconds
Build info: version: '2.42.2', revision: '6a6995d31c7c56c340d6f45a76976d43506cd6cc', time: '2014-06-03 10:52:47'
System info: host: 'testrunner1', ip: '10.12.14.222', os.name: 'Mac OS X', os.arch: 'x86_64', os.version: '10.10.2', java.version: '1.7.0_67'
Session ID: 4f54e5eb41d345bd0224c2c8d5369704
Driver info: io.appium.java_client.android.AndroidDriver
Capabilities [{platform=ANDROID, acceptSslCerts=true, javascriptEnabled=true, browserName=chrome, chrome={}, rotatable=false, locationContextEnabled=true, mobileEmulationEnabled=false, version=40.0.2214.109, takesHeapSnapshot=true, cssSelectorsEnabled=true, databaseEnabled=false, handlesAlerts=true, browserConnectionEnabled=false, nativeEvents=true, webStorageEnabled=true, applicationCacheEnabled=false, takesScreenshot=true}]
Try to assert page title: Teater
7 AbMobileNav: org.openqa.selenium.WebDriverException: An error occurred (WARNING: The server did not provide any stacktrace information)
Command duration or timeout: 12 milliseconds
Build info: version: '2.42.2', revision: '6a6995d31c7c56c340d6f45a76976d43506cd6cc', time: '2014-06-03 10:52:47'
System info: host: 'testrunner1', ip: '10.12.14.222', os.name: 'Mac OS X', os.arch: 'x86_64', os.version: '10.10.2', java.version: '1.7.0_67'
Session ID: 4f54e5eb41d345bd0224c2c8d5369704
Driver info: io.appium.java_client.android.AndroidDriver
Capabilities [{platform=ANDROID, acceptSslCerts=true, javascriptEnabled=true, browserName=chrome, chrome={}, rotatable=false, locationContextEnabled=true, mobileEmulationEnabled=false, version=40.0.2214.109, takesHeapSnapshot=true, cssSelectorsEnabled=true, databaseEnabled=false, handlesAlerts=true, browserConnectionEnabled=false, nativeEvents=true, webStorageEnabled=true, applicationCacheEnabled=false, takesScreenshot=true}]
Try to assert page title: Aschberg
8 AbMobileNav: org.openqa.selenium.WebDriverException: An error occurred (WARNING: The server did not provide any stacktrace information)
Command duration or timeout: 12 milliseconds
Build info: version: '2.42.2', revision: '6a6995d31c7c56c340d6f45a76976d43506cd6cc', time: '2014-06-03 10:52:47'
System info: host: 'testrunner1', ip: '10.12.14.222', os.name: 'Mac OS X', os.arch: 'x86_64', os.version: '10.10.2', java.version: '1.7.0_67'
Session ID: 4f54e5eb41d345bd0224c2c8d5369704
Driver info: io.appium.java_client.android.AndroidDriver
Capabilities [{platform=ANDROID, acceptSslCerts=true, javascriptEnabled=true, browserName=chrome, chrome={}, rotatable=false, locationContextEnabled=true, mobileEmulationEnabled=false, version=40.0.2214.109, takesHeapSnapshot=true, cssSelectorsEnabled=true, databaseEnabled=false, handlesAlerts=true, browserConnectionEnabled=false, nativeEvents=true, webStorageEnabled=true, applicationCacheEnabled=false, takesScreenshot=true}]
9 AbMobileNav: org.openqa.selenium.WebDriverException: An error occurred (WARNING: The server did not provide any stacktrace information)
Command duration or timeout: 18 milliseconds
Build info: version: '2.42.2', revision: '6a6995d31c7c56c340d6f45a76976d43506cd6cc', time: '2014-06-03 10:52:47'
System info: host: 'testrunner1', ip: '10.12.14.222', os.name: 'Mac OS X', os.arch: 'x86_64', os.version: '10.10.2', java.version: '1.7.0_67'
Session ID: 4f54e5eb41d345bd0224c2c8d5369704
Driver info: io.appium.java_client.android.AndroidDriver
Capabilities [{platform=ANDROID, acceptSslCerts=true, javascriptEnabled=true, browserName=chrome, chrome={}, rotatable=false, locationContextEnabled=true, mobileEmulationEnabled=false, version=40.0.2214.109, takesHeapSnapshot=true, cssSelectorsEnabled=true, databaseEnabled=false, handlesAlerts=true, browserConnectionEnabled=false, nativeEvents=true, webStorageEnabled=true, applicationCacheEnabled=false, takesScreenshot=true}]
10 AbMobileNav: org.openqa.selenium.WebDriverException: An error occurred (WARNING: The server did not provide any stacktrace information)
Command duration or timeout: 9 milliseconds
Build info: version: '2.42.2', revision: '6a6995d31c7c56c340d6f45a76976d43506cd6cc', time: '2014-06-03 10:52:47'
System info: host: 'testrunner1', ip: '10.12.14.222', os.name: 'Mac OS X', os.arch: 'x86_64', os.version: '10.10.2', java.version: '1.7.0_67'
Session ID: 4f54e5eb41d345bd0224c2c8d5369704
Driver info: io.appium.java_client.android.AndroidDriver
Capabilities [{platform=ANDROID, acceptSslCerts=true, javascriptEnabled=true, browserName=chrome, chrome={}, rotatable=false, locationContextEnabled=true, mobileEmulationEnabled=false, version=40.0.2214.109, takesHeapSnapshot=true, cssSelectorsEnabled=true, databaseEnabled=false, handlesAlerts=true, browserConnectionEnabled=false, nativeEvents=true, webStorageEnabled=true, applicationCacheEnabled=false, takesScreenshot=true}]
>>>Compare to page title: teater | kultur | aftonbladet
clickLeftSubMenuItem MenuText: Kultur, and SubMenuText: Serier
>>>Compare to page title: robert aschberg | kolumnister | nyheter | aftonbladet
clickLeftSubMenuItem MenuText: Kolumnister, and SubMenuText: Lena Mellin
11 AbMobileNav: org.openqa.selenium.WebDriverException: An error occurred (WARNING: The server did not provide any stacktrace information)
Command duration or timeout: 10 milliseconds
Build info: version: '2.42.2', revision: '6a6995d31c7c56c340d6f45a76976d43506cd6cc', time: '2014-06-03 10:52:47'
System info: host: 'testrunner1', ip: '10.12.14.222', os.name: 'Mac OS X', os.arch: 'x86_64', os.version: '10.10.2', java.version: '1.7.0_67'
Session ID: 4f54e5eb41d345bd0224c2c8d5369704
Driver info: io.appium.java_client.android.AndroidDriver
Capabilities [{platform=ANDROID, acceptSslCerts=true, javascriptEnabled=true, browserName=chrome, chrome={}, rotatable=false, locationContextEnabled=true, mobileEmulationEnabled=false, version=40.0.2214.109, takesHeapSnapshot=true, cssSelectorsEnabled=true, databaseEnabled=false, handlesAlerts=true, browserConnectionEnabled=false, nativeEvents=true, webStorageEnabled=true, applicationCacheEnabled=false, takesScreenshot=true}]
12 AbMobileNav: org.openqa.selenium.WebDriverException: An error occurred (WARNING: The server did not provide any stacktrace information)
Command duration or timeout: 8 milliseconds
Build info: version: '2.42.2', revision: '6a6995d31c7c56c340d6f45a76976d43506cd6cc', time: '2014-06-03 10:52:47'
System info: host: 'testrunner1', ip: '10.12.14.222', os.name: 'Mac OS X', os.arch: 'x86_64', os.version: '10.10.2', java.version: '1.7.0_67'
Session ID: 4f54e5eb41d345bd0224c2c8d5369704
Driver info: io.appium.java_client.android.AndroidDriver
Capabilities [{platform=ANDROID, acceptSslCerts=true, javascriptEnabled=true, browserName=chrome, chrome={}, rotatable=false, locationContextEnabled=true, mobileEmulationEnabled=false, version=40.0.2214.109, takesHeapSnapshot=true, cssSelectorsEnabled=true, databaseEnabled=false, handlesAlerts=true, browserConnectionEnabled=false, nativeEvents=true, webStorageEnabled=true, applicationCacheEnabled=false, takesScreenshot=true}]
13 AbMobileNav: org.openqa.selenium.WebDriverException: An error occurred (WARNING: The server did not provide any stacktrace information)
Command duration or timeout: 10 milliseconds
Build info: version: '2.42.2', revision: '6a6995d31c7c56c340d6f45a76976d43506cd6cc', time: '2014-06-03 10:52:47'
System info: host: 'testrunner1', ip: '10.12.14.222', os.name: 'Mac OS X', os.arch: 'x86_64', os.version: '10.10.2', java.version: '1.7.0_67'
Session ID: 4f54e5eb41d345bd0224c2c8d5369704
Driver info: io.appium.java_client.android.AndroidDriver
Capabilities [{platform=ANDROID, acceptSslCerts=true, javascriptEnabled=true, browserName=chrome, chrome={}, rotatable=false, locationContextEnabled=true, mobileEmulationEnabled=false, version=40.0.2214.109, takesHeapSnapshot=true, cssSelectorsEnabled=true, databaseEnabled=false, handlesAlerts=true, browserConnectionEnabled=false, nativeEvents=true, webStorageEnabled=true, applicationCacheEnabled=false, takesScreenshot=true}]
By: By.xpath: //*[@id='abTopMenuDynamic']/li/a[text()='Kolumnister']/../a[text()='Mer' and not(@disabled)]
14 AbMobileNav: org.openqa.selenium.WebDriverException: An error occurred (WARNING: The server did not provide any stacktrace information)
Command duration or timeout: 10 milliseconds
Build info: version: '2.42.2', revision: '6a6995d31c7c56c340d6f45a76976d43506cd6cc', time: '2014-06-03 10:52:47'
System info: host: 'testrunner1', ip: '10.12.14.222', os.name: 'Mac OS X', os.arch: 'x86_64', os.version: '10.10.2', java.version: '1.7.0_67'
Session ID: 4f54e5eb41d345bd0224c2c8d5369704
Driver info: io.appium.java_client.android.AndroidDriver
Capabilities [{platform=ANDROID, acceptSslCerts=true, javascriptEnabled=true, browserName=chrome, chrome={}, rotatable=false, locationContextEnabled=true, mobileEmulationEnabled=false, version=40.0.2214.109, takesHeapSnapshot=true, cssSelectorsEnabled=true, databaseEnabled=false, handlesAlerts=true, browserConnectionEnabled=false, nativeEvents=true, webStorageEnabled=true, applicationCacheEnabled=false, takesScreenshot=true}]
By: By.xpath: //*[@id='abTopMenuDynamic']/li/a[text()='Kultur']/../a[text()='Mer' and not(@disabled)]
15 AbMobileNav: org.openqa.selenium.WebDriverException: An error occurred (WARNING: The server did not provide any stacktrace information)
Command duration or timeout: 9 milliseconds
Build info: version: '2.42.2', revision: '6a6995d31c7c56c340d6f45a76976d43506cd6cc', time: '2014-06-03 10:52:47'
System info: host: 'testrunner1', ip: '10.12.14.222', os.name: 'Mac OS X', os.arch: 'x86_64', os.version: '10.10.2', java.version: '1.7.0_67'
Session ID: 4f54e5eb41d345bd0224c2c8d5369704
Driver info: io.appium.java_client.android.AndroidDriver
Capabilities [{platform=ANDROID, acceptSslCerts=true, javascriptEnabled=true, browserName=chrome, chrome={}, rotatable=false, locationContextEnabled=true, mobileEmulationEnabled=false, version=40.0.2214.109, takesHeapSnapshot=true, cssSelectorsEnabled=true, databaseEnabled=false, handlesAlerts=true, browserConnectionEnabled=false, nativeEvents=true, webStorageEnabled=true, applicationCacheEnabled=false, takesScreenshot=true}]
16 AbMobileNav: org.openqa.selenium.WebDriverException: An error occurred (WARNING: The server did not provide any stacktrace information)
Command duration or timeout: 9 milliseconds
Build info: version: '2.42.2', revision: '6a6995d31c7c56c340d6f45a76976d43506cd6cc', time: '2014-06-03 10:52:47'
System info: host: 'testrunner1', ip: '10.12.14.222', os.name: 'Mac OS X', os.arch: 'x86_64', os.version: '10.10.2', java.version: '1.7.0_67'
Session ID: 4f54e5eb41d345bd0224c2c8d5369704
Driver info: io.appium.java_client.android.AndroidDriver
Capabilities [{platform=ANDROID, acceptSslCerts=true, javascriptEnabled=true, browserName=chrome, chrome={}, rotatable=false, locationContextEnabled=true, mobileEmulationEnabled=false, version=40.0.2214.109, takesHeapSnapshot=true, cssSelectorsEnabled=true, databaseEnabled=false, handlesAlerts=true, browserConnectionEnabled=false, nativeEvents=true, webStorageEnabled=true, applicationCacheEnabled=false, takesScreenshot=true}]
By: By.xpath: //*[@id='abTopMenuDynamic']/li/a[text()='Kolumnister']/../ul[@class='abMenuSub']/li/a[text()='Lena Mellin' and not(@disabled)]
By: By.xpath: //*[@id='abTopMenuDynamic']/li/a[text()='Kultur']/../ul[@class='abMenuSub']/li/a[text()='Serier' and not(@disabled)]
17 AbMobileNav: org.openqa.selenium.WebDriverException: An error occurred (WARNING: The server did not provide any stacktrace information)
Command duration or timeout: 10 milliseconds
Build info: version: '2.42.2', revision: '6a6995d31c7c56c340d6f45a76976d43506cd6cc', time: '2014-06-03 10:52:47'
System info: host: 'testrunner1', ip: '10.12.14.222', os.name: 'Mac OS X', os.arch: 'x86_64', os.version: '10.10.2', java.version: '1.7.0_67'
Session ID: 4f54e5eb41d345bd0224c2c8d5369704
Driver info: io.appium.java_client.android.AndroidDriver
Capabilities [{platform=ANDROID, acceptSslCerts=true, javascriptEnabled=true, browserName=chrome, chrome={}, rotatable=false, locationContextEnabled=true, mobileEmulationEnabled=false, version=40.0.2214.109, takesHeapSnapshot=true, cssSelectorsEnabled=true, databaseEnabled=false, handlesAlerts=true, browserConnectionEnabled=false, nativeEvents=true, webStorageEnabled=true, applicationCacheEnabled=false, takesScreenshot=true}]
18 AbMobileNav: org.openqa.selenium.WebDriverException: An error occurred (WARNING: The server did not provide any stacktrace information)
Command duration or timeout: 10 milliseconds
Build info: version: '2.42.2', revision: '6a6995d31c7c56c340d6f45a76976d43506cd6cc', time: '2014-06-03 10:52:47'
System info: host: 'testrunner1', ip: '10.12.14.222', os.name: 'Mac OS X', os.arch: 'x86_64', os.version: '10.10.2', java.version: '1.7.0_67'
Session ID: 4f54e5eb41d345bd0224c2c8d5369704
Driver info: io.appium.java_client.android.AndroidDriver
Capabilities [{platform=ANDROID, acceptSslCerts=true, javascriptEnabled=true, browserName=chrome, chrome={}, rotatable=false, locationContextEnabled=true, mobileEmulationEnabled=false, version=40.0.2214.109, takesHeapSnapshot=true, cssSelectorsEnabled=true, databaseEnabled=false, handlesAlerts=true, browserConnectionEnabled=false, nativeEvents=true, webStorageEnabled=true, applicationCacheEnabled=false, takesScreenshot=true}]
19 AbMobileNav: org.openqa.selenium.WebDriverException: An error occurred (WARNING: The server did not provide any stacktrace information)
Command duration or timeout: 13 milliseconds
Build info: version: '2.42.2', revision: '6a6995d31c7c56c340d6f45a76976d43506cd6cc', time: '2014-06-03 10:52:47'
System info: host: 'testrunner1', ip: '10.12.14.222', os.name: 'Mac OS X', os.arch: 'x86_64', os.version: '10.10.2', java.version: '1.7.0_67'
Session ID: 4f54e5eb41d345bd0224c2c8d5369704
Driver info: io.appium.java_client.android.AndroidDriver
Capabilities [{platform=ANDROID, acceptSslCerts=true, javascriptEnabled=true, browserName=chrome, chrome={}, rotatable=false, locationContextEnabled=true, mobileEmulationEnabled=false, version=40.0.2214.109, takesHeapSnapshot=true, cssSelectorsEnabled=true, databaseEnabled=false, handlesAlerts=true, browserConnectionEnabled=false, nativeEvents=true, webStorageEnabled=true, applicationCacheEnabled=false, takesScreenshot=true}]
Try to assert page title: Mellin
Try to assert page title: Serier
]]></system-out>
  </testcase>
  <testcase name="goToColumnistsSubPages[Android_4.4.4_SM-N910F_Chrome_UNKNOWN]" classname="se.aftonbladet.abtest.tests.mobile.menu.AbMobileNavTest(20150220-010048)" time="0.477"/>
  <testcase name="goToCultureSubPages[Android_4.4.2_GT-I9505_Chrome_UNKNOWN]" classname="se.aftonbladet.abtest.tests.mobile.menu.AbMobileNavTest(20150220-010048)" time="5.79"/>
  <testcase name="goToVisaMerSubPages[Android_4.4.4_GT-I9305_Chrome_UNKNOWN]" classname="se.aftonbladet.abtest.tests.mobile.menu.AbMobileNavTest(20150220-010048)" time="4.08">
    <error message="chrome not reachable&#10;  (Session info: chrome=40.0.2214.109)&#10;  (Driver info: chromedriver=2.14.313457 (3d645c400edf2e2c500566c9aa096063e707c9cf),platform=Mac OS X 10.10.2 x86_64) (WARNING: The server did not provide any stacktrace information)&#10;Command duration or timeout: 10 milliseconds&#10;Build info: version: &apos;2.42.2&apos;, revision: &apos;6a6995d31c7c56c340d6f45a76976d43506cd6cc&apos;, time: &apos;2014-06-03 10:52:47&apos;&#10;System info: host: &apos;testrunner1&apos;, ip: &apos;10.12.14.222&apos;, os.name: &apos;Mac OS X&apos;, os.arch: &apos;x86_64&apos;, os.version: &apos;10.10.2&apos;, java.version: &apos;1.7.0_67&apos;&#10;Session ID: 4f54e5eb41d345bd0224c2c8d5369704&#10;Driver info: io.appium.java_client.android.AndroidDriver&#10;Capabilities [{platform=ANDROID, acceptSslCerts=true, javascriptEnabled=true, browserName=chrome, chrome={}, rotatable=false, locationContextEnabled=true, mobileEmulationEnabled=false, version=40.0.2214.109, takesHeapSnapshot=true, cssSelectorsEnabled=true, databaseEnabled=false, handlesAlerts=true, browserConnectionEnabled=false, nativeEvents=true, webStorageEnabled=true, applicationCacheEnabled=false, takesScreenshot=true}]" type="org.openqa.selenium.WebDriverException">org.openqa.selenium.WebDriverException: chrome not reachable
  (Session info: chrome=40.0.2214.109)
  (Driver info: chromedriver=2.14.313457 (3d645c400edf2e2c500566c9aa096063e707c9cf),platform=Mac OS X 10.10.2 x86_64) (WARNING: The server did not provide any stacktrace information)
Command duration or timeout: 10 milliseconds
Build info: version: '2.42.2', revision: '6a6995d31c7c56c340d6f45a76976d43506cd6cc', time: '2014-06-03 10:52:47'
System info: host: 'testrunner1', ip: '10.12.14.222', os.name: 'Mac OS X', os.arch: 'x86_64', os.version: '10.10.2', java.version: '1.7.0_67'
Session ID: 4f54e5eb41d345bd0224c2c8d5369704
Driver info: io.appium.java_client.android.AndroidDriver
Capabilities [{platform=ANDROID, acceptSslCerts=true, javascriptEnabled=true, browserName=chrome, chrome={}, rotatable=false, locationContextEnabled=true, mobileEmulationEnabled=false, version=40.0.2214.109, takesHeapSnapshot=true, cssSelectorsEnabled=true, databaseEnabled=false, handlesAlerts=true, browserConnectionEnabled=false, nativeEvents=true, webStorageEnabled=true, applicationCacheEnabled=false, takesScreenshot=true}]
	at sun.reflect.GeneratedConstructorAccessor11.newInstance(Unknown Source)
	at sun.reflect.DelegatingConstructorAccessorImpl.newInstance(DelegatingConstructorAccessorImpl.java:45)
	at java.lang.reflect.Constructor.newInstance(Constructor.java:526)
	at org.openqa.selenium.remote.ErrorHandler.createThrowable(ErrorHandler.java:204)
	at org.openqa.selenium.remote.ErrorHandler.throwIfResponseFailed(ErrorHandler.java:156)
	at org.openqa.selenium.remote.RemoteWebDriver.execute(RemoteWebDriver.java:599)
	at io.appium.java_client.AppiumDriver.execute(AppiumDriver.java:180)
	at io.appium.java_client.AppiumDriver.execute(AppiumDriver.java:185)
	at org.openqa.selenium.remote.RemoteWebDriver$RemoteWebDriverOptions.deleteAllCookies(RemoteWebDriver.java:685)
	at se.aftonbladet.abtest.tests.mobile.menu.AbMobileNavTest.setUp(AbMobileNavTest.java:74)
</error>
    <system-out><![CDATA[Driver: AndroidDriver: chrome on ANDROID (f3af855fce0355d20b3a7a2ae43e932a)
13 AbMobileNav: org.openqa.selenium.WebDriverException: An error occurred (WARNING: The server did not provide any stacktrace information)
Command duration or timeout: 9 milliseconds
Build info: version: '2.42.2', revision: '6a6995d31c7c56c340d6f45a76976d43506cd6cc', time: '2014-06-03 10:52:47'
System info: host: 'testrunner1', ip: '10.12.14.222', os.name: 'Mac OS X', os.arch: 'x86_64', os.version: '10.10.2', java.version: '1.7.0_67'
Session ID: 4f54e5eb41d345bd0224c2c8d5369704
Driver info: io.appium.java_client.android.AndroidDriver
Capabilities [{platform=ANDROID, acceptSslCerts=true, javascriptEnabled=true, browserName=chrome, chrome={}, rotatable=false, locationContextEnabled=true, mobileEmulationEnabled=false, version=40.0.2214.109, takesHeapSnapshot=true, cssSelectorsEnabled=true, databaseEnabled=false, handlesAlerts=true, browserConnectionEnabled=false, nativeEvents=true, webStorageEnabled=true, applicationCacheEnabled=false, takesScreenshot=true}]
14 AbMobileNav: org.openqa.selenium.WebDriverException: An error occurred (WARNING: The server did not provide any stacktrace information)
Command duration or timeout: 9 milliseconds
Build info: version: '2.42.2', revision: '6a6995d31c7c56c340d6f45a76976d43506cd6cc', time: '2014-06-03 10:52:47'
System info: host: 'testrunner1', ip: '10.12.14.222', os.name: 'Mac OS X', os.arch: 'x86_64', os.version: '10.10.2', java.version: '1.7.0_67'
Session ID: 4f54e5eb41d345bd0224c2c8d5369704
Driver info: io.appium.java_client.android.AndroidDriver
Capabilities [{platform=ANDROID, acceptSslCerts=true, javascriptEnabled=true, browserName=chrome, chrome={}, rotatable=false, locationContextEnabled=true, mobileEmulationEnabled=false, version=40.0.2214.109, takesHeapSnapshot=true, cssSelectorsEnabled=true, databaseEnabled=false, handlesAlerts=true, browserConnectionEnabled=false, nativeEvents=true, webStorageEnabled=true, applicationCacheEnabled=false, takesScreenshot=true}]
15 AbMobileNav: org.openqa.selenium.WebDriverException: An error occurred (WARNING: The server did not provide any stacktrace information)
Command duration or timeout: 9 milliseconds
Build info: version: '2.42.2', revision: '6a6995d31c7c56c340d6f45a76976d43506cd6cc', time: '2014-06-03 10:52:47'
System info: host: 'testrunner1', ip: '10.12.14.222', os.name: 'Mac OS X', os.arch: 'x86_64', os.version: '10.10.2', java.version: '1.7.0_67'
Session ID: 4f54e5eb41d345bd0224c2c8d5369704
Driver info: io.appium.java_client.android.AndroidDriver
Capabilities [{platform=ANDROID, acceptSslCerts=true, javascriptEnabled=true, browserName=chrome, chrome={}, rotatable=false, locationContextEnabled=true, mobileEmulationEnabled=false, version=40.0.2214.109, takesHeapSnapshot=true, cssSelectorsEnabled=true, databaseEnabled=false, handlesAlerts=true, browserConnectionEnabled=false, nativeEvents=true, webStorageEnabled=true, applicationCacheEnabled=false, takesScreenshot=true}]
16 AbMobileNav: org.openqa.selenium.WebDriverException: An error occurred (WARNING: The server did not provide any stacktrace information)
Command duration or timeout: 9 milliseconds
Build info: version: '2.42.2', revision: '6a6995d31c7c56c340d6f45a76976d43506cd6cc', time: '2014-06-03 10:52:47'
System info: host: 'testrunner1', ip: '10.12.14.222', os.name: 'Mac OS X', os.arch: 'x86_64', os.version: '10.10.2', java.version: '1.7.0_67'
Session ID: 4f54e5eb41d345bd0224c2c8d5369704
Driver info: io.appium.java_client.android.AndroidDriver
Capabilities [{platform=ANDROID, acceptSslCerts=true, javascriptEnabled=true, browserName=chrome, chrome={}, rotatable=false, locationContextEnabled=true, mobileEmulationEnabled=false, version=40.0.2214.109, takesHeapSnapshot=true, cssSelectorsEnabled=true, databaseEnabled=false, handlesAlerts=true, browserConnectionEnabled=false, nativeEvents=true, webStorageEnabled=true, applicationCacheEnabled=false, takesScreenshot=true}]
17 AbMobileNav: org.openqa.selenium.WebDriverException: An error occurred (WARNING: The server did not provide any stacktrace information)
Command duration or timeout: 10 milliseconds
Build info: version: '2.42.2', revision: '6a6995d31c7c56c340d6f45a76976d43506cd6cc', time: '2014-06-03 10:52:47'
System info: host: 'testrunner1', ip: '10.12.14.222', os.name: 'Mac OS X', os.arch: 'x86_64', os.version: '10.10.2', java.version: '1.7.0_67'
Session ID: 4f54e5eb41d345bd0224c2c8d5369704
Driver info: io.appium.java_client.android.AndroidDriver
Capabilities [{platform=ANDROID, acceptSslCerts=true, javascriptEnabled=true, browserName=chrome, chrome={}, rotatable=false, locationContextEnabled=true, mobileEmulationEnabled=false, version=40.0.2214.109, takesHeapSnapshot=true, cssSelectorsEnabled=true, databaseEnabled=false, handlesAlerts=true, browserConnectionEnabled=false, nativeEvents=true, webStorageEnabled=true, applicationCacheEnabled=false, takesScreenshot=true}]
clickLeftSubMenuItem MenuText: Kultur, and SubMenuText: Böcker
18 AbMobileNav: org.openqa.selenium.WebDriverException: An error occurred (WARNING: The server did not provide any stacktrace information)
Command duration or timeout: 12 milliseconds
Build info: version: '2.42.2', revision: '6a6995d31c7c56c340d6f45a76976d43506cd6cc', time: '2014-06-03 10:52:47'
System info: host: 'testrunner1', ip: '10.12.14.222', os.name: 'Mac OS X', os.arch: 'x86_64', os.version: '10.10.2', java.version: '1.7.0_67'
Session ID: 4f54e5eb41d345bd0224c2c8d5369704
Driver info: io.appium.java_client.android.AndroidDriver
Capabilities [{platform=ANDROID, acceptSslCerts=true, javascriptEnabled=true, browserName=chrome, chrome={}, rotatable=false, locationContextEnabled=true, mobileEmulationEnabled=false, version=40.0.2214.109, takesHeapSnapshot=true, cssSelectorsEnabled=true, databaseEnabled=false, handlesAlerts=true, browserConnectionEnabled=false, nativeEvents=true, webStorageEnabled=true, applicationCacheEnabled=false, takesScreenshot=true}]
19 AbMobileNav: org.openqa.selenium.WebDriverException: An error occurred (WARNING: The server did not provide any stacktrace information)
Command duration or timeout: 9 milliseconds
Build info: version: '2.42.2', revision: '6a6995d31c7c56c340d6f45a76976d43506cd6cc', time: '2014-06-03 10:52:47'
System info: host: 'testrunner1', ip: '10.12.14.222', os.name: 'Mac OS X', os.arch: 'x86_64', os.version: '10.10.2', java.version: '1.7.0_67'
Session ID: 4f54e5eb41d345bd0224c2c8d5369704
Driver info: io.appium.java_client.android.AndroidDriver
Capabilities [{platform=ANDROID, acceptSslCerts=true, javascriptEnabled=true, browserName=chrome, chrome={}, rotatable=false, locationContextEnabled=true, mobileEmulationEnabled=false, version=40.0.2214.109, takesHeapSnapshot=true, cssSelectorsEnabled=true, databaseEnabled=false, handlesAlerts=true, browserConnectionEnabled=false, nativeEvents=true, webStorageEnabled=true, applicationCacheEnabled=false, takesScreenshot=true}]
]]></system-out>
  </testcase>
  <testcase name="goToAboutAftonbladetPage[Android_4.4.2_GT-I9505_Chrome_UNKNOWN]" classname="se.aftonbladet.abtest.tests.mobile.menu.AbMobileNavTest(20150220-010048)" time="6.759"/>
  <testcase name="goToCulturePage[Android_4.4.4_GT-I9305_Chrome_UNKNOWN]" classname="se.aftonbladet.abtest.tests.mobile.menu.AbMobileNavTest(20150220-010048)" time="3.572">
    <error message="chrome not reachable&#10;  (Session info: chrome=40.0.2214.109)&#10;  (Driver info: chromedriver=2.14.313457 (3d645c400edf2e2c500566c9aa096063e707c9cf),platform=Mac OS X 10.10.2 x86_64) (WARNING: The server did not provide any stacktrace information)&#10;Command duration or timeout: 8 milliseconds&#10;Build info: version: &apos;2.42.2&apos;, revision: &apos;6a6995d31c7c56c340d6f45a76976d43506cd6cc&apos;, time: &apos;2014-06-03 10:52:47&apos;&#10;System info: host: &apos;testrunner1&apos;, ip: &apos;10.12.14.222&apos;, os.name: &apos;Mac OS X&apos;, os.arch: &apos;x86_64&apos;, os.version: &apos;10.10.2&apos;, java.version: &apos;1.7.0_67&apos;&#10;Session ID: 4f54e5eb41d345bd0224c2c8d5369704&#10;Driver info: io.appium.java_client.android.AndroidDriver&#10;Capabilities [{platform=ANDROID, acceptSslCerts=true, javascriptEnabled=true, browserName=chrome, chrome={}, rotatable=false, locationContextEnabled=true, mobileEmulationEnabled=false, version=40.0.2214.109, takesHeapSnapshot=true, cssSelectorsEnabled=true, databaseEnabled=false, handlesAlerts=true, browserConnectionEnabled=false, nativeEvents=true, webStorageEnabled=true, applicationCacheEnabled=false, takesScreenshot=true}]" type="org.openqa.selenium.WebDriverException">org.openqa.selenium.WebDriverException: chrome not reachable
  (Session info: chrome=40.0.2214.109)
  (Driver info: chromedriver=2.14.313457 (3d645c400edf2e2c500566c9aa096063e707c9cf),platform=Mac OS X 10.10.2 x86_64) (WARNING: The server did not provide any stacktrace information)
Command duration or timeout: 8 milliseconds
Build info: version: '2.42.2', revision: '6a6995d31c7c56c340d6f45a76976d43506cd6cc', time: '2014-06-03 10:52:47'
System info: host: 'testrunner1', ip: '10.12.14.222', os.name: 'Mac OS X', os.arch: 'x86_64', os.version: '10.10.2', java.version: '1.7.0_67'
Session ID: 4f54e5eb41d345bd0224c2c8d5369704
Driver info: io.appium.java_client.android.AndroidDriver
Capabilities [{platform=ANDROID, acceptSslCerts=true, javascriptEnabled=true, browserName=chrome, chrome={}, rotatable=false, locationContextEnabled=true, mobileEmulationEnabled=false, version=40.0.2214.109, takesHeapSnapshot=true, cssSelectorsEnabled=true, databaseEnabled=false, handlesAlerts=true, browserConnectionEnabled=false, nativeEvents=true, webStorageEnabled=true, applicationCacheEnabled=false, takesScreenshot=true}]
	at sun.reflect.GeneratedConstructorAccessor11.newInstance(Unknown Source)
	at sun.reflect.DelegatingConstructorAccessorImpl.newInstance(DelegatingConstructorAccessorImpl.java:45)
	at java.lang.reflect.Constructor.newInstance(Constructor.java:526)
	at org.openqa.selenium.remote.ErrorHandler.createThrowable(ErrorHandler.java:204)
	at org.openqa.selenium.remote.ErrorHandler.throwIfResponseFailed(ErrorHandler.java:156)
	at org.openqa.selenium.remote.RemoteWebDriver.execute(RemoteWebDriver.java:599)
	at io.appium.java_client.AppiumDriver.execute(AppiumDriver.java:180)
	at io.appium.java_client.AppiumDriver.execute(AppiumDriver.java:185)
	at org.openqa.selenium.remote.RemoteWebDriver$RemoteWebDriverOptions.deleteAllCookies(RemoteWebDriver.java:685)
	at se.aftonbladet.abtest.tests.mobile.menu.AbMobileNavTest.setUp(AbMobileNavTest.java:74)
</error>
    <system-out><![CDATA[Driver: AndroidDriver: chrome on ANDROID (f3af855fce0355d20b3a7a2ae43e932a)
14 AbMobileNav: org.openqa.selenium.WebDriverException: An error occurred (WARNING: The server did not provide any stacktrace information)
Command duration or timeout: 9 milliseconds
Build info: version: '2.42.2', revision: '6a6995d31c7c56c340d6f45a76976d43506cd6cc', time: '2014-06-03 10:52:47'
System info: host: 'testrunner1', ip: '10.12.14.222', os.name: 'Mac OS X', os.arch: 'x86_64', os.version: '10.10.2', java.version: '1.7.0_67'
Session ID: 4f54e5eb41d345bd0224c2c8d5369704
Driver info: io.appium.java_client.android.AndroidDriver
Capabilities [{platform=ANDROID, acceptSslCerts=true, javascriptEnabled=true, browserName=chrome, chrome={}, rotatable=false, locationContextEnabled=true, mobileEmulationEnabled=false, version=40.0.2214.109, takesHeapSnapshot=true, cssSelectorsEnabled=true, databaseEnabled=false, handlesAlerts=true, browserConnectionEnabled=false, nativeEvents=true, webStorageEnabled=true, applicationCacheEnabled=false, takesScreenshot=true}]
15 AbMobileNav: org.openqa.selenium.WebDriverException: An error occurred (WARNING: The server did not provide any stacktrace information)
Command duration or timeout: 9 milliseconds
Build info: version: '2.42.2', revision: '6a6995d31c7c56c340d6f45a76976d43506cd6cc', time: '2014-06-03 10:52:47'
System info: host: 'testrunner1', ip: '10.12.14.222', os.name: 'Mac OS X', os.arch: 'x86_64', os.version: '10.10.2', java.version: '1.7.0_67'
Session ID: 4f54e5eb41d345bd0224c2c8d5369704
Driver info: io.appium.java_client.android.AndroidDriver
Capabilities [{platform=ANDROID, acceptSslCerts=true, javascriptEnabled=true, browserName=chrome, chrome={}, rotatable=false, locationContextEnabled=true, mobileEmulationEnabled=false, version=40.0.2214.109, takesHeapSnapshot=true, cssSelectorsEnabled=true, databaseEnabled=false, handlesAlerts=true, browserConnectionEnabled=false, nativeEvents=true, webStorageEnabled=true, applicationCacheEnabled=false, takesScreenshot=true}]
16 AbMobileNav: org.openqa.selenium.WebDriverException: An error occurred (WARNING: The server did not provide any stacktrace information)
Command duration or timeout: 10 milliseconds
Build info: version: '2.42.2', revision: '6a6995d31c7c56c340d6f45a76976d43506cd6cc', time: '2014-06-03 10:52:47'
System info: host: 'testrunner1', ip: '10.12.14.222', os.name: 'Mac OS X', os.arch: 'x86_64', os.version: '10.10.2', java.version: '1.7.0_67'
Session ID: 4f54e5eb41d345bd0224c2c8d5369704
Driver info: io.appium.java_client.android.AndroidDriver
Capabilities [{platform=ANDROID, acceptSslCerts=true, javascriptEnabled=true, browserName=chrome, chrome={}, rotatable=false, locationContextEnabled=true, mobileEmulationEnabled=false, version=40.0.2214.109, takesHeapSnapshot=true, cssSelectorsEnabled=true, databaseEnabled=false, handlesAlerts=true, browserConnectionEnabled=false, nativeEvents=true, webStorageEnabled=true, applicationCacheEnabled=false, takesScreenshot=true}]
17 AbMobileNav: org.openqa.selenium.WebDriverException: An error occurred (WARNING: The server did not provide any stacktrace information)
Command duration or timeout: 12 milliseconds
Build info: version: '2.42.2', revision: '6a6995d31c7c56c340d6f45a76976d43506cd6cc', time: '2014-06-03 10:52:47'
System info: host: 'testrunner1', ip: '10.12.14.222', os.name: 'Mac OS X', os.arch: 'x86_64', os.version: '10.10.2', java.version: '1.7.0_67'
Session ID: 4f54e5eb41d345bd0224c2c8d5369704
Driver info: io.appium.java_client.android.AndroidDriver
Capabilities [{platform=ANDROID, acceptSslCerts=true, javascriptEnabled=true, browserName=chrome, chrome={}, rotatable=false, locationContextEnabled=true, mobileEmulationEnabled=false, version=40.0.2214.109, takesHeapSnapshot=true, cssSelectorsEnabled=true, databaseEnabled=false, handlesAlerts=true, browserConnectionEnabled=false, nativeEvents=true, webStorageEnabled=true, applicationCacheEnabled=false, takesScreenshot=true}]
18 AbMobileNav: org.openqa.selenium.WebDriverException: An error occurred (WARNING: The server did not provide any stacktrace information)
Command duration or timeout: 8 milliseconds
Build info: version: '2.42.2', revision: '6a6995d31c7c56c340d6f45a76976d43506cd6cc', time: '2014-06-03 10:52:47'
System info: host: 'testrunner1', ip: '10.12.14.222', os.name: 'Mac OS X', os.arch: 'x86_64', os.version: '10.10.2', java.version: '1.7.0_67'
Session ID: 4f54e5eb41d345bd0224c2c8d5369704
Driver info: io.appium.java_client.android.AndroidDriver
Capabilities [{platform=ANDROID, acceptSslCerts=true, javascriptEnabled=true, browserName=chrome, chrome={}, rotatable=false, locationContextEnabled=true, mobileEmulationEnabled=false, version=40.0.2214.109, takesHeapSnapshot=true, cssSelectorsEnabled=true, databaseEnabled=false, handlesAlerts=true, browserConnectionEnabled=false, nativeEvents=true, webStorageEnabled=true, applicationCacheEnabled=false, takesScreenshot=true}]
By: By.xpath: //*[@id='abTopMenuDynamic']/li/a[text()='Kultur']/../a[text()='Mer' and not(@disabled)]
19 AbMobileNav: org.openqa.selenium.WebDriverException: An error occurred (WARNING: The server did not provide any stacktrace information)
Command duration or timeout: 9 milliseconds
Build info: version: '2.42.2', revision: '6a6995d31c7c56c340d6f45a76976d43506cd6cc', time: '2014-06-03 10:52:47'
System info: host: 'testrunner1', ip: '10.12.14.222', os.name: 'Mac OS X', os.arch: 'x86_64', os.version: '10.10.2', java.version: '1.7.0_67'
Session ID: 4f54e5eb41d345bd0224c2c8d5369704
Driver info: io.appium.java_client.android.AndroidDriver
Capabilities [{platform=ANDROID, acceptSslCerts=true, javascriptEnabled=true, browserName=chrome, chrome={}, rotatable=false, locationContextEnabled=true, mobileEmulationEnabled=false, version=40.0.2214.109, takesHeapSnapshot=true, cssSelectorsEnabled=true, databaseEnabled=false, handlesAlerts=true, browserConnectionEnabled=false, nativeEvents=true, webStorageEnabled=true, applicationCacheEnabled=false, takesScreenshot=true}]
]]></system-out>
  </testcase>
  <testcase name="goToBloggarPage[Android_4.4.2_GT-I9505_Chrome_UNKNOWN]" classname="se.aftonbladet.abtest.tests.mobile.menu.AbMobileNavTest(20150220-010048)" time="8.053"/>
  <testcase name="goToColumnistsSubPages[Android_4.4.4_GT-I9305_Chrome_UNKNOWN]" classname="se.aftonbladet.abtest.tests.mobile.menu.AbMobileNavTest(20150220-010048)" time="2.282">
    <error message="chrome not reachable&#10;  (Session info: chrome=40.0.2214.109)&#10;  (Driver info: chromedriver=2.14.313457 (3d645c400edf2e2c500566c9aa096063e707c9cf),platform=Mac OS X 10.10.2 x86_64) (WARNING: The server did not provide any stacktrace information)&#10;Command duration or timeout: 9 milliseconds&#10;Build info: version: &apos;2.42.2&apos;, revision: &apos;6a6995d31c7c56c340d6f45a76976d43506cd6cc&apos;, time: &apos;2014-06-03 10:52:47&apos;&#10;System info: host: &apos;testrunner1&apos;, ip: &apos;10.12.14.222&apos;, os.name: &apos;Mac OS X&apos;, os.arch: &apos;x86_64&apos;, os.version: &apos;10.10.2&apos;, java.version: &apos;1.7.0_67&apos;&#10;Session ID: 4f54e5eb41d345bd0224c2c8d5369704&#10;Driver info: io.appium.java_client.android.AndroidDriver&#10;Capabilities [{platform=ANDROID, acceptSslCerts=true, javascriptEnabled=true, browserName=chrome, chrome={}, rotatable=false, locationContextEnabled=true, mobileEmulationEnabled=false, version=40.0.2214.109, takesHeapSnapshot=true, cssSelectorsEnabled=true, databaseEnabled=false, handlesAlerts=true, browserConnectionEnabled=false, nativeEvents=true, webStorageEnabled=true, applicationCacheEnabled=false, takesScreenshot=true}]" type="org.openqa.selenium.WebDriverException">org.openqa.selenium.WebDriverException: chrome not reachable
  (Session info: chrome=40.0.2214.109)
  (Driver info: chromedriver=2.14.313457 (3d645c400edf2e2c500566c9aa096063e707c9cf),platform=Mac OS X 10.10.2 x86_64) (WARNING: The server did not provide any stacktrace information)
Command duration or timeout: 9 milliseconds
Build info: version: '2.42.2', revision: '6a6995d31c7c56c340d6f45a76976d43506cd6cc', time: '2014-06-03 10:52:47'
System info: host: 'testrunner1', ip: '10.12.14.222', os.name: 'Mac OS X', os.arch: 'x86_64', os.version: '10.10.2', java.version: '1.7.0_67'
Session ID: 4f54e5eb41d345bd0224c2c8d5369704
Driver info: io.appium.java_client.android.AndroidDriver
Capabilities [{platform=ANDROID, acceptSslCerts=true, javascriptEnabled=true, browserName=chrome, chrome={}, rotatable=false, locationContextEnabled=true, mobileEmulationEnabled=false, version=40.0.2214.109, takesHeapSnapshot=true, cssSelectorsEnabled=true, databaseEnabled=false, handlesAlerts=true, browserConnectionEnabled=false, nativeEvents=true, webStorageEnabled=true, applicationCacheEnabled=false, takesScreenshot=true}]
	at sun.reflect.GeneratedConstructorAccessor11.newInstance(Unknown Source)
	at sun.reflect.DelegatingConstructorAccessorImpl.newInstance(DelegatingConstructorAccessorImpl.java:45)
	at java.lang.reflect.Constructor.newInstance(Constructor.java:526)
	at org.openqa.selenium.remote.ErrorHandler.createThrowable(ErrorHandler.java:204)
	at org.openqa.selenium.remote.ErrorHandler.throwIfResponseFailed(ErrorHandler.java:156)
	at org.openqa.selenium.remote.RemoteWebDriver.execute(RemoteWebDriver.java:599)
	at io.appium.java_client.AppiumDriver.execute(AppiumDriver.java:180)
	at io.appium.java_client.AppiumDriver.execute(AppiumDriver.java:185)
	at org.openqa.selenium.remote.RemoteWebDriver$RemoteWebDriverOptions.deleteAllCookies(RemoteWebDriver.java:685)
	at se.aftonbladet.abtest.tests.mobile.menu.AbMobileNavTest.setUp(AbMobileNavTest.java:74)
</error>
    <system-out><![CDATA[Driver: AndroidDriver: chrome on ANDROID (f3af855fce0355d20b3a7a2ae43e932a)
By: By.xpath: //*[@id='abTopMenuDynamic']/li/a[text()='Kultur']/../ul[@class='abMenuSub']/li/a[text()='Scen' and not(@disabled)]
16 AbMobileNav: org.openqa.selenium.WebDriverException: An error occurred (WARNING: The server did not provide any stacktrace information)
Command duration or timeout: 9 milliseconds
Build info: version: '2.42.2', revision: '6a6995d31c7c56c340d6f45a76976d43506cd6cc', time: '2014-06-03 10:52:47'
System info: host: 'testrunner1', ip: '10.12.14.222', os.name: 'Mac OS X', os.arch: 'x86_64', os.version: '10.10.2', java.version: '1.7.0_67'
Session ID: 4f54e5eb41d345bd0224c2c8d5369704
Driver info: io.appium.java_client.android.AndroidDriver
Capabilities [{platform=ANDROID, acceptSslCerts=true, javascriptEnabled=true, browserName=chrome, chrome={}, rotatable=false, locationContextEnabled=true, mobileEmulationEnabled=false, version=40.0.2214.109, takesHeapSnapshot=true, cssSelectorsEnabled=true, databaseEnabled=false, handlesAlerts=true, browserConnectionEnabled=false, nativeEvents=true, webStorageEnabled=true, applicationCacheEnabled=false, takesScreenshot=true}]
17 AbMobileNav: org.openqa.selenium.WebDriverException: An error occurred (WARNING: The server did not provide any stacktrace information)
Command duration or timeout: 8 milliseconds
Build info: version: '2.42.2', revision: '6a6995d31c7c56c340d6f45a76976d43506cd6cc', time: '2014-06-03 10:52:47'
System info: host: 'testrunner1', ip: '10.12.14.222', os.name: 'Mac OS X', os.arch: 'x86_64', os.version: '10.10.2', java.version: '1.7.0_67'
Session ID: 4f54e5eb41d345bd0224c2c8d5369704
Driver info: io.appium.java_client.android.AndroidDriver
Capabilities [{platform=ANDROID, acceptSslCerts=true, javascriptEnabled=true, browserName=chrome, chrome={}, rotatable=false, locationContextEnabled=true, mobileEmulationEnabled=false, version=40.0.2214.109, takesHeapSnapshot=true, cssSelectorsEnabled=true, databaseEnabled=false, handlesAlerts=true, browserConnectionEnabled=false, nativeEvents=true, webStorageEnabled=true, applicationCacheEnabled=false, takesScreenshot=true}]
18 AbMobileNav: org.openqa.selenium.WebDriverException: An error occurred (WARNING: The server did not provide any stacktrace information)
Command duration or timeout: 9 milliseconds
Build info: version: '2.42.2', revision: '6a6995d31c7c56c340d6f45a76976d43506cd6cc', time: '2014-06-03 10:52:47'
System info: host: 'testrunner1', ip: '10.12.14.222', os.name: 'Mac OS X', os.arch: 'x86_64', os.version: '10.10.2', java.version: '1.7.0_67'
Session ID: 4f54e5eb41d345bd0224c2c8d5369704
Driver info: io.appium.java_client.android.AndroidDriver
Capabilities [{platform=ANDROID, acceptSslCerts=true, javascriptEnabled=true, browserName=chrome, chrome={}, rotatable=false, locationContextEnabled=true, mobileEmulationEnabled=false, version=40.0.2214.109, takesHeapSnapshot=true, cssSelectorsEnabled=true, databaseEnabled=false, handlesAlerts=true, browserConnectionEnabled=false, nativeEvents=true, webStorageEnabled=true, applicationCacheEnabled=false, takesScreenshot=true}]
Try to assert page title: Teater
19 AbMobileNav: org.openqa.selenium.WebDriverException: An error occurred (WARNING: The server did not provide any stacktrace information)
Command duration or timeout: 7 milliseconds
Build info: version: '2.42.2', revision: '6a6995d31c7c56c340d6f45a76976d43506cd6cc', time: '2014-06-03 10:52:47'
System info: host: 'testrunner1', ip: '10.12.14.222', os.name: 'Mac OS X', os.arch: 'x86_64', os.version: '10.10.2', java.version: '1.7.0_67'
Session ID: 4f54e5eb41d345bd0224c2c8d5369704
Driver info: io.appium.java_client.android.AndroidDriver
Capabilities [{platform=ANDROID, acceptSslCerts=true, javascriptEnabled=true, browserName=chrome, chrome={}, rotatable=false, locationContextEnabled=true, mobileEmulationEnabled=false, version=40.0.2214.109, takesHeapSnapshot=true, cssSelectorsEnabled=true, databaseEnabled=false, handlesAlerts=true, browserConnectionEnabled=false, nativeEvents=true, webStorageEnabled=true, applicationCacheEnabled=false, takesScreenshot=true}]
]]></system-out>
  </testcase>
  <testcase name="goToCultureSubPages[Android_4.4.4_GT-I9305_Chrome_UNKNOWN]" classname="se.aftonbladet.abtest.tests.mobile.menu.AbMobileNavTest(20150220-010048)" time="10.334">
    <error message="chrome not reachable&#10;  (Session info: chrome=40.0.2214.109)&#10;  (Driver info: chromedriver=2.14.313457 (3d645c400edf2e2c500566c9aa096063e707c9cf),platform=Mac OS X 10.10.2 x86_64) (WARNING: The server did not provide any stacktrace information)&#10;Command duration or timeout: 9 milliseconds&#10;Build info: version: &apos;2.42.2&apos;, revision: &apos;6a6995d31c7c56c340d6f45a76976d43506cd6cc&apos;, time: &apos;2014-06-03 10:52:47&apos;&#10;System info: host: &apos;testrunner1&apos;, ip: &apos;10.12.14.222&apos;, os.name: &apos;Mac OS X&apos;, os.arch: &apos;x86_64&apos;, os.version: &apos;10.10.2&apos;, java.version: &apos;1.7.0_67&apos;&#10;Session ID: 4f54e5eb41d345bd0224c2c8d5369704&#10;Driver info: io.appium.java_client.android.AndroidDriver&#10;Capabilities [{platform=ANDROID, acceptSslCerts=true, javascriptEnabled=true, browserName=chrome, chrome={}, rotatable=false, locationContextEnabled=true, mobileEmulationEnabled=false, version=40.0.2214.109, takesHeapSnapshot=true, cssSelectorsEnabled=true, databaseEnabled=false, handlesAlerts=true, browserConnectionEnabled=false, nativeEvents=true, webStorageEnabled=true, applicationCacheEnabled=false, takesScreenshot=true}]" type="org.openqa.selenium.WebDriverException">org.openqa.selenium.WebDriverException: chrome not reachable
  (Session info: chrome=40.0.2214.109)
  (Driver info: chromedriver=2.14.313457 (3d645c400edf2e2c500566c9aa096063e707c9cf),platform=Mac OS X 10.10.2 x86_64) (WARNING: The server did not provide any stacktrace information)
Command duration or timeout: 9 milliseconds
Build info: version: '2.42.2', revision: '6a6995d31c7c56c340d6f45a76976d43506cd6cc', time: '2014-06-03 10:52:47'
System info: host: 'testrunner1', ip: '10.12.14.222', os.name: 'Mac OS X', os.arch: 'x86_64', os.version: '10.10.2', java.version: '1.7.0_67'
Session ID: 4f54e5eb41d345bd0224c2c8d5369704
Driver info: io.appium.java_client.android.AndroidDriver
Capabilities [{platform=ANDROID, acceptSslCerts=true, javascriptEnabled=true, browserName=chrome, chrome={}, rotatable=false, locationContextEnabled=true, mobileEmulationEnabled=false, version=40.0.2214.109, takesHeapSnapshot=true, cssSelectorsEnabled=true, databaseEnabled=false, handlesAlerts=true, browserConnectionEnabled=false, nativeEvents=true, webStorageEnabled=true, applicationCacheEnabled=false, takesScreenshot=true}]
	at sun.reflect.GeneratedConstructorAccessor11.newInstance(Unknown Source)
	at sun.reflect.DelegatingConstructorAccessorImpl.newInstance(DelegatingConstructorAccessorImpl.java:45)
	at java.lang.reflect.Constructor.newInstance(Constructor.java:526)
	at org.openqa.selenium.remote.ErrorHandler.createThrowable(ErrorHandler.java:204)
	at org.openqa.selenium.remote.ErrorHandler.throwIfResponseFailed(ErrorHandler.java:156)
	at org.openqa.selenium.remote.RemoteWebDriver.execute(RemoteWebDriver.java:599)
	at io.appium.java_client.AppiumDriver.execute(AppiumDriver.java:180)
	at io.appium.java_client.AppiumDriver.execute(AppiumDriver.java:185)
	at org.openqa.selenium.remote.RemoteWebDriver$RemoteWebDriverOptions.deleteAllCookies(RemoteWebDriver.java:685)
	at se.aftonbladet.abtest.tests.mobile.menu.AbMobileNavTest.setUp(AbMobileNavTest.java:74)
</error>
    <system-out><![CDATA[Driver: AndroidDriver: chrome on ANDROID (4f54e5eb41d345bd0224c2c8d5369704)
0 AbMobileNav: org.openqa.selenium.WebDriverException: An error occurred (WARNING: The server did not provide any stacktrace information)
Command duration or timeout: 9 milliseconds
Build info: version: '2.42.2', revision: '6a6995d31c7c56c340d6f45a76976d43506cd6cc', time: '2014-06-03 10:52:47'
System info: host: 'testrunner1', ip: '10.12.14.222', os.name: 'Mac OS X', os.arch: 'x86_64', os.version: '10.10.2', java.version: '1.7.0_67'
Session ID: 4f54e5eb41d345bd0224c2c8d5369704
Driver info: io.appium.java_client.android.AndroidDriver
Capabilities [{platform=ANDROID, acceptSslCerts=true, javascriptEnabled=true, browserName=chrome, chrome={}, rotatable=false, locationContextEnabled=true, mobileEmulationEnabled=false, version=40.0.2214.109, takesHeapSnapshot=true, cssSelectorsEnabled=true, databaseEnabled=false, handlesAlerts=true, browserConnectionEnabled=false, nativeEvents=true, webStorageEnabled=true, applicationCacheEnabled=false, takesScreenshot=true}]
1 AbMobileNav: org.openqa.selenium.WebDriverException: An error occurred (WARNING: The server did not provide any stacktrace information)
Command duration or timeout: 9 milliseconds
Build info: version: '2.42.2', revision: '6a6995d31c7c56c340d6f45a76976d43506cd6cc', time: '2014-06-03 10:52:47'
System info: host: 'testrunner1', ip: '10.12.14.222', os.name: 'Mac OS X', os.arch: 'x86_64', os.version: '10.10.2', java.version: '1.7.0_67'
Session ID: 4f54e5eb41d345bd0224c2c8d5369704
Driver info: io.appium.java_client.android.AndroidDriver
Capabilities [{platform=ANDROID, acceptSslCerts=true, javascriptEnabled=true, browserName=chrome, chrome={}, rotatable=false, locationContextEnabled=true, mobileEmulationEnabled=false, version=40.0.2214.109, takesHeapSnapshot=true, cssSelectorsEnabled=true, databaseEnabled=false, handlesAlerts=true, browserConnectionEnabled=false, nativeEvents=true, webStorageEnabled=true, applicationCacheEnabled=false, takesScreenshot=true}]
2 AbMobileNav: org.openqa.selenium.WebDriverException: An error occurred (WARNING: The server did not provide any stacktrace information)
Command duration or timeout: 8 milliseconds
Build info: version: '2.42.2', revision: '6a6995d31c7c56c340d6f45a76976d43506cd6cc', time: '2014-06-03 10:52:47'
System info: host: 'testrunner1', ip: '10.12.14.222', os.name: 'Mac OS X', os.arch: 'x86_64', os.version: '10.10.2', java.version: '1.7.0_67'
Session ID: 4f54e5eb41d345bd0224c2c8d5369704
Driver info: io.appium.java_client.android.AndroidDriver
Capabilities [{platform=ANDROID, acceptSslCerts=true, javascriptEnabled=true, browserName=chrome, chrome={}, rotatable=false, locationContextEnabled=true, mobileEmulationEnabled=false, version=40.0.2214.109, takesHeapSnapshot=true, cssSelectorsEnabled=true, databaseEnabled=false, handlesAlerts=true, browserConnectionEnabled=false, nativeEvents=true, webStorageEnabled=true, applicationCacheEnabled=false, takesScreenshot=true}]
>>>Compare to page title: teater | kultur | aftonbladet
clickLeftSubMenuItem MenuText: Kultur, and SubMenuText: Serier
3 AbMobileNav: org.openqa.selenium.WebDriverException: An error occurred (WARNING: The server did not provide any stacktrace information)
Command duration or timeout: 10 milliseconds
Build info: version: '2.42.2', revision: '6a6995d31c7c56c340d6f45a76976d43506cd6cc', time: '2014-06-03 10:52:47'
System info: host: 'testrunner1', ip: '10.12.14.222', os.name: 'Mac OS X', os.arch: 'x86_64', os.version: '10.10.2', java.version: '1.7.0_67'
Session ID: 4f54e5eb41d345bd0224c2c8d5369704
Driver info: io.appium.java_client.android.AndroidDriver
Capabilities [{platform=ANDROID, acceptSslCerts=true, javascriptEnabled=true, browserName=chrome, chrome={}, rotatable=false, locationContextEnabled=true, mobileEmulationEnabled=false, version=40.0.2214.109, takesHeapSnapshot=true, cssSelectorsEnabled=true, databaseEnabled=false, handlesAlerts=true, browserConnectionEnabled=false, nativeEvents=true, webStorageEnabled=true, applicationCacheEnabled=false, takesScreenshot=true}]
4 AbMobileNav: org.openqa.selenium.WebDriverException: An error occurred (WARNING: The server did not provide any stacktrace information)
Command duration or timeout: 10 milliseconds
Build info: version: '2.42.2', revision: '6a6995d31c7c56c340d6f45a76976d43506cd6cc', time: '2014-06-03 10:52:47'
System info: host: 'testrunner1', ip: '10.12.14.222', os.name: 'Mac OS X', os.arch: 'x86_64', os.version: '10.10.2', java.version: '1.7.0_67'
Session ID: 4f54e5eb41d345bd0224c2c8d5369704
Driver info: io.appium.java_client.android.AndroidDriver
Capabilities [{platform=ANDROID, acceptSslCerts=true, javascriptEnabled=true, browserName=chrome, chrome={}, rotatable=false, locationContextEnabled=true, mobileEmulationEnabled=false, version=40.0.2214.109, takesHeapSnapshot=true, cssSelectorsEnabled=true, databaseEnabled=false, handlesAlerts=true, browserConnectionEnabled=false, nativeEvents=true, webStorageEnabled=true, applicationCacheEnabled=false, takesScreenshot=true}]
5 AbMobileNav: org.openqa.selenium.WebDriverException: An error occurred (WARNING: The server did not provide any stacktrace information)
Command duration or timeout: 10 milliseconds
Build info: version: '2.42.2', revision: '6a6995d31c7c56c340d6f45a76976d43506cd6cc', time: '2014-06-03 10:52:47'
System info: host: 'testrunner1', ip: '10.12.14.222', os.name: 'Mac OS X', os.arch: 'x86_64', os.version: '10.10.2', java.version: '1.7.0_67'
Session ID: 4f54e5eb41d345bd0224c2c8d5369704
Driver info: io.appium.java_client.android.AndroidDriver
Capabilities [{platform=ANDROID, acceptSslCerts=true, javascriptEnabled=true, browserName=chrome, chrome={}, rotatable=false, locationContextEnabled=true, mobileEmulationEnabled=false, version=40.0.2214.109, takesHeapSnapshot=true, cssSelectorsEnabled=true, databaseEnabled=false, handlesAlerts=true, browserConnectionEnabled=false, nativeEvents=true, webStorageEnabled=true, applicationCacheEnabled=false, takesScreenshot=true}]
6 AbMobileNav: org.openqa.selenium.WebDriverException: An error occurred (WARNING: The server did not provide any stacktrace information)
Command duration or timeout: 8 milliseconds
Build info: version: '2.42.2', revision: '6a6995d31c7c56c340d6f45a76976d43506cd6cc', time: '2014-06-03 10:52:47'
System info: host: 'testrunner1', ip: '10.12.14.222', os.name: 'Mac OS X', os.arch: 'x86_64', os.version: '10.10.2', java.version: '1.7.0_67'
Session ID: 4f54e5eb41d345bd0224c2c8d5369704
Driver info: io.appium.java_client.android.AndroidDriver
Capabilities [{platform=ANDROID, acceptSslCerts=true, javascriptEnabled=true, browserName=chrome, chrome={}, rotatable=false, locationContextEnabled=true, mobileEmulationEnabled=false, version=40.0.2214.109, takesHeapSnapshot=true, cssSelectorsEnabled=true, databaseEnabled=false, handlesAlerts=true, browserConnectionEnabled=false, nativeEvents=true, webStorageEnabled=true, applicationCacheEnabled=false, takesScreenshot=true}]
7 AbMobileNav: org.openqa.selenium.WebDriverException: An error occurred (WARNING: The server did not provide any stacktrace information)
Command duration or timeout: 9 milliseconds
Build info: version: '2.42.2', revision: '6a6995d31c7c56c340d6f45a76976d43506cd6cc', time: '2014-06-03 10:52:47'
System info: host: 'testrunner1', ip: '10.12.14.222', os.name: 'Mac OS X', os.arch: 'x86_64', os.version: '10.10.2', java.version: '1.7.0_67'
Session ID: 4f54e5eb41d345bd0224c2c8d5369704
Driver info: io.appium.java_client.android.AndroidDriver
Capabilities [{platform=ANDROID, acceptSslCerts=true, javascriptEnabled=true, browserName=chrome, chrome={}, rotatable=false, locationContextEnabled=true, mobileEmulationEnabled=false, version=40.0.2214.109, takesHeapSnapshot=true, cssSelectorsEnabled=true, databaseEnabled=false, handlesAlerts=true, browserConnectionEnabled=false, nativeEvents=true, webStorageEnabled=true, applicationCacheEnabled=false, takesScreenshot=true}]
By: By.xpath: //*[@id='abTopMenuDynamic']/li/a[text()='Kultur']/../a[text()='Mer' and not(@disabled)]
8 AbMobileNav: org.openqa.selenium.WebDriverException: An error occurred (WARNING: The server did not provide any stacktrace information)
Command duration or timeout: 10 milliseconds
Build info: version: '2.42.2', revision: '6a6995d31c7c56c340d6f45a76976d43506cd6cc', time: '2014-06-03 10:52:47'
System info: host: 'testrunner1', ip: '10.12.14.222', os.name: 'Mac OS X', os.arch: 'x86_64', os.version: '10.10.2', java.version: '1.7.0_67'
Session ID: 4f54e5eb41d345bd0224c2c8d5369704
Driver info: io.appium.java_client.android.AndroidDriver
Capabilities [{platform=ANDROID, acceptSslCerts=true, javascriptEnabled=true, browserName=chrome, chrome={}, rotatable=false, locationContextEnabled=true, mobileEmulationEnabled=false, version=40.0.2214.109, takesHeapSnapshot=true, cssSelectorsEnabled=true, databaseEnabled=false, handlesAlerts=true, browserConnectionEnabled=false, nativeEvents=true, webStorageEnabled=true, applicationCacheEnabled=false, takesScreenshot=true}]
9 AbMobileNav: org.openqa.selenium.WebDriverException: An error occurred (WARNING: The server did not provide any stacktrace information)
Command duration or timeout: 9 milliseconds
Build info: version: '2.42.2', revision: '6a6995d31c7c56c340d6f45a76976d43506cd6cc', time: '2014-06-03 10:52:47'
System info: host: 'testrunner1', ip: '10.12.14.222', os.name: 'Mac OS X', os.arch: 'x86_64', os.version: '10.10.2', java.version: '1.7.0_67'
Session ID: 4f54e5eb41d345bd0224c2c8d5369704
Driver info: io.appium.java_client.android.AndroidDriver
Capabilities [{platform=ANDROID, acceptSslCerts=true, javascriptEnabled=true, browserName=chrome, chrome={}, rotatable=false, locationContextEnabled=true, mobileEmulationEnabled=false, version=40.0.2214.109, takesHeapSnapshot=true, cssSelectorsEnabled=true, databaseEnabled=false, handlesAlerts=true, browserConnectionEnabled=false, nativeEvents=true, webStorageEnabled=true, applicationCacheEnabled=false, takesScreenshot=true}]
10 AbMobileNav: org.openqa.selenium.WebDriverException: An error occurred (WARNING: The server did not provide any stacktrace information)
Command duration or timeout: 8 milliseconds
Build info: version: '2.42.2', revision: '6a6995d31c7c56c340d6f45a76976d43506cd6cc', time: '2014-06-03 10:52:47'
System info: host: 'testrunner1', ip: '10.12.14.222', os.name: 'Mac OS X', os.arch: 'x86_64', os.version: '10.10.2', java.version: '1.7.0_67'
Session ID: 4f54e5eb41d345bd0224c2c8d5369704
Driver info: io.appium.java_client.android.AndroidDriver
Capabilities [{platform=ANDROID, acceptSslCerts=true, javascriptEnabled=true, browserName=chrome, chrome={}, rotatable=false, locationContextEnabled=true, mobileEmulationEnabled=false, version=40.0.2214.109, takesHeapSnapshot=true, cssSelectorsEnabled=true, databaseEnabled=false, handlesAlerts=true, browserConnectionEnabled=false, nativeEvents=true, webStorageEnabled=true, applicationCacheEnabled=false, takesScreenshot=true}]
By: By.xpath: //*[@id='abTopMenuDynamic']/li/a[text()='Kultur']/../ul[@class='abMenuSub']/li/a[text()='Serier' and not(@disabled)]
11 AbMobileNav: org.openqa.selenium.WebDriverException: An error occurred (WARNING: The server did not provide any stacktrace information)
Command duration or timeout: 10 milliseconds
Build info: version: '2.42.2', revision: '6a6995d31c7c56c340d6f45a76976d43506cd6cc', time: '2014-06-03 10:52:47'
System info: host: 'testrunner1', ip: '10.12.14.222', os.name: 'Mac OS X', os.arch: 'x86_64', os.version: '10.10.2', java.version: '1.7.0_67'
Session ID: 4f54e5eb41d345bd0224c2c8d5369704
Driver info: io.appium.java_client.android.AndroidDriver
Capabilities [{platform=ANDROID, acceptSslCerts=true, javascriptEnabled=true, browserName=chrome, chrome={}, rotatable=false, locationContextEnabled=true, mobileEmulationEnabled=false, version=40.0.2214.109, takesHeapSnapshot=true, cssSelectorsEnabled=true, databaseEnabled=false, handlesAlerts=true, browserConnectionEnabled=false, nativeEvents=true, webStorageEnabled=true, applicationCacheEnabled=false, takesScreenshot=true}]
By: By.xpath: //*[@id='abTopMenuDynamic']/li/a[text()='TV' and not(@disabled)]
12 AbMobileNav: org.openqa.selenium.WebDriverException: An error occurred (WARNING: The server did not provide any stacktrace information)
Command duration or timeout: 9 milliseconds
Build info: version: '2.42.2', revision: '6a6995d31c7c56c340d6f45a76976d43506cd6cc', time: '2014-06-03 10:52:47'
System info: host: 'testrunner1', ip: '10.12.14.222', os.name: 'Mac OS X', os.arch: 'x86_64', os.version: '10.10.2', java.version: '1.7.0_67'
Session ID: 4f54e5eb41d345bd0224c2c8d5369704
Driver info: io.appium.java_client.android.AndroidDriver
Capabilities [{platform=ANDROID, acceptSslCerts=true, javascriptEnabled=true, browserName=chrome, chrome={}, rotatable=false, locationContextEnabled=true, mobileEmulationEnabled=false, version=40.0.2214.109, takesHeapSnapshot=true, cssSelectorsEnabled=true, databaseEnabled=false, handlesAlerts=true, browserConnectionEnabled=false, nativeEvents=true, webStorageEnabled=true, applicationCacheEnabled=false, takesScreenshot=true}]
13 AbMobileNav: org.openqa.selenium.WebDriverException: An error occurred (WARNING: The server did not provide any stacktrace information)
Command duration or timeout: 9 milliseconds
Build info: version: '2.42.2', revision: '6a6995d31c7c56c340d6f45a76976d43506cd6cc', time: '2014-06-03 10:52:47'
System info: host: 'testrunner1', ip: '10.12.14.222', os.name: 'Mac OS X', os.arch: 'x86_64', os.version: '10.10.2', java.version: '1.7.0_67'
Session ID: 4f54e5eb41d345bd0224c2c8d5369704
Driver info: io.appium.java_client.android.AndroidDriver
Capabilities [{platform=ANDROID, acceptSslCerts=true, javascriptEnabled=true, browserName=chrome, chrome={}, rotatable=false, locationContextEnabled=true, mobileEmulationEnabled=false, version=40.0.2214.109, takesHeapSnapshot=true, cssSelectorsEnabled=true, databaseEnabled=false, handlesAlerts=true, browserConnectionEnabled=false, nativeEvents=true, webStorageEnabled=true, applicationCacheEnabled=false, takesScreenshot=true}]
Try to assert page title: Serier
14 AbMobileNav: org.openqa.selenium.WebDriverException: An error occurred (WARNING: The server did not provide any stacktrace information)
Command duration or timeout: 8 milliseconds
Build info: version: '2.42.2', revision: '6a6995d31c7c56c340d6f45a76976d43506cd6cc', time: '2014-06-03 10:52:47'
System info: host: 'testrunner1', ip: '10.12.14.222', os.name: 'Mac OS X', os.arch: 'x86_64', os.version: '10.10.2', java.version: '1.7.0_67'
Session ID: 4f54e5eb41d345bd0224c2c8d5369704
Driver info: io.appium.java_client.android.AndroidDriver
Capabilities [{platform=ANDROID, acceptSslCerts=true, javascriptEnabled=true, browserName=chrome, chrome={}, rotatable=false, locationContextEnabled=true, mobileEmulationEnabled=false, version=40.0.2214.109, takesHeapSnapshot=true, cssSelectorsEnabled=true, databaseEnabled=false, handlesAlerts=true, browserConnectionEnabled=false, nativeEvents=true, webStorageEnabled=true, applicationCacheEnabled=false, takesScreenshot=true}]
15 AbMobileNav: org.openqa.selenium.WebDriverException: An error occurred (WARNING: The server did not provide any stacktrace information)
Command duration or timeout: 10 milliseconds
Build info: version: '2.42.2', revision: '6a6995d31c7c56c340d6f45a76976d43506cd6cc', time: '2014-06-03 10:52:47'
System info: host: 'testrunner1', ip: '10.12.14.222', os.name: 'Mac OS X', os.arch: 'x86_64', os.version: '10.10.2', java.version: '1.7.0_67'
Session ID: 4f54e5eb41d345bd0224c2c8d5369704
Driver info: io.appium.java_client.android.AndroidDriver
Capabilities [{platform=ANDROID, acceptSslCerts=true, javascriptEnabled=true, browserName=chrome, chrome={}, rotatable=false, locationContextEnabled=true, mobileEmulationEnabled=false, version=40.0.2214.109, takesHeapSnapshot=true, cssSelectorsEnabled=true, databaseEnabled=false, handlesAlerts=true, browserConnectionEnabled=false, nativeEvents=true, webStorageEnabled=true, applicationCacheEnabled=false, takesScreenshot=true}]
16 AbMobileNav: org.openqa.selenium.WebDriverException: An error occurred (WARNING: The server did not provide any stacktrace information)
Command duration or timeout: 10 milliseconds
Build info: version: '2.42.2', revision: '6a6995d31c7c56c340d6f45a76976d43506cd6cc', time: '2014-06-03 10:52:47'
System info: host: 'testrunner1', ip: '10.12.14.222', os.name: 'Mac OS X', os.arch: 'x86_64', os.version: '10.10.2', java.version: '1.7.0_67'
Session ID: 4f54e5eb41d345bd0224c2c8d5369704
Driver info: io.appium.java_client.android.AndroidDriver
Capabilities [{platform=ANDROID, acceptSslCerts=true, javascriptEnabled=true, browserName=chrome, chrome={}, rotatable=false, locationContextEnabled=true, mobileEmulationEnabled=false, version=40.0.2214.109, takesHeapSnapshot=true, cssSelectorsEnabled=true, databaseEnabled=false, handlesAlerts=true, browserConnectionEnabled=false, nativeEvents=true, webStorageEnabled=true, applicationCacheEnabled=false, takesScreenshot=true}]
17 AbMobileNav: org.openqa.selenium.WebDriverException: An error occurred (WARNING: The server did not provide any stacktrace information)
Command duration or timeout: 10 milliseconds
Build info: version: '2.42.2', revision: '6a6995d31c7c56c340d6f45a76976d43506cd6cc', time: '2014-06-03 10:52:47'
System info: host: 'testrunner1', ip: '10.12.14.222', os.name: 'Mac OS X', os.arch: 'x86_64', os.version: '10.10.2', java.version: '1.7.0_67'
Session ID: 4f54e5eb41d345bd0224c2c8d5369704
Driver info: io.appium.java_client.android.AndroidDriver
Capabilities [{platform=ANDROID, acceptSslCerts=true, javascriptEnabled=true, browserName=chrome, chrome={}, rotatable=false, locationContextEnabled=true, mobileEmulationEnabled=false, version=40.0.2214.109, takesHeapSnapshot=true, cssSelectorsEnabled=true, databaseEnabled=false, handlesAlerts=true, browserConnectionEnabled=false, nativeEvents=true, webStorageEnabled=true, applicationCacheEnabled=false, takesScreenshot=true}]
>>>Compare to page title: serier | kultur | aftonbladet
clickLeftSubMenuItem MenuText: Kultur, and SubMenuText: Åsa Linderborg
18 AbMobileNav: org.openqa.selenium.WebDriverException: An error occurred (WARNING: The server did not provide any stacktrace information)
Command duration or timeout: 9 milliseconds
Build info: version: '2.42.2', revision: '6a6995d31c7c56c340d6f45a76976d43506cd6cc', time: '2014-06-03 10:52:47'
System info: host: 'testrunner1', ip: '10.12.14.222', os.name: 'Mac OS X', os.arch: 'x86_64', os.version: '10.10.2', java.version: '1.7.0_67'
Session ID: 4f54e5eb41d345bd0224c2c8d5369704
Driver info: io.appium.java_client.android.AndroidDriver
Capabilities [{platform=ANDROID, acceptSslCerts=true, javascriptEnabled=true, browserName=chrome, chrome={}, rotatable=false, locationContextEnabled=true, mobileEmulationEnabled=false, version=40.0.2214.109, takesHeapSnapshot=true, cssSelectorsEnabled=true, databaseEnabled=false, handlesAlerts=true, browserConnectionEnabled=false, nativeEvents=true, webStorageEnabled=true, applicationCacheEnabled=false, takesScreenshot=true}]
19 AbMobileNav: org.openqa.selenium.WebDriverException: An error occurred (WARNING: The server did not provide any stacktrace information)
Command duration or timeout: 10 milliseconds
Build info: version: '2.42.2', revision: '6a6995d31c7c56c340d6f45a76976d43506cd6cc', time: '2014-06-03 10:52:47'
System info: host: 'testrunner1', ip: '10.12.14.222', os.name: 'Mac OS X', os.arch: 'x86_64', os.version: '10.10.2', java.version: '1.7.0_67'
Session ID: 4f54e5eb41d345bd0224c2c8d5369704
Driver info: io.appium.java_client.android.AndroidDriver
Capabilities [{platform=ANDROID, acceptSslCerts=true, javascriptEnabled=true, browserName=chrome, chrome={}, rotatable=false, locationContextEnabled=true, mobileEmulationEnabled=false, version=40.0.2214.109, takesHeapSnapshot=true, cssSelectorsEnabled=true, databaseEnabled=false, handlesAlerts=true, browserConnectionEnabled=false, nativeEvents=true, webStorageEnabled=true, applicationCacheEnabled=false, takesScreenshot=true}]
]]></system-out>
  </testcase>
  <testcase name="goToTvPage[Android_4.4.2_GT-I9505_Chrome_UNKNOWN]" classname="se.aftonbladet.abtest.tests.mobile.menu.AbMobileNavTest(20150220-010048)" time="2.941"/>
  <testcase name="goToCultureSubPages[Android_4.4.4_SM-N910F_Chrome_UNKNOWN]" classname="se.aftonbladet.abtest.tests.mobile.menu.AbMobileNavTest(20150220-010048)" time="1.769"/>
  <testcase name="goToAboutAftonbladetPage[Android_4.4.4_GT-I9305_Chrome_UNKNOWN]" classname="se.aftonbladet.abtest.tests.mobile.menu.AbMobileNavTest(20150220-010048)" time="5.633">
    <error message="chrome not reachable&#10;  (Session info: chrome=40.0.2214.109)&#10;  (Driver info: chromedriver=2.14.313457 (3d645c400edf2e2c500566c9aa096063e707c9cf),platform=Mac OS X 10.10.2 x86_64) (WARNING: The server did not provide any stacktrace information)&#10;Command duration or timeout: 12 milliseconds&#10;Build info: version: &apos;2.42.2&apos;, revision: &apos;6a6995d31c7c56c340d6f45a76976d43506cd6cc&apos;, time: &apos;2014-06-03 10:52:47&apos;&#10;System info: host: &apos;testrunner1&apos;, ip: &apos;10.12.14.222&apos;, os.name: &apos;Mac OS X&apos;, os.arch: &apos;x86_64&apos;, os.version: &apos;10.10.2&apos;, java.version: &apos;1.7.0_67&apos;&#10;Session ID: 4f54e5eb41d345bd0224c2c8d5369704&#10;Driver info: io.appium.java_client.android.AndroidDriver&#10;Capabilities [{platform=ANDROID, acceptSslCerts=true, javascriptEnabled=true, browserName=chrome, chrome={}, rotatable=false, locationContextEnabled=true, mobileEmulationEnabled=false, version=40.0.2214.109, takesHeapSnapshot=true, cssSelectorsEnabled=true, databaseEnabled=false, handlesAlerts=true, browserConnectionEnabled=false, nativeEvents=true, webStorageEnabled=true, applicationCacheEnabled=false, takesScreenshot=true}]" type="org.openqa.selenium.WebDriverException">org.openqa.selenium.WebDriverException: chrome not reachable
  (Session info: chrome=40.0.2214.109)
  (Driver info: chromedriver=2.14.313457 (3d645c400edf2e2c500566c9aa096063e707c9cf),platform=Mac OS X 10.10.2 x86_64) (WARNING: The server did not provide any stacktrace information)
Command duration or timeout: 12 milliseconds
Build info: version: '2.42.2', revision: '6a6995d31c7c56c340d6f45a76976d43506cd6cc', time: '2014-06-03 10:52:47'
System info: host: 'testrunner1', ip: '10.12.14.222', os.name: 'Mac OS X', os.arch: 'x86_64', os.version: '10.10.2', java.version: '1.7.0_67'
Session ID: 4f54e5eb41d345bd0224c2c8d5369704
Driver info: io.appium.java_client.android.AndroidDriver
Capabilities [{platform=ANDROID, acceptSslCerts=true, javascriptEnabled=true, browserName=chrome, chrome={}, rotatable=false, locationContextEnabled=true, mobileEmulationEnabled=false, version=40.0.2214.109, takesHeapSnapshot=true, cssSelectorsEnabled=true, databaseEnabled=false, handlesAlerts=true, browserConnectionEnabled=false, nativeEvents=true, webStorageEnabled=true, applicationCacheEnabled=false, takesScreenshot=true}]
	at sun.reflect.GeneratedConstructorAccessor11.newInstance(Unknown Source)
	at sun.reflect.DelegatingConstructorAccessorImpl.newInstance(DelegatingConstructorAccessorImpl.java:45)
	at java.lang.reflect.Constructor.newInstance(Constructor.java:526)
	at org.openqa.selenium.remote.ErrorHandler.createThrowable(ErrorHandler.java:204)
	at org.openqa.selenium.remote.ErrorHandler.throwIfResponseFailed(ErrorHandler.java:156)
	at org.openqa.selenium.remote.RemoteWebDriver.execute(RemoteWebDriver.java:599)
	at io.appium.java_client.AppiumDriver.execute(AppiumDriver.java:180)
	at io.appium.java_client.AppiumDriver.execute(AppiumDriver.java:185)
	at org.openqa.selenium.remote.RemoteWebDriver$RemoteWebDriverOptions.deleteAllCookies(RemoteWebDriver.java:685)
	at se.aftonbladet.abtest.tests.mobile.menu.AbMobileNavTest.setUp(AbMobileNavTest.java:74)
</error>
    <system-out><![CDATA[Driver: AndroidDriver: chrome on ANDROID (6e1713ba84a9d7f3fd110c7b00b3aa46)
10 AbMobileNav: org.openqa.selenium.WebDriverException: An error occurred (WARNING: The server did not provide any stacktrace information)
Command duration or timeout: 9 milliseconds
Build info: version: '2.42.2', revision: '6a6995d31c7c56c340d6f45a76976d43506cd6cc', time: '2014-06-03 10:52:47'
System info: host: 'testrunner1', ip: '10.12.14.222', os.name: 'Mac OS X', os.arch: 'x86_64', os.version: '10.10.2', java.version: '1.7.0_67'
Session ID: 4f54e5eb41d345bd0224c2c8d5369704
Driver info: io.appium.java_client.android.AndroidDriver
Capabilities [{platform=ANDROID, acceptSslCerts=true, javascriptEnabled=true, browserName=chrome, chrome={}, rotatable=false, locationContextEnabled=true, mobileEmulationEnabled=false, version=40.0.2214.109, takesHeapSnapshot=true, cssSelectorsEnabled=true, databaseEnabled=false, handlesAlerts=true, browserConnectionEnabled=false, nativeEvents=true, webStorageEnabled=true, applicationCacheEnabled=false, takesScreenshot=true}]
11 AbMobileNav: org.openqa.selenium.WebDriverException: An error occurred (WARNING: The server did not provide any stacktrace information)
Command duration or timeout: 9 milliseconds
Build info: version: '2.42.2', revision: '6a6995d31c7c56c340d6f45a76976d43506cd6cc', time: '2014-06-03 10:52:47'
System info: host: 'testrunner1', ip: '10.12.14.222', os.name: 'Mac OS X', os.arch: 'x86_64', os.version: '10.10.2', java.version: '1.7.0_67'
Session ID: 4f54e5eb41d345bd0224c2c8d5369704
Driver info: io.appium.java_client.android.AndroidDriver
Capabilities [{platform=ANDROID, acceptSslCerts=true, javascriptEnabled=true, browserName=chrome, chrome={}, rotatable=false, locationContextEnabled=true, mobileEmulationEnabled=false, version=40.0.2214.109, takesHeapSnapshot=true, cssSelectorsEnabled=true, databaseEnabled=false, handlesAlerts=true, browserConnectionEnabled=false, nativeEvents=true, webStorageEnabled=true, applicationCacheEnabled=false, takesScreenshot=true}]
12 AbMobileNav: org.openqa.selenium.WebDriverException: An error occurred (WARNING: The server did not provide any stacktrace information)
Command duration or timeout: 10 milliseconds
Build info: version: '2.42.2', revision: '6a6995d31c7c56c340d6f45a76976d43506cd6cc', time: '2014-06-03 10:52:47'
System info: host: 'testrunner1', ip: '10.12.14.222', os.name: 'Mac OS X', os.arch: 'x86_64', os.version: '10.10.2', java.version: '1.7.0_67'
Session ID: 4f54e5eb41d345bd0224c2c8d5369704
Driver info: io.appium.java_client.android.AndroidDriver
Capabilities [{platform=ANDROID, acceptSslCerts=true, javascriptEnabled=true, browserName=chrome, chrome={}, rotatable=false, locationContextEnabled=true, mobileEmulationEnabled=false, version=40.0.2214.109, takesHeapSnapshot=true, cssSelectorsEnabled=true, databaseEnabled=false, handlesAlerts=true, browserConnectionEnabled=false, nativeEvents=true, webStorageEnabled=true, applicationCacheEnabled=false, takesScreenshot=true}]
13 AbMobileNav: org.openqa.selenium.WebDriverException: An error occurred (WARNING: The server did not provide any stacktrace information)
Command duration or timeout: 8 milliseconds
Build info: version: '2.42.2', revision: '6a6995d31c7c56c340d6f45a76976d43506cd6cc', time: '2014-06-03 10:52:47'
System info: host: 'testrunner1', ip: '10.12.14.222', os.name: 'Mac OS X', os.arch: 'x86_64', os.version: '10.10.2', java.version: '1.7.0_67'
Session ID: 4f54e5eb41d345bd0224c2c8d5369704
Driver info: io.appium.java_client.android.AndroidDriver
Capabilities [{platform=ANDROID, acceptSslCerts=true, javascriptEnabled=true, browserName=chrome, chrome={}, rotatable=false, locationContextEnabled=true, mobileEmulationEnabled=false, version=40.0.2214.109, takesHeapSnapshot=true, cssSelectorsEnabled=true, databaseEnabled=false, handlesAlerts=true, browserConnectionEnabled=false, nativeEvents=true, webStorageEnabled=true, applicationCacheEnabled=false, takesScreenshot=true}]
14 AbMobileNav: org.openqa.selenium.WebDriverException: An error occurred (WARNING: The server did not provide any stacktrace information)
Command duration or timeout: 9 milliseconds
Build info: version: '2.42.2', revision: '6a6995d31c7c56c340d6f45a76976d43506cd6cc', time: '2014-06-03 10:52:47'
System info: host: 'testrunner1', ip: '10.12.14.222', os.name: 'Mac OS X', os.arch: 'x86_64', os.version: '10.10.2', java.version: '1.7.0_67'
Session ID: 4f54e5eb41d345bd0224c2c8d5369704
Driver info: io.appium.java_client.android.AndroidDriver
Capabilities [{platform=ANDROID, acceptSslCerts=true, javascriptEnabled=true, browserName=chrome, chrome={}, rotatable=false, locationContextEnabled=true, mobileEmulationEnabled=false, version=40.0.2214.109, takesHeapSnapshot=true, cssSelectorsEnabled=true, databaseEnabled=false, handlesAlerts=true, browserConnectionEnabled=false, nativeEvents=true, webStorageEnabled=true, applicationCacheEnabled=false, takesScreenshot=true}]
15 AbMobileNav: org.openqa.selenium.WebDriverException: An error occurred (WARNING: The server did not provide any stacktrace information)
Command duration or timeout: 10 milliseconds
Build info: version: '2.42.2', revision: '6a6995d31c7c56c340d6f45a76976d43506cd6cc', time: '2014-06-03 10:52:47'
System info: host: 'testrunner1', ip: '10.12.14.222', os.name: 'Mac OS X', os.arch: 'x86_64', os.version: '10.10.2', java.version: '1.7.0_67'
Session ID: 4f54e5eb41d345bd0224c2c8d5369704
Driver info: io.appium.java_client.android.AndroidDriver
Capabilities [{platform=ANDROID, acceptSslCerts=true, javascriptEnabled=true, browserName=chrome, chrome={}, rotatable=false, locationContextEnabled=true, mobileEmulationEnabled=false, version=40.0.2214.109, takesHeapSnapshot=true, cssSelectorsEnabled=true, databaseEnabled=false, handlesAlerts=true, browserConnectionEnabled=false, nativeEvents=true, webStorageEnabled=true, applicationCacheEnabled=false, takesScreenshot=true}]
16 AbMobileNav: org.openqa.selenium.WebDriverException: An error occurred (WARNING: The server did not provide any stacktrace information)
Command duration or timeout: 9 milliseconds
Build info: version: '2.42.2', revision: '6a6995d31c7c56c340d6f45a76976d43506cd6cc', time: '2014-06-03 10:52:47'
System info: host: 'testrunner1', ip: '10.12.14.222', os.name: 'Mac OS X', os.arch: 'x86_64', os.version: '10.10.2', java.version: '1.7.0_67'
Session ID: 4f54e5eb41d345bd0224c2c8d5369704
Driver info: io.appium.java_client.android.AndroidDriver
Capabilities [{platform=ANDROID, acceptSslCerts=true, javascriptEnabled=true, browserName=chrome, chrome={}, rotatable=false, locationContextEnabled=true, mobileEmulationEnabled=false, version=40.0.2214.109, takesHeapSnapshot=true, cssSelectorsEnabled=true, databaseEnabled=false, handlesAlerts=true, browserConnectionEnabled=false, nativeEvents=true, webStorageEnabled=true, applicationCacheEnabled=false, takesScreenshot=true}]
17 AbMobileNav: org.openqa.selenium.WebDriverException: An error occurred (WARNING: The server did not provide any stacktrace information)
Command duration or timeout: 22 milliseconds
Build info: version: '2.42.2', revision: '6a6995d31c7c56c340d6f45a76976d43506cd6cc', time: '2014-06-03 10:52:47'
System info: host: 'testrunner1', ip: '10.12.14.222', os.name: 'Mac OS X', os.arch: 'x86_64', os.version: '10.10.2', java.version: '1.7.0_67'
Session ID: 4f54e5eb41d345bd0224c2c8d5369704
Driver info: io.appium.java_client.android.AndroidDriver
Capabilities [{platform=ANDROID, acceptSslCerts=true, javascriptEnabled=true, browserName=chrome, chrome={}, rotatable=false, locationContextEnabled=true, mobileEmulationEnabled=false, version=40.0.2214.109, takesHeapSnapshot=true, cssSelectorsEnabled=true, databaseEnabled=false, handlesAlerts=true, browserConnectionEnabled=false, nativeEvents=true, webStorageEnabled=true, applicationCacheEnabled=false, takesScreenshot=true}]
clickLeftMenuItem pMenuText: Ledare
18 AbMobileNav: org.openqa.selenium.WebDriverException: An error occurred (WARNING: The server did not provide any stacktrace information)
Command duration or timeout: 15 milliseconds
Build info: version: '2.42.2', revision: '6a6995d31c7c56c340d6f45a76976d43506cd6cc', time: '2014-06-03 10:52:47'
System info: host: 'testrunner1', ip: '10.12.14.222', os.name: 'Mac OS X', os.arch: 'x86_64', os.version: '10.10.2', java.version: '1.7.0_67'
Session ID: 4f54e5eb41d345bd0224c2c8d5369704
Driver info: io.appium.java_client.android.AndroidDriver
Capabilities [{platform=ANDROID, acceptSslCerts=true, javascriptEnabled=true, browserName=chrome, chrome={}, rotatable=false, locationContextEnabled=true, mobileEmulationEnabled=false, version=40.0.2214.109, takesHeapSnapshot=true, cssSelectorsEnabled=true, databaseEnabled=false, handlesAlerts=true, browserConnectionEnabled=false, nativeEvents=true, webStorageEnabled=true, applicationCacheEnabled=false, takesScreenshot=true}]
19 AbMobileNav: org.openqa.selenium.WebDriverException: An error occurred (WARNING: The server did not provide any stacktrace information)
Command duration or timeout: 11 milliseconds
Build info: version: '2.42.2', revision: '6a6995d31c7c56c340d6f45a76976d43506cd6cc', time: '2014-06-03 10:52:47'
System info: host: 'testrunner1', ip: '10.12.14.222', os.name: 'Mac OS X', os.arch: 'x86_64', os.version: '10.10.2', java.version: '1.7.0_67'
Session ID: 4f54e5eb41d345bd0224c2c8d5369704
Driver info: io.appium.java_client.android.AndroidDriver
Capabilities [{platform=ANDROID, acceptSslCerts=true, javascriptEnabled=true, browserName=chrome, chrome={}, rotatable=false, locationContextEnabled=true, mobileEmulationEnabled=false, version=40.0.2214.109, takesHeapSnapshot=true, cssSelectorsEnabled=true, databaseEnabled=false, handlesAlerts=true, browserConnectionEnabled=false, nativeEvents=true, webStorageEnabled=true, applicationCacheEnabled=false, takesScreenshot=true}]
]]></system-out>
  </testcase>
  <testcase name="goToLeadrePage[Android_4.4.2_GT-I9505_Chrome_UNKNOWN]" classname="se.aftonbladet.abtest.tests.mobile.menu.AbMobileNavTest(20150220-010048)" time="5.716">
    <failure message="expected:&lt;39&gt; but was:&lt;27&gt;" type="java.lang.AssertionError"><![CDATA[java.lang.AssertionError: expected:<39> but was:<27>
	at org.junit.Assert.fail(Assert.java:88)
	at org.junit.Assert.failNotEquals(Assert.java:743)
	at org.junit.Assert.assertEquals(Assert.java:118)
	at org.junit.Assert.assertEquals(Assert.java:555)
	at org.junit.Assert.assertEquals(Assert.java:542)
	at se.aftonbladet.abtest.tests.mobile.menu.AbMobileNavTest.goToLeadrePage(AbMobileNavTest.java:171)
]]></failure>
    <system-out><![CDATA[Driver: AndroidDriver: chrome on ANDROID (4f54e5eb41d345bd0224c2c8d5369704)
0 AbMobileNav: org.openqa.selenium.WebDriverException: An error occurred (WARNING: The server did not provide any stacktrace information)
Command duration or timeout: 9 milliseconds
Build info: version: '2.42.2', revision: '6a6995d31c7c56c340d6f45a76976d43506cd6cc', time: '2014-06-03 10:52:47'
System info: host: 'testrunner1', ip: '10.12.14.222', os.name: 'Mac OS X', os.arch: 'x86_64', os.version: '10.10.2', java.version: '1.7.0_67'
Session ID: 4f54e5eb41d345bd0224c2c8d5369704
Driver info: io.appium.java_client.android.AndroidDriver
Capabilities [{platform=ANDROID, acceptSslCerts=true, javascriptEnabled=true, browserName=chrome, chrome={}, rotatable=false, locationContextEnabled=true, mobileEmulationEnabled=false, version=40.0.2214.109, takesHeapSnapshot=true, cssSelectorsEnabled=true, databaseEnabled=false, handlesAlerts=true, browserConnectionEnabled=false, nativeEvents=true, webStorageEnabled=true, applicationCacheEnabled=false, takesScreenshot=true}]
By: By.xpath: //*[@id='abTopMenuDynamic']/li/a[text()='Ledare' and not(@disabled)]
1 AbMobileNav: org.openqa.selenium.WebDriverException: An error occurred (WARNING: The server did not provide any stacktrace information)
Command duration or timeout: 8 milliseconds
Build info: version: '2.42.2', revision: '6a6995d31c7c56c340d6f45a76976d43506cd6cc', time: '2014-06-03 10:52:47'
System info: host: 'testrunner1', ip: '10.12.14.222', os.name: 'Mac OS X', os.arch: 'x86_64', os.version: '10.10.2', java.version: '1.7.0_67'
Session ID: 4f54e5eb41d345bd0224c2c8d5369704
Driver info: io.appium.java_client.android.AndroidDriver
Capabilities [{platform=ANDROID, acceptSslCerts=true, javascriptEnabled=true, browserName=chrome, chrome={}, rotatable=false, locationContextEnabled=true, mobileEmulationEnabled=false, version=40.0.2214.109, takesHeapSnapshot=true, cssSelectorsEnabled=true, databaseEnabled=false, handlesAlerts=true, browserConnectionEnabled=false, nativeEvents=true, webStorageEnabled=true, applicationCacheEnabled=false, takesScreenshot=true}]
2 AbMobileNav: org.openqa.selenium.WebDriverException: An error occurred (WARNING: The server did not provide any stacktrace information)
Command duration or timeout: 10 milliseconds
Build info: version: '2.42.2', revision: '6a6995d31c7c56c340d6f45a76976d43506cd6cc', time: '2014-06-03 10:52:47'
System info: host: 'testrunner1', ip: '10.12.14.222', os.name: 'Mac OS X', os.arch: 'x86_64', os.version: '10.10.2', java.version: '1.7.0_67'
Session ID: 4f54e5eb41d345bd0224c2c8d5369704
Driver info: io.appium.java_client.android.AndroidDriver
Capabilities [{platform=ANDROID, acceptSslCerts=true, javascriptEnabled=true, browserName=chrome, chrome={}, rotatable=false, locationContextEnabled=true, mobileEmulationEnabled=false, version=40.0.2214.109, takesHeapSnapshot=true, cssSelectorsEnabled=true, databaseEnabled=false, handlesAlerts=true, browserConnectionEnabled=false, nativeEvents=true, webStorageEnabled=true, applicationCacheEnabled=false, takesScreenshot=true}]
3 AbMobileNav: org.openqa.selenium.WebDriverException: An error occurred (WARNING: The server did not provide any stacktrace information)
Command duration or timeout: 8 milliseconds
Build info: version: '2.42.2', revision: '6a6995d31c7c56c340d6f45a76976d43506cd6cc', time: '2014-06-03 10:52:47'
System info: host: 'testrunner1', ip: '10.12.14.222', os.name: 'Mac OS X', os.arch: 'x86_64', os.version: '10.10.2', java.version: '1.7.0_67'
Session ID: 4f54e5eb41d345bd0224c2c8d5369704
Driver info: io.appium.java_client.android.AndroidDriver
Capabilities [{platform=ANDROID, acceptSslCerts=true, javascriptEnabled=true, browserName=chrome, chrome={}, rotatable=false, locationContextEnabled=true, mobileEmulationEnabled=false, version=40.0.2214.109, takesHeapSnapshot=true, cssSelectorsEnabled=true, databaseEnabled=false, handlesAlerts=true, browserConnectionEnabled=false, nativeEvents=true, webStorageEnabled=true, applicationCacheEnabled=false, takesScreenshot=true}]
4 AbMobileNav: org.openqa.selenium.WebDriverException: An error occurred (WARNING: The server did not provide any stacktrace information)
Command duration or timeout: 10 milliseconds
Build info: version: '2.42.2', revision: '6a6995d31c7c56c340d6f45a76976d43506cd6cc', time: '2014-06-03 10:52:47'
System info: host: 'testrunner1', ip: '10.12.14.222', os.name: 'Mac OS X', os.arch: 'x86_64', os.version: '10.10.2', java.version: '1.7.0_67'
Session ID: 4f54e5eb41d345bd0224c2c8d5369704
Driver info: io.appium.java_client.android.AndroidDriver
Capabilities [{platform=ANDROID, acceptSslCerts=true, javascriptEnabled=true, browserName=chrome, chrome={}, rotatable=false, locationContextEnabled=true, mobileEmulationEnabled=false, version=40.0.2214.109, takesHeapSnapshot=true, cssSelectorsEnabled=true, databaseEnabled=false, handlesAlerts=true, browserConnectionEnabled=false, nativeEvents=true, webStorageEnabled=true, applicationCacheEnabled=false, takesScreenshot=true}]
5 AbMobileNav: org.openqa.selenium.WebDriverException: An error occurred (WARNING: The server did not provide any stacktrace information)
Command duration or timeout: 10 milliseconds
Build info: version: '2.42.2', revision: '6a6995d31c7c56c340d6f45a76976d43506cd6cc', time: '2014-06-03 10:52:47'
System info: host: 'testrunner1', ip: '10.12.14.222', os.name: 'Mac OS X', os.arch: 'x86_64', os.version: '10.10.2', java.version: '1.7.0_67'
Session ID: 4f54e5eb41d345bd0224c2c8d5369704
Driver info: io.appium.java_client.android.AndroidDriver
Capabilities [{platform=ANDROID, acceptSslCerts=true, javascriptEnabled=true, browserName=chrome, chrome={}, rotatable=false, locationContextEnabled=true, mobileEmulationEnabled=false, version=40.0.2214.109, takesHeapSnapshot=true, cssSelectorsEnabled=true, databaseEnabled=false, handlesAlerts=true, browserConnectionEnabled=false, nativeEvents=true, webStorageEnabled=true, applicationCacheEnabled=false, takesScreenshot=true}]
Try to assert page title: Ledare
6 AbMobileNav: org.openqa.selenium.WebDriverException: An error occurred (WARNING: The server did not provide any stacktrace information)
Command duration or timeout: 10 milliseconds
Build info: version: '2.42.2', revision: '6a6995d31c7c56c340d6f45a76976d43506cd6cc', time: '2014-06-03 10:52:47'
System info: host: 'testrunner1', ip: '10.12.14.222', os.name: 'Mac OS X', os.arch: 'x86_64', os.version: '10.10.2', java.version: '1.7.0_67'
Session ID: 4f54e5eb41d345bd0224c2c8d5369704
Driver info: io.appium.java_client.android.AndroidDriver
Capabilities [{platform=ANDROID, acceptSslCerts=true, javascriptEnabled=true, browserName=chrome, chrome={}, rotatable=false, locationContextEnabled=true, mobileEmulationEnabled=false, version=40.0.2214.109, takesHeapSnapshot=true, cssSelectorsEnabled=true, databaseEnabled=false, handlesAlerts=true, browserConnectionEnabled=false, nativeEvents=true, webStorageEnabled=true, applicationCacheEnabled=false, takesScreenshot=true}]
>>>Compare to page title: ledare | aftonbladet
7 AbMobileNav: org.openqa.selenium.WebDriverException: An error occurred (WARNING: The server did not provide any stacktrace information)
Command duration or timeout: 9 milliseconds
Build info: version: '2.42.2', revision: '6a6995d31c7c56c340d6f45a76976d43506cd6cc', time: '2014-06-03 10:52:47'
System info: host: 'testrunner1', ip: '10.12.14.222', os.name: 'Mac OS X', os.arch: 'x86_64', os.version: '10.10.2', java.version: '1.7.0_67'
Session ID: 4f54e5eb41d345bd0224c2c8d5369704
Driver info: io.appium.java_client.android.AndroidDriver
Capabilities [{platform=ANDROID, acceptSslCerts=true, javascriptEnabled=true, browserName=chrome, chrome={}, rotatable=false, locationContextEnabled=true, mobileEmulationEnabled=false, version=40.0.2214.109, takesHeapSnapshot=true, cssSelectorsEnabled=true, databaseEnabled=false, handlesAlerts=true, browserConnectionEnabled=false, nativeEvents=true, webStorageEnabled=true, applicationCacheEnabled=false, takesScreenshot=true}]
By: By.xpath: //*[@class='abToggle']/div
8 AbMobileNav: org.openqa.selenium.WebDriverException: An error occurred (WARNING: The server did not provide any stacktrace information)
Command duration or timeout: 8 milliseconds
Build info: version: '2.42.2', revision: '6a6995d31c7c56c340d6f45a76976d43506cd6cc', time: '2014-06-03 10:52:47'
System info: host: 'testrunner1', ip: '10.12.14.222', os.name: 'Mac OS X', os.arch: 'x86_64', os.version: '10.10.2', java.version: '1.7.0_67'
Session ID: 4f54e5eb41d345bd0224c2c8d5369704
Driver info: io.appium.java_client.android.AndroidDriver
Capabilities [{platform=ANDROID, acceptSslCerts=true, javascriptEnabled=true, browserName=chrome, chrome={}, rotatable=false, locationContextEnabled=true, mobileEmulationEnabled=false, version=40.0.2214.109, takesHeapSnapshot=true, cssSelectorsEnabled=true, databaseEnabled=false, handlesAlerts=true, browserConnectionEnabled=false, nativeEvents=true, webStorageEnabled=true, applicationCacheEnabled=false, takesScreenshot=true}]
clickLeftMenuItem pMenuText: Om Aftonbladet
9 AbMobileNav: org.openqa.selenium.WebDriverException: An error occurred (WARNING: The server did not provide any stacktrace information)
Command duration or timeout: 8 milliseconds
Build info: version: '2.42.2', revision: '6a6995d31c7c56c340d6f45a76976d43506cd6cc', time: '2014-06-03 10:52:47'
System info: host: 'testrunner1', ip: '10.12.14.222', os.name: 'Mac OS X', os.arch: 'x86_64', os.version: '10.10.2', java.version: '1.7.0_67'
Session ID: 4f54e5eb41d345bd0224c2c8d5369704
Driver info: io.appium.java_client.android.AndroidDriver
Capabilities [{platform=ANDROID, acceptSslCerts=true, javascriptEnabled=true, browserName=chrome, chrome={}, rotatable=false, locationContextEnabled=true, mobileEmulationEnabled=false, version=40.0.2214.109, takesHeapSnapshot=true, cssSelectorsEnabled=true, databaseEnabled=false, handlesAlerts=true, browserConnectionEnabled=false, nativeEvents=true, webStorageEnabled=true, applicationCacheEnabled=false, takesScreenshot=true}]
10 AbMobileNav: org.openqa.selenium.WebDriverException: An error occurred (WARNING: The server did not provide any stacktrace information)
Command duration or timeout: 10 milliseconds
Build info: version: '2.42.2', revision: '6a6995d31c7c56c340d6f45a76976d43506cd6cc', time: '2014-06-03 10:52:47'
System info: host: 'testrunner1', ip: '10.12.14.222', os.name: 'Mac OS X', os.arch: 'x86_64', os.version: '10.10.2', java.version: '1.7.0_67'
Session ID: 4f54e5eb41d345bd0224c2c8d5369704
Driver info: io.appium.java_client.android.AndroidDriver
Capabilities [{platform=ANDROID, acceptSslCerts=true, javascriptEnabled=true, browserName=chrome, chrome={}, rotatable=false, locationContextEnabled=true, mobileEmulationEnabled=false, version=40.0.2214.109, takesHeapSnapshot=true, cssSelectorsEnabled=true, databaseEnabled=false, handlesAlerts=true, browserConnectionEnabled=false, nativeEvents=true, webStorageEnabled=true, applicationCacheEnabled=false, takesScreenshot=true}]
11 AbMobileNav: org.openqa.selenium.WebDriverException: An error occurred (WARNING: The server did not provide any stacktrace information)
Command duration or timeout: 9 milliseconds
Build info: version: '2.42.2', revision: '6a6995d31c7c56c340d6f45a76976d43506cd6cc', time: '2014-06-03 10:52:47'
System info: host: 'testrunner1', ip: '10.12.14.222', os.name: 'Mac OS X', os.arch: 'x86_64', os.version: '10.10.2', java.version: '1.7.0_67'
Session ID: 4f54e5eb41d345bd0224c2c8d5369704
Driver info: io.appium.java_client.android.AndroidDriver
Capabilities [{platform=ANDROID, acceptSslCerts=true, javascriptEnabled=true, browserName=chrome, chrome={}, rotatable=false, locationContextEnabled=true, mobileEmulationEnabled=false, version=40.0.2214.109, takesHeapSnapshot=true, cssSelectorsEnabled=true, databaseEnabled=false, handlesAlerts=true, browserConnectionEnabled=false, nativeEvents=true, webStorageEnabled=true, applicationCacheEnabled=false, takesScreenshot=true}]
]]></system-out>
  </testcase>
  <testcase name="goToBloggarPage[Android_4.4.4_GT-I9305_Chrome_UNKNOWN]" classname="se.aftonbladet.abtest.tests.mobile.menu.AbMobileNavTest(20150220-010048)" time="4.622">
    <error message="chrome not reachable&#10;  (Session info: chrome=40.0.2214.109)&#10;  (Driver info: chromedriver=2.14.313457 (3d645c400edf2e2c500566c9aa096063e707c9cf),platform=Mac OS X 10.10.2 x86_64) (WARNING: The server did not provide any stacktrace information)&#10;Command duration or timeout: 8 milliseconds&#10;Build info: version: &apos;2.42.2&apos;, revision: &apos;6a6995d31c7c56c340d6f45a76976d43506cd6cc&apos;, time: &apos;2014-06-03 10:52:47&apos;&#10;System info: host: &apos;testrunner1&apos;, ip: &apos;10.12.14.222&apos;, os.name: &apos;Mac OS X&apos;, os.arch: &apos;x86_64&apos;, os.version: &apos;10.10.2&apos;, java.version: &apos;1.7.0_67&apos;&#10;Session ID: 4f54e5eb41d345bd0224c2c8d5369704&#10;Driver info: io.appium.java_client.android.AndroidDriver&#10;Capabilities [{platform=ANDROID, acceptSslCerts=true, javascriptEnabled=true, browserName=chrome, chrome={}, rotatable=false, locationContextEnabled=true, mobileEmulationEnabled=false, version=40.0.2214.109, takesHeapSnapshot=true, cssSelectorsEnabled=true, databaseEnabled=false, handlesAlerts=true, browserConnectionEnabled=false, nativeEvents=true, webStorageEnabled=true, applicationCacheEnabled=false, takesScreenshot=true}]" type="org.openqa.selenium.WebDriverException">org.openqa.selenium.WebDriverException: chrome not reachable
  (Session info: chrome=40.0.2214.109)
  (Driver info: chromedriver=2.14.313457 (3d645c400edf2e2c500566c9aa096063e707c9cf),platform=Mac OS X 10.10.2 x86_64) (WARNING: The server did not provide any stacktrace information)
Command duration or timeout: 8 milliseconds
Build info: version: '2.42.2', revision: '6a6995d31c7c56c340d6f45a76976d43506cd6cc', time: '2014-06-03 10:52:47'
System info: host: 'testrunner1', ip: '10.12.14.222', os.name: 'Mac OS X', os.arch: 'x86_64', os.version: '10.10.2', java.version: '1.7.0_67'
Session ID: 4f54e5eb41d345bd0224c2c8d5369704
Driver info: io.appium.java_client.android.AndroidDriver
Capabilities [{platform=ANDROID, acceptSslCerts=true, javascriptEnabled=true, browserName=chrome, chrome={}, rotatable=false, locationContextEnabled=true, mobileEmulationEnabled=false, version=40.0.2214.109, takesHeapSnapshot=true, cssSelectorsEnabled=true, databaseEnabled=false, handlesAlerts=true, browserConnectionEnabled=false, nativeEvents=true, webStorageEnabled=true, applicationCacheEnabled=false, takesScreenshot=true}]
	at sun.reflect.GeneratedConstructorAccessor11.newInstance(Unknown Source)
	at sun.reflect.DelegatingConstructorAccessorImpl.newInstance(DelegatingConstructorAccessorImpl.java:45)
	at java.lang.reflect.Constructor.newInstance(Constructor.java:526)
	at org.openqa.selenium.remote.ErrorHandler.createThrowable(ErrorHandler.java:204)
	at org.openqa.selenium.remote.ErrorHandler.throwIfResponseFailed(ErrorHandler.java:156)
	at org.openqa.selenium.remote.RemoteWebDriver.execute(RemoteWebDriver.java:599)
	at io.appium.java_client.AppiumDriver.execute(AppiumDriver.java:180)
	at io.appium.java_client.AppiumDriver.execute(AppiumDriver.java:185)
	at org.openqa.selenium.remote.RemoteWebDriver$RemoteWebDriverOptions.deleteAllCookies(RemoteWebDriver.java:685)
	at se.aftonbladet.abtest.tests.mobile.menu.AbMobileNavTest.setUp(AbMobileNavTest.java:74)
</error>
    <system-out><![CDATA[Driver: AndroidDriver: chrome on ANDROID (f3af855fce0355d20b3a7a2ae43e932a)
12 AbMobileNav: org.openqa.selenium.WebDriverException: An error occurred (WARNING: The server did not provide any stacktrace information)
Command duration or timeout: 9 milliseconds
Build info: version: '2.42.2', revision: '6a6995d31c7c56c340d6f45a76976d43506cd6cc', time: '2014-06-03 10:52:47'
System info: host: 'testrunner1', ip: '10.12.14.222', os.name: 'Mac OS X', os.arch: 'x86_64', os.version: '10.10.2', java.version: '1.7.0_67'
Session ID: 4f54e5eb41d345bd0224c2c8d5369704
Driver info: io.appium.java_client.android.AndroidDriver
Capabilities [{platform=ANDROID, acceptSslCerts=true, javascriptEnabled=true, browserName=chrome, chrome={}, rotatable=false, locationContextEnabled=true, mobileEmulationEnabled=false, version=40.0.2214.109, takesHeapSnapshot=true, cssSelectorsEnabled=true, databaseEnabled=false, handlesAlerts=true, browserConnectionEnabled=false, nativeEvents=true, webStorageEnabled=true, applicationCacheEnabled=false, takesScreenshot=true}]
By: By.xpath: //*[@id='abTopMenuDynamic']/li/a[text()='Om Aftonbladet' and not(@disabled)]
13 AbMobileNav: org.openqa.selenium.WebDriverException: An error occurred (WARNING: The server did not provide any stacktrace information)
Command duration or timeout: 9 milliseconds
Build info: version: '2.42.2', revision: '6a6995d31c7c56c340d6f45a76976d43506cd6cc', time: '2014-06-03 10:52:47'
System info: host: 'testrunner1', ip: '10.12.14.222', os.name: 'Mac OS X', os.arch: 'x86_64', os.version: '10.10.2', java.version: '1.7.0_67'
Session ID: 4f54e5eb41d345bd0224c2c8d5369704
Driver info: io.appium.java_client.android.AndroidDriver
Capabilities [{platform=ANDROID, acceptSslCerts=true, javascriptEnabled=true, browserName=chrome, chrome={}, rotatable=false, locationContextEnabled=true, mobileEmulationEnabled=false, version=40.0.2214.109, takesHeapSnapshot=true, cssSelectorsEnabled=true, databaseEnabled=false, handlesAlerts=true, browserConnectionEnabled=false, nativeEvents=true, webStorageEnabled=true, applicationCacheEnabled=false, takesScreenshot=true}]
14 AbMobileNav: org.openqa.selenium.WebDriverException: An error occurred (WARNING: The server did not provide any stacktrace information)
Command duration or timeout: 10 milliseconds
Build info: version: '2.42.2', revision: '6a6995d31c7c56c340d6f45a76976d43506cd6cc', time: '2014-06-03 10:52:47'
System info: host: 'testrunner1', ip: '10.12.14.222', os.name: 'Mac OS X', os.arch: 'x86_64', os.version: '10.10.2', java.version: '1.7.0_67'
Session ID: 4f54e5eb41d345bd0224c2c8d5369704
Driver info: io.appium.java_client.android.AndroidDriver
Capabilities [{platform=ANDROID, acceptSslCerts=true, javascriptEnabled=true, browserName=chrome, chrome={}, rotatable=false, locationContextEnabled=true, mobileEmulationEnabled=false, version=40.0.2214.109, takesHeapSnapshot=true, cssSelectorsEnabled=true, databaseEnabled=false, handlesAlerts=true, browserConnectionEnabled=false, nativeEvents=true, webStorageEnabled=true, applicationCacheEnabled=false, takesScreenshot=true}]
15 AbMobileNav: org.openqa.selenium.WebDriverException: An error occurred (WARNING: The server did not provide any stacktrace information)
Command duration or timeout: 10 milliseconds
Build info: version: '2.42.2', revision: '6a6995d31c7c56c340d6f45a76976d43506cd6cc', time: '2014-06-03 10:52:47'
System info: host: 'testrunner1', ip: '10.12.14.222', os.name: 'Mac OS X', os.arch: 'x86_64', os.version: '10.10.2', java.version: '1.7.0_67'
Session ID: 4f54e5eb41d345bd0224c2c8d5369704
Driver info: io.appium.java_client.android.AndroidDriver
Capabilities [{platform=ANDROID, acceptSslCerts=true, javascriptEnabled=true, browserName=chrome, chrome={}, rotatable=false, locationContextEnabled=true, mobileEmulationEnabled=false, version=40.0.2214.109, takesHeapSnapshot=true, cssSelectorsEnabled=true, databaseEnabled=false, handlesAlerts=true, browserConnectionEnabled=false, nativeEvents=true, webStorageEnabled=true, applicationCacheEnabled=false, takesScreenshot=true}]
16 AbMobileNav: org.openqa.selenium.WebDriverException: An error occurred (WARNING: The server did not provide any stacktrace information)
Command duration or timeout: 9 milliseconds
Build info: version: '2.42.2', revision: '6a6995d31c7c56c340d6f45a76976d43506cd6cc', time: '2014-06-03 10:52:47'
System info: host: 'testrunner1', ip: '10.12.14.222', os.name: 'Mac OS X', os.arch: 'x86_64', os.version: '10.10.2', java.version: '1.7.0_67'
Session ID: 4f54e5eb41d345bd0224c2c8d5369704
Driver info: io.appium.java_client.android.AndroidDriver
Capabilities [{platform=ANDROID, acceptSslCerts=true, javascriptEnabled=true, browserName=chrome, chrome={}, rotatable=false, locationContextEnabled=true, mobileEmulationEnabled=false, version=40.0.2214.109, takesHeapSnapshot=true, cssSelectorsEnabled=true, databaseEnabled=false, handlesAlerts=true, browserConnectionEnabled=false, nativeEvents=true, webStorageEnabled=true, applicationCacheEnabled=false, takesScreenshot=true}]
17 AbMobileNav: org.openqa.selenium.WebDriverException: An error occurred (WARNING: The server did not provide any stacktrace information)
Command duration or timeout: 8 milliseconds
Build info: version: '2.42.2', revision: '6a6995d31c7c56c340d6f45a76976d43506cd6cc', time: '2014-06-03 10:52:47'
System info: host: 'testrunner1', ip: '10.12.14.222', os.name: 'Mac OS X', os.arch: 'x86_64', os.version: '10.10.2', java.version: '1.7.0_67'
Session ID: 4f54e5eb41d345bd0224c2c8d5369704
Driver info: io.appium.java_client.android.AndroidDriver
Capabilities [{platform=ANDROID, acceptSslCerts=true, javascriptEnabled=true, browserName=chrome, chrome={}, rotatable=false, locationContextEnabled=true, mobileEmulationEnabled=false, version=40.0.2214.109, takesHeapSnapshot=true, cssSelectorsEnabled=true, databaseEnabled=false, handlesAlerts=true, browserConnectionEnabled=false, nativeEvents=true, webStorageEnabled=true, applicationCacheEnabled=false, takesScreenshot=true}]
18 AbMobileNav: org.openqa.selenium.WebDriverException: An error occurred (WARNING: The server did not provide any stacktrace information)
Command duration or timeout: 8 milliseconds
Build info: version: '2.42.2', revision: '6a6995d31c7c56c340d6f45a76976d43506cd6cc', time: '2014-06-03 10:52:47'
System info: host: 'testrunner1', ip: '10.12.14.222', os.name: 'Mac OS X', os.arch: 'x86_64', os.version: '10.10.2', java.version: '1.7.0_67'
Session ID: 4f54e5eb41d345bd0224c2c8d5369704
Driver info: io.appium.java_client.android.AndroidDriver
Capabilities [{platform=ANDROID, acceptSslCerts=true, javascriptEnabled=true, browserName=chrome, chrome={}, rotatable=false, locationContextEnabled=true, mobileEmulationEnabled=false, version=40.0.2214.109, takesHeapSnapshot=true, cssSelectorsEnabled=true, databaseEnabled=false, handlesAlerts=true, browserConnectionEnabled=false, nativeEvents=true, webStorageEnabled=true, applicationCacheEnabled=false, takesScreenshot=true}]
Try to assert page title: Här kan du läsa mer om Aftonbladet | Vanliga frågor | Hjälp & info | Aftonbladet
19 AbMobileNav: org.openqa.selenium.WebDriverException: An error occurred (WARNING: The server did not provide any stacktrace information)
Command duration or timeout: 9 milliseconds
Build info: version: '2.42.2', revision: '6a6995d31c7c56c340d6f45a76976d43506cd6cc', time: '2014-06-03 10:52:47'
System info: host: 'testrunner1', ip: '10.12.14.222', os.name: 'Mac OS X', os.arch: 'x86_64', os.version: '10.10.2', java.version: '1.7.0_67'
Session ID: 4f54e5eb41d345bd0224c2c8d5369704
Driver info: io.appium.java_client.android.AndroidDriver
Capabilities [{platform=ANDROID, acceptSslCerts=true, javascriptEnabled=true, browserName=chrome, chrome={}, rotatable=false, locationContextEnabled=true, mobileEmulationEnabled=false, version=40.0.2214.109, takesHeapSnapshot=true, cssSelectorsEnabled=true, databaseEnabled=false, handlesAlerts=true, browserConnectionEnabled=false, nativeEvents=true, webStorageEnabled=true, applicationCacheEnabled=false, takesScreenshot=true}]
]]></system-out>
  </testcase>
  <testcase name="goToAboutAftonbladetPage[Android_4.4.4_SM-N910F_Chrome_UNKNOWN]" classname="se.aftonbladet.abtest.tests.mobile.menu.AbMobileNavTest(20150220-010048)" time="0.062"/>
  <testcase name="goToTvPage[Android_4.4.4_GT-I9305_Chrome_UNKNOWN]" classname="se.aftonbladet.abtest.tests.mobile.menu.AbMobileNavTest(20150220-010048)" time="10.273">
    <error message="chrome not reachable&#10;  (Session info: chrome=40.0.2214.109)&#10;  (Driver info: chromedriver=2.14.313457 (3d645c400edf2e2c500566c9aa096063e707c9cf),platform=Mac OS X 10.10.2 x86_64) (WARNING: The server did not provide any stacktrace information)&#10;Command duration or timeout: 9 milliseconds&#10;Build info: version: &apos;2.42.2&apos;, revision: &apos;6a6995d31c7c56c340d6f45a76976d43506cd6cc&apos;, time: &apos;2014-06-03 10:52:47&apos;&#10;System info: host: &apos;testrunner1&apos;, ip: &apos;10.12.14.222&apos;, os.name: &apos;Mac OS X&apos;, os.arch: &apos;x86_64&apos;, os.version: &apos;10.10.2&apos;, java.version: &apos;1.7.0_67&apos;&#10;Session ID: 4f54e5eb41d345bd0224c2c8d5369704&#10;Driver info: io.appium.java_client.android.AndroidDriver&#10;Capabilities [{platform=ANDROID, acceptSslCerts=true, javascriptEnabled=true, browserName=chrome, chrome={}, rotatable=false, locationContextEnabled=true, mobileEmulationEnabled=false, version=40.0.2214.109, takesHeapSnapshot=true, cssSelectorsEnabled=true, databaseEnabled=false, handlesAlerts=true, browserConnectionEnabled=false, nativeEvents=true, webStorageEnabled=true, applicationCacheEnabled=false, takesScreenshot=true}]" type="org.openqa.selenium.WebDriverException">org.openqa.selenium.WebDriverException: chrome not reachable
  (Session info: chrome=40.0.2214.109)
  (Driver info: chromedriver=2.14.313457 (3d645c400edf2e2c500566c9aa096063e707c9cf),platform=Mac OS X 10.10.2 x86_64) (WARNING: The server did not provide any stacktrace information)
Command duration or timeout: 9 milliseconds
Build info: version: '2.42.2', revision: '6a6995d31c7c56c340d6f45a76976d43506cd6cc', time: '2014-06-03 10:52:47'
System info: host: 'testrunner1', ip: '10.12.14.222', os.name: 'Mac OS X', os.arch: 'x86_64', os.version: '10.10.2', java.version: '1.7.0_67'
Session ID: 4f54e5eb41d345bd0224c2c8d5369704
Driver info: io.appium.java_client.android.AndroidDriver
Capabilities [{platform=ANDROID, acceptSslCerts=true, javascriptEnabled=true, browserName=chrome, chrome={}, rotatable=false, locationContextEnabled=true, mobileEmulationEnabled=false, version=40.0.2214.109, takesHeapSnapshot=true, cssSelectorsEnabled=true, databaseEnabled=false, handlesAlerts=true, browserConnectionEnabled=false, nativeEvents=true, webStorageEnabled=true, applicationCacheEnabled=false, takesScreenshot=true}]
	at sun.reflect.GeneratedConstructorAccessor11.newInstance(Unknown Source)
	at sun.reflect.DelegatingConstructorAccessorImpl.newInstance(DelegatingConstructorAccessorImpl.java:45)
	at java.lang.reflect.Constructor.newInstance(Constructor.java:526)
	at org.openqa.selenium.remote.ErrorHandler.createThrowable(ErrorHandler.java:204)
	at org.openqa.selenium.remote.ErrorHandler.throwIfResponseFailed(ErrorHandler.java:156)
	at org.openqa.selenium.remote.RemoteWebDriver.execute(RemoteWebDriver.java:599)
	at io.appium.java_client.AppiumDriver.execute(AppiumDriver.java:180)
	at io.appium.java_client.AppiumDriver.execute(AppiumDriver.java:185)
	at org.openqa.selenium.remote.RemoteWebDriver$RemoteWebDriverOptions.deleteAllCookies(RemoteWebDriver.java:685)
	at se.aftonbladet.abtest.tests.mobile.menu.AbMobileNavTest.setUp(AbMobileNavTest.java:74)
</error>
    <system-out><![CDATA[Driver: AndroidDriver: chrome on ANDROID (6e1713ba84a9d7f3fd110c7b00b3aa46)
1 AbMobileNav: org.openqa.selenium.WebDriverException: An error occurred (WARNING: The server did not provide any stacktrace information)
Command duration or timeout: 8 milliseconds
Build info: version: '2.42.2', revision: '6a6995d31c7c56c340d6f45a76976d43506cd6cc', time: '2014-06-03 10:52:47'
System info: host: 'testrunner1', ip: '10.12.14.222', os.name: 'Mac OS X', os.arch: 'x86_64', os.version: '10.10.2', java.version: '1.7.0_67'
Session ID: 4f54e5eb41d345bd0224c2c8d5369704
Driver info: io.appium.java_client.android.AndroidDriver
Capabilities [{platform=ANDROID, acceptSslCerts=true, javascriptEnabled=true, browserName=chrome, chrome={}, rotatable=false, locationContextEnabled=true, mobileEmulationEnabled=false, version=40.0.2214.109, takesHeapSnapshot=true, cssSelectorsEnabled=true, databaseEnabled=false, handlesAlerts=true, browserConnectionEnabled=false, nativeEvents=true, webStorageEnabled=true, applicationCacheEnabled=false, takesScreenshot=true}]
2 AbMobileNav: org.openqa.selenium.WebDriverException: An error occurred (WARNING: The server did not provide any stacktrace information)
Command duration or timeout: 10 milliseconds
Build info: version: '2.42.2', revision: '6a6995d31c7c56c340d6f45a76976d43506cd6cc', time: '2014-06-03 10:52:47'
System info: host: 'testrunner1', ip: '10.12.14.222', os.name: 'Mac OS X', os.arch: 'x86_64', os.version: '10.10.2', java.version: '1.7.0_67'
Session ID: 4f54e5eb41d345bd0224c2c8d5369704
Driver info: io.appium.java_client.android.AndroidDriver
Capabilities [{platform=ANDROID, acceptSslCerts=true, javascriptEnabled=true, browserName=chrome, chrome={}, rotatable=false, locationContextEnabled=true, mobileEmulationEnabled=false, version=40.0.2214.109, takesHeapSnapshot=true, cssSelectorsEnabled=true, databaseEnabled=false, handlesAlerts=true, browserConnectionEnabled=false, nativeEvents=true, webStorageEnabled=true, applicationCacheEnabled=false, takesScreenshot=true}]
3 AbMobileNav: org.openqa.selenium.WebDriverException: An error occurred (WARNING: The server did not provide any stacktrace information)
Command duration or timeout: 9 milliseconds
Build info: version: '2.42.2', revision: '6a6995d31c7c56c340d6f45a76976d43506cd6cc', time: '2014-06-03 10:52:47'
System info: host: 'testrunner1', ip: '10.12.14.222', os.name: 'Mac OS X', os.arch: 'x86_64', os.version: '10.10.2', java.version: '1.7.0_67'
Session ID: 4f54e5eb41d345bd0224c2c8d5369704
Driver info: io.appium.java_client.android.AndroidDriver
Capabilities [{platform=ANDROID, acceptSslCerts=true, javascriptEnabled=true, browserName=chrome, chrome={}, rotatable=false, locationContextEnabled=true, mobileEmulationEnabled=false, version=40.0.2214.109, takesHeapSnapshot=true, cssSelectorsEnabled=true, databaseEnabled=false, handlesAlerts=true, browserConnectionEnabled=false, nativeEvents=true, webStorageEnabled=true, applicationCacheEnabled=false, takesScreenshot=true}]
4 AbMobileNav: org.openqa.selenium.WebDriverException: An error occurred (WARNING: The server did not provide any stacktrace information)
Command duration or timeout: 8 milliseconds
Build info: version: '2.42.2', revision: '6a6995d31c7c56c340d6f45a76976d43506cd6cc', time: '2014-06-03 10:52:47'
System info: host: 'testrunner1', ip: '10.12.14.222', os.name: 'Mac OS X', os.arch: 'x86_64', os.version: '10.10.2', java.version: '1.7.0_67'
Session ID: 4f54e5eb41d345bd0224c2c8d5369704
Driver info: io.appium.java_client.android.AndroidDriver
Capabilities [{platform=ANDROID, acceptSslCerts=true, javascriptEnabled=true, browserName=chrome, chrome={}, rotatable=false, locationContextEnabled=true, mobileEmulationEnabled=false, version=40.0.2214.109, takesHeapSnapshot=true, cssSelectorsEnabled=true, databaseEnabled=false, handlesAlerts=true, browserConnectionEnabled=false, nativeEvents=true, webStorageEnabled=true, applicationCacheEnabled=false, takesScreenshot=true}]
5 AbMobileNav: org.openqa.selenium.WebDriverException: An error occurred (WARNING: The server did not provide any stacktrace information)
Command duration or timeout: 10 milliseconds
Build info: version: '2.42.2', revision: '6a6995d31c7c56c340d6f45a76976d43506cd6cc', time: '2014-06-03 10:52:47'
System info: host: 'testrunner1', ip: '10.12.14.222', os.name: 'Mac OS X', os.arch: 'x86_64', os.version: '10.10.2', java.version: '1.7.0_67'
Session ID: 4f54e5eb41d345bd0224c2c8d5369704
Driver info: io.appium.java_client.android.AndroidDriver
Capabilities [{platform=ANDROID, acceptSslCerts=true, javascriptEnabled=true, browserName=chrome, chrome={}, rotatable=false, locationContextEnabled=true, mobileEmulationEnabled=false, version=40.0.2214.109, takesHeapSnapshot=true, cssSelectorsEnabled=true, databaseEnabled=false, handlesAlerts=true, browserConnectionEnabled=false, nativeEvents=true, webStorageEnabled=true, applicationCacheEnabled=false, takesScreenshot=true}]
6 AbMobileNav: org.openqa.selenium.WebDriverException: An error occurred (WARNING: The server did not provide any stacktrace information)
Command duration or timeout: 9 milliseconds
Build info: version: '2.42.2', revision: '6a6995d31c7c56c340d6f45a76976d43506cd6cc', time: '2014-06-03 10:52:47'
System info: host: 'testrunner1', ip: '10.12.14.222', os.name: 'Mac OS X', os.arch: 'x86_64', os.version: '10.10.2', java.version: '1.7.0_67'
Session ID: 4f54e5eb41d345bd0224c2c8d5369704
Driver info: io.appium.java_client.android.AndroidDriver
Capabilities [{platform=ANDROID, acceptSslCerts=true, javascriptEnabled=true, browserName=chrome, chrome={}, rotatable=false, locationContextEnabled=true, mobileEmulationEnabled=false, version=40.0.2214.109, takesHeapSnapshot=true, cssSelectorsEnabled=true, databaseEnabled=false, handlesAlerts=true, browserConnectionEnabled=false, nativeEvents=true, webStorageEnabled=true, applicationCacheEnabled=false, takesScreenshot=true}]
clickLeftMenuItem pMenuText: Sport
7 AbMobileNav: org.openqa.selenium.WebDriverException: An error occurred (WARNING: The server did not provide any stacktrace information)
Command duration or timeout: 7 milliseconds
Build info: version: '2.42.2', revision: '6a6995d31c7c56c340d6f45a76976d43506cd6cc', time: '2014-06-03 10:52:47'
System info: host: 'testrunner1', ip: '10.12.14.222', os.name: 'Mac OS X', os.arch: 'x86_64', os.version: '10.10.2', java.version: '1.7.0_67'
Session ID: 4f54e5eb41d345bd0224c2c8d5369704
Driver info: io.appium.java_client.android.AndroidDriver
Capabilities [{platform=ANDROID, acceptSslCerts=true, javascriptEnabled=true, browserName=chrome, chrome={}, rotatable=false, locationContextEnabled=true, mobileEmulationEnabled=false, version=40.0.2214.109, takesHeapSnapshot=true, cssSelectorsEnabled=true, databaseEnabled=false, handlesAlerts=true, browserConnectionEnabled=false, nativeEvents=true, webStorageEnabled=true, applicationCacheEnabled=false, takesScreenshot=true}]
8 AbMobileNav: org.openqa.selenium.WebDriverException: An error occurred (WARNING: The server did not provide any stacktrace information)
Command duration or timeout: 10 milliseconds
Build info: version: '2.42.2', revision: '6a6995d31c7c56c340d6f45a76976d43506cd6cc', time: '2014-06-03 10:52:47'
System info: host: 'testrunner1', ip: '10.12.14.222', os.name: 'Mac OS X', os.arch: 'x86_64', os.version: '10.10.2', java.version: '1.7.0_67'
Session ID: 4f54e5eb41d345bd0224c2c8d5369704
Driver info: io.appium.java_client.android.AndroidDriver
Capabilities [{platform=ANDROID, acceptSslCerts=true, javascriptEnabled=true, browserName=chrome, chrome={}, rotatable=false, locationContextEnabled=true, mobileEmulationEnabled=false, version=40.0.2214.109, takesHeapSnapshot=true, cssSelectorsEnabled=true, databaseEnabled=false, handlesAlerts=true, browserConnectionEnabled=false, nativeEvents=true, webStorageEnabled=true, applicationCacheEnabled=false, takesScreenshot=true}]
By: By.xpath: //*[@id='abTopMenuDynamic']/li/a[text()='Sport' and not(@disabled)]
9 AbMobileNav: org.openqa.selenium.WebDriverException: An error occurred (WARNING: The server did not provide any stacktrace information)
Command duration or timeout: 9 milliseconds
Build info: version: '2.42.2', revision: '6a6995d31c7c56c340d6f45a76976d43506cd6cc', time: '2014-06-03 10:52:47'
System info: host: 'testrunner1', ip: '10.12.14.222', os.name: 'Mac OS X', os.arch: 'x86_64', os.version: '10.10.2', java.version: '1.7.0_67'
Session ID: 4f54e5eb41d345bd0224c2c8d5369704
Driver info: io.appium.java_client.android.AndroidDriver
Capabilities [{platform=ANDROID, acceptSslCerts=true, javascriptEnabled=true, browserName=chrome, chrome={}, rotatable=false, locationContextEnabled=true, mobileEmulationEnabled=false, version=40.0.2214.109, takesHeapSnapshot=true, cssSelectorsEnabled=true, databaseEnabled=false, handlesAlerts=true, browserConnectionEnabled=false, nativeEvents=true, webStorageEnabled=true, applicationCacheEnabled=false, takesScreenshot=true}]
10 AbMobileNav: org.openqa.selenium.WebDriverException: An error occurred (WARNING: The server did not provide any stacktrace information)
Command duration or timeout: 9 milliseconds
Build info: version: '2.42.2', revision: '6a6995d31c7c56c340d6f45a76976d43506cd6cc', time: '2014-06-03 10:52:47'
System info: host: 'testrunner1', ip: '10.12.14.222', os.name: 'Mac OS X', os.arch: 'x86_64', os.version: '10.10.2', java.version: '1.7.0_67'
Session ID: 4f54e5eb41d345bd0224c2c8d5369704
Driver info: io.appium.java_client.android.AndroidDriver
Capabilities [{platform=ANDROID, acceptSslCerts=true, javascriptEnabled=true, browserName=chrome, chrome={}, rotatable=false, locationContextEnabled=true, mobileEmulationEnabled=false, version=40.0.2214.109, takesHeapSnapshot=true, cssSelectorsEnabled=true, databaseEnabled=false, handlesAlerts=true, browserConnectionEnabled=false, nativeEvents=true, webStorageEnabled=true, applicationCacheEnabled=false, takesScreenshot=true}]
11 AbMobileNav: org.openqa.selenium.WebDriverException: An error occurred (WARNING: The server did not provide any stacktrace information)
Command duration or timeout: 8 milliseconds
Build info: version: '2.42.2', revision: '6a6995d31c7c56c340d6f45a76976d43506cd6cc', time: '2014-06-03 10:52:47'
System info: host: 'testrunner1', ip: '10.12.14.222', os.name: 'Mac OS X', os.arch: 'x86_64', os.version: '10.10.2', java.version: '1.7.0_67'
Session ID: 4f54e5eb41d345bd0224c2c8d5369704
Driver info: io.appium.java_client.android.AndroidDriver
Capabilities [{platform=ANDROID, acceptSslCerts=true, javascriptEnabled=true, browserName=chrome, chrome={}, rotatable=false, locationContextEnabled=true, mobileEmulationEnabled=false, version=40.0.2214.109, takesHeapSnapshot=true, cssSelectorsEnabled=true, databaseEnabled=false, handlesAlerts=true, browserConnectionEnabled=false, nativeEvents=true, webStorageEnabled=true, applicationCacheEnabled=false, takesScreenshot=true}]
12 AbMobileNav: org.openqa.selenium.WebDriverException: An error occurred (WARNING: The server did not provide any stacktrace information)
Command duration or timeout: 8 milliseconds
Build info: version: '2.42.2', revision: '6a6995d31c7c56c340d6f45a76976d43506cd6cc', time: '2014-06-03 10:52:47'
System info: host: 'testrunner1', ip: '10.12.14.222', os.name: 'Mac OS X', os.arch: 'x86_64', os.version: '10.10.2', java.version: '1.7.0_67'
Session ID: 4f54e5eb41d345bd0224c2c8d5369704
Driver info: io.appium.java_client.android.AndroidDriver
Capabilities [{platform=ANDROID, acceptSslCerts=true, javascriptEnabled=true, browserName=chrome, chrome={}, rotatable=false, locationContextEnabled=true, mobileEmulationEnabled=false, version=40.0.2214.109, takesHeapSnapshot=true, cssSelectorsEnabled=true, databaseEnabled=false, handlesAlerts=true, browserConnectionEnabled=false, nativeEvents=true, webStorageEnabled=true, applicationCacheEnabled=false, takesScreenshot=true}]
13 AbMobileNav: org.openqa.selenium.WebDriverException: An error occurred (WARNING: The server did not provide any stacktrace information)
Command duration or timeout: 10 milliseconds
Build info: version: '2.42.2', revision: '6a6995d31c7c56c340d6f45a76976d43506cd6cc', time: '2014-06-03 10:52:47'
System info: host: 'testrunner1', ip: '10.12.14.222', os.name: 'Mac OS X', os.arch: 'x86_64', os.version: '10.10.2', java.version: '1.7.0_67'
Session ID: 4f54e5eb41d345bd0224c2c8d5369704
Driver info: io.appium.java_client.android.AndroidDriver
Capabilities [{platform=ANDROID, acceptSslCerts=true, javascriptEnabled=true, browserName=chrome, chrome={}, rotatable=false, locationContextEnabled=true, mobileEmulationEnabled=false, version=40.0.2214.109, takesHeapSnapshot=true, cssSelectorsEnabled=true, databaseEnabled=false, handlesAlerts=true, browserConnectionEnabled=false, nativeEvents=true, webStorageEnabled=true, applicationCacheEnabled=false, takesScreenshot=true}]
14 AbMobileNav: org.openqa.selenium.WebDriverException: An error occurred (WARNING: The server did not provide any stacktrace information)
Command duration or timeout: 11 milliseconds
Build info: version: '2.42.2', revision: '6a6995d31c7c56c340d6f45a76976d43506cd6cc', time: '2014-06-03 10:52:47'
System info: host: 'testrunner1', ip: '10.12.14.222', os.name: 'Mac OS X', os.arch: 'x86_64', os.version: '10.10.2', java.version: '1.7.0_67'
Session ID: 4f54e5eb41d345bd0224c2c8d5369704
Driver info: io.appium.java_client.android.AndroidDriver
Capabilities [{platform=ANDROID, acceptSslCerts=true, javascriptEnabled=true, browserName=chrome, chrome={}, rotatable=false, locationContextEnabled=true, mobileEmulationEnabled=false, version=40.0.2214.109, takesHeapSnapshot=true, cssSelectorsEnabled=true, databaseEnabled=false, handlesAlerts=true, browserConnectionEnabled=false, nativeEvents=true, webStorageEnabled=true, applicationCacheEnabled=false, takesScreenshot=true}]
15 AbMobileNav: org.openqa.selenium.WebDriverException: An error occurred (WARNING: The server did not provide any stacktrace information)
Command duration or timeout: 9 milliseconds
Build info: version: '2.42.2', revision: '6a6995d31c7c56c340d6f45a76976d43506cd6cc', time: '2014-06-03 10:52:47'
System info: host: 'testrunner1', ip: '10.12.14.222', os.name: 'Mac OS X', os.arch: 'x86_64', os.version: '10.10.2', java.version: '1.7.0_67'
Session ID: 4f54e5eb41d345bd0224c2c8d5369704
Driver info: io.appium.java_client.android.AndroidDriver
Capabilities [{platform=ANDROID, acceptSslCerts=true, javascriptEnabled=true, browserName=chrome, chrome={}, rotatable=false, locationContextEnabled=true, mobileEmulationEnabled=false, version=40.0.2214.109, takesHeapSnapshot=true, cssSelectorsEnabled=true, databaseEnabled=false, handlesAlerts=true, browserConnectionEnabled=false, nativeEvents=true, webStorageEnabled=true, applicationCacheEnabled=false, takesScreenshot=true}]
16 AbMobileNav: org.openqa.selenium.WebDriverException: An error occurred (WARNING: The server did not provide any stacktrace information)
Command duration or timeout: 9 milliseconds
Build info: version: '2.42.2', revision: '6a6995d31c7c56c340d6f45a76976d43506cd6cc', time: '2014-06-03 10:52:47'
System info: host: 'testrunner1', ip: '10.12.14.222', os.name: 'Mac OS X', os.arch: 'x86_64', os.version: '10.10.2', java.version: '1.7.0_67'
Session ID: 4f54e5eb41d345bd0224c2c8d5369704
Driver info: io.appium.java_client.android.AndroidDriver
Capabilities [{platform=ANDROID, acceptSslCerts=true, javascriptEnabled=true, browserName=chrome, chrome={}, rotatable=false, locationContextEnabled=true, mobileEmulationEnabled=false, version=40.0.2214.109, takesHeapSnapshot=true, cssSelectorsEnabled=true, databaseEnabled=false, handlesAlerts=true, browserConnectionEnabled=false, nativeEvents=true, webStorageEnabled=true, applicationCacheEnabled=false, takesScreenshot=true}]
17 AbMobileNav: org.openqa.selenium.WebDriverException: An error occurred (WARNING: The server did not provide any stacktrace information)
Command duration or timeout: 11 milliseconds
Build info: version: '2.42.2', revision: '6a6995d31c7c56c340d6f45a76976d43506cd6cc', time: '2014-06-03 10:52:47'
System info: host: 'testrunner1', ip: '10.12.14.222', os.name: 'Mac OS X', os.arch: 'x86_64', os.version: '10.10.2', java.version: '1.7.0_67'
Session ID: 4f54e5eb41d345bd0224c2c8d5369704
Driver info: io.appium.java_client.android.AndroidDriver
Capabilities [{platform=ANDROID, acceptSslCerts=true, javascriptEnabled=true, browserName=chrome, chrome={}, rotatable=false, locationContextEnabled=true, mobileEmulationEnabled=false, version=40.0.2214.109, takesHeapSnapshot=true, cssSelectorsEnabled=true, databaseEnabled=false, handlesAlerts=true, browserConnectionEnabled=false, nativeEvents=true, webStorageEnabled=true, applicationCacheEnabled=false, takesScreenshot=true}]
18 AbMobileNav: org.openqa.selenium.WebDriverException: An error occurred (WARNING: The server did not provide any stacktrace information)
Command duration or timeout: 7 milliseconds
Build info: version: '2.42.2', revision: '6a6995d31c7c56c340d6f45a76976d43506cd6cc', time: '2014-06-03 10:52:47'
System info: host: 'testrunner1', ip: '10.12.14.222', os.name: 'Mac OS X', os.arch: 'x86_64', os.version: '10.10.2', java.version: '1.7.0_67'
Session ID: 4f54e5eb41d345bd0224c2c8d5369704
Driver info: io.appium.java_client.android.AndroidDriver
Capabilities [{platform=ANDROID, acceptSslCerts=true, javascriptEnabled=true, browserName=chrome, chrome={}, rotatable=false, locationContextEnabled=true, mobileEmulationEnabled=false, version=40.0.2214.109, takesHeapSnapshot=true, cssSelectorsEnabled=true, databaseEnabled=false, handlesAlerts=true, browserConnectionEnabled=false, nativeEvents=true, webStorageEnabled=true, applicationCacheEnabled=false, takesScreenshot=true}]
By: By.xpath: //*[@id='abTopMenuDynamic']/li/a[text()='Bloggar' and not(@disabled)]
19 AbMobileNav: org.openqa.selenium.WebDriverException: An error occurred (WARNING: The server did not provide any stacktrace information)
Command duration or timeout: 9 milliseconds
Build info: version: '2.42.2', revision: '6a6995d31c7c56c340d6f45a76976d43506cd6cc', time: '2014-06-03 10:52:47'
System info: host: 'testrunner1', ip: '10.12.14.222', os.name: 'Mac OS X', os.arch: 'x86_64', os.version: '10.10.2', java.version: '1.7.0_67'
Session ID: 4f54e5eb41d345bd0224c2c8d5369704
Driver info: io.appium.java_client.android.AndroidDriver
Capabilities [{platform=ANDROID, acceptSslCerts=true, javascriptEnabled=true, browserName=chrome, chrome={}, rotatable=false, locationContextEnabled=true, mobileEmulationEnabled=false, version=40.0.2214.109, takesHeapSnapshot=true, cssSelectorsEnabled=true, databaseEnabled=false, handlesAlerts=true, browserConnectionEnabled=false, nativeEvents=true, webStorageEnabled=true, applicationCacheEnabled=false, takesScreenshot=true}]
Try to assert page title: Sport
]]></system-out>
  </testcase>
  <testcase name="goToBloggarPage[Android_4.4.4_SM-N910F_Chrome_UNKNOWN]" classname="se.aftonbladet.abtest.tests.mobile.menu.AbMobileNavTest(20150220-010048)" time="3.648"/>
  <testcase name="goToLeadrePage[Android_4.4.4_GT-I9305_Chrome_UNKNOWN]" classname="se.aftonbladet.abtest.tests.mobile.menu.AbMobileNavTest(20150220-010048)" time="6.684">
    <error message="chrome not reachable&#10;  (Session info: chrome=40.0.2214.109)&#10;  (Driver info: chromedriver=2.14.313457 (3d645c400edf2e2c500566c9aa096063e707c9cf),platform=Mac OS X 10.10.2 x86_64) (WARNING: The server did not provide any stacktrace information)&#10;Command duration or timeout: 8 milliseconds&#10;Build info: version: &apos;2.42.2&apos;, revision: &apos;6a6995d31c7c56c340d6f45a76976d43506cd6cc&apos;, time: &apos;2014-06-03 10:52:47&apos;&#10;System info: host: &apos;testrunner1&apos;, ip: &apos;10.12.14.222&apos;, os.name: &apos;Mac OS X&apos;, os.arch: &apos;x86_64&apos;, os.version: &apos;10.10.2&apos;, java.version: &apos;1.7.0_67&apos;&#10;Session ID: 4f54e5eb41d345bd0224c2c8d5369704&#10;Driver info: io.appium.java_client.android.AndroidDriver&#10;Capabilities [{platform=ANDROID, acceptSslCerts=true, javascriptEnabled=true, browserName=chrome, chrome={}, rotatable=false, locationContextEnabled=true, mobileEmulationEnabled=false, version=40.0.2214.109, takesHeapSnapshot=true, cssSelectorsEnabled=true, databaseEnabled=false, handlesAlerts=true, browserConnectionEnabled=false, nativeEvents=true, webStorageEnabled=true, applicationCacheEnabled=false, takesScreenshot=true}]" type="org.openqa.selenium.WebDriverException">org.openqa.selenium.WebDriverException: chrome not reachable
  (Session info: chrome=40.0.2214.109)
  (Driver info: chromedriver=2.14.313457 (3d645c400edf2e2c500566c9aa096063e707c9cf),platform=Mac OS X 10.10.2 x86_64) (WARNING: The server did not provide any stacktrace information)
Command duration or timeout: 8 milliseconds
Build info: version: '2.42.2', revision: '6a6995d31c7c56c340d6f45a76976d43506cd6cc', time: '2014-06-03 10:52:47'
System info: host: 'testrunner1', ip: '10.12.14.222', os.name: 'Mac OS X', os.arch: 'x86_64', os.version: '10.10.2', java.version: '1.7.0_67'
Session ID: 4f54e5eb41d345bd0224c2c8d5369704
Driver info: io.appium.java_client.android.AndroidDriver
Capabilities [{platform=ANDROID, acceptSslCerts=true, javascriptEnabled=true, browserName=chrome, chrome={}, rotatable=false, locationContextEnabled=true, mobileEmulationEnabled=false, version=40.0.2214.109, takesHeapSnapshot=true, cssSelectorsEnabled=true, databaseEnabled=false, handlesAlerts=true, browserConnectionEnabled=false, nativeEvents=true, webStorageEnabled=true, applicationCacheEnabled=false, takesScreenshot=true}]
	at sun.reflect.GeneratedConstructorAccessor11.newInstance(Unknown Source)
	at sun.reflect.DelegatingConstructorAccessorImpl.newInstance(DelegatingConstructorAccessorImpl.java:45)
	at java.lang.reflect.Constructor.newInstance(Constructor.java:526)
	at org.openqa.selenium.remote.ErrorHandler.createThrowable(ErrorHandler.java:204)
	at org.openqa.selenium.remote.ErrorHandler.throwIfResponseFailed(ErrorHandler.java:156)
	at org.openqa.selenium.remote.RemoteWebDriver.execute(RemoteWebDriver.java:599)
	at io.appium.java_client.AppiumDriver.execute(AppiumDriver.java:180)
	at io.appium.java_client.AppiumDriver.execute(AppiumDriver.java:185)
	at org.openqa.selenium.remote.RemoteWebDriver$RemoteWebDriverOptions.deleteAllCookies(RemoteWebDriver.java:685)
	at se.aftonbladet.abtest.tests.mobile.menu.AbMobileNavTest.setUp(AbMobileNavTest.java:74)
</error>
    <system-out><![CDATA[Driver: AndroidDriver: chrome on ANDROID (6e1713ba84a9d7f3fd110c7b00b3aa46)
8 AbMobileNav: org.openqa.selenium.WebDriverException: An error occurred (WARNING: The server did not provide any stacktrace information)
Command duration or timeout: 9 milliseconds
Build info: version: '2.42.2', revision: '6a6995d31c7c56c340d6f45a76976d43506cd6cc', time: '2014-06-03 10:52:47'
System info: host: 'testrunner1', ip: '10.12.14.222', os.name: 'Mac OS X', os.arch: 'x86_64', os.version: '10.10.2', java.version: '1.7.0_67'
Session ID: 4f54e5eb41d345bd0224c2c8d5369704
Driver info: io.appium.java_client.android.AndroidDriver
Capabilities [{platform=ANDROID, acceptSslCerts=true, javascriptEnabled=true, browserName=chrome, chrome={}, rotatable=false, locationContextEnabled=true, mobileEmulationEnabled=false, version=40.0.2214.109, takesHeapSnapshot=true, cssSelectorsEnabled=true, databaseEnabled=false, handlesAlerts=true, browserConnectionEnabled=false, nativeEvents=true, webStorageEnabled=true, applicationCacheEnabled=false, takesScreenshot=true}]
Try to assert page title: Fotboll | Sportbladet
9 AbMobileNav: org.openqa.selenium.WebDriverException: An error occurred (WARNING: The server did not provide any stacktrace information)
Command duration or timeout: 9 milliseconds
Build info: version: '2.42.2', revision: '6a6995d31c7c56c340d6f45a76976d43506cd6cc', time: '2014-06-03 10:52:47'
System info: host: 'testrunner1', ip: '10.12.14.222', os.name: 'Mac OS X', os.arch: 'x86_64', os.version: '10.10.2', java.version: '1.7.0_67'
Session ID: 4f54e5eb41d345bd0224c2c8d5369704
Driver info: io.appium.java_client.android.AndroidDriver
Capabilities [{platform=ANDROID, acceptSslCerts=true, javascriptEnabled=true, browserName=chrome, chrome={}, rotatable=false, locationContextEnabled=true, mobileEmulationEnabled=false, version=40.0.2214.109, takesHeapSnapshot=true, cssSelectorsEnabled=true, databaseEnabled=false, handlesAlerts=true, browserConnectionEnabled=false, nativeEvents=true, webStorageEnabled=true, applicationCacheEnabled=false, takesScreenshot=true}]
10 AbMobileNav: org.openqa.selenium.WebDriverException: An error occurred (WARNING: The server did not provide any stacktrace information)
Command duration or timeout: 10 milliseconds
Build info: version: '2.42.2', revision: '6a6995d31c7c56c340d6f45a76976d43506cd6cc', time: '2014-06-03 10:52:47'
System info: host: 'testrunner1', ip: '10.12.14.222', os.name: 'Mac OS X', os.arch: 'x86_64', os.version: '10.10.2', java.version: '1.7.0_67'
Session ID: 4f54e5eb41d345bd0224c2c8d5369704
Driver info: io.appium.java_client.android.AndroidDriver
Capabilities [{platform=ANDROID, acceptSslCerts=true, javascriptEnabled=true, browserName=chrome, chrome={}, rotatable=false, locationContextEnabled=true, mobileEmulationEnabled=false, version=40.0.2214.109, takesHeapSnapshot=true, cssSelectorsEnabled=true, databaseEnabled=false, handlesAlerts=true, browserConnectionEnabled=false, nativeEvents=true, webStorageEnabled=true, applicationCacheEnabled=false, takesScreenshot=true}]
11 AbMobileNav: org.openqa.selenium.WebDriverException: An error occurred (WARNING: The server did not provide any stacktrace information)
Command duration or timeout: 10 milliseconds
Build info: version: '2.42.2', revision: '6a6995d31c7c56c340d6f45a76976d43506cd6cc', time: '2014-06-03 10:52:47'
System info: host: 'testrunner1', ip: '10.12.14.222', os.name: 'Mac OS X', os.arch: 'x86_64', os.version: '10.10.2', java.version: '1.7.0_67'
Session ID: 4f54e5eb41d345bd0224c2c8d5369704
Driver info: io.appium.java_client.android.AndroidDriver
Capabilities [{platform=ANDROID, acceptSslCerts=true, javascriptEnabled=true, browserName=chrome, chrome={}, rotatable=false, locationContextEnabled=true, mobileEmulationEnabled=false, version=40.0.2214.109, takesHeapSnapshot=true, cssSelectorsEnabled=true, databaseEnabled=false, handlesAlerts=true, browserConnectionEnabled=false, nativeEvents=true, webStorageEnabled=true, applicationCacheEnabled=false, takesScreenshot=true}]
12 AbMobileNav: org.openqa.selenium.WebDriverException: An error occurred (WARNING: The server did not provide any stacktrace information)
Command duration or timeout: 10 milliseconds
Build info: version: '2.42.2', revision: '6a6995d31c7c56c340d6f45a76976d43506cd6cc', time: '2014-06-03 10:52:47'
System info: host: 'testrunner1', ip: '10.12.14.222', os.name: 'Mac OS X', os.arch: 'x86_64', os.version: '10.10.2', java.version: '1.7.0_67'
Session ID: 4f54e5eb41d345bd0224c2c8d5369704
Driver info: io.appium.java_client.android.AndroidDriver
Capabilities [{platform=ANDROID, acceptSslCerts=true, javascriptEnabled=true, browserName=chrome, chrome={}, rotatable=false, locationContextEnabled=true, mobileEmulationEnabled=false, version=40.0.2214.109, takesHeapSnapshot=true, cssSelectorsEnabled=true, databaseEnabled=false, handlesAlerts=true, browserConnectionEnabled=false, nativeEvents=true, webStorageEnabled=true, applicationCacheEnabled=false, takesScreenshot=true}]
13 AbMobileNav: org.openqa.selenium.WebDriverException: An error occurred (WARNING: The server did not provide any stacktrace information)
Command duration or timeout: 10 milliseconds
Build info: version: '2.42.2', revision: '6a6995d31c7c56c340d6f45a76976d43506cd6cc', time: '2014-06-03 10:52:47'
System info: host: 'testrunner1', ip: '10.12.14.222', os.name: 'Mac OS X', os.arch: 'x86_64', os.version: '10.10.2', java.version: '1.7.0_67'
Session ID: 4f54e5eb41d345bd0224c2c8d5369704
Driver info: io.appium.java_client.android.AndroidDriver
Capabilities [{platform=ANDROID, acceptSslCerts=true, javascriptEnabled=true, browserName=chrome, chrome={}, rotatable=false, locationContextEnabled=true, mobileEmulationEnabled=false, version=40.0.2214.109, takesHeapSnapshot=true, cssSelectorsEnabled=true, databaseEnabled=false, handlesAlerts=true, browserConnectionEnabled=false, nativeEvents=true, webStorageEnabled=true, applicationCacheEnabled=false, takesScreenshot=true}]
>>>Compare to page title: fotboll | sportbladet | aftonbladet
14 AbMobileNav: org.openqa.selenium.WebDriverException: An error occurred (WARNING: The server did not provide any stacktrace information)
Command duration or timeout: 9 milliseconds
Build info: version: '2.42.2', revision: '6a6995d31c7c56c340d6f45a76976d43506cd6cc', time: '2014-06-03 10:52:47'
System info: host: 'testrunner1', ip: '10.12.14.222', os.name: 'Mac OS X', os.arch: 'x86_64', os.version: '10.10.2', java.version: '1.7.0_67'
Session ID: 4f54e5eb41d345bd0224c2c8d5369704
Driver info: io.appium.java_client.android.AndroidDriver
Capabilities [{platform=ANDROID, acceptSslCerts=true, javascriptEnabled=true, browserName=chrome, chrome={}, rotatable=false, locationContextEnabled=true, mobileEmulationEnabled=false, version=40.0.2214.109, takesHeapSnapshot=true, cssSelectorsEnabled=true, databaseEnabled=false, handlesAlerts=true, browserConnectionEnabled=false, nativeEvents=true, webStorageEnabled=true, applicationCacheEnabled=false, takesScreenshot=true}]
By: By.xpath: //*[@class="abSubNav"]//li/a[text()='Hockey' and not(@disabled)]
15 AbMobileNav: org.openqa.selenium.WebDriverException: An error occurred (WARNING: The server did not provide any stacktrace information)
Command duration or timeout: 10 milliseconds
Build info: version: '2.42.2', revision: '6a6995d31c7c56c340d6f45a76976d43506cd6cc', time: '2014-06-03 10:52:47'
System info: host: 'testrunner1', ip: '10.12.14.222', os.name: 'Mac OS X', os.arch: 'x86_64', os.version: '10.10.2', java.version: '1.7.0_67'
Session ID: 4f54e5eb41d345bd0224c2c8d5369704
Driver info: io.appium.java_client.android.AndroidDriver
Capabilities [{platform=ANDROID, acceptSslCerts=true, javascriptEnabled=true, browserName=chrome, chrome={}, rotatable=false, locationContextEnabled=true, mobileEmulationEnabled=false, version=40.0.2214.109, takesHeapSnapshot=true, cssSelectorsEnabled=true, databaseEnabled=false, handlesAlerts=true, browserConnectionEnabled=false, nativeEvents=true, webStorageEnabled=true, applicationCacheEnabled=false, takesScreenshot=true}]
16 AbMobileNav: org.openqa.selenium.WebDriverException: An error occurred (WARNING: The server did not provide any stacktrace information)
Command duration or timeout: 8 milliseconds
Build info: version: '2.42.2', revision: '6a6995d31c7c56c340d6f45a76976d43506cd6cc', time: '2014-06-03 10:52:47'
System info: host: 'testrunner1', ip: '10.12.14.222', os.name: 'Mac OS X', os.arch: 'x86_64', os.version: '10.10.2', java.version: '1.7.0_67'
Session ID: 4f54e5eb41d345bd0224c2c8d5369704
Driver info: io.appium.java_client.android.AndroidDriver
Capabilities [{platform=ANDROID, acceptSslCerts=true, javascriptEnabled=true, browserName=chrome, chrome={}, rotatable=false, locationContextEnabled=true, mobileEmulationEnabled=false, version=40.0.2214.109, takesHeapSnapshot=true, cssSelectorsEnabled=true, databaseEnabled=false, handlesAlerts=true, browserConnectionEnabled=false, nativeEvents=true, webStorageEnabled=true, applicationCacheEnabled=false, takesScreenshot=true}]
17 AbMobileNav: org.openqa.selenium.WebDriverException: An error occurred (WARNING: The server did not provide any stacktrace information)
Command duration or timeout: 9 milliseconds
Build info: version: '2.42.2', revision: '6a6995d31c7c56c340d6f45a76976d43506cd6cc', time: '2014-06-03 10:52:47'
System info: host: 'testrunner1', ip: '10.12.14.222', os.name: 'Mac OS X', os.arch: 'x86_64', os.version: '10.10.2', java.version: '1.7.0_67'
Session ID: 4f54e5eb41d345bd0224c2c8d5369704
Driver info: io.appium.java_client.android.AndroidDriver
Capabilities [{platform=ANDROID, acceptSslCerts=true, javascriptEnabled=true, browserName=chrome, chrome={}, rotatable=false, locationContextEnabled=true, mobileEmulationEnabled=false, version=40.0.2214.109, takesHeapSnapshot=true, cssSelectorsEnabled=true, databaseEnabled=false, handlesAlerts=true, browserConnectionEnabled=false, nativeEvents=true, webStorageEnabled=true, applicationCacheEnabled=false, takesScreenshot=true}]
Try to assert page title: Hockey | Sportbladet
18 AbMobileNav: org.openqa.selenium.WebDriverException: An error occurred (WARNING: The server did not provide any stacktrace information)
Command duration or timeout: 9 milliseconds
Build info: version: '2.42.2', revision: '6a6995d31c7c56c340d6f45a76976d43506cd6cc', time: '2014-06-03 10:52:47'
System info: host: 'testrunner1', ip: '10.12.14.222', os.name: 'Mac OS X', os.arch: 'x86_64', os.version: '10.10.2', java.version: '1.7.0_67'
Session ID: 4f54e5eb41d345bd0224c2c8d5369704
Driver info: io.appium.java_client.android.AndroidDriver
Capabilities [{platform=ANDROID, acceptSslCerts=true, javascriptEnabled=true, browserName=chrome, chrome={}, rotatable=false, locationContextEnabled=true, mobileEmulationEnabled=false, version=40.0.2214.109, takesHeapSnapshot=true, cssSelectorsEnabled=true, databaseEnabled=false, handlesAlerts=true, browserConnectionEnabled=false, nativeEvents=true, webStorageEnabled=true, applicationCacheEnabled=false, takesScreenshot=true}]
19 AbMobileNav: org.openqa.selenium.WebDriverException: An error occurred (WARNING: The server did not provide any stacktrace information)
Command duration or timeout: 11 milliseconds
Build info: version: '2.42.2', revision: '6a6995d31c7c56c340d6f45a76976d43506cd6cc', time: '2014-06-03 10:52:47'
System info: host: 'testrunner1', ip: '10.12.14.222', os.name: 'Mac OS X', os.arch: 'x86_64', os.version: '10.10.2', java.version: '1.7.0_67'
Session ID: 4f54e5eb41d345bd0224c2c8d5369704
Driver info: io.appium.java_client.android.AndroidDriver
Capabilities [{platform=ANDROID, acceptSslCerts=true, javascriptEnabled=true, browserName=chrome, chrome={}, rotatable=false, locationContextEnabled=true, mobileEmulationEnabled=false, version=40.0.2214.109, takesHeapSnapshot=true, cssSelectorsEnabled=true, databaseEnabled=false, handlesAlerts=true, browserConnectionEnabled=false, nativeEvents=true, webStorageEnabled=true, applicationCacheEnabled=false, takesScreenshot=true}]
]]></system-out>
  </testcase>
  <testcase name="goToTvPage[Android_4.4.4_SM-N910F_Chrome_UNKNOWN]" classname="se.aftonbladet.abtest.tests.mobile.menu.AbMobileNavTest(20150220-010048)" time="9.31"/>
  <testcase name="goToSportPage[Android_4.4.2_GT-I9505_Chrome_UNKNOWN]" classname="se.aftonbladet.abtest.tests.mobile.menu.AbMobileNavTest(20150220-010048)" time="0.75"/>
  <testcase name="goToSportPage[Android_4.4.4_GT-I9305_Chrome_UNKNOWN]" classname="se.aftonbladet.abtest.tests.mobile.menu.AbMobileNavTest(20150220-010048)" time="0.28">
    <error message="chrome not reachable&#10;  (Session info: chrome=40.0.2214.109)&#10;  (Driver info: chromedriver=2.14.313457 (3d645c400edf2e2c500566c9aa096063e707c9cf),platform=Mac OS X 10.10.2 x86_64) (WARNING: The server did not provide any stacktrace information)&#10;Command duration or timeout: 8 milliseconds&#10;Build info: version: &apos;2.42.2&apos;, revision: &apos;6a6995d31c7c56c340d6f45a76976d43506cd6cc&apos;, time: &apos;2014-06-03 10:52:47&apos;&#10;System info: host: &apos;testrunner1&apos;, ip: &apos;10.12.14.222&apos;, os.name: &apos;Mac OS X&apos;, os.arch: &apos;x86_64&apos;, os.version: &apos;10.10.2&apos;, java.version: &apos;1.7.0_67&apos;&#10;Session ID: 4f54e5eb41d345bd0224c2c8d5369704&#10;Driver info: io.appium.java_client.android.AndroidDriver&#10;Capabilities [{platform=ANDROID, acceptSslCerts=true, javascriptEnabled=true, browserName=chrome, chrome={}, rotatable=false, locationContextEnabled=true, mobileEmulationEnabled=false, version=40.0.2214.109, takesHeapSnapshot=true, cssSelectorsEnabled=true, databaseEnabled=false, handlesAlerts=true, browserConnectionEnabled=false, nativeEvents=true, webStorageEnabled=true, applicationCacheEnabled=false, takesScreenshot=true}]" type="org.openqa.selenium.WebDriverException">org.openqa.selenium.WebDriverException: chrome not reachable
  (Session info: chrome=40.0.2214.109)
  (Driver info: chromedriver=2.14.313457 (3d645c400edf2e2c500566c9aa096063e707c9cf),platform=Mac OS X 10.10.2 x86_64) (WARNING: The server did not provide any stacktrace information)
Command duration or timeout: 8 milliseconds
Build info: version: '2.42.2', revision: '6a6995d31c7c56c340d6f45a76976d43506cd6cc', time: '2014-06-03 10:52:47'
System info: host: 'testrunner1', ip: '10.12.14.222', os.name: 'Mac OS X', os.arch: 'x86_64', os.version: '10.10.2', java.version: '1.7.0_67'
Session ID: 4f54e5eb41d345bd0224c2c8d5369704
Driver info: io.appium.java_client.android.AndroidDriver
Capabilities [{platform=ANDROID, acceptSslCerts=true, javascriptEnabled=true, browserName=chrome, chrome={}, rotatable=false, locationContextEnabled=true, mobileEmulationEnabled=false, version=40.0.2214.109, takesHeapSnapshot=true, cssSelectorsEnabled=true, databaseEnabled=false, handlesAlerts=true, browserConnectionEnabled=false, nativeEvents=true, webStorageEnabled=true, applicationCacheEnabled=false, takesScreenshot=true}]
	at sun.reflect.GeneratedConstructorAccessor11.newInstance(Unknown Source)
	at sun.reflect.DelegatingConstructorAccessorImpl.newInstance(DelegatingConstructorAccessorImpl.java:45)
	at java.lang.reflect.Constructor.newInstance(Constructor.java:526)
	at org.openqa.selenium.remote.ErrorHandler.createThrowable(ErrorHandler.java:204)
	at org.openqa.selenium.remote.ErrorHandler.throwIfResponseFailed(ErrorHandler.java:156)
	at org.openqa.selenium.remote.RemoteWebDriver.execute(RemoteWebDriver.java:599)
	at io.appium.java_client.AppiumDriver.execute(AppiumDriver.java:180)
	at io.appium.java_client.AppiumDriver.execute(AppiumDriver.java:185)
	at org.openqa.selenium.remote.RemoteWebDriver$RemoteWebDriverOptions.deleteAllCookies(RemoteWebDriver.java:685)
	at se.aftonbladet.abtest.tests.mobile.menu.AbMobileNavTest.setUp(AbMobileNavTest.java:74)
</error>
    <system-out><![CDATA[Driver: AndroidDriver: chrome on ANDROID (f3af855fce0355d20b3a7a2ae43e932a)
]]></system-out>
  </testcase>
  <testcase name="goToDebatePage[Android_4.4.4_GT-I9305_Chrome_UNKNOWN]" classname="se.aftonbladet.abtest.tests.mobile.menu.AbMobileNavTest(20150220-010048)" time="10.341">
    <error message="chrome not reachable&#10;  (Session info: chrome=40.0.2214.109)&#10;  (Driver info: chromedriver=2.14.313457 (3d645c400edf2e2c500566c9aa096063e707c9cf),platform=Mac OS X 10.10.2 x86_64) (WARNING: The server did not provide any stacktrace information)&#10;Command duration or timeout: 9 milliseconds&#10;Build info: version: &apos;2.42.2&apos;, revision: &apos;6a6995d31c7c56c340d6f45a76976d43506cd6cc&apos;, time: &apos;2014-06-03 10:52:47&apos;&#10;System info: host: &apos;testrunner1&apos;, ip: &apos;10.12.14.222&apos;, os.name: &apos;Mac OS X&apos;, os.arch: &apos;x86_64&apos;, os.version: &apos;10.10.2&apos;, java.version: &apos;1.7.0_67&apos;&#10;Session ID: 4f54e5eb41d345bd0224c2c8d5369704&#10;Driver info: io.appium.java_client.android.AndroidDriver&#10;Capabilities [{platform=ANDROID, acceptSslCerts=true, javascriptEnabled=true, browserName=chrome, chrome={}, rotatable=false, locationContextEnabled=true, mobileEmulationEnabled=false, version=40.0.2214.109, takesHeapSnapshot=true, cssSelectorsEnabled=true, databaseEnabled=false, handlesAlerts=true, browserConnectionEnabled=false, nativeEvents=true, webStorageEnabled=true, applicationCacheEnabled=false, takesScreenshot=true}]" type="org.openqa.selenium.WebDriverException">org.openqa.selenium.WebDriverException: chrome not reachable
  (Session info: chrome=40.0.2214.109)
  (Driver info: chromedriver=2.14.313457 (3d645c400edf2e2c500566c9aa096063e707c9cf),platform=Mac OS X 10.10.2 x86_64) (WARNING: The server did not provide any stacktrace information)
Command duration or timeout: 9 milliseconds
Build info: version: '2.42.2', revision: '6a6995d31c7c56c340d6f45a76976d43506cd6cc', time: '2014-06-03 10:52:47'
System info: host: 'testrunner1', ip: '10.12.14.222', os.name: 'Mac OS X', os.arch: 'x86_64', os.version: '10.10.2', java.version: '1.7.0_67'
Session ID: 4f54e5eb41d345bd0224c2c8d5369704
Driver info: io.appium.java_client.android.AndroidDriver
Capabilities [{platform=ANDROID, acceptSslCerts=true, javascriptEnabled=true, browserName=chrome, chrome={}, rotatable=false, locationContextEnabled=true, mobileEmulationEnabled=false, version=40.0.2214.109, takesHeapSnapshot=true, cssSelectorsEnabled=true, databaseEnabled=false, handlesAlerts=true, browserConnectionEnabled=false, nativeEvents=true, webStorageEnabled=true, applicationCacheEnabled=false, takesScreenshot=true}]
	at sun.reflect.GeneratedConstructorAccessor11.newInstance(Unknown Source)
	at sun.reflect.DelegatingConstructorAccessorImpl.newInstance(DelegatingConstructorAccessorImpl.java:45)
	at java.lang.reflect.Constructor.newInstance(Constructor.java:526)
	at org.openqa.selenium.remote.ErrorHandler.createThrowable(ErrorHandler.java:204)
	at org.openqa.selenium.remote.ErrorHandler.throwIfResponseFailed(ErrorHandler.java:156)
	at org.openqa.selenium.remote.RemoteWebDriver.execute(RemoteWebDriver.java:599)
	at io.appium.java_client.AppiumDriver.execute(AppiumDriver.java:180)
	at io.appium.java_client.AppiumDriver.execute(AppiumDriver.java:185)
	at org.openqa.selenium.remote.RemoteWebDriver$RemoteWebDriverOptions.deleteAllCookies(RemoteWebDriver.java:685)
	at se.aftonbladet.abtest.tests.mobile.menu.AbMobileNavTest.setUp(AbMobileNavTest.java:74)
</error>
    <system-out><![CDATA[Driver: AndroidDriver: chrome on ANDROID (4f54e5eb41d345bd0224c2c8d5369704)
0 AbMobileNav: org.openqa.selenium.WebDriverException: An error occurred (WARNING: The server did not provide any stacktrace information)
Command duration or timeout: 8 milliseconds
Build info: version: '2.42.2', revision: '6a6995d31c7c56c340d6f45a76976d43506cd6cc', time: '2014-06-03 10:52:47'
System info: host: 'testrunner1', ip: '10.12.14.222', os.name: 'Mac OS X', os.arch: 'x86_64', os.version: '10.10.2', java.version: '1.7.0_67'
Session ID: 4f54e5eb41d345bd0224c2c8d5369704
Driver info: io.appium.java_client.android.AndroidDriver
Capabilities [{platform=ANDROID, acceptSslCerts=true, javascriptEnabled=true, browserName=chrome, chrome={}, rotatable=false, locationContextEnabled=true, mobileEmulationEnabled=false, version=40.0.2214.109, takesHeapSnapshot=true, cssSelectorsEnabled=true, databaseEnabled=false, handlesAlerts=true, browserConnectionEnabled=false, nativeEvents=true, webStorageEnabled=true, applicationCacheEnabled=false, takesScreenshot=true}]
1 AbMobileNav: org.openqa.selenium.WebDriverException: An error occurred (WARNING: The server did not provide any stacktrace information)
Command duration or timeout: 8 milliseconds
Build info: version: '2.42.2', revision: '6a6995d31c7c56c340d6f45a76976d43506cd6cc', time: '2014-06-03 10:52:47'
System info: host: 'testrunner1', ip: '10.12.14.222', os.name: 'Mac OS X', os.arch: 'x86_64', os.version: '10.10.2', java.version: '1.7.0_67'
Session ID: 4f54e5eb41d345bd0224c2c8d5369704
Driver info: io.appium.java_client.android.AndroidDriver
Capabilities [{platform=ANDROID, acceptSslCerts=true, javascriptEnabled=true, browserName=chrome, chrome={}, rotatable=false, locationContextEnabled=true, mobileEmulationEnabled=false, version=40.0.2214.109, takesHeapSnapshot=true, cssSelectorsEnabled=true, databaseEnabled=false, handlesAlerts=true, browserConnectionEnabled=false, nativeEvents=true, webStorageEnabled=true, applicationCacheEnabled=false, takesScreenshot=true}]
2 AbMobileNav: org.openqa.selenium.WebDriverException: An error occurred (WARNING: The server did not provide any stacktrace information)
Command duration or timeout: 8 milliseconds
Build info: version: '2.42.2', revision: '6a6995d31c7c56c340d6f45a76976d43506cd6cc', time: '2014-06-03 10:52:47'
System info: host: 'testrunner1', ip: '10.12.14.222', os.name: 'Mac OS X', os.arch: 'x86_64', os.version: '10.10.2', java.version: '1.7.0_67'
Session ID: 4f54e5eb41d345bd0224c2c8d5369704
Driver info: io.appium.java_client.android.AndroidDriver
Capabilities [{platform=ANDROID, acceptSslCerts=true, javascriptEnabled=true, browserName=chrome, chrome={}, rotatable=false, locationContextEnabled=true, mobileEmulationEnabled=false, version=40.0.2214.109, takesHeapSnapshot=true, cssSelectorsEnabled=true, databaseEnabled=false, handlesAlerts=true, browserConnectionEnabled=false, nativeEvents=true, webStorageEnabled=true, applicationCacheEnabled=false, takesScreenshot=true}]
3 AbMobileNav: org.openqa.selenium.WebDriverException: An error occurred (WARNING: The server did not provide any stacktrace information)
Command duration or timeout: 9 milliseconds
Build info: version: '2.42.2', revision: '6a6995d31c7c56c340d6f45a76976d43506cd6cc', time: '2014-06-03 10:52:47'
System info: host: 'testrunner1', ip: '10.12.14.222', os.name: 'Mac OS X', os.arch: 'x86_64', os.version: '10.10.2', java.version: '1.7.0_67'
Session ID: 4f54e5eb41d345bd0224c2c8d5369704
Driver info: io.appium.java_client.android.AndroidDriver
Capabilities [{platform=ANDROID, acceptSslCerts=true, javascriptEnabled=true, browserName=chrome, chrome={}, rotatable=false, locationContextEnabled=true, mobileEmulationEnabled=false, version=40.0.2214.109, takesHeapSnapshot=true, cssSelectorsEnabled=true, databaseEnabled=false, handlesAlerts=true, browserConnectionEnabled=false, nativeEvents=true, webStorageEnabled=true, applicationCacheEnabled=false, takesScreenshot=true}]
4 AbMobileNav: org.openqa.selenium.WebDriverException: An error occurred (WARNING: The server did not provide any stacktrace information)
Command duration or timeout: 9 milliseconds
Build info: version: '2.42.2', revision: '6a6995d31c7c56c340d6f45a76976d43506cd6cc', time: '2014-06-03 10:52:47'
System info: host: 'testrunner1', ip: '10.12.14.222', os.name: 'Mac OS X', os.arch: 'x86_64', os.version: '10.10.2', java.version: '1.7.0_67'
Session ID: 4f54e5eb41d345bd0224c2c8d5369704
Driver info: io.appium.java_client.android.AndroidDriver
Capabilities [{platform=ANDROID, acceptSslCerts=true, javascriptEnabled=true, browserName=chrome, chrome={}, rotatable=false, locationContextEnabled=true, mobileEmulationEnabled=false, version=40.0.2214.109, takesHeapSnapshot=true, cssSelectorsEnabled=true, databaseEnabled=false, handlesAlerts=true, browserConnectionEnabled=false, nativeEvents=true, webStorageEnabled=true, applicationCacheEnabled=false, takesScreenshot=true}]
5 AbMobileNav: org.openqa.selenium.WebDriverException: An error occurred (WARNING: The server did not provide any stacktrace information)
Command duration or timeout: 10 milliseconds
Build info: version: '2.42.2', revision: '6a6995d31c7c56c340d6f45a76976d43506cd6cc', time: '2014-06-03 10:52:47'
System info: host: 'testrunner1', ip: '10.12.14.222', os.name: 'Mac OS X', os.arch: 'x86_64', os.version: '10.10.2', java.version: '1.7.0_67'
Session ID: 4f54e5eb41d345bd0224c2c8d5369704
Driver info: io.appium.java_client.android.AndroidDriver
Capabilities [{platform=ANDROID, acceptSslCerts=true, javascriptEnabled=true, browserName=chrome, chrome={}, rotatable=false, locationContextEnabled=true, mobileEmulationEnabled=false, version=40.0.2214.109, takesHeapSnapshot=true, cssSelectorsEnabled=true, databaseEnabled=false, handlesAlerts=true, browserConnectionEnabled=false, nativeEvents=true, webStorageEnabled=true, applicationCacheEnabled=false, takesScreenshot=true}]
6 AbMobileNav: org.openqa.selenium.WebDriverException: An error occurred (WARNING: The server did not provide any stacktrace information)
Command duration or timeout: 9 milliseconds
Build info: version: '2.42.2', revision: '6a6995d31c7c56c340d6f45a76976d43506cd6cc', time: '2014-06-03 10:52:47'
System info: host: 'testrunner1', ip: '10.12.14.222', os.name: 'Mac OS X', os.arch: 'x86_64', os.version: '10.10.2', java.version: '1.7.0_67'
Session ID: 4f54e5eb41d345bd0224c2c8d5369704
Driver info: io.appium.java_client.android.AndroidDriver
Capabilities [{platform=ANDROID, acceptSslCerts=true, javascriptEnabled=true, browserName=chrome, chrome={}, rotatable=false, locationContextEnabled=true, mobileEmulationEnabled=false, version=40.0.2214.109, takesHeapSnapshot=true, cssSelectorsEnabled=true, databaseEnabled=false, handlesAlerts=true, browserConnectionEnabled=false, nativeEvents=true, webStorageEnabled=true, applicationCacheEnabled=false, takesScreenshot=true}]
7 AbMobileNav: org.openqa.selenium.WebDriverException: An error occurred (WARNING: The server did not provide any stacktrace information)
Command duration or timeout: 9 milliseconds
Build info: version: '2.42.2', revision: '6a6995d31c7c56c340d6f45a76976d43506cd6cc', time: '2014-06-03 10:52:47'
System info: host: 'testrunner1', ip: '10.12.14.222', os.name: 'Mac OS X', os.arch: 'x86_64', os.version: '10.10.2', java.version: '1.7.0_67'
Session ID: 4f54e5eb41d345bd0224c2c8d5369704
Driver info: io.appium.java_client.android.AndroidDriver
Capabilities [{platform=ANDROID, acceptSslCerts=true, javascriptEnabled=true, browserName=chrome, chrome={}, rotatable=false, locationContextEnabled=true, mobileEmulationEnabled=false, version=40.0.2214.109, takesHeapSnapshot=true, cssSelectorsEnabled=true, databaseEnabled=false, handlesAlerts=true, browserConnectionEnabled=false, nativeEvents=true, webStorageEnabled=true, applicationCacheEnabled=false, takesScreenshot=true}]
8 AbMobileNav: org.openqa.selenium.WebDriverException: An error occurred (WARNING: The server did not provide any stacktrace information)
Command duration or timeout: 8 milliseconds
Build info: version: '2.42.2', revision: '6a6995d31c7c56c340d6f45a76976d43506cd6cc', time: '2014-06-03 10:52:47'
System info: host: 'testrunner1', ip: '10.12.14.222', os.name: 'Mac OS X', os.arch: 'x86_64', os.version: '10.10.2', java.version: '1.7.0_67'
Session ID: 4f54e5eb41d345bd0224c2c8d5369704
Driver info: io.appium.java_client.android.AndroidDriver
Capabilities [{platform=ANDROID, acceptSslCerts=true, javascriptEnabled=true, browserName=chrome, chrome={}, rotatable=false, locationContextEnabled=true, mobileEmulationEnabled=false, version=40.0.2214.109, takesHeapSnapshot=true, cssSelectorsEnabled=true, databaseEnabled=false, handlesAlerts=true, browserConnectionEnabled=false, nativeEvents=true, webStorageEnabled=true, applicationCacheEnabled=false, takesScreenshot=true}]
9 AbMobileNav: org.openqa.selenium.WebDriverException: An error occurred (WARNING: The server did not provide any stacktrace information)
Command duration or timeout: 13 milliseconds
Build info: version: '2.42.2', revision: '6a6995d31c7c56c340d6f45a76976d43506cd6cc', time: '2014-06-03 10:52:47'
System info: host: 'testrunner1', ip: '10.12.14.222', os.name: 'Mac OS X', os.arch: 'x86_64', os.version: '10.10.2', java.version: '1.7.0_67'
Session ID: 4f54e5eb41d345bd0224c2c8d5369704
Driver info: io.appium.java_client.android.AndroidDriver
Capabilities [{platform=ANDROID, acceptSslCerts=true, javascriptEnabled=true, browserName=chrome, chrome={}, rotatable=false, locationContextEnabled=true, mobileEmulationEnabled=false, version=40.0.2214.109, takesHeapSnapshot=true, cssSelectorsEnabled=true, databaseEnabled=false, handlesAlerts=true, browserConnectionEnabled=false, nativeEvents=true, webStorageEnabled=true, applicationCacheEnabled=false, takesScreenshot=true}]
10 AbMobileNav: org.openqa.selenium.WebDriverException: An error occurred (WARNING: The server did not provide any stacktrace information)
Command duration or timeout: 8 milliseconds
Build info: version: '2.42.2', revision: '6a6995d31c7c56c340d6f45a76976d43506cd6cc', time: '2014-06-03 10:52:47'
System info: host: 'testrunner1', ip: '10.12.14.222', os.name: 'Mac OS X', os.arch: 'x86_64', os.version: '10.10.2', java.version: '1.7.0_67'
Session ID: 4f54e5eb41d345bd0224c2c8d5369704
Driver info: io.appium.java_client.android.AndroidDriver
Capabilities [{platform=ANDROID, acceptSslCerts=true, javascriptEnabled=true, browserName=chrome, chrome={}, rotatable=false, locationContextEnabled=true, mobileEmulationEnabled=false, version=40.0.2214.109, takesHeapSnapshot=true, cssSelectorsEnabled=true, databaseEnabled=false, handlesAlerts=true, browserConnectionEnabled=false, nativeEvents=true, webStorageEnabled=true, applicationCacheEnabled=false, takesScreenshot=true}]
11 AbMobileNav: org.openqa.selenium.WebDriverException: An error occurred (WARNING: The server did not provide any stacktrace information)
Command duration or timeout: 12 milliseconds
Build info: version: '2.42.2', revision: '6a6995d31c7c56c340d6f45a76976d43506cd6cc', time: '2014-06-03 10:52:47'
System info: host: 'testrunner1', ip: '10.12.14.222', os.name: 'Mac OS X', os.arch: 'x86_64', os.version: '10.10.2', java.version: '1.7.0_67'
Session ID: 4f54e5eb41d345bd0224c2c8d5369704
Driver info: io.appium.java_client.android.AndroidDriver
Capabilities [{platform=ANDROID, acceptSslCerts=true, javascriptEnabled=true, browserName=chrome, chrome={}, rotatable=false, locationContextEnabled=true, mobileEmulationEnabled=false, version=40.0.2214.109, takesHeapSnapshot=true, cssSelectorsEnabled=true, databaseEnabled=false, handlesAlerts=true, browserConnectionEnabled=false, nativeEvents=true, webStorageEnabled=true, applicationCacheEnabled=false, takesScreenshot=true}]
12 AbMobileNav: org.openqa.selenium.WebDriverException: An error occurred (WARNING: The server did not provide any stacktrace information)
Command duration or timeout: 9 milliseconds
Build info: version: '2.42.2', revision: '6a6995d31c7c56c340d6f45a76976d43506cd6cc', time: '2014-06-03 10:52:47'
System info: host: 'testrunner1', ip: '10.12.14.222', os.name: 'Mac OS X', os.arch: 'x86_64', os.version: '10.10.2', java.version: '1.7.0_67'
Session ID: 4f54e5eb41d345bd0224c2c8d5369704
Driver info: io.appium.java_client.android.AndroidDriver
Capabilities [{platform=ANDROID, acceptSslCerts=true, javascriptEnabled=true, browserName=chrome, chrome={}, rotatable=false, locationContextEnabled=true, mobileEmulationEnabled=false, version=40.0.2214.109, takesHeapSnapshot=true, cssSelectorsEnabled=true, databaseEnabled=false, handlesAlerts=true, browserConnectionEnabled=false, nativeEvents=true, webStorageEnabled=true, applicationCacheEnabled=false, takesScreenshot=true}]
clickLeftMenuItem pMenuText: Debatt
13 AbMobileNav: org.openqa.selenium.WebDriverException: An error occurred (WARNING: The server did not provide any stacktrace information)
Command duration or timeout: 10 milliseconds
Build info: version: '2.42.2', revision: '6a6995d31c7c56c340d6f45a76976d43506cd6cc', time: '2014-06-03 10:52:47'
System info: host: 'testrunner1', ip: '10.12.14.222', os.name: 'Mac OS X', os.arch: 'x86_64', os.version: '10.10.2', java.version: '1.7.0_67'
Session ID: 4f54e5eb41d345bd0224c2c8d5369704
Driver info: io.appium.java_client.android.AndroidDriver
Capabilities [{platform=ANDROID, acceptSslCerts=true, javascriptEnabled=true, browserName=chrome, chrome={}, rotatable=false, locationContextEnabled=true, mobileEmulationEnabled=false, version=40.0.2214.109, takesHeapSnapshot=true, cssSelectorsEnabled=true, databaseEnabled=false, handlesAlerts=true, browserConnectionEnabled=false, nativeEvents=true, webStorageEnabled=true, applicationCacheEnabled=false, takesScreenshot=true}]
14 AbMobileNav: org.openqa.selenium.WebDriverException: An error occurred (WARNING: The server did not provide any stacktrace information)
Command duration or timeout: 11 milliseconds
Build info: version: '2.42.2', revision: '6a6995d31c7c56c340d6f45a76976d43506cd6cc', time: '2014-06-03 10:52:47'
System info: host: 'testrunner1', ip: '10.12.14.222', os.name: 'Mac OS X', os.arch: 'x86_64', os.version: '10.10.2', java.version: '1.7.0_67'
Session ID: 4f54e5eb41d345bd0224c2c8d5369704
Driver info: io.appium.java_client.android.AndroidDriver
Capabilities [{platform=ANDROID, acceptSslCerts=true, javascriptEnabled=true, browserName=chrome, chrome={}, rotatable=false, locationContextEnabled=true, mobileEmulationEnabled=false, version=40.0.2214.109, takesHeapSnapshot=true, cssSelectorsEnabled=true, databaseEnabled=false, handlesAlerts=true, browserConnectionEnabled=false, nativeEvents=true, webStorageEnabled=true, applicationCacheEnabled=false, takesScreenshot=true}]
15 AbMobileNav: org.openqa.selenium.WebDriverException: An error occurred (WARNING: The server did not provide any stacktrace information)
Command duration or timeout: 11 milliseconds
Build info: version: '2.42.2', revision: '6a6995d31c7c56c340d6f45a76976d43506cd6cc', time: '2014-06-03 10:52:47'
System info: host: 'testrunner1', ip: '10.12.14.222', os.name: 'Mac OS X', os.arch: 'x86_64', os.version: '10.10.2', java.version: '1.7.0_67'
Session ID: 4f54e5eb41d345bd0224c2c8d5369704
Driver info: io.appium.java_client.android.AndroidDriver
Capabilities [{platform=ANDROID, acceptSslCerts=true, javascriptEnabled=true, browserName=chrome, chrome={}, rotatable=false, locationContextEnabled=true, mobileEmulationEnabled=false, version=40.0.2214.109, takesHeapSnapshot=true, cssSelectorsEnabled=true, databaseEnabled=false, handlesAlerts=true, browserConnectionEnabled=false, nativeEvents=true, webStorageEnabled=true, applicationCacheEnabled=false, takesScreenshot=true}]
By: By.xpath: //*[@id='abTopMenuDynamic']/li/a[text()='Debatt' and not(@disabled)]
clickLeftMenuItem pMenuText: Ledare
16 AbMobileNav: org.openqa.selenium.WebDriverException: An error occurred (WARNING: The server did not provide any stacktrace information)
Command duration or timeout: 13 milliseconds
Build info: version: '2.42.2', revision: '6a6995d31c7c56c340d6f45a76976d43506cd6cc', time: '2014-06-03 10:52:47'
System info: host: 'testrunner1', ip: '10.12.14.222', os.name: 'Mac OS X', os.arch: 'x86_64', os.version: '10.10.2', java.version: '1.7.0_67'
Session ID: 4f54e5eb41d345bd0224c2c8d5369704
Driver info: io.appium.java_client.android.AndroidDriver
Capabilities [{platform=ANDROID, acceptSslCerts=true, javascriptEnabled=true, browserName=chrome, chrome={}, rotatable=false, locationContextEnabled=true, mobileEmulationEnabled=false, version=40.0.2214.109, takesHeapSnapshot=true, cssSelectorsEnabled=true, databaseEnabled=false, handlesAlerts=true, browserConnectionEnabled=false, nativeEvents=true, webStorageEnabled=true, applicationCacheEnabled=false, takesScreenshot=true}]
17 AbMobileNav: org.openqa.selenium.WebDriverException: An error occurred (WARNING: The server did not provide any stacktrace information)
Command duration or timeout: 9 milliseconds
Build info: version: '2.42.2', revision: '6a6995d31c7c56c340d6f45a76976d43506cd6cc', time: '2014-06-03 10:52:47'
System info: host: 'testrunner1', ip: '10.12.14.222', os.name: 'Mac OS X', os.arch: 'x86_64', os.version: '10.10.2', java.version: '1.7.0_67'
Session ID: 4f54e5eb41d345bd0224c2c8d5369704
Driver info: io.appium.java_client.android.AndroidDriver
Capabilities [{platform=ANDROID, acceptSslCerts=true, javascriptEnabled=true, browserName=chrome, chrome={}, rotatable=false, locationContextEnabled=true, mobileEmulationEnabled=false, version=40.0.2214.109, takesHeapSnapshot=true, cssSelectorsEnabled=true, databaseEnabled=false, handlesAlerts=true, browserConnectionEnabled=false, nativeEvents=true, webStorageEnabled=true, applicationCacheEnabled=false, takesScreenshot=true}]
18 AbMobileNav: org.openqa.selenium.WebDriverException: An error occurred (WARNING: The server did not provide any stacktrace information)
Command duration or timeout: 10 milliseconds
Build info: version: '2.42.2', revision: '6a6995d31c7c56c340d6f45a76976d43506cd6cc', time: '2014-06-03 10:52:47'
System info: host: 'testrunner1', ip: '10.12.14.222', os.name: 'Mac OS X', os.arch: 'x86_64', os.version: '10.10.2', java.version: '1.7.0_67'
Session ID: 4f54e5eb41d345bd0224c2c8d5369704
Driver info: io.appium.java_client.android.AndroidDriver
Capabilities [{platform=ANDROID, acceptSslCerts=true, javascriptEnabled=true, browserName=chrome, chrome={}, rotatable=false, locationContextEnabled=true, mobileEmulationEnabled=false, version=40.0.2214.109, takesHeapSnapshot=true, cssSelectorsEnabled=true, databaseEnabled=false, handlesAlerts=true, browserConnectionEnabled=false, nativeEvents=true, webStorageEnabled=true, applicationCacheEnabled=false, takesScreenshot=true}]
By: By.xpath: //*[@id='abTopMenuDynamic']/li/a[text()='Ledare' and not(@disabled)]
19 AbMobileNav: org.openqa.selenium.WebDriverException: An error occurred (WARNING: The server did not provide any stacktrace information)
Command duration or timeout: 9 milliseconds
Build info: version: '2.42.2', revision: '6a6995d31c7c56c340d6f45a76976d43506cd6cc', time: '2014-06-03 10:52:47'
System info: host: 'testrunner1', ip: '10.12.14.222', os.name: 'Mac OS X', os.arch: 'x86_64', os.version: '10.10.2', java.version: '1.7.0_67'
Session ID: 4f54e5eb41d345bd0224c2c8d5369704
Driver info: io.appium.java_client.android.AndroidDriver
Capabilities [{platform=ANDROID, acceptSslCerts=true, javascriptEnabled=true, browserName=chrome, chrome={}, rotatable=false, locationContextEnabled=true, mobileEmulationEnabled=false, version=40.0.2214.109, takesHeapSnapshot=true, cssSelectorsEnabled=true, databaseEnabled=false, handlesAlerts=true, browserConnectionEnabled=false, nativeEvents=true, webStorageEnabled=true, applicationCacheEnabled=false, takesScreenshot=true}]
]]></system-out>
  </testcase>
  <testcase name="goToDebatePage[Android_4.4.2_GT-I9505_Chrome_UNKNOWN]" classname="se.aftonbladet.abtest.tests.mobile.menu.AbMobileNavTest(20150220-010048)" time="4.446">
    <failure message="expected:&lt;39&gt; but was:&lt;27&gt;" type="java.lang.AssertionError"><![CDATA[java.lang.AssertionError: expected:<39> but was:<27>
	at org.junit.Assert.fail(Assert.java:88)
	at org.junit.Assert.failNotEquals(Assert.java:743)
	at org.junit.Assert.assertEquals(Assert.java:118)
	at org.junit.Assert.assertEquals(Assert.java:555)
	at org.junit.Assert.assertEquals(Assert.java:542)
	at se.aftonbladet.abtest.tests.mobile.menu.AbMobileNavTest.goToDebatePage(AbMobileNavTest.java:185)
]]></failure>
    <system-out><![CDATA[Driver: AndroidDriver: chrome on ANDROID (4f54e5eb41d345bd0224c2c8d5369704)
0 AbMobileNav: org.openqa.selenium.WebDriverException: An error occurred (WARNING: The server did not provide any stacktrace information)
Command duration or timeout: 9 milliseconds
Build info: version: '2.42.2', revision: '6a6995d31c7c56c340d6f45a76976d43506cd6cc', time: '2014-06-03 10:52:47'
System info: host: 'testrunner1', ip: '10.12.14.222', os.name: 'Mac OS X', os.arch: 'x86_64', os.version: '10.10.2', java.version: '1.7.0_67'
Session ID: 4f54e5eb41d345bd0224c2c8d5369704
Driver info: io.appium.java_client.android.AndroidDriver
Capabilities [{platform=ANDROID, acceptSslCerts=true, javascriptEnabled=true, browserName=chrome, chrome={}, rotatable=false, locationContextEnabled=true, mobileEmulationEnabled=false, version=40.0.2214.109, takesHeapSnapshot=true, cssSelectorsEnabled=true, databaseEnabled=false, handlesAlerts=true, browserConnectionEnabled=false, nativeEvents=true, webStorageEnabled=true, applicationCacheEnabled=false, takesScreenshot=true}]
1 AbMobileNav: org.openqa.selenium.WebDriverException: An error occurred (WARNING: The server did not provide any stacktrace information)
Command duration or timeout: 10 milliseconds
Build info: version: '2.42.2', revision: '6a6995d31c7c56c340d6f45a76976d43506cd6cc', time: '2014-06-03 10:52:47'
System info: host: 'testrunner1', ip: '10.12.14.222', os.name: 'Mac OS X', os.arch: 'x86_64', os.version: '10.10.2', java.version: '1.7.0_67'
Session ID: 4f54e5eb41d345bd0224c2c8d5369704
Driver info: io.appium.java_client.android.AndroidDriver
Capabilities [{platform=ANDROID, acceptSslCerts=true, javascriptEnabled=true, browserName=chrome, chrome={}, rotatable=false, locationContextEnabled=true, mobileEmulationEnabled=false, version=40.0.2214.109, takesHeapSnapshot=true, cssSelectorsEnabled=true, databaseEnabled=false, handlesAlerts=true, browserConnectionEnabled=false, nativeEvents=true, webStorageEnabled=true, applicationCacheEnabled=false, takesScreenshot=true}]
2 AbMobileNav: org.openqa.selenium.WebDriverException: An error occurred (WARNING: The server did not provide any stacktrace information)
Command duration or timeout: 8 milliseconds
Build info: version: '2.42.2', revision: '6a6995d31c7c56c340d6f45a76976d43506cd6cc', time: '2014-06-03 10:52:47'
System info: host: 'testrunner1', ip: '10.12.14.222', os.name: 'Mac OS X', os.arch: 'x86_64', os.version: '10.10.2', java.version: '1.7.0_67'
Session ID: 4f54e5eb41d345bd0224c2c8d5369704
Driver info: io.appium.java_client.android.AndroidDriver
Capabilities [{platform=ANDROID, acceptSslCerts=true, javascriptEnabled=true, browserName=chrome, chrome={}, rotatable=false, locationContextEnabled=true, mobileEmulationEnabled=false, version=40.0.2214.109, takesHeapSnapshot=true, cssSelectorsEnabled=true, databaseEnabled=false, handlesAlerts=true, browserConnectionEnabled=false, nativeEvents=true, webStorageEnabled=true, applicationCacheEnabled=false, takesScreenshot=true}]
3 AbMobileNav: org.openqa.selenium.WebDriverException: An error occurred (WARNING: The server did not provide any stacktrace information)
Command duration or timeout: 9 milliseconds
Build info: version: '2.42.2', revision: '6a6995d31c7c56c340d6f45a76976d43506cd6cc', time: '2014-06-03 10:52:47'
System info: host: 'testrunner1', ip: '10.12.14.222', os.name: 'Mac OS X', os.arch: 'x86_64', os.version: '10.10.2', java.version: '1.7.0_67'
Session ID: 4f54e5eb41d345bd0224c2c8d5369704
Driver info: io.appium.java_client.android.AndroidDriver
Capabilities [{platform=ANDROID, acceptSslCerts=true, javascriptEnabled=true, browserName=chrome, chrome={}, rotatable=false, locationContextEnabled=true, mobileEmulationEnabled=false, version=40.0.2214.109, takesHeapSnapshot=true, cssSelectorsEnabled=true, databaseEnabled=false, handlesAlerts=true, browserConnectionEnabled=false, nativeEvents=true, webStorageEnabled=true, applicationCacheEnabled=false, takesScreenshot=true}]
Try to assert page title: Debatt
4 AbMobileNav: org.openqa.selenium.WebDriverException: An error occurred (WARNING: The server did not provide any stacktrace information)
Command duration or timeout: 10 milliseconds
Build info: version: '2.42.2', revision: '6a6995d31c7c56c340d6f45a76976d43506cd6cc', time: '2014-06-03 10:52:47'
System info: host: 'testrunner1', ip: '10.12.14.222', os.name: 'Mac OS X', os.arch: 'x86_64', os.version: '10.10.2', java.version: '1.7.0_67'
Session ID: 4f54e5eb41d345bd0224c2c8d5369704
Driver info: io.appium.java_client.android.AndroidDriver
Capabilities [{platform=ANDROID, acceptSslCerts=true, javascriptEnabled=true, browserName=chrome, chrome={}, rotatable=false, locationContextEnabled=true, mobileEmulationEnabled=false, version=40.0.2214.109, takesHeapSnapshot=true, cssSelectorsEnabled=true, databaseEnabled=false, handlesAlerts=true, browserConnectionEnabled=false, nativeEvents=true, webStorageEnabled=true, applicationCacheEnabled=false, takesScreenshot=true}]
5 AbMobileNav: org.openqa.selenium.WebDriverException: An error occurred (WARNING: The server did not provide any stacktrace information)
Command duration or timeout: 8 milliseconds
Build info: version: '2.42.2', revision: '6a6995d31c7c56c340d6f45a76976d43506cd6cc', time: '2014-06-03 10:52:47'
System info: host: 'testrunner1', ip: '10.12.14.222', os.name: 'Mac OS X', os.arch: 'x86_64', os.version: '10.10.2', java.version: '1.7.0_67'
Session ID: 4f54e5eb41d345bd0224c2c8d5369704
Driver info: io.appium.java_client.android.AndroidDriver
Capabilities [{platform=ANDROID, acceptSslCerts=true, javascriptEnabled=true, browserName=chrome, chrome={}, rotatable=false, locationContextEnabled=true, mobileEmulationEnabled=false, version=40.0.2214.109, takesHeapSnapshot=true, cssSelectorsEnabled=true, databaseEnabled=false, handlesAlerts=true, browserConnectionEnabled=false, nativeEvents=true, webStorageEnabled=true, applicationCacheEnabled=false, takesScreenshot=true}]
>>>Compare to page title: debatt | aftonbladet
6 AbMobileNav: org.openqa.selenium.WebDriverException: An error occurred (WARNING: The server did not provide any stacktrace information)
Command duration or timeout: 10 milliseconds
Build info: version: '2.42.2', revision: '6a6995d31c7c56c340d6f45a76976d43506cd6cc', time: '2014-06-03 10:52:47'
System info: host: 'testrunner1', ip: '10.12.14.222', os.name: 'Mac OS X', os.arch: 'x86_64', os.version: '10.10.2', java.version: '1.7.0_67'
Session ID: 4f54e5eb41d345bd0224c2c8d5369704
Driver info: io.appium.java_client.android.AndroidDriver
Capabilities [{platform=ANDROID, acceptSslCerts=true, javascriptEnabled=true, browserName=chrome, chrome={}, rotatable=false, locationContextEnabled=true, mobileEmulationEnabled=false, version=40.0.2214.109, takesHeapSnapshot=true, cssSelectorsEnabled=true, databaseEnabled=false, handlesAlerts=true, browserConnectionEnabled=false, nativeEvents=true, webStorageEnabled=true, applicationCacheEnabled=false, takesScreenshot=true}]
Try to assert page title: Ledare
By: By.xpath: //*[@class='abToggle']/div
7 AbMobileNav: org.openqa.selenium.WebDriverException: An error occurred (WARNING: The server did not provide any stacktrace information)
Command duration or timeout: 10 milliseconds
Build info: version: '2.42.2', revision: '6a6995d31c7c56c340d6f45a76976d43506cd6cc', time: '2014-06-03 10:52:47'
System info: host: 'testrunner1', ip: '10.12.14.222', os.name: 'Mac OS X', os.arch: 'x86_64', os.version: '10.10.2', java.version: '1.7.0_67'
Session ID: 4f54e5eb41d345bd0224c2c8d5369704
Driver info: io.appium.java_client.android.AndroidDriver
Capabilities [{platform=ANDROID, acceptSslCerts=true, javascriptEnabled=true, browserName=chrome, chrome={}, rotatable=false, locationContextEnabled=true, mobileEmulationEnabled=false, version=40.0.2214.109, takesHeapSnapshot=true, cssSelectorsEnabled=true, databaseEnabled=false, handlesAlerts=true, browserConnectionEnabled=false, nativeEvents=true, webStorageEnabled=true, applicationCacheEnabled=false, takesScreenshot=true}]
>>>Compare to page title: ledare | aftonbladet
8 AbMobileNav: org.openqa.selenium.WebDriverException: An error occurred (WARNING: The server did not provide any stacktrace information)
Command duration or timeout: 12 milliseconds
Build info: version: '2.42.2', revision: '6a6995d31c7c56c340d6f45a76976d43506cd6cc', time: '2014-06-03 10:52:47'
System info: host: 'testrunner1', ip: '10.12.14.222', os.name: 'Mac OS X', os.arch: 'x86_64', os.version: '10.10.2', java.version: '1.7.0_67'
Session ID: 4f54e5eb41d345bd0224c2c8d5369704
Driver info: io.appium.java_client.android.AndroidDriver
Capabilities [{platform=ANDROID, acceptSslCerts=true, javascriptEnabled=true, browserName=chrome, chrome={}, rotatable=false, locationContextEnabled=true, mobileEmulationEnabled=false, version=40.0.2214.109, takesHeapSnapshot=true, cssSelectorsEnabled=true, databaseEnabled=false, handlesAlerts=true, browserConnectionEnabled=false, nativeEvents=true, webStorageEnabled=true, applicationCacheEnabled=false, takesScreenshot=true}]
]]></system-out>
  </testcase>
  <testcase name="goToLeadrePage[Android_4.4.4_SM-N910F_Chrome_UNKNOWN]" classname="se.aftonbladet.abtest.tests.mobile.menu.AbMobileNavTest(20150220-010048)" time="3.008">
    <failure message="expected:&lt;39&gt; but was:&lt;27&gt;" type="java.lang.AssertionError"><![CDATA[java.lang.AssertionError: expected:<39> but was:<27>
	at org.junit.Assert.fail(Assert.java:88)
	at org.junit.Assert.failNotEquals(Assert.java:743)
	at org.junit.Assert.assertEquals(Assert.java:118)
	at org.junit.Assert.assertEquals(Assert.java:555)
	at org.junit.Assert.assertEquals(Assert.java:542)
	at se.aftonbladet.abtest.tests.mobile.menu.AbMobileNavTest.goToLeadrePage(AbMobileNavTest.java:171)
]]></failure>
    <system-out><![CDATA[Driver: AndroidDriver: chrome on ANDROID (f3af855fce0355d20b3a7a2ae43e932a)
9 AbMobileNav: org.openqa.selenium.WebDriverException: An error occurred (WARNING: The server did not provide any stacktrace information)
Command duration or timeout: 9 milliseconds
Build info: version: '2.42.2', revision: '6a6995d31c7c56c340d6f45a76976d43506cd6cc', time: '2014-06-03 10:52:47'
System info: host: 'testrunner1', ip: '10.12.14.222', os.name: 'Mac OS X', os.arch: 'x86_64', os.version: '10.10.2', java.version: '1.7.0_67'
Session ID: 4f54e5eb41d345bd0224c2c8d5369704
Driver info: io.appium.java_client.android.AndroidDriver
Capabilities [{platform=ANDROID, acceptSslCerts=true, javascriptEnabled=true, browserName=chrome, chrome={}, rotatable=false, locationContextEnabled=true, mobileEmulationEnabled=false, version=40.0.2214.109, takesHeapSnapshot=true, cssSelectorsEnabled=true, databaseEnabled=false, handlesAlerts=true, browserConnectionEnabled=false, nativeEvents=true, webStorageEnabled=true, applicationCacheEnabled=false, takesScreenshot=true}]
10 AbMobileNav: org.openqa.selenium.WebDriverException: An error occurred (WARNING: The server did not provide any stacktrace information)
Command duration or timeout: 9 milliseconds
Build info: version: '2.42.2', revision: '6a6995d31c7c56c340d6f45a76976d43506cd6cc', time: '2014-06-03 10:52:47'
System info: host: 'testrunner1', ip: '10.12.14.222', os.name: 'Mac OS X', os.arch: 'x86_64', os.version: '10.10.2', java.version: '1.7.0_67'
Session ID: 4f54e5eb41d345bd0224c2c8d5369704
Driver info: io.appium.java_client.android.AndroidDriver
Capabilities [{platform=ANDROID, acceptSslCerts=true, javascriptEnabled=true, browserName=chrome, chrome={}, rotatable=false, locationContextEnabled=true, mobileEmulationEnabled=false, version=40.0.2214.109, takesHeapSnapshot=true, cssSelectorsEnabled=true, databaseEnabled=false, handlesAlerts=true, browserConnectionEnabled=false, nativeEvents=true, webStorageEnabled=true, applicationCacheEnabled=false, takesScreenshot=true}]
By: By.xpath: //*[@class='abToggle']/div
11 AbMobileNav: org.openqa.selenium.WebDriverException: An error occurred (WARNING: The server did not provide any stacktrace information)
Command duration or timeout: 11 milliseconds
Build info: version: '2.42.2', revision: '6a6995d31c7c56c340d6f45a76976d43506cd6cc', time: '2014-06-03 10:52:47'
System info: host: 'testrunner1', ip: '10.12.14.222', os.name: 'Mac OS X', os.arch: 'x86_64', os.version: '10.10.2', java.version: '1.7.0_67'
Session ID: 4f54e5eb41d345bd0224c2c8d5369704
Driver info: io.appium.java_client.android.AndroidDriver
Capabilities [{platform=ANDROID, acceptSslCerts=true, javascriptEnabled=true, browserName=chrome, chrome={}, rotatable=false, locationContextEnabled=true, mobileEmulationEnabled=false, version=40.0.2214.109, takesHeapSnapshot=true, cssSelectorsEnabled=true, databaseEnabled=false, handlesAlerts=true, browserConnectionEnabled=false, nativeEvents=true, webStorageEnabled=true, applicationCacheEnabled=false, takesScreenshot=true}]
12 AbMobileNav: org.openqa.selenium.WebDriverException: An error occurred (WARNING: The server did not provide any stacktrace information)
Command duration or timeout: 9 milliseconds
Build info: version: '2.42.2', revision: '6a6995d31c7c56c340d6f45a76976d43506cd6cc', time: '2014-06-03 10:52:47'
System info: host: 'testrunner1', ip: '10.12.14.222', os.name: 'Mac OS X', os.arch: 'x86_64', os.version: '10.10.2', java.version: '1.7.0_67'
Session ID: 4f54e5eb41d345bd0224c2c8d5369704
Driver info: io.appium.java_client.android.AndroidDriver
Capabilities [{platform=ANDROID, acceptSslCerts=true, javascriptEnabled=true, browserName=chrome, chrome={}, rotatable=false, locationContextEnabled=true, mobileEmulationEnabled=false, version=40.0.2214.109, takesHeapSnapshot=true, cssSelectorsEnabled=true, databaseEnabled=false, handlesAlerts=true, browserConnectionEnabled=false, nativeEvents=true, webStorageEnabled=true, applicationCacheEnabled=false, takesScreenshot=true}]
13 AbMobileNav: org.openqa.selenium.WebDriverException: An error occurred (WARNING: The server did not provide any stacktrace information)
Command duration or timeout: 9 milliseconds
Build info: version: '2.42.2', revision: '6a6995d31c7c56c340d6f45a76976d43506cd6cc', time: '2014-06-03 10:52:47'
System info: host: 'testrunner1', ip: '10.12.14.222', os.name: 'Mac OS X', os.arch: 'x86_64', os.version: '10.10.2', java.version: '1.7.0_67'
Session ID: 4f54e5eb41d345bd0224c2c8d5369704
Driver info: io.appium.java_client.android.AndroidDriver
Capabilities [{platform=ANDROID, acceptSslCerts=true, javascriptEnabled=true, browserName=chrome, chrome={}, rotatable=false, locationContextEnabled=true, mobileEmulationEnabled=false, version=40.0.2214.109, takesHeapSnapshot=true, cssSelectorsEnabled=true, databaseEnabled=false, handlesAlerts=true, browserConnectionEnabled=false, nativeEvents=true, webStorageEnabled=true, applicationCacheEnabled=false, takesScreenshot=true}]
14 AbMobileNav: org.openqa.selenium.WebDriverException: An error occurred (WARNING: The server did not provide any stacktrace information)
Command duration or timeout: 10 milliseconds
Build info: version: '2.42.2', revision: '6a6995d31c7c56c340d6f45a76976d43506cd6cc', time: '2014-06-03 10:52:47'
System info: host: 'testrunner1', ip: '10.12.14.222', os.name: 'Mac OS X', os.arch: 'x86_64', os.version: '10.10.2', java.version: '1.7.0_67'
Session ID: 4f54e5eb41d345bd0224c2c8d5369704
Driver info: io.appium.java_client.android.AndroidDriver
Capabilities [{platform=ANDROID, acceptSslCerts=true, javascriptEnabled=true, browserName=chrome, chrome={}, rotatable=false, locationContextEnabled=true, mobileEmulationEnabled=false, version=40.0.2214.109, takesHeapSnapshot=true, cssSelectorsEnabled=true, databaseEnabled=false, handlesAlerts=true, browserConnectionEnabled=false, nativeEvents=true, webStorageEnabled=true, applicationCacheEnabled=false, takesScreenshot=true}]
]]></system-out>
  </testcase>
  <testcase name="goToNewsPage[Android_4.4.4_GT-I9305_Chrome_UNKNOWN]" classname="se.aftonbladet.abtest.tests.mobile.menu.AbMobileNavTest(20150220-010048)" time="2.88">
    <error message="chrome not reachable&#10;  (Session info: chrome=40.0.2214.109)&#10;  (Driver info: chromedriver=2.14.313457 (3d645c400edf2e2c500566c9aa096063e707c9cf),platform=Mac OS X 10.10.2 x86_64) (WARNING: The server did not provide any stacktrace information)&#10;Command duration or timeout: 9 milliseconds&#10;Build info: version: &apos;2.42.2&apos;, revision: &apos;6a6995d31c7c56c340d6f45a76976d43506cd6cc&apos;, time: &apos;2014-06-03 10:52:47&apos;&#10;System info: host: &apos;testrunner1&apos;, ip: &apos;10.12.14.222&apos;, os.name: &apos;Mac OS X&apos;, os.arch: &apos;x86_64&apos;, os.version: &apos;10.10.2&apos;, java.version: &apos;1.7.0_67&apos;&#10;Session ID: 4f54e5eb41d345bd0224c2c8d5369704&#10;Driver info: io.appium.java_client.android.AndroidDriver&#10;Capabilities [{platform=ANDROID, acceptSslCerts=true, javascriptEnabled=true, browserName=chrome, chrome={}, rotatable=false, locationContextEnabled=true, mobileEmulationEnabled=false, version=40.0.2214.109, takesHeapSnapshot=true, cssSelectorsEnabled=true, databaseEnabled=false, handlesAlerts=true, browserConnectionEnabled=false, nativeEvents=true, webStorageEnabled=true, applicationCacheEnabled=false, takesScreenshot=true}]" type="org.openqa.selenium.WebDriverException">org.openqa.selenium.WebDriverException: chrome not reachable
  (Session info: chrome=40.0.2214.109)
  (Driver info: chromedriver=2.14.313457 (3d645c400edf2e2c500566c9aa096063e707c9cf),platform=Mac OS X 10.10.2 x86_64) (WARNING: The server did not provide any stacktrace information)
Command duration or timeout: 9 milliseconds
Build info: version: '2.42.2', revision: '6a6995d31c7c56c340d6f45a76976d43506cd6cc', time: '2014-06-03 10:52:47'
System info: host: 'testrunner1', ip: '10.12.14.222', os.name: 'Mac OS X', os.arch: 'x86_64', os.version: '10.10.2', java.version: '1.7.0_67'
Session ID: 4f54e5eb41d345bd0224c2c8d5369704
Driver info: io.appium.java_client.android.AndroidDriver
Capabilities [{platform=ANDROID, acceptSslCerts=true, javascriptEnabled=true, browserName=chrome, chrome={}, rotatable=false, locationContextEnabled=true, mobileEmulationEnabled=false, version=40.0.2214.109, takesHeapSnapshot=true, cssSelectorsEnabled=true, databaseEnabled=false, handlesAlerts=true, browserConnectionEnabled=false, nativeEvents=true, webStorageEnabled=true, applicationCacheEnabled=false, takesScreenshot=true}]
	at sun.reflect.GeneratedConstructorAccessor11.newInstance(Unknown Source)
	at sun.reflect.DelegatingConstructorAccessorImpl.newInstance(DelegatingConstructorAccessorImpl.java:45)
	at java.lang.reflect.Constructor.newInstance(Constructor.java:526)
	at org.openqa.selenium.remote.ErrorHandler.createThrowable(ErrorHandler.java:204)
	at org.openqa.selenium.remote.ErrorHandler.throwIfResponseFailed(ErrorHandler.java:156)
	at org.openqa.selenium.remote.RemoteWebDriver.execute(RemoteWebDriver.java:599)
	at io.appium.java_client.AppiumDriver.execute(AppiumDriver.java:180)
	at io.appium.java_client.AppiumDriver.execute(AppiumDriver.java:185)
	at org.openqa.selenium.remote.RemoteWebDriver$RemoteWebDriverOptions.deleteAllCookies(RemoteWebDriver.java:685)
	at se.aftonbladet.abtest.tests.mobile.menu.AbMobileNavTest.setUp(AbMobileNavTest.java:74)
</error>
    <system-out><![CDATA[Driver: AndroidDriver: chrome on ANDROID (6e1713ba84a9d7f3fd110c7b00b3aa46)
15 AbMobileNav: org.openqa.selenium.WebDriverException: An error occurred (WARNING: The server did not provide any stacktrace information)
Command duration or timeout: 10 milliseconds
Build info: version: '2.42.2', revision: '6a6995d31c7c56c340d6f45a76976d43506cd6cc', time: '2014-06-03 10:52:47'
System info: host: 'testrunner1', ip: '10.12.14.222', os.name: 'Mac OS X', os.arch: 'x86_64', os.version: '10.10.2', java.version: '1.7.0_67'
Session ID: 4f54e5eb41d345bd0224c2c8d5369704
Driver info: io.appium.java_client.android.AndroidDriver
Capabilities [{platform=ANDROID, acceptSslCerts=true, javascriptEnabled=true, browserName=chrome, chrome={}, rotatable=false, locationContextEnabled=true, mobileEmulationEnabled=false, version=40.0.2214.109, takesHeapSnapshot=true, cssSelectorsEnabled=true, databaseEnabled=false, handlesAlerts=true, browserConnectionEnabled=false, nativeEvents=true, webStorageEnabled=true, applicationCacheEnabled=false, takesScreenshot=true}]
16 AbMobileNav: org.openqa.selenium.WebDriverException: An error occurred (WARNING: The server did not provide any stacktrace information)
Command duration or timeout: 10 milliseconds
Build info: version: '2.42.2', revision: '6a6995d31c7c56c340d6f45a76976d43506cd6cc', time: '2014-06-03 10:52:47'
System info: host: 'testrunner1', ip: '10.12.14.222', os.name: 'Mac OS X', os.arch: 'x86_64', os.version: '10.10.2', java.version: '1.7.0_67'
Session ID: 4f54e5eb41d345bd0224c2c8d5369704
Driver info: io.appium.java_client.android.AndroidDriver
Capabilities [{platform=ANDROID, acceptSslCerts=true, javascriptEnabled=true, browserName=chrome, chrome={}, rotatable=false, locationContextEnabled=true, mobileEmulationEnabled=false, version=40.0.2214.109, takesHeapSnapshot=true, cssSelectorsEnabled=true, databaseEnabled=false, handlesAlerts=true, browserConnectionEnabled=false, nativeEvents=true, webStorageEnabled=true, applicationCacheEnabled=false, takesScreenshot=true}]
17 AbMobileNav: org.openqa.selenium.WebDriverException: An error occurred (WARNING: The server did not provide any stacktrace information)
Command duration or timeout: 10 milliseconds
Build info: version: '2.42.2', revision: '6a6995d31c7c56c340d6f45a76976d43506cd6cc', time: '2014-06-03 10:52:47'
System info: host: 'testrunner1', ip: '10.12.14.222', os.name: 'Mac OS X', os.arch: 'x86_64', os.version: '10.10.2', java.version: '1.7.0_67'
Session ID: 4f54e5eb41d345bd0224c2c8d5369704
Driver info: io.appium.java_client.android.AndroidDriver
Capabilities [{platform=ANDROID, acceptSslCerts=true, javascriptEnabled=true, browserName=chrome, chrome={}, rotatable=false, locationContextEnabled=true, mobileEmulationEnabled=false, version=40.0.2214.109, takesHeapSnapshot=true, cssSelectorsEnabled=true, databaseEnabled=false, handlesAlerts=true, browserConnectionEnabled=false, nativeEvents=true, webStorageEnabled=true, applicationCacheEnabled=false, takesScreenshot=true}]
18 AbMobileNav: org.openqa.selenium.WebDriverException: An error occurred (WARNING: The server did not provide any stacktrace information)
Command duration or timeout: 10 milliseconds
Build info: version: '2.42.2', revision: '6a6995d31c7c56c340d6f45a76976d43506cd6cc', time: '2014-06-03 10:52:47'
System info: host: 'testrunner1', ip: '10.12.14.222', os.name: 'Mac OS X', os.arch: 'x86_64', os.version: '10.10.2', java.version: '1.7.0_67'
Session ID: 4f54e5eb41d345bd0224c2c8d5369704
Driver info: io.appium.java_client.android.AndroidDriver
Capabilities [{platform=ANDROID, acceptSslCerts=true, javascriptEnabled=true, browserName=chrome, chrome={}, rotatable=false, locationContextEnabled=true, mobileEmulationEnabled=false, version=40.0.2214.109, takesHeapSnapshot=true, cssSelectorsEnabled=true, databaseEnabled=false, handlesAlerts=true, browserConnectionEnabled=false, nativeEvents=true, webStorageEnabled=true, applicationCacheEnabled=false, takesScreenshot=true}]
19 AbMobileNav: org.openqa.selenium.WebDriverException: An error occurred (WARNING: The server did not provide any stacktrace information)
Command duration or timeout: 9 milliseconds
Build info: version: '2.42.2', revision: '6a6995d31c7c56c340d6f45a76976d43506cd6cc', time: '2014-06-03 10:52:47'
System info: host: 'testrunner1', ip: '10.12.14.222', os.name: 'Mac OS X', os.arch: 'x86_64', os.version: '10.10.2', java.version: '1.7.0_67'
Session ID: 4f54e5eb41d345bd0224c2c8d5369704
Driver info: io.appium.java_client.android.AndroidDriver
Capabilities [{platform=ANDROID, acceptSslCerts=true, javascriptEnabled=true, browserName=chrome, chrome={}, rotatable=false, locationContextEnabled=true, mobileEmulationEnabled=false, version=40.0.2214.109, takesHeapSnapshot=true, cssSelectorsEnabled=true, databaseEnabled=false, handlesAlerts=true, browserConnectionEnabled=false, nativeEvents=true, webStorageEnabled=true, applicationCacheEnabled=false, takesScreenshot=true}]
]]></system-out>
  </testcase>
  <testcase name="goToNewsPage[Android_4.4.2_GT-I9505_Chrome_UNKNOWN]" classname="se.aftonbladet.abtest.tests.mobile.menu.AbMobileNavTest(20150220-010048)" time="18.047">
    <failure message="expected:&lt;32&gt; but was:&lt;20&gt;" type="java.lang.AssertionError"><![CDATA[java.lang.AssertionError: expected:<32> but was:<20>
	at org.junit.Assert.fail(Assert.java:88)
	at org.junit.Assert.failNotEquals(Assert.java:743)
	at org.junit.Assert.assertEquals(Assert.java:118)
	at org.junit.Assert.assertEquals(Assert.java:555)
	at org.junit.Assert.assertEquals(Assert.java:542)
	at se.aftonbladet.abtest.tests.mobile.menu.AbMobileNavTest.goToNewsPage(AbMobileNavTest.java:102)
]]></failure>
    <system-out><![CDATA[Driver: AndroidDriver: chrome on ANDROID (f3af855fce0355d20b3a7a2ae43e932a)
clickLeftMenuItem pMenuText: Sport
By: By.xpath: //*[@id='abTopMenuDynamic']/li/a[text()='Sport' and not(@disabled)]
clickLeftMenuItem pMenuText: Nyheter
By: By.xpath: //*[@id='abTopMenuDynamic']/li/a[text()='Nyheter' and not(@disabled)]
Try to assert page title: Nyheter
Try to assert page title: Sport
>>>Compare to page title: nyheter | aftonbladet
By: By.xpath: //*[@class='abToggle']/div
>>>Compare to page title: sportbladet | aftonbladet
]]></system-out>
  </testcase>
  <testcase name="goToSportPage[Android_4.4.4_SM-N910F_Chrome_UNKNOWN]" classname="se.aftonbladet.abtest.tests.mobile.menu.AbMobileNavTest(20150220-010048)" time="39.6"/>
  <testcase name="goToDebatePage[Android_4.4.4_SM-N910F_Chrome_UNKNOWN]" classname="se.aftonbladet.abtest.tests.mobile.menu.AbMobileNavTest(20150220-010048)" time="16.393">
    <failure message="expected:&lt;39&gt; but was:&lt;27&gt;" type="java.lang.AssertionError"><![CDATA[java.lang.AssertionError: expected:<39> but was:<27>
	at org.junit.Assert.fail(Assert.java:88)
	at org.junit.Assert.failNotEquals(Assert.java:743)
	at org.junit.Assert.assertEquals(Assert.java:118)
	at org.junit.Assert.assertEquals(Assert.java:555)
	at org.junit.Assert.assertEquals(Assert.java:542)
	at se.aftonbladet.abtest.tests.mobile.menu.AbMobileNavTest.goToDebatePage(AbMobileNavTest.java:185)
]]></failure>
    <system-out><![CDATA[Driver: AndroidDriver: chrome on ANDROID (6e1713ba84a9d7f3fd110c7b00b3aa46)
clickLeftMenuItem pMenuText: Debatt
By: By.xpath: //*[@id='abTopMenuDynamic']/li/a[text()='Debatt' and not(@disabled)]
Try to assert page title: Debatt
>>>Compare to page title: debatt | aftonbladet
By: By.xpath: //*[@class='abToggle']/div
]]></system-out>
  </testcase>
  <testcase name="goToNewsPage[Android_4.4.4_SM-N910F_Chrome_UNKNOWN]" classname="se.aftonbladet.abtest.tests.mobile.menu.AbMobileNavTest(20150220-010048)" time="27.474">
    <failure message="expected:&lt;32&gt; but was:&lt;20&gt;" type="java.lang.AssertionError"><![CDATA[java.lang.AssertionError: expected:<32> but was:<20>
	at org.junit.Assert.fail(Assert.java:88)
	at org.junit.Assert.failNotEquals(Assert.java:743)
	at org.junit.Assert.assertEquals(Assert.java:118)
	at org.junit.Assert.assertEquals(Assert.java:555)
	at org.junit.Assert.assertEquals(Assert.java:542)
	at se.aftonbladet.abtest.tests.mobile.menu.AbMobileNavTest.goToNewsPage(AbMobileNavTest.java:102)
]]></failure>
    <system-out><![CDATA[Driver: AndroidDriver: chrome on ANDROID (6e1713ba84a9d7f3fd110c7b00b3aa46)
Driver: AndroidDriver: chrome on ANDROID (6e1713ba84a9d7f3fd110c7b00b3aa46)
clickLeftMenuItem pMenuText: Nyheter
By: By.xpath: //*[@id='abTopMenuDynamic']/li/a[text()='Nyheter' and not(@disabled)]
Try to assert page title: Nyheter
>>>Compare to page title: nyheter | aftonbladet
By: By.xpath: //*[@class='abToggle']/div
]]></system-out>
  </testcase>
</testsuite>