<?xml version="1.0" encoding="UTF-8"?>
<testsuite name="test.java.se.aftonbladet.mobile.MobileTests(20150408-110116)" time="982.474" tests="100" errors="0" skipped="34" failures="0">
  <properties>
    <property name="java.runtime.name" value="Java(TM) SE Runtime Environment"/>
    <property name="sun.boot.library.path" value="/Library/Java/JavaVirtualMachines/jdk1.7.0_67.jdk/Contents/Home/jre/lib"/>
    <property name="java.vm.version" value="24.65-b04"/>
    <property name="user.country.format" value="SE"/>
    <property name="gopherProxySet" value="false"/>
    <property name="java.vm.vendor" value="Oracle Corporation"/>
    <property name="java.vendor.url" value="http://java.oracle.com/"/>
    <property name="path.separator" value=":"/>
    <property name="guice.disable.misplaced.annotation.check" value="true"/>
    <property name="java.vm.name" value="Java HotSpot(TM) 64-Bit Server VM"/>
    <property name="file.encoding.pkg" value="sun.io"/>
    <property name="user.country" value="US"/>
    <property name="sun.java.launcher" value="SUN_STANDARD"/>
    <property name="sun.os.patch.level" value="unknown"/>
    <property name="java.vm.specification.name" value="Java Virtual Machine Specification"/>
    <property name="user.dir" value="/Users/testrunner/GIT/ABTest"/>
    <property name="java.runtime.version" value="1.7.0_67-b01"/>
    <property name="java.awt.graphicsenv" value="sun.awt.CGraphicsEnvironment"/>
    <property name="java.endorsed.dirs" value="/Library/Java/JavaVirtualMachines/jdk1.7.0_67.jdk/Contents/Home/jre/lib/endorsed"/>
    <property name="os.arch" value="x86_64"/>
    <property name="java.io.tmpdir" value="/var/folders/8c/cf9vy24j2vddy3l0bwj1y2g00000gn/T/"/>
    <property name="line.separator" value="&#10;"/>
    <property name="java.vm.specification.vendor" value="Oracle Corporation"/>
    <property name="os.name" value="Mac OS X"/>
    <property name="classworlds.conf" value="/usr/local/Cellar/maven/3.2.3/libexec/bin/m2.conf"/>
    <property name="sun.jnu.encoding" value="UTF-8"/>
    <property name="java.library.path" value="/Users/testrunner/Library/Java/Extensions:/Library/Java/Extensions:/Network/Library/Java/Extensions:/System/Library/Java/Extensions:/usr/lib/java:."/>
    <property name="java.specification.name" value="Java Platform API Specification"/>
    <property name="java.class.version" value="51.0"/>
    <property name="sun.management.compiler" value="HotSpot 64-Bit Tiered Compilers"/>
    <property name="os.version" value="10.10.2"/>
    <property name="http.nonProxyHosts" value="local|*.local|169.254/16|*.169.254/16"/>
    <property name="user.home" value="/Users/testrunner"/>
    <property name="user.timezone" value="Europe/Stockholm"/>
    <property name="java.awt.printerjob" value="sun.lwawt.macosx.CPrinterJob"/>
    <property name="java.specification.version" value="1.7"/>
    <property name="file.encoding" value="UTF-8"/>
    <property name="user.name" value="testrunner"/>
    <property name="java.class.path" value="/usr/local/Cellar/maven/3.2.3/libexec/boot/plexus-classworlds-2.5.1.jar"/>
    <property name="java.vm.specification.version" value="1.7"/>
    <property name="sun.arch.data.model" value="64"/>
    <property name="java.home" value="/Library/Java/JavaVirtualMachines/jdk1.7.0_67.jdk/Contents/Home/jre"/>
    <property name="sun.java.command" value="org.codehaus.plexus.classworlds.launcher.Launcher test"/>
    <property name="java.specification.vendor" value="Oracle Corporation"/>
    <property name="user.language" value="en"/>
    <property name="awt.toolkit" value="sun.awt.HToolkit"/>
    <property name="java.vm.info" value="mixed mode"/>
    <property name="java.version" value="1.7.0_67"/>
    <property name="java.ext.dirs" value="/Users/testrunner/Library/Java/Extensions:/Library/Java/JavaVirtualMachines/jdk1.7.0_67.jdk/Contents/Home/jre/lib/ext:/Library/Java/Extensions:/Network/Library/Java/Extensions:/System/Library/Java/Extensions:/usr/lib/java"/>
    <property name="sun.boot.class.path" value="/Library/Java/JavaVirtualMachines/jdk1.7.0_67.jdk/Contents/Home/jre/lib/resources.jar:/Library/Java/JavaVirtualMachines/jdk1.7.0_67.jdk/Contents/Home/jre/lib/rt.jar:/Library/Java/JavaVirtualMachines/jdk1.7.0_67.jdk/Contents/Home/jre/lib/sunrsasign.jar:/Library/Java/JavaVirtualMachines/jdk1.7.0_67.jdk/Contents/Home/jre/lib/jsse.jar:/Library/Java/JavaVirtualMachines/jdk1.7.0_67.jdk/Contents/Home/jre/lib/jce.jar:/Library/Java/JavaVirtualMachines/jdk1.7.0_67.jdk/Contents/Home/jre/lib/charsets.jar:/Library/Java/JavaVirtualMachines/jdk1.7.0_67.jdk/Contents/Home/jre/lib/jfr.jar:/Library/Java/JavaVirtualMachines/jdk1.7.0_67.jdk/Contents/Home/jre/classes"/>
    <property name="java.vendor" value="Oracle Corporation"/>
    <property name="maven.home" value="/usr/local/Cellar/maven/3.2.3/libexec"/>
    <property name="file.separator" value="/"/>
    <property name="java.vendor.url.bug" value="http://bugreport.sun.com/bugreport/"/>
    <property name="sun.cpu.endian" value="little"/>
    <property name="sun.io.unicode.encoding" value="UnicodeBig"/>
    <property name="socksNonProxyHosts" value="local|*.local|169.254/16|*.169.254/16"/>
    <property name="ftp.nonProxyHosts" value="local|*.local|169.254/16|*.169.254/16"/>
    <property name="sun.cpu.isalist" value=""/>
  </properties>
  <testcase name="goToEntertainmentPage[Android___Chrome_UNKNOWN]" classname="se.aftonbladet.abtest.tests.mobile.menu.AbMobileNavTest(20150408-110116)" time="0">
    <skipped/>
    <system-out><![CDATA[Mac OS X
We're on a unixy system
TESTHOME=/Users/testrunner/GIT/RMTest
/Users/testrunner/GIT/RMTest
Mac OS X
We're on a unixy system
TESTHOME=/Users/testrunner/GIT/RMTest
/Users/testrunner/GIT/RMTest
{"configuration":{"androidHome":"/Users/testrunner/adt/adt-bundle-mac-x86_64-20140702/sdk","localIp":"10.12.14.222","hubIp":"10.12.14.222","AndroidBuildtoolsVersion":"4.4","seleniumVersion":"2.45.0"}}
{"class":"org.openqa.grid.common.RegistrationRequest","id":null,"name":null,"description":null,"configuration":{"port":8081,"host":"10.12.14.222","servlets":"se.redmind.rmtest.selenium.grid.servlets.GridQueryServlet","cleanUpCycle":5000,"browserTimeout":0,"hubHost":"10.12.14.222","registerCycle":5000,"capabilityMatcher":"org.openqa.grid.internal.utils.DefaultCapabilityMatcher","newSessionWaitTimeout":-1,"url":"http://10.12.14.222:8081/wd/hub","remoteHost":"http://10.12.14.222:8081","register":true,"throwOnCapabilityNotPresent":true,"nodePolling":5000,"proxy":"org.openqa.grid.selenium.proxy.DefaultRemoteProxy","maxSession":1,"role":"hub","jettyMaxThreads":-1,"hubPort":4444,"timeout":300000},"capabilities":[{"newCommandTimeout":"300","osname":"ANDROID","rmDeviceType":"mobile","platform":"ANDROID","platformVersion":"4.4.4","deviceName":"C6903","platformName":"Android","browserName":"Chrome","description":"Sony C6903  4.4.4","maxInstances":1,"appWaitActivity":"WAIT_ACTIVITY","deviceId":"BH903CKS0D"}]}
{"class":"org.openqa.grid.common.RegistrationRequest","id":null,"name":null,"description":null,"configuration":{"port":8082,"host":"10.12.14.222","servlets":"se.redmind.rmtest.selenium.grid.servlets.GridQueryServlet","cleanUpCycle":5000,"browserTimeout":0,"hubHost":"10.12.14.222","registerCycle":5000,"capabilityMatcher":"org.openqa.grid.internal.utils.DefaultCapabilityMatcher","newSessionWaitTimeout":-1,"url":"http://10.12.14.222:8082/wd/hub","remoteHost":"http://10.12.14.222:8082","register":true,"throwOnCapabilityNotPresent":true,"nodePolling":5000,"proxy":"org.openqa.grid.selenium.proxy.DefaultRemoteProxy","maxSession":1,"role":"hub","jettyMaxThreads":-1,"hubPort":4444,"timeout":300000},"capabilities":[{"newCommandTimeout":"300","osname":"ANDROID","rmDeviceType":"mobile","platform":"ANDROID","platformVersion":"4.4.4","deviceName":"C6603","platformName":"Android","browserName":"Chrome","description":"Sony C6603  4.4.4","maxInstances":1,"appWaitActivity":"WAIT_ACTIVITY","deviceId":"CB5A1PEHNN"}]}
{"class":"org.openqa.grid.common.RegistrationRequest","id":null,"name":null,"description":null,"configuration":{"port":8083,"host":"10.12.14.222","servlets":"se.redmind.rmtest.selenium.grid.servlets.GridQueryServlet","cleanUpCycle":5000,"browserTimeout":0,"hubHost":"10.12.14.222","registerCycle":5000,"capabilityMatcher":"org.openqa.grid.internal.utils.DefaultCapabilityMatcher","newSessionWaitTimeout":-1,"url":"http://10.12.14.222:8083/wd/hub","remoteHost":"http://10.12.14.222:8083","register":true,"throwOnCapabilityNotPresent":true,"nodePolling":5000,"proxy":"org.openqa.grid.selenium.proxy.DefaultRemoteProxy","maxSession":1,"role":"hub","jettyMaxThreads":-1,"hubPort":4444,"timeout":300000},"capabilities":[{"newCommandTimeout":"300","osname":"ANDROID","rmDeviceType":"mobile","platform":"ANDROID","platformVersion":"","deviceName":"","platformName":"Android","browserName":"Chrome","description":"   ","maxInstances":1,"appWaitActivity":"WAIT_ACTIVITY","deviceId":"41000258f2c3910f"}]}
{"class":"org.openqa.grid.common.RegistrationRequest","id":null,"name":null,"description":null,"configuration":{"port":4723,"servlets":"se.redmind.rmtest.selenium.grid.servlets.GridQueryServlet","host":"10.12.14.146","cleanUpCycle":2000,"browserTimeout":0,"hubHost":"10.12.14.222","registerCycle":5000,"capabilityMatcher":"org.openqa.grid.internal.utils.DefaultCapabilityMatcher","newSessionWaitTimeout":-1,"url":"http://10.12.14.146:4723/wd/hub","remoteHost":"http://10.12.14.146:4723","register":true,"throwOnCapabilityNotPresent":true,"nodePolling":5000,"proxy":"org.openqa.grid.selenium.proxy.DefaultRemoteProxy","maxSession":1,"role":"hub","jettyMaxThreads":-1,"hubPort":4444,"timeout":30000},"capabilities":[{"newCommandTimeout":"300","platform":"MAC","platformVersion":"8.1","rmDeviceType":"mobile","platformName":"iOS","deviceName":"iPhone 6","browserName":"Safari","maxInstances":1,"description":"iPhone 6  8.1 testrunner2","launchTimeout":"30000","version":"8.1"}]}
{"class":"org.openqa.grid.common.RegistrationRequest","id":null,"name":null,"description":null,"configuration":{"port":4723,"servlets":"se.redmind.rmtest.selenium.grid.servlets.GridQueryServlet","host":"10.12.14.135","cleanUpCycle":2000,"browserTimeout":0,"hubHost":"10.12.14.222","registerCycle":5000,"capabilityMatcher":"org.openqa.grid.internal.utils.DefaultCapabilityMatcher","newSessionWaitTimeout":-1,"url":"http://10.12.14.135:4723/wd/hub","remoteHost":"http://10.12.14.135:4723","register":true,"throwOnCapabilityNotPresent":true,"nodePolling":5000,"proxy":"org.openqa.grid.selenium.proxy.DefaultRemoteProxy","maxSession":1,"role":"hub","jettyMaxThreads":-1,"hubPort":4444,"timeout":30000},"capabilities":[{"newCommandTimeout":"300","platform":"MAC","platformVersion":"8.1","rmDeviceType":"mobile","platformName":"iOS","deviceName":"iPhone 5s","browserName":"Safari","maxInstances":1,"description":"iPhone 5s  8.1 testrunner3","launchTimeout":"30000","version":"8.1"}]}
Description of driver is: Android_4.4.4_C6903_Chrome_UNKNOWN
Description of driver is: Android_4.4.4_C6603_Chrome_UNKNOWN
Description of driver is: Android___Chrome_UNKNOWN
Description of driver is: iOS_8.1_iPhone 6_Safari_UNKNOWN
Description of driver is: iOS_8.1_iPhone 5s_Safari_UNKNOWN
Number of treads executing in parrallel: 5
{"configuration":{"androidHome":"/Users/testrunner/adt/adt-bundle-mac-x86_64-20140702/sdk","localIp":"10.12.14.222","hubIp":"10.12.14.222","AndroidBuildtoolsVersion":"4.4","seleniumVersion":"2.45.0"}}
{"class":"org.openqa.grid.common.RegistrationRequest","id":null,"name":null,"description":null,"configuration":{"port":8081,"host":"10.12.14.222","servlets":"se.redmind.rmtest.selenium.grid.servlets.GridQueryServlet","cleanUpCycle":5000,"browserTimeout":0,"hubHost":"10.12.14.222","registerCycle":5000,"capabilityMatcher":"org.openqa.grid.internal.utils.DefaultCapabilityMatcher","newSessionWaitTimeout":-1,"url":"http://10.12.14.222:8081/wd/hub","remoteHost":"http://10.12.14.222:8081","register":true,"throwOnCapabilityNotPresent":true,"nodePolling":5000,"proxy":"org.openqa.grid.selenium.proxy.DefaultRemoteProxy","maxSession":1,"role":"hub","jettyMaxThreads":-1,"hubPort":4444,"timeout":300000},"capabilities":[{"newCommandTimeout":"300","osname":"ANDROID","rmDeviceType":"mobile","platform":"ANDROID","platformVersion":"4.4.4","deviceName":"C6903","platformName":"Android","browserName":"Chrome","description":"Sony C6903  4.4.4","maxInstances":1,"appWaitActivity":"WAIT_ACTIVITY","deviceId":"BH903CKS0D"}]}
{"class":"org.openqa.grid.common.RegistrationRequest","id":null,"name":null,"description":null,"configuration":{"port":8082,"host":"10.12.14.222","servlets":"se.redmind.rmtest.selenium.grid.servlets.GridQueryServlet","cleanUpCycle":5000,"browserTimeout":0,"hubHost":"10.12.14.222","registerCycle":5000,"capabilityMatcher":"org.openqa.grid.internal.utils.DefaultCapabilityMatcher","newSessionWaitTimeout":-1,"url":"http://10.12.14.222:8082/wd/hub","remoteHost":"http://10.12.14.222:8082","register":true,"throwOnCapabilityNotPresent":true,"nodePolling":5000,"proxy":"org.openqa.grid.selenium.proxy.DefaultRemoteProxy","maxSession":1,"role":"hub","jettyMaxThreads":-1,"hubPort":4444,"timeout":300000},"capabilities":[{"newCommandTimeout":"300","osname":"ANDROID","rmDeviceType":"mobile","platform":"ANDROID","platformVersion":"4.4.4","deviceName":"C6603","platformName":"Android","browserName":"Chrome","description":"Sony C6603  4.4.4","maxInstances":1,"appWaitActivity":"WAIT_ACTIVITY","deviceId":"CB5A1PEHNN"}]}
{"class":"org.openqa.grid.common.RegistrationRequest","id":null,"name":null,"description":null,"configuration":{"port":8083,"host":"10.12.14.222","servlets":"se.redmind.rmtest.selenium.grid.servlets.GridQueryServlet","cleanUpCycle":5000,"browserTimeout":0,"hubHost":"10.12.14.222","registerCycle":5000,"capabilityMatcher":"org.openqa.grid.internal.utils.DefaultCapabilityMatcher","newSessionWaitTimeout":-1,"url":"http://10.12.14.222:8083/wd/hub","remoteHost":"http://10.12.14.222:8083","register":true,"throwOnCapabilityNotPresent":true,"nodePolling":5000,"proxy":"org.openqa.grid.selenium.proxy.DefaultRemoteProxy","maxSession":1,"role":"hub","jettyMaxThreads":-1,"hubPort":4444,"timeout":300000},"capabilities":[{"newCommandTimeout":"300","osname":"ANDROID","rmDeviceType":"mobile","platform":"ANDROID","platformVersion":"","deviceName":"","platformName":"Android","browserName":"Chrome","description":"   ","maxInstances":1,"appWaitActivity":"WAIT_ACTIVITY","deviceId":"41000258f2c3910f"}]}
{"class":"org.openqa.grid.common.RegistrationRequest","id":null,"name":null,"description":null,"configuration":{"port":4723,"servlets":"se.redmind.rmtest.selenium.grid.servlets.GridQueryServlet","host":"10.12.14.146","cleanUpCycle":2000,"browserTimeout":0,"hubHost":"10.12.14.222","registerCycle":5000,"capabilityMatcher":"org.openqa.grid.internal.utils.DefaultCapabilityMatcher","newSessionWaitTimeout":-1,"url":"http://10.12.14.146:4723/wd/hub","remoteHost":"http://10.12.14.146:4723","register":true,"throwOnCapabilityNotPresent":true,"nodePolling":5000,"proxy":"org.openqa.grid.selenium.proxy.DefaultRemoteProxy","maxSession":1,"role":"hub","jettyMaxThreads":-1,"hubPort":4444,"timeout":30000},"capabilities":[{"newCommandTimeout":"300","platform":"MAC","platformVersion":"8.1","rmDeviceType":"mobile","platformName":"iOS","deviceName":"iPhone 6","browserName":"Safari","maxInstances":1,"description":"iPhone 6  8.1 testrunner2","launchTimeout":"30000","version":"8.1"}]}
{"class":"org.openqa.grid.common.RegistrationRequest","id":null,"name":null,"description":null,"configuration":{"port":4723,"servlets":"se.redmind.rmtest.selenium.grid.servlets.GridQueryServlet","host":"10.12.14.135","cleanUpCycle":2000,"browserTimeout":0,"hubHost":"10.12.14.222","registerCycle":5000,"capabilityMatcher":"org.openqa.grid.internal.utils.DefaultCapabilityMatcher","newSessionWaitTimeout":-1,"url":"http://10.12.14.135:4723/wd/hub","remoteHost":"http://10.12.14.135:4723","register":true,"throwOnCapabilityNotPresent":true,"nodePolling":5000,"proxy":"org.openqa.grid.selenium.proxy.DefaultRemoteProxy","maxSession":1,"role":"hub","jettyMaxThreads":-1,"hubPort":4444,"timeout":30000},"capabilities":[{"newCommandTimeout":"300","platform":"MAC","platformVersion":"8.1","rmDeviceType":"mobile","platformName":"iOS","deviceName":"iPhone 5s","browserName":"Safari","maxInstances":1,"description":"iPhone 5s  8.1 testrunner3","launchTimeout":"30000","version":"8.1"}]}
Description of driver is: Android_4.4.4_C6903_Chrome_UNKNOWN
Description of driver is: Android_4.4.4_C6603_Chrome_UNKNOWN
Description of driver is: Android___Chrome_UNKNOWN
Description of driver is: iOS_8.1_iPhone 6_Safari_UNKNOWN
Description of driver is: iOS_8.1_iPhone 5s_Safari_UNKNOWN
Number of treads executing in parrallel: 5
{"configuration":{"androidHome":"/Users/testrunner/adt/adt-bundle-mac-x86_64-20140702/sdk","localIp":"10.12.14.222","hubIp":"10.12.14.222","AndroidBuildtoolsVersion":"4.4","seleniumVersion":"2.45.0"}}
{"class":"org.openqa.grid.common.RegistrationRequest","id":null,"name":null,"description":null,"configuration":{"port":8081,"host":"10.12.14.222","servlets":"se.redmind.rmtest.selenium.grid.servlets.GridQueryServlet","cleanUpCycle":5000,"browserTimeout":0,"hubHost":"10.12.14.222","registerCycle":5000,"capabilityMatcher":"org.openqa.grid.internal.utils.DefaultCapabilityMatcher","newSessionWaitTimeout":-1,"url":"http://10.12.14.222:8081/wd/hub","remoteHost":"http://10.12.14.222:8081","register":true,"throwOnCapabilityNotPresent":true,"nodePolling":5000,"proxy":"org.openqa.grid.selenium.proxy.DefaultRemoteProxy","maxSession":1,"role":"hub","jettyMaxThreads":-1,"hubPort":4444,"timeout":300000},"capabilities":[{"newCommandTimeout":"300","osname":"ANDROID","rmDeviceType":"mobile","platform":"ANDROID","platformVersion":"4.4.4","deviceName":"C6903","platformName":"Android","browserName":"Chrome","description":"Sony C6903  4.4.4","maxInstances":1,"appWaitActivity":"WAIT_ACTIVITY","deviceId":"BH903CKS0D"}]}
{"class":"org.openqa.grid.common.RegistrationRequest","id":null,"name":null,"description":null,"configuration":{"port":8082,"host":"10.12.14.222","servlets":"se.redmind.rmtest.selenium.grid.servlets.GridQueryServlet","cleanUpCycle":5000,"browserTimeout":0,"hubHost":"10.12.14.222","registerCycle":5000,"capabilityMatcher":"org.openqa.grid.internal.utils.DefaultCapabilityMatcher","newSessionWaitTimeout":-1,"url":"http://10.12.14.222:8082/wd/hub","remoteHost":"http://10.12.14.222:8082","register":true,"throwOnCapabilityNotPresent":true,"nodePolling":5000,"proxy":"org.openqa.grid.selenium.proxy.DefaultRemoteProxy","maxSession":1,"role":"hub","jettyMaxThreads":-1,"hubPort":4444,"timeout":300000},"capabilities":[{"newCommandTimeout":"300","osname":"ANDROID","rmDeviceType":"mobile","platform":"ANDROID","platformVersion":"4.4.4","deviceName":"C6603","platformName":"Android","browserName":"Chrome","description":"Sony C6603  4.4.4","maxInstances":1,"appWaitActivity":"WAIT_ACTIVITY","deviceId":"CB5A1PEHNN"}]}
{"class":"org.openqa.grid.common.RegistrationRequest","id":null,"name":null,"description":null,"configuration":{"port":8083,"host":"10.12.14.222","servlets":"se.redmind.rmtest.selenium.grid.servlets.GridQueryServlet","cleanUpCycle":5000,"browserTimeout":0,"hubHost":"10.12.14.222","registerCycle":5000,"capabilityMatcher":"org.openqa.grid.internal.utils.DefaultCapabilityMatcher","newSessionWaitTimeout":-1,"url":"http://10.12.14.222:8083/wd/hub","remoteHost":"http://10.12.14.222:8083","register":true,"throwOnCapabilityNotPresent":true,"nodePolling":5000,"proxy":"org.openqa.grid.selenium.proxy.DefaultRemoteProxy","maxSession":1,"role":"hub","jettyMaxThreads":-1,"hubPort":4444,"timeout":300000},"capabilities":[{"newCommandTimeout":"300","osname":"ANDROID","rmDeviceType":"mobile","platform":"ANDROID","platformVersion":"","deviceName":"","platformName":"Android","browserName":"Chrome","description":"   ","maxInstances":1,"appWaitActivity":"WAIT_ACTIVITY","deviceId":"41000258f2c3910f"}]}
{"class":"org.openqa.grid.common.RegistrationRequest","id":null,"name":null,"description":null,"configuration":{"port":4723,"servlets":"se.redmind.rmtest.selenium.grid.servlets.GridQueryServlet","host":"10.12.14.146","cleanUpCycle":2000,"browserTimeout":0,"hubHost":"10.12.14.222","registerCycle":5000,"capabilityMatcher":"org.openqa.grid.internal.utils.DefaultCapabilityMatcher","newSessionWaitTimeout":-1,"url":"http://10.12.14.146:4723/wd/hub","remoteHost":"http://10.12.14.146:4723","register":true,"throwOnCapabilityNotPresent":true,"nodePolling":5000,"proxy":"org.openqa.grid.selenium.proxy.DefaultRemoteProxy","maxSession":1,"role":"hub","jettyMaxThreads":-1,"hubPort":4444,"timeout":30000},"capabilities":[{"newCommandTimeout":"300","platform":"MAC","platformVersion":"8.1","rmDeviceType":"mobile","platformName":"iOS","deviceName":"iPhone 6","browserName":"Safari","maxInstances":1,"description":"iPhone 6  8.1 testrunner2","launchTimeout":"30000","version":"8.1"}]}
{"class":"org.openqa.grid.common.RegistrationRequest","id":null,"name":null,"description":null,"configuration":{"port":4723,"servlets":"se.redmind.rmtest.selenium.grid.servlets.GridQueryServlet","host":"10.12.14.135","cleanUpCycle":2000,"browserTimeout":0,"hubHost":"10.12.14.222","registerCycle":5000,"capabilityMatcher":"org.openqa.grid.internal.utils.DefaultCapabilityMatcher","newSessionWaitTimeout":-1,"url":"http://10.12.14.135:4723/wd/hub","remoteHost":"http://10.12.14.135:4723","register":true,"throwOnCapabilityNotPresent":true,"nodePolling":5000,"proxy":"org.openqa.grid.selenium.proxy.DefaultRemoteProxy","maxSession":1,"role":"hub","jettyMaxThreads":-1,"hubPort":4444,"timeout":30000},"capabilities":[{"newCommandTimeout":"300","platform":"MAC","platformVersion":"8.1","rmDeviceType":"mobile","platformName":"iOS","deviceName":"iPhone 5s","browserName":"Safari","maxInstances":1,"description":"iPhone 5s  8.1 testrunner3","launchTimeout":"30000","version":"8.1"}]}
Description of driver is: Android_4.4.4_C6903_Chrome_UNKNOWN
Description of driver is: Android_4.4.4_C6603_Chrome_UNKNOWN
Description of driver is: Android___Chrome_UNKNOWN
Description of driver is: iOS_8.1_iPhone 6_Safari_UNKNOWN
Description of driver is: iOS_8.1_iPhone 5s_Safari_UNKNOWN
Number of treads executing in parrallel: 5
{"configuration":{"androidHome":"/Users/testrunner/adt/adt-bundle-mac-x86_64-20140702/sdk","localIp":"10.12.14.222","hubIp":"10.12.14.222","AndroidBuildtoolsVersion":"4.4","seleniumVersion":"2.45.0"}}
{"class":"org.openqa.grid.common.RegistrationRequest","id":null,"name":null,"description":null,"configuration":{"port":8081,"host":"10.12.14.222","servlets":"se.redmind.rmtest.selenium.grid.servlets.GridQueryServlet","cleanUpCycle":5000,"browserTimeout":0,"hubHost":"10.12.14.222","registerCycle":5000,"capabilityMatcher":"org.openqa.grid.internal.utils.DefaultCapabilityMatcher","newSessionWaitTimeout":-1,"url":"http://10.12.14.222:8081/wd/hub","remoteHost":"http://10.12.14.222:8081","register":true,"throwOnCapabilityNotPresent":true,"nodePolling":5000,"proxy":"org.openqa.grid.selenium.proxy.DefaultRemoteProxy","maxSession":1,"role":"hub","jettyMaxThreads":-1,"hubPort":4444,"timeout":300000},"capabilities":[{"newCommandTimeout":"300","osname":"ANDROID","rmDeviceType":"mobile","platform":"ANDROID","platformVersion":"4.4.4","deviceName":"C6903","platformName":"Android","browserName":"Chrome","description":"Sony C6903  4.4.4","maxInstances":1,"appWaitActivity":"WAIT_ACTIVITY","deviceId":"BH903CKS0D"}]}
{"class":"org.openqa.grid.common.RegistrationRequest","id":null,"name":null,"description":null,"configuration":{"port":8082,"host":"10.12.14.222","servlets":"se.redmind.rmtest.selenium.grid.servlets.GridQueryServlet","cleanUpCycle":5000,"browserTimeout":0,"hubHost":"10.12.14.222","registerCycle":5000,"capabilityMatcher":"org.openqa.grid.internal.utils.DefaultCapabilityMatcher","newSessionWaitTimeout":-1,"url":"http://10.12.14.222:8082/wd/hub","remoteHost":"http://10.12.14.222:8082","register":true,"throwOnCapabilityNotPresent":true,"nodePolling":5000,"proxy":"org.openqa.grid.selenium.proxy.DefaultRemoteProxy","maxSession":1,"role":"hub","jettyMaxThreads":-1,"hubPort":4444,"timeout":300000},"capabilities":[{"newCommandTimeout":"300","osname":"ANDROID","rmDeviceType":"mobile","platform":"ANDROID","platformVersion":"4.4.4","deviceName":"C6603","platformName":"Android","browserName":"Chrome","description":"Sony C6603  4.4.4","maxInstances":1,"appWaitActivity":"WAIT_ACTIVITY","deviceId":"CB5A1PEHNN"}]}
{"class":"org.openqa.grid.common.RegistrationRequest","id":null,"name":null,"description":null,"configuration":{"port":8083,"host":"10.12.14.222","servlets":"se.redmind.rmtest.selenium.grid.servlets.GridQueryServlet","cleanUpCycle":5000,"browserTimeout":0,"hubHost":"10.12.14.222","registerCycle":5000,"capabilityMatcher":"org.openqa.grid.internal.utils.DefaultCapabilityMatcher","newSessionWaitTimeout":-1,"url":"http://10.12.14.222:8083/wd/hub","remoteHost":"http://10.12.14.222:8083","register":true,"throwOnCapabilityNotPresent":true,"nodePolling":5000,"proxy":"org.openqa.grid.selenium.proxy.DefaultRemoteProxy","maxSession":1,"role":"hub","jettyMaxThreads":-1,"hubPort":4444,"timeout":300000},"capabilities":[{"newCommandTimeout":"300","osname":"ANDROID","rmDeviceType":"mobile","platform":"ANDROID","platformVersion":"","deviceName":"","platformName":"Android","browserName":"Chrome","description":"   ","maxInstances":1,"appWaitActivity":"WAIT_ACTIVITY","deviceId":"41000258f2c3910f"}]}
{"class":"org.openqa.grid.common.RegistrationRequest","id":null,"name":null,"description":null,"configuration":{"port":4723,"servlets":"se.redmind.rmtest.selenium.grid.servlets.GridQueryServlet","host":"10.12.14.146","cleanUpCycle":2000,"browserTimeout":0,"hubHost":"10.12.14.222","registerCycle":5000,"capabilityMatcher":"org.openqa.grid.internal.utils.DefaultCapabilityMatcher","newSessionWaitTimeout":-1,"url":"http://10.12.14.146:4723/wd/hub","remoteHost":"http://10.12.14.146:4723","register":true,"throwOnCapabilityNotPresent":true,"nodePolling":5000,"proxy":"org.openqa.grid.selenium.proxy.DefaultRemoteProxy","maxSession":1,"role":"hub","jettyMaxThreads":-1,"hubPort":4444,"timeout":30000},"capabilities":[{"newCommandTimeout":"300","platform":"MAC","platformVersion":"8.1","rmDeviceType":"mobile","platformName":"iOS","deviceName":"iPhone 6","browserName":"Safari","maxInstances":1,"description":"iPhone 6  8.1 testrunner2","launchTimeout":"30000","version":"8.1"}]}
{"class":"org.openqa.grid.common.RegistrationRequest","id":null,"name":null,"description":null,"configuration":{"port":4723,"servlets":"se.redmind.rmtest.selenium.grid.servlets.GridQueryServlet","host":"10.12.14.135","cleanUpCycle":2000,"browserTimeout":0,"hubHost":"10.12.14.222","registerCycle":5000,"capabilityMatcher":"org.openqa.grid.internal.utils.DefaultCapabilityMatcher","newSessionWaitTimeout":-1,"url":"http://10.12.14.135:4723/wd/hub","remoteHost":"http://10.12.14.135:4723","register":true,"throwOnCapabilityNotPresent":true,"nodePolling":5000,"proxy":"org.openqa.grid.selenium.proxy.DefaultRemoteProxy","maxSession":1,"role":"hub","jettyMaxThreads":-1,"hubPort":4444,"timeout":30000},"capabilities":[{"newCommandTimeout":"300","platform":"MAC","platformVersion":"8.1","rmDeviceType":"mobile","platformName":"iOS","deviceName":"iPhone 5s","browserName":"Safari","maxInstances":1,"description":"iPhone 5s  8.1 testrunner3","launchTimeout":"30000","version":"8.1"}]}
Description of driver is: Android_4.4.4_C6903_Chrome_UNKNOWN
Description of driver is: Android_4.4.4_C6603_Chrome_UNKNOWN
Description of driver is: Android___Chrome_UNKNOWN
Description of driver is: iOS_8.1_iPhone 6_Safari_UNKNOWN
Description of driver is: iOS_8.1_iPhone 5s_Safari_UNKNOWN
Number of treads executing in parrallel: 5
Having trouble starting webdriver for device: Android___Chrome_UNKNOWN
Attempt 1 of 5
Having trouble starting webdriver for device: Android___Chrome_UNKNOWN
Attempt 2 of 5
Having trouble starting webdriver for device: Android___Chrome_UNKNOWN
Attempt 3 of 5
This is a AppiumDriver
Started driver: Android_4.4.4_C6603_Chrome_UNKNOWN
Driver: AndroidDriver: chrome on ANDROID (87a794e6c25171b8d9a13d105372986b)
This is a AppiumDriver
Started driver: Android_4.4.4_C6903_Chrome_UNKNOWN
Driver: AndroidDriver: chrome on ANDROID (c77ba70147eb3b9b3fe0b71c2a022302)
Having trouble starting webdriver for device: Android___Chrome_UNKNOWN
Attempt 4 of 5
Having trouble starting webdriver for device: Android___Chrome_UNKNOWN
Attempt 5 of 5
]]></system-out>
    <system-err><![CDATA[org.openqa.selenium.SessionNotCreatedException: A new session could not be created. (Original error: Command failed: Android Debug Bridge version 1.0.32

 -a                            - directs adb to listen on all interfaces for a connection
 -d                            - directs command to the only connected USB device
                                 returns an error if more than one USB device is present.
 -e                            - directs command to the only running emulator.
                                 returns an error if more than one emulator is running.
 -s <specific device>          - directs command to the device or emulator with the given
                                 serial number or qualifier. Overrides ANDROID_SERIAL
                                 environment variable.
 -p <product name or path>     - simple product name like 'sooner', or
                                 a relative/absolute path to a product
                                 out directory like 'out/target/product/sooner'.
                                 If -p is not specified, the ANDROID_PRODUCT_OUT
                                 environment variable is used, which must
                                 be an absolute path.
 -H                            - Name of adb server host (default: localhost)
 -P                            - Port of adb server (default: 5037)
 devices [-l]                  - list all connected devices
                                 ('-l' will also list device qualifiers)
 connect <host>[:<port>]       - connect to a device via TCP/IP
                                 Port 5555 is used by default if no port number is specified.
 disconnect [<host>[:<port>]]  - disconnect from a TCP/IP device.
                                 Port 5555 is used by default if no port number is specified.
                                 Using this command with no additional arguments
                                 will disconnect from all connected TCP/IP devices.

device commands:
  adb push [-p] <local> <remote>
                               - copy file/dir to device
                                 ('-p' to display the transfer progress)
  adb pull [-p] [-a] <remote> [<local>]
                               - copy file/dir from device
                                 ('-p' to display the transfer progress)
                                 ('-a' means copy timestamp and mode)
  adb sync [ <directory> ]     - copy host->device only if changed
                                 (-l means list but don't copy)
                                 (see 'adb help all')
  adb shell                    - run remote shell interactively
  adb shell <command>          - run remote shell command
  adb emu <command>            - run emulator console command
  adb logcat [ <filter-spec> ] - View device log
  adb forward --list           - list all forward socket connections.
                                 the format is a list of lines with the following format:
                                    <serial> " " <local> " " <remote> "\n"
  adb forward <local> <remote> - forward socket connections
                                 forward specs are one of: 
                                   tcp:<port>
                                   localabstract:<unix domain socket name>
                                   localreserved:<unix domain socket name>
                                   localfilesystem:<unix domain socket name>
                                   dev:<character device name>
                                   jdwp:<process pid> (remote only)
  adb forward --no-rebind <local> <remote>
                               - same as 'adb forward <local> <remote>' but fails
                                 if <local> is already forwarded
  adb forward --remove <local> - remove a specific forward socket connection
  adb forward --remove-all     - remove all forward socket connections
  adb reverse --list           - list all reverse socket connections from device
  adb reverse <remote> <local> - reverse socket connections
                                 reverse specs are one of:
                                   tcp:<port>
                                   localabstract:<unix domain socket name>
                                   localreserved:<unix domain socket name>
                                   localfilesystem:<unix domain socket name>
  adb reverse --norebind <remote> <local>
                               - same as 'adb reverse <remote> <local>' but fails
                                 if <remote> is already reversed.
  adb reverse --remove <remote>
                               - remove a specific reversed socket connection
  adb reverse --remove-all     - remove all reversed socket connections from device
  adb jdwp                     - list PIDs of processes hosting a JDWP transport
  adb install [-lrtsd] <file>
  adb install-multiple [-lrtsdp] <file...>
                               - push this package file to the device and install it
                                 (-l: forward lock application)
                                 (-r: replace existing application)
                                 (-t: allow test packages)
                                 (-s: install application on sdcard)
                                 (-d: allow version code downgrade)
                                 (-p: partial application install)
  adb uninstall [-k] <package> - remove this app package from the device
                                 ('-k' means keep the data and cache directories)
  adb bugreport                - return all information from the device
                                 that should be included in a bug report.

  adb backup [-f <file>] [-apk|-noapk] [-obb|-noobb] [-shared|-noshared] [-all] [-system|-nosystem] [<packages...>]
                               - write an archive of the device's data to <file>.
                                 If no -f option is supplied then the data is written
                                 to "backup.ab" in the current directory.
                                 (-apk|-noapk enable/disable backup of the .apks themselves
                                    in the archive; the default is noapk.)
                                 (-obb|-noobb enable/disable backup of any installed apk expansion
                                    (aka .obb) files associated with each application; the default
                                    is noobb.)
                                 (-shared|-noshared enable/disable backup of the device's
                                    shared storage / SD card contents; the default is noshared.)
                                 (-all means to back up all installed applications)
                                 (-system|-nosystem toggles whether -all automatically includes
                                    system applications; the default is to include system apps)
                                 (<packages...> is the list of applications to be backed up.  If
                                    the -all or -shared flags are passed, then the package
                                    list is optional.  Applications explicitly given on the
                                    command line will be included even if -nosystem would
                                    ordinarily cause them to be omitted.)

  adb restore <file>           - restore device contents from the <file> backup archive

  adb help                     - show this help message
  adb version                  - show version num

scripting:
  adb wait-for-device          - block until device is online
  adb start-server             - ensure that there is a server running
  adb kill-server              - kill the server if it is running
  adb get-state                - prints: offline | bootloader | device
  adb get-serialno             - prints: <serial-number>
  adb get-devpath              - prints: <device-path>
  adb status-window            - continuously print device status for a specified device
  adb remount                  - remounts the /system and /vendor (if present) partitions on the device read-write
  adb reboot [bootloader|recovery] - reboots the device, optionally into the bootloader or recovery program
  adb reboot-bootloader        - reboots the device into the bootloader
  adb root                     - restarts the adbd daemon with root permissions
  adb usb                      - restarts the adbd daemon listening on USB
  adb tcpip <port>             - restarts the adbd daemon listening on TCP on the specified port
networking:
  adb ppp <tty> [parameters]   - Run PPP over USB.
 Note: you should not automatically start a PPP connection.
 <tty> refers to the tty for PPP stream. Eg. dev:/dev/omap_csmi_tty1
 [parameters] - Eg. defaultroute debug dump local notty usepeerdns

adb sync notes: adb sync [ <directory> ]
  <localdir> can be interpreted in several ways:

  - If <directory> is not specified, /system, /vendor (if present), and /data partitions will be updated.

  - If it is "system", "vendor" or "data", only the corresponding partition
    is updated.

environmental variables:
  ADB_TRACE                    - Print debug information. A comma separated list of the following values
                                 1 or all, adb, sockets, packets, rwx, usb, sync, sysdeps, transport, jdwp
  ANDROID_SERIAL               - The serial number to connect to. -s takes priority over this if given.
  ANDROID_LOG_TAGS             - When used with the logcat option, only these debug tags are printed.
) (WARNING: The server did not provide any stacktrace information)
Command duration or timeout: 4.02 seconds
Build info: version: '2.45.0', revision: '5017cb8e7ca8e37638dc3091b2440b90a1d8686f', time: '2015-02-27 09:10:26'
System info: host: 'testrunner1', ip: '10.12.14.222', os.name: 'Mac OS X', os.arch: 'x86_64', os.version: '10.10.2', java.version: '1.7.0_67'
Driver info: io.appium.java_client.android.AndroidDriver
	at sun.reflect.NativeConstructorAccessorImpl.newInstance0(Native Method)
	at sun.reflect.NativeConstructorAccessorImpl.newInstance(NativeConstructorAccessorImpl.java:57)
	at sun.reflect.DelegatingConstructorAccessorImpl.newInstance(DelegatingConstructorAccessorImpl.java:45)
	at java.lang.reflect.Constructor.newInstance(Constructor.java:526)
	at org.openqa.selenium.remote.ErrorHandler.createThrowable(ErrorHandler.java:204)
	at org.openqa.selenium.remote.ErrorHandler.throwIfResponseFailed(ErrorHandler.java:156)
	at org.openqa.selenium.remote.RemoteWebDriver.execute(RemoteWebDriver.java:599)
	at io.appium.java_client.AppiumDriver.execute(AppiumDriver.java:180)
	at org.openqa.selenium.remote.RemoteWebDriver.startSession(RemoteWebDriver.java:240)
	at org.openqa.selenium.remote.RemoteWebDriver.<init>(RemoteWebDriver.java:126)
	at org.openqa.selenium.remote.RemoteWebDriver.<init>(RemoteWebDriver.java:153)
	at io.appium.java_client.AppiumDriver.<init>(AppiumDriver.java:109)
	at io.appium.java_client.android.AndroidDriver.<init>(AndroidDriver.java:39)
	at se.redmind.rmtest.selenium.grid.DriverNamingWrapper.startDriver(DriverNamingWrapper.java:72)
	at se.aftonbladet.abtest.tests.mobile.menu.AbMobileNavTest.setUp(AbMobileNavTest.java:69)
	at sun.reflect.NativeMethodAccessorImpl.invoke0(Native Method)
	at sun.reflect.NativeMethodAccessorImpl.invoke(NativeMethodAccessorImpl.java:57)
	at sun.reflect.DelegatingMethodAccessorImpl.invoke(DelegatingMethodAccessorImpl.java:43)
	at java.lang.reflect.Method.invoke(Method.java:606)
	at org.junit.runners.model.FrameworkMethod$1.runReflectiveCall(FrameworkMethod.java:47)
	at org.junit.internal.runners.model.ReflectiveCallable.run(ReflectiveCallable.java:12)
	at org.junit.runners.model.FrameworkMethod.invokeExplosively(FrameworkMethod.java:44)
	at org.junit.internal.runners.statements.RunBefores.evaluate(RunBefores.java:24)
	at org.junit.runners.ParentRunner.runLeaf(ParentRunner.java:271)
	at org.junit.runners.BlockJUnit4ClassRunner.runChild(BlockJUnit4ClassRunner.java:70)
	at org.junit.runners.BlockJUnit4ClassRunner.runChild(BlockJUnit4ClassRunner.java:50)
	at org.junit.runners.ParentRunner$3.run(ParentRunner.java:238)
	at org.junit.runners.ParentRunner$1.schedule(ParentRunner.java:63)
	at org.junit.runners.ParentRunner.runChildren(ParentRunner.java:236)
	at org.junit.runners.ParentRunner.access$000(ParentRunner.java:53)
	at org.junit.runners.ParentRunner$2.evaluate(ParentRunner.java:229)
	at org.junit.runners.ParentRunner.run(ParentRunner.java:309)
	at org.junit.runners.Suite.runChild(Suite.java:127)
	at org.junit.runners.Suite.runChild(Suite.java:26)
	at org.junit.runners.ParentRunner$3.run(ParentRunner.java:238)
	at java.util.concurrent.Executors$RunnableAdapter.call(Executors.java:471)
	at java.util.concurrent.FutureTask.run(FutureTask.java:262)
	at java.util.concurrent.ThreadPoolExecutor.runWorker(ThreadPoolExecutor.java:1145)
	at java.util.concurrent.ThreadPoolExecutor$Worker.run(ThreadPoolExecutor.java:615)
	at java.lang.Thread.run(Thread.java:745)
org.openqa.selenium.SessionNotCreatedException: A new session could not be created. (Original error: Command failed: Android Debug Bridge version 1.0.32

 -a                            - directs adb to listen on all interfaces for a connection
 -d                            - directs command to the only connected USB device
                                 returns an error if more than one USB device is present.
 -e                            - directs command to the only running emulator.
                                 returns an error if more than one emulator is running.
 -s <specific device>          - directs command to the device or emulator with the given
                                 serial number or qualifier. Overrides ANDROID_SERIAL
                                 environment variable.
 -p <product name or path>     - simple product name like 'sooner', or
                                 a relative/absolute path to a product
                                 out directory like 'out/target/product/sooner'.
                                 If -p is not specified, the ANDROID_PRODUCT_OUT
                                 environment variable is used, which must
                                 be an absolute path.
 -H                            - Name of adb server host (default: localhost)
 -P                            - Port of adb server (default: 5037)
 devices [-l]                  - list all connected devices
                                 ('-l' will also list device qualifiers)
 connect <host>[:<port>]       - connect to a device via TCP/IP
                                 Port 5555 is used by default if no port number is specified.
 disconnect [<host>[:<port>]]  - disconnect from a TCP/IP device.
                                 Port 5555 is used by default if no port number is specified.
                                 Using this command with no additional arguments
                                 will disconnect from all connected TCP/IP devices.

device commands:
  adb push [-p] <local> <remote>
                               - copy file/dir to device
                                 ('-p' to display the transfer progress)
  adb pull [-p] [-a] <remote> [<local>]
                               - copy file/dir from device
                                 ('-p' to display the transfer progress)
                                 ('-a' means copy timestamp and mode)
  adb sync [ <directory> ]     - copy host->device only if changed
                                 (-l means list but don't copy)
                                 (see 'adb help all')
  adb shell                    - run remote shell interactively
  adb shell <command>          - run remote shell command
  adb emu <command>            - run emulator console command
  adb logcat [ <filter-spec> ] - View device log
  adb forward --list           - list all forward socket connections.
                                 the format is a list of lines with the following format:
                                    <serial> " " <local> " " <remote> "\n"
  adb forward <local> <remote> - forward socket connections
                                 forward specs are one of: 
                                   tcp:<port>
                                   localabstract:<unix domain socket name>
                                   localreserved:<unix domain socket name>
                                   localfilesystem:<unix domain socket name>
                                   dev:<character device name>
                                   jdwp:<process pid> (remote only)
  adb forward --no-rebind <local> <remote>
                               - same as 'adb forward <local> <remote>' but fails
                                 if <local> is already forwarded
  adb forward --remove <local> - remove a specific forward socket connection
  adb forward --remove-all     - remove all forward socket connections
  adb reverse --list           - list all reverse socket connections from device
  adb reverse <remote> <local> - reverse socket connections
                                 reverse specs are one of:
                                   tcp:<port>
                                   localabstract:<unix domain socket name>
                                   localreserved:<unix domain socket name>
                                   localfilesystem:<unix domain socket name>
  adb reverse --norebind <remote> <local>
                               - same as 'adb reverse <remote> <local>' but fails
                                 if <remote> is already reversed.
  adb reverse --remove <remote>
                               - remove a specific reversed socket connection
  adb reverse --remove-all     - remove all reversed socket connections from device
  adb jdwp                     - list PIDs of processes hosting a JDWP transport
  adb install [-lrtsd] <file>
  adb install-multiple [-lrtsdp] <file...>
                               - push this package file to the device and install it
                                 (-l: forward lock application)
                                 (-r: replace existing application)
                                 (-t: allow test packages)
                                 (-s: install application on sdcard)
                                 (-d: allow version code downgrade)
                                 (-p: partial application install)
  adb uninstall [-k] <package> - remove this app package from the device
                                 ('-k' means keep the data and cache directories)
  adb bugreport                - return all information from the device
                                 that should be included in a bug report.

  adb backup [-f <file>] [-apk|-noapk] [-obb|-noobb] [-shared|-noshared] [-all] [-system|-nosystem] [<packages...>]
                               - write an archive of the device's data to <file>.
                                 If no -f option is supplied then the data is written
                                 to "backup.ab" in the current directory.
                                 (-apk|-noapk enable/disable backup of the .apks themselves
                                    in the archive; the default is noapk.)
                                 (-obb|-noobb enable/disable backup of any installed apk expansion
                                    (aka .obb) files associated with each application; the default
                                    is noobb.)
                                 (-shared|-noshared enable/disable backup of the device's
                                    shared storage / SD card contents; the default is noshared.)
                                 (-all means to back up all installed applications)
                                 (-system|-nosystem toggles whether -all automatically includes
                                    system applications; the default is to include system apps)
                                 (<packages...> is the list of applications to be backed up.  If
                                    the -all or -shared flags are passed, then the package
                                    list is optional.  Applications explicitly given on the
                                    command line will be included even if -nosystem would
                                    ordinarily cause them to be omitted.)

  adb restore <file>           - restore device contents from the <file> backup archive

  adb help                     - show this help message
  adb version                  - show version num

scripting:
  adb wait-for-device          - block until device is online
  adb start-server             - ensure that there is a server running
  adb kill-server              - kill the server if it is running
  adb get-state                - prints: offline | bootloader | device
  adb get-serialno             - prints: <serial-number>
  adb get-devpath              - prints: <device-path>
  adb status-window            - continuously print device status for a specified device
  adb remount                  - remounts the /system and /vendor (if present) partitions on the device read-write
  adb reboot [bootloader|recovery] - reboots the device, optionally into the bootloader or recovery program
  adb reboot-bootloader        - reboots the device into the bootloader
  adb root                     - restarts the adbd daemon with root permissions
  adb usb                      - restarts the adbd daemon listening on USB
  adb tcpip <port>             - restarts the adbd daemon listening on TCP on the specified port
networking:
  adb ppp <tty> [parameters]   - Run PPP over USB.
 Note: you should not automatically start a PPP connection.
 <tty> refers to the tty for PPP stream. Eg. dev:/dev/omap_csmi_tty1
 [parameters] - Eg. defaultroute debug dump local notty usepeerdns

adb sync notes: adb sync [ <directory> ]
  <localdir> can be interpreted in several ways:

  - If <directory> is not specified, /system, /vendor (if present), and /data partitions will be updated.

  - If it is "system", "vendor" or "data", only the corresponding partition
    is updated.

environmental variables:
  ADB_TRACE                    - Print debug information. A comma separated list of the following values
                                 1 or all, adb, sockets, packets, rwx, usb, sync, sysdeps, transport, jdwp
  ANDROID_SERIAL               - The serial number to connect to. -s takes priority over this if given.
  ANDROID_LOG_TAGS             - When used with the logcat option, only these debug tags are printed.
) (WARNING: The server did not provide any stacktrace information)
Command duration or timeout: 5.65 seconds
Build info: version: '2.45.0', revision: '5017cb8e7ca8e37638dc3091b2440b90a1d8686f', time: '2015-02-27 09:10:26'
System info: host: 'testrunner1', ip: '10.12.14.222', os.name: 'Mac OS X', os.arch: 'x86_64', os.version: '10.10.2', java.version: '1.7.0_67'
Driver info: io.appium.java_client.android.AndroidDriver
	at sun.reflect.NativeConstructorAccessorImpl.newInstance0(Native Method)
	at sun.reflect.NativeConstructorAccessorImpl.newInstance(NativeConstructorAccessorImpl.java:57)
	at sun.reflect.DelegatingConstructorAccessorImpl.newInstance(DelegatingConstructorAccessorImpl.java:45)
	at java.lang.reflect.Constructor.newInstance(Constructor.java:526)
	at org.openqa.selenium.remote.ErrorHandler.createThrowable(ErrorHandler.java:204)
	at org.openqa.selenium.remote.ErrorHandler.throwIfResponseFailed(ErrorHandler.java:156)
	at org.openqa.selenium.remote.RemoteWebDriver.execute(RemoteWebDriver.java:599)
	at io.appium.java_client.AppiumDriver.execute(AppiumDriver.java:180)
	at org.openqa.selenium.remote.RemoteWebDriver.startSession(RemoteWebDriver.java:240)
	at org.openqa.selenium.remote.RemoteWebDriver.<init>(RemoteWebDriver.java:126)
	at org.openqa.selenium.remote.RemoteWebDriver.<init>(RemoteWebDriver.java:153)
	at io.appium.java_client.AppiumDriver.<init>(AppiumDriver.java:109)
	at io.appium.java_client.android.AndroidDriver.<init>(AndroidDriver.java:39)
	at se.redmind.rmtest.selenium.grid.DriverNamingWrapper.startDriver(DriverNamingWrapper.java:72)
	at se.aftonbladet.abtest.tests.mobile.menu.AbMobileNavTest.setUp(AbMobileNavTest.java:69)
	at sun.reflect.NativeMethodAccessorImpl.invoke0(Native Method)
	at sun.reflect.NativeMethodAccessorImpl.invoke(NativeMethodAccessorImpl.java:57)
	at sun.reflect.DelegatingMethodAccessorImpl.invoke(DelegatingMethodAccessorImpl.java:43)
	at java.lang.reflect.Method.invoke(Method.java:606)
	at org.junit.runners.model.FrameworkMethod$1.runReflectiveCall(FrameworkMethod.java:47)
	at org.junit.internal.runners.model.ReflectiveCallable.run(ReflectiveCallable.java:12)
	at org.junit.runners.model.FrameworkMethod.invokeExplosively(FrameworkMethod.java:44)
	at org.junit.internal.runners.statements.RunBefores.evaluate(RunBefores.java:24)
	at org.junit.runners.ParentRunner.runLeaf(ParentRunner.java:271)
	at org.junit.runners.BlockJUnit4ClassRunner.runChild(BlockJUnit4ClassRunner.java:70)
	at org.junit.runners.BlockJUnit4ClassRunner.runChild(BlockJUnit4ClassRunner.java:50)
	at org.junit.runners.ParentRunner$3.run(ParentRunner.java:238)
	at org.junit.runners.ParentRunner$1.schedule(ParentRunner.java:63)
	at org.junit.runners.ParentRunner.runChildren(ParentRunner.java:236)
	at org.junit.runners.ParentRunner.access$000(ParentRunner.java:53)
	at org.junit.runners.ParentRunner$2.evaluate(ParentRunner.java:229)
	at org.junit.runners.ParentRunner.run(ParentRunner.java:309)
	at org.junit.runners.Suite.runChild(Suite.java:127)
	at org.junit.runners.Suite.runChild(Suite.java:26)
	at org.junit.runners.ParentRunner$3.run(ParentRunner.java:238)
	at java.util.concurrent.Executors$RunnableAdapter.call(Executors.java:471)
	at java.util.concurrent.FutureTask.run(FutureTask.java:262)
	at java.util.concurrent.ThreadPoolExecutor.runWorker(ThreadPoolExecutor.java:1145)
	at java.util.concurrent.ThreadPoolExecutor$Worker.run(ThreadPoolExecutor.java:615)
	at java.lang.Thread.run(Thread.java:745)
org.openqa.selenium.SessionNotCreatedException: A new session could not be created. (Original error: Command failed: Android Debug Bridge version 1.0.32

 -a                            - directs adb to listen on all interfaces for a connection
 -d                            - directs command to the only connected USB device
                                 returns an error if more than one USB device is present.
 -e                            - directs command to the only running emulator.
                                 returns an error if more than one emulator is running.
 -s <specific device>          - directs command to the device or emulator with the given
                                 serial number or qualifier. Overrides ANDROID_SERIAL
                                 environment variable.
 -p <product name or path>     - simple product name like 'sooner', or
                                 a relative/absolute path to a product
                                 out directory like 'out/target/product/sooner'.
                                 If -p is not specified, the ANDROID_PRODUCT_OUT
                                 environment variable is used, which must
                                 be an absolute path.
 -H                            - Name of adb server host (default: localhost)
 -P                            - Port of adb server (default: 5037)
 devices [-l]                  - list all connected devices
                                 ('-l' will also list device qualifiers)
 connect <host>[:<port>]       - connect to a device via TCP/IP
                                 Port 5555 is used by default if no port number is specified.
 disconnect [<host>[:<port>]]  - disconnect from a TCP/IP device.
                                 Port 5555 is used by default if no port number is specified.
                                 Using this command with no additional arguments
                                 will disconnect from all connected TCP/IP devices.

device commands:
  adb push [-p] <local> <remote>
                               - copy file/dir to device
                                 ('-p' to display the transfer progress)
  adb pull [-p] [-a] <remote> [<local>]
                               - copy file/dir from device
                                 ('-p' to display the transfer progress)
                                 ('-a' means copy timestamp and mode)
  adb sync [ <directory> ]     - copy host->device only if changed
                                 (-l means list but don't copy)
                                 (see 'adb help all')
  adb shell                    - run remote shell interactively
  adb shell <command>          - run remote shell command
  adb emu <command>            - run emulator console command
  adb logcat [ <filter-spec> ] - View device log
  adb forward --list           - list all forward socket connections.
                                 the format is a list of lines with the following format:
                                    <serial> " " <local> " " <remote> "\n"
  adb forward <local> <remote> - forward socket connections
                                 forward specs are one of: 
                                   tcp:<port>
                                   localabstract:<unix domain socket name>
                                   localreserved:<unix domain socket name>
                                   localfilesystem:<unix domain socket name>
                                   dev:<character device name>
                                   jdwp:<process pid> (remote only)
  adb forward --no-rebind <local> <remote>
                               - same as 'adb forward <local> <remote>' but fails
                                 if <local> is already forwarded
  adb forward --remove <local> - remove a specific forward socket connection
  adb forward --remove-all     - remove all forward socket connections
  adb reverse --list           - list all reverse socket connections from device
  adb reverse <remote> <local> - reverse socket connections
                                 reverse specs are one of:
                                   tcp:<port>
                                   localabstract:<unix domain socket name>
                                   localreserved:<unix domain socket name>
                                   localfilesystem:<unix domain socket name>
  adb reverse --norebind <remote> <local>
                               - same as 'adb reverse <remote> <local>' but fails
                                 if <remote> is already reversed.
  adb reverse --remove <remote>
                               - remove a specific reversed socket connection
  adb reverse --remove-all     - remove all reversed socket connections from device
  adb jdwp                     - list PIDs of processes hosting a JDWP transport
  adb install [-lrtsd] <file>
  adb install-multiple [-lrtsdp] <file...>
                               - push this package file to the device and install it
                                 (-l: forward lock application)
                                 (-r: replace existing application)
                                 (-t: allow test packages)
                                 (-s: install application on sdcard)
                                 (-d: allow version code downgrade)
                                 (-p: partial application install)
  adb uninstall [-k] <package> - remove this app package from the device
                                 ('-k' means keep the data and cache directories)
  adb bugreport                - return all information from the device
                                 that should be included in a bug report.

  adb backup [-f <file>] [-apk|-noapk] [-obb|-noobb] [-shared|-noshared] [-all] [-system|-nosystem] [<packages...>]
                               - write an archive of the device's data to <file>.
                                 If no -f option is supplied then the data is written
                                 to "backup.ab" in the current directory.
                                 (-apk|-noapk enable/disable backup of the .apks themselves
                                    in the archive; the default is noapk.)
                                 (-obb|-noobb enable/disable backup of any installed apk expansion
                                    (aka .obb) files associated with each application; the default
                                    is noobb.)
                                 (-shared|-noshared enable/disable backup of the device's
                                    shared storage / SD card contents; the default is noshared.)
                                 (-all means to back up all installed applications)
                                 (-system|-nosystem toggles whether -all automatically includes
                                    system applications; the default is to include system apps)
                                 (<packages...> is the list of applications to be backed up.  If
                                    the -all or -shared flags are passed, then the package
                                    list is optional.  Applications explicitly given on the
                                    command line will be included even if -nosystem would
                                    ordinarily cause them to be omitted.)

  adb restore <file>           - restore device contents from the <file> backup archive

  adb help                     - show this help message
  adb version                  - show version num

scripting:
  adb wait-for-device          - block until device is online
  adb start-server             - ensure that there is a server running
  adb kill-server              - kill the server if it is running
  adb get-state                - prints: offline | bootloader | device
  adb get-serialno             - prints: <serial-number>
  adb get-devpath              - prints: <device-path>
  adb status-window            - continuously print device status for a specified device
  adb remount                  - remounts the /system and /vendor (if present) partitions on the device read-write
  adb reboot [bootloader|recovery] - reboots the device, optionally into the bootloader or recovery program
  adb reboot-bootloader        - reboots the device into the bootloader
  adb root                     - restarts the adbd daemon with root permissions
  adb usb                      - restarts the adbd daemon listening on USB
  adb tcpip <port>             - restarts the adbd daemon listening on TCP on the specified port
networking:
  adb ppp <tty> [parameters]   - Run PPP over USB.
 Note: you should not automatically start a PPP connection.
 <tty> refers to the tty for PPP stream. Eg. dev:/dev/omap_csmi_tty1
 [parameters] - Eg. defaultroute debug dump local notty usepeerdns

adb sync notes: adb sync [ <directory> ]
  <localdir> can be interpreted in several ways:

  - If <directory> is not specified, /system, /vendor (if present), and /data partitions will be updated.

  - If it is "system", "vendor" or "data", only the corresponding partition
    is updated.

environmental variables:
  ADB_TRACE                    - Print debug information. A comma separated list of the following values
                                 1 or all, adb, sockets, packets, rwx, usb, sync, sysdeps, transport, jdwp
  ANDROID_SERIAL               - The serial number to connect to. -s takes priority over this if given.
  ANDROID_LOG_TAGS             - When used with the logcat option, only these debug tags are printed.
) (WARNING: The server did not provide any stacktrace information)
Command duration or timeout: 3.04 seconds
Build info: version: '2.45.0', revision: '5017cb8e7ca8e37638dc3091b2440b90a1d8686f', time: '2015-02-27 09:10:26'
System info: host: 'testrunner1', ip: '10.12.14.222', os.name: 'Mac OS X', os.arch: 'x86_64', os.version: '10.10.2', java.version: '1.7.0_67'
Driver info: io.appium.java_client.android.AndroidDriver
	at sun.reflect.NativeConstructorAccessorImpl.newInstance0(Native Method)
	at sun.reflect.NativeConstructorAccessorImpl.newInstance(NativeConstructorAccessorImpl.java:57)
	at sun.reflect.DelegatingConstructorAccessorImpl.newInstance(DelegatingConstructorAccessorImpl.java:45)
	at java.lang.reflect.Constructor.newInstance(Constructor.java:526)
	at org.openqa.selenium.remote.ErrorHandler.createThrowable(ErrorHandler.java:204)
	at org.openqa.selenium.remote.ErrorHandler.throwIfResponseFailed(ErrorHandler.java:156)
	at org.openqa.selenium.remote.RemoteWebDriver.execute(RemoteWebDriver.java:599)
	at io.appium.java_client.AppiumDriver.execute(AppiumDriver.java:180)
	at org.openqa.selenium.remote.RemoteWebDriver.startSession(RemoteWebDriver.java:240)
	at org.openqa.selenium.remote.RemoteWebDriver.<init>(RemoteWebDriver.java:126)
	at org.openqa.selenium.remote.RemoteWebDriver.<init>(RemoteWebDriver.java:153)
	at io.appium.java_client.AppiumDriver.<init>(AppiumDriver.java:109)
	at io.appium.java_client.android.AndroidDriver.<init>(AndroidDriver.java:39)
	at se.redmind.rmtest.selenium.grid.DriverNamingWrapper.startDriver(DriverNamingWrapper.java:72)
	at se.aftonbladet.abtest.tests.mobile.menu.AbMobileNavTest.setUp(AbMobileNavTest.java:69)
	at sun.reflect.NativeMethodAccessorImpl.invoke0(Native Method)
	at sun.reflect.NativeMethodAccessorImpl.invoke(NativeMethodAccessorImpl.java:57)
	at sun.reflect.DelegatingMethodAccessorImpl.invoke(DelegatingMethodAccessorImpl.java:43)
	at java.lang.reflect.Method.invoke(Method.java:606)
	at org.junit.runners.model.FrameworkMethod$1.runReflectiveCall(FrameworkMethod.java:47)
	at org.junit.internal.runners.model.ReflectiveCallable.run(ReflectiveCallable.java:12)
	at org.junit.runners.model.FrameworkMethod.invokeExplosively(FrameworkMethod.java:44)
	at org.junit.internal.runners.statements.RunBefores.evaluate(RunBefores.java:24)
	at org.junit.runners.ParentRunner.runLeaf(ParentRunner.java:271)
	at org.junit.runners.BlockJUnit4ClassRunner.runChild(BlockJUnit4ClassRunner.java:70)
	at org.junit.runners.BlockJUnit4ClassRunner.runChild(BlockJUnit4ClassRunner.java:50)
	at org.junit.runners.ParentRunner$3.run(ParentRunner.java:238)
	at org.junit.runners.ParentRunner$1.schedule(ParentRunner.java:63)
	at org.junit.runners.ParentRunner.runChildren(ParentRunner.java:236)
	at org.junit.runners.ParentRunner.access$000(ParentRunner.java:53)
	at org.junit.runners.ParentRunner$2.evaluate(ParentRunner.java:229)
	at org.junit.runners.ParentRunner.run(ParentRunner.java:309)
	at org.junit.runners.Suite.runChild(Suite.java:127)
	at org.junit.runners.Suite.runChild(Suite.java:26)
	at org.junit.runners.ParentRunner$3.run(ParentRunner.java:238)
	at java.util.concurrent.Executors$RunnableAdapter.call(Executors.java:471)
	at java.util.concurrent.FutureTask.run(FutureTask.java:262)
	at java.util.concurrent.ThreadPoolExecutor.runWorker(ThreadPoolExecutor.java:1145)
	at java.util.concurrent.ThreadPoolExecutor$Worker.run(ThreadPoolExecutor.java:615)
	at java.lang.Thread.run(Thread.java:745)
org.openqa.selenium.SessionNotCreatedException: A new session could not be created. (Original error: Command failed: Android Debug Bridge version 1.0.32

 -a                            - directs adb to listen on all interfaces for a connection
 -d                            - directs command to the only connected USB device
                                 returns an error if more than one USB device is present.
 -e                            - directs command to the only running emulator.
                                 returns an error if more than one emulator is running.
 -s <specific device>          - directs command to the device or emulator with the given
                                 serial number or qualifier. Overrides ANDROID_SERIAL
                                 environment variable.
 -p <product name or path>     - simple product name like 'sooner', or
                                 a relative/absolute path to a product
                                 out directory like 'out/target/product/sooner'.
                                 If -p is not specified, the ANDROID_PRODUCT_OUT
                                 environment variable is used, which must
                                 be an absolute path.
 -H                            - Name of adb server host (default: localhost)
 -P                            - Port of adb server (default: 5037)
 devices [-l]                  - list all connected devices
                                 ('-l' will also list device qualifiers)
 connect <host>[:<port>]       - connect to a device via TCP/IP
                                 Port 5555 is used by default if no port number is specified.
 disconnect [<host>[:<port>]]  - disconnect from a TCP/IP device.
                                 Port 5555 is used by default if no port number is specified.
                                 Using this command with no additional arguments
                                 will disconnect from all connected TCP/IP devices.

device commands:
  adb push [-p] <local> <remote>
                               - copy file/dir to device
                                 ('-p' to display the transfer progress)
  adb pull [-p] [-a] <remote> [<local>]
                               - copy file/dir from device
                                 ('-p' to display the transfer progress)
                                 ('-a' means copy timestamp and mode)
  adb sync [ <directory> ]     - copy host->device only if changed
                                 (-l means list but don't copy)
                                 (see 'adb help all')
  adb shell                    - run remote shell interactively
  adb shell <command>          - run remote shell command
  adb emu <command>            - run emulator console command
  adb logcat [ <filter-spec> ] - View device log
  adb forward --list           - list all forward socket connections.
                                 the format is a list of lines with the following format:
                                    <serial> " " <local> " " <remote> "\n"
  adb forward <local> <remote> - forward socket connections
                                 forward specs are one of: 
                                   tcp:<port>
                                   localabstract:<unix domain socket name>
                                   localreserved:<unix domain socket name>
                                   localfilesystem:<unix domain socket name>
                                   dev:<character device name>
                                   jdwp:<process pid> (remote only)
  adb forward --no-rebind <local> <remote>
                               - same as 'adb forward <local> <remote>' but fails
                                 if <local> is already forwarded
  adb forward --remove <local> - remove a specific forward socket connection
  adb forward --remove-all     - remove all forward socket connections
  adb reverse --list           - list all reverse socket connections from device
  adb reverse <remote> <local> - reverse socket connections
                                 reverse specs are one of:
                                   tcp:<port>
                                   localabstract:<unix domain socket name>
                                   localreserved:<unix domain socket name>
                                   localfilesystem:<unix domain socket name>
  adb reverse --norebind <remote> <local>
                               - same as 'adb reverse <remote> <local>' but fails
                                 if <remote> is already reversed.
  adb reverse --remove <remote>
                               - remove a specific reversed socket connection
  adb reverse --remove-all     - remove all reversed socket connections from device
  adb jdwp                     - list PIDs of processes hosting a JDWP transport
  adb install [-lrtsd] <file>
  adb install-multiple [-lrtsdp] <file...>
                               - push this package file to the device and install it
                                 (-l: forward lock application)
                                 (-r: replace existing application)
                                 (-t: allow test packages)
                                 (-s: install application on sdcard)
                                 (-d: allow version code downgrade)
                                 (-p: partial application install)
  adb uninstall [-k] <package> - remove this app package from the device
                                 ('-k' means keep the data and cache directories)
  adb bugreport                - return all information from the device
                                 that should be included in a bug report.

  adb backup [-f <file>] [-apk|-noapk] [-obb|-noobb] [-shared|-noshared] [-all] [-system|-nosystem] [<packages...>]
                               - write an archive of the device's data to <file>.
                                 If no -f option is supplied then the data is written
                                 to "backup.ab" in the current directory.
                                 (-apk|-noapk enable/disable backup of the .apks themselves
                                    in the archive; the default is noapk.)
                                 (-obb|-noobb enable/disable backup of any installed apk expansion
                                    (aka .obb) files associated with each application; the default
                                    is noobb.)
                                 (-shared|-noshared enable/disable backup of the device's
                                    shared storage / SD card contents; the default is noshared.)
                                 (-all means to back up all installed applications)
                                 (-system|-nosystem toggles whether -all automatically includes
                                    system applications; the default is to include system apps)
                                 (<packages...> is the list of applications to be backed up.  If
                                    the -all or -shared flags are passed, then the package
                                    list is optional.  Applications explicitly given on the
                                    command line will be included even if -nosystem would
                                    ordinarily cause them to be omitted.)

  adb restore <file>           - restore device contents from the <file> backup archive

  adb help                     - show this help message
  adb version                  - show version num

scripting:
  adb wait-for-device          - block until device is online
  adb start-server             - ensure that there is a server running
  adb kill-server              - kill the server if it is running
  adb get-state                - prints: offline | bootloader | device
  adb get-serialno             - prints: <serial-number>
  adb get-devpath              - prints: <device-path>
  adb status-window            - continuously print device status for a specified device
  adb remount                  - remounts the /system and /vendor (if present) partitions on the device read-write
  adb reboot [bootloader|recovery] - reboots the device, optionally into the bootloader or recovery program
  adb reboot-bootloader        - reboots the device into the bootloader
  adb root                     - restarts the adbd daemon with root permissions
  adb usb                      - restarts the adbd daemon listening on USB
  adb tcpip <port>             - restarts the adbd daemon listening on TCP on the specified port
networking:
  adb ppp <tty> [parameters]   - Run PPP over USB.
 Note: you should not automatically start a PPP connection.
 <tty> refers to the tty for PPP stream. Eg. dev:/dev/omap_csmi_tty1
 [parameters] - Eg. defaultroute debug dump local notty usepeerdns

adb sync notes: adb sync [ <directory> ]
  <localdir> can be interpreted in several ways:

  - If <directory> is not specified, /system, /vendor (if present), and /data partitions will be updated.

  - If it is "system", "vendor" or "data", only the corresponding partition
    is updated.

environmental variables:
  ADB_TRACE                    - Print debug information. A comma separated list of the following values
                                 1 or all, adb, sockets, packets, rwx, usb, sync, sysdeps, transport, jdwp
  ANDROID_SERIAL               - The serial number to connect to. -s takes priority over this if given.
  ANDROID_LOG_TAGS             - When used with the logcat option, only these debug tags are printed.
) (WARNING: The server did not provide any stacktrace information)
Command duration or timeout: 4.50 seconds
Build info: version: '2.45.0', revision: '5017cb8e7ca8e37638dc3091b2440b90a1d8686f', time: '2015-02-27 09:10:26'
System info: host: 'testrunner1', ip: '10.12.14.222', os.name: 'Mac OS X', os.arch: 'x86_64', os.version: '10.10.2', java.version: '1.7.0_67'
Driver info: io.appium.java_client.android.AndroidDriver
	at sun.reflect.NativeConstructorAccessorImpl.newInstance0(Native Method)
	at sun.reflect.NativeConstructorAccessorImpl.newInstance(NativeConstructorAccessorImpl.java:57)
	at sun.reflect.DelegatingConstructorAccessorImpl.newInstance(DelegatingConstructorAccessorImpl.java:45)
	at java.lang.reflect.Constructor.newInstance(Constructor.java:526)
	at org.openqa.selenium.remote.ErrorHandler.createThrowable(ErrorHandler.java:204)
	at org.openqa.selenium.remote.ErrorHandler.throwIfResponseFailed(ErrorHandler.java:156)
	at org.openqa.selenium.remote.RemoteWebDriver.execute(RemoteWebDriver.java:599)
	at io.appium.java_client.AppiumDriver.execute(AppiumDriver.java:180)
	at org.openqa.selenium.remote.RemoteWebDriver.startSession(RemoteWebDriver.java:240)
	at org.openqa.selenium.remote.RemoteWebDriver.<init>(RemoteWebDriver.java:126)
	at org.openqa.selenium.remote.RemoteWebDriver.<init>(RemoteWebDriver.java:153)
	at io.appium.java_client.AppiumDriver.<init>(AppiumDriver.java:109)
	at io.appium.java_client.android.AndroidDriver.<init>(AndroidDriver.java:39)
	at se.redmind.rmtest.selenium.grid.DriverNamingWrapper.startDriver(DriverNamingWrapper.java:72)
	at se.aftonbladet.abtest.tests.mobile.menu.AbMobileNavTest.setUp(AbMobileNavTest.java:69)
	at sun.reflect.NativeMethodAccessorImpl.invoke0(Native Method)
	at sun.reflect.NativeMethodAccessorImpl.invoke(NativeMethodAccessorImpl.java:57)
	at sun.reflect.DelegatingMethodAccessorImpl.invoke(DelegatingMethodAccessorImpl.java:43)
	at java.lang.reflect.Method.invoke(Method.java:606)
	at org.junit.runners.model.FrameworkMethod$1.runReflectiveCall(FrameworkMethod.java:47)
	at org.junit.internal.runners.model.ReflectiveCallable.run(ReflectiveCallable.java:12)
	at org.junit.runners.model.FrameworkMethod.invokeExplosively(FrameworkMethod.java:44)
	at org.junit.internal.runners.statements.RunBefores.evaluate(RunBefores.java:24)
	at org.junit.runners.ParentRunner.runLeaf(ParentRunner.java:271)
	at org.junit.runners.BlockJUnit4ClassRunner.runChild(BlockJUnit4ClassRunner.java:70)
	at org.junit.runners.BlockJUnit4ClassRunner.runChild(BlockJUnit4ClassRunner.java:50)
	at org.junit.runners.ParentRunner$3.run(ParentRunner.java:238)
	at org.junit.runners.ParentRunner$1.schedule(ParentRunner.java:63)
	at org.junit.runners.ParentRunner.runChildren(ParentRunner.java:236)
	at org.junit.runners.ParentRunner.access$000(ParentRunner.java:53)
	at org.junit.runners.ParentRunner$2.evaluate(ParentRunner.java:229)
	at org.junit.runners.ParentRunner.run(ParentRunner.java:309)
	at org.junit.runners.Suite.runChild(Suite.java:127)
	at org.junit.runners.Suite.runChild(Suite.java:26)
	at org.junit.runners.ParentRunner$3.run(ParentRunner.java:238)
	at java.util.concurrent.Executors$RunnableAdapter.call(Executors.java:471)
	at java.util.concurrent.FutureTask.run(FutureTask.java:262)
	at java.util.concurrent.ThreadPoolExecutor.runWorker(ThreadPoolExecutor.java:1145)
	at java.util.concurrent.ThreadPoolExecutor$Worker.run(ThreadPoolExecutor.java:615)
	at java.lang.Thread.run(Thread.java:745)
org.openqa.selenium.SessionNotCreatedException: A new session could not be created. (Original error: Device 41000258f2c3910f was not in the list of connected devices) (WARNING: The server did not provide any stacktrace information)
Command duration or timeout: 33 milliseconds
Build info: version: '2.45.0', revision: '5017cb8e7ca8e37638dc3091b2440b90a1d8686f', time: '2015-02-27 09:10:26'
System info: host: 'testrunner1', ip: '10.12.14.222', os.name: 'Mac OS X', os.arch: 'x86_64', os.version: '10.10.2', java.version: '1.7.0_67'
Driver info: io.appium.java_client.android.AndroidDriver
	at sun.reflect.NativeConstructorAccessorImpl.newInstance0(Native Method)
	at sun.reflect.NativeConstructorAccessorImpl.newInstance(NativeConstructorAccessorImpl.java:57)
	at sun.reflect.DelegatingConstructorAccessorImpl.newInstance(DelegatingConstructorAccessorImpl.java:45)
	at java.lang.reflect.Constructor.newInstance(Constructor.java:526)
	at org.openqa.selenium.remote.ErrorHandler.createThrowable(ErrorHandler.java:204)
	at org.openqa.selenium.remote.ErrorHandler.throwIfResponseFailed(ErrorHandler.java:156)
	at org.openqa.selenium.remote.RemoteWebDriver.execute(RemoteWebDriver.java:599)
	at io.appium.java_client.AppiumDriver.execute(AppiumDriver.java:180)
	at org.openqa.selenium.remote.RemoteWebDriver.startSession(RemoteWebDriver.java:240)
	at org.openqa.selenium.remote.RemoteWebDriver.<init>(RemoteWebDriver.java:126)
	at org.openqa.selenium.remote.RemoteWebDriver.<init>(RemoteWebDriver.java:153)
	at io.appium.java_client.AppiumDriver.<init>(AppiumDriver.java:109)
	at io.appium.java_client.android.AndroidDriver.<init>(AndroidDriver.java:39)
	at se.redmind.rmtest.selenium.grid.DriverNamingWrapper.startDriver(DriverNamingWrapper.java:72)
	at se.aftonbladet.abtest.tests.mobile.menu.AbMobileNavTest.setUp(AbMobileNavTest.java:69)
	at sun.reflect.NativeMethodAccessorImpl.invoke0(Native Method)
	at sun.reflect.NativeMethodAccessorImpl.invoke(NativeMethodAccessorImpl.java:57)
	at sun.reflect.DelegatingMethodAccessorImpl.invoke(DelegatingMethodAccessorImpl.java:43)
	at java.lang.reflect.Method.invoke(Method.java:606)
	at org.junit.runners.model.FrameworkMethod$1.runReflectiveCall(FrameworkMethod.java:47)
	at org.junit.internal.runners.model.ReflectiveCallable.run(ReflectiveCallable.java:12)
	at org.junit.runners.model.FrameworkMethod.invokeExplosively(FrameworkMethod.java:44)
	at org.junit.internal.runners.statements.RunBefores.evaluate(RunBefores.java:24)
	at org.junit.runners.ParentRunner.runLeaf(ParentRunner.java:271)
	at org.junit.runners.BlockJUnit4ClassRunner.runChild(BlockJUnit4ClassRunner.java:70)
	at org.junit.runners.BlockJUnit4ClassRunner.runChild(BlockJUnit4ClassRunner.java:50)
	at org.junit.runners.ParentRunner$3.run(ParentRunner.java:238)
	at org.junit.runners.ParentRunner$1.schedule(ParentRunner.java:63)
	at org.junit.runners.ParentRunner.runChildren(ParentRunner.java:236)
	at org.junit.runners.ParentRunner.access$000(ParentRunner.java:53)
	at org.junit.runners.ParentRunner$2.evaluate(ParentRunner.java:229)
	at org.junit.runners.ParentRunner.run(ParentRunner.java:309)
	at org.junit.runners.Suite.runChild(Suite.java:127)
	at org.junit.runners.Suite.runChild(Suite.java:26)
	at org.junit.runners.ParentRunner$3.run(ParentRunner.java:238)
	at java.util.concurrent.Executors$RunnableAdapter.call(Executors.java:471)
	at java.util.concurrent.FutureTask.run(FutureTask.java:262)
	at java.util.concurrent.ThreadPoolExecutor.runWorker(ThreadPoolExecutor.java:1145)
	at java.util.concurrent.ThreadPoolExecutor$Worker.run(ThreadPoolExecutor.java:615)
	at java.lang.Thread.run(Thread.java:745)
]]></system-err>
  </testcase>
  <testcase name="goToPlusPage[Android___Chrome_UNKNOWN]" classname="se.aftonbladet.abtest.tests.mobile.menu.AbMobileNavTest(20150408-110116)" time="0">
    <skipped/>
  </testcase>
  <testcase name="goToColumnistsPage[Android___Chrome_UNKNOWN]" classname="se.aftonbladet.abtest.tests.mobile.menu.AbMobileNavTest(20150408-110116)" time="0">
    <skipped/>
  </testcase>
  <testcase name="goToVisaMerSubPages[Android___Chrome_UNKNOWN]" classname="se.aftonbladet.abtest.tests.mobile.menu.AbMobileNavTest(20150408-110116)" time="0">
    <skipped/>
  </testcase>
  <testcase name="goToCulturePage[Android___Chrome_UNKNOWN]" classname="se.aftonbladet.abtest.tests.mobile.menu.AbMobileNavTest(20150408-110116)" time="0">
    <skipped/>
  </testcase>
  <testcase name="goToColumnistsSubPages[Android___Chrome_UNKNOWN]" classname="se.aftonbladet.abtest.tests.mobile.menu.AbMobileNavTest(20150408-110116)" time="0">
    <skipped/>
  </testcase>
  <testcase name="goToCultureSubPages[Android___Chrome_UNKNOWN]" classname="se.aftonbladet.abtest.tests.mobile.menu.AbMobileNavTest(20150408-110116)" time="0">
    <skipped/>
  </testcase>
  <testcase name="goToAboutAftonbladetPage[Android___Chrome_UNKNOWN]" classname="se.aftonbladet.abtest.tests.mobile.menu.AbMobileNavTest(20150408-110116)" time="0">
    <skipped/>
  </testcase>
  <testcase name="goToBloggarPage[Android___Chrome_UNKNOWN]" classname="se.aftonbladet.abtest.tests.mobile.menu.AbMobileNavTest(20150408-110116)" time="0">
    <skipped/>
  </testcase>
  <testcase name="goToTvPage[Android___Chrome_UNKNOWN]" classname="se.aftonbladet.abtest.tests.mobile.menu.AbMobileNavTest(20150408-110116)" time="0">
    <skipped/>
  </testcase>
  <testcase name="goToLeadrePage[Android___Chrome_UNKNOWN]" classname="se.aftonbladet.abtest.tests.mobile.menu.AbMobileNavTest(20150408-110116)" time="0">
    <skipped/>
  </testcase>
  <testcase name="goToSportPage[Android___Chrome_UNKNOWN]" classname="se.aftonbladet.abtest.tests.mobile.menu.AbMobileNavTest(20150408-110116)" time="0">
    <skipped/>
  </testcase>
  <testcase name="goToDebatePage[Android___Chrome_UNKNOWN]" classname="se.aftonbladet.abtest.tests.mobile.menu.AbMobileNavTest(20150408-110116)" time="0">
    <skipped/>
  </testcase>
  <testcase name="goToNewsPage[Android___Chrome_UNKNOWN]" classname="se.aftonbladet.abtest.tests.mobile.menu.AbMobileNavTest(20150408-110116)" time="0">
    <skipped/>
  </testcase>
  <testcase name="goToEntertainmentPage[iOS_8.1_iPhone 5s_Safari_UNKNOWN]" classname="se.aftonbladet.abtest.tests.mobile.menu.AbMobileNavTest(20150408-110116)" time="12.286"/>
  <testcase name="goToPlusPage[iOS_8.1_iPhone 5s_Safari_UNKNOWN]" classname="se.aftonbladet.abtest.tests.mobile.menu.AbMobileNavTest(20150408-110116)" time="4.556"/>
  <testcase name="goToEntertainmentPage[iOS_8.1_iPhone 6_Safari_UNKNOWN]" classname="se.aftonbladet.abtest.tests.mobile.menu.AbMobileNavTest(20150408-110116)" time="1.921"/>
  <testcase name="goToColumnistsPage[iOS_8.1_iPhone 5s_Safari_UNKNOWN]" classname="se.aftonbladet.abtest.tests.mobile.menu.AbMobileNavTest(20150408-110116)" time="2.514"/>
  <testcase name="goToPlusPage[iOS_8.1_iPhone 6_Safari_UNKNOWN]" classname="se.aftonbladet.abtest.tests.mobile.menu.AbMobileNavTest(20150408-110116)" time="2.304"/>
  <testcase name="goToEntertainmentPage[Android_4.4.4_C6903_Chrome_UNKNOWN]" classname="se.aftonbladet.abtest.tests.mobile.menu.AbMobileNavTest(20150408-110116)" time="1.816"/>
  <testcase name="goToColumnistsPage[iOS_8.1_iPhone 6_Safari_UNKNOWN]" classname="se.aftonbladet.abtest.tests.mobile.menu.AbMobileNavTest(20150408-110116)" time="2.478"/>
  <testcase name="goToVisaMerSubPages[iOS_8.1_iPhone 5s_Safari_UNKNOWN]" classname="se.aftonbladet.abtest.tests.mobile.menu.AbMobileNavTest(20150408-110116)" time="5.112"/>
  <testcase name="goToPlusPage[Android_4.4.4_C6903_Chrome_UNKNOWN]" classname="se.aftonbladet.abtest.tests.mobile.menu.AbMobileNavTest(20150408-110116)" time="1.669"/>
  <testcase name="goToCulturePage[iOS_8.1_iPhone 5s_Safari_UNKNOWN]" classname="se.aftonbladet.abtest.tests.mobile.menu.AbMobileNavTest(20150408-110116)" time="3.811"/>
  <testcase name="goToVisaMerSubPages[iOS_8.1_iPhone 6_Safari_UNKNOWN]" classname="se.aftonbladet.abtest.tests.mobile.menu.AbMobileNavTest(20150408-110116)" time="2.266"/>
  <testcase name="goToColumnistsPage[Android_4.4.4_C6903_Chrome_UNKNOWN]" classname="se.aftonbladet.abtest.tests.mobile.menu.AbMobileNavTest(20150408-110116)" time="3.231"/>
  <testcase name="goToColumnistsSubPages[iOS_8.1_iPhone 5s_Safari_UNKNOWN]" classname="se.aftonbladet.abtest.tests.mobile.menu.AbMobileNavTest(20150408-110116)" time="0.077"/>
  <testcase name="goToCulturePage[iOS_8.1_iPhone 6_Safari_UNKNOWN]" classname="se.aftonbladet.abtest.tests.mobile.menu.AbMobileNavTest(20150408-110116)" time="1.631"/>
  <testcase name="goToColumnistsSubPages[iOS_8.1_iPhone 6_Safari_UNKNOWN]" classname="se.aftonbladet.abtest.tests.mobile.menu.AbMobileNavTest(20150408-110116)" time="5.807"/>
  <testcase name="goToEntertainmentPage[Android_4.4.4_C6603_Chrome_UNKNOWN]" classname="se.aftonbladet.abtest.tests.mobile.menu.AbMobileNavTest(20150408-110116)" time="0.091"/>
  <testcase name="goToCultureSubPages[iOS_8.1_iPhone 5s_Safari_UNKNOWN]" classname="se.aftonbladet.abtest.tests.mobile.menu.AbMobileNavTest(20150408-110116)" time="4.462"/>
  <testcase name="goToAboutAftonbladetPage[iOS_8.1_iPhone 5s_Safari_UNKNOWN]" classname="se.aftonbladet.abtest.tests.mobile.menu.AbMobileNavTest(20150408-110116)" time="4.571"/>
  <testcase name="goToCultureSubPages[iOS_8.1_iPhone 6_Safari_UNKNOWN]" classname="se.aftonbladet.abtest.tests.mobile.menu.AbMobileNavTest(20150408-110116)" time="1.314"/>
  <testcase name="goToPlusPage[Android_4.4.4_C6603_Chrome_UNKNOWN]" classname="se.aftonbladet.abtest.tests.mobile.menu.AbMobileNavTest(20150408-110116)" time="4.443"/>
  <testcase name="goToAboutAftonbladetPage[iOS_8.1_iPhone 6_Safari_UNKNOWN]" classname="se.aftonbladet.abtest.tests.mobile.menu.AbMobileNavTest(20150408-110116)" time="0.35"/>
  <testcase name="goToBloggarPage[iOS_8.1_iPhone 5s_Safari_UNKNOWN]" classname="se.aftonbladet.abtest.tests.mobile.menu.AbMobileNavTest(20150408-110116)" time="0.028"/>
  <testcase name="goToVisaMerSubPages[Android_4.4.4_C6903_Chrome_UNKNOWN]" classname="se.aftonbladet.abtest.tests.mobile.menu.AbMobileNavTest(20150408-110116)" time="2.767"/>
  <testcase name="goToBloggarPage[iOS_8.1_iPhone 6_Safari_UNKNOWN]" classname="se.aftonbladet.abtest.tests.mobile.menu.AbMobileNavTest(20150408-110116)" time="1.479"/>
  <testcase name="goToTvPage[iOS_8.1_iPhone 5s_Safari_UNKNOWN]" classname="se.aftonbladet.abtest.tests.mobile.menu.AbMobileNavTest(20150408-110116)" time="0.187"/>
  <testcase name="goToLeadrePage[iOS_8.1_iPhone 5s_Safari_UNKNOWN]" classname="se.aftonbladet.abtest.tests.mobile.menu.AbMobileNavTest(20150408-110116)" time="4.724"/>
  <testcase name="goToTvPage[iOS_8.1_iPhone 6_Safari_UNKNOWN]" classname="se.aftonbladet.abtest.tests.mobile.menu.AbMobileNavTest(20150408-110116)" time="2.513"/>
  <testcase name="goToCulturePage[Android_4.4.4_C6903_Chrome_UNKNOWN]" classname="se.aftonbladet.abtest.tests.mobile.menu.AbMobileNavTest(20150408-110116)" time="1.606"/>
  <testcase name="goToColumnistsPage[Android_4.4.4_C6603_Chrome_UNKNOWN]" classname="se.aftonbladet.abtest.tests.mobile.menu.AbMobileNavTest(20150408-110116)" time="1.749"/>
  <testcase name="goToLeadrePage[iOS_8.1_iPhone 6_Safari_UNKNOWN]" classname="se.aftonbladet.abtest.tests.mobile.menu.AbMobileNavTest(20150408-110116)" time="1.575"/>
  <testcase name="goToSportPage[iOS_8.1_iPhone 5s_Safari_UNKNOWN]" classname="se.aftonbladet.abtest.tests.mobile.menu.AbMobileNavTest(20150408-110116)" time="0.958"/>
  <testcase name="goToDebatePage[iOS_8.1_iPhone 5s_Safari_UNKNOWN]" classname="se.aftonbladet.abtest.tests.mobile.menu.AbMobileNavTest(20150408-110116)" time="4.847"/>
  <testcase name="goToSportPage[iOS_8.1_iPhone 6_Safari_UNKNOWN]" classname="se.aftonbladet.abtest.tests.mobile.menu.AbMobileNavTest(20150408-110116)" time="2.093"/>
  <testcase name="goToColumnistsSubPages[Android_4.4.4_C6903_Chrome_UNKNOWN]" classname="se.aftonbladet.abtest.tests.mobile.menu.AbMobileNavTest(20150408-110116)" time="2.138"/>
  <testcase name="goToNewsPage[iOS_8.1_iPhone 5s_Safari_UNKNOWN]" classname="se.aftonbladet.abtest.tests.mobile.menu.AbMobileNavTest(20150408-110116)" time="0.924"/>
  <testcase name="goToDebatePage[iOS_8.1_iPhone 6_Safari_UNKNOWN]" classname="se.aftonbladet.abtest.tests.mobile.menu.AbMobileNavTest(20150408-110116)" time="3.449"/>
  <testcase name="goToNewsPage[iOS_8.1_iPhone 6_Safari_UNKNOWN]" classname="se.aftonbladet.abtest.tests.mobile.menu.AbMobileNavTest(20150408-110116)" time="5.135"/>
  <testcase name="goToCultureSubPages[Android_4.4.4_C6903_Chrome_UNKNOWN]" classname="se.aftonbladet.abtest.tests.mobile.menu.AbMobileNavTest(20150408-110116)" time="26.671"/>
  <testcase name="goToVisaMerSubPages[Android_4.4.4_C6603_Chrome_UNKNOWN]" classname="se.aftonbladet.abtest.tests.mobile.menu.AbMobileNavTest(20150408-110116)" time="7.946"/>
  <testcase name="goToAboutAftonbladetPage[Android_4.4.4_C6903_Chrome_UNKNOWN]" classname="se.aftonbladet.abtest.tests.mobile.menu.AbMobileNavTest(20150408-110116)" time="3.82"/>
  <testcase name="goToCulturePage[Android_4.4.4_C6603_Chrome_UNKNOWN]" classname="se.aftonbladet.abtest.tests.mobile.menu.AbMobileNavTest(20150408-110116)" time="13.073"/>
  <testcase name="goToBloggarPage[Android_4.4.4_C6903_Chrome_UNKNOWN]" classname="se.aftonbladet.abtest.tests.mobile.menu.AbMobileNavTest(20150408-110116)" time="3.892"/>
  <testcase name="goToTvPage[Android_4.4.4_C6903_Chrome_UNKNOWN]" classname="se.aftonbladet.abtest.tests.mobile.menu.AbMobileNavTest(20150408-110116)" time="16.023"/>
  <testcase name="goToColumnistsSubPages[Android_4.4.4_C6603_Chrome_UNKNOWN]" classname="se.aftonbladet.abtest.tests.mobile.menu.AbMobileNavTest(20150408-110116)" time="2.663"/>
  <testcase name="goToLeadrePage[Android_4.4.4_C6903_Chrome_UNKNOWN]" classname="se.aftonbladet.abtest.tests.mobile.menu.AbMobileNavTest(20150408-110116)" time="6.099"/>
  <testcase name="goToSportPage[Android_4.4.4_C6903_Chrome_UNKNOWN]" classname="se.aftonbladet.abtest.tests.mobile.menu.AbMobileNavTest(20150408-110116)" time="23.984"/>
  <testcase name="goToCultureSubPages[Android_4.4.4_C6603_Chrome_UNKNOWN]" classname="se.aftonbladet.abtest.tests.mobile.menu.AbMobileNavTest(20150408-110116)" time="15.246"/>
  <testcase name="goToDebatePage[Android_4.4.4_C6903_Chrome_UNKNOWN]" classname="se.aftonbladet.abtest.tests.mobile.menu.AbMobileNavTest(20150408-110116)" time="0.634"/>
  <testcase name="goToNewsPage[Android_4.4.4_C6903_Chrome_UNKNOWN]" classname="se.aftonbladet.abtest.tests.mobile.menu.AbMobileNavTest(20150408-110116)" time="14.226"/>
  <testcase name="goToAboutAftonbladetPage[Android_4.4.4_C6603_Chrome_UNKNOWN]" classname="se.aftonbladet.abtest.tests.mobile.menu.AbMobileNavTest(20150408-110116)" time="15.365"/>
  <testcase name="goToBloggarPage[Android_4.4.4_C6603_Chrome_UNKNOWN]" classname="se.aftonbladet.abtest.tests.mobile.menu.AbMobileNavTest(20150408-110116)" time="17.817"/>
  <testcase name="goToTvPage[Android_4.4.4_C6603_Chrome_UNKNOWN]" classname="se.aftonbladet.abtest.tests.mobile.menu.AbMobileNavTest(20150408-110116)" time="27.083"/>
  <testcase name="goToLeadrePage[Android_4.4.4_C6603_Chrome_UNKNOWN]" classname="se.aftonbladet.abtest.tests.mobile.menu.AbMobileNavTest(20150408-110116)" time="16.611"/>
  <testcase name="goToSportPage[Android_4.4.4_C6603_Chrome_UNKNOWN]" classname="se.aftonbladet.abtest.tests.mobile.menu.AbMobileNavTest(20150408-110116)" time="44.07"/>
  <testcase name="goToDebatePage[Android_4.4.4_C6603_Chrome_UNKNOWN]" classname="se.aftonbladet.abtest.tests.mobile.menu.AbMobileNavTest(20150408-110116)" time="18.283"/>
  <testcase name="goToNewsPage[Android_4.4.4_C6603_Chrome_UNKNOWN]" classname="se.aftonbladet.abtest.tests.mobile.menu.AbMobileNavTest(20150408-110116)" time="19.325"/>
  <testcase name="ensure_mobile_frontpage_elements_present[Android___Chrome_UNKNOWN]" classname="se.aftonbladet.abtest.tests.mobile.menu.AbMobileFrontPageTest(20150408-110116)" time="22.003"/>
  <testcase name="ensure_mobile_navigates_to_clicked_article[Android___Chrome_UNKNOWN]" classname="se.aftonbladet.abtest.tests.mobile.menu.AbMobileFrontPageTest(20150408-110116)" time="0">
    <skipped/>
  </testcase>
  <testcase name="ensure_mobile_frontpage_elements_present[Android_4.4.4_C6903_Chrome_UNKNOWN]" classname="se.aftonbladet.abtest.tests.mobile.menu.AbMobileFrontPageTest(20150408-110116)" time="27.936"/>
  <testcase name="ensure_mobile_navigates_to_clicked_article[Android_4.4.4_C6903_Chrome_UNKNOWN]" classname="se.aftonbladet.abtest.tests.mobile.menu.AbMobileFrontPageTest(20150408-110116)" time="0">
    <skipped/>
  </testcase>
  <testcase name="ensure_mobile_frontpage_elements_present[iOS_8.1_iPhone 5s_Safari_UNKNOWN]" classname="se.aftonbladet.abtest.tests.mobile.menu.AbMobileFrontPageTest(20150408-110116)" time="28.095"/>
  <testcase name="ensure_mobile_navigates_to_clicked_article[iOS_8.1_iPhone 5s_Safari_UNKNOWN]" classname="se.aftonbladet.abtest.tests.mobile.menu.AbMobileFrontPageTest(20150408-110116)" time="0">
    <skipped/>
  </testcase>
  <testcase name="ensure_mobile_frontpage_elements_present[iOS_8.1_iPhone 6_Safari_UNKNOWN]" classname="se.aftonbladet.abtest.tests.mobile.menu.AbMobileFrontPageTest(20150408-110116)" time="35.137"/>
  <testcase name="ensure_mobile_navigates_to_clicked_article[iOS_8.1_iPhone 6_Safari_UNKNOWN]" classname="se.aftonbladet.abtest.tests.mobile.menu.AbMobileFrontPageTest(20150408-110116)" time="0">
    <skipped/>
  </testcase>
  <testcase name="ensure_mobile_frontpage_elements_present[Android_4.4.4_C6603_Chrome_UNKNOWN]" classname="se.aftonbladet.abtest.tests.mobile.menu.AbMobileFrontPageTest(20150408-110116)" time="35.392"/>
  <testcase name="ensure_mobile_navigates_to_clicked_article[Android_4.4.4_C6603_Chrome_UNKNOWN]" classname="se.aftonbladet.abtest.tests.mobile.menu.AbMobileFrontPageTest(20150408-110116)" time="0">
    <skipped/>
  </testcase>
  <testcase name="ensure_login_from_menu_successfull[Android_4.4.4_C6903_Chrome_UNKNOWN]" classname="se.aftonbladet.abtest.tests.mobile.plus.AbMobileLoginTest(20150408-110116)" time="0">
    <skipped/>
  </testcase>
  <testcase name="ensure_login_from_menu_successfull[Android_4.4.4_C6603_Chrome_UNKNOWN]" classname="se.aftonbladet.abtest.tests.mobile.plus.AbMobileLoginTest(20150408-110116)" time="0">
    <skipped/>
  </testcase>
  <testcase name="ensure_login_from_menu_with_wrong_password_denied[Android_4.4.4_C6903_Chrome_UNKNOWN]" classname="se.aftonbladet.abtest.tests.mobile.plus.AbMobileLoginTest(20150408-110116)" time="0">
    <skipped/>
  </testcase>
  <testcase name="ensure_login_from_menu_successfull[Android___Chrome_UNKNOWN]" classname="se.aftonbladet.abtest.tests.mobile.plus.AbMobileLoginTest(20150408-110116)" time="0">
    <skipped/>
  </testcase>
  <testcase name="ensure_login_from_menu_successfull[iOS_8.1_iPhone 6_Safari_UNKNOWN]" classname="se.aftonbladet.abtest.tests.mobile.plus.AbMobileLoginTest(20150408-110116)" time="0">
    <skipped/>
  </testcase>
  <testcase name="ensure_login_from_menu_with_wrong_password_denied[iOS_8.1_iPhone 6_Safari_UNKNOWN]" classname="se.aftonbladet.abtest.tests.mobile.plus.AbMobileLoginTest(20150408-110116)" time="0">
    <skipped/>
  </testcase>
  <testcase name="ensure_login_from_menu_with_wrong_password_denied[Android_4.4.4_C6603_Chrome_UNKNOWN]" classname="se.aftonbladet.abtest.tests.mobile.plus.AbMobileLoginTest(20150408-110116)" time="0">
    <skipped/>
  </testcase>
  <testcase name="ensure_login_from_plus_teaserpage[iOS_8.1_iPhone 6_Safari_UNKNOWN]" classname="se.aftonbladet.abtest.tests.mobile.plus.AbMobileLoginTest(20150408-110116)" time="0">
    <skipped/>
  </testcase>
  <testcase name="ensure_login_from_menu_successfull[iOS_8.1_iPhone 5s_Safari_UNKNOWN]" classname="se.aftonbladet.abtest.tests.mobile.plus.AbMobileLoginTest(20150408-110116)" time="0">
    <skipped/>
  </testcase>
  <testcase name="ensure_login_from_menu_with_wrong_password_denied[Android___Chrome_UNKNOWN]" classname="se.aftonbladet.abtest.tests.mobile.plus.AbMobileLoginTest(20150408-110116)" time="0">
    <skipped/>
  </testcase>
  <testcase name="ensure_login_from_plus_teaserpage[Android_4.4.4_C6903_Chrome_UNKNOWN]" classname="se.aftonbladet.abtest.tests.mobile.plus.AbMobileLoginTest(20150408-110116)" time="0">
    <skipped/>
  </testcase>
  <testcase name="ensure_login_from_plus_teaserpage[Android___Chrome_UNKNOWN]" classname="se.aftonbladet.abtest.tests.mobile.plus.AbMobileLoginTest(20150408-110116)" time="0">
    <skipped/>
  </testcase>
  <testcase name="ensure_login_from_menu_with_wrong_password_denied[iOS_8.1_iPhone 5s_Safari_UNKNOWN]" classname="se.aftonbladet.abtest.tests.mobile.plus.AbMobileLoginTest(20150408-110116)" time="0">
    <skipped/>
  </testcase>
  <testcase name="ensure_login_from_plus_teaserpage[Android_4.4.4_C6603_Chrome_UNKNOWN]" classname="se.aftonbladet.abtest.tests.mobile.plus.AbMobileLoginTest(20150408-110116)" time="0">
    <skipped/>
  </testcase>
  <testcase name="ensure_login_from_plus_teaserpage[iOS_8.1_iPhone 5s_Safari_UNKNOWN]" classname="se.aftonbladet.abtest.tests.mobile.plus.AbMobileLoginTest(20150408-110116)" time="0">
    <skipped/>
  </testcase>
  <testcase name="ensure_playback_of_embedded_video[Android___Chrome_UNKNOWN]" classname="se.aftonbladet.abtest.tests.mobile.content.AbMobileVideoPlaybackTest(20150408-110116)" time="73.106"/>
  <testcase name="ensure_playback_of_embedded_video[Android_4.4.4_C6903_Chrome_UNKNOWN]" classname="se.aftonbladet.abtest.tests.mobile.content.AbMobileVideoPlaybackTest(20150408-110116)" time="78.448"/>
  <testcase name="ensure_playback_of_embedded_video[iOS_8.1_iPhone 5s_Safari_UNKNOWN]" classname="se.aftonbladet.abtest.tests.mobile.content.AbMobileVideoPlaybackTest(20150408-110116)" time="88"/>
  <testcase name="ensure_playback_of_embedded_video[iOS_8.1_iPhone 6_Safari_UNKNOWN]" classname="se.aftonbladet.abtest.tests.mobile.content.AbMobileVideoPlaybackTest(20150408-110116)" time="91.937"/>
  <testcase name="ensure_playback_of_embedded_video[Android_4.4.4_C6603_Chrome_UNKNOWN]" classname="se.aftonbladet.abtest.tests.mobile.content.AbMobileVideoPlaybackTest(20150408-110116)" time="106.707"/>
</testsuite>