<?xml version="1.0" encoding="UTF-8"?>
<testsuite name="test.java.RMReportSuite(20150511-151946)" time="764.104" tests="275" errors="77" skipped="20" failures="3">
  <properties>
    <property name="java.runtime.name" value="Java(TM) SE Runtime Environment"/>
    <property name="sun.boot.library.path" value="/Library/Java/JavaVirtualMachines/jdk1.7.0_55.jdk/Contents/Home/jre/lib"/>
    <property name="java.vm.version" value="24.55-b03"/>
    <property name="user.country.format" value="SE"/>
    <property name="gopherProxySet" value="false"/>
    <property name="java.vm.vendor" value="Oracle Corporation"/>
    <property name="java.vendor.url" value="http://java.oracle.com/"/>
    <property name="path.separator" value=":"/>
    <property name="guice.disable.misplaced.annotation.check" value="true"/>
    <property name="java.vm.name" value="Java HotSpot(TM) 64-Bit Server VM"/>
    <property name="file.encoding.pkg" value="sun.io"/>
    <property name="user.country" value="US"/>
    <property name="sun.java.launcher" value="SUN_STANDARD"/>
    <property name="sun.os.patch.level" value="unknown"/>
    <property name="java.vm.specification.name" value="Java Virtual Machine Specification"/>
    <property name="user.dir" value="/Users/rmauto/Applications/bamboo/xml-data/build-dir/131073/RMIN-RMIN-JOB1"/>
    <property name="java.runtime.version" value="1.7.0_55-b13"/>
    <property name="java.awt.graphicsenv" value="sun.awt.CGraphicsEnvironment"/>
    <property name="java.endorsed.dirs" value="/Library/Java/JavaVirtualMachines/jdk1.7.0_55.jdk/Contents/Home/jre/lib/endorsed"/>
    <property name="os.arch" value="x86_64"/>
    <property name="java.io.tmpdir" value="/Applications/atlassian-bamboo-5.8.1/temp/RMIN-RMIN-JOB1"/>
    <property name="line.separator" value="&#10;"/>
    <property name="java.vm.specification.vendor" value="Oracle Corporation"/>
    <property name="os.name" value="Mac OS X"/>
    <property name="classworlds.conf" value="/usr/local/Cellar/maven/3.2.1/libexec/bin/m2.conf"/>
    <property name="sun.jnu.encoding" value="UTF-8"/>
    <property name="java.library.path" value="/Users/rmauto/Library/Java/Extensions:/Library/Java/Extensions:/Network/Library/Java/Extensions:/System/Library/Java/Extensions:/usr/lib/java:."/>
    <property name="java.specification.name" value="Java Platform API Specification"/>
    <property name="java.class.version" value="51.0"/>
    <property name="sun.management.compiler" value="HotSpot 64-Bit Tiered Compilers"/>
    <property name="os.version" value="10.10.3"/>
    <property name="http.nonProxyHosts" value="local|*.local|169.254/16|*.169.254/16"/>
    <property name="user.home" value="/Users/rmauto"/>
    <property name="user.timezone" value="Europe/Stockholm"/>
    <property name="java.awt.printerjob" value="sun.lwawt.macosx.CPrinterJob"/>
    <property name="java.specification.version" value="1.7"/>
    <property name="file.encoding" value="UTF-8"/>
    <property name="user.name" value="rmauto"/>
    <property name="java.class.path" value="/usr/local/Cellar/maven/3.2.1/libexec/boot/plexus-classworlds-2.5.1.jar"/>
    <property name="org.slf4j.simpleLogger.defaultLogLevel" value="info"/>
    <property name="java.vm.specification.version" value="1.7"/>
    <property name="sun.arch.data.model" value="64"/>
    <property name="java.home" value="/Library/Java/JavaVirtualMachines/jdk1.7.0_55.jdk/Contents/Home/jre"/>
    <property name="sun.java.command" value="org.codehaus.plexus.classworlds.launcher.Launcher --batch-mode -Djava.io.tmpdir=/Applications/atlassian-bamboo-5.8.1/temp/RMIN-RMIN-JOB1 test"/>
    <property name="java.specification.vendor" value="Oracle Corporation"/>
    <property name="user.language" value="en"/>
    <property name="awt.toolkit" value="sun.lwawt.macosx.LWCToolkit"/>
    <property name="java.vm.info" value="mixed mode"/>
    <property name="java.version" value="1.7.0_55"/>
    <property name="java.ext.dirs" value="/Users/rmauto/Library/Java/Extensions:/Library/Java/JavaVirtualMachines/jdk1.7.0_55.jdk/Contents/Home/jre/lib/ext:/Library/Java/Extensions:/Network/Library/Java/Extensions:/System/Library/Java/Extensions:/usr/lib/java"/>
    <property name="sun.boot.class.path" value="/Library/Java/JavaVirtualMachines/jdk1.7.0_55.jdk/Contents/Home/jre/lib/resources.jar:/Library/Java/JavaVirtualMachines/jdk1.7.0_55.jdk/Contents/Home/jre/lib/rt.jar:/Library/Java/JavaVirtualMachines/jdk1.7.0_55.jdk/Contents/Home/jre/lib/sunrsasign.jar:/Library/Java/JavaVirtualMachines/jdk1.7.0_55.jdk/Contents/Home/jre/lib/jsse.jar:/Library/Java/JavaVirtualMachines/jdk1.7.0_55.jdk/Contents/Home/jre/lib/jce.jar:/Library/Java/JavaVirtualMachines/jdk1.7.0_55.jdk/Contents/Home/jre/lib/charsets.jar:/Library/Java/JavaVirtualMachines/jdk1.7.0_55.jdk/Contents/Home/jre/lib/jfr.jar:/Library/Java/JavaVirtualMachines/jdk1.7.0_55.jdk/Contents/Home/jre/classes"/>
    <property name="java.vendor" value="Oracle Corporation"/>
    <property name="maven.home" value="/usr/local/Cellar/maven/3.2.1/libexec"/>
    <property name="file.separator" value="/"/>
    <property name="java.vendor.url.bug" value="http://bugreport.sun.com/bugreport/"/>
    <property name="sun.cpu.endian" value="little"/>
    <property name="sun.io.unicode.encoding" value="UnicodeBig"/>
    <property name="socksNonProxyHosts" value="local|*.local|169.254/16|*.169.254/16"/>
    <property name="ftp.nonProxyHosts" value="local|*.local|169.254/16|*.169.254/16"/>
    <property name="sun.cpu.isalist" value=""/>
  </properties>
  <testcase name="test_ShowPassFaill[OSX_UNKNOWN_AnApple_chrome_UNKNOWN]" classname="se.redmind.rmtest.report.tests.GraphPage(20150511-151946)" time="11.352"/>
  <testcase name="test_ShowPassFaill[OSX_UNKNOWN_AnApple_firefox_UNKNOWN]" classname="se.redmind.rmtest.report.tests.GraphPage(20150511-151946)" time="5.747"/>
  <testcase name="test_Specifications_CheckDeviceGetVersion[OSX_UNKNOWN_AnApple_chrome_UNKNOWN]" classname="se.redmind.rmtest.report.tests.GraphPage(20150511-151946)" time="0.415"/>
  <testcase name="test_ShowPassFaill[Android_5.0.1_Nexus 9_Chrome_UNKNOWN]" classname="se.redmind.rmtest.report.tests.GraphPage(20150511-151946)" time="2.042"/>
  <testcase name="test_SpecificationsDevice_CheckDevice[OSX_UNKNOWN_AnApple_chrome_UNKNOWN]" classname="se.redmind.rmtest.report.tests.GraphPage(20150511-151946)" time="2.776"/>
  <testcase name="test_ShowPassFaill[Android_4.4.3_HTC One_Chrome_UNKNOWN]" classname="se.redmind.rmtest.report.tests.GraphPage(20150511-151946)" time="4.475">
    <error message="An unknown server-side error occurred while processing the command. (WARNING: The server did not provide any stacktrace information)&#10;Command duration or timeout: 390 milliseconds&#10;Build info: version: &apos;2.45.0&apos;, revision: &apos;5017cb8e7ca8e37638dc3091b2440b90a1d8686f&apos;, time: &apos;2015-02-27 09:10:26&apos;&#10;System info: host: &apos;N/A&apos;, ip: &apos;N/A&apos;, os.name: &apos;Mac OS X&apos;, os.arch: &apos;x86_64&apos;, os.version: &apos;10.10.3&apos;, java.version: &apos;1.7.0_55&apos;&#10;Session ID: 92ce2a7c86273f8268173bc50442bad5&#10;Driver info: io.appium.java_client.android.AndroidDriver&#10;Capabilities [{platform=ANDROID, acceptSslCerts=true, javascriptEnabled=true, browserName=chrome, chrome={}, rotatable=false, locationContextEnabled=true, mobileEmulationEnabled=false, version=42.0.2311.111, takesHeapSnapshot=true, cssSelectorsEnabled=true, databaseEnabled=false, handlesAlerts=true, browserConnectionEnabled=false, webStorageEnabled=true, nativeEvents=true, applicationCacheEnabled=false, takesScreenshot=true}]" type="org.openqa.selenium.WebDriverException">org.openqa.selenium.WebDriverException: An unknown server-side error occurred while processing the command. (WARNING: The server did not provide any stacktrace information)
Command duration or timeout: 390 milliseconds
Build info: version: '2.45.0', revision: '5017cb8e7ca8e37638dc3091b2440b90a1d8686f', time: '2015-02-27 09:10:26'
System info: host: 'N/A', ip: 'N/A', os.name: 'Mac OS X', os.arch: 'x86_64', os.version: '10.10.3', java.version: '1.7.0_55'
Session ID: 92ce2a7c86273f8268173bc50442bad5
Driver info: io.appium.java_client.android.AndroidDriver
Capabilities [{platform=ANDROID, acceptSslCerts=true, javascriptEnabled=true, browserName=chrome, chrome={}, rotatable=false, locationContextEnabled=true, mobileEmulationEnabled=false, version=42.0.2311.111, takesHeapSnapshot=true, cssSelectorsEnabled=true, databaseEnabled=false, handlesAlerts=true, browserConnectionEnabled=false, webStorageEnabled=true, nativeEvents=true, applicationCacheEnabled=false, takesScreenshot=true}]
	at sun.reflect.NativeConstructorAccessorImpl.newInstance0(Native Method)
	at sun.reflect.NativeConstructorAccessorImpl.newInstance(NativeConstructorAccessorImpl.java:57)
	at sun.reflect.DelegatingConstructorAccessorImpl.newInstance(DelegatingConstructorAccessorImpl.java:45)
	at java.lang.reflect.Constructor.newInstance(Constructor.java:526)
	at org.openqa.selenium.remote.ErrorHandler.createThrowable(ErrorHandler.java:204)
	at org.openqa.selenium.remote.ErrorHandler.throwIfResponseFailed(ErrorHandler.java:156)
	at org.openqa.selenium.remote.RemoteWebDriver.execute(RemoteWebDriver.java:599)
	at io.appium.java_client.AppiumDriver.execute(AppiumDriver.java:180)
	at org.openqa.selenium.remote.RemoteWebElement.execute(RemoteWebElement.java:268)
	at org.openqa.selenium.remote.RemoteWebElement.click(RemoteWebElement.java:79)
	at se.redmind.rmtest.report.nav.OptionsController.changeDisplayType(OptionsController.java:89)
	at se.redmind.rmtest.report.tests.GraphPage.test_ShowPassFaill(GraphPage.java:81)
</error>
  </testcase>
  <testcase name="test_Specifications_CheckDeviceGetVersion[OSX_UNKNOWN_AnApple_firefox_UNKNOWN]" classname="se.redmind.rmtest.report.tests.GraphPage(20150511-151946)" time="0.515"/>
  <testcase name="test_SpecificationsPlatform_CheckAndroidIOS[OSX_UNKNOWN_AnApple_chrome_UNKNOWN]" classname="se.redmind.rmtest.report.tests.GraphPage(20150511-151946)" time="0.942"/>
  <testcase name="test_Specifications_CheckDeviceGetVersion[Android_5.0.1_Nexus 9_Chrome_UNKNOWN]" classname="se.redmind.rmtest.report.tests.GraphPage(20150511-151946)" time="0.147"/>
  <testcase name="test_changeRunLimit_100[OSX_UNKNOWN_AnApple_chrome_UNKNOWN]" classname="se.redmind.rmtest.report.tests.GraphPage(20150511-151946)" time="3.562"/>
  <testcase name="test_changeRunLimit_500[OSX_UNKNOWN_AnApple_chrome_UNKNOWN]" classname="se.redmind.rmtest.report.tests.GraphPage(20150511-151946)" time="3.801"/>
  <testcase name="test_SpecificationsDevice_CheckDevice[OSX_UNKNOWN_AnApple_firefox_UNKNOWN]" classname="se.redmind.rmtest.report.tests.GraphPage(20150511-151946)" time="0.828"/>
  <testcase name="test_Specifications_CheckDeviceGetVersion[Android_4.4.3_HTC One_Chrome_UNKNOWN]" classname="se.redmind.rmtest.report.tests.GraphPage(20150511-151946)" time="0.207">
    <error message="An unknown server-side error occurred while processing the command. (WARNING: The server did not provide any stacktrace information)&#10;Command duration or timeout: 252 milliseconds&#10;Build info: version: &apos;2.45.0&apos;, revision: &apos;5017cb8e7ca8e37638dc3091b2440b90a1d8686f&apos;, time: &apos;2015-02-27 09:10:26&apos;&#10;System info: host: &apos;N/A&apos;, ip: &apos;N/A&apos;, os.name: &apos;Mac OS X&apos;, os.arch: &apos;x86_64&apos;, os.version: &apos;10.10.3&apos;, java.version: &apos;1.7.0_55&apos;&#10;Session ID: 92ce2a7c86273f8268173bc50442bad5&#10;Driver info: io.appium.java_client.android.AndroidDriver&#10;Capabilities [{platform=ANDROID, acceptSslCerts=true, javascriptEnabled=true, browserName=chrome, chrome={}, rotatable=false, locationContextEnabled=true, mobileEmulationEnabled=false, version=42.0.2311.111, takesHeapSnapshot=true, cssSelectorsEnabled=true, databaseEnabled=false, handlesAlerts=true, browserConnectionEnabled=false, webStorageEnabled=true, nativeEvents=true, applicationCacheEnabled=false, takesScreenshot=true}]" type="org.openqa.selenium.WebDriverException">org.openqa.selenium.WebDriverException: An unknown server-side error occurred while processing the command. (WARNING: The server did not provide any stacktrace information)
Command duration or timeout: 252 milliseconds
Build info: version: '2.45.0', revision: '5017cb8e7ca8e37638dc3091b2440b90a1d8686f', time: '2015-02-27 09:10:26'
System info: host: 'N/A', ip: 'N/A', os.name: 'Mac OS X', os.arch: 'x86_64', os.version: '10.10.3', java.version: '1.7.0_55'
Session ID: 92ce2a7c86273f8268173bc50442bad5
Driver info: io.appium.java_client.android.AndroidDriver
Capabilities [{platform=ANDROID, acceptSslCerts=true, javascriptEnabled=true, browserName=chrome, chrome={}, rotatable=false, locationContextEnabled=true, mobileEmulationEnabled=false, version=42.0.2311.111, takesHeapSnapshot=true, cssSelectorsEnabled=true, databaseEnabled=false, handlesAlerts=true, browserConnectionEnabled=false, webStorageEnabled=true, nativeEvents=true, applicationCacheEnabled=false, takesScreenshot=true}]
	at sun.reflect.NativeConstructorAccessorImpl.newInstance0(Native Method)
	at sun.reflect.NativeConstructorAccessorImpl.newInstance(NativeConstructorAccessorImpl.java:57)
	at sun.reflect.DelegatingConstructorAccessorImpl.newInstance(DelegatingConstructorAccessorImpl.java:45)
	at java.lang.reflect.Constructor.newInstance(Constructor.java:526)
	at org.openqa.selenium.remote.ErrorHandler.createThrowable(ErrorHandler.java:204)
	at org.openqa.selenium.remote.ErrorHandler.throwIfResponseFailed(ErrorHandler.java:156)
	at org.openqa.selenium.remote.RemoteWebDriver.execute(RemoteWebDriver.java:599)
	at io.appium.java_client.AppiumDriver.execute(AppiumDriver.java:180)
	at org.openqa.selenium.remote.RemoteWebElement.execute(RemoteWebElement.java:268)
	at org.openqa.selenium.remote.RemoteWebElement.click(RemoteWebElement.java:79)
	at se.redmind.rmtest.report.nav.OptionsController.changeBreakPoint(OptionsController.java:95)
	at se.redmind.rmtest.report.tests.GraphPage.test_Specifications_CheckDeviceGetVersion(GraphPage.java:242)
</error>
  </testcase>
  <testcase name="test_SpecificationsDevice_CheckDevice[Android_5.0.1_Nexus 9_Chrome_UNKNOWN]" classname="se.redmind.rmtest.report.tests.GraphPage(20150511-151946)" time="0.011"/>
  <testcase name="test_Specifications_Version[OSX_UNKNOWN_AnApple_chrome_UNKNOWN]" classname="se.redmind.rmtest.report.tests.GraphPage(20150511-151946)" time="3.729"/>
  <testcase name="test_ClearCheckBoxesPlatform[OSX_UNKNOWN_AnApple_chrome_UNKNOWN]" classname="se.redmind.rmtest.report.tests.GraphPage(20150511-151946)" time="4.667"/>
  <testcase name="test_SpecificationsDevice_CheckDevice[Android_4.4.3_HTC One_Chrome_UNKNOWN]" classname="se.redmind.rmtest.report.tests.GraphPage(20150511-151946)" time="0.659">
    <error message="An unknown server-side error occurred while processing the command. (WARNING: The server did not provide any stacktrace information)&#10;Command duration or timeout: 266 milliseconds&#10;Build info: version: &apos;2.45.0&apos;, revision: &apos;5017cb8e7ca8e37638dc3091b2440b90a1d8686f&apos;, time: &apos;2015-02-27 09:10:26&apos;&#10;System info: host: &apos;N/A&apos;, ip: &apos;N/A&apos;, os.name: &apos;Mac OS X&apos;, os.arch: &apos;x86_64&apos;, os.version: &apos;10.10.3&apos;, java.version: &apos;1.7.0_55&apos;&#10;Session ID: 92ce2a7c86273f8268173bc50442bad5&#10;Driver info: io.appium.java_client.android.AndroidDriver&#10;Capabilities [{platform=ANDROID, acceptSslCerts=true, javascriptEnabled=true, browserName=chrome, chrome={}, rotatable=false, locationContextEnabled=true, mobileEmulationEnabled=false, version=42.0.2311.111, takesHeapSnapshot=true, cssSelectorsEnabled=true, databaseEnabled=false, handlesAlerts=true, browserConnectionEnabled=false, webStorageEnabled=true, nativeEvents=true, applicationCacheEnabled=false, takesScreenshot=true}]" type="org.openqa.selenium.WebDriverException">org.openqa.selenium.WebDriverException: An unknown server-side error occurred while processing the command. (WARNING: The server did not provide any stacktrace information)
Command duration or timeout: 266 milliseconds
Build info: version: '2.45.0', revision: '5017cb8e7ca8e37638dc3091b2440b90a1d8686f', time: '2015-02-27 09:10:26'
System info: host: 'N/A', ip: 'N/A', os.name: 'Mac OS X', os.arch: 'x86_64', os.version: '10.10.3', java.version: '1.7.0_55'
Session ID: 92ce2a7c86273f8268173bc50442bad5
Driver info: io.appium.java_client.android.AndroidDriver
Capabilities [{platform=ANDROID, acceptSslCerts=true, javascriptEnabled=true, browserName=chrome, chrome={}, rotatable=false, locationContextEnabled=true, mobileEmulationEnabled=false, version=42.0.2311.111, takesHeapSnapshot=true, cssSelectorsEnabled=true, databaseEnabled=false, handlesAlerts=true, browserConnectionEnabled=false, webStorageEnabled=true, nativeEvents=true, applicationCacheEnabled=false, takesScreenshot=true}]
	at sun.reflect.NativeConstructorAccessorImpl.newInstance0(Native Method)
	at sun.reflect.NativeConstructorAccessorImpl.newInstance(NativeConstructorAccessorImpl.java:57)
	at sun.reflect.DelegatingConstructorAccessorImpl.newInstance(DelegatingConstructorAccessorImpl.java:45)
	at java.lang.reflect.Constructor.newInstance(Constructor.java:526)
	at org.openqa.selenium.remote.ErrorHandler.createThrowable(ErrorHandler.java:204)
	at org.openqa.selenium.remote.ErrorHandler.throwIfResponseFailed(ErrorHandler.java:156)
	at org.openqa.selenium.remote.RemoteWebDriver.execute(RemoteWebDriver.java:599)
	at io.appium.java_client.AppiumDriver.execute(AppiumDriver.java:180)
	at org.openqa.selenium.remote.RemoteWebElement.execute(RemoteWebElement.java:268)
	at org.openqa.selenium.remote.RemoteWebElement.click(RemoteWebElement.java:79)
	at se.redmind.rmtest.report.nav.OptionsController.changeBreakPoint(OptionsController.java:95)
	at se.redmind.rmtest.report.tests.GraphPage.test_SpecificationsDevice_CheckDevice(GraphPage.java:191)
</error>
  </testcase>
  <testcase name="test_SpecificationsPlatform_CheckAndroidIOS[Android_5.0.1_Nexus 9_Chrome_UNKNOWN]" classname="se.redmind.rmtest.report.tests.GraphPage(20150511-151946)" time="0.664"/>
  <testcase name="test_SpecificationsPlatform_CheckAndroidIOS[OSX_UNKNOWN_AnApple_firefox_UNKNOWN]" classname="se.redmind.rmtest.report.tests.GraphPage(20150511-151946)" time="0.516"/>
  <testcase name="test_changeRunLimit_100[Android_5.0.1_Nexus 9_Chrome_UNKNOWN]" classname="se.redmind.rmtest.report.tests.GraphPage(20150511-151946)" time="6.656"/>
  <testcase name="test_changeRunLimit_100[OSX_UNKNOWN_AnApple_firefox_UNKNOWN]" classname="se.redmind.rmtest.report.tests.GraphPage(20150511-151946)" time="0.814"/>
  <testcase name="test_SpecificationsPlatform_CheckAndroidIOS[Android_4.4.3_HTC One_Chrome_UNKNOWN]" classname="se.redmind.rmtest.report.tests.GraphPage(20150511-151946)" time="0.64">
    <error message="An unknown server-side error occurred while processing the command. (WARNING: The server did not provide any stacktrace information)&#10;Command duration or timeout: 255 milliseconds&#10;Build info: version: &apos;2.45.0&apos;, revision: &apos;5017cb8e7ca8e37638dc3091b2440b90a1d8686f&apos;, time: &apos;2015-02-27 09:10:26&apos;&#10;System info: host: &apos;N/A&apos;, ip: &apos;N/A&apos;, os.name: &apos;Mac OS X&apos;, os.arch: &apos;x86_64&apos;, os.version: &apos;10.10.3&apos;, java.version: &apos;1.7.0_55&apos;&#10;Session ID: 92ce2a7c86273f8268173bc50442bad5&#10;Driver info: io.appium.java_client.android.AndroidDriver&#10;Capabilities [{platform=ANDROID, acceptSslCerts=true, javascriptEnabled=true, browserName=chrome, chrome={}, rotatable=false, locationContextEnabled=true, mobileEmulationEnabled=false, version=42.0.2311.111, takesHeapSnapshot=true, cssSelectorsEnabled=true, databaseEnabled=false, handlesAlerts=true, browserConnectionEnabled=false, webStorageEnabled=true, nativeEvents=true, applicationCacheEnabled=false, takesScreenshot=true}]" type="org.openqa.selenium.WebDriverException">org.openqa.selenium.WebDriverException: An unknown server-side error occurred while processing the command. (WARNING: The server did not provide any stacktrace information)
Command duration or timeout: 255 milliseconds
Build info: version: '2.45.0', revision: '5017cb8e7ca8e37638dc3091b2440b90a1d8686f', time: '2015-02-27 09:10:26'
System info: host: 'N/A', ip: 'N/A', os.name: 'Mac OS X', os.arch: 'x86_64', os.version: '10.10.3', java.version: '1.7.0_55'
Session ID: 92ce2a7c86273f8268173bc50442bad5
Driver info: io.appium.java_client.android.AndroidDriver
Capabilities [{platform=ANDROID, acceptSslCerts=true, javascriptEnabled=true, browserName=chrome, chrome={}, rotatable=false, locationContextEnabled=true, mobileEmulationEnabled=false, version=42.0.2311.111, takesHeapSnapshot=true, cssSelectorsEnabled=true, databaseEnabled=false, handlesAlerts=true, browserConnectionEnabled=false, webStorageEnabled=true, nativeEvents=true, applicationCacheEnabled=false, takesScreenshot=true}]
	at sun.reflect.NativeConstructorAccessorImpl.newInstance0(Native Method)
	at sun.reflect.NativeConstructorAccessorImpl.newInstance(NativeConstructorAccessorImpl.java:57)
	at sun.reflect.DelegatingConstructorAccessorImpl.newInstance(DelegatingConstructorAccessorImpl.java:45)
	at java.lang.reflect.Constructor.newInstance(Constructor.java:526)
	at org.openqa.selenium.remote.ErrorHandler.createThrowable(ErrorHandler.java:204)
	at org.openqa.selenium.remote.ErrorHandler.throwIfResponseFailed(ErrorHandler.java:156)
	at org.openqa.selenium.remote.RemoteWebDriver.execute(RemoteWebDriver.java:599)
	at io.appium.java_client.AppiumDriver.execute(AppiumDriver.java:180)
	at org.openqa.selenium.remote.RemoteWebElement.execute(RemoteWebElement.java:268)
	at org.openqa.selenium.remote.RemoteWebElement.click(RemoteWebElement.java:79)
	at se.redmind.rmtest.report.nav.OptionsController.changeBreakPoint(OptionsController.java:95)
	at se.redmind.rmtest.report.tests.GraphPage.test_SpecificationsPlatform_CheckAndroidIOS(GraphPage.java:334)
</error>
  </testcase>
  <testcase name="test_changeRunLimit_500[Android_5.0.1_Nexus 9_Chrome_UNKNOWN]" classname="se.redmind.rmtest.report.tests.GraphPage(20150511-151946)" time="4.98"/>
  <testcase name="test_changeRunLimit_500[OSX_UNKNOWN_AnApple_firefox_UNKNOWN]" classname="se.redmind.rmtest.report.tests.GraphPage(20150511-151946)" time="2.265"/>
  <testcase name="test_clickkLegendListDownButton[OSX_UNKNOWN_AnApple_chrome_UNKNOWN]" classname="se.redmind.rmtest.report.tests.GraphPage(20150511-151946)" time="0.433"/>
  <testcase name="test_changeRunLimit_100[Android_4.4.3_HTC One_Chrome_UNKNOWN]" classname="se.redmind.rmtest.report.tests.GraphPage(20150511-151946)" time="1.079">
    <error message="An unknown server-side error occurred while processing the command. (WARNING: The server did not provide any stacktrace information)&#10;Command duration or timeout: 236 milliseconds&#10;Build info: version: &apos;2.45.0&apos;, revision: &apos;5017cb8e7ca8e37638dc3091b2440b90a1d8686f&apos;, time: &apos;2015-02-27 09:10:26&apos;&#10;System info: host: &apos;N/A&apos;, ip: &apos;N/A&apos;, os.name: &apos;Mac OS X&apos;, os.arch: &apos;x86_64&apos;, os.version: &apos;10.10.3&apos;, java.version: &apos;1.7.0_55&apos;&#10;Session ID: 92ce2a7c86273f8268173bc50442bad5&#10;Driver info: io.appium.java_client.android.AndroidDriver&#10;Capabilities [{platform=ANDROID, acceptSslCerts=true, javascriptEnabled=true, browserName=chrome, chrome={}, rotatable=false, locationContextEnabled=true, mobileEmulationEnabled=false, version=42.0.2311.111, takesHeapSnapshot=true, cssSelectorsEnabled=true, databaseEnabled=false, handlesAlerts=true, browserConnectionEnabled=false, webStorageEnabled=true, nativeEvents=true, applicationCacheEnabled=false, takesScreenshot=true}]" type="org.openqa.selenium.WebDriverException">org.openqa.selenium.WebDriverException: An unknown server-side error occurred while processing the command. (WARNING: The server did not provide any stacktrace information)
Command duration or timeout: 236 milliseconds
Build info: version: '2.45.0', revision: '5017cb8e7ca8e37638dc3091b2440b90a1d8686f', time: '2015-02-27 09:10:26'
System info: host: 'N/A', ip: 'N/A', os.name: 'Mac OS X', os.arch: 'x86_64', os.version: '10.10.3', java.version: '1.7.0_55'
Session ID: 92ce2a7c86273f8268173bc50442bad5
Driver info: io.appium.java_client.android.AndroidDriver
Capabilities [{platform=ANDROID, acceptSslCerts=true, javascriptEnabled=true, browserName=chrome, chrome={}, rotatable=false, locationContextEnabled=true, mobileEmulationEnabled=false, version=42.0.2311.111, takesHeapSnapshot=true, cssSelectorsEnabled=true, databaseEnabled=false, handlesAlerts=true, browserConnectionEnabled=false, webStorageEnabled=true, nativeEvents=true, applicationCacheEnabled=false, takesScreenshot=true}]
	at sun.reflect.NativeConstructorAccessorImpl.newInstance0(Native Method)
	at sun.reflect.NativeConstructorAccessorImpl.newInstance(NativeConstructorAccessorImpl.java:57)
	at sun.reflect.DelegatingConstructorAccessorImpl.newInstance(DelegatingConstructorAccessorImpl.java:45)
	at java.lang.reflect.Constructor.newInstance(Constructor.java:526)
	at org.openqa.selenium.remote.ErrorHandler.createThrowable(ErrorHandler.java:204)
	at org.openqa.selenium.remote.ErrorHandler.throwIfResponseFailed(ErrorHandler.java:156)
	at org.openqa.selenium.remote.RemoteWebDriver.execute(RemoteWebDriver.java:599)
	at io.appium.java_client.AppiumDriver.execute(AppiumDriver.java:180)
	at org.openqa.selenium.remote.RemoteWebElement.execute(RemoteWebElement.java:268)
	at org.openqa.selenium.remote.RemoteWebElement.click(RemoteWebElement.java:79)
	at se.redmind.rmtest.report.nav.OptionsController.changeChartSuiteRunLimit(OptionsController.java:76)
	at se.redmind.rmtest.report.tests.GraphPage.test_changeRunLimit_100(GraphPage.java:461)
</error>
  </testcase>
  <testcase name="test_ClearCheckBoxesBrowser[OSX_UNKNOWN_AnApple_chrome_UNKNOWN]" classname="se.redmind.rmtest.report.tests.GraphPage(20150511-151946)" time="4.049"/>
  <testcase name="test_Specifications_Version[Android_5.0.1_Nexus 9_Chrome_UNKNOWN]" classname="se.redmind.rmtest.report.tests.GraphPage(20150511-151946)" time="0.888"/>
  <testcase name="test_Specifications_Version[OSX_UNKNOWN_AnApple_firefox_UNKNOWN]" classname="se.redmind.rmtest.report.tests.GraphPage(20150511-151946)" time="3.396"/>
  <testcase name="test_Specifications_VersionPlatform[OSX_UNKNOWN_AnApple_chrome_UNKNOWN]" classname="se.redmind.rmtest.report.tests.GraphPage(20150511-151946)" time="1.007"/>
  <testcase name="test_changeRunLimit_500[Android_4.4.3_HTC One_Chrome_UNKNOWN]" classname="se.redmind.rmtest.report.tests.GraphPage(20150511-151946)" time="0.097">
    <error message="An unknown server-side error occurred while processing the command. (WARNING: The server did not provide any stacktrace information)&#10;Command duration or timeout: 264 milliseconds&#10;Build info: version: &apos;2.45.0&apos;, revision: &apos;5017cb8e7ca8e37638dc3091b2440b90a1d8686f&apos;, time: &apos;2015-02-27 09:10:26&apos;&#10;System info: host: &apos;N/A&apos;, ip: &apos;N/A&apos;, os.name: &apos;Mac OS X&apos;, os.arch: &apos;x86_64&apos;, os.version: &apos;10.10.3&apos;, java.version: &apos;1.7.0_55&apos;&#10;Session ID: 92ce2a7c86273f8268173bc50442bad5&#10;Driver info: io.appium.java_client.android.AndroidDriver&#10;Capabilities [{platform=ANDROID, acceptSslCerts=true, javascriptEnabled=true, browserName=chrome, chrome={}, rotatable=false, locationContextEnabled=true, mobileEmulationEnabled=false, version=42.0.2311.111, takesHeapSnapshot=true, cssSelectorsEnabled=true, databaseEnabled=false, handlesAlerts=true, browserConnectionEnabled=false, webStorageEnabled=true, nativeEvents=true, applicationCacheEnabled=false, takesScreenshot=true}]" type="org.openqa.selenium.WebDriverException">org.openqa.selenium.WebDriverException: An unknown server-side error occurred while processing the command. (WARNING: The server did not provide any stacktrace information)
Command duration or timeout: 264 milliseconds
Build info: version: '2.45.0', revision: '5017cb8e7ca8e37638dc3091b2440b90a1d8686f', time: '2015-02-27 09:10:26'
System info: host: 'N/A', ip: 'N/A', os.name: 'Mac OS X', os.arch: 'x86_64', os.version: '10.10.3', java.version: '1.7.0_55'
Session ID: 92ce2a7c86273f8268173bc50442bad5
Driver info: io.appium.java_client.android.AndroidDriver
Capabilities [{platform=ANDROID, acceptSslCerts=true, javascriptEnabled=true, browserName=chrome, chrome={}, rotatable=false, locationContextEnabled=true, mobileEmulationEnabled=false, version=42.0.2311.111, takesHeapSnapshot=true, cssSelectorsEnabled=true, databaseEnabled=false, handlesAlerts=true, browserConnectionEnabled=false, webStorageEnabled=true, nativeEvents=true, applicationCacheEnabled=false, takesScreenshot=true}]
	at sun.reflect.NativeConstructorAccessorImpl.newInstance0(Native Method)
	at sun.reflect.NativeConstructorAccessorImpl.newInstance(NativeConstructorAccessorImpl.java:57)
	at sun.reflect.DelegatingConstructorAccessorImpl.newInstance(DelegatingConstructorAccessorImpl.java:45)
	at java.lang.reflect.Constructor.newInstance(Constructor.java:526)
	at org.openqa.selenium.remote.ErrorHandler.createThrowable(ErrorHandler.java:204)
	at org.openqa.selenium.remote.ErrorHandler.throwIfResponseFailed(ErrorHandler.java:156)
	at org.openqa.selenium.remote.RemoteWebDriver.execute(RemoteWebDriver.java:599)
	at io.appium.java_client.AppiumDriver.execute(AppiumDriver.java:180)
	at org.openqa.selenium.remote.RemoteWebElement.execute(RemoteWebElement.java:268)
	at org.openqa.selenium.remote.RemoteWebElement.click(RemoteWebElement.java:79)
	at se.redmind.rmtest.report.nav.OptionsController.changeChartSuiteRunLimit(OptionsController.java:76)
	at se.redmind.rmtest.report.tests.GraphPage.test_changeRunLimit_500(GraphPage.java:470)
</error>
  </testcase>
  <testcase name="test_ClearCheckBoxesPlatform[Android_5.0.1_Nexus 9_Chrome_UNKNOWN]" classname="se.redmind.rmtest.report.tests.GraphPage(20150511-151946)" time="4.667"/>
  <testcase name="test_ClearCheckBoxesVersion[OSX_UNKNOWN_AnApple_chrome_UNKNOWN]" classname="se.redmind.rmtest.report.tests.GraphPage(20150511-151946)" time="1.189"/>
  <testcase name="test_ClearCheckBoxesPlatform[OSX_UNKNOWN_AnApple_firefox_UNKNOWN]" classname="se.redmind.rmtest.report.tests.GraphPage(20150511-151946)" time="2.405"/>
  <testcase name="test_Specifications_Version[Android_4.4.3_HTC One_Chrome_UNKNOWN]" classname="se.redmind.rmtest.report.tests.GraphPage(20150511-151946)" time="1.249">
    <error message="An unknown server-side error occurred while processing the command. (WARNING: The server did not provide any stacktrace information)&#10;Command duration or timeout: 245 milliseconds&#10;Build info: version: &apos;2.45.0&apos;, revision: &apos;5017cb8e7ca8e37638dc3091b2440b90a1d8686f&apos;, time: &apos;2015-02-27 09:10:26&apos;&#10;System info: host: &apos;N/A&apos;, ip: &apos;N/A&apos;, os.name: &apos;Mac OS X&apos;, os.arch: &apos;x86_64&apos;, os.version: &apos;10.10.3&apos;, java.version: &apos;1.7.0_55&apos;&#10;Session ID: 92ce2a7c86273f8268173bc50442bad5&#10;Driver info: io.appium.java_client.android.AndroidDriver&#10;Capabilities [{platform=ANDROID, acceptSslCerts=true, javascriptEnabled=true, browserName=chrome, chrome={}, rotatable=false, locationContextEnabled=true, mobileEmulationEnabled=false, version=42.0.2311.111, takesHeapSnapshot=true, cssSelectorsEnabled=true, databaseEnabled=false, handlesAlerts=true, browserConnectionEnabled=false, webStorageEnabled=true, nativeEvents=true, applicationCacheEnabled=false, takesScreenshot=true}]" type="org.openqa.selenium.WebDriverException">org.openqa.selenium.WebDriverException: An unknown server-side error occurred while processing the command. (WARNING: The server did not provide any stacktrace information)
Command duration or timeout: 245 milliseconds
Build info: version: '2.45.0', revision: '5017cb8e7ca8e37638dc3091b2440b90a1d8686f', time: '2015-02-27 09:10:26'
System info: host: 'N/A', ip: 'N/A', os.name: 'Mac OS X', os.arch: 'x86_64', os.version: '10.10.3', java.version: '1.7.0_55'
Session ID: 92ce2a7c86273f8268173bc50442bad5
Driver info: io.appium.java_client.android.AndroidDriver
Capabilities [{platform=ANDROID, acceptSslCerts=true, javascriptEnabled=true, browserName=chrome, chrome={}, rotatable=false, locationContextEnabled=true, mobileEmulationEnabled=false, version=42.0.2311.111, takesHeapSnapshot=true, cssSelectorsEnabled=true, databaseEnabled=false, handlesAlerts=true, browserConnectionEnabled=false, webStorageEnabled=true, nativeEvents=true, applicationCacheEnabled=false, takesScreenshot=true}]
	at sun.reflect.NativeConstructorAccessorImpl.newInstance0(Native Method)
	at sun.reflect.NativeConstructorAccessorImpl.newInstance(NativeConstructorAccessorImpl.java:57)
	at sun.reflect.DelegatingConstructorAccessorImpl.newInstance(DelegatingConstructorAccessorImpl.java:45)
	at java.lang.reflect.Constructor.newInstance(Constructor.java:526)
	at org.openqa.selenium.remote.ErrorHandler.createThrowable(ErrorHandler.java:204)
	at org.openqa.selenium.remote.ErrorHandler.throwIfResponseFailed(ErrorHandler.java:156)
	at org.openqa.selenium.remote.RemoteWebDriver.execute(RemoteWebDriver.java:599)
	at io.appium.java_client.AppiumDriver.execute(AppiumDriver.java:180)
	at org.openqa.selenium.remote.RemoteWebElement.execute(RemoteWebElement.java:268)
	at org.openqa.selenium.remote.RemoteWebElement.click(RemoteWebElement.java:79)
	at se.redmind.rmtest.report.nav.OptionsController.changeBreakPoint(OptionsController.java:95)
	at se.redmind.rmtest.report.tests.GraphPage.test_Specifications_Version(GraphPage.java:257)
</error>
  </testcase>
  <testcase name="test_ClearCheckBoxesPlatform[Android_4.4.3_HTC One_Chrome_UNKNOWN]" classname="se.redmind.rmtest.report.tests.GraphPage(20150511-151946)" time="9.226">
    <error message="An unknown server-side error occurred while processing the command. (WARNING: The server did not provide any stacktrace information)&#10;Command duration or timeout: 267 milliseconds&#10;Build info: version: &apos;2.45.0&apos;, revision: &apos;5017cb8e7ca8e37638dc3091b2440b90a1d8686f&apos;, time: &apos;2015-02-27 09:10:26&apos;&#10;System info: host: &apos;N/A&apos;, ip: &apos;N/A&apos;, os.name: &apos;Mac OS X&apos;, os.arch: &apos;x86_64&apos;, os.version: &apos;10.10.3&apos;, java.version: &apos;1.7.0_55&apos;&#10;Session ID: 92ce2a7c86273f8268173bc50442bad5&#10;Driver info: io.appium.java_client.android.AndroidDriver&#10;Capabilities [{platform=ANDROID, acceptSslCerts=true, javascriptEnabled=true, browserName=chrome, chrome={}, rotatable=false, locationContextEnabled=true, mobileEmulationEnabled=false, version=42.0.2311.111, takesHeapSnapshot=true, cssSelectorsEnabled=true, databaseEnabled=false, handlesAlerts=true, browserConnectionEnabled=false, webStorageEnabled=true, nativeEvents=true, applicationCacheEnabled=false, takesScreenshot=true}]" type="org.openqa.selenium.WebDriverException">org.openqa.selenium.WebDriverException: An unknown server-side error occurred while processing the command. (WARNING: The server did not provide any stacktrace information)
Command duration or timeout: 267 milliseconds
Build info: version: '2.45.0', revision: '5017cb8e7ca8e37638dc3091b2440b90a1d8686f', time: '2015-02-27 09:10:26'
System info: host: 'N/A', ip: 'N/A', os.name: 'Mac OS X', os.arch: 'x86_64', os.version: '10.10.3', java.version: '1.7.0_55'
Session ID: 92ce2a7c86273f8268173bc50442bad5
Driver info: io.appium.java_client.android.AndroidDriver
Capabilities [{platform=ANDROID, acceptSslCerts=true, javascriptEnabled=true, browserName=chrome, chrome={}, rotatable=false, locationContextEnabled=true, mobileEmulationEnabled=false, version=42.0.2311.111, takesHeapSnapshot=true, cssSelectorsEnabled=true, databaseEnabled=false, handlesAlerts=true, browserConnectionEnabled=false, webStorageEnabled=true, nativeEvents=true, applicationCacheEnabled=false, takesScreenshot=true}]
	at sun.reflect.NativeConstructorAccessorImpl.newInstance0(Native Method)
	at sun.reflect.NativeConstructorAccessorImpl.newInstance(NativeConstructorAccessorImpl.java:57)
	at sun.reflect.DelegatingConstructorAccessorImpl.newInstance(DelegatingConstructorAccessorImpl.java:45)
	at java.lang.reflect.Constructor.newInstance(Constructor.java:526)
	at org.openqa.selenium.remote.ErrorHandler.createThrowable(ErrorHandler.java:204)
	at org.openqa.selenium.remote.ErrorHandler.throwIfResponseFailed(ErrorHandler.java:156)
	at org.openqa.selenium.remote.RemoteWebDriver.execute(RemoteWebDriver.java:599)
	at io.appium.java_client.AppiumDriver.execute(AppiumDriver.java:180)
	at org.openqa.selenium.remote.RemoteWebElement.execute(RemoteWebElement.java:268)
	at org.openqa.selenium.remote.RemoteWebElement.click(RemoteWebElement.java:79)
	at se.redmind.rmtest.report.nav.OptionsController.changeBreakPoint(OptionsController.java:95)
	at se.redmind.rmtest.report.tests.GraphPage.test_ClearCheckBoxesPlatform(GraphPage.java:396)
</error>
  </testcase>
  <testcase name="test_clickLegendListUpButton[OSX_UNKNOWN_AnApple_chrome_UNKNOWN]" classname="se.redmind.rmtest.report.tests.GraphPage(20150511-151946)" time="5.355"/>
  <testcase name="test_clickkLegendListDownButton[Android_4.4.3_HTC One_Chrome_UNKNOWN]" classname="se.redmind.rmtest.report.tests.GraphPage(20150511-151946)" time="4.034">
    <error message="An unknown server-side error occurred while processing the command. (WARNING: The server did not provide any stacktrace information)&#10;Command duration or timeout: 258 milliseconds&#10;Build info: version: &apos;2.45.0&apos;, revision: &apos;5017cb8e7ca8e37638dc3091b2440b90a1d8686f&apos;, time: &apos;2015-02-27 09:10:26&apos;&#10;System info: host: &apos;N/A&apos;, ip: &apos;N/A&apos;, os.name: &apos;Mac OS X&apos;, os.arch: &apos;x86_64&apos;, os.version: &apos;10.10.3&apos;, java.version: &apos;1.7.0_55&apos;&#10;Session ID: 92ce2a7c86273f8268173bc50442bad5&#10;Driver info: io.appium.java_client.android.AndroidDriver&#10;Capabilities [{platform=ANDROID, acceptSslCerts=true, javascriptEnabled=true, browserName=chrome, chrome={}, rotatable=false, locationContextEnabled=true, mobileEmulationEnabled=false, version=42.0.2311.111, takesHeapSnapshot=true, cssSelectorsEnabled=true, databaseEnabled=false, handlesAlerts=true, browserConnectionEnabled=false, webStorageEnabled=true, nativeEvents=true, applicationCacheEnabled=false, takesScreenshot=true}]" type="org.openqa.selenium.WebDriverException">org.openqa.selenium.WebDriverException: An unknown server-side error occurred while processing the command. (WARNING: The server did not provide any stacktrace information)
Command duration or timeout: 258 milliseconds
Build info: version: '2.45.0', revision: '5017cb8e7ca8e37638dc3091b2440b90a1d8686f', time: '2015-02-27 09:10:26'
System info: host: 'N/A', ip: 'N/A', os.name: 'Mac OS X', os.arch: 'x86_64', os.version: '10.10.3', java.version: '1.7.0_55'
Session ID: 92ce2a7c86273f8268173bc50442bad5
Driver info: io.appium.java_client.android.AndroidDriver
Capabilities [{platform=ANDROID, acceptSslCerts=true, javascriptEnabled=true, browserName=chrome, chrome={}, rotatable=false, locationContextEnabled=true, mobileEmulationEnabled=false, version=42.0.2311.111, takesHeapSnapshot=true, cssSelectorsEnabled=true, databaseEnabled=false, handlesAlerts=true, browserConnectionEnabled=false, webStorageEnabled=true, nativeEvents=true, applicationCacheEnabled=false, takesScreenshot=true}]
	at sun.reflect.NativeConstructorAccessorImpl.newInstance0(Native Method)
	at sun.reflect.NativeConstructorAccessorImpl.newInstance(NativeConstructorAccessorImpl.java:57)
	at sun.reflect.DelegatingConstructorAccessorImpl.newInstance(DelegatingConstructorAccessorImpl.java:45)
	at java.lang.reflect.Constructor.newInstance(Constructor.java:526)
	at org.openqa.selenium.remote.ErrorHandler.createThrowable(ErrorHandler.java:204)
	at org.openqa.selenium.remote.ErrorHandler.throwIfResponseFailed(ErrorHandler.java:156)
	at org.openqa.selenium.remote.RemoteWebDriver.execute(RemoteWebDriver.java:599)
	at io.appium.java_client.AppiumDriver.execute(AppiumDriver.java:180)
	at org.openqa.selenium.remote.RemoteWebElement.execute(RemoteWebElement.java:268)
	at org.openqa.selenium.remote.RemoteWebElement.click(RemoteWebElement.java:79)
	at se.redmind.rmtest.report.nav.OptionsController.addToGraph(OptionsController.java:59)
	at se.redmind.rmtest.report.tests.GraphPage.test_clickkLegendListDownButton(GraphPage.java:481)
</error>
  </testcase>
  <testcase name="test_Specifications_PlatformVersion[OSX_UNKNOWN_AnApple_chrome_UNKNOWN]" classname="se.redmind.rmtest.report.tests.GraphPage(20150511-151946)" time="1"/>
  <testcase name="test_ChooseTimeStampFromDropDrown[OSX_UNKNOWN_AnApple_chrome_UNKNOWN]" classname="se.redmind.rmtest.report.tests.GraphPage(20150511-151946)" time="3.411"/>
  <testcase name="test_ClearCheckBoxesBrowser[Android_4.4.3_HTC One_Chrome_UNKNOWN]" classname="se.redmind.rmtest.report.tests.GraphPage(20150511-151946)" time="0.443">
    <error message="An unknown server-side error occurred while processing the command. (WARNING: The server did not provide any stacktrace information)&#10;Command duration or timeout: 388 milliseconds&#10;Build info: version: &apos;2.45.0&apos;, revision: &apos;5017cb8e7ca8e37638dc3091b2440b90a1d8686f&apos;, time: &apos;2015-02-27 09:10:26&apos;&#10;System info: host: &apos;N/A&apos;, ip: &apos;N/A&apos;, os.name: &apos;Mac OS X&apos;, os.arch: &apos;x86_64&apos;, os.version: &apos;10.10.3&apos;, java.version: &apos;1.7.0_55&apos;&#10;Session ID: 92ce2a7c86273f8268173bc50442bad5&#10;Driver info: io.appium.java_client.android.AndroidDriver&#10;Capabilities [{platform=ANDROID, acceptSslCerts=true, javascriptEnabled=true, browserName=chrome, chrome={}, rotatable=false, locationContextEnabled=true, mobileEmulationEnabled=false, version=42.0.2311.111, takesHeapSnapshot=true, cssSelectorsEnabled=true, databaseEnabled=false, handlesAlerts=true, browserConnectionEnabled=false, webStorageEnabled=true, nativeEvents=true, applicationCacheEnabled=false, takesScreenshot=true}]" type="org.openqa.selenium.WebDriverException"><![CDATA[org.openqa.selenium.WebDriverException: An unknown server-side error occurred while processing the command. (WARNING: The server did not provide any stacktrace information)
Command duration or timeout: 388 milliseconds
Build info: version: '2.45.0', revision: '5017cb8e7ca8e37638dc3091b2440b90a1d8686f', time: '2015-02-27 09:10:26'
System info: host: 'N/A', ip: 'N/A', os.name: 'Mac OS X', os.arch: 'x86_64', os.version: '10.10.3', java.version: '1.7.0_55'
Session ID: 92ce2a7c86273f8268173bc50442bad5
Driver info: io.appium.java_client.android.AndroidDriver
Capabilities [{platform=ANDROID, acceptSslCerts=true, javascriptEnabled=true, browserName=chrome, chrome={}, rotatable=false, locationContextEnabled=true, mobileEmulationEnabled=false, version=42.0.2311.111, takesHeapSnapshot=true, cssSelectorsEnabled=true, databaseEnabled=false, handlesAlerts=true, browserConnectionEnabled=false, webStorageEnabled=true, nativeEvents=true, applicationCacheEnabled=false, takesScreenshot=true}]
	at sun.reflect.NativeConstructorAccessorImpl.newInstance0(Native Method)
	at sun.reflect.NativeConstructorAccessorImpl.newInstance(NativeConstructorAccessorImpl.java:57)
	at sun.reflect.DelegatingConstructorAccessorImpl.newInstance(DelegatingConstructorAccessorImpl.java:45)
	at java.lang.reflect.Constructor.newInstance(Constructor.java:526)
	at org.openqa.selenium.remote.ErrorHandler.createThrowable(ErrorHandler.java:204)
	at org.openqa.selenium.remote.ErrorHandler.throwIfResponseFailed(ErrorHandler.java:156)
	at org.openqa.selenium.remote.RemoteWebDriver.execute(RemoteWebDriver.java:599)
	at io.appium.java_client.AppiumDriver.execute(AppiumDriver.java:180)
	at org.openqa.selenium.remote.RemoteWebElement.execute(RemoteWebElement.java:268)
	at org.openqa.selenium.remote.RemoteWebElement.click(RemoteWebElement.java:79)
	at se.redmind.rmtest.report.nav.BaseNav.getFirstSuiteSection(BaseNav.java:72)
	at se.redmind.rmtest.report.nav.GraphNav.getFirstSuiteSection(GraphNav.java:5)
	at se.redmind.rmtest.report.nav.GraphNav.navigate(GraphNav.java:20)
	at se.redmind.rmtest.report.nav.BaseNav.<init>(BaseNav.java:20)
	at se.redmind.rmtest.report.nav.GraphNav.<init>(GraphNav.java:12)
	at se.redmind.rmtest.report.tests.GraphPage.beforeTest(GraphPage.java:73)
]]></error>
  </testcase>
  <testcase name="test_clickkLegendListDownButton[Android_5.0.1_Nexus 9_Chrome_UNKNOWN]" classname="se.redmind.rmtest.report.tests.GraphPage(20150511-151946)" time="0.103"/>
  <testcase name="test_clickkLegendListDownButton[OSX_UNKNOWN_AnApple_firefox_UNKNOWN]" classname="se.redmind.rmtest.report.tests.GraphPage(20150511-151946)" time="3.322"/>
  <testcase name="test_SpecificationsDevice_CheckPlatform[OSX_UNKNOWN_AnApple_chrome_UNKNOWN]" classname="se.redmind.rmtest.report.tests.GraphPage(20150511-151946)" time="1.04"/>
  <testcase name="test_Specifications_VersionPlatform[Android_4.4.3_HTC One_Chrome_UNKNOWN]" classname="se.redmind.rmtest.report.tests.GraphPage(20150511-151946)" time="0.029">
    <error message="An unknown server-side error occurred while processing the command. (WARNING: The server did not provide any stacktrace information)&#10;Command duration or timeout: 484 milliseconds&#10;Build info: version: &apos;2.45.0&apos;, revision: &apos;5017cb8e7ca8e37638dc3091b2440b90a1d8686f&apos;, time: &apos;2015-02-27 09:10:26&apos;&#10;System info: host: &apos;N/A&apos;, ip: &apos;N/A&apos;, os.name: &apos;Mac OS X&apos;, os.arch: &apos;x86_64&apos;, os.version: &apos;10.10.3&apos;, java.version: &apos;1.7.0_55&apos;&#10;Session ID: 92ce2a7c86273f8268173bc50442bad5&#10;Driver info: io.appium.java_client.android.AndroidDriver&#10;Capabilities [{platform=ANDROID, acceptSslCerts=true, javascriptEnabled=true, browserName=chrome, chrome={}, rotatable=false, locationContextEnabled=true, mobileEmulationEnabled=false, version=42.0.2311.111, takesHeapSnapshot=true, cssSelectorsEnabled=true, databaseEnabled=false, handlesAlerts=true, browserConnectionEnabled=false, webStorageEnabled=true, nativeEvents=true, applicationCacheEnabled=false, takesScreenshot=true}]" type="org.openqa.selenium.WebDriverException"><![CDATA[org.openqa.selenium.WebDriverException: An unknown server-side error occurred while processing the command. (WARNING: The server did not provide any stacktrace information)
Command duration or timeout: 484 milliseconds
Build info: version: '2.45.0', revision: '5017cb8e7ca8e37638dc3091b2440b90a1d8686f', time: '2015-02-27 09:10:26'
System info: host: 'N/A', ip: 'N/A', os.name: 'Mac OS X', os.arch: 'x86_64', os.version: '10.10.3', java.version: '1.7.0_55'
Session ID: 92ce2a7c86273f8268173bc50442bad5
Driver info: io.appium.java_client.android.AndroidDriver
Capabilities [{platform=ANDROID, acceptSslCerts=true, javascriptEnabled=true, browserName=chrome, chrome={}, rotatable=false, locationContextEnabled=true, mobileEmulationEnabled=false, version=42.0.2311.111, takesHeapSnapshot=true, cssSelectorsEnabled=true, databaseEnabled=false, handlesAlerts=true, browserConnectionEnabled=false, webStorageEnabled=true, nativeEvents=true, applicationCacheEnabled=false, takesScreenshot=true}]
	at sun.reflect.NativeConstructorAccessorImpl.newInstance0(Native Method)
	at sun.reflect.NativeConstructorAccessorImpl.newInstance(NativeConstructorAccessorImpl.java:57)
	at sun.reflect.DelegatingConstructorAccessorImpl.newInstance(DelegatingConstructorAccessorImpl.java:45)
	at java.lang.reflect.Constructor.newInstance(Constructor.java:526)
	at org.openqa.selenium.remote.ErrorHandler.createThrowable(ErrorHandler.java:204)
	at org.openqa.selenium.remote.ErrorHandler.throwIfResponseFailed(ErrorHandler.java:156)
	at org.openqa.selenium.remote.RemoteWebDriver.execute(RemoteWebDriver.java:599)
	at io.appium.java_client.AppiumDriver.execute(AppiumDriver.java:180)
	at org.openqa.selenium.remote.RemoteWebElement.execute(RemoteWebElement.java:268)
	at org.openqa.selenium.remote.RemoteWebElement.click(RemoteWebElement.java:79)
	at se.redmind.rmtest.report.nav.BaseNav.getFirstSuiteSection(BaseNav.java:72)
	at se.redmind.rmtest.report.nav.GraphNav.getFirstSuiteSection(GraphNav.java:5)
	at se.redmind.rmtest.report.nav.GraphNav.navigate(GraphNav.java:20)
	at se.redmind.rmtest.report.nav.BaseNav.<init>(BaseNav.java:20)
	at se.redmind.rmtest.report.nav.GraphNav.<init>(GraphNav.java:12)
	at se.redmind.rmtest.report.tests.GraphPage.beforeTest(GraphPage.java:73)
]]></error>
  </testcase>
  <testcase name="test_ClearCheckBoxesBrowser[Android_5.0.1_Nexus 9_Chrome_UNKNOWN]" classname="se.redmind.rmtest.report.tests.GraphPage(20150511-151946)" time="3.685"/>
  <testcase name="test_Specifications_Platform[OSX_UNKNOWN_AnApple_chrome_UNKNOWN]" classname="se.redmind.rmtest.report.tests.GraphPage(20150511-151946)" time="0.921"/>
  <testcase name="test_ClearCheckBoxesVersion[Android_4.4.3_HTC One_Chrome_UNKNOWN]" classname="se.redmind.rmtest.report.tests.GraphPage(20150511-151946)" time="0.482">
    <error message="An unknown server-side error occurred while processing the command. (WARNING: The server did not provide any stacktrace information)&#10;Command duration or timeout: 274 milliseconds&#10;Build info: version: &apos;2.45.0&apos;, revision: &apos;5017cb8e7ca8e37638dc3091b2440b90a1d8686f&apos;, time: &apos;2015-02-27 09:10:26&apos;&#10;System info: host: &apos;N/A&apos;, ip: &apos;N/A&apos;, os.name: &apos;Mac OS X&apos;, os.arch: &apos;x86_64&apos;, os.version: &apos;10.10.3&apos;, java.version: &apos;1.7.0_55&apos;&#10;Session ID: 92ce2a7c86273f8268173bc50442bad5&#10;Driver info: io.appium.java_client.android.AndroidDriver&#10;Capabilities [{platform=ANDROID, acceptSslCerts=true, javascriptEnabled=true, browserName=chrome, chrome={}, rotatable=false, locationContextEnabled=true, mobileEmulationEnabled=false, version=42.0.2311.111, takesHeapSnapshot=true, cssSelectorsEnabled=true, databaseEnabled=false, handlesAlerts=true, browserConnectionEnabled=false, webStorageEnabled=true, nativeEvents=true, applicationCacheEnabled=false, takesScreenshot=true}]" type="org.openqa.selenium.WebDriverException"><![CDATA[org.openqa.selenium.WebDriverException: An unknown server-side error occurred while processing the command. (WARNING: The server did not provide any stacktrace information)
Command duration or timeout: 274 milliseconds
Build info: version: '2.45.0', revision: '5017cb8e7ca8e37638dc3091b2440b90a1d8686f', time: '2015-02-27 09:10:26'
System info: host: 'N/A', ip: 'N/A', os.name: 'Mac OS X', os.arch: 'x86_64', os.version: '10.10.3', java.version: '1.7.0_55'
Session ID: 92ce2a7c86273f8268173bc50442bad5
Driver info: io.appium.java_client.android.AndroidDriver
Capabilities [{platform=ANDROID, acceptSslCerts=true, javascriptEnabled=true, browserName=chrome, chrome={}, rotatable=false, locationContextEnabled=true, mobileEmulationEnabled=false, version=42.0.2311.111, takesHeapSnapshot=true, cssSelectorsEnabled=true, databaseEnabled=false, handlesAlerts=true, browserConnectionEnabled=false, webStorageEnabled=true, nativeEvents=true, applicationCacheEnabled=false, takesScreenshot=true}]
	at sun.reflect.NativeConstructorAccessorImpl.newInstance0(Native Method)
	at sun.reflect.NativeConstructorAccessorImpl.newInstance(NativeConstructorAccessorImpl.java:57)
	at sun.reflect.DelegatingConstructorAccessorImpl.newInstance(DelegatingConstructorAccessorImpl.java:45)
	at java.lang.reflect.Constructor.newInstance(Constructor.java:526)
	at org.openqa.selenium.remote.ErrorHandler.createThrowable(ErrorHandler.java:204)
	at org.openqa.selenium.remote.ErrorHandler.throwIfResponseFailed(ErrorHandler.java:156)
	at org.openqa.selenium.remote.RemoteWebDriver.execute(RemoteWebDriver.java:599)
	at io.appium.java_client.AppiumDriver.execute(AppiumDriver.java:180)
	at org.openqa.selenium.remote.RemoteWebElement.execute(RemoteWebElement.java:268)
	at org.openqa.selenium.remote.RemoteWebElement.click(RemoteWebElement.java:79)
	at se.redmind.rmtest.report.nav.BaseNav.getFirstSuiteSection(BaseNav.java:72)
	at se.redmind.rmtest.report.nav.GraphNav.getFirstSuiteSection(GraphNav.java:5)
	at se.redmind.rmtest.report.nav.GraphNav.navigate(GraphNav.java:20)
	at se.redmind.rmtest.report.nav.BaseNav.<init>(BaseNav.java:20)
	at se.redmind.rmtest.report.nav.GraphNav.<init>(GraphNav.java:12)
	at se.redmind.rmtest.report.tests.GraphPage.beforeTest(GraphPage.java:73)
]]></error>
  </testcase>
  <testcase name="test_ClearCheckBoxesBrowser[OSX_UNKNOWN_AnApple_firefox_UNKNOWN]" classname="se.redmind.rmtest.report.tests.GraphPage(20150511-151946)" time="2.058"/>
  <testcase name="test_TotalFailed[OSX_UNKNOWN_AnApple_chrome_UNKNOWN]" classname="se.redmind.rmtest.report.tests.GraphPage(20150511-151946)" time="1.022"/>
  <testcase name="test_clickLegendListUpButton[Android_4.4.3_HTC One_Chrome_UNKNOWN]" classname="se.redmind.rmtest.report.tests.GraphPage(20150511-151946)" time="1.475">
    <error message="An unknown server-side error occurred while processing the command. (WARNING: The server did not provide any stacktrace information)&#10;Command duration or timeout: 259 milliseconds&#10;Build info: version: &apos;2.45.0&apos;, revision: &apos;5017cb8e7ca8e37638dc3091b2440b90a1d8686f&apos;, time: &apos;2015-02-27 09:10:26&apos;&#10;System info: host: &apos;N/A&apos;, ip: &apos;N/A&apos;, os.name: &apos;Mac OS X&apos;, os.arch: &apos;x86_64&apos;, os.version: &apos;10.10.3&apos;, java.version: &apos;1.7.0_55&apos;&#10;Session ID: 92ce2a7c86273f8268173bc50442bad5&#10;Driver info: io.appium.java_client.android.AndroidDriver&#10;Capabilities [{platform=ANDROID, acceptSslCerts=true, javascriptEnabled=true, browserName=chrome, chrome={}, rotatable=false, locationContextEnabled=true, mobileEmulationEnabled=false, version=42.0.2311.111, takesHeapSnapshot=true, cssSelectorsEnabled=true, databaseEnabled=false, handlesAlerts=true, browserConnectionEnabled=false, webStorageEnabled=true, nativeEvents=true, applicationCacheEnabled=false, takesScreenshot=true}]" type="org.openqa.selenium.WebDriverException"><![CDATA[org.openqa.selenium.WebDriverException: An unknown server-side error occurred while processing the command. (WARNING: The server did not provide any stacktrace information)
Command duration or timeout: 259 milliseconds
Build info: version: '2.45.0', revision: '5017cb8e7ca8e37638dc3091b2440b90a1d8686f', time: '2015-02-27 09:10:26'
System info: host: 'N/A', ip: 'N/A', os.name: 'Mac OS X', os.arch: 'x86_64', os.version: '10.10.3', java.version: '1.7.0_55'
Session ID: 92ce2a7c86273f8268173bc50442bad5
Driver info: io.appium.java_client.android.AndroidDriver
Capabilities [{platform=ANDROID, acceptSslCerts=true, javascriptEnabled=true, browserName=chrome, chrome={}, rotatable=false, locationContextEnabled=true, mobileEmulationEnabled=false, version=42.0.2311.111, takesHeapSnapshot=true, cssSelectorsEnabled=true, databaseEnabled=false, handlesAlerts=true, browserConnectionEnabled=false, webStorageEnabled=true, nativeEvents=true, applicationCacheEnabled=false, takesScreenshot=true}]
	at sun.reflect.NativeConstructorAccessorImpl.newInstance0(Native Method)
	at sun.reflect.NativeConstructorAccessorImpl.newInstance(NativeConstructorAccessorImpl.java:57)
	at sun.reflect.DelegatingConstructorAccessorImpl.newInstance(DelegatingConstructorAccessorImpl.java:45)
	at java.lang.reflect.Constructor.newInstance(Constructor.java:526)
	at org.openqa.selenium.remote.ErrorHandler.createThrowable(ErrorHandler.java:204)
	at org.openqa.selenium.remote.ErrorHandler.throwIfResponseFailed(ErrorHandler.java:156)
	at org.openqa.selenium.remote.RemoteWebDriver.execute(RemoteWebDriver.java:599)
	at io.appium.java_client.AppiumDriver.execute(AppiumDriver.java:180)
	at org.openqa.selenium.remote.RemoteWebElement.execute(RemoteWebElement.java:268)
	at org.openqa.selenium.remote.RemoteWebElement.click(RemoteWebElement.java:79)
	at se.redmind.rmtest.report.nav.BaseNav.getFirstSuiteSection(BaseNav.java:72)
	at se.redmind.rmtest.report.nav.GraphNav.getFirstSuiteSection(GraphNav.java:5)
	at se.redmind.rmtest.report.nav.GraphNav.navigate(GraphNav.java:20)
	at se.redmind.rmtest.report.nav.BaseNav.<init>(BaseNav.java:20)
	at se.redmind.rmtest.report.nav.GraphNav.<init>(GraphNav.java:12)
	at se.redmind.rmtest.report.tests.GraphPage.beforeTest(GraphPage.java:73)
]]></error>
  </testcase>
  <testcase name="test_BreakOnPlatform[OSX_UNKNOWN_AnApple_chrome_UNKNOWN]" classname="se.redmind.rmtest.report.tests.GraphPage(20150511-151946)" time="2.695"/>
  <testcase name="test_Specifications_VersionPlatform[Android_5.0.1_Nexus 9_Chrome_UNKNOWN]" classname="se.redmind.rmtest.report.tests.GraphPage(20150511-151946)" time="0.012"/>
  <testcase name="test_Specifications_PlatformVersion[Android_4.4.3_HTC One_Chrome_UNKNOWN]" classname="se.redmind.rmtest.report.tests.GraphPage(20150511-151946)" time="2.56">
    <error message="An unknown server-side error occurred while processing the command. (WARNING: The server did not provide any stacktrace information)&#10;Command duration or timeout: 443 milliseconds&#10;Build info: version: &apos;2.45.0&apos;, revision: &apos;5017cb8e7ca8e37638dc3091b2440b90a1d8686f&apos;, time: &apos;2015-02-27 09:10:26&apos;&#10;System info: host: &apos;N/A&apos;, ip: &apos;N/A&apos;, os.name: &apos;Mac OS X&apos;, os.arch: &apos;x86_64&apos;, os.version: &apos;10.10.3&apos;, java.version: &apos;1.7.0_55&apos;&#10;Session ID: 92ce2a7c86273f8268173bc50442bad5&#10;Driver info: io.appium.java_client.android.AndroidDriver&#10;Capabilities [{platform=ANDROID, acceptSslCerts=true, javascriptEnabled=true, browserName=chrome, chrome={}, rotatable=false, locationContextEnabled=true, mobileEmulationEnabled=false, version=42.0.2311.111, takesHeapSnapshot=true, cssSelectorsEnabled=true, databaseEnabled=false, handlesAlerts=true, browserConnectionEnabled=false, webStorageEnabled=true, nativeEvents=true, applicationCacheEnabled=false, takesScreenshot=true}]" type="org.openqa.selenium.WebDriverException"><![CDATA[org.openqa.selenium.WebDriverException: An unknown server-side error occurred while processing the command. (WARNING: The server did not provide any stacktrace information)
Command duration or timeout: 443 milliseconds
Build info: version: '2.45.0', revision: '5017cb8e7ca8e37638dc3091b2440b90a1d8686f', time: '2015-02-27 09:10:26'
System info: host: 'N/A', ip: 'N/A', os.name: 'Mac OS X', os.arch: 'x86_64', os.version: '10.10.3', java.version: '1.7.0_55'
Session ID: 92ce2a7c86273f8268173bc50442bad5
Driver info: io.appium.java_client.android.AndroidDriver
Capabilities [{platform=ANDROID, acceptSslCerts=true, javascriptEnabled=true, browserName=chrome, chrome={}, rotatable=false, locationContextEnabled=true, mobileEmulationEnabled=false, version=42.0.2311.111, takesHeapSnapshot=true, cssSelectorsEnabled=true, databaseEnabled=false, handlesAlerts=true, browserConnectionEnabled=false, webStorageEnabled=true, nativeEvents=true, applicationCacheEnabled=false, takesScreenshot=true}]
	at sun.reflect.NativeConstructorAccessorImpl.newInstance0(Native Method)
	at sun.reflect.NativeConstructorAccessorImpl.newInstance(NativeConstructorAccessorImpl.java:57)
	at sun.reflect.DelegatingConstructorAccessorImpl.newInstance(DelegatingConstructorAccessorImpl.java:45)
	at java.lang.reflect.Constructor.newInstance(Constructor.java:526)
	at org.openqa.selenium.remote.ErrorHandler.createThrowable(ErrorHandler.java:204)
	at org.openqa.selenium.remote.ErrorHandler.throwIfResponseFailed(ErrorHandler.java:156)
	at org.openqa.selenium.remote.RemoteWebDriver.execute(RemoteWebDriver.java:599)
	at io.appium.java_client.AppiumDriver.execute(AppiumDriver.java:180)
	at org.openqa.selenium.remote.RemoteWebElement.execute(RemoteWebElement.java:268)
	at org.openqa.selenium.remote.RemoteWebElement.click(RemoteWebElement.java:79)
	at se.redmind.rmtest.report.nav.BaseNav.getFirstSuiteSection(BaseNav.java:72)
	at se.redmind.rmtest.report.nav.GraphNav.getFirstSuiteSection(GraphNav.java:5)
	at se.redmind.rmtest.report.nav.GraphNav.navigate(GraphNav.java:20)
	at se.redmind.rmtest.report.nav.BaseNav.<init>(BaseNav.java:20)
	at se.redmind.rmtest.report.nav.GraphNav.<init>(GraphNav.java:12)
	at se.redmind.rmtest.report.tests.GraphPage.beforeTest(GraphPage.java:73)
]]></error>
  </testcase>
  <testcase name="test_BreakOnDevice[OSX_UNKNOWN_AnApple_chrome_UNKNOWN]" classname="se.redmind.rmtest.report.tests.GraphPage(20150511-151946)" time="1.319"/>
  <testcase name="test_Specifications_VersionPlatform[OSX_UNKNOWN_AnApple_firefox_UNKNOWN]" classname="se.redmind.rmtest.report.tests.GraphPage(20150511-151946)" time="0.104"/>
  <testcase name="test_ChooseTimeStampFromDropDrown[Android_4.4.3_HTC One_Chrome_UNKNOWN]" classname="se.redmind.rmtest.report.tests.GraphPage(20150511-151946)" time="3.411">
    <error message="An unknown server-side error occurred while processing the command. (WARNING: The server did not provide any stacktrace information)&#10;Command duration or timeout: 571 milliseconds&#10;Build info: version: &apos;2.45.0&apos;, revision: &apos;5017cb8e7ca8e37638dc3091b2440b90a1d8686f&apos;, time: &apos;2015-02-27 09:10:26&apos;&#10;System info: host: &apos;N/A&apos;, ip: &apos;N/A&apos;, os.name: &apos;Mac OS X&apos;, os.arch: &apos;x86_64&apos;, os.version: &apos;10.10.3&apos;, java.version: &apos;1.7.0_55&apos;&#10;Session ID: 92ce2a7c86273f8268173bc50442bad5&#10;Driver info: io.appium.java_client.android.AndroidDriver&#10;Capabilities [{platform=ANDROID, acceptSslCerts=true, javascriptEnabled=true, browserName=chrome, chrome={}, rotatable=false, locationContextEnabled=true, mobileEmulationEnabled=false, version=42.0.2311.111, takesHeapSnapshot=true, cssSelectorsEnabled=true, databaseEnabled=false, handlesAlerts=true, browserConnectionEnabled=false, webStorageEnabled=true, nativeEvents=true, applicationCacheEnabled=false, takesScreenshot=true}]" type="org.openqa.selenium.WebDriverException"><![CDATA[org.openqa.selenium.WebDriverException: An unknown server-side error occurred while processing the command. (WARNING: The server did not provide any stacktrace information)
Command duration or timeout: 571 milliseconds
Build info: version: '2.45.0', revision: '5017cb8e7ca8e37638dc3091b2440b90a1d8686f', time: '2015-02-27 09:10:26'
System info: host: 'N/A', ip: 'N/A', os.name: 'Mac OS X', os.arch: 'x86_64', os.version: '10.10.3', java.version: '1.7.0_55'
Session ID: 92ce2a7c86273f8268173bc50442bad5
Driver info: io.appium.java_client.android.AndroidDriver
Capabilities [{platform=ANDROID, acceptSslCerts=true, javascriptEnabled=true, browserName=chrome, chrome={}, rotatable=false, locationContextEnabled=true, mobileEmulationEnabled=false, version=42.0.2311.111, takesHeapSnapshot=true, cssSelectorsEnabled=true, databaseEnabled=false, handlesAlerts=true, browserConnectionEnabled=false, webStorageEnabled=true, nativeEvents=true, applicationCacheEnabled=false, takesScreenshot=true}]
	at sun.reflect.NativeConstructorAccessorImpl.newInstance0(Native Method)
	at sun.reflect.NativeConstructorAccessorImpl.newInstance(NativeConstructorAccessorImpl.java:57)
	at sun.reflect.DelegatingConstructorAccessorImpl.newInstance(DelegatingConstructorAccessorImpl.java:45)
	at java.lang.reflect.Constructor.newInstance(Constructor.java:526)
	at org.openqa.selenium.remote.ErrorHandler.createThrowable(ErrorHandler.java:204)
	at org.openqa.selenium.remote.ErrorHandler.throwIfResponseFailed(ErrorHandler.java:156)
	at org.openqa.selenium.remote.RemoteWebDriver.execute(RemoteWebDriver.java:599)
	at io.appium.java_client.AppiumDriver.execute(AppiumDriver.java:180)
	at org.openqa.selenium.remote.RemoteWebElement.execute(RemoteWebElement.java:268)
	at org.openqa.selenium.remote.RemoteWebElement.click(RemoteWebElement.java:79)
	at se.redmind.rmtest.report.nav.BaseNav.getFirstSuiteSection(BaseNav.java:72)
	at se.redmind.rmtest.report.nav.GraphNav.getFirstSuiteSection(GraphNav.java:5)
	at se.redmind.rmtest.report.nav.GraphNav.navigate(GraphNav.java:20)
	at se.redmind.rmtest.report.nav.BaseNav.<init>(BaseNav.java:20)
	at se.redmind.rmtest.report.nav.GraphNav.<init>(GraphNav.java:12)
	at se.redmind.rmtest.report.tests.GraphPage.beforeTest(GraphPage.java:73)
]]></error>
  </testcase>
  <testcase name="test_SpecificationsDevice_CheckVersion[OSX_UNKNOWN_AnApple_chrome_UNKNOWN]" classname="se.redmind.rmtest.report.tests.GraphPage(20150511-151946)" time="1.9"/>
  <testcase name="test_ClearCheckBoxesVersion[Android_5.0.1_Nexus 9_Chrome_UNKNOWN]" classname="se.redmind.rmtest.report.tests.GraphPage(20150511-151946)" time="0.148"/>
  <testcase name="test_SpecificationsDevice_CheckPlatform[Android_4.4.3_HTC One_Chrome_UNKNOWN]" classname="se.redmind.rmtest.report.tests.GraphPage(20150511-151946)" time="2.717">
    <error message="An unknown server-side error occurred while processing the command. (WARNING: The server did not provide any stacktrace information)&#10;Command duration or timeout: 383 milliseconds&#10;Build info: version: &apos;2.45.0&apos;, revision: &apos;5017cb8e7ca8e37638dc3091b2440b90a1d8686f&apos;, time: &apos;2015-02-27 09:10:26&apos;&#10;System info: host: &apos;N/A&apos;, ip: &apos;N/A&apos;, os.name: &apos;Mac OS X&apos;, os.arch: &apos;x86_64&apos;, os.version: &apos;10.10.3&apos;, java.version: &apos;1.7.0_55&apos;&#10;Session ID: 92ce2a7c86273f8268173bc50442bad5&#10;Driver info: io.appium.java_client.android.AndroidDriver&#10;Capabilities [{platform=ANDROID, acceptSslCerts=true, javascriptEnabled=true, browserName=chrome, chrome={}, rotatable=false, locationContextEnabled=true, mobileEmulationEnabled=false, version=42.0.2311.111, takesHeapSnapshot=true, cssSelectorsEnabled=true, databaseEnabled=false, handlesAlerts=true, browserConnectionEnabled=false, webStorageEnabled=true, nativeEvents=true, applicationCacheEnabled=false, takesScreenshot=true}]" type="org.openqa.selenium.WebDriverException"><![CDATA[org.openqa.selenium.WebDriverException: An unknown server-side error occurred while processing the command. (WARNING: The server did not provide any stacktrace information)
Command duration or timeout: 383 milliseconds
Build info: version: '2.45.0', revision: '5017cb8e7ca8e37638dc3091b2440b90a1d8686f', time: '2015-02-27 09:10:26'
System info: host: 'N/A', ip: 'N/A', os.name: 'Mac OS X', os.arch: 'x86_64', os.version: '10.10.3', java.version: '1.7.0_55'
Session ID: 92ce2a7c86273f8268173bc50442bad5
Driver info: io.appium.java_client.android.AndroidDriver
Capabilities [{platform=ANDROID, acceptSslCerts=true, javascriptEnabled=true, browserName=chrome, chrome={}, rotatable=false, locationContextEnabled=true, mobileEmulationEnabled=false, version=42.0.2311.111, takesHeapSnapshot=true, cssSelectorsEnabled=true, databaseEnabled=false, handlesAlerts=true, browserConnectionEnabled=false, webStorageEnabled=true, nativeEvents=true, applicationCacheEnabled=false, takesScreenshot=true}]
	at sun.reflect.NativeConstructorAccessorImpl.newInstance0(Native Method)
	at sun.reflect.NativeConstructorAccessorImpl.newInstance(NativeConstructorAccessorImpl.java:57)
	at sun.reflect.DelegatingConstructorAccessorImpl.newInstance(DelegatingConstructorAccessorImpl.java:45)
	at java.lang.reflect.Constructor.newInstance(Constructor.java:526)
	at org.openqa.selenium.remote.ErrorHandler.createThrowable(ErrorHandler.java:204)
	at org.openqa.selenium.remote.ErrorHandler.throwIfResponseFailed(ErrorHandler.java:156)
	at org.openqa.selenium.remote.RemoteWebDriver.execute(RemoteWebDriver.java:599)
	at io.appium.java_client.AppiumDriver.execute(AppiumDriver.java:180)
	at org.openqa.selenium.remote.RemoteWebElement.execute(RemoteWebElement.java:268)
	at org.openqa.selenium.remote.RemoteWebElement.click(RemoteWebElement.java:79)
	at se.redmind.rmtest.report.nav.BaseNav.getFirstSuiteSection(BaseNav.java:72)
	at se.redmind.rmtest.report.nav.GraphNav.getFirstSuiteSection(GraphNav.java:5)
	at se.redmind.rmtest.report.nav.GraphNav.navigate(GraphNav.java:20)
	at se.redmind.rmtest.report.nav.BaseNav.<init>(BaseNav.java:20)
	at se.redmind.rmtest.report.nav.GraphNav.<init>(GraphNav.java:12)
	at se.redmind.rmtest.report.tests.GraphPage.beforeTest(GraphPage.java:73)
]]></error>
  </testcase>
  <testcase name="test_SpecificationsBrowser_CheckChrome[OSX_UNKNOWN_AnApple_chrome_UNKNOWN]" classname="se.redmind.rmtest.report.tests.GraphPage(20150511-151946)" time="1.226"/>
  <testcase name="test_ClearCheckBoxesVersion[OSX_UNKNOWN_AnApple_firefox_UNKNOWN]" classname="se.redmind.rmtest.report.tests.GraphPage(20150511-151946)" time="0.762"/>
  <testcase name="test_Specifications_Platform[Android_4.4.3_HTC One_Chrome_UNKNOWN]" classname="se.redmind.rmtest.report.tests.GraphPage(20150511-151946)" time="3.122">
    <error message="An unknown server-side error occurred while processing the command. (WARNING: The server did not provide any stacktrace information)&#10;Command duration or timeout: 342 milliseconds&#10;Build info: version: &apos;2.45.0&apos;, revision: &apos;5017cb8e7ca8e37638dc3091b2440b90a1d8686f&apos;, time: &apos;2015-02-27 09:10:26&apos;&#10;System info: host: &apos;N/A&apos;, ip: &apos;N/A&apos;, os.name: &apos;Mac OS X&apos;, os.arch: &apos;x86_64&apos;, os.version: &apos;10.10.3&apos;, java.version: &apos;1.7.0_55&apos;&#10;Session ID: 92ce2a7c86273f8268173bc50442bad5&#10;Driver info: io.appium.java_client.android.AndroidDriver&#10;Capabilities [{platform=ANDROID, acceptSslCerts=true, javascriptEnabled=true, browserName=chrome, chrome={}, rotatable=false, locationContextEnabled=true, mobileEmulationEnabled=false, version=42.0.2311.111, takesHeapSnapshot=true, cssSelectorsEnabled=true, databaseEnabled=false, handlesAlerts=true, browserConnectionEnabled=false, webStorageEnabled=true, nativeEvents=true, applicationCacheEnabled=false, takesScreenshot=true}]" type="org.openqa.selenium.WebDriverException"><![CDATA[org.openqa.selenium.WebDriverException: An unknown server-side error occurred while processing the command. (WARNING: The server did not provide any stacktrace information)
Command duration or timeout: 342 milliseconds
Build info: version: '2.45.0', revision: '5017cb8e7ca8e37638dc3091b2440b90a1d8686f', time: '2015-02-27 09:10:26'
System info: host: 'N/A', ip: 'N/A', os.name: 'Mac OS X', os.arch: 'x86_64', os.version: '10.10.3', java.version: '1.7.0_55'
Session ID: 92ce2a7c86273f8268173bc50442bad5
Driver info: io.appium.java_client.android.AndroidDriver
Capabilities [{platform=ANDROID, acceptSslCerts=true, javascriptEnabled=true, browserName=chrome, chrome={}, rotatable=false, locationContextEnabled=true, mobileEmulationEnabled=false, version=42.0.2311.111, takesHeapSnapshot=true, cssSelectorsEnabled=true, databaseEnabled=false, handlesAlerts=true, browserConnectionEnabled=false, webStorageEnabled=true, nativeEvents=true, applicationCacheEnabled=false, takesScreenshot=true}]
	at sun.reflect.GeneratedConstructorAccessor18.newInstance(Unknown Source)
	at sun.reflect.DelegatingConstructorAccessorImpl.newInstance(DelegatingConstructorAccessorImpl.java:45)
	at java.lang.reflect.Constructor.newInstance(Constructor.java:526)
	at org.openqa.selenium.remote.ErrorHandler.createThrowable(ErrorHandler.java:204)
	at org.openqa.selenium.remote.ErrorHandler.throwIfResponseFailed(ErrorHandler.java:156)
	at org.openqa.selenium.remote.RemoteWebDriver.execute(RemoteWebDriver.java:599)
	at io.appium.java_client.AppiumDriver.execute(AppiumDriver.java:180)
	at org.openqa.selenium.remote.RemoteWebElement.execute(RemoteWebElement.java:268)
	at org.openqa.selenium.remote.RemoteWebElement.click(RemoteWebElement.java:79)
	at se.redmind.rmtest.report.nav.BaseNav.getFirstSuiteSection(BaseNav.java:72)
	at se.redmind.rmtest.report.nav.GraphNav.getFirstSuiteSection(GraphNav.java:5)
	at se.redmind.rmtest.report.nav.GraphNav.navigate(GraphNav.java:20)
	at se.redmind.rmtest.report.nav.BaseNav.<init>(BaseNav.java:20)
	at se.redmind.rmtest.report.nav.GraphNav.<init>(GraphNav.java:12)
	at se.redmind.rmtest.report.tests.GraphPage.beforeTest(GraphPage.java:73)
]]></error>
  </testcase>
  <testcase name="test_filterOnGraph[OSX_UNKNOWN_AnApple_chrome_UNKNOWN]" classname="se.redmind.rmtest.report.tests.GraphPage(20150511-151946)" time="0.806"/>
  <testcase name="test_CreateALine[OSX_UNKNOWN_AnApple_chrome_UNKNOWN]" classname="se.redmind.rmtest.report.tests.GraphPage(20150511-151946)" time="3.143"/>
  <testcase name="test_TotalFailed[Android_4.4.3_HTC One_Chrome_UNKNOWN]" classname="se.redmind.rmtest.report.tests.GraphPage(20150511-151946)" time="0.928">
    <error message="An unknown server-side error occurred while processing the command. (WARNING: The server did not provide any stacktrace information)&#10;Command duration or timeout: 347 milliseconds&#10;Build info: version: &apos;2.45.0&apos;, revision: &apos;5017cb8e7ca8e37638dc3091b2440b90a1d8686f&apos;, time: &apos;2015-02-27 09:10:26&apos;&#10;System info: host: &apos;N/A&apos;, ip: &apos;N/A&apos;, os.name: &apos;Mac OS X&apos;, os.arch: &apos;x86_64&apos;, os.version: &apos;10.10.3&apos;, java.version: &apos;1.7.0_55&apos;&#10;Session ID: 92ce2a7c86273f8268173bc50442bad5&#10;Driver info: io.appium.java_client.android.AndroidDriver&#10;Capabilities [{platform=ANDROID, acceptSslCerts=true, javascriptEnabled=true, browserName=chrome, chrome={}, rotatable=false, locationContextEnabled=true, mobileEmulationEnabled=false, version=42.0.2311.111, takesHeapSnapshot=true, cssSelectorsEnabled=true, databaseEnabled=false, handlesAlerts=true, browserConnectionEnabled=false, webStorageEnabled=true, nativeEvents=true, applicationCacheEnabled=false, takesScreenshot=true}]" type="org.openqa.selenium.WebDriverException"><![CDATA[org.openqa.selenium.WebDriverException: An unknown server-side error occurred while processing the command. (WARNING: The server did not provide any stacktrace information)
Command duration or timeout: 347 milliseconds
Build info: version: '2.45.0', revision: '5017cb8e7ca8e37638dc3091b2440b90a1d8686f', time: '2015-02-27 09:10:26'
System info: host: 'N/A', ip: 'N/A', os.name: 'Mac OS X', os.arch: 'x86_64', os.version: '10.10.3', java.version: '1.7.0_55'
Session ID: 92ce2a7c86273f8268173bc50442bad5
Driver info: io.appium.java_client.android.AndroidDriver
Capabilities [{platform=ANDROID, acceptSslCerts=true, javascriptEnabled=true, browserName=chrome, chrome={}, rotatable=false, locationContextEnabled=true, mobileEmulationEnabled=false, version=42.0.2311.111, takesHeapSnapshot=true, cssSelectorsEnabled=true, databaseEnabled=false, handlesAlerts=true, browserConnectionEnabled=false, webStorageEnabled=true, nativeEvents=true, applicationCacheEnabled=false, takesScreenshot=true}]
	at sun.reflect.GeneratedConstructorAccessor18.newInstance(Unknown Source)
	at sun.reflect.DelegatingConstructorAccessorImpl.newInstance(DelegatingConstructorAccessorImpl.java:45)
	at java.lang.reflect.Constructor.newInstance(Constructor.java:526)
	at org.openqa.selenium.remote.ErrorHandler.createThrowable(ErrorHandler.java:204)
	at org.openqa.selenium.remote.ErrorHandler.throwIfResponseFailed(ErrorHandler.java:156)
	at org.openqa.selenium.remote.RemoteWebDriver.execute(RemoteWebDriver.java:599)
	at io.appium.java_client.AppiumDriver.execute(AppiumDriver.java:180)
	at org.openqa.selenium.remote.RemoteWebElement.execute(RemoteWebElement.java:268)
	at org.openqa.selenium.remote.RemoteWebElement.click(RemoteWebElement.java:79)
	at se.redmind.rmtest.report.nav.BaseNav.getFirstSuiteSection(BaseNav.java:72)
	at se.redmind.rmtest.report.nav.GraphNav.getFirstSuiteSection(GraphNav.java:5)
	at se.redmind.rmtest.report.nav.GraphNav.navigate(GraphNav.java:20)
	at se.redmind.rmtest.report.nav.BaseNav.<init>(BaseNav.java:20)
	at se.redmind.rmtest.report.nav.GraphNav.<init>(GraphNav.java:12)
	at se.redmind.rmtest.report.tests.GraphPage.beforeTest(GraphPage.java:73)
]]></error>
  </testcase>
  <testcase name="test_BreakOnBrowser[OSX_UNKNOWN_AnApple_chrome_UNKNOWN]" classname="se.redmind.rmtest.report.tests.GraphPage(20150511-151946)" time="3.129"/>
  <testcase name="test_BreakOnPlatform[Android_4.4.3_HTC One_Chrome_UNKNOWN]" classname="se.redmind.rmtest.report.tests.GraphPage(20150511-151946)" time="1.655">
    <error message="An unknown server-side error occurred while processing the command. (WARNING: The server did not provide any stacktrace information)&#10;Command duration or timeout: 336 milliseconds&#10;Build info: version: &apos;2.45.0&apos;, revision: &apos;5017cb8e7ca8e37638dc3091b2440b90a1d8686f&apos;, time: &apos;2015-02-27 09:10:26&apos;&#10;System info: host: &apos;N/A&apos;, ip: &apos;N/A&apos;, os.name: &apos;Mac OS X&apos;, os.arch: &apos;x86_64&apos;, os.version: &apos;10.10.3&apos;, java.version: &apos;1.7.0_55&apos;&#10;Session ID: 92ce2a7c86273f8268173bc50442bad5&#10;Driver info: io.appium.java_client.android.AndroidDriver&#10;Capabilities [{platform=ANDROID, acceptSslCerts=true, javascriptEnabled=true, browserName=chrome, chrome={}, rotatable=false, locationContextEnabled=true, mobileEmulationEnabled=false, version=42.0.2311.111, takesHeapSnapshot=true, cssSelectorsEnabled=true, databaseEnabled=false, handlesAlerts=true, browserConnectionEnabled=false, webStorageEnabled=true, nativeEvents=true, applicationCacheEnabled=false, takesScreenshot=true}]" type="org.openqa.selenium.WebDriverException"><![CDATA[org.openqa.selenium.WebDriverException: An unknown server-side error occurred while processing the command. (WARNING: The server did not provide any stacktrace information)
Command duration or timeout: 336 milliseconds
Build info: version: '2.45.0', revision: '5017cb8e7ca8e37638dc3091b2440b90a1d8686f', time: '2015-02-27 09:10:26'
System info: host: 'N/A', ip: 'N/A', os.name: 'Mac OS X', os.arch: 'x86_64', os.version: '10.10.3', java.version: '1.7.0_55'
Session ID: 92ce2a7c86273f8268173bc50442bad5
Driver info: io.appium.java_client.android.AndroidDriver
Capabilities [{platform=ANDROID, acceptSslCerts=true, javascriptEnabled=true, browserName=chrome, chrome={}, rotatable=false, locationContextEnabled=true, mobileEmulationEnabled=false, version=42.0.2311.111, takesHeapSnapshot=true, cssSelectorsEnabled=true, databaseEnabled=false, handlesAlerts=true, browserConnectionEnabled=false, webStorageEnabled=true, nativeEvents=true, applicationCacheEnabled=false, takesScreenshot=true}]
	at sun.reflect.GeneratedConstructorAccessor18.newInstance(Unknown Source)
	at sun.reflect.DelegatingConstructorAccessorImpl.newInstance(DelegatingConstructorAccessorImpl.java:45)
	at java.lang.reflect.Constructor.newInstance(Constructor.java:526)
	at org.openqa.selenium.remote.ErrorHandler.createThrowable(ErrorHandler.java:204)
	at org.openqa.selenium.remote.ErrorHandler.throwIfResponseFailed(ErrorHandler.java:156)
	at org.openqa.selenium.remote.RemoteWebDriver.execute(RemoteWebDriver.java:599)
	at io.appium.java_client.AppiumDriver.execute(AppiumDriver.java:180)
	at org.openqa.selenium.remote.RemoteWebElement.execute(RemoteWebElement.java:268)
	at org.openqa.selenium.remote.RemoteWebElement.click(RemoteWebElement.java:79)
	at se.redmind.rmtest.report.nav.BaseNav.getFirstSuiteSection(BaseNav.java:72)
	at se.redmind.rmtest.report.nav.GraphNav.getFirstSuiteSection(GraphNav.java:5)
	at se.redmind.rmtest.report.nav.GraphNav.navigate(GraphNav.java:20)
	at se.redmind.rmtest.report.nav.BaseNav.<init>(BaseNav.java:20)
	at se.redmind.rmtest.report.nav.GraphNav.<init>(GraphNav.java:12)
	at se.redmind.rmtest.report.tests.GraphPage.beforeTest(GraphPage.java:73)
]]></error>
  </testcase>
  <testcase name="test_TotalPass[OSX_UNKNOWN_AnApple_chrome_UNKNOWN]" classname="se.redmind.rmtest.report.tests.GraphPage(20150511-151946)" time="2.023"/>
  <testcase name="test_BreakOnDevice[Android_4.4.3_HTC One_Chrome_UNKNOWN]" classname="se.redmind.rmtest.report.tests.GraphPage(20150511-151946)" time="3.058">
    <error message="An unknown server-side error occurred while processing the command. (WARNING: The server did not provide any stacktrace information)&#10;Command duration or timeout: 367 milliseconds&#10;Build info: version: &apos;2.45.0&apos;, revision: &apos;5017cb8e7ca8e37638dc3091b2440b90a1d8686f&apos;, time: &apos;2015-02-27 09:10:26&apos;&#10;System info: host: &apos;N/A&apos;, ip: &apos;N/A&apos;, os.name: &apos;Mac OS X&apos;, os.arch: &apos;x86_64&apos;, os.version: &apos;10.10.3&apos;, java.version: &apos;1.7.0_55&apos;&#10;Session ID: 92ce2a7c86273f8268173bc50442bad5&#10;Driver info: io.appium.java_client.android.AndroidDriver&#10;Capabilities [{platform=ANDROID, acceptSslCerts=true, javascriptEnabled=true, browserName=chrome, chrome={}, rotatable=false, locationContextEnabled=true, mobileEmulationEnabled=false, version=42.0.2311.111, takesHeapSnapshot=true, cssSelectorsEnabled=true, databaseEnabled=false, handlesAlerts=true, browserConnectionEnabled=false, webStorageEnabled=true, nativeEvents=true, applicationCacheEnabled=false, takesScreenshot=true}]" type="org.openqa.selenium.WebDriverException"><![CDATA[org.openqa.selenium.WebDriverException: An unknown server-side error occurred while processing the command. (WARNING: The server did not provide any stacktrace information)
Command duration or timeout: 367 milliseconds
Build info: version: '2.45.0', revision: '5017cb8e7ca8e37638dc3091b2440b90a1d8686f', time: '2015-02-27 09:10:26'
System info: host: 'N/A', ip: 'N/A', os.name: 'Mac OS X', os.arch: 'x86_64', os.version: '10.10.3', java.version: '1.7.0_55'
Session ID: 92ce2a7c86273f8268173bc50442bad5
Driver info: io.appium.java_client.android.AndroidDriver
Capabilities [{platform=ANDROID, acceptSslCerts=true, javascriptEnabled=true, browserName=chrome, chrome={}, rotatable=false, locationContextEnabled=true, mobileEmulationEnabled=false, version=42.0.2311.111, takesHeapSnapshot=true, cssSelectorsEnabled=true, databaseEnabled=false, handlesAlerts=true, browserConnectionEnabled=false, webStorageEnabled=true, nativeEvents=true, applicationCacheEnabled=false, takesScreenshot=true}]
	at sun.reflect.GeneratedConstructorAccessor18.newInstance(Unknown Source)
	at sun.reflect.DelegatingConstructorAccessorImpl.newInstance(DelegatingConstructorAccessorImpl.java:45)
	at java.lang.reflect.Constructor.newInstance(Constructor.java:526)
	at org.openqa.selenium.remote.ErrorHandler.createThrowable(ErrorHandler.java:204)
	at org.openqa.selenium.remote.ErrorHandler.throwIfResponseFailed(ErrorHandler.java:156)
	at org.openqa.selenium.remote.RemoteWebDriver.execute(RemoteWebDriver.java:599)
	at io.appium.java_client.AppiumDriver.execute(AppiumDriver.java:180)
	at org.openqa.selenium.remote.RemoteWebElement.execute(RemoteWebElement.java:268)
	at org.openqa.selenium.remote.RemoteWebElement.click(RemoteWebElement.java:79)
	at se.redmind.rmtest.report.nav.BaseNav.getFirstSuiteSection(BaseNav.java:72)
	at se.redmind.rmtest.report.nav.GraphNav.getFirstSuiteSection(GraphNav.java:5)
	at se.redmind.rmtest.report.nav.GraphNav.navigate(GraphNav.java:20)
	at se.redmind.rmtest.report.nav.BaseNav.<init>(BaseNav.java:20)
	at se.redmind.rmtest.report.nav.GraphNav.<init>(GraphNav.java:12)
	at se.redmind.rmtest.report.tests.GraphPage.beforeTest(GraphPage.java:73)
]]></error>
  </testcase>
  <testcase name="test_RemoveALine[OSX_UNKNOWN_AnApple_chrome_UNKNOWN]" classname="se.redmind.rmtest.report.tests.GraphPage(20150511-151946)" time="1.981"/>
  <testcase name="test_SpecificationsDevice_CheckVersion[Android_4.4.3_HTC One_Chrome_UNKNOWN]" classname="se.redmind.rmtest.report.tests.GraphPage(20150511-151946)" time="2.76">
    <error message="An unknown server-side error occurred while processing the command. (WARNING: The server did not provide any stacktrace information)&#10;Command duration or timeout: 396 milliseconds&#10;Build info: version: &apos;2.45.0&apos;, revision: &apos;5017cb8e7ca8e37638dc3091b2440b90a1d8686f&apos;, time: &apos;2015-02-27 09:10:26&apos;&#10;System info: host: &apos;N/A&apos;, ip: &apos;N/A&apos;, os.name: &apos;Mac OS X&apos;, os.arch: &apos;x86_64&apos;, os.version: &apos;10.10.3&apos;, java.version: &apos;1.7.0_55&apos;&#10;Session ID: 92ce2a7c86273f8268173bc50442bad5&#10;Driver info: io.appium.java_client.android.AndroidDriver&#10;Capabilities [{platform=ANDROID, acceptSslCerts=true, javascriptEnabled=true, browserName=chrome, chrome={}, rotatable=false, locationContextEnabled=true, mobileEmulationEnabled=false, version=42.0.2311.111, takesHeapSnapshot=true, cssSelectorsEnabled=true, databaseEnabled=false, handlesAlerts=true, browserConnectionEnabled=false, webStorageEnabled=true, nativeEvents=true, applicationCacheEnabled=false, takesScreenshot=true}]" type="org.openqa.selenium.WebDriverException"><![CDATA[org.openqa.selenium.WebDriverException: An unknown server-side error occurred while processing the command. (WARNING: The server did not provide any stacktrace information)
Command duration or timeout: 396 milliseconds
Build info: version: '2.45.0', revision: '5017cb8e7ca8e37638dc3091b2440b90a1d8686f', time: '2015-02-27 09:10:26'
System info: host: 'N/A', ip: 'N/A', os.name: 'Mac OS X', os.arch: 'x86_64', os.version: '10.10.3', java.version: '1.7.0_55'
Session ID: 92ce2a7c86273f8268173bc50442bad5
Driver info: io.appium.java_client.android.AndroidDriver
Capabilities [{platform=ANDROID, acceptSslCerts=true, javascriptEnabled=true, browserName=chrome, chrome={}, rotatable=false, locationContextEnabled=true, mobileEmulationEnabled=false, version=42.0.2311.111, takesHeapSnapshot=true, cssSelectorsEnabled=true, databaseEnabled=false, handlesAlerts=true, browserConnectionEnabled=false, webStorageEnabled=true, nativeEvents=true, applicationCacheEnabled=false, takesScreenshot=true}]
	at sun.reflect.GeneratedConstructorAccessor18.newInstance(Unknown Source)
	at sun.reflect.DelegatingConstructorAccessorImpl.newInstance(DelegatingConstructorAccessorImpl.java:45)
	at java.lang.reflect.Constructor.newInstance(Constructor.java:526)
	at org.openqa.selenium.remote.ErrorHandler.createThrowable(ErrorHandler.java:204)
	at org.openqa.selenium.remote.ErrorHandler.throwIfResponseFailed(ErrorHandler.java:156)
	at org.openqa.selenium.remote.RemoteWebDriver.execute(RemoteWebDriver.java:599)
	at io.appium.java_client.AppiumDriver.execute(AppiumDriver.java:180)
	at org.openqa.selenium.remote.RemoteWebElement.execute(RemoteWebElement.java:268)
	at org.openqa.selenium.remote.RemoteWebElement.click(RemoteWebElement.java:79)
	at se.redmind.rmtest.report.nav.BaseNav.getFirstSuiteSection(BaseNav.java:72)
	at se.redmind.rmtest.report.nav.GraphNav.getFirstSuiteSection(GraphNav.java:5)
	at se.redmind.rmtest.report.nav.GraphNav.navigate(GraphNav.java:20)
	at se.redmind.rmtest.report.nav.BaseNav.<init>(BaseNav.java:20)
	at se.redmind.rmtest.report.nav.GraphNav.<init>(GraphNav.java:12)
	at se.redmind.rmtest.report.tests.GraphPage.beforeTest(GraphPage.java:73)
]]></error>
  </testcase>
  <testcase name="test_clickLegendListUpButton[Android_5.0.1_Nexus 9_Chrome_UNKNOWN]" classname="se.redmind.rmtest.report.tests.GraphPage(20150511-151946)" time="0.681"/>
  <testcase name="test_changeRunLimit_10[OSX_UNKNOWN_AnApple_chrome_UNKNOWN]" classname="se.redmind.rmtest.report.tests.GraphPage(20150511-151946)" time="0.277"/>
  <testcase name="test_clickLegendListUpButton[OSX_UNKNOWN_AnApple_firefox_UNKNOWN]" classname="se.redmind.rmtest.report.tests.GraphPage(20150511-151946)" time="2.224"/>
  <testcase name="test_changeRunLimit_20[OSX_UNKNOWN_AnApple_chrome_UNKNOWN]" classname="se.redmind.rmtest.report.tests.GraphPage(20150511-151946)" time="1.503"/>
  <testcase name="test_SpecificationsBrowser_CheckChrome[Android_4.4.3_HTC One_Chrome_UNKNOWN]" classname="se.redmind.rmtest.report.tests.GraphPage(20150511-151946)" time="0.403">
    <error message="An unknown server-side error occurred while processing the command. (WARNING: The server did not provide any stacktrace information)&#10;Command duration or timeout: 320 milliseconds&#10;Build info: version: &apos;2.45.0&apos;, revision: &apos;5017cb8e7ca8e37638dc3091b2440b90a1d8686f&apos;, time: &apos;2015-02-27 09:10:26&apos;&#10;System info: host: &apos;N/A&apos;, ip: &apos;N/A&apos;, os.name: &apos;Mac OS X&apos;, os.arch: &apos;x86_64&apos;, os.version: &apos;10.10.3&apos;, java.version: &apos;1.7.0_55&apos;&#10;Session ID: 92ce2a7c86273f8268173bc50442bad5&#10;Driver info: io.appium.java_client.android.AndroidDriver&#10;Capabilities [{platform=ANDROID, acceptSslCerts=true, javascriptEnabled=true, browserName=chrome, chrome={}, rotatable=false, locationContextEnabled=true, mobileEmulationEnabled=false, version=42.0.2311.111, takesHeapSnapshot=true, cssSelectorsEnabled=true, databaseEnabled=false, handlesAlerts=true, browserConnectionEnabled=false, webStorageEnabled=true, nativeEvents=true, applicationCacheEnabled=false, takesScreenshot=true}]" type="org.openqa.selenium.WebDriverException"><![CDATA[org.openqa.selenium.WebDriverException: An unknown server-side error occurred while processing the command. (WARNING: The server did not provide any stacktrace information)
Command duration or timeout: 320 milliseconds
Build info: version: '2.45.0', revision: '5017cb8e7ca8e37638dc3091b2440b90a1d8686f', time: '2015-02-27 09:10:26'
System info: host: 'N/A', ip: 'N/A', os.name: 'Mac OS X', os.arch: 'x86_64', os.version: '10.10.3', java.version: '1.7.0_55'
Session ID: 92ce2a7c86273f8268173bc50442bad5
Driver info: io.appium.java_client.android.AndroidDriver
Capabilities [{platform=ANDROID, acceptSslCerts=true, javascriptEnabled=true, browserName=chrome, chrome={}, rotatable=false, locationContextEnabled=true, mobileEmulationEnabled=false, version=42.0.2311.111, takesHeapSnapshot=true, cssSelectorsEnabled=true, databaseEnabled=false, handlesAlerts=true, browserConnectionEnabled=false, webStorageEnabled=true, nativeEvents=true, applicationCacheEnabled=false, takesScreenshot=true}]
	at sun.reflect.GeneratedConstructorAccessor18.newInstance(Unknown Source)
	at sun.reflect.DelegatingConstructorAccessorImpl.newInstance(DelegatingConstructorAccessorImpl.java:45)
	at java.lang.reflect.Constructor.newInstance(Constructor.java:526)
	at org.openqa.selenium.remote.ErrorHandler.createThrowable(ErrorHandler.java:204)
	at org.openqa.selenium.remote.ErrorHandler.throwIfResponseFailed(ErrorHandler.java:156)
	at org.openqa.selenium.remote.RemoteWebDriver.execute(RemoteWebDriver.java:599)
	at io.appium.java_client.AppiumDriver.execute(AppiumDriver.java:180)
	at org.openqa.selenium.remote.RemoteWebElement.execute(RemoteWebElement.java:268)
	at org.openqa.selenium.remote.RemoteWebElement.click(RemoteWebElement.java:79)
	at se.redmind.rmtest.report.nav.BaseNav.getFirstSuiteSection(BaseNav.java:72)
	at se.redmind.rmtest.report.nav.GraphNav.getFirstSuiteSection(GraphNav.java:5)
	at se.redmind.rmtest.report.nav.GraphNav.navigate(GraphNav.java:20)
	at se.redmind.rmtest.report.nav.BaseNav.<init>(BaseNav.java:20)
	at se.redmind.rmtest.report.nav.GraphNav.<init>(GraphNav.java:12)
	at se.redmind.rmtest.report.tests.GraphPage.beforeTest(GraphPage.java:73)
]]></error>
  </testcase>
  <testcase name="test_changeRunLimit_50[OSX_UNKNOWN_AnApple_chrome_UNKNOWN]" classname="se.redmind.rmtest.report.tests.GraphPage(20150511-151946)" time="4.377"/>
  <testcase name="test_Specifications_PlatformVersion[Android_5.0.1_Nexus 9_Chrome_UNKNOWN]" classname="se.redmind.rmtest.report.tests.GraphPage(20150511-151946)" time="0.289"/>
  <testcase name="test_filterOnGraph[Android_4.4.3_HTC One_Chrome_UNKNOWN]" classname="se.redmind.rmtest.report.tests.GraphPage(20150511-151946)" time="0.178">
    <error message="An unknown server-side error occurred while processing the command. (WARNING: The server did not provide any stacktrace information)&#10;Command duration or timeout: 392 milliseconds&#10;Build info: version: &apos;2.45.0&apos;, revision: &apos;5017cb8e7ca8e37638dc3091b2440b90a1d8686f&apos;, time: &apos;2015-02-27 09:10:26&apos;&#10;System info: host: &apos;N/A&apos;, ip: &apos;N/A&apos;, os.name: &apos;Mac OS X&apos;, os.arch: &apos;x86_64&apos;, os.version: &apos;10.10.3&apos;, java.version: &apos;1.7.0_55&apos;&#10;Session ID: 92ce2a7c86273f8268173bc50442bad5&#10;Driver info: io.appium.java_client.android.AndroidDriver&#10;Capabilities [{platform=ANDROID, acceptSslCerts=true, javascriptEnabled=true, browserName=chrome, chrome={}, rotatable=false, locationContextEnabled=true, mobileEmulationEnabled=false, version=42.0.2311.111, takesHeapSnapshot=true, cssSelectorsEnabled=true, databaseEnabled=false, handlesAlerts=true, browserConnectionEnabled=false, webStorageEnabled=true, nativeEvents=true, applicationCacheEnabled=false, takesScreenshot=true}]" type="org.openqa.selenium.WebDriverException"><![CDATA[org.openqa.selenium.WebDriverException: An unknown server-side error occurred while processing the command. (WARNING: The server did not provide any stacktrace information)
Command duration or timeout: 392 milliseconds
Build info: version: '2.45.0', revision: '5017cb8e7ca8e37638dc3091b2440b90a1d8686f', time: '2015-02-27 09:10:26'
System info: host: 'N/A', ip: 'N/A', os.name: 'Mac OS X', os.arch: 'x86_64', os.version: '10.10.3', java.version: '1.7.0_55'
Session ID: 92ce2a7c86273f8268173bc50442bad5
Driver info: io.appium.java_client.android.AndroidDriver
Capabilities [{platform=ANDROID, acceptSslCerts=true, javascriptEnabled=true, browserName=chrome, chrome={}, rotatable=false, locationContextEnabled=true, mobileEmulationEnabled=false, version=42.0.2311.111, takesHeapSnapshot=true, cssSelectorsEnabled=true, databaseEnabled=false, handlesAlerts=true, browserConnectionEnabled=false, webStorageEnabled=true, nativeEvents=true, applicationCacheEnabled=false, takesScreenshot=true}]
	at sun.reflect.GeneratedConstructorAccessor18.newInstance(Unknown Source)
	at sun.reflect.DelegatingConstructorAccessorImpl.newInstance(DelegatingConstructorAccessorImpl.java:45)
	at java.lang.reflect.Constructor.newInstance(Constructor.java:526)
	at org.openqa.selenium.remote.ErrorHandler.createThrowable(ErrorHandler.java:204)
	at org.openqa.selenium.remote.ErrorHandler.throwIfResponseFailed(ErrorHandler.java:156)
	at org.openqa.selenium.remote.RemoteWebDriver.execute(RemoteWebDriver.java:599)
	at io.appium.java_client.AppiumDriver.execute(AppiumDriver.java:180)
	at org.openqa.selenium.remote.RemoteWebElement.execute(RemoteWebElement.java:268)
	at org.openqa.selenium.remote.RemoteWebElement.click(RemoteWebElement.java:79)
	at se.redmind.rmtest.report.nav.BaseNav.getFirstSuiteSection(BaseNav.java:72)
	at se.redmind.rmtest.report.nav.GraphNav.getFirstSuiteSection(GraphNav.java:5)
	at se.redmind.rmtest.report.nav.GraphNav.navigate(GraphNav.java:20)
	at se.redmind.rmtest.report.nav.BaseNav.<init>(BaseNav.java:20)
	at se.redmind.rmtest.report.nav.GraphNav.<init>(GraphNav.java:12)
	at se.redmind.rmtest.report.tests.GraphPage.beforeTest(GraphPage.java:73)
]]></error>
  </testcase>
  <testcase name="test_Specifications_PlatformVersion[OSX_UNKNOWN_AnApple_firefox_UNKNOWN]" classname="se.redmind.rmtest.report.tests.GraphPage(20150511-151946)" time="3.518"/>
  <testcase name="test_BreakOnVersion[OSX_UNKNOWN_AnApple_chrome_UNKNOWN]" classname="se.redmind.rmtest.report.tests.GraphPage(20150511-151946)" time="0.03"/>
  <testcase name="test_CreateALine[Android_4.4.3_HTC One_Chrome_UNKNOWN]" classname="se.redmind.rmtest.report.tests.GraphPage(20150511-151946)" time="1.288">
    <error message="An unknown server-side error occurred while processing the command. (WARNING: The server did not provide any stacktrace information)&#10;Command duration or timeout: 407 milliseconds&#10;Build info: version: &apos;2.45.0&apos;, revision: &apos;5017cb8e7ca8e37638dc3091b2440b90a1d8686f&apos;, time: &apos;2015-02-27 09:10:26&apos;&#10;System info: host: &apos;N/A&apos;, ip: &apos;N/A&apos;, os.name: &apos;Mac OS X&apos;, os.arch: &apos;x86_64&apos;, os.version: &apos;10.10.3&apos;, java.version: &apos;1.7.0_55&apos;&#10;Session ID: 92ce2a7c86273f8268173bc50442bad5&#10;Driver info: io.appium.java_client.android.AndroidDriver&#10;Capabilities [{platform=ANDROID, acceptSslCerts=true, javascriptEnabled=true, browserName=chrome, chrome={}, rotatable=false, locationContextEnabled=true, mobileEmulationEnabled=false, version=42.0.2311.111, takesHeapSnapshot=true, cssSelectorsEnabled=true, databaseEnabled=false, handlesAlerts=true, browserConnectionEnabled=false, webStorageEnabled=true, nativeEvents=true, applicationCacheEnabled=false, takesScreenshot=true}]" type="org.openqa.selenium.WebDriverException"><![CDATA[org.openqa.selenium.WebDriverException: An unknown server-side error occurred while processing the command. (WARNING: The server did not provide any stacktrace information)
Command duration or timeout: 407 milliseconds
Build info: version: '2.45.0', revision: '5017cb8e7ca8e37638dc3091b2440b90a1d8686f', time: '2015-02-27 09:10:26'
System info: host: 'N/A', ip: 'N/A', os.name: 'Mac OS X', os.arch: 'x86_64', os.version: '10.10.3', java.version: '1.7.0_55'
Session ID: 92ce2a7c86273f8268173bc50442bad5
Driver info: io.appium.java_client.android.AndroidDriver
Capabilities [{platform=ANDROID, acceptSslCerts=true, javascriptEnabled=true, browserName=chrome, chrome={}, rotatable=false, locationContextEnabled=true, mobileEmulationEnabled=false, version=42.0.2311.111, takesHeapSnapshot=true, cssSelectorsEnabled=true, databaseEnabled=false, handlesAlerts=true, browserConnectionEnabled=false, webStorageEnabled=true, nativeEvents=true, applicationCacheEnabled=false, takesScreenshot=true}]
	at sun.reflect.GeneratedConstructorAccessor18.newInstance(Unknown Source)
	at sun.reflect.DelegatingConstructorAccessorImpl.newInstance(DelegatingConstructorAccessorImpl.java:45)
	at java.lang.reflect.Constructor.newInstance(Constructor.java:526)
	at org.openqa.selenium.remote.ErrorHandler.createThrowable(ErrorHandler.java:204)
	at org.openqa.selenium.remote.ErrorHandler.throwIfResponseFailed(ErrorHandler.java:156)
	at org.openqa.selenium.remote.RemoteWebDriver.execute(RemoteWebDriver.java:599)
	at io.appium.java_client.AppiumDriver.execute(AppiumDriver.java:180)
	at org.openqa.selenium.remote.RemoteWebElement.execute(RemoteWebElement.java:268)
	at org.openqa.selenium.remote.RemoteWebElement.click(RemoteWebElement.java:79)
	at se.redmind.rmtest.report.nav.BaseNav.getFirstSuiteSection(BaseNav.java:72)
	at se.redmind.rmtest.report.nav.GraphNav.getFirstSuiteSection(GraphNav.java:5)
	at se.redmind.rmtest.report.nav.GraphNav.navigate(GraphNav.java:20)
	at se.redmind.rmtest.report.nav.BaseNav.<init>(BaseNav.java:20)
	at se.redmind.rmtest.report.nav.GraphNav.<init>(GraphNav.java:12)
	at se.redmind.rmtest.report.tests.GraphPage.beforeTest(GraphPage.java:73)
]]></error>
  </testcase>
  <testcase name="test_ChooseTimeStampFromDropDrown[Android_5.0.1_Nexus 9_Chrome_UNKNOWN]" classname="se.redmind.rmtest.report.tests.GraphPage(20150511-151946)" time="0.08">
    <error message="An element command could not be completed because the element is not visible on the page. (WARNING: The server did not provide any stacktrace information)&#10;Command duration or timeout: 72 milliseconds&#10;Build info: version: &apos;2.45.0&apos;, revision: &apos;5017cb8e7ca8e37638dc3091b2440b90a1d8686f&apos;, time: &apos;2015-02-27 09:10:26&apos;&#10;System info: host: &apos;N/A&apos;, ip: &apos;N/A&apos;, os.name: &apos;Mac OS X&apos;, os.arch: &apos;x86_64&apos;, os.version: &apos;10.10.3&apos;, java.version: &apos;1.7.0_55&apos;&#10;Session ID: e0aa142dda0be9f206b2412ecf585824&#10;Driver info: io.appium.java_client.android.AndroidDriver&#10;Capabilities [{platform=ANDROID, acceptSslCerts=true, javascriptEnabled=true, browserName=chrome, chrome={}, rotatable=false, locationContextEnabled=true, mobileEmulationEnabled=false, version=42.0.2311.111, takesHeapSnapshot=true, cssSelectorsEnabled=true, databaseEnabled=false, handlesAlerts=true, browserConnectionEnabled=false, webStorageEnabled=true, nativeEvents=true, applicationCacheEnabled=false, takesScreenshot=true}]" type="org.openqa.selenium.ElementNotVisibleException">org.openqa.selenium.ElementNotVisibleException: An element command could not be completed because the element is not visible on the page. (WARNING: The server did not provide any stacktrace information)
Command duration or timeout: 72 milliseconds
Build info: version: '2.45.0', revision: '5017cb8e7ca8e37638dc3091b2440b90a1d8686f', time: '2015-02-27 09:10:26'
System info: host: 'N/A', ip: 'N/A', os.name: 'Mac OS X', os.arch: 'x86_64', os.version: '10.10.3', java.version: '1.7.0_55'
Session ID: e0aa142dda0be9f206b2412ecf585824
Driver info: io.appium.java_client.android.AndroidDriver
Capabilities [{platform=ANDROID, acceptSslCerts=true, javascriptEnabled=true, browserName=chrome, chrome={}, rotatable=false, locationContextEnabled=true, mobileEmulationEnabled=false, version=42.0.2311.111, takesHeapSnapshot=true, cssSelectorsEnabled=true, databaseEnabled=false, handlesAlerts=true, browserConnectionEnabled=false, webStorageEnabled=true, nativeEvents=true, applicationCacheEnabled=false, takesScreenshot=true}]
	at sun.reflect.NativeConstructorAccessorImpl.newInstance0(Native Method)
	at sun.reflect.NativeConstructorAccessorImpl.newInstance(NativeConstructorAccessorImpl.java:57)
	at sun.reflect.DelegatingConstructorAccessorImpl.newInstance(DelegatingConstructorAccessorImpl.java:45)
	at java.lang.reflect.Constructor.newInstance(Constructor.java:526)
	at org.openqa.selenium.remote.ErrorHandler.createThrowable(ErrorHandler.java:204)
	at org.openqa.selenium.remote.ErrorHandler.throwIfResponseFailed(ErrorHandler.java:156)
	at org.openqa.selenium.remote.RemoteWebDriver.execute(RemoteWebDriver.java:599)
	at io.appium.java_client.AppiumDriver.execute(AppiumDriver.java:180)
	at org.openqa.selenium.remote.RemoteWebElement.execute(RemoteWebElement.java:268)
	at org.openqa.selenium.remote.RemoteWebElement.click(RemoteWebElement.java:79)
	at se.redmind.rmtest.report.nav.BaseNav.chooseTimestampFromDropdown(BaseNav.java:61)
	at se.redmind.rmtest.report.nav.GraphNav.chooseTimestampFromDropdown(GraphNav.java:5)
	at se.redmind.rmtest.report.tests.GraphPage.test_ChooseTimeStampFromDropDrown(GraphPage.java:368)
</error>
  </testcase>
  <testcase name="test_ChooseTimeStampFromDropDrown[OSX_UNKNOWN_AnApple_firefox_UNKNOWN]" classname="se.redmind.rmtest.report.tests.GraphPage(20150511-151946)" time="3.565"/>
  <testcase name="test_Specifications_CheckDeviceGetPlatform[OSX_UNKNOWN_AnApple_chrome_UNKNOWN]" classname="se.redmind.rmtest.report.tests.GraphPage(20150511-151946)" time="0.09"/>
  <testcase name="test_BreakOnBrowser[Android_4.4.3_HTC One_Chrome_UNKNOWN]" classname="se.redmind.rmtest.report.tests.GraphPage(20150511-151946)" time="1.481">
    <error message="An unknown server-side error occurred while processing the command. (WARNING: The server did not provide any stacktrace information)&#10;Command duration or timeout: 280 milliseconds&#10;Build info: version: &apos;2.45.0&apos;, revision: &apos;5017cb8e7ca8e37638dc3091b2440b90a1d8686f&apos;, time: &apos;2015-02-27 09:10:26&apos;&#10;System info: host: &apos;N/A&apos;, ip: &apos;N/A&apos;, os.name: &apos;Mac OS X&apos;, os.arch: &apos;x86_64&apos;, os.version: &apos;10.10.3&apos;, java.version: &apos;1.7.0_55&apos;&#10;Session ID: 92ce2a7c86273f8268173bc50442bad5&#10;Driver info: io.appium.java_client.android.AndroidDriver&#10;Capabilities [{platform=ANDROID, acceptSslCerts=true, javascriptEnabled=true, browserName=chrome, chrome={}, rotatable=false, locationContextEnabled=true, mobileEmulationEnabled=false, version=42.0.2311.111, takesHeapSnapshot=true, cssSelectorsEnabled=true, databaseEnabled=false, handlesAlerts=true, browserConnectionEnabled=false, webStorageEnabled=true, nativeEvents=true, applicationCacheEnabled=false, takesScreenshot=true}]" type="org.openqa.selenium.WebDriverException"><![CDATA[org.openqa.selenium.WebDriverException: An unknown server-side error occurred while processing the command. (WARNING: The server did not provide any stacktrace information)
Command duration or timeout: 280 milliseconds
Build info: version: '2.45.0', revision: '5017cb8e7ca8e37638dc3091b2440b90a1d8686f', time: '2015-02-27 09:10:26'
System info: host: 'N/A', ip: 'N/A', os.name: 'Mac OS X', os.arch: 'x86_64', os.version: '10.10.3', java.version: '1.7.0_55'
Session ID: 92ce2a7c86273f8268173bc50442bad5
Driver info: io.appium.java_client.android.AndroidDriver
Capabilities [{platform=ANDROID, acceptSslCerts=true, javascriptEnabled=true, browserName=chrome, chrome={}, rotatable=false, locationContextEnabled=true, mobileEmulationEnabled=false, version=42.0.2311.111, takesHeapSnapshot=true, cssSelectorsEnabled=true, databaseEnabled=false, handlesAlerts=true, browserConnectionEnabled=false, webStorageEnabled=true, nativeEvents=true, applicationCacheEnabled=false, takesScreenshot=true}]
	at sun.reflect.GeneratedConstructorAccessor18.newInstance(Unknown Source)
	at sun.reflect.DelegatingConstructorAccessorImpl.newInstance(DelegatingConstructorAccessorImpl.java:45)
	at java.lang.reflect.Constructor.newInstance(Constructor.java:526)
	at org.openqa.selenium.remote.ErrorHandler.createThrowable(ErrorHandler.java:204)
	at org.openqa.selenium.remote.ErrorHandler.throwIfResponseFailed(ErrorHandler.java:156)
	at org.openqa.selenium.remote.RemoteWebDriver.execute(RemoteWebDriver.java:599)
	at io.appium.java_client.AppiumDriver.execute(AppiumDriver.java:180)
	at org.openqa.selenium.remote.RemoteWebElement.execute(RemoteWebElement.java:268)
	at org.openqa.selenium.remote.RemoteWebElement.click(RemoteWebElement.java:79)
	at se.redmind.rmtest.report.nav.BaseNav.getFirstSuiteSection(BaseNav.java:72)
	at se.redmind.rmtest.report.nav.GraphNav.getFirstSuiteSection(GraphNav.java:5)
	at se.redmind.rmtest.report.nav.GraphNav.navigate(GraphNav.java:20)
	at se.redmind.rmtest.report.nav.BaseNav.<init>(BaseNav.java:20)
	at se.redmind.rmtest.report.nav.GraphNav.<init>(GraphNav.java:12)
	at se.redmind.rmtest.report.tests.GraphPage.beforeTest(GraphPage.java:73)
]]></error>
  </testcase>
  <testcase name="test_SpecificationsDevice_CheckPlatform[Android_5.0.1_Nexus 9_Chrome_UNKNOWN]" classname="se.redmind.rmtest.report.tests.GraphPage(20150511-151946)" time="3.323"/>
  <testcase name="test_ClearCheckBoxesDevice[OSX_UNKNOWN_AnApple_chrome_UNKNOWN]" classname="se.redmind.rmtest.report.tests.GraphPage(20150511-151946)" time="0.902"/>
  <testcase name="test_TotalPass[Android_4.4.3_HTC One_Chrome_UNKNOWN]" classname="se.redmind.rmtest.report.tests.GraphPage(20150511-151946)" time="0.73">
    <error message="An unknown server-side error occurred while processing the command. (WARNING: The server did not provide any stacktrace information)&#10;Command duration or timeout: 374 milliseconds&#10;Build info: version: &apos;2.45.0&apos;, revision: &apos;5017cb8e7ca8e37638dc3091b2440b90a1d8686f&apos;, time: &apos;2015-02-27 09:10:26&apos;&#10;System info: host: &apos;N/A&apos;, ip: &apos;N/A&apos;, os.name: &apos;Mac OS X&apos;, os.arch: &apos;x86_64&apos;, os.version: &apos;10.10.3&apos;, java.version: &apos;1.7.0_55&apos;&#10;Session ID: 92ce2a7c86273f8268173bc50442bad5&#10;Driver info: io.appium.java_client.android.AndroidDriver&#10;Capabilities [{platform=ANDROID, acceptSslCerts=true, javascriptEnabled=true, browserName=chrome, chrome={}, rotatable=false, locationContextEnabled=true, mobileEmulationEnabled=false, version=42.0.2311.111, takesHeapSnapshot=true, cssSelectorsEnabled=true, databaseEnabled=false, handlesAlerts=true, browserConnectionEnabled=false, webStorageEnabled=true, nativeEvents=true, applicationCacheEnabled=false, takesScreenshot=true}]" type="org.openqa.selenium.WebDriverException"><![CDATA[org.openqa.selenium.WebDriverException: An unknown server-side error occurred while processing the command. (WARNING: The server did not provide any stacktrace information)
Command duration or timeout: 374 milliseconds
Build info: version: '2.45.0', revision: '5017cb8e7ca8e37638dc3091b2440b90a1d8686f', time: '2015-02-27 09:10:26'
System info: host: 'N/A', ip: 'N/A', os.name: 'Mac OS X', os.arch: 'x86_64', os.version: '10.10.3', java.version: '1.7.0_55'
Session ID: 92ce2a7c86273f8268173bc50442bad5
Driver info: io.appium.java_client.android.AndroidDriver
Capabilities [{platform=ANDROID, acceptSslCerts=true, javascriptEnabled=true, browserName=chrome, chrome={}, rotatable=false, locationContextEnabled=true, mobileEmulationEnabled=false, version=42.0.2311.111, takesHeapSnapshot=true, cssSelectorsEnabled=true, databaseEnabled=false, handlesAlerts=true, browserConnectionEnabled=false, webStorageEnabled=true, nativeEvents=true, applicationCacheEnabled=false, takesScreenshot=true}]
	at sun.reflect.GeneratedConstructorAccessor18.newInstance(Unknown Source)
	at sun.reflect.DelegatingConstructorAccessorImpl.newInstance(DelegatingConstructorAccessorImpl.java:45)
	at java.lang.reflect.Constructor.newInstance(Constructor.java:526)
	at org.openqa.selenium.remote.ErrorHandler.createThrowable(ErrorHandler.java:204)
	at org.openqa.selenium.remote.ErrorHandler.throwIfResponseFailed(ErrorHandler.java:156)
	at org.openqa.selenium.remote.RemoteWebDriver.execute(RemoteWebDriver.java:599)
	at io.appium.java_client.AppiumDriver.execute(AppiumDriver.java:180)
	at org.openqa.selenium.remote.RemoteWebElement.execute(RemoteWebElement.java:268)
	at org.openqa.selenium.remote.RemoteWebElement.click(RemoteWebElement.java:79)
	at se.redmind.rmtest.report.nav.BaseNav.getFirstSuiteSection(BaseNav.java:72)
	at se.redmind.rmtest.report.nav.GraphNav.getFirstSuiteSection(GraphNav.java:5)
	at se.redmind.rmtest.report.nav.GraphNav.navigate(GraphNav.java:20)
	at se.redmind.rmtest.report.nav.BaseNav.<init>(BaseNav.java:20)
	at se.redmind.rmtest.report.nav.GraphNav.<init>(GraphNav.java:12)
	at se.redmind.rmtest.report.tests.GraphPage.beforeTest(GraphPage.java:73)
]]></error>
  </testcase>
  <testcase name="test_RunTime[OSX_UNKNOWN_AnApple_chrome_UNKNOWN]" classname="se.redmind.rmtest.report.tests.GraphPage(20150511-151946)" time="2.646"/>
  <testcase name="test_SpecificationsDevice_CheckPlatform[OSX_UNKNOWN_AnApple_firefox_UNKNOWN]" classname="se.redmind.rmtest.report.tests.GraphPage(20150511-151946)" time="0.547"/>
  <testcase name="test_ClickOnSuiteLink[OSX_UNKNOWN_AnApple_chrome_UNKNOWN]" classname="se.redmind.rmtest.report.tests.GraphPage(20150511-151946)" time="3.09"/>
  <testcase name="test_Specifications_Platform[Android_5.0.1_Nexus 9_Chrome_UNKNOWN]" classname="se.redmind.rmtest.report.tests.GraphPage(20150511-151946)" time="3.546"/>
  <testcase name="test_RemoveALine[Android_4.4.3_HTC One_Chrome_UNKNOWN]" classname="se.redmind.rmtest.report.tests.GraphPage(20150511-151946)" time="2.602">
    <error message="An unknown server-side error occurred while processing the command. (WARNING: The server did not provide any stacktrace information)&#10;Command duration or timeout: 312 milliseconds&#10;Build info: version: &apos;2.45.0&apos;, revision: &apos;5017cb8e7ca8e37638dc3091b2440b90a1d8686f&apos;, time: &apos;2015-02-27 09:10:26&apos;&#10;System info: host: &apos;N/A&apos;, ip: &apos;N/A&apos;, os.name: &apos;Mac OS X&apos;, os.arch: &apos;x86_64&apos;, os.version: &apos;10.10.3&apos;, java.version: &apos;1.7.0_55&apos;&#10;Session ID: 92ce2a7c86273f8268173bc50442bad5&#10;Driver info: io.appium.java_client.android.AndroidDriver&#10;Capabilities [{platform=ANDROID, acceptSslCerts=true, javascriptEnabled=true, browserName=chrome, chrome={}, rotatable=false, locationContextEnabled=true, mobileEmulationEnabled=false, version=42.0.2311.111, takesHeapSnapshot=true, cssSelectorsEnabled=true, databaseEnabled=false, handlesAlerts=true, browserConnectionEnabled=false, webStorageEnabled=true, nativeEvents=true, applicationCacheEnabled=false, takesScreenshot=true}]" type="org.openqa.selenium.WebDriverException">org.openqa.selenium.WebDriverException: An unknown server-side error occurred while processing the command. (WARNING: The server did not provide any stacktrace information)
Command duration or timeout: 312 milliseconds
Build info: version: '2.45.0', revision: '5017cb8e7ca8e37638dc3091b2440b90a1d8686f', time: '2015-02-27 09:10:26'
System info: host: 'N/A', ip: 'N/A', os.name: 'Mac OS X', os.arch: 'x86_64', os.version: '10.10.3', java.version: '1.7.0_55'
Session ID: 92ce2a7c86273f8268173bc50442bad5
Driver info: io.appium.java_client.android.AndroidDriver
Capabilities [{platform=ANDROID, acceptSslCerts=true, javascriptEnabled=true, browserName=chrome, chrome={}, rotatable=false, locationContextEnabled=true, mobileEmulationEnabled=false, version=42.0.2311.111, takesHeapSnapshot=true, cssSelectorsEnabled=true, databaseEnabled=false, handlesAlerts=true, browserConnectionEnabled=false, webStorageEnabled=true, nativeEvents=true, applicationCacheEnabled=false, takesScreenshot=true}]
	at sun.reflect.GeneratedConstructorAccessor18.newInstance(Unknown Source)
	at sun.reflect.DelegatingConstructorAccessorImpl.newInstance(DelegatingConstructorAccessorImpl.java:45)
	at java.lang.reflect.Constructor.newInstance(Constructor.java:526)
	at org.openqa.selenium.remote.ErrorHandler.createThrowable(ErrorHandler.java:204)
	at org.openqa.selenium.remote.ErrorHandler.throwIfResponseFailed(ErrorHandler.java:156)
	at org.openqa.selenium.remote.RemoteWebDriver.execute(RemoteWebDriver.java:599)
	at io.appium.java_client.AppiumDriver.execute(AppiumDriver.java:180)
	at org.openqa.selenium.remote.RemoteWebElement.execute(RemoteWebElement.java:268)
	at org.openqa.selenium.remote.RemoteWebElement.click(RemoteWebElement.java:79)
	at se.redmind.rmtest.report.nav.OptionsController.changeBreakPoint(OptionsController.java:95)
	at se.redmind.rmtest.report.tests.GraphPage.test_RemoveALine(GraphPage.java:171)
</error>
  </testcase>
  <testcase name="test_Specifications_Platform[OSX_UNKNOWN_AnApple_firefox_UNKNOWN]" classname="se.redmind.rmtest.report.tests.GraphPage(20150511-151946)" time="2.251"/>
  <testcase name="test_TotalFailed[Android_5.0.1_Nexus 9_Chrome_UNKNOWN]" classname="se.redmind.rmtest.report.tests.GraphPage(20150511-151946)" time="2.237"/>
  <testcase name="test_TotalFailed[OSX_UNKNOWN_AnApple_firefox_UNKNOWN]" classname="se.redmind.rmtest.report.tests.GraphPage(20150511-151946)" time="3.182"/>
  <testcase name="test_changeRunLimit_10[Android_4.4.3_HTC One_Chrome_UNKNOWN]" classname="se.redmind.rmtest.report.tests.GraphPage(20150511-151946)" time="2.049">
    <error message="An unknown server-side error occurred while processing the command. (WARNING: The server did not provide any stacktrace information)&#10;Command duration or timeout: 250 milliseconds&#10;Build info: version: &apos;2.45.0&apos;, revision: &apos;5017cb8e7ca8e37638dc3091b2440b90a1d8686f&apos;, time: &apos;2015-02-27 09:10:26&apos;&#10;System info: host: &apos;N/A&apos;, ip: &apos;N/A&apos;, os.name: &apos;Mac OS X&apos;, os.arch: &apos;x86_64&apos;, os.version: &apos;10.10.3&apos;, java.version: &apos;1.7.0_55&apos;&#10;Session ID: 92ce2a7c86273f8268173bc50442bad5&#10;Driver info: io.appium.java_client.android.AndroidDriver&#10;Capabilities [{platform=ANDROID, acceptSslCerts=true, javascriptEnabled=true, browserName=chrome, chrome={}, rotatable=false, locationContextEnabled=true, mobileEmulationEnabled=false, version=42.0.2311.111, takesHeapSnapshot=true, cssSelectorsEnabled=true, databaseEnabled=false, handlesAlerts=true, browserConnectionEnabled=false, webStorageEnabled=true, nativeEvents=true, applicationCacheEnabled=false, takesScreenshot=true}]" type="org.openqa.selenium.WebDriverException">org.openqa.selenium.WebDriverException: An unknown server-side error occurred while processing the command. (WARNING: The server did not provide any stacktrace information)
Command duration or timeout: 250 milliseconds
Build info: version: '2.45.0', revision: '5017cb8e7ca8e37638dc3091b2440b90a1d8686f', time: '2015-02-27 09:10:26'
System info: host: 'N/A', ip: 'N/A', os.name: 'Mac OS X', os.arch: 'x86_64', os.version: '10.10.3', java.version: '1.7.0_55'
Session ID: 92ce2a7c86273f8268173bc50442bad5
Driver info: io.appium.java_client.android.AndroidDriver
Capabilities [{platform=ANDROID, acceptSslCerts=true, javascriptEnabled=true, browserName=chrome, chrome={}, rotatable=false, locationContextEnabled=true, mobileEmulationEnabled=false, version=42.0.2311.111, takesHeapSnapshot=true, cssSelectorsEnabled=true, databaseEnabled=false, handlesAlerts=true, browserConnectionEnabled=false, webStorageEnabled=true, nativeEvents=true, applicationCacheEnabled=false, takesScreenshot=true}]
	at sun.reflect.GeneratedConstructorAccessor18.newInstance(Unknown Source)
	at sun.reflect.DelegatingConstructorAccessorImpl.newInstance(DelegatingConstructorAccessorImpl.java:45)
	at java.lang.reflect.Constructor.newInstance(Constructor.java:526)
	at org.openqa.selenium.remote.ErrorHandler.createThrowable(ErrorHandler.java:204)
	at org.openqa.selenium.remote.ErrorHandler.throwIfResponseFailed(ErrorHandler.java:156)
	at org.openqa.selenium.remote.RemoteWebDriver.execute(RemoteWebDriver.java:599)
	at io.appium.java_client.AppiumDriver.execute(AppiumDriver.java:180)
	at org.openqa.selenium.remote.RemoteWebElement.execute(RemoteWebElement.java:268)
	at org.openqa.selenium.remote.RemoteWebElement.click(RemoteWebElement.java:79)
	at se.redmind.rmtest.report.nav.OptionsController.changeChartSuiteRunLimit(OptionsController.java:76)
	at se.redmind.rmtest.report.tests.GraphPage.test_changeRunLimit_10(GraphPage.java:434)
</error>
  </testcase>
  <testcase name="test_BreakOnPlatform[Android_5.0.1_Nexus 9_Chrome_UNKNOWN]" classname="se.redmind.rmtest.report.tests.GraphPage(20150511-151946)" time="2.298"/>
  <testcase name="test_BreakOnPlatform[OSX_UNKNOWN_AnApple_firefox_UNKNOWN]" classname="se.redmind.rmtest.report.tests.GraphPage(20150511-151946)" time="2.371"/>
  <testcase name="test_changeRunLimit_20[Android_4.4.3_HTC One_Chrome_UNKNOWN]" classname="se.redmind.rmtest.report.tests.GraphPage(20150511-151946)" time="4.487">
    <error message="An unknown server-side error occurred while processing the command. (WARNING: The server did not provide any stacktrace information)&#10;Command duration or timeout: 212 milliseconds&#10;Build info: version: &apos;2.45.0&apos;, revision: &apos;5017cb8e7ca8e37638dc3091b2440b90a1d8686f&apos;, time: &apos;2015-02-27 09:10:26&apos;&#10;System info: host: &apos;N/A&apos;, ip: &apos;N/A&apos;, os.name: &apos;Mac OS X&apos;, os.arch: &apos;x86_64&apos;, os.version: &apos;10.10.3&apos;, java.version: &apos;1.7.0_55&apos;&#10;Session ID: 92ce2a7c86273f8268173bc50442bad5&#10;Driver info: io.appium.java_client.android.AndroidDriver&#10;Capabilities [{platform=ANDROID, acceptSslCerts=true, javascriptEnabled=true, browserName=chrome, chrome={}, rotatable=false, locationContextEnabled=true, mobileEmulationEnabled=false, version=42.0.2311.111, takesHeapSnapshot=true, cssSelectorsEnabled=true, databaseEnabled=false, handlesAlerts=true, browserConnectionEnabled=false, webStorageEnabled=true, nativeEvents=true, applicationCacheEnabled=false, takesScreenshot=true}]" type="org.openqa.selenium.WebDriverException">org.openqa.selenium.WebDriverException: An unknown server-side error occurred while processing the command. (WARNING: The server did not provide any stacktrace information)
Command duration or timeout: 212 milliseconds
Build info: version: '2.45.0', revision: '5017cb8e7ca8e37638dc3091b2440b90a1d8686f', time: '2015-02-27 09:10:26'
System info: host: 'N/A', ip: 'N/A', os.name: 'Mac OS X', os.arch: 'x86_64', os.version: '10.10.3', java.version: '1.7.0_55'
Session ID: 92ce2a7c86273f8268173bc50442bad5
Driver info: io.appium.java_client.android.AndroidDriver
Capabilities [{platform=ANDROID, acceptSslCerts=true, javascriptEnabled=true, browserName=chrome, chrome={}, rotatable=false, locationContextEnabled=true, mobileEmulationEnabled=false, version=42.0.2311.111, takesHeapSnapshot=true, cssSelectorsEnabled=true, databaseEnabled=false, handlesAlerts=true, browserConnectionEnabled=false, webStorageEnabled=true, nativeEvents=true, applicationCacheEnabled=false, takesScreenshot=true}]
	at sun.reflect.GeneratedConstructorAccessor18.newInstance(Unknown Source)
	at sun.reflect.DelegatingConstructorAccessorImpl.newInstance(DelegatingConstructorAccessorImpl.java:45)
	at java.lang.reflect.Constructor.newInstance(Constructor.java:526)
	at org.openqa.selenium.remote.ErrorHandler.createThrowable(ErrorHandler.java:204)
	at org.openqa.selenium.remote.ErrorHandler.throwIfResponseFailed(ErrorHandler.java:156)
	at org.openqa.selenium.remote.RemoteWebDriver.execute(RemoteWebDriver.java:599)
	at io.appium.java_client.AppiumDriver.execute(AppiumDriver.java:180)
	at org.openqa.selenium.remote.RemoteWebElement.execute(RemoteWebElement.java:268)
	at org.openqa.selenium.remote.RemoteWebElement.click(RemoteWebElement.java:79)
	at se.redmind.rmtest.report.nav.OptionsController.changeChartSuiteRunLimit(OptionsController.java:76)
	at se.redmind.rmtest.report.tests.GraphPage.test_changeRunLimit_20(GraphPage.java:443)
</error>
  </testcase>
  <testcase name="test_BreakOnDevice[Android_5.0.1_Nexus 9_Chrome_UNKNOWN]" classname="se.redmind.rmtest.report.tests.GraphPage(20150511-151946)" time="0.172"/>
  <testcase name="test_BreakOnDevice[OSX_UNKNOWN_AnApple_firefox_UNKNOWN]" classname="se.redmind.rmtest.report.tests.GraphPage(20150511-151946)" time="1.83"/>
  <testcase name="test_SpecificationsDevice_CheckVersion[Android_5.0.1_Nexus 9_Chrome_UNKNOWN]" classname="se.redmind.rmtest.report.tests.GraphPage(20150511-151946)" time="6.355"/>
  <testcase name="test_changeRunLimit_50[Android_4.4.3_HTC One_Chrome_UNKNOWN]" classname="se.redmind.rmtest.report.tests.GraphPage(20150511-151946)" time="0.624">
    <error message="An unknown server-side error occurred while processing the command. (WARNING: The server did not provide any stacktrace information)&#10;Command duration or timeout: 294 milliseconds&#10;Build info: version: &apos;2.45.0&apos;, revision: &apos;5017cb8e7ca8e37638dc3091b2440b90a1d8686f&apos;, time: &apos;2015-02-27 09:10:26&apos;&#10;System info: host: &apos;N/A&apos;, ip: &apos;N/A&apos;, os.name: &apos;Mac OS X&apos;, os.arch: &apos;x86_64&apos;, os.version: &apos;10.10.3&apos;, java.version: &apos;1.7.0_55&apos;&#10;Session ID: 92ce2a7c86273f8268173bc50442bad5&#10;Driver info: io.appium.java_client.android.AndroidDriver&#10;Capabilities [{platform=ANDROID, acceptSslCerts=true, javascriptEnabled=true, browserName=chrome, chrome={}, rotatable=false, locationContextEnabled=true, mobileEmulationEnabled=false, version=42.0.2311.111, takesHeapSnapshot=true, cssSelectorsEnabled=true, databaseEnabled=false, handlesAlerts=true, browserConnectionEnabled=false, webStorageEnabled=true, nativeEvents=true, applicationCacheEnabled=false, takesScreenshot=true}]" type="org.openqa.selenium.WebDriverException">org.openqa.selenium.WebDriverException: An unknown server-side error occurred while processing the command. (WARNING: The server did not provide any stacktrace information)
Command duration or timeout: 294 milliseconds
Build info: version: '2.45.0', revision: '5017cb8e7ca8e37638dc3091b2440b90a1d8686f', time: '2015-02-27 09:10:26'
System info: host: 'N/A', ip: 'N/A', os.name: 'Mac OS X', os.arch: 'x86_64', os.version: '10.10.3', java.version: '1.7.0_55'
Session ID: 92ce2a7c86273f8268173bc50442bad5
Driver info: io.appium.java_client.android.AndroidDriver
Capabilities [{platform=ANDROID, acceptSslCerts=true, javascriptEnabled=true, browserName=chrome, chrome={}, rotatable=false, locationContextEnabled=true, mobileEmulationEnabled=false, version=42.0.2311.111, takesHeapSnapshot=true, cssSelectorsEnabled=true, databaseEnabled=false, handlesAlerts=true, browserConnectionEnabled=false, webStorageEnabled=true, nativeEvents=true, applicationCacheEnabled=false, takesScreenshot=true}]
	at sun.reflect.GeneratedConstructorAccessor18.newInstance(Unknown Source)
	at sun.reflect.DelegatingConstructorAccessorImpl.newInstance(DelegatingConstructorAccessorImpl.java:45)
	at java.lang.reflect.Constructor.newInstance(Constructor.java:526)
	at org.openqa.selenium.remote.ErrorHandler.createThrowable(ErrorHandler.java:204)
	at org.openqa.selenium.remote.ErrorHandler.throwIfResponseFailed(ErrorHandler.java:156)
	at org.openqa.selenium.remote.RemoteWebDriver.execute(RemoteWebDriver.java:599)
	at io.appium.java_client.AppiumDriver.execute(AppiumDriver.java:180)
	at org.openqa.selenium.remote.RemoteWebElement.execute(RemoteWebElement.java:268)
	at org.openqa.selenium.remote.RemoteWebElement.click(RemoteWebElement.java:79)
	at se.redmind.rmtest.report.nav.OptionsController.changeChartSuiteRunLimit(OptionsController.java:76)
	at se.redmind.rmtest.report.tests.GraphPage.test_changeRunLimit_50(GraphPage.java:452)
</error>
  </testcase>
  <testcase name="test_SpecificationsDevice_CheckVersion[OSX_UNKNOWN_AnApple_firefox_UNKNOWN]" classname="se.redmind.rmtest.report.tests.GraphPage(20150511-151946)" time="1.535"/>
  <testcase name="test_SpecificationsBrowser_CheckChrome[Android_5.0.1_Nexus 9_Chrome_UNKNOWN]" classname="se.redmind.rmtest.report.tests.GraphPage(20150511-151946)" time="6.276"/>
  <testcase name="test_BreakOnVersion[Android_4.4.3_HTC One_Chrome_UNKNOWN]" classname="se.redmind.rmtest.report.tests.GraphPage(20150511-151946)" time="0.981">
    <error message="An unknown server-side error occurred while processing the command. (WARNING: The server did not provide any stacktrace information)&#10;Command duration or timeout: 263 milliseconds&#10;Build info: version: &apos;2.45.0&apos;, revision: &apos;5017cb8e7ca8e37638dc3091b2440b90a1d8686f&apos;, time: &apos;2015-02-27 09:10:26&apos;&#10;System info: host: &apos;N/A&apos;, ip: &apos;N/A&apos;, os.name: &apos;Mac OS X&apos;, os.arch: &apos;x86_64&apos;, os.version: &apos;10.10.3&apos;, java.version: &apos;1.7.0_55&apos;&#10;Session ID: 92ce2a7c86273f8268173bc50442bad5&#10;Driver info: io.appium.java_client.android.AndroidDriver&#10;Capabilities [{platform=ANDROID, acceptSslCerts=true, javascriptEnabled=true, browserName=chrome, chrome={}, rotatable=false, locationContextEnabled=true, mobileEmulationEnabled=false, version=42.0.2311.111, takesHeapSnapshot=true, cssSelectorsEnabled=true, databaseEnabled=false, handlesAlerts=true, browserConnectionEnabled=false, webStorageEnabled=true, nativeEvents=true, applicationCacheEnabled=false, takesScreenshot=true}]" type="org.openqa.selenium.WebDriverException">org.openqa.selenium.WebDriverException: An unknown server-side error occurred while processing the command. (WARNING: The server did not provide any stacktrace information)
Command duration or timeout: 263 milliseconds
Build info: version: '2.45.0', revision: '5017cb8e7ca8e37638dc3091b2440b90a1d8686f', time: '2015-02-27 09:10:26'
System info: host: 'N/A', ip: 'N/A', os.name: 'Mac OS X', os.arch: 'x86_64', os.version: '10.10.3', java.version: '1.7.0_55'
Session ID: 92ce2a7c86273f8268173bc50442bad5
Driver info: io.appium.java_client.android.AndroidDriver
Capabilities [{platform=ANDROID, acceptSslCerts=true, javascriptEnabled=true, browserName=chrome, chrome={}, rotatable=false, locationContextEnabled=true, mobileEmulationEnabled=false, version=42.0.2311.111, takesHeapSnapshot=true, cssSelectorsEnabled=true, databaseEnabled=false, handlesAlerts=true, browserConnectionEnabled=false, webStorageEnabled=true, nativeEvents=true, applicationCacheEnabled=false, takesScreenshot=true}]
	at sun.reflect.GeneratedConstructorAccessor18.newInstance(Unknown Source)
	at sun.reflect.DelegatingConstructorAccessorImpl.newInstance(DelegatingConstructorAccessorImpl.java:45)
	at java.lang.reflect.Constructor.newInstance(Constructor.java:526)
	at org.openqa.selenium.remote.ErrorHandler.createThrowable(ErrorHandler.java:204)
	at org.openqa.selenium.remote.ErrorHandler.throwIfResponseFailed(ErrorHandler.java:156)
	at org.openqa.selenium.remote.RemoteWebDriver.execute(RemoteWebDriver.java:599)
	at io.appium.java_client.AppiumDriver.execute(AppiumDriver.java:180)
	at org.openqa.selenium.remote.RemoteWebElement.execute(RemoteWebElement.java:268)
	at org.openqa.selenium.remote.RemoteWebElement.click(RemoteWebElement.java:79)
	at se.redmind.rmtest.report.nav.OptionsController.changeBreakPoint(OptionsController.java:95)
	at se.redmind.rmtest.report.tests.GraphPage.test_BreakOnVersion(GraphPage.java:135)
</error>
  </testcase>
  <testcase name="test_SpecificationsBrowser_CheckChrome[OSX_UNKNOWN_AnApple_firefox_UNKNOWN]" classname="se.redmind.rmtest.report.tests.GraphPage(20150511-151946)" time="0.304"/>
  <testcase name="test_filterOnGraph[OSX_UNKNOWN_AnApple_firefox_UNKNOWN]" classname="se.redmind.rmtest.report.tests.GraphPage(20150511-151946)" time="8.417"/>
  <testcase name="test_Specifications_CheckDeviceGetPlatform[Android_4.4.3_HTC One_Chrome_UNKNOWN]" classname="se.redmind.rmtest.report.tests.GraphPage(20150511-151946)" time="1.332">
    <error message="An unknown server-side error occurred while processing the command. (WARNING: The server did not provide any stacktrace information)&#10;Command duration or timeout: 230 milliseconds&#10;Build info: version: &apos;2.45.0&apos;, revision: &apos;5017cb8e7ca8e37638dc3091b2440b90a1d8686f&apos;, time: &apos;2015-02-27 09:10:26&apos;&#10;System info: host: &apos;N/A&apos;, ip: &apos;N/A&apos;, os.name: &apos;Mac OS X&apos;, os.arch: &apos;x86_64&apos;, os.version: &apos;10.10.3&apos;, java.version: &apos;1.7.0_55&apos;&#10;Session ID: 92ce2a7c86273f8268173bc50442bad5&#10;Driver info: io.appium.java_client.android.AndroidDriver&#10;Capabilities [{platform=ANDROID, acceptSslCerts=true, javascriptEnabled=true, browserName=chrome, chrome={}, rotatable=false, locationContextEnabled=true, mobileEmulationEnabled=false, version=42.0.2311.111, takesHeapSnapshot=true, cssSelectorsEnabled=true, databaseEnabled=false, handlesAlerts=true, browserConnectionEnabled=false, webStorageEnabled=true, nativeEvents=true, applicationCacheEnabled=false, takesScreenshot=true}]" type="org.openqa.selenium.WebDriverException">org.openqa.selenium.WebDriverException: An unknown server-side error occurred while processing the command. (WARNING: The server did not provide any stacktrace information)
Command duration or timeout: 230 milliseconds
Build info: version: '2.45.0', revision: '5017cb8e7ca8e37638dc3091b2440b90a1d8686f', time: '2015-02-27 09:10:26'
System info: host: 'N/A', ip: 'N/A', os.name: 'Mac OS X', os.arch: 'x86_64', os.version: '10.10.3', java.version: '1.7.0_55'
Session ID: 92ce2a7c86273f8268173bc50442bad5
Driver info: io.appium.java_client.android.AndroidDriver
Capabilities [{platform=ANDROID, acceptSslCerts=true, javascriptEnabled=true, browserName=chrome, chrome={}, rotatable=false, locationContextEnabled=true, mobileEmulationEnabled=false, version=42.0.2311.111, takesHeapSnapshot=true, cssSelectorsEnabled=true, databaseEnabled=false, handlesAlerts=true, browserConnectionEnabled=false, webStorageEnabled=true, nativeEvents=true, applicationCacheEnabled=false, takesScreenshot=true}]
	at sun.reflect.GeneratedConstructorAccessor18.newInstance(Unknown Source)
	at sun.reflect.DelegatingConstructorAccessorImpl.newInstance(DelegatingConstructorAccessorImpl.java:45)
	at java.lang.reflect.Constructor.newInstance(Constructor.java:526)
	at org.openqa.selenium.remote.ErrorHandler.createThrowable(ErrorHandler.java:204)
	at org.openqa.selenium.remote.ErrorHandler.throwIfResponseFailed(ErrorHandler.java:156)
	at org.openqa.selenium.remote.RemoteWebDriver.execute(RemoteWebDriver.java:599)
	at io.appium.java_client.AppiumDriver.execute(AppiumDriver.java:180)
	at org.openqa.selenium.remote.RemoteWebElement.execute(RemoteWebElement.java:268)
	at org.openqa.selenium.remote.RemoteWebElement.click(RemoteWebElement.java:79)
	at se.redmind.rmtest.report.nav.OptionsController.changeBreakPoint(OptionsController.java:95)
	at se.redmind.rmtest.report.tests.GraphPage.test_Specifications_CheckDeviceGetPlatform(GraphPage.java:290)
</error>
  </testcase>
  <testcase name="test_CreateALine[OSX_UNKNOWN_AnApple_firefox_UNKNOWN]" classname="se.redmind.rmtest.report.tests.GraphPage(20150511-151946)" time="2.726"/>
  <testcase name="test_BreakOnBrowser[OSX_UNKNOWN_AnApple_firefox_UNKNOWN]" classname="se.redmind.rmtest.report.tests.GraphPage(20150511-151946)" time="5.79"/>
  <testcase name="test_ClearCheckBoxesDevice[Android_4.4.3_HTC One_Chrome_UNKNOWN]" classname="se.redmind.rmtest.report.tests.GraphPage(20150511-151946)" time="0.559">
    <error message="An unknown server-side error occurred while processing the command. (WARNING: The server did not provide any stacktrace information)&#10;Command duration or timeout: 208 milliseconds&#10;Build info: version: &apos;2.45.0&apos;, revision: &apos;5017cb8e7ca8e37638dc3091b2440b90a1d8686f&apos;, time: &apos;2015-02-27 09:10:26&apos;&#10;System info: host: &apos;N/A&apos;, ip: &apos;N/A&apos;, os.name: &apos;Mac OS X&apos;, os.arch: &apos;x86_64&apos;, os.version: &apos;10.10.3&apos;, java.version: &apos;1.7.0_55&apos;&#10;Session ID: 92ce2a7c86273f8268173bc50442bad5&#10;Driver info: io.appium.java_client.android.AndroidDriver&#10;Capabilities [{platform=ANDROID, acceptSslCerts=true, javascriptEnabled=true, browserName=chrome, chrome={}, rotatable=false, locationContextEnabled=true, mobileEmulationEnabled=false, version=42.0.2311.111, takesHeapSnapshot=true, cssSelectorsEnabled=true, databaseEnabled=false, handlesAlerts=true, browserConnectionEnabled=false, webStorageEnabled=true, nativeEvents=true, applicationCacheEnabled=false, takesScreenshot=true}]" type="org.openqa.selenium.WebDriverException">org.openqa.selenium.WebDriverException: An unknown server-side error occurred while processing the command. (WARNING: The server did not provide any stacktrace information)
Command duration or timeout: 208 milliseconds
Build info: version: '2.45.0', revision: '5017cb8e7ca8e37638dc3091b2440b90a1d8686f', time: '2015-02-27 09:10:26'
System info: host: 'N/A', ip: 'N/A', os.name: 'Mac OS X', os.arch: 'x86_64', os.version: '10.10.3', java.version: '1.7.0_55'
Session ID: 92ce2a7c86273f8268173bc50442bad5
Driver info: io.appium.java_client.android.AndroidDriver
Capabilities [{platform=ANDROID, acceptSslCerts=true, javascriptEnabled=true, browserName=chrome, chrome={}, rotatable=false, locationContextEnabled=true, mobileEmulationEnabled=false, version=42.0.2311.111, takesHeapSnapshot=true, cssSelectorsEnabled=true, databaseEnabled=false, handlesAlerts=true, browserConnectionEnabled=false, webStorageEnabled=true, nativeEvents=true, applicationCacheEnabled=false, takesScreenshot=true}]
	at sun.reflect.GeneratedConstructorAccessor18.newInstance(Unknown Source)
	at sun.reflect.DelegatingConstructorAccessorImpl.newInstance(DelegatingConstructorAccessorImpl.java:45)
	at java.lang.reflect.Constructor.newInstance(Constructor.java:526)
	at org.openqa.selenium.remote.ErrorHandler.createThrowable(ErrorHandler.java:204)
	at org.openqa.selenium.remote.ErrorHandler.throwIfResponseFailed(ErrorHandler.java:156)
	at org.openqa.selenium.remote.RemoteWebDriver.execute(RemoteWebDriver.java:599)
	at io.appium.java_client.AppiumDriver.execute(AppiumDriver.java:180)
	at org.openqa.selenium.remote.RemoteWebElement.execute(RemoteWebElement.java:268)
	at org.openqa.selenium.remote.RemoteWebElement.click(RemoteWebElement.java:79)
	at se.redmind.rmtest.report.nav.OptionsController.changeBreakPoint(OptionsController.java:95)
	at se.redmind.rmtest.report.tests.GraphPage.test_ClearCheckBoxesDevice(GraphPage.java:421)
</error>
  </testcase>
  <testcase name="test_filterOnGraph[Android_5.0.1_Nexus 9_Chrome_UNKNOWN]" classname="se.redmind.rmtest.report.tests.GraphPage(20150511-151946)" time="1.068">
    <error message="Timed out after 15 seconds waiting for element to be clickable: By.id: dash_view_dd&#10;Build info: version: &apos;2.45.0&apos;, revision: &apos;5017cb8e7ca8e37638dc3091b2440b90a1d8686f&apos;, time: &apos;2015-02-27 09:10:26&apos;&#10;System info: host: &apos;N/A&apos;, ip: &apos;N/A&apos;, os.name: &apos;Mac OS X&apos;, os.arch: &apos;x86_64&apos;, os.version: &apos;10.10.3&apos;, java.version: &apos;1.7.0_55&apos;&#10;Driver info: driver.version: unknown" type="org.openqa.selenium.TimeoutException">org.openqa.selenium.TimeoutException: Timed out after 15 seconds waiting for element to be clickable: By.id: dash_view_dd
Build info: version: '2.45.0', revision: '5017cb8e7ca8e37638dc3091b2440b90a1d8686f', time: '2015-02-27 09:10:26'
System info: host: 'N/A', ip: 'N/A', os.name: 'Mac OS X', os.arch: 'x86_64', os.version: '10.10.3', java.version: '1.7.0_55'
Driver info: driver.version: unknown
	at org.openqa.selenium.support.ui.FluentWait.timeoutException(FluentWait.java:259)
	at org.openqa.selenium.support.ui.FluentWait.until(FluentWait.java:228)
	at se.redmind.rmtest.report.nav.BaseNav.goToDashboard(BaseNav.java:132)
	at se.redmind.rmtest.report.nav.GraphNav.goToDashboard(GraphNav.java:5)
	at se.redmind.rmtest.report.tests.GraphPage.test_filterOnGraph(GraphPage.java:503)
</error>
  </testcase>
  <testcase name="test_TotalPass[OSX_UNKNOWN_AnApple_firefox_UNKNOWN]" classname="se.redmind.rmtest.report.tests.GraphPage(20150511-151946)" time="3.782"/>
  <testcase name="test_CreateALine[Android_5.0.1_Nexus 9_Chrome_UNKNOWN]" classname="se.redmind.rmtest.report.tests.GraphPage(20150511-151946)" time="2.142"/>
  <testcase name="test_RunTime[Android_4.4.3_HTC One_Chrome_UNKNOWN]" classname="se.redmind.rmtest.report.tests.GraphPage(20150511-151946)" time="2.633">
    <error message="An unknown server-side error occurred while processing the command. (WARNING: The server did not provide any stacktrace information)&#10;Command duration or timeout: 554 milliseconds&#10;Build info: version: &apos;2.45.0&apos;, revision: &apos;5017cb8e7ca8e37638dc3091b2440b90a1d8686f&apos;, time: &apos;2015-02-27 09:10:26&apos;&#10;System info: host: &apos;N/A&apos;, ip: &apos;N/A&apos;, os.name: &apos;Mac OS X&apos;, os.arch: &apos;x86_64&apos;, os.version: &apos;10.10.3&apos;, java.version: &apos;1.7.0_55&apos;&#10;Session ID: 92ce2a7c86273f8268173bc50442bad5&#10;Driver info: io.appium.java_client.android.AndroidDriver&#10;Capabilities [{platform=ANDROID, acceptSslCerts=true, javascriptEnabled=true, browserName=chrome, chrome={}, rotatable=false, locationContextEnabled=true, mobileEmulationEnabled=false, version=42.0.2311.111, takesHeapSnapshot=true, cssSelectorsEnabled=true, databaseEnabled=false, handlesAlerts=true, browserConnectionEnabled=false, webStorageEnabled=true, nativeEvents=true, applicationCacheEnabled=false, takesScreenshot=true}]" type="org.openqa.selenium.WebDriverException">org.openqa.selenium.WebDriverException: An unknown server-side error occurred while processing the command. (WARNING: The server did not provide any stacktrace information)
Command duration or timeout: 554 milliseconds
Build info: version: '2.45.0', revision: '5017cb8e7ca8e37638dc3091b2440b90a1d8686f', time: '2015-02-27 09:10:26'
System info: host: 'N/A', ip: 'N/A', os.name: 'Mac OS X', os.arch: 'x86_64', os.version: '10.10.3', java.version: '1.7.0_55'
Session ID: 92ce2a7c86273f8268173bc50442bad5
Driver info: io.appium.java_client.android.AndroidDriver
Capabilities [{platform=ANDROID, acceptSslCerts=true, javascriptEnabled=true, browserName=chrome, chrome={}, rotatable=false, locationContextEnabled=true, mobileEmulationEnabled=false, version=42.0.2311.111, takesHeapSnapshot=true, cssSelectorsEnabled=true, databaseEnabled=false, handlesAlerts=true, browserConnectionEnabled=false, webStorageEnabled=true, nativeEvents=true, applicationCacheEnabled=false, takesScreenshot=true}]
	at sun.reflect.GeneratedConstructorAccessor18.newInstance(Unknown Source)
	at sun.reflect.DelegatingConstructorAccessorImpl.newInstance(DelegatingConstructorAccessorImpl.java:45)
	at java.lang.reflect.Constructor.newInstance(Constructor.java:526)
	at org.openqa.selenium.remote.ErrorHandler.createThrowable(ErrorHandler.java:204)
	at org.openqa.selenium.remote.ErrorHandler.throwIfResponseFailed(ErrorHandler.java:156)
	at org.openqa.selenium.remote.RemoteWebDriver.execute(RemoteWebDriver.java:599)
	at io.appium.java_client.AppiumDriver.execute(AppiumDriver.java:180)
	at org.openqa.selenium.remote.RemoteWebElement.execute(RemoteWebElement.java:268)
	at org.openqa.selenium.remote.RemoteWebElement.click(RemoteWebElement.java:79)
	at se.redmind.rmtest.report.nav.OptionsController.changeDisplayType(OptionsController.java:89)
	at se.redmind.rmtest.report.tests.GraphPage.test_RunTime(GraphPage.java:107)
</error>
  </testcase>
  <testcase name="test_RemoveALine[OSX_UNKNOWN_AnApple_firefox_UNKNOWN]" classname="se.redmind.rmtest.report.tests.GraphPage(20150511-151946)" time="3.715"/>
  <testcase name="test_BreakOnBrowser[Android_5.0.1_Nexus 9_Chrome_UNKNOWN]" classname="se.redmind.rmtest.report.tests.GraphPage(20150511-151946)" time="0.375"/>
  <testcase name="test_ClickOnSuiteLink[Android_4.4.3_HTC One_Chrome_UNKNOWN]" classname="se.redmind.rmtest.report.tests.GraphPage(20150511-151946)" time="4.148">
    <error message="An unknown server-side error occurred while processing the command. (WARNING: The server did not provide any stacktrace information)&#10;Command duration or timeout: 245 milliseconds&#10;Build info: version: &apos;2.45.0&apos;, revision: &apos;5017cb8e7ca8e37638dc3091b2440b90a1d8686f&apos;, time: &apos;2015-02-27 09:10:26&apos;&#10;System info: host: &apos;N/A&apos;, ip: &apos;N/A&apos;, os.name: &apos;Mac OS X&apos;, os.arch: &apos;x86_64&apos;, os.version: &apos;10.10.3&apos;, java.version: &apos;1.7.0_55&apos;&#10;Session ID: 92ce2a7c86273f8268173bc50442bad5&#10;Driver info: io.appium.java_client.android.AndroidDriver&#10;Capabilities [{platform=ANDROID, acceptSslCerts=true, javascriptEnabled=true, browserName=chrome, chrome={}, rotatable=false, locationContextEnabled=true, mobileEmulationEnabled=false, version=42.0.2311.111, takesHeapSnapshot=true, cssSelectorsEnabled=true, databaseEnabled=false, handlesAlerts=true, browserConnectionEnabled=false, webStorageEnabled=true, nativeEvents=true, applicationCacheEnabled=false, takesScreenshot=true}]" type="org.openqa.selenium.WebDriverException">org.openqa.selenium.WebDriverException: An unknown server-side error occurred while processing the command. (WARNING: The server did not provide any stacktrace information)
Command duration or timeout: 245 milliseconds
Build info: version: '2.45.0', revision: '5017cb8e7ca8e37638dc3091b2440b90a1d8686f', time: '2015-02-27 09:10:26'
System info: host: 'N/A', ip: 'N/A', os.name: 'Mac OS X', os.arch: 'x86_64', os.version: '10.10.3', java.version: '1.7.0_55'
Session ID: 92ce2a7c86273f8268173bc50442bad5
Driver info: io.appium.java_client.android.AndroidDriver
Capabilities [{platform=ANDROID, acceptSslCerts=true, javascriptEnabled=true, browserName=chrome, chrome={}, rotatable=false, locationContextEnabled=true, mobileEmulationEnabled=false, version=42.0.2311.111, takesHeapSnapshot=true, cssSelectorsEnabled=true, databaseEnabled=false, handlesAlerts=true, browserConnectionEnabled=false, webStorageEnabled=true, nativeEvents=true, applicationCacheEnabled=false, takesScreenshot=true}]
	at sun.reflect.GeneratedConstructorAccessor18.newInstance(Unknown Source)
	at sun.reflect.DelegatingConstructorAccessorImpl.newInstance(DelegatingConstructorAccessorImpl.java:45)
	at java.lang.reflect.Constructor.newInstance(Constructor.java:526)
	at org.openqa.selenium.remote.ErrorHandler.createThrowable(ErrorHandler.java:204)
	at org.openqa.selenium.remote.ErrorHandler.throwIfResponseFailed(ErrorHandler.java:156)
	at org.openqa.selenium.remote.RemoteWebDriver.execute(RemoteWebDriver.java:599)
	at io.appium.java_client.AppiumDriver.execute(AppiumDriver.java:180)
	at org.openqa.selenium.remote.RemoteWebElement.execute(RemoteWebElement.java:268)
	at org.openqa.selenium.remote.RemoteWebElement.click(RemoteWebElement.java:79)
	at se.redmind.rmtest.report.nav.SuiteController.ClickOnSuiteLinkText(SuiteController.java:98)
	at se.redmind.rmtest.report.tests.GraphPage.test_ClickOnSuiteLink(GraphPage.java:375)
</error>
  </testcase>
  <testcase name="test_changeRunLimit_10[OSX_UNKNOWN_AnApple_firefox_UNKNOWN]" classname="se.redmind.rmtest.report.tests.GraphPage(20150511-151946)" time="5.612"/>
  <testcase name="test_TotalPass[Android_5.0.1_Nexus 9_Chrome_UNKNOWN]" classname="se.redmind.rmtest.report.tests.GraphPage(20150511-151946)" time="0.285"/>
  <testcase name="test_changeRunLimit_20[OSX_UNKNOWN_AnApple_firefox_UNKNOWN]" classname="se.redmind.rmtest.report.tests.GraphPage(20150511-151946)" time="5.577"/>
  <testcase name="test_RemoveALine[Android_5.0.1_Nexus 9_Chrome_UNKNOWN]" classname="se.redmind.rmtest.report.tests.GraphPage(20150511-151946)" time="2.649"/>
  <testcase name="test_changeRunLimit_50[OSX_UNKNOWN_AnApple_firefox_UNKNOWN]" classname="se.redmind.rmtest.report.tests.GraphPage(20150511-151946)" time="3.349"/>
  <testcase name="test_changeRunLimit_10[Android_5.0.1_Nexus 9_Chrome_UNKNOWN]" classname="se.redmind.rmtest.report.tests.GraphPage(20150511-151946)" time="3.908"/>
  <testcase name="test_BreakOnVersion[OSX_UNKNOWN_AnApple_firefox_UNKNOWN]" classname="se.redmind.rmtest.report.tests.GraphPage(20150511-151946)" time="2.403"/>
  <testcase name="test_changeRunLimit_20[Android_5.0.1_Nexus 9_Chrome_UNKNOWN]" classname="se.redmind.rmtest.report.tests.GraphPage(20150511-151946)" time="5.542"/>
  <testcase name="test_Specifications_CheckDeviceGetPlatform[OSX_UNKNOWN_AnApple_firefox_UNKNOWN]" classname="se.redmind.rmtest.report.tests.GraphPage(20150511-151946)" time="3.181"/>
  <testcase name="test_changeRunLimit_50[Android_5.0.1_Nexus 9_Chrome_UNKNOWN]" classname="se.redmind.rmtest.report.tests.GraphPage(20150511-151946)" time="3.52"/>
  <testcase name="test_ClearCheckBoxesDevice[OSX_UNKNOWN_AnApple_firefox_UNKNOWN]" classname="se.redmind.rmtest.report.tests.GraphPage(20150511-151946)" time="4.566"/>
  <testcase name="test_BreakOnVersion[Android_5.0.1_Nexus 9_Chrome_UNKNOWN]" classname="se.redmind.rmtest.report.tests.GraphPage(20150511-151946)" time="2.697"/>
  <testcase name="test_RunTime[OSX_UNKNOWN_AnApple_firefox_UNKNOWN]" classname="se.redmind.rmtest.report.tests.GraphPage(20150511-151946)" time="2.125"/>
  <testcase name="test_ClickOnSuiteLink[OSX_UNKNOWN_AnApple_firefox_UNKNOWN]" classname="se.redmind.rmtest.report.tests.GraphPage(20150511-151946)" time="4.419"/>
  <testcase name="test_Specifications_CheckDeviceGetPlatform[Android_5.0.1_Nexus 9_Chrome_UNKNOWN]" classname="se.redmind.rmtest.report.tests.GraphPage(20150511-151946)" time="6.654"/>
  <testcase name="test_ClearCheckBoxesDevice[Android_5.0.1_Nexus 9_Chrome_UNKNOWN]" classname="se.redmind.rmtest.report.tests.GraphPage(20150511-151946)" time="9.613"/>
  <testcase name="test_RunTime[Android_5.0.1_Nexus 9_Chrome_UNKNOWN]" classname="se.redmind.rmtest.report.tests.GraphPage(20150511-151946)" time="7.789"/>
  <testcase name="test_ClickOnSuiteLink[Android_5.0.1_Nexus 9_Chrome_UNKNOWN]" classname="se.redmind.rmtest.report.tests.GraphPage(20150511-151946)" time="7.025"/>
  <testcase name="test_BreakOnBrowserDispTime[OSX_UNKNOWN_AnApple_firefox_UNKNOWN]" classname="se.redmind.rmtest.report.tests.SuitePage(20150511-151946)" time="0">
    <skipped/>
  </testcase>
  <testcase name="test_BreakOnBrowserDispTime[Android_4.4.3_HTC One_Chrome_UNKNOWN]" classname="se.redmind.rmtest.report.tests.SuitePage(20150511-151946)" time="0">
    <skipped/>
  </testcase>
  <testcase name="test_BreakOnBrowserDispTime[OSX_UNKNOWN_AnApple_chrome_UNKNOWN]" classname="se.redmind.rmtest.report.tests.SuitePage(20150511-151946)" time="0">
    <skipped/>
  </testcase>
  <testcase name="test_BreakOnBrowserDispTime[Android_5.0.1_Nexus 9_Chrome_UNKNOWN]" classname="se.redmind.rmtest.report.tests.SuitePage(20150511-151946)" time="0">
    <skipped/>
  </testcase>
  <testcase name="test_GoToMethods[OSX_UNKNOWN_AnApple_chrome_UNKNOWN]" classname="se.redmind.rmtest.report.tests.SuitePage(20150511-151946)" time="9.752"/>
  <testcase name="test_CheckMethod[OSX_UNKNOWN_AnApple_chrome_UNKNOWN]" classname="se.redmind.rmtest.report.tests.SuitePage(20150511-151946)" time="0">
    <skipped/>
  </testcase>
  <testcase name="test_GoToMethods[OSX_UNKNOWN_AnApple_firefox_UNKNOWN]" classname="se.redmind.rmtest.report.tests.SuitePage(20150511-151946)" time="1.504"/>
  <testcase name="test_CheckMethod[OSX_UNKNOWN_AnApple_firefox_UNKNOWN]" classname="se.redmind.rmtest.report.tests.SuitePage(20150511-151946)" time="0">
    <skipped/>
  </testcase>
  <testcase name="test_getPassFailTextClass[OSX_UNKNOWN_AnApple_chrome_UNKNOWN]" classname="se.redmind.rmtest.report.tests.SuitePage(20150511-151946)" time="1.256"/>
  <testcase name="test_getPassFailTextClass[OSX_UNKNOWN_AnApple_firefox_UNKNOWN]" classname="se.redmind.rmtest.report.tests.SuitePage(20150511-151946)" time="2.974"/>
  <testcase name="test_OrderByFailPass[OSX_UNKNOWN_AnApple_chrome_UNKNOWN]" classname="se.redmind.rmtest.report.tests.SuitePage(20150511-151946)" time="0.09"/>
  <testcase name="test_GoToMethods[Android_5.0.1_Nexus 9_Chrome_UNKNOWN]" classname="se.redmind.rmtest.report.tests.SuitePage(20150511-151946)" time="3.738"/>
  <testcase name="test_CheckMethod[Android_5.0.1_Nexus 9_Chrome_UNKNOWN]" classname="se.redmind.rmtest.report.tests.SuitePage(20150511-151946)" time="0">
    <skipped/>
  </testcase>
  <testcase name="test_getErrorCase[OSX_UNKNOWN_AnApple_chrome_UNKNOWN]" classname="se.redmind.rmtest.report.tests.SuitePage(20150511-151946)" time="0.448"/>
  <testcase name="test_OrderByFailPass[OSX_UNKNOWN_AnApple_firefox_UNKNOWN]" classname="se.redmind.rmtest.report.tests.SuitePage(20150511-151946)" time="0.619"/>
  <testcase name="test_ClickOnClassReload[OSX_UNKNOWN_AnApple_chrome_UNKNOWN]" classname="se.redmind.rmtest.report.tests.SuitePage(20150511-151946)" time="2.306"/>
  <testcase name="test_GoToMethods[Android_4.4.3_HTC One_Chrome_UNKNOWN]" classname="se.redmind.rmtest.report.tests.SuitePage(20150511-151946)" time="0.639">
    <error message="An unknown server-side error occurred while processing the command. (WARNING: The server did not provide any stacktrace information)&#10;Command duration or timeout: 277 milliseconds&#10;Build info: version: &apos;2.45.0&apos;, revision: &apos;5017cb8e7ca8e37638dc3091b2440b90a1d8686f&apos;, time: &apos;2015-02-27 09:10:26&apos;&#10;System info: host: &apos;N/A&apos;, ip: &apos;N/A&apos;, os.name: &apos;Mac OS X&apos;, os.arch: &apos;x86_64&apos;, os.version: &apos;10.10.3&apos;, java.version: &apos;1.7.0_55&apos;&#10;Session ID: 40b529bfac3bc8cfe4e947785c770de1&#10;Driver info: io.appium.java_client.android.AndroidDriver&#10;Capabilities [{platform=ANDROID, acceptSslCerts=true, javascriptEnabled=true, browserName=chrome, chrome={}, rotatable=false, locationContextEnabled=true, mobileEmulationEnabled=false, version=42.0.2311.111, takesHeapSnapshot=true, cssSelectorsEnabled=true, databaseEnabled=false, handlesAlerts=true, browserConnectionEnabled=false, webStorageEnabled=true, nativeEvents=true, applicationCacheEnabled=false, takesScreenshot=true}]" type="org.openqa.selenium.WebDriverException">org.openqa.selenium.WebDriverException: An unknown server-side error occurred while processing the command. (WARNING: The server did not provide any stacktrace information)
Command duration or timeout: 277 milliseconds
Build info: version: '2.45.0', revision: '5017cb8e7ca8e37638dc3091b2440b90a1d8686f', time: '2015-02-27 09:10:26'
System info: host: 'N/A', ip: 'N/A', os.name: 'Mac OS X', os.arch: 'x86_64', os.version: '10.10.3', java.version: '1.7.0_55'
Session ID: 40b529bfac3bc8cfe4e947785c770de1
Driver info: io.appium.java_client.android.AndroidDriver
Capabilities [{platform=ANDROID, acceptSslCerts=true, javascriptEnabled=true, browserName=chrome, chrome={}, rotatable=false, locationContextEnabled=true, mobileEmulationEnabled=false, version=42.0.2311.111, takesHeapSnapshot=true, cssSelectorsEnabled=true, databaseEnabled=false, handlesAlerts=true, browserConnectionEnabled=false, webStorageEnabled=true, nativeEvents=true, applicationCacheEnabled=false, takesScreenshot=true}]
	at sun.reflect.GeneratedConstructorAccessor18.newInstance(Unknown Source)
	at sun.reflect.DelegatingConstructorAccessorImpl.newInstance(DelegatingConstructorAccessorImpl.java:45)
	at java.lang.reflect.Constructor.newInstance(Constructor.java:526)
	at org.openqa.selenium.remote.ErrorHandler.createThrowable(ErrorHandler.java:204)
	at org.openqa.selenium.remote.ErrorHandler.throwIfResponseFailed(ErrorHandler.java:156)
	at org.openqa.selenium.remote.RemoteWebDriver.execute(RemoteWebDriver.java:599)
	at io.appium.java_client.AppiumDriver.execute(AppiumDriver.java:180)
	at org.openqa.selenium.remote.RemoteWebElement.execute(RemoteWebElement.java:268)
	at org.openqa.selenium.remote.RemoteWebElement.click(RemoteWebElement.java:79)
	at se.redmind.rmtest.report.nav.SuiteController.clickOnBar(SuiteController.java:43)
	at se.redmind.rmtest.report.tests.SuitePage.test_GoToMethods(SuitePage.java:87)
</error>
  </testcase>
  <testcase name="test_CheckMethod[Android_4.4.3_HTC One_Chrome_UNKNOWN]" classname="se.redmind.rmtest.report.tests.SuitePage(20150511-151946)" time="0">
    <skipped/>
  </testcase>
  <testcase name="test_getPassFailTextClass[Android_5.0.1_Nexus 9_Chrome_UNKNOWN]" classname="se.redmind.rmtest.report.tests.SuitePage(20150511-151946)" time="1.765"/>
  <testcase name="test_ClickOnClassLink[OSX_UNKNOWN_AnApple_chrome_UNKNOWN]" classname="se.redmind.rmtest.report.tests.SuitePage(20150511-151946)" time="0.019"/>
  <testcase name="test_ClickOnThisTestOnly[OSX_UNKNOWN_AnApple_chrome_UNKNOWN]" classname="se.redmind.rmtest.report.tests.SuitePage(20150511-151946)" time="3.536"/>
  <testcase name="test_getErrorCase[OSX_UNKNOWN_AnApple_firefox_UNKNOWN]" classname="se.redmind.rmtest.report.tests.SuitePage(20150511-151946)" time="0.073"/>
  <testcase name="test_getPassFailTextClass[Android_4.4.3_HTC One_Chrome_UNKNOWN]" classname="se.redmind.rmtest.report.tests.SuitePage(20150511-151946)" time="0.499">
    <error message="An unknown server-side error occurred while processing the command. (WARNING: The server did not provide any stacktrace information)&#10;Command duration or timeout: 366 milliseconds&#10;Build info: version: &apos;2.45.0&apos;, revision: &apos;5017cb8e7ca8e37638dc3091b2440b90a1d8686f&apos;, time: &apos;2015-02-27 09:10:26&apos;&#10;System info: host: &apos;N/A&apos;, ip: &apos;N/A&apos;, os.name: &apos;Mac OS X&apos;, os.arch: &apos;x86_64&apos;, os.version: &apos;10.10.3&apos;, java.version: &apos;1.7.0_55&apos;&#10;Session ID: 40b529bfac3bc8cfe4e947785c770de1&#10;Driver info: io.appium.java_client.android.AndroidDriver&#10;Capabilities [{platform=ANDROID, acceptSslCerts=true, javascriptEnabled=true, browserName=chrome, chrome={}, rotatable=false, locationContextEnabled=true, mobileEmulationEnabled=false, version=42.0.2311.111, takesHeapSnapshot=true, cssSelectorsEnabled=true, databaseEnabled=false, handlesAlerts=true, browserConnectionEnabled=false, webStorageEnabled=true, nativeEvents=true, applicationCacheEnabled=false, takesScreenshot=true}]" type="org.openqa.selenium.WebDriverException"><![CDATA[org.openqa.selenium.WebDriverException: An unknown server-side error occurred while processing the command. (WARNING: The server did not provide any stacktrace information)
Command duration or timeout: 366 milliseconds
Build info: version: '2.45.0', revision: '5017cb8e7ca8e37638dc3091b2440b90a1d8686f', time: '2015-02-27 09:10:26'
System info: host: 'N/A', ip: 'N/A', os.name: 'Mac OS X', os.arch: 'x86_64', os.version: '10.10.3', java.version: '1.7.0_55'
Session ID: 40b529bfac3bc8cfe4e947785c770de1
Driver info: io.appium.java_client.android.AndroidDriver
Capabilities [{platform=ANDROID, acceptSslCerts=true, javascriptEnabled=true, browserName=chrome, chrome={}, rotatable=false, locationContextEnabled=true, mobileEmulationEnabled=false, version=42.0.2311.111, takesHeapSnapshot=true, cssSelectorsEnabled=true, databaseEnabled=false, handlesAlerts=true, browserConnectionEnabled=false, webStorageEnabled=true, nativeEvents=true, applicationCacheEnabled=false, takesScreenshot=true}]
	at sun.reflect.GeneratedConstructorAccessor18.newInstance(Unknown Source)
	at sun.reflect.DelegatingConstructorAccessorImpl.newInstance(DelegatingConstructorAccessorImpl.java:45)
	at java.lang.reflect.Constructor.newInstance(Constructor.java:526)
	at org.openqa.selenium.remote.ErrorHandler.createThrowable(ErrorHandler.java:204)
	at org.openqa.selenium.remote.ErrorHandler.throwIfResponseFailed(ErrorHandler.java:156)
	at org.openqa.selenium.remote.RemoteWebDriver.execute(RemoteWebDriver.java:599)
	at io.appium.java_client.AppiumDriver.execute(AppiumDriver.java:180)
	at org.openqa.selenium.remote.RemoteWebElement.execute(RemoteWebElement.java:268)
	at org.openqa.selenium.remote.RemoteWebElement.click(RemoteWebElement.java:79)
	at se.redmind.rmtest.report.nav.BaseNav.getFirstSuiteSection(BaseNav.java:72)
	at se.redmind.rmtest.report.nav.GraphNav.getFirstSuiteSection(GraphNav.java:5)
	at se.redmind.rmtest.report.nav.GraphNav.navigate(GraphNav.java:20)
	at se.redmind.rmtest.report.nav.BaseNav.<init>(BaseNav.java:20)
	at se.redmind.rmtest.report.nav.GraphNav.<init>(GraphNav.java:12)
	at se.redmind.rmtest.report.tests.SuitePage.beforeTest(SuitePage.java:73)
]]></error>
  </testcase>
  <testcase name="test_OrderByFailPass[Android_5.0.1_Nexus 9_Chrome_UNKNOWN]" classname="se.redmind.rmtest.report.tests.SuitePage(20150511-151946)" time="1.298"/>
  <testcase name="test_FilterCleanUp[OSX_UNKNOWN_AnApple_chrome_UNKNOWN]" classname="se.redmind.rmtest.report.tests.SuitePage(20150511-151946)" time="1.412"/>
  <testcase name="test_OrderByFailPass[Android_4.4.3_HTC One_Chrome_UNKNOWN]" classname="se.redmind.rmtest.report.tests.SuitePage(20150511-151946)" time="2.351">
    <error message="An unknown server-side error occurred while processing the command. (WARNING: The server did not provide any stacktrace information)&#10;Command duration or timeout: 395 milliseconds&#10;Build info: version: &apos;2.45.0&apos;, revision: &apos;5017cb8e7ca8e37638dc3091b2440b90a1d8686f&apos;, time: &apos;2015-02-27 09:10:26&apos;&#10;System info: host: &apos;N/A&apos;, ip: &apos;N/A&apos;, os.name: &apos;Mac OS X&apos;, os.arch: &apos;x86_64&apos;, os.version: &apos;10.10.3&apos;, java.version: &apos;1.7.0_55&apos;&#10;Session ID: 40b529bfac3bc8cfe4e947785c770de1&#10;Driver info: io.appium.java_client.android.AndroidDriver&#10;Capabilities [{platform=ANDROID, acceptSslCerts=true, javascriptEnabled=true, browserName=chrome, chrome={}, rotatable=false, locationContextEnabled=true, mobileEmulationEnabled=false, version=42.0.2311.111, takesHeapSnapshot=true, cssSelectorsEnabled=true, databaseEnabled=false, handlesAlerts=true, browserConnectionEnabled=false, webStorageEnabled=true, nativeEvents=true, applicationCacheEnabled=false, takesScreenshot=true}]" type="org.openqa.selenium.WebDriverException"><![CDATA[org.openqa.selenium.WebDriverException: An unknown server-side error occurred while processing the command. (WARNING: The server did not provide any stacktrace information)
Command duration or timeout: 395 milliseconds
Build info: version: '2.45.0', revision: '5017cb8e7ca8e37638dc3091b2440b90a1d8686f', time: '2015-02-27 09:10:26'
System info: host: 'N/A', ip: 'N/A', os.name: 'Mac OS X', os.arch: 'x86_64', os.version: '10.10.3', java.version: '1.7.0_55'
Session ID: 40b529bfac3bc8cfe4e947785c770de1
Driver info: io.appium.java_client.android.AndroidDriver
Capabilities [{platform=ANDROID, acceptSslCerts=true, javascriptEnabled=true, browserName=chrome, chrome={}, rotatable=false, locationContextEnabled=true, mobileEmulationEnabled=false, version=42.0.2311.111, takesHeapSnapshot=true, cssSelectorsEnabled=true, databaseEnabled=false, handlesAlerts=true, browserConnectionEnabled=false, webStorageEnabled=true, nativeEvents=true, applicationCacheEnabled=false, takesScreenshot=true}]
	at sun.reflect.GeneratedConstructorAccessor18.newInstance(Unknown Source)
	at sun.reflect.DelegatingConstructorAccessorImpl.newInstance(DelegatingConstructorAccessorImpl.java:45)
	at java.lang.reflect.Constructor.newInstance(Constructor.java:526)
	at org.openqa.selenium.remote.ErrorHandler.createThrowable(ErrorHandler.java:204)
	at org.openqa.selenium.remote.ErrorHandler.throwIfResponseFailed(ErrorHandler.java:156)
	at org.openqa.selenium.remote.RemoteWebDriver.execute(RemoteWebDriver.java:599)
	at io.appium.java_client.AppiumDriver.execute(AppiumDriver.java:180)
	at org.openqa.selenium.remote.RemoteWebElement.execute(RemoteWebElement.java:268)
	at org.openqa.selenium.remote.RemoteWebElement.click(RemoteWebElement.java:79)
	at se.redmind.rmtest.report.nav.BaseNav.getFirstSuiteSection(BaseNav.java:72)
	at se.redmind.rmtest.report.nav.GraphNav.getFirstSuiteSection(GraphNav.java:5)
	at se.redmind.rmtest.report.nav.GraphNav.navigate(GraphNav.java:20)
	at se.redmind.rmtest.report.nav.BaseNav.<init>(BaseNav.java:20)
	at se.redmind.rmtest.report.nav.GraphNav.<init>(GraphNav.java:12)
	at se.redmind.rmtest.report.tests.SuitePage.beforeTest(SuitePage.java:73)
]]></error>
  </testcase>
  <testcase name="test_clickOnMethodLink[OSX_UNKNOWN_AnApple_chrome_UNKNOWN]" classname="se.redmind.rmtest.report.tests.SuitePage(20150511-151946)" time="0.944"/>
  <testcase name="test_ClickOnClassReload[OSX_UNKNOWN_AnApple_firefox_UNKNOWN]" classname="se.redmind.rmtest.report.tests.SuitePage(20150511-151946)" time="0.344"/>
  <testcase name="test_getErrorCase[Android_5.0.1_Nexus 9_Chrome_UNKNOWN]" classname="se.redmind.rmtest.report.tests.SuitePage(20150511-151946)" time="2.036"/>
  <testcase name="test_getPassFailTextMethod[OSX_UNKNOWN_AnApple_chrome_UNKNOWN]" classname="se.redmind.rmtest.report.tests.SuitePage(20150511-151946)" time="0.222"/>
  <testcase name="test_CheckClass[OSX_UNKNOWN_AnApple_chrome_UNKNOWN]" classname="se.redmind.rmtest.report.tests.SuitePage(20150511-151946)" time="0">
    <skipped/>
  </testcase>
  <testcase name="test_getErrorCase[Android_4.4.3_HTC One_Chrome_UNKNOWN]" classname="se.redmind.rmtest.report.tests.SuitePage(20150511-151946)" time="1.426">
    <error message="An unknown server-side error occurred while processing the command. (WARNING: The server did not provide any stacktrace information)&#10;Command duration or timeout: 441 milliseconds&#10;Build info: version: &apos;2.45.0&apos;, revision: &apos;5017cb8e7ca8e37638dc3091b2440b90a1d8686f&apos;, time: &apos;2015-02-27 09:10:26&apos;&#10;System info: host: &apos;N/A&apos;, ip: &apos;N/A&apos;, os.name: &apos;Mac OS X&apos;, os.arch: &apos;x86_64&apos;, os.version: &apos;10.10.3&apos;, java.version: &apos;1.7.0_55&apos;&#10;Session ID: 40b529bfac3bc8cfe4e947785c770de1&#10;Driver info: io.appium.java_client.android.AndroidDriver&#10;Capabilities [{platform=ANDROID, acceptSslCerts=true, javascriptEnabled=true, browserName=chrome, chrome={}, rotatable=false, locationContextEnabled=true, mobileEmulationEnabled=false, version=42.0.2311.111, takesHeapSnapshot=true, cssSelectorsEnabled=true, databaseEnabled=false, handlesAlerts=true, browserConnectionEnabled=false, webStorageEnabled=true, nativeEvents=true, applicationCacheEnabled=false, takesScreenshot=true}]" type="org.openqa.selenium.WebDriverException"><![CDATA[org.openqa.selenium.WebDriverException: An unknown server-side error occurred while processing the command. (WARNING: The server did not provide any stacktrace information)
Command duration or timeout: 441 milliseconds
Build info: version: '2.45.0', revision: '5017cb8e7ca8e37638dc3091b2440b90a1d8686f', time: '2015-02-27 09:10:26'
System info: host: 'N/A', ip: 'N/A', os.name: 'Mac OS X', os.arch: 'x86_64', os.version: '10.10.3', java.version: '1.7.0_55'
Session ID: 40b529bfac3bc8cfe4e947785c770de1
Driver info: io.appium.java_client.android.AndroidDriver
Capabilities [{platform=ANDROID, acceptSslCerts=true, javascriptEnabled=true, browserName=chrome, chrome={}, rotatable=false, locationContextEnabled=true, mobileEmulationEnabled=false, version=42.0.2311.111, takesHeapSnapshot=true, cssSelectorsEnabled=true, databaseEnabled=false, handlesAlerts=true, browserConnectionEnabled=false, webStorageEnabled=true, nativeEvents=true, applicationCacheEnabled=false, takesScreenshot=true}]
	at sun.reflect.GeneratedConstructorAccessor18.newInstance(Unknown Source)
	at sun.reflect.DelegatingConstructorAccessorImpl.newInstance(DelegatingConstructorAccessorImpl.java:45)
	at java.lang.reflect.Constructor.newInstance(Constructor.java:526)
	at org.openqa.selenium.remote.ErrorHandler.createThrowable(ErrorHandler.java:204)
	at org.openqa.selenium.remote.ErrorHandler.throwIfResponseFailed(ErrorHandler.java:156)
	at org.openqa.selenium.remote.RemoteWebDriver.execute(RemoteWebDriver.java:599)
	at io.appium.java_client.AppiumDriver.execute(AppiumDriver.java:180)
	at org.openqa.selenium.remote.RemoteWebElement.execute(RemoteWebElement.java:268)
	at org.openqa.selenium.remote.RemoteWebElement.click(RemoteWebElement.java:79)
	at se.redmind.rmtest.report.nav.BaseNav.getFirstSuiteSection(BaseNav.java:72)
	at se.redmind.rmtest.report.nav.GraphNav.getFirstSuiteSection(GraphNav.java:5)
	at se.redmind.rmtest.report.nav.GraphNav.navigate(GraphNav.java:20)
	at se.redmind.rmtest.report.nav.BaseNav.<init>(BaseNav.java:20)
	at se.redmind.rmtest.report.nav.GraphNav.<init>(GraphNav.java:12)
	at se.redmind.rmtest.report.tests.SuitePage.beforeTest(SuitePage.java:73)
]]></error>
  </testcase>
  <testcase name="test_ClickOnClassLink[OSX_UNKNOWN_AnApple_firefox_UNKNOWN]" classname="se.redmind.rmtest.report.tests.SuitePage(20150511-151946)" time="1.796"/>
  <testcase name="test_ClickOnLastCase[OSX_UNKNOWN_AnApple_chrome_UNKNOWN]" classname="se.redmind.rmtest.report.tests.SuitePage(20150511-151946)" time="1.094">
    <failure message="expected:&lt;[No Message To Display]&gt; but was:&lt;[This test passed]&gt;" type="org.junit.ComparisonFailure"><![CDATA[org.junit.ComparisonFailure: expected:<[No Message To Display]> but was:<[This test passed]>
	at org.junit.Assert.assertEquals(Assert.java:115)
	at org.junit.Assert.assertEquals(Assert.java:144)
	at se.redmind.rmtest.report.tests.SuitePage.test_ClickOnLastCase(SuitePage.java:131)
]]></failure>
  </testcase>
  <testcase name="test_ClickOnClassReload[Android_4.4.3_HTC One_Chrome_UNKNOWN]" classname="se.redmind.rmtest.report.tests.SuitePage(20150511-151946)" time="2.167">
    <error message="An unknown server-side error occurred while processing the command. (WARNING: The server did not provide any stacktrace information)&#10;Command duration or timeout: 312 milliseconds&#10;Build info: version: &apos;2.45.0&apos;, revision: &apos;5017cb8e7ca8e37638dc3091b2440b90a1d8686f&apos;, time: &apos;2015-02-27 09:10:26&apos;&#10;System info: host: &apos;N/A&apos;, ip: &apos;N/A&apos;, os.name: &apos;Mac OS X&apos;, os.arch: &apos;x86_64&apos;, os.version: &apos;10.10.3&apos;, java.version: &apos;1.7.0_55&apos;&#10;Session ID: 40b529bfac3bc8cfe4e947785c770de1&#10;Driver info: io.appium.java_client.android.AndroidDriver&#10;Capabilities [{platform=ANDROID, acceptSslCerts=true, javascriptEnabled=true, browserName=chrome, chrome={}, rotatable=false, locationContextEnabled=true, mobileEmulationEnabled=false, version=42.0.2311.111, takesHeapSnapshot=true, cssSelectorsEnabled=true, databaseEnabled=false, handlesAlerts=true, browserConnectionEnabled=false, webStorageEnabled=true, nativeEvents=true, applicationCacheEnabled=false, takesScreenshot=true}]" type="org.openqa.selenium.WebDriverException"><![CDATA[org.openqa.selenium.WebDriverException: An unknown server-side error occurred while processing the command. (WARNING: The server did not provide any stacktrace information)
Command duration or timeout: 312 milliseconds
Build info: version: '2.45.0', revision: '5017cb8e7ca8e37638dc3091b2440b90a1d8686f', time: '2015-02-27 09:10:26'
System info: host: 'N/A', ip: 'N/A', os.name: 'Mac OS X', os.arch: 'x86_64', os.version: '10.10.3', java.version: '1.7.0_55'
Session ID: 40b529bfac3bc8cfe4e947785c770de1
Driver info: io.appium.java_client.android.AndroidDriver
Capabilities [{platform=ANDROID, acceptSslCerts=true, javascriptEnabled=true, browserName=chrome, chrome={}, rotatable=false, locationContextEnabled=true, mobileEmulationEnabled=false, version=42.0.2311.111, takesHeapSnapshot=true, cssSelectorsEnabled=true, databaseEnabled=false, handlesAlerts=true, browserConnectionEnabled=false, webStorageEnabled=true, nativeEvents=true, applicationCacheEnabled=false, takesScreenshot=true}]
	at sun.reflect.GeneratedConstructorAccessor18.newInstance(Unknown Source)
	at sun.reflect.DelegatingConstructorAccessorImpl.newInstance(DelegatingConstructorAccessorImpl.java:45)
	at java.lang.reflect.Constructor.newInstance(Constructor.java:526)
	at org.openqa.selenium.remote.ErrorHandler.createThrowable(ErrorHandler.java:204)
	at org.openqa.selenium.remote.ErrorHandler.throwIfResponseFailed(ErrorHandler.java:156)
	at org.openqa.selenium.remote.RemoteWebDriver.execute(RemoteWebDriver.java:599)
	at io.appium.java_client.AppiumDriver.execute(AppiumDriver.java:180)
	at org.openqa.selenium.remote.RemoteWebElement.execute(RemoteWebElement.java:268)
	at org.openqa.selenium.remote.RemoteWebElement.click(RemoteWebElement.java:79)
	at se.redmind.rmtest.report.nav.BaseNav.getFirstSuiteSection(BaseNav.java:72)
	at se.redmind.rmtest.report.nav.GraphNav.getFirstSuiteSection(GraphNav.java:5)
	at se.redmind.rmtest.report.nav.GraphNav.navigate(GraphNav.java:20)
	at se.redmind.rmtest.report.nav.BaseNav.<init>(BaseNav.java:20)
	at se.redmind.rmtest.report.nav.GraphNav.<init>(GraphNav.java:12)
	at se.redmind.rmtest.report.tests.SuitePage.beforeTest(SuitePage.java:73)
]]></error>
  </testcase>
  <testcase name="test_ClickOnClassReload[Android_5.0.1_Nexus 9_Chrome_UNKNOWN]" classname="se.redmind.rmtest.report.tests.SuitePage(20150511-151946)" time="0.221"/>
  <testcase name="test_GoToCases[OSX_UNKNOWN_AnApple_chrome_UNKNOWN]" classname="se.redmind.rmtest.report.tests.SuitePage(20150511-151946)" time="1.178"/>
  <testcase name="test_ClickOnClassLink[Android_4.4.3_HTC One_Chrome_UNKNOWN]" classname="se.redmind.rmtest.report.tests.SuitePage(20150511-151946)" time="3.036">
    <error message="An unknown server-side error occurred while processing the command. (WARNING: The server did not provide any stacktrace information)&#10;Command duration or timeout: 240 milliseconds&#10;Build info: version: &apos;2.45.0&apos;, revision: &apos;5017cb8e7ca8e37638dc3091b2440b90a1d8686f&apos;, time: &apos;2015-02-27 09:10:26&apos;&#10;System info: host: &apos;N/A&apos;, ip: &apos;N/A&apos;, os.name: &apos;Mac OS X&apos;, os.arch: &apos;x86_64&apos;, os.version: &apos;10.10.3&apos;, java.version: &apos;1.7.0_55&apos;&#10;Session ID: 40b529bfac3bc8cfe4e947785c770de1&#10;Driver info: io.appium.java_client.android.AndroidDriver&#10;Capabilities [{platform=ANDROID, acceptSslCerts=true, javascriptEnabled=true, browserName=chrome, chrome={}, rotatable=false, locationContextEnabled=true, mobileEmulationEnabled=false, version=42.0.2311.111, takesHeapSnapshot=true, cssSelectorsEnabled=true, databaseEnabled=false, handlesAlerts=true, browserConnectionEnabled=false, webStorageEnabled=true, nativeEvents=true, applicationCacheEnabled=false, takesScreenshot=true}]" type="org.openqa.selenium.WebDriverException"><![CDATA[org.openqa.selenium.WebDriverException: An unknown server-side error occurred while processing the command. (WARNING: The server did not provide any stacktrace information)
Command duration or timeout: 240 milliseconds
Build info: version: '2.45.0', revision: '5017cb8e7ca8e37638dc3091b2440b90a1d8686f', time: '2015-02-27 09:10:26'
System info: host: 'N/A', ip: 'N/A', os.name: 'Mac OS X', os.arch: 'x86_64', os.version: '10.10.3', java.version: '1.7.0_55'
Session ID: 40b529bfac3bc8cfe4e947785c770de1
Driver info: io.appium.java_client.android.AndroidDriver
Capabilities [{platform=ANDROID, acceptSslCerts=true, javascriptEnabled=true, browserName=chrome, chrome={}, rotatable=false, locationContextEnabled=true, mobileEmulationEnabled=false, version=42.0.2311.111, takesHeapSnapshot=true, cssSelectorsEnabled=true, databaseEnabled=false, handlesAlerts=true, browserConnectionEnabled=false, webStorageEnabled=true, nativeEvents=true, applicationCacheEnabled=false, takesScreenshot=true}]
	at sun.reflect.GeneratedConstructorAccessor18.newInstance(Unknown Source)
	at sun.reflect.DelegatingConstructorAccessorImpl.newInstance(DelegatingConstructorAccessorImpl.java:45)
	at java.lang.reflect.Constructor.newInstance(Constructor.java:526)
	at org.openqa.selenium.remote.ErrorHandler.createThrowable(ErrorHandler.java:204)
	at org.openqa.selenium.remote.ErrorHandler.throwIfResponseFailed(ErrorHandler.java:156)
	at org.openqa.selenium.remote.RemoteWebDriver.execute(RemoteWebDriver.java:599)
	at io.appium.java_client.AppiumDriver.execute(AppiumDriver.java:180)
	at org.openqa.selenium.remote.RemoteWebElement.execute(RemoteWebElement.java:268)
	at org.openqa.selenium.remote.RemoteWebElement.click(RemoteWebElement.java:79)
	at se.redmind.rmtest.report.nav.BaseNav.getFirstSuiteSection(BaseNav.java:72)
	at se.redmind.rmtest.report.nav.GraphNav.getFirstSuiteSection(GraphNav.java:5)
	at se.redmind.rmtest.report.nav.GraphNav.navigate(GraphNav.java:20)
	at se.redmind.rmtest.report.nav.BaseNav.<init>(BaseNav.java:20)
	at se.redmind.rmtest.report.nav.GraphNav.<init>(GraphNav.java:12)
	at se.redmind.rmtest.report.tests.SuitePage.beforeTest(SuitePage.java:73)
]]></error>
  </testcase>
  <testcase name="test_ClickOnThisTestOnly[OSX_UNKNOWN_AnApple_firefox_UNKNOWN]" classname="se.redmind.rmtest.report.tests.SuitePage(20150511-151946)" time="0.088"/>
  <testcase name="test_FilterOnChrome[OSX_UNKNOWN_AnApple_chrome_UNKNOWN]" classname="se.redmind.rmtest.report.tests.SuitePage(20150511-151946)" time="0.335"/>
  <testcase name="test_ClickOnClassLink[Android_5.0.1_Nexus 9_Chrome_UNKNOWN]" classname="se.redmind.rmtest.report.tests.SuitePage(20150511-151946)" time="2.06"/>
  <testcase name="test_ClickOnThisTestOnly[Android_4.4.3_HTC One_Chrome_UNKNOWN]" classname="se.redmind.rmtest.report.tests.SuitePage(20150511-151946)" time="2.415">
    <error message="An unknown server-side error occurred while processing the command. (WARNING: The server did not provide any stacktrace information)&#10;Command duration or timeout: 363 milliseconds&#10;Build info: version: &apos;2.45.0&apos;, revision: &apos;5017cb8e7ca8e37638dc3091b2440b90a1d8686f&apos;, time: &apos;2015-02-27 09:10:26&apos;&#10;System info: host: &apos;N/A&apos;, ip: &apos;N/A&apos;, os.name: &apos;Mac OS X&apos;, os.arch: &apos;x86_64&apos;, os.version: &apos;10.10.3&apos;, java.version: &apos;1.7.0_55&apos;&#10;Session ID: 40b529bfac3bc8cfe4e947785c770de1&#10;Driver info: io.appium.java_client.android.AndroidDriver&#10;Capabilities [{platform=ANDROID, acceptSslCerts=true, javascriptEnabled=true, browserName=chrome, chrome={}, rotatable=false, locationContextEnabled=true, mobileEmulationEnabled=false, version=42.0.2311.111, takesHeapSnapshot=true, cssSelectorsEnabled=true, databaseEnabled=false, handlesAlerts=true, browserConnectionEnabled=false, webStorageEnabled=true, nativeEvents=true, applicationCacheEnabled=false, takesScreenshot=true}]" type="org.openqa.selenium.WebDriverException"><![CDATA[org.openqa.selenium.WebDriverException: An unknown server-side error occurred while processing the command. (WARNING: The server did not provide any stacktrace information)
Command duration or timeout: 363 milliseconds
Build info: version: '2.45.0', revision: '5017cb8e7ca8e37638dc3091b2440b90a1d8686f', time: '2015-02-27 09:10:26'
System info: host: 'N/A', ip: 'N/A', os.name: 'Mac OS X', os.arch: 'x86_64', os.version: '10.10.3', java.version: '1.7.0_55'
Session ID: 40b529bfac3bc8cfe4e947785c770de1
Driver info: io.appium.java_client.android.AndroidDriver
Capabilities [{platform=ANDROID, acceptSslCerts=true, javascriptEnabled=true, browserName=chrome, chrome={}, rotatable=false, locationContextEnabled=true, mobileEmulationEnabled=false, version=42.0.2311.111, takesHeapSnapshot=true, cssSelectorsEnabled=true, databaseEnabled=false, handlesAlerts=true, browserConnectionEnabled=false, webStorageEnabled=true, nativeEvents=true, applicationCacheEnabled=false, takesScreenshot=true}]
	at sun.reflect.GeneratedConstructorAccessor18.newInstance(Unknown Source)
	at sun.reflect.DelegatingConstructorAccessorImpl.newInstance(DelegatingConstructorAccessorImpl.java:45)
	at java.lang.reflect.Constructor.newInstance(Constructor.java:526)
	at org.openqa.selenium.remote.ErrorHandler.createThrowable(ErrorHandler.java:204)
	at org.openqa.selenium.remote.ErrorHandler.throwIfResponseFailed(ErrorHandler.java:156)
	at org.openqa.selenium.remote.RemoteWebDriver.execute(RemoteWebDriver.java:599)
	at io.appium.java_client.AppiumDriver.execute(AppiumDriver.java:180)
	at org.openqa.selenium.remote.RemoteWebElement.execute(RemoteWebElement.java:268)
	at org.openqa.selenium.remote.RemoteWebElement.click(RemoteWebElement.java:79)
	at se.redmind.rmtest.report.nav.BaseNav.getFirstSuiteSection(BaseNav.java:72)
	at se.redmind.rmtest.report.nav.GraphNav.getFirstSuiteSection(GraphNav.java:5)
	at se.redmind.rmtest.report.nav.GraphNav.navigate(GraphNav.java:20)
	at se.redmind.rmtest.report.nav.BaseNav.<init>(BaseNav.java:20)
	at se.redmind.rmtest.report.nav.GraphNav.<init>(GraphNav.java:12)
	at se.redmind.rmtest.report.tests.SuitePage.beforeTest(SuitePage.java:73)
]]></error>
  </testcase>
  <testcase name="test_FilterCleanUp[OSX_UNKNOWN_AnApple_firefox_UNKNOWN]" classname="se.redmind.rmtest.report.tests.SuitePage(20150511-151946)" time="0.048"/>
  <testcase name="test_ClickOnThisTestOnly[Android_5.0.1_Nexus 9_Chrome_UNKNOWN]" classname="se.redmind.rmtest.report.tests.SuitePage(20150511-151946)" time="4.513"/>
  <testcase name="test_FilterCleanUp[Android_4.4.3_HTC One_Chrome_UNKNOWN]" classname="se.redmind.rmtest.report.tests.SuitePage(20150511-151946)" time="0.353">
    <error message="An unknown server-side error occurred while processing the command. (WARNING: The server did not provide any stacktrace information)&#10;Command duration or timeout: 455 milliseconds&#10;Build info: version: &apos;2.45.0&apos;, revision: &apos;5017cb8e7ca8e37638dc3091b2440b90a1d8686f&apos;, time: &apos;2015-02-27 09:10:26&apos;&#10;System info: host: &apos;N/A&apos;, ip: &apos;N/A&apos;, os.name: &apos;Mac OS X&apos;, os.arch: &apos;x86_64&apos;, os.version: &apos;10.10.3&apos;, java.version: &apos;1.7.0_55&apos;&#10;Session ID: 40b529bfac3bc8cfe4e947785c770de1&#10;Driver info: io.appium.java_client.android.AndroidDriver&#10;Capabilities [{platform=ANDROID, acceptSslCerts=true, javascriptEnabled=true, browserName=chrome, chrome={}, rotatable=false, locationContextEnabled=true, mobileEmulationEnabled=false, version=42.0.2311.111, takesHeapSnapshot=true, cssSelectorsEnabled=true, databaseEnabled=false, handlesAlerts=true, browserConnectionEnabled=false, webStorageEnabled=true, nativeEvents=true, applicationCacheEnabled=false, takesScreenshot=true}]" type="org.openqa.selenium.WebDriverException"><![CDATA[org.openqa.selenium.WebDriverException: An unknown server-side error occurred while processing the command. (WARNING: The server did not provide any stacktrace information)
Command duration or timeout: 455 milliseconds
Build info: version: '2.45.0', revision: '5017cb8e7ca8e37638dc3091b2440b90a1d8686f', time: '2015-02-27 09:10:26'
System info: host: 'N/A', ip: 'N/A', os.name: 'Mac OS X', os.arch: 'x86_64', os.version: '10.10.3', java.version: '1.7.0_55'
Session ID: 40b529bfac3bc8cfe4e947785c770de1
Driver info: io.appium.java_client.android.AndroidDriver
Capabilities [{platform=ANDROID, acceptSslCerts=true, javascriptEnabled=true, browserName=chrome, chrome={}, rotatable=false, locationContextEnabled=true, mobileEmulationEnabled=false, version=42.0.2311.111, takesHeapSnapshot=true, cssSelectorsEnabled=true, databaseEnabled=false, handlesAlerts=true, browserConnectionEnabled=false, webStorageEnabled=true, nativeEvents=true, applicationCacheEnabled=false, takesScreenshot=true}]
	at sun.reflect.GeneratedConstructorAccessor18.newInstance(Unknown Source)
	at sun.reflect.DelegatingConstructorAccessorImpl.newInstance(DelegatingConstructorAccessorImpl.java:45)
	at java.lang.reflect.Constructor.newInstance(Constructor.java:526)
	at org.openqa.selenium.remote.ErrorHandler.createThrowable(ErrorHandler.java:204)
	at org.openqa.selenium.remote.ErrorHandler.throwIfResponseFailed(ErrorHandler.java:156)
	at org.openqa.selenium.remote.RemoteWebDriver.execute(RemoteWebDriver.java:599)
	at io.appium.java_client.AppiumDriver.execute(AppiumDriver.java:180)
	at org.openqa.selenium.remote.RemoteWebElement.execute(RemoteWebElement.java:268)
	at org.openqa.selenium.remote.RemoteWebElement.click(RemoteWebElement.java:79)
	at se.redmind.rmtest.report.nav.BaseNav.getFirstSuiteSection(BaseNav.java:72)
	at se.redmind.rmtest.report.nav.GraphNav.getFirstSuiteSection(GraphNav.java:5)
	at se.redmind.rmtest.report.nav.GraphNav.navigate(GraphNav.java:20)
	at se.redmind.rmtest.report.nav.BaseNav.<init>(BaseNav.java:20)
	at se.redmind.rmtest.report.nav.GraphNav.<init>(GraphNav.java:12)
	at se.redmind.rmtest.report.tests.SuitePage.beforeTest(SuitePage.java:73)
]]></error>
  </testcase>
  <testcase name="test_clickOnMethodLink[OSX_UNKNOWN_AnApple_firefox_UNKNOWN]" classname="se.redmind.rmtest.report.tests.SuitePage(20150511-151946)" time="0.986"/>
  <testcase name="test_clickOnMethodLink[Android_4.4.3_HTC One_Chrome_UNKNOWN]" classname="se.redmind.rmtest.report.tests.SuitePage(20150511-151946)" time="3.512">
    <error message="An unknown server-side error occurred while processing the command. (WARNING: The server did not provide any stacktrace information)&#10;Command duration or timeout: 382 milliseconds&#10;Build info: version: &apos;2.45.0&apos;, revision: &apos;5017cb8e7ca8e37638dc3091b2440b90a1d8686f&apos;, time: &apos;2015-02-27 09:10:26&apos;&#10;System info: host: &apos;N/A&apos;, ip: &apos;N/A&apos;, os.name: &apos;Mac OS X&apos;, os.arch: &apos;x86_64&apos;, os.version: &apos;10.10.3&apos;, java.version: &apos;1.7.0_55&apos;&#10;Session ID: 40b529bfac3bc8cfe4e947785c770de1&#10;Driver info: io.appium.java_client.android.AndroidDriver&#10;Capabilities [{platform=ANDROID, acceptSslCerts=true, javascriptEnabled=true, browserName=chrome, chrome={}, rotatable=false, locationContextEnabled=true, mobileEmulationEnabled=false, version=42.0.2311.111, takesHeapSnapshot=true, cssSelectorsEnabled=true, databaseEnabled=false, handlesAlerts=true, browserConnectionEnabled=false, webStorageEnabled=true, nativeEvents=true, applicationCacheEnabled=false, takesScreenshot=true}]" type="org.openqa.selenium.WebDriverException"><![CDATA[org.openqa.selenium.WebDriverException: An unknown server-side error occurred while processing the command. (WARNING: The server did not provide any stacktrace information)
Command duration or timeout: 382 milliseconds
Build info: version: '2.45.0', revision: '5017cb8e7ca8e37638dc3091b2440b90a1d8686f', time: '2015-02-27 09:10:26'
System info: host: 'N/A', ip: 'N/A', os.name: 'Mac OS X', os.arch: 'x86_64', os.version: '10.10.3', java.version: '1.7.0_55'
Session ID: 40b529bfac3bc8cfe4e947785c770de1
Driver info: io.appium.java_client.android.AndroidDriver
Capabilities [{platform=ANDROID, acceptSslCerts=true, javascriptEnabled=true, browserName=chrome, chrome={}, rotatable=false, locationContextEnabled=true, mobileEmulationEnabled=false, version=42.0.2311.111, takesHeapSnapshot=true, cssSelectorsEnabled=true, databaseEnabled=false, handlesAlerts=true, browserConnectionEnabled=false, webStorageEnabled=true, nativeEvents=true, applicationCacheEnabled=false, takesScreenshot=true}]
	at sun.reflect.GeneratedConstructorAccessor18.newInstance(Unknown Source)
	at sun.reflect.DelegatingConstructorAccessorImpl.newInstance(DelegatingConstructorAccessorImpl.java:45)
	at java.lang.reflect.Constructor.newInstance(Constructor.java:526)
	at org.openqa.selenium.remote.ErrorHandler.createThrowable(ErrorHandler.java:204)
	at org.openqa.selenium.remote.ErrorHandler.throwIfResponseFailed(ErrorHandler.java:156)
	at org.openqa.selenium.remote.RemoteWebDriver.execute(RemoteWebDriver.java:599)
	at io.appium.java_client.AppiumDriver.execute(AppiumDriver.java:180)
	at org.openqa.selenium.remote.RemoteWebElement.execute(RemoteWebElement.java:268)
	at org.openqa.selenium.remote.RemoteWebElement.click(RemoteWebElement.java:79)
	at se.redmind.rmtest.report.nav.BaseNav.getFirstSuiteSection(BaseNav.java:72)
	at se.redmind.rmtest.report.nav.GraphNav.getFirstSuiteSection(GraphNav.java:5)
	at se.redmind.rmtest.report.nav.GraphNav.navigate(GraphNav.java:20)
	at se.redmind.rmtest.report.nav.BaseNav.<init>(BaseNav.java:20)
	at se.redmind.rmtest.report.nav.GraphNav.<init>(GraphNav.java:12)
	at se.redmind.rmtest.report.tests.SuitePage.beforeTest(SuitePage.java:73)
]]></error>
  </testcase>
  <testcase name="test_getPassFailTextMethod[OSX_UNKNOWN_AnApple_firefox_UNKNOWN]" classname="se.redmind.rmtest.report.tests.SuitePage(20150511-151946)" time="0.523"/>
  <testcase name="test_CheckClass[OSX_UNKNOWN_AnApple_firefox_UNKNOWN]" classname="se.redmind.rmtest.report.tests.SuitePage(20150511-151946)" time="0">
    <skipped/>
  </testcase>
  <testcase name="test_FilterCleanUp[Android_5.0.1_Nexus 9_Chrome_UNKNOWN]" classname="se.redmind.rmtest.report.tests.SuitePage(20150511-151946)" time="1.289"/>
  <testcase name="test_getPassFailTextMethod[Android_4.4.3_HTC One_Chrome_UNKNOWN]" classname="se.redmind.rmtest.report.tests.SuitePage(20150511-151946)" time="2.78">
    <error message="An unknown server-side error occurred while processing the command. (WARNING: The server did not provide any stacktrace information)&#10;Command duration or timeout: 343 milliseconds&#10;Build info: version: &apos;2.45.0&apos;, revision: &apos;5017cb8e7ca8e37638dc3091b2440b90a1d8686f&apos;, time: &apos;2015-02-27 09:10:26&apos;&#10;System info: host: &apos;N/A&apos;, ip: &apos;N/A&apos;, os.name: &apos;Mac OS X&apos;, os.arch: &apos;x86_64&apos;, os.version: &apos;10.10.3&apos;, java.version: &apos;1.7.0_55&apos;&#10;Session ID: 40b529bfac3bc8cfe4e947785c770de1&#10;Driver info: io.appium.java_client.android.AndroidDriver&#10;Capabilities [{platform=ANDROID, acceptSslCerts=true, javascriptEnabled=true, browserName=chrome, chrome={}, rotatable=false, locationContextEnabled=true, mobileEmulationEnabled=false, version=42.0.2311.111, takesHeapSnapshot=true, cssSelectorsEnabled=true, databaseEnabled=false, handlesAlerts=true, browserConnectionEnabled=false, webStorageEnabled=true, nativeEvents=true, applicationCacheEnabled=false, takesScreenshot=true}]" type="org.openqa.selenium.WebDriverException"><![CDATA[org.openqa.selenium.WebDriverException: An unknown server-side error occurred while processing the command. (WARNING: The server did not provide any stacktrace information)
Command duration or timeout: 343 milliseconds
Build info: version: '2.45.0', revision: '5017cb8e7ca8e37638dc3091b2440b90a1d8686f', time: '2015-02-27 09:10:26'
System info: host: 'N/A', ip: 'N/A', os.name: 'Mac OS X', os.arch: 'x86_64', os.version: '10.10.3', java.version: '1.7.0_55'
Session ID: 40b529bfac3bc8cfe4e947785c770de1
Driver info: io.appium.java_client.android.AndroidDriver
Capabilities [{platform=ANDROID, acceptSslCerts=true, javascriptEnabled=true, browserName=chrome, chrome={}, rotatable=false, locationContextEnabled=true, mobileEmulationEnabled=false, version=42.0.2311.111, takesHeapSnapshot=true, cssSelectorsEnabled=true, databaseEnabled=false, handlesAlerts=true, browserConnectionEnabled=false, webStorageEnabled=true, nativeEvents=true, applicationCacheEnabled=false, takesScreenshot=true}]
	at sun.reflect.GeneratedConstructorAccessor18.newInstance(Unknown Source)
	at sun.reflect.DelegatingConstructorAccessorImpl.newInstance(DelegatingConstructorAccessorImpl.java:45)
	at java.lang.reflect.Constructor.newInstance(Constructor.java:526)
	at org.openqa.selenium.remote.ErrorHandler.createThrowable(ErrorHandler.java:204)
	at org.openqa.selenium.remote.ErrorHandler.throwIfResponseFailed(ErrorHandler.java:156)
	at org.openqa.selenium.remote.RemoteWebDriver.execute(RemoteWebDriver.java:599)
	at io.appium.java_client.AppiumDriver.execute(AppiumDriver.java:180)
	at org.openqa.selenium.remote.RemoteWebElement.execute(RemoteWebElement.java:268)
	at org.openqa.selenium.remote.RemoteWebElement.click(RemoteWebElement.java:79)
	at se.redmind.rmtest.report.nav.BaseNav.getFirstSuiteSection(BaseNav.java:72)
	at se.redmind.rmtest.report.nav.GraphNav.getFirstSuiteSection(GraphNav.java:5)
	at se.redmind.rmtest.report.nav.GraphNav.navigate(GraphNav.java:20)
	at se.redmind.rmtest.report.nav.BaseNav.<init>(BaseNav.java:20)
	at se.redmind.rmtest.report.nav.GraphNav.<init>(GraphNav.java:12)
	at se.redmind.rmtest.report.tests.SuitePage.beforeTest(SuitePage.java:73)
]]></error>
  </testcase>
  <testcase name="test_CheckClass[Android_4.4.3_HTC One_Chrome_UNKNOWN]" classname="se.redmind.rmtest.report.tests.SuitePage(20150511-151946)" time="0">
    <skipped/>
  </testcase>
  <testcase name="test_ClickOnLastCase[OSX_UNKNOWN_AnApple_firefox_UNKNOWN]" classname="se.redmind.rmtest.report.tests.SuitePage(20150511-151946)" time="2.844">
    <failure message="expected:&lt;[No Message To Display]&gt; but was:&lt;[This test passed]&gt;" type="org.junit.ComparisonFailure"><![CDATA[org.junit.ComparisonFailure: expected:<[No Message To Display]> but was:<[This test passed]>
	at org.junit.Assert.assertEquals(Assert.java:115)
	at org.junit.Assert.assertEquals(Assert.java:144)
	at se.redmind.rmtest.report.tests.SuitePage.test_ClickOnLastCase(SuitePage.java:131)
]]></failure>
  </testcase>
  <testcase name="test_clickOnMethodLink[Android_5.0.1_Nexus 9_Chrome_UNKNOWN]" classname="se.redmind.rmtest.report.tests.SuitePage(20150511-151946)" time="1.056"/>
  <testcase name="test_ClickOnLastCase[Android_4.4.3_HTC One_Chrome_UNKNOWN]" classname="se.redmind.rmtest.report.tests.SuitePage(20150511-151946)" time="1.134">
    <error message="An unknown server-side error occurred while processing the command. (WARNING: The server did not provide any stacktrace information)&#10;Command duration or timeout: 346 milliseconds&#10;Build info: version: &apos;2.45.0&apos;, revision: &apos;5017cb8e7ca8e37638dc3091b2440b90a1d8686f&apos;, time: &apos;2015-02-27 09:10:26&apos;&#10;System info: host: &apos;N/A&apos;, ip: &apos;N/A&apos;, os.name: &apos;Mac OS X&apos;, os.arch: &apos;x86_64&apos;, os.version: &apos;10.10.3&apos;, java.version: &apos;1.7.0_55&apos;&#10;Session ID: 40b529bfac3bc8cfe4e947785c770de1&#10;Driver info: io.appium.java_client.android.AndroidDriver&#10;Capabilities [{platform=ANDROID, acceptSslCerts=true, javascriptEnabled=true, browserName=chrome, chrome={}, rotatable=false, locationContextEnabled=true, mobileEmulationEnabled=false, version=42.0.2311.111, takesHeapSnapshot=true, cssSelectorsEnabled=true, databaseEnabled=false, handlesAlerts=true, browserConnectionEnabled=false, webStorageEnabled=true, nativeEvents=true, applicationCacheEnabled=false, takesScreenshot=true}]" type="org.openqa.selenium.WebDriverException"><![CDATA[org.openqa.selenium.WebDriverException: An unknown server-side error occurred while processing the command. (WARNING: The server did not provide any stacktrace information)
Command duration or timeout: 346 milliseconds
Build info: version: '2.45.0', revision: '5017cb8e7ca8e37638dc3091b2440b90a1d8686f', time: '2015-02-27 09:10:26'
System info: host: 'N/A', ip: 'N/A', os.name: 'Mac OS X', os.arch: 'x86_64', os.version: '10.10.3', java.version: '1.7.0_55'
Session ID: 40b529bfac3bc8cfe4e947785c770de1
Driver info: io.appium.java_client.android.AndroidDriver
Capabilities [{platform=ANDROID, acceptSslCerts=true, javascriptEnabled=true, browserName=chrome, chrome={}, rotatable=false, locationContextEnabled=true, mobileEmulationEnabled=false, version=42.0.2311.111, takesHeapSnapshot=true, cssSelectorsEnabled=true, databaseEnabled=false, handlesAlerts=true, browserConnectionEnabled=false, webStorageEnabled=true, nativeEvents=true, applicationCacheEnabled=false, takesScreenshot=true}]
	at sun.reflect.GeneratedConstructorAccessor18.newInstance(Unknown Source)
	at sun.reflect.DelegatingConstructorAccessorImpl.newInstance(DelegatingConstructorAccessorImpl.java:45)
	at java.lang.reflect.Constructor.newInstance(Constructor.java:526)
	at org.openqa.selenium.remote.ErrorHandler.createThrowable(ErrorHandler.java:204)
	at org.openqa.selenium.remote.ErrorHandler.throwIfResponseFailed(ErrorHandler.java:156)
	at org.openqa.selenium.remote.RemoteWebDriver.execute(RemoteWebDriver.java:599)
	at io.appium.java_client.AppiumDriver.execute(AppiumDriver.java:180)
	at org.openqa.selenium.remote.RemoteWebElement.execute(RemoteWebElement.java:268)
	at org.openqa.selenium.remote.RemoteWebElement.click(RemoteWebElement.java:79)
	at se.redmind.rmtest.report.nav.BaseNav.getFirstSuiteSection(BaseNav.java:72)
	at se.redmind.rmtest.report.nav.GraphNav.getFirstSuiteSection(GraphNav.java:5)
	at se.redmind.rmtest.report.nav.GraphNav.navigate(GraphNav.java:20)
	at se.redmind.rmtest.report.nav.BaseNav.<init>(BaseNav.java:20)
	at se.redmind.rmtest.report.nav.GraphNav.<init>(GraphNav.java:12)
	at se.redmind.rmtest.report.tests.SuitePage.beforeTest(SuitePage.java:73)
]]></error>
  </testcase>
  <testcase name="test_GoToCases[OSX_UNKNOWN_AnApple_firefox_UNKNOWN]" classname="se.redmind.rmtest.report.tests.SuitePage(20150511-151946)" time="2.763"/>
  <testcase name="test_getPassFailTextMethod[Android_5.0.1_Nexus 9_Chrome_UNKNOWN]" classname="se.redmind.rmtest.report.tests.SuitePage(20150511-151946)" time="1.731"/>
  <testcase name="test_CheckClass[Android_5.0.1_Nexus 9_Chrome_UNKNOWN]" classname="se.redmind.rmtest.report.tests.SuitePage(20150511-151946)" time="0">
    <skipped/>
  </testcase>
  <testcase name="test_GoToCases[Android_4.4.3_HTC One_Chrome_UNKNOWN]" classname="se.redmind.rmtest.report.tests.SuitePage(20150511-151946)" time="0.097">
    <error message="An unknown server-side error occurred while processing the command. (WARNING: The server did not provide any stacktrace information)&#10;Command duration or timeout: 339 milliseconds&#10;Build info: version: &apos;2.45.0&apos;, revision: &apos;5017cb8e7ca8e37638dc3091b2440b90a1d8686f&apos;, time: &apos;2015-02-27 09:10:26&apos;&#10;System info: host: &apos;N/A&apos;, ip: &apos;N/A&apos;, os.name: &apos;Mac OS X&apos;, os.arch: &apos;x86_64&apos;, os.version: &apos;10.10.3&apos;, java.version: &apos;1.7.0_55&apos;&#10;Session ID: 40b529bfac3bc8cfe4e947785c770de1&#10;Driver info: io.appium.java_client.android.AndroidDriver&#10;Capabilities [{platform=ANDROID, acceptSslCerts=true, javascriptEnabled=true, browserName=chrome, chrome={}, rotatable=false, locationContextEnabled=true, mobileEmulationEnabled=false, version=42.0.2311.111, takesHeapSnapshot=true, cssSelectorsEnabled=true, databaseEnabled=false, handlesAlerts=true, browserConnectionEnabled=false, webStorageEnabled=true, nativeEvents=true, applicationCacheEnabled=false, takesScreenshot=true}]" type="org.openqa.selenium.WebDriverException"><![CDATA[org.openqa.selenium.WebDriverException: An unknown server-side error occurred while processing the command. (WARNING: The server did not provide any stacktrace information)
Command duration or timeout: 339 milliseconds
Build info: version: '2.45.0', revision: '5017cb8e7ca8e37638dc3091b2440b90a1d8686f', time: '2015-02-27 09:10:26'
System info: host: 'N/A', ip: 'N/A', os.name: 'Mac OS X', os.arch: 'x86_64', os.version: '10.10.3', java.version: '1.7.0_55'
Session ID: 40b529bfac3bc8cfe4e947785c770de1
Driver info: io.appium.java_client.android.AndroidDriver
Capabilities [{platform=ANDROID, acceptSslCerts=true, javascriptEnabled=true, browserName=chrome, chrome={}, rotatable=false, locationContextEnabled=true, mobileEmulationEnabled=false, version=42.0.2311.111, takesHeapSnapshot=true, cssSelectorsEnabled=true, databaseEnabled=false, handlesAlerts=true, browserConnectionEnabled=false, webStorageEnabled=true, nativeEvents=true, applicationCacheEnabled=false, takesScreenshot=true}]
	at sun.reflect.GeneratedConstructorAccessor18.newInstance(Unknown Source)
	at sun.reflect.DelegatingConstructorAccessorImpl.newInstance(DelegatingConstructorAccessorImpl.java:45)
	at java.lang.reflect.Constructor.newInstance(Constructor.java:526)
	at org.openqa.selenium.remote.ErrorHandler.createThrowable(ErrorHandler.java:204)
	at org.openqa.selenium.remote.ErrorHandler.throwIfResponseFailed(ErrorHandler.java:156)
	at org.openqa.selenium.remote.RemoteWebDriver.execute(RemoteWebDriver.java:599)
	at io.appium.java_client.AppiumDriver.execute(AppiumDriver.java:180)
	at org.openqa.selenium.remote.RemoteWebElement.execute(RemoteWebElement.java:268)
	at org.openqa.selenium.remote.RemoteWebElement.click(RemoteWebElement.java:79)
	at se.redmind.rmtest.report.nav.BaseNav.getFirstSuiteSection(BaseNav.java:72)
	at se.redmind.rmtest.report.nav.GraphNav.getFirstSuiteSection(GraphNav.java:5)
	at se.redmind.rmtest.report.nav.GraphNav.navigate(GraphNav.java:20)
	at se.redmind.rmtest.report.nav.BaseNav.<init>(BaseNav.java:20)
	at se.redmind.rmtest.report.nav.GraphNav.<init>(GraphNav.java:12)
	at se.redmind.rmtest.report.tests.SuitePage.beforeTest(SuitePage.java:73)
]]></error>
  </testcase>
  <testcase name="test_FilterOnChrome[OSX_UNKNOWN_AnApple_firefox_UNKNOWN]" classname="se.redmind.rmtest.report.tests.SuitePage(20150511-151946)" time="3.743"/>
  <testcase name="test_FilterOnChrome[Android_4.4.3_HTC One_Chrome_UNKNOWN]" classname="se.redmind.rmtest.report.tests.SuitePage(20150511-151946)" time="4.718">
    <error message="An unknown server-side error occurred while processing the command. (WARNING: The server did not provide any stacktrace information)&#10;Command duration or timeout: 389 milliseconds&#10;Build info: version: &apos;2.45.0&apos;, revision: &apos;5017cb8e7ca8e37638dc3091b2440b90a1d8686f&apos;, time: &apos;2015-02-27 09:10:26&apos;&#10;System info: host: &apos;N/A&apos;, ip: &apos;N/A&apos;, os.name: &apos;Mac OS X&apos;, os.arch: &apos;x86_64&apos;, os.version: &apos;10.10.3&apos;, java.version: &apos;1.7.0_55&apos;&#10;Session ID: 40b529bfac3bc8cfe4e947785c770de1&#10;Driver info: io.appium.java_client.android.AndroidDriver&#10;Capabilities [{platform=ANDROID, acceptSslCerts=true, javascriptEnabled=true, browserName=chrome, chrome={}, rotatable=false, locationContextEnabled=true, mobileEmulationEnabled=false, version=42.0.2311.111, takesHeapSnapshot=true, cssSelectorsEnabled=true, databaseEnabled=false, handlesAlerts=true, browserConnectionEnabled=false, webStorageEnabled=true, nativeEvents=true, applicationCacheEnabled=false, takesScreenshot=true}]" type="org.openqa.selenium.WebDriverException"><![CDATA[org.openqa.selenium.WebDriverException: An unknown server-side error occurred while processing the command. (WARNING: The server did not provide any stacktrace information)
Command duration or timeout: 389 milliseconds
Build info: version: '2.45.0', revision: '5017cb8e7ca8e37638dc3091b2440b90a1d8686f', time: '2015-02-27 09:10:26'
System info: host: 'N/A', ip: 'N/A', os.name: 'Mac OS X', os.arch: 'x86_64', os.version: '10.10.3', java.version: '1.7.0_55'
Session ID: 40b529bfac3bc8cfe4e947785c770de1
Driver info: io.appium.java_client.android.AndroidDriver
Capabilities [{platform=ANDROID, acceptSslCerts=true, javascriptEnabled=true, browserName=chrome, chrome={}, rotatable=false, locationContextEnabled=true, mobileEmulationEnabled=false, version=42.0.2311.111, takesHeapSnapshot=true, cssSelectorsEnabled=true, databaseEnabled=false, handlesAlerts=true, browserConnectionEnabled=false, webStorageEnabled=true, nativeEvents=true, applicationCacheEnabled=false, takesScreenshot=true}]
	at sun.reflect.GeneratedConstructorAccessor18.newInstance(Unknown Source)
	at sun.reflect.DelegatingConstructorAccessorImpl.newInstance(DelegatingConstructorAccessorImpl.java:45)
	at java.lang.reflect.Constructor.newInstance(Constructor.java:526)
	at org.openqa.selenium.remote.ErrorHandler.createThrowable(ErrorHandler.java:204)
	at org.openqa.selenium.remote.ErrorHandler.throwIfResponseFailed(ErrorHandler.java:156)
	at org.openqa.selenium.remote.RemoteWebDriver.execute(RemoteWebDriver.java:599)
	at io.appium.java_client.AppiumDriver.execute(AppiumDriver.java:180)
	at org.openqa.selenium.remote.RemoteWebElement.execute(RemoteWebElement.java:268)
	at org.openqa.selenium.remote.RemoteWebElement.click(RemoteWebElement.java:79)
	at se.redmind.rmtest.report.nav.BaseNav.getFirstSuiteSection(BaseNav.java:72)
	at se.redmind.rmtest.report.nav.GraphNav.getFirstSuiteSection(GraphNav.java:5)
	at se.redmind.rmtest.report.nav.GraphNav.navigate(GraphNav.java:20)
	at se.redmind.rmtest.report.nav.BaseNav.<init>(BaseNav.java:20)
	at se.redmind.rmtest.report.nav.GraphNav.<init>(GraphNav.java:12)
	at se.redmind.rmtest.report.tests.SuitePage.beforeTest(SuitePage.java:73)
]]></error>
  </testcase>
  <testcase name="test_ClickOnLastCase[Android_5.0.1_Nexus 9_Chrome_UNKNOWN]" classname="se.redmind.rmtest.report.tests.SuitePage(20150511-151946)" time="7.464">
    <failure message="expected:&lt;[No Message To Display]&gt; but was:&lt;[This test passed]&gt;" type="org.junit.ComparisonFailure"><![CDATA[org.junit.ComparisonFailure: expected:<[No Message To Display]> but was:<[This test passed]>
	at org.junit.Assert.assertEquals(Assert.java:115)
	at org.junit.Assert.assertEquals(Assert.java:144)
	at se.redmind.rmtest.report.tests.SuitePage.test_ClickOnLastCase(SuitePage.java:131)
]]></failure>
  </testcase>
  <testcase name="test_GoToCases[Android_5.0.1_Nexus 9_Chrome_UNKNOWN]" classname="se.redmind.rmtest.report.tests.SuitePage(20150511-151946)" time="7.897"/>
  <testcase name="test_FilterOnChrome[Android_5.0.1_Nexus 9_Chrome_UNKNOWN]" classname="se.redmind.rmtest.report.tests.SuitePage(20150511-151946)" time="8.996"/>
  <testcase name="isThumbnailPresent[OSX_UNKNOWN_AnApple_chrome_UNKNOWN]" classname="se.redmind.rmtest.report.tests.VisualPage(20150511-151946)" time="10.937"/>
  <testcase name="changeProject[OSX_UNKNOWN_AnApple_chrome_UNKNOWN]" classname="se.redmind.rmtest.report.tests.VisualPage(20150511-151946)" time="4.024"/>
  <testcase name="isThumbnailPresent[Android_5.0.1_Nexus 9_Chrome_UNKNOWN]" classname="se.redmind.rmtest.report.tests.VisualPage(20150511-151946)" time="1.108">
    <error message="An element command could not be completed because the element is not visible on the page. (WARNING: The server did not provide any stacktrace information)&#10;Command duration or timeout: 80 milliseconds&#10;Build info: version: &apos;2.45.0&apos;, revision: &apos;5017cb8e7ca8e37638dc3091b2440b90a1d8686f&apos;, time: &apos;2015-02-27 09:10:26&apos;&#10;System info: host: &apos;N/A&apos;, ip: &apos;N/A&apos;, os.name: &apos;Mac OS X&apos;, os.arch: &apos;x86_64&apos;, os.version: &apos;10.10.3&apos;, java.version: &apos;1.7.0_55&apos;&#10;Session ID: 9765c615396b93e5a2f9d5c83409a3b1&#10;Driver info: io.appium.java_client.android.AndroidDriver&#10;Capabilities [{platform=ANDROID, acceptSslCerts=true, javascriptEnabled=true, browserName=chrome, chrome={}, rotatable=false, locationContextEnabled=true, mobileEmulationEnabled=false, version=42.0.2311.111, takesHeapSnapshot=true, cssSelectorsEnabled=true, databaseEnabled=false, handlesAlerts=true, browserConnectionEnabled=false, webStorageEnabled=true, nativeEvents=true, applicationCacheEnabled=false, takesScreenshot=true}]" type="org.openqa.selenium.ElementNotVisibleException"><![CDATA[org.openqa.selenium.ElementNotVisibleException: An element command could not be completed because the element is not visible on the page. (WARNING: The server did not provide any stacktrace information)
Command duration or timeout: 80 milliseconds
Build info: version: '2.45.0', revision: '5017cb8e7ca8e37638dc3091b2440b90a1d8686f', time: '2015-02-27 09:10:26'
System info: host: 'N/A', ip: 'N/A', os.name: 'Mac OS X', os.arch: 'x86_64', os.version: '10.10.3', java.version: '1.7.0_55'
Session ID: 9765c615396b93e5a2f9d5c83409a3b1
Driver info: io.appium.java_client.android.AndroidDriver
Capabilities [{platform=ANDROID, acceptSslCerts=true, javascriptEnabled=true, browserName=chrome, chrome={}, rotatable=false, locationContextEnabled=true, mobileEmulationEnabled=false, version=42.0.2311.111, takesHeapSnapshot=true, cssSelectorsEnabled=true, databaseEnabled=false, handlesAlerts=true, browserConnectionEnabled=false, webStorageEnabled=true, nativeEvents=true, applicationCacheEnabled=false, takesScreenshot=true}]
	at sun.reflect.NativeConstructorAccessorImpl.newInstance0(Native Method)
	at sun.reflect.NativeConstructorAccessorImpl.newInstance(NativeConstructorAccessorImpl.java:57)
	at sun.reflect.DelegatingConstructorAccessorImpl.newInstance(DelegatingConstructorAccessorImpl.java:45)
	at java.lang.reflect.Constructor.newInstance(Constructor.java:526)
	at org.openqa.selenium.remote.ErrorHandler.createThrowable(ErrorHandler.java:204)
	at org.openqa.selenium.remote.ErrorHandler.throwIfResponseFailed(ErrorHandler.java:156)
	at org.openqa.selenium.remote.RemoteWebDriver.execute(RemoteWebDriver.java:599)
	at io.appium.java_client.AppiumDriver.execute(AppiumDriver.java:180)
	at org.openqa.selenium.remote.RemoteWebElement.execute(RemoteWebElement.java:268)
	at org.openqa.selenium.remote.RemoteWebElement.click(RemoteWebElement.java:79)
	at se.redmind.rmtest.report.nav.VisualNav.navigate(VisualNav.java:28)
	at se.redmind.rmtest.report.nav.BaseNav.<init>(BaseNav.java:20)
	at se.redmind.rmtest.report.nav.VisualNav.<init>(VisualNav.java:19)
	at se.redmind.rmtest.report.tests.VisualPage.beforeTest(VisualPage.java:67)
]]></error>
  </testcase>
  <testcase name="isThumbnailPresent[OSX_UNKNOWN_AnApple_firefox_UNKNOWN]" classname="se.redmind.rmtest.report.tests.VisualPage(20150511-151946)" time="1.608"/>
  <testcase name="chooseAnotherClass[OSX_UNKNOWN_AnApple_chrome_UNKNOWN]" classname="se.redmind.rmtest.report.tests.VisualPage(20150511-151946)" time="1.354"/>
  <testcase name="changeProject[Android_5.0.1_Nexus 9_Chrome_UNKNOWN]" classname="se.redmind.rmtest.report.tests.VisualPage(20150511-151946)" time="2.51">
    <error message="An element command could not be completed because the element is not visible on the page. (WARNING: The server did not provide any stacktrace information)&#10;Command duration or timeout: 81 milliseconds&#10;Build info: version: &apos;2.45.0&apos;, revision: &apos;5017cb8e7ca8e37638dc3091b2440b90a1d8686f&apos;, time: &apos;2015-02-27 09:10:26&apos;&#10;System info: host: &apos;N/A&apos;, ip: &apos;N/A&apos;, os.name: &apos;Mac OS X&apos;, os.arch: &apos;x86_64&apos;, os.version: &apos;10.10.3&apos;, java.version: &apos;1.7.0_55&apos;&#10;Session ID: 9765c615396b93e5a2f9d5c83409a3b1&#10;Driver info: io.appium.java_client.android.AndroidDriver&#10;Capabilities [{platform=ANDROID, acceptSslCerts=true, javascriptEnabled=true, browserName=chrome, chrome={}, rotatable=false, locationContextEnabled=true, mobileEmulationEnabled=false, version=42.0.2311.111, takesHeapSnapshot=true, cssSelectorsEnabled=true, databaseEnabled=false, handlesAlerts=true, browserConnectionEnabled=false, webStorageEnabled=true, nativeEvents=true, applicationCacheEnabled=false, takesScreenshot=true}]" type="org.openqa.selenium.ElementNotVisibleException"><![CDATA[org.openqa.selenium.ElementNotVisibleException: An element command could not be completed because the element is not visible on the page. (WARNING: The server did not provide any stacktrace information)
Command duration or timeout: 81 milliseconds
Build info: version: '2.45.0', revision: '5017cb8e7ca8e37638dc3091b2440b90a1d8686f', time: '2015-02-27 09:10:26'
System info: host: 'N/A', ip: 'N/A', os.name: 'Mac OS X', os.arch: 'x86_64', os.version: '10.10.3', java.version: '1.7.0_55'
Session ID: 9765c615396b93e5a2f9d5c83409a3b1
Driver info: io.appium.java_client.android.AndroidDriver
Capabilities [{platform=ANDROID, acceptSslCerts=true, javascriptEnabled=true, browserName=chrome, chrome={}, rotatable=false, locationContextEnabled=true, mobileEmulationEnabled=false, version=42.0.2311.111, takesHeapSnapshot=true, cssSelectorsEnabled=true, databaseEnabled=false, handlesAlerts=true, browserConnectionEnabled=false, webStorageEnabled=true, nativeEvents=true, applicationCacheEnabled=false, takesScreenshot=true}]
	at sun.reflect.NativeConstructorAccessorImpl.newInstance0(Native Method)
	at sun.reflect.NativeConstructorAccessorImpl.newInstance(NativeConstructorAccessorImpl.java:57)
	at sun.reflect.DelegatingConstructorAccessorImpl.newInstance(DelegatingConstructorAccessorImpl.java:45)
	at java.lang.reflect.Constructor.newInstance(Constructor.java:526)
	at org.openqa.selenium.remote.ErrorHandler.createThrowable(ErrorHandler.java:204)
	at org.openqa.selenium.remote.ErrorHandler.throwIfResponseFailed(ErrorHandler.java:156)
	at org.openqa.selenium.remote.RemoteWebDriver.execute(RemoteWebDriver.java:599)
	at io.appium.java_client.AppiumDriver.execute(AppiumDriver.java:180)
	at org.openqa.selenium.remote.RemoteWebElement.execute(RemoteWebElement.java:268)
	at org.openqa.selenium.remote.RemoteWebElement.click(RemoteWebElement.java:79)
	at se.redmind.rmtest.report.nav.VisualNav.navigate(VisualNav.java:28)
	at se.redmind.rmtest.report.nav.BaseNav.<init>(BaseNav.java:20)
	at se.redmind.rmtest.report.nav.VisualNav.<init>(VisualNav.java:19)
	at se.redmind.rmtest.report.tests.VisualPage.beforeTest(VisualPage.java:67)
]]></error>
  </testcase>
  <testcase name="isThumbnailPresent[Android_4.4.3_HTC One_Chrome_UNKNOWN]" classname="se.redmind.rmtest.report.tests.VisualPage(20150511-151946)" time="0.383">
    <error message="An element command could not be completed because the element is not visible on the page. (WARNING: The server did not provide any stacktrace information)&#10;Command duration or timeout: 91 milliseconds&#10;Build info: version: &apos;2.45.0&apos;, revision: &apos;5017cb8e7ca8e37638dc3091b2440b90a1d8686f&apos;, time: &apos;2015-02-27 09:10:26&apos;&#10;System info: host: &apos;N/A&apos;, ip: &apos;N/A&apos;, os.name: &apos;Mac OS X&apos;, os.arch: &apos;x86_64&apos;, os.version: &apos;10.10.3&apos;, java.version: &apos;1.7.0_55&apos;&#10;Session ID: b09e1eb4bec281f86b6554d30b60c68e&#10;Driver info: io.appium.java_client.android.AndroidDriver&#10;Capabilities [{platform=ANDROID, acceptSslCerts=true, javascriptEnabled=true, browserName=chrome, chrome={}, rotatable=false, locationContextEnabled=true, mobileEmulationEnabled=false, version=42.0.2311.111, takesHeapSnapshot=true, cssSelectorsEnabled=true, databaseEnabled=false, handlesAlerts=true, browserConnectionEnabled=false, webStorageEnabled=true, nativeEvents=true, applicationCacheEnabled=false, takesScreenshot=true}]" type="org.openqa.selenium.ElementNotVisibleException"><![CDATA[org.openqa.selenium.ElementNotVisibleException: An element command could not be completed because the element is not visible on the page. (WARNING: The server did not provide any stacktrace information)
Command duration or timeout: 91 milliseconds
Build info: version: '2.45.0', revision: '5017cb8e7ca8e37638dc3091b2440b90a1d8686f', time: '2015-02-27 09:10:26'
System info: host: 'N/A', ip: 'N/A', os.name: 'Mac OS X', os.arch: 'x86_64', os.version: '10.10.3', java.version: '1.7.0_55'
Session ID: b09e1eb4bec281f86b6554d30b60c68e
Driver info: io.appium.java_client.android.AndroidDriver
Capabilities [{platform=ANDROID, acceptSslCerts=true, javascriptEnabled=true, browserName=chrome, chrome={}, rotatable=false, locationContextEnabled=true, mobileEmulationEnabled=false, version=42.0.2311.111, takesHeapSnapshot=true, cssSelectorsEnabled=true, databaseEnabled=false, handlesAlerts=true, browserConnectionEnabled=false, webStorageEnabled=true, nativeEvents=true, applicationCacheEnabled=false, takesScreenshot=true}]
	at sun.reflect.NativeConstructorAccessorImpl.newInstance0(Native Method)
	at sun.reflect.NativeConstructorAccessorImpl.newInstance(NativeConstructorAccessorImpl.java:57)
	at sun.reflect.DelegatingConstructorAccessorImpl.newInstance(DelegatingConstructorAccessorImpl.java:45)
	at java.lang.reflect.Constructor.newInstance(Constructor.java:526)
	at org.openqa.selenium.remote.ErrorHandler.createThrowable(ErrorHandler.java:204)
	at org.openqa.selenium.remote.ErrorHandler.throwIfResponseFailed(ErrorHandler.java:156)
	at org.openqa.selenium.remote.RemoteWebDriver.execute(RemoteWebDriver.java:599)
	at io.appium.java_client.AppiumDriver.execute(AppiumDriver.java:180)
	at org.openqa.selenium.remote.RemoteWebElement.execute(RemoteWebElement.java:268)
	at org.openqa.selenium.remote.RemoteWebElement.click(RemoteWebElement.java:79)
	at se.redmind.rmtest.report.nav.VisualNav.navigate(VisualNav.java:28)
	at se.redmind.rmtest.report.nav.BaseNav.<init>(BaseNav.java:20)
	at se.redmind.rmtest.report.nav.VisualNav.<init>(VisualNav.java:19)
	at se.redmind.rmtest.report.tests.VisualPage.beforeTest(VisualPage.java:67)
]]></error>
  </testcase>
  <testcase name="chooseTimestamp[OSX_UNKNOWN_AnApple_chrome_UNKNOWN]" classname="se.redmind.rmtest.report.tests.VisualPage(20150511-151946)" time="1.032"/>
  <testcase name="changeProject[OSX_UNKNOWN_AnApple_firefox_UNKNOWN]" classname="se.redmind.rmtest.report.tests.VisualPage(20150511-151946)" time="1.43"/>
  <testcase name="chooseAnotherClass[Android_5.0.1_Nexus 9_Chrome_UNKNOWN]" classname="se.redmind.rmtest.report.tests.VisualPage(20150511-151946)" time="1.488">
    <error message="An element command could not be completed because the element is not visible on the page. (WARNING: The server did not provide any stacktrace information)&#10;Command duration or timeout: 66 milliseconds&#10;Build info: version: &apos;2.45.0&apos;, revision: &apos;5017cb8e7ca8e37638dc3091b2440b90a1d8686f&apos;, time: &apos;2015-02-27 09:10:26&apos;&#10;System info: host: &apos;N/A&apos;, ip: &apos;N/A&apos;, os.name: &apos;Mac OS X&apos;, os.arch: &apos;x86_64&apos;, os.version: &apos;10.10.3&apos;, java.version: &apos;1.7.0_55&apos;&#10;Session ID: 9765c615396b93e5a2f9d5c83409a3b1&#10;Driver info: io.appium.java_client.android.AndroidDriver&#10;Capabilities [{platform=ANDROID, acceptSslCerts=true, javascriptEnabled=true, browserName=chrome, chrome={}, rotatable=false, locationContextEnabled=true, mobileEmulationEnabled=false, version=42.0.2311.111, takesHeapSnapshot=true, cssSelectorsEnabled=true, databaseEnabled=false, handlesAlerts=true, browserConnectionEnabled=false, webStorageEnabled=true, nativeEvents=true, applicationCacheEnabled=false, takesScreenshot=true}]" type="org.openqa.selenium.ElementNotVisibleException"><![CDATA[org.openqa.selenium.ElementNotVisibleException: An element command could not be completed because the element is not visible on the page. (WARNING: The server did not provide any stacktrace information)
Command duration or timeout: 66 milliseconds
Build info: version: '2.45.0', revision: '5017cb8e7ca8e37638dc3091b2440b90a1d8686f', time: '2015-02-27 09:10:26'
System info: host: 'N/A', ip: 'N/A', os.name: 'Mac OS X', os.arch: 'x86_64', os.version: '10.10.3', java.version: '1.7.0_55'
Session ID: 9765c615396b93e5a2f9d5c83409a3b1
Driver info: io.appium.java_client.android.AndroidDriver
Capabilities [{platform=ANDROID, acceptSslCerts=true, javascriptEnabled=true, browserName=chrome, chrome={}, rotatable=false, locationContextEnabled=true, mobileEmulationEnabled=false, version=42.0.2311.111, takesHeapSnapshot=true, cssSelectorsEnabled=true, databaseEnabled=false, handlesAlerts=true, browserConnectionEnabled=false, webStorageEnabled=true, nativeEvents=true, applicationCacheEnabled=false, takesScreenshot=true}]
	at sun.reflect.NativeConstructorAccessorImpl.newInstance0(Native Method)
	at sun.reflect.NativeConstructorAccessorImpl.newInstance(NativeConstructorAccessorImpl.java:57)
	at sun.reflect.DelegatingConstructorAccessorImpl.newInstance(DelegatingConstructorAccessorImpl.java:45)
	at java.lang.reflect.Constructor.newInstance(Constructor.java:526)
	at org.openqa.selenium.remote.ErrorHandler.createThrowable(ErrorHandler.java:204)
	at org.openqa.selenium.remote.ErrorHandler.throwIfResponseFailed(ErrorHandler.java:156)
	at org.openqa.selenium.remote.RemoteWebDriver.execute(RemoteWebDriver.java:599)
	at io.appium.java_client.AppiumDriver.execute(AppiumDriver.java:180)
	at org.openqa.selenium.remote.RemoteWebElement.execute(RemoteWebElement.java:268)
	at org.openqa.selenium.remote.RemoteWebElement.click(RemoteWebElement.java:79)
	at se.redmind.rmtest.report.nav.VisualNav.navigate(VisualNav.java:28)
	at se.redmind.rmtest.report.nav.BaseNav.<init>(BaseNav.java:20)
	at se.redmind.rmtest.report.nav.VisualNav.<init>(VisualNav.java:19)
	at se.redmind.rmtest.report.tests.VisualPage.beforeTest(VisualPage.java:67)
]]></error>
  </testcase>
  <testcase name="openSysos[OSX_UNKNOWN_AnApple_chrome_UNKNOWN]" classname="se.redmind.rmtest.report.tests.VisualPage(20150511-151946)" time="0.961"/>
  <testcase name="chooseTimestamp[Android_5.0.1_Nexus 9_Chrome_UNKNOWN]" classname="se.redmind.rmtest.report.tests.VisualPage(20150511-151946)" time="3.372">
    <error message="An element command could not be completed because the element is not visible on the page. (WARNING: The server did not provide any stacktrace information)&#10;Command duration or timeout: 121 milliseconds&#10;Build info: version: &apos;2.45.0&apos;, revision: &apos;5017cb8e7ca8e37638dc3091b2440b90a1d8686f&apos;, time: &apos;2015-02-27 09:10:26&apos;&#10;System info: host: &apos;N/A&apos;, ip: &apos;N/A&apos;, os.name: &apos;Mac OS X&apos;, os.arch: &apos;x86_64&apos;, os.version: &apos;10.10.3&apos;, java.version: &apos;1.7.0_55&apos;&#10;Session ID: 9765c615396b93e5a2f9d5c83409a3b1&#10;Driver info: io.appium.java_client.android.AndroidDriver&#10;Capabilities [{platform=ANDROID, acceptSslCerts=true, javascriptEnabled=true, browserName=chrome, chrome={}, rotatable=false, locationContextEnabled=true, mobileEmulationEnabled=false, version=42.0.2311.111, takesHeapSnapshot=true, cssSelectorsEnabled=true, databaseEnabled=false, handlesAlerts=true, browserConnectionEnabled=false, webStorageEnabled=true, nativeEvents=true, applicationCacheEnabled=false, takesScreenshot=true}]" type="org.openqa.selenium.ElementNotVisibleException"><![CDATA[org.openqa.selenium.ElementNotVisibleException: An element command could not be completed because the element is not visible on the page. (WARNING: The server did not provide any stacktrace information)
Command duration or timeout: 121 milliseconds
Build info: version: '2.45.0', revision: '5017cb8e7ca8e37638dc3091b2440b90a1d8686f', time: '2015-02-27 09:10:26'
System info: host: 'N/A', ip: 'N/A', os.name: 'Mac OS X', os.arch: 'x86_64', os.version: '10.10.3', java.version: '1.7.0_55'
Session ID: 9765c615396b93e5a2f9d5c83409a3b1
Driver info: io.appium.java_client.android.AndroidDriver
Capabilities [{platform=ANDROID, acceptSslCerts=true, javascriptEnabled=true, browserName=chrome, chrome={}, rotatable=false, locationContextEnabled=true, mobileEmulationEnabled=false, version=42.0.2311.111, takesHeapSnapshot=true, cssSelectorsEnabled=true, databaseEnabled=false, handlesAlerts=true, browserConnectionEnabled=false, webStorageEnabled=true, nativeEvents=true, applicationCacheEnabled=false, takesScreenshot=true}]
	at sun.reflect.NativeConstructorAccessorImpl.newInstance0(Native Method)
	at sun.reflect.NativeConstructorAccessorImpl.newInstance(NativeConstructorAccessorImpl.java:57)
	at sun.reflect.DelegatingConstructorAccessorImpl.newInstance(DelegatingConstructorAccessorImpl.java:45)
	at java.lang.reflect.Constructor.newInstance(Constructor.java:526)
	at org.openqa.selenium.remote.ErrorHandler.createThrowable(ErrorHandler.java:204)
	at org.openqa.selenium.remote.ErrorHandler.throwIfResponseFailed(ErrorHandler.java:156)
	at org.openqa.selenium.remote.RemoteWebDriver.execute(RemoteWebDriver.java:599)
	at io.appium.java_client.AppiumDriver.execute(AppiumDriver.java:180)
	at org.openqa.selenium.remote.RemoteWebElement.execute(RemoteWebElement.java:268)
	at org.openqa.selenium.remote.RemoteWebElement.click(RemoteWebElement.java:79)
	at se.redmind.rmtest.report.nav.VisualNav.navigate(VisualNav.java:28)
	at se.redmind.rmtest.report.nav.BaseNav.<init>(BaseNav.java:20)
	at se.redmind.rmtest.report.nav.VisualNav.<init>(VisualNav.java:19)
	at se.redmind.rmtest.report.tests.VisualPage.beforeTest(VisualPage.java:67)
]]></error>
  </testcase>
  <testcase name="opencloseSyso[OSX_UNKNOWN_AnApple_chrome_UNKNOWN]" classname="se.redmind.rmtest.report.tests.VisualPage(20150511-151946)" time="1.447"/>
  <testcase name="changeProject[Android_4.4.3_HTC One_Chrome_UNKNOWN]" classname="se.redmind.rmtest.report.tests.VisualPage(20150511-151946)" time="1.735">
    <error message="An element command could not be completed because the element is not visible on the page. (WARNING: The server did not provide any stacktrace information)&#10;Command duration or timeout: 69 milliseconds&#10;Build info: version: &apos;2.45.0&apos;, revision: &apos;5017cb8e7ca8e37638dc3091b2440b90a1d8686f&apos;, time: &apos;2015-02-27 09:10:26&apos;&#10;System info: host: &apos;N/A&apos;, ip: &apos;N/A&apos;, os.name: &apos;Mac OS X&apos;, os.arch: &apos;x86_64&apos;, os.version: &apos;10.10.3&apos;, java.version: &apos;1.7.0_55&apos;&#10;Session ID: b09e1eb4bec281f86b6554d30b60c68e&#10;Driver info: io.appium.java_client.android.AndroidDriver&#10;Capabilities [{platform=ANDROID, acceptSslCerts=true, javascriptEnabled=true, browserName=chrome, chrome={}, rotatable=false, locationContextEnabled=true, mobileEmulationEnabled=false, version=42.0.2311.111, takesHeapSnapshot=true, cssSelectorsEnabled=true, databaseEnabled=false, handlesAlerts=true, browserConnectionEnabled=false, webStorageEnabled=true, nativeEvents=true, applicationCacheEnabled=false, takesScreenshot=true}]" type="org.openqa.selenium.ElementNotVisibleException"><![CDATA[org.openqa.selenium.ElementNotVisibleException: An element command could not be completed because the element is not visible on the page. (WARNING: The server did not provide any stacktrace information)
Command duration or timeout: 69 milliseconds
Build info: version: '2.45.0', revision: '5017cb8e7ca8e37638dc3091b2440b90a1d8686f', time: '2015-02-27 09:10:26'
System info: host: 'N/A', ip: 'N/A', os.name: 'Mac OS X', os.arch: 'x86_64', os.version: '10.10.3', java.version: '1.7.0_55'
Session ID: b09e1eb4bec281f86b6554d30b60c68e
Driver info: io.appium.java_client.android.AndroidDriver
Capabilities [{platform=ANDROID, acceptSslCerts=true, javascriptEnabled=true, browserName=chrome, chrome={}, rotatable=false, locationContextEnabled=true, mobileEmulationEnabled=false, version=42.0.2311.111, takesHeapSnapshot=true, cssSelectorsEnabled=true, databaseEnabled=false, handlesAlerts=true, browserConnectionEnabled=false, webStorageEnabled=true, nativeEvents=true, applicationCacheEnabled=false, takesScreenshot=true}]
	at sun.reflect.NativeConstructorAccessorImpl.newInstance0(Native Method)
	at sun.reflect.NativeConstructorAccessorImpl.newInstance(NativeConstructorAccessorImpl.java:57)
	at sun.reflect.DelegatingConstructorAccessorImpl.newInstance(DelegatingConstructorAccessorImpl.java:45)
	at java.lang.reflect.Constructor.newInstance(Constructor.java:526)
	at org.openqa.selenium.remote.ErrorHandler.createThrowable(ErrorHandler.java:204)
	at org.openqa.selenium.remote.ErrorHandler.throwIfResponseFailed(ErrorHandler.java:156)
	at org.openqa.selenium.remote.RemoteWebDriver.execute(RemoteWebDriver.java:599)
	at io.appium.java_client.AppiumDriver.execute(AppiumDriver.java:180)
	at org.openqa.selenium.remote.RemoteWebElement.execute(RemoteWebElement.java:268)
	at org.openqa.selenium.remote.RemoteWebElement.click(RemoteWebElement.java:79)
	at se.redmind.rmtest.report.nav.VisualNav.navigate(VisualNav.java:28)
	at se.redmind.rmtest.report.nav.BaseNav.<init>(BaseNav.java:20)
	at se.redmind.rmtest.report.nav.VisualNav.<init>(VisualNav.java:19)
	at se.redmind.rmtest.report.tests.VisualPage.beforeTest(VisualPage.java:67)
]]></error>
  </testcase>
  <testcase name="chooseAnotherClass[OSX_UNKNOWN_AnApple_firefox_UNKNOWN]" classname="se.redmind.rmtest.report.tests.VisualPage(20150511-151946)" time="0.698"/>
  <testcase name="openSysos[Android_5.0.1_Nexus 9_Chrome_UNKNOWN]" classname="se.redmind.rmtest.report.tests.VisualPage(20150511-151946)" time="2.263">
    <error message="An element command could not be completed because the element is not visible on the page. (WARNING: The server did not provide any stacktrace information)&#10;Command duration or timeout: 88 milliseconds&#10;Build info: version: &apos;2.45.0&apos;, revision: &apos;5017cb8e7ca8e37638dc3091b2440b90a1d8686f&apos;, time: &apos;2015-02-27 09:10:26&apos;&#10;System info: host: &apos;N/A&apos;, ip: &apos;N/A&apos;, os.name: &apos;Mac OS X&apos;, os.arch: &apos;x86_64&apos;, os.version: &apos;10.10.3&apos;, java.version: &apos;1.7.0_55&apos;&#10;Session ID: 9765c615396b93e5a2f9d5c83409a3b1&#10;Driver info: io.appium.java_client.android.AndroidDriver&#10;Capabilities [{platform=ANDROID, acceptSslCerts=true, javascriptEnabled=true, browserName=chrome, chrome={}, rotatable=false, locationContextEnabled=true, mobileEmulationEnabled=false, version=42.0.2311.111, takesHeapSnapshot=true, cssSelectorsEnabled=true, databaseEnabled=false, handlesAlerts=true, browserConnectionEnabled=false, webStorageEnabled=true, nativeEvents=true, applicationCacheEnabled=false, takesScreenshot=true}]" type="org.openqa.selenium.ElementNotVisibleException"><![CDATA[org.openqa.selenium.ElementNotVisibleException: An element command could not be completed because the element is not visible on the page. (WARNING: The server did not provide any stacktrace information)
Command duration or timeout: 88 milliseconds
Build info: version: '2.45.0', revision: '5017cb8e7ca8e37638dc3091b2440b90a1d8686f', time: '2015-02-27 09:10:26'
System info: host: 'N/A', ip: 'N/A', os.name: 'Mac OS X', os.arch: 'x86_64', os.version: '10.10.3', java.version: '1.7.0_55'
Session ID: 9765c615396b93e5a2f9d5c83409a3b1
Driver info: io.appium.java_client.android.AndroidDriver
Capabilities [{platform=ANDROID, acceptSslCerts=true, javascriptEnabled=true, browserName=chrome, chrome={}, rotatable=false, locationContextEnabled=true, mobileEmulationEnabled=false, version=42.0.2311.111, takesHeapSnapshot=true, cssSelectorsEnabled=true, databaseEnabled=false, handlesAlerts=true, browserConnectionEnabled=false, webStorageEnabled=true, nativeEvents=true, applicationCacheEnabled=false, takesScreenshot=true}]
	at sun.reflect.NativeConstructorAccessorImpl.newInstance0(Native Method)
	at sun.reflect.NativeConstructorAccessorImpl.newInstance(NativeConstructorAccessorImpl.java:57)
	at sun.reflect.DelegatingConstructorAccessorImpl.newInstance(DelegatingConstructorAccessorImpl.java:45)
	at java.lang.reflect.Constructor.newInstance(Constructor.java:526)
	at org.openqa.selenium.remote.ErrorHandler.createThrowable(ErrorHandler.java:204)
	at org.openqa.selenium.remote.ErrorHandler.throwIfResponseFailed(ErrorHandler.java:156)
	at org.openqa.selenium.remote.RemoteWebDriver.execute(RemoteWebDriver.java:599)
	at io.appium.java_client.AppiumDriver.execute(AppiumDriver.java:180)
	at org.openqa.selenium.remote.RemoteWebElement.execute(RemoteWebElement.java:268)
	at org.openqa.selenium.remote.RemoteWebElement.click(RemoteWebElement.java:79)
	at se.redmind.rmtest.report.nav.VisualNav.navigate(VisualNav.java:28)
	at se.redmind.rmtest.report.nav.BaseNav.<init>(BaseNav.java:20)
	at se.redmind.rmtest.report.nav.VisualNav.<init>(VisualNav.java:19)
	at se.redmind.rmtest.report.tests.VisualPage.beforeTest(VisualPage.java:67)
]]></error>
  </testcase>
  <testcase name="chooseTimestamp[OSX_UNKNOWN_AnApple_firefox_UNKNOWN]" classname="se.redmind.rmtest.report.tests.VisualPage(20150511-151946)" time="4.391"/>
  <testcase name="opencloseSyso[Android_5.0.1_Nexus 9_Chrome_UNKNOWN]" classname="se.redmind.rmtest.report.tests.VisualPage(20150511-151946)" time="0.416">
    <error message="An element command could not be completed because the element is not visible on the page. (WARNING: The server did not provide any stacktrace information)&#10;Command duration or timeout: 52 milliseconds&#10;Build info: version: &apos;2.45.0&apos;, revision: &apos;5017cb8e7ca8e37638dc3091b2440b90a1d8686f&apos;, time: &apos;2015-02-27 09:10:26&apos;&#10;System info: host: &apos;N/A&apos;, ip: &apos;N/A&apos;, os.name: &apos;Mac OS X&apos;, os.arch: &apos;x86_64&apos;, os.version: &apos;10.10.3&apos;, java.version: &apos;1.7.0_55&apos;&#10;Session ID: 9765c615396b93e5a2f9d5c83409a3b1&#10;Driver info: io.appium.java_client.android.AndroidDriver&#10;Capabilities [{platform=ANDROID, acceptSslCerts=true, javascriptEnabled=true, browserName=chrome, chrome={}, rotatable=false, locationContextEnabled=true, mobileEmulationEnabled=false, version=42.0.2311.111, takesHeapSnapshot=true, cssSelectorsEnabled=true, databaseEnabled=false, handlesAlerts=true, browserConnectionEnabled=false, webStorageEnabled=true, nativeEvents=true, applicationCacheEnabled=false, takesScreenshot=true}]" type="org.openqa.selenium.ElementNotVisibleException"><![CDATA[org.openqa.selenium.ElementNotVisibleException: An element command could not be completed because the element is not visible on the page. (WARNING: The server did not provide any stacktrace information)
Command duration or timeout: 52 milliseconds
Build info: version: '2.45.0', revision: '5017cb8e7ca8e37638dc3091b2440b90a1d8686f', time: '2015-02-27 09:10:26'
System info: host: 'N/A', ip: 'N/A', os.name: 'Mac OS X', os.arch: 'x86_64', os.version: '10.10.3', java.version: '1.7.0_55'
Session ID: 9765c615396b93e5a2f9d5c83409a3b1
Driver info: io.appium.java_client.android.AndroidDriver
Capabilities [{platform=ANDROID, acceptSslCerts=true, javascriptEnabled=true, browserName=chrome, chrome={}, rotatable=false, locationContextEnabled=true, mobileEmulationEnabled=false, version=42.0.2311.111, takesHeapSnapshot=true, cssSelectorsEnabled=true, databaseEnabled=false, handlesAlerts=true, browserConnectionEnabled=false, webStorageEnabled=true, nativeEvents=true, applicationCacheEnabled=false, takesScreenshot=true}]
	at sun.reflect.NativeConstructorAccessorImpl.newInstance0(Native Method)
	at sun.reflect.NativeConstructorAccessorImpl.newInstance(NativeConstructorAccessorImpl.java:57)
	at sun.reflect.DelegatingConstructorAccessorImpl.newInstance(DelegatingConstructorAccessorImpl.java:45)
	at java.lang.reflect.Constructor.newInstance(Constructor.java:526)
	at org.openqa.selenium.remote.ErrorHandler.createThrowable(ErrorHandler.java:204)
	at org.openqa.selenium.remote.ErrorHandler.throwIfResponseFailed(ErrorHandler.java:156)
	at org.openqa.selenium.remote.RemoteWebDriver.execute(RemoteWebDriver.java:599)
	at io.appium.java_client.AppiumDriver.execute(AppiumDriver.java:180)
	at org.openqa.selenium.remote.RemoteWebElement.execute(RemoteWebElement.java:268)
	at org.openqa.selenium.remote.RemoteWebElement.click(RemoteWebElement.java:79)
	at se.redmind.rmtest.report.nav.VisualNav.navigate(VisualNav.java:28)
	at se.redmind.rmtest.report.nav.BaseNav.<init>(BaseNav.java:20)
	at se.redmind.rmtest.report.nav.VisualNav.<init>(VisualNav.java:19)
	at se.redmind.rmtest.report.tests.VisualPage.beforeTest(VisualPage.java:67)
]]></error>
  </testcase>
  <testcase name="chooseAnotherClass[Android_4.4.3_HTC One_Chrome_UNKNOWN]" classname="se.redmind.rmtest.report.tests.VisualPage(20150511-151946)" time="1.778">
    <error message="An element command could not be completed because the element is not visible on the page. (WARNING: The server did not provide any stacktrace information)&#10;Command duration or timeout: 101 milliseconds&#10;Build info: version: &apos;2.45.0&apos;, revision: &apos;5017cb8e7ca8e37638dc3091b2440b90a1d8686f&apos;, time: &apos;2015-02-27 09:10:26&apos;&#10;System info: host: &apos;N/A&apos;, ip: &apos;N/A&apos;, os.name: &apos;Mac OS X&apos;, os.arch: &apos;x86_64&apos;, os.version: &apos;10.10.3&apos;, java.version: &apos;1.7.0_55&apos;&#10;Session ID: b09e1eb4bec281f86b6554d30b60c68e&#10;Driver info: io.appium.java_client.android.AndroidDriver&#10;Capabilities [{platform=ANDROID, acceptSslCerts=true, javascriptEnabled=true, browserName=chrome, chrome={}, rotatable=false, locationContextEnabled=true, mobileEmulationEnabled=false, version=42.0.2311.111, takesHeapSnapshot=true, cssSelectorsEnabled=true, databaseEnabled=false, handlesAlerts=true, browserConnectionEnabled=false, webStorageEnabled=true, nativeEvents=true, applicationCacheEnabled=false, takesScreenshot=true}]" type="org.openqa.selenium.ElementNotVisibleException"><![CDATA[org.openqa.selenium.ElementNotVisibleException: An element command could not be completed because the element is not visible on the page. (WARNING: The server did not provide any stacktrace information)
Command duration or timeout: 101 milliseconds
Build info: version: '2.45.0', revision: '5017cb8e7ca8e37638dc3091b2440b90a1d8686f', time: '2015-02-27 09:10:26'
System info: host: 'N/A', ip: 'N/A', os.name: 'Mac OS X', os.arch: 'x86_64', os.version: '10.10.3', java.version: '1.7.0_55'
Session ID: b09e1eb4bec281f86b6554d30b60c68e
Driver info: io.appium.java_client.android.AndroidDriver
Capabilities [{platform=ANDROID, acceptSslCerts=true, javascriptEnabled=true, browserName=chrome, chrome={}, rotatable=false, locationContextEnabled=true, mobileEmulationEnabled=false, version=42.0.2311.111, takesHeapSnapshot=true, cssSelectorsEnabled=true, databaseEnabled=false, handlesAlerts=true, browserConnectionEnabled=false, webStorageEnabled=true, nativeEvents=true, applicationCacheEnabled=false, takesScreenshot=true}]
	at sun.reflect.NativeConstructorAccessorImpl.newInstance0(Native Method)
	at sun.reflect.NativeConstructorAccessorImpl.newInstance(NativeConstructorAccessorImpl.java:57)
	at sun.reflect.DelegatingConstructorAccessorImpl.newInstance(DelegatingConstructorAccessorImpl.java:45)
	at java.lang.reflect.Constructor.newInstance(Constructor.java:526)
	at org.openqa.selenium.remote.ErrorHandler.createThrowable(ErrorHandler.java:204)
	at org.openqa.selenium.remote.ErrorHandler.throwIfResponseFailed(ErrorHandler.java:156)
	at org.openqa.selenium.remote.RemoteWebDriver.execute(RemoteWebDriver.java:599)
	at io.appium.java_client.AppiumDriver.execute(AppiumDriver.java:180)
	at org.openqa.selenium.remote.RemoteWebElement.execute(RemoteWebElement.java:268)
	at org.openqa.selenium.remote.RemoteWebElement.click(RemoteWebElement.java:79)
	at se.redmind.rmtest.report.nav.VisualNav.navigate(VisualNav.java:28)
	at se.redmind.rmtest.report.nav.BaseNav.<init>(BaseNav.java:20)
	at se.redmind.rmtest.report.nav.VisualNav.<init>(VisualNav.java:19)
	at se.redmind.rmtest.report.tests.VisualPage.beforeTest(VisualPage.java:67)
]]></error>
  </testcase>
  <testcase name="openSysos[OSX_UNKNOWN_AnApple_firefox_UNKNOWN]" classname="se.redmind.rmtest.report.tests.VisualPage(20150511-151946)" time="3.928"/>
  <testcase name="chooseTimestamp[Android_4.4.3_HTC One_Chrome_UNKNOWN]" classname="se.redmind.rmtest.report.tests.VisualPage(20150511-151946)" time="4.682">
    <error message="An element command could not be completed because the element is not visible on the page. (WARNING: The server did not provide any stacktrace information)&#10;Command duration or timeout: 125 milliseconds&#10;Build info: version: &apos;2.45.0&apos;, revision: &apos;5017cb8e7ca8e37638dc3091b2440b90a1d8686f&apos;, time: &apos;2015-02-27 09:10:26&apos;&#10;System info: host: &apos;N/A&apos;, ip: &apos;N/A&apos;, os.name: &apos;Mac OS X&apos;, os.arch: &apos;x86_64&apos;, os.version: &apos;10.10.3&apos;, java.version: &apos;1.7.0_55&apos;&#10;Session ID: b09e1eb4bec281f86b6554d30b60c68e&#10;Driver info: io.appium.java_client.android.AndroidDriver&#10;Capabilities [{platform=ANDROID, acceptSslCerts=true, javascriptEnabled=true, browserName=chrome, chrome={}, rotatable=false, locationContextEnabled=true, mobileEmulationEnabled=false, version=42.0.2311.111, takesHeapSnapshot=true, cssSelectorsEnabled=true, databaseEnabled=false, handlesAlerts=true, browserConnectionEnabled=false, webStorageEnabled=true, nativeEvents=true, applicationCacheEnabled=false, takesScreenshot=true}]" type="org.openqa.selenium.ElementNotVisibleException"><![CDATA[org.openqa.selenium.ElementNotVisibleException: An element command could not be completed because the element is not visible on the page. (WARNING: The server did not provide any stacktrace information)
Command duration or timeout: 125 milliseconds
Build info: version: '2.45.0', revision: '5017cb8e7ca8e37638dc3091b2440b90a1d8686f', time: '2015-02-27 09:10:26'
System info: host: 'N/A', ip: 'N/A', os.name: 'Mac OS X', os.arch: 'x86_64', os.version: '10.10.3', java.version: '1.7.0_55'
Session ID: b09e1eb4bec281f86b6554d30b60c68e
Driver info: io.appium.java_client.android.AndroidDriver
Capabilities [{platform=ANDROID, acceptSslCerts=true, javascriptEnabled=true, browserName=chrome, chrome={}, rotatable=false, locationContextEnabled=true, mobileEmulationEnabled=false, version=42.0.2311.111, takesHeapSnapshot=true, cssSelectorsEnabled=true, databaseEnabled=false, handlesAlerts=true, browserConnectionEnabled=false, webStorageEnabled=true, nativeEvents=true, applicationCacheEnabled=false, takesScreenshot=true}]
	at sun.reflect.NativeConstructorAccessorImpl.newInstance0(Native Method)
	at sun.reflect.NativeConstructorAccessorImpl.newInstance(NativeConstructorAccessorImpl.java:57)
	at sun.reflect.DelegatingConstructorAccessorImpl.newInstance(DelegatingConstructorAccessorImpl.java:45)
	at java.lang.reflect.Constructor.newInstance(Constructor.java:526)
	at org.openqa.selenium.remote.ErrorHandler.createThrowable(ErrorHandler.java:204)
	at org.openqa.selenium.remote.ErrorHandler.throwIfResponseFailed(ErrorHandler.java:156)
	at org.openqa.selenium.remote.RemoteWebDriver.execute(RemoteWebDriver.java:599)
	at io.appium.java_client.AppiumDriver.execute(AppiumDriver.java:180)
	at org.openqa.selenium.remote.RemoteWebElement.execute(RemoteWebElement.java:268)
	at org.openqa.selenium.remote.RemoteWebElement.click(RemoteWebElement.java:79)
	at se.redmind.rmtest.report.nav.VisualNav.navigate(VisualNav.java:28)
	at se.redmind.rmtest.report.nav.BaseNav.<init>(BaseNav.java:20)
	at se.redmind.rmtest.report.nav.VisualNav.<init>(VisualNav.java:19)
	at se.redmind.rmtest.report.tests.VisualPage.beforeTest(VisualPage.java:67)
]]></error>
  </testcase>
  <testcase name="opencloseSyso[OSX_UNKNOWN_AnApple_firefox_UNKNOWN]" classname="se.redmind.rmtest.report.tests.VisualPage(20150511-151946)" time="1.907"/>
  <testcase name="openSysos[Android_4.4.3_HTC One_Chrome_UNKNOWN]" classname="se.redmind.rmtest.report.tests.VisualPage(20150511-151946)" time="8.376">
    <error message="An element command could not be completed because the element is not visible on the page. (WARNING: The server did not provide any stacktrace information)&#10;Command duration or timeout: 89 milliseconds&#10;Build info: version: &apos;2.45.0&apos;, revision: &apos;5017cb8e7ca8e37638dc3091b2440b90a1d8686f&apos;, time: &apos;2015-02-27 09:10:26&apos;&#10;System info: host: &apos;N/A&apos;, ip: &apos;N/A&apos;, os.name: &apos;Mac OS X&apos;, os.arch: &apos;x86_64&apos;, os.version: &apos;10.10.3&apos;, java.version: &apos;1.7.0_55&apos;&#10;Session ID: b09e1eb4bec281f86b6554d30b60c68e&#10;Driver info: io.appium.java_client.android.AndroidDriver&#10;Capabilities [{platform=ANDROID, acceptSslCerts=true, javascriptEnabled=true, browserName=chrome, chrome={}, rotatable=false, locationContextEnabled=true, mobileEmulationEnabled=false, version=42.0.2311.111, takesHeapSnapshot=true, cssSelectorsEnabled=true, databaseEnabled=false, handlesAlerts=true, browserConnectionEnabled=false, webStorageEnabled=true, nativeEvents=true, applicationCacheEnabled=false, takesScreenshot=true}]" type="org.openqa.selenium.ElementNotVisibleException"><![CDATA[org.openqa.selenium.ElementNotVisibleException: An element command could not be completed because the element is not visible on the page. (WARNING: The server did not provide any stacktrace information)
Command duration or timeout: 89 milliseconds
Build info: version: '2.45.0', revision: '5017cb8e7ca8e37638dc3091b2440b90a1d8686f', time: '2015-02-27 09:10:26'
System info: host: 'N/A', ip: 'N/A', os.name: 'Mac OS X', os.arch: 'x86_64', os.version: '10.10.3', java.version: '1.7.0_55'
Session ID: b09e1eb4bec281f86b6554d30b60c68e
Driver info: io.appium.java_client.android.AndroidDriver
Capabilities [{platform=ANDROID, acceptSslCerts=true, javascriptEnabled=true, browserName=chrome, chrome={}, rotatable=false, locationContextEnabled=true, mobileEmulationEnabled=false, version=42.0.2311.111, takesHeapSnapshot=true, cssSelectorsEnabled=true, databaseEnabled=false, handlesAlerts=true, browserConnectionEnabled=false, webStorageEnabled=true, nativeEvents=true, applicationCacheEnabled=false, takesScreenshot=true}]
	at sun.reflect.NativeConstructorAccessorImpl.newInstance0(Native Method)
	at sun.reflect.NativeConstructorAccessorImpl.newInstance(NativeConstructorAccessorImpl.java:57)
	at sun.reflect.DelegatingConstructorAccessorImpl.newInstance(DelegatingConstructorAccessorImpl.java:45)
	at java.lang.reflect.Constructor.newInstance(Constructor.java:526)
	at org.openqa.selenium.remote.ErrorHandler.createThrowable(ErrorHandler.java:204)
	at org.openqa.selenium.remote.ErrorHandler.throwIfResponseFailed(ErrorHandler.java:156)
	at org.openqa.selenium.remote.RemoteWebDriver.execute(RemoteWebDriver.java:599)
	at io.appium.java_client.AppiumDriver.execute(AppiumDriver.java:180)
	at org.openqa.selenium.remote.RemoteWebElement.execute(RemoteWebElement.java:268)
	at org.openqa.selenium.remote.RemoteWebElement.click(RemoteWebElement.java:79)
	at se.redmind.rmtest.report.nav.VisualNav.navigate(VisualNav.java:28)
	at se.redmind.rmtest.report.nav.BaseNav.<init>(BaseNav.java:20)
	at se.redmind.rmtest.report.nav.VisualNav.<init>(VisualNav.java:19)
	at se.redmind.rmtest.report.tests.VisualPage.beforeTest(VisualPage.java:67)
]]></error>
  </testcase>
  <testcase name="opencloseSyso[Android_4.4.3_HTC One_Chrome_UNKNOWN]" classname="se.redmind.rmtest.report.tests.VisualPage(20150511-151946)" time="8.363">
    <error message="An element command could not be completed because the element is not visible on the page. (WARNING: The server did not provide any stacktrace information)&#10;Command duration or timeout: 102 milliseconds&#10;Build info: version: &apos;2.45.0&apos;, revision: &apos;5017cb8e7ca8e37638dc3091b2440b90a1d8686f&apos;, time: &apos;2015-02-27 09:10:26&apos;&#10;System info: host: &apos;N/A&apos;, ip: &apos;N/A&apos;, os.name: &apos;Mac OS X&apos;, os.arch: &apos;x86_64&apos;, os.version: &apos;10.10.3&apos;, java.version: &apos;1.7.0_55&apos;&#10;Session ID: b09e1eb4bec281f86b6554d30b60c68e&#10;Driver info: io.appium.java_client.android.AndroidDriver&#10;Capabilities [{platform=ANDROID, acceptSslCerts=true, javascriptEnabled=true, browserName=chrome, chrome={}, rotatable=false, locationContextEnabled=true, mobileEmulationEnabled=false, version=42.0.2311.111, takesHeapSnapshot=true, cssSelectorsEnabled=true, databaseEnabled=false, handlesAlerts=true, browserConnectionEnabled=false, webStorageEnabled=true, nativeEvents=true, applicationCacheEnabled=false, takesScreenshot=true}]" type="org.openqa.selenium.ElementNotVisibleException"><![CDATA[org.openqa.selenium.ElementNotVisibleException: An element command could not be completed because the element is not visible on the page. (WARNING: The server did not provide any stacktrace information)
Command duration or timeout: 102 milliseconds
Build info: version: '2.45.0', revision: '5017cb8e7ca8e37638dc3091b2440b90a1d8686f', time: '2015-02-27 09:10:26'
System info: host: 'N/A', ip: 'N/A', os.name: 'Mac OS X', os.arch: 'x86_64', os.version: '10.10.3', java.version: '1.7.0_55'
Session ID: b09e1eb4bec281f86b6554d30b60c68e
Driver info: io.appium.java_client.android.AndroidDriver
Capabilities [{platform=ANDROID, acceptSslCerts=true, javascriptEnabled=true, browserName=chrome, chrome={}, rotatable=false, locationContextEnabled=true, mobileEmulationEnabled=false, version=42.0.2311.111, takesHeapSnapshot=true, cssSelectorsEnabled=true, databaseEnabled=false, handlesAlerts=true, browserConnectionEnabled=false, webStorageEnabled=true, nativeEvents=true, applicationCacheEnabled=false, takesScreenshot=true}]
	at sun.reflect.NativeConstructorAccessorImpl.newInstance0(Native Method)
	at sun.reflect.NativeConstructorAccessorImpl.newInstance(NativeConstructorAccessorImpl.java:57)
	at sun.reflect.DelegatingConstructorAccessorImpl.newInstance(DelegatingConstructorAccessorImpl.java:45)
	at java.lang.reflect.Constructor.newInstance(Constructor.java:526)
	at org.openqa.selenium.remote.ErrorHandler.createThrowable(ErrorHandler.java:204)
	at org.openqa.selenium.remote.ErrorHandler.throwIfResponseFailed(ErrorHandler.java:156)
	at org.openqa.selenium.remote.RemoteWebDriver.execute(RemoteWebDriver.java:599)
	at io.appium.java_client.AppiumDriver.execute(AppiumDriver.java:180)
	at org.openqa.selenium.remote.RemoteWebElement.execute(RemoteWebElement.java:268)
	at org.openqa.selenium.remote.RemoteWebElement.click(RemoteWebElement.java:79)
	at se.redmind.rmtest.report.nav.VisualNav.navigate(VisualNav.java:28)
	at se.redmind.rmtest.report.nav.BaseNav.<init>(BaseNav.java:20)
	at se.redmind.rmtest.report.nav.VisualNav.<init>(VisualNav.java:19)
	at se.redmind.rmtest.report.tests.VisualPage.beforeTest(VisualPage.java:67)
]]></error>
  </testcase>
  <testcase name="test_clickLogo[OSX_UNKNOWN_AnApple_chrome_UNKNOWN]" classname="se.redmind.rmtest.report.tests.NavbarPage(20150511-151946)" time="6.524"/>
  <testcase name="test_clickLogo[OSX_UNKNOWN_AnApple_firefox_UNKNOWN]" classname="se.redmind.rmtest.report.tests.NavbarPage(20150511-151946)" time="2.767"/>
  <testcase name="test_changeTimestamp[OSX_UNKNOWN_AnApple_chrome_UNKNOWN]" classname="se.redmind.rmtest.report.tests.NavbarPage(20150511-151946)" time="0.544"/>
  <testcase name="test_goToAdmin[OSX_UNKNOWN_AnApple_chrome_UNKNOWN]" classname="se.redmind.rmtest.report.tests.NavbarPage(20150511-151946)" time="1.839"/>
  <testcase name="test_goToGrid[OSX_UNKNOWN_AnApple_chrome_UNKNOWN]" classname="se.redmind.rmtest.report.tests.NavbarPage(20150511-151946)" time="1.841"/>
  <testcase name="test_changeTimestamp[OSX_UNKNOWN_AnApple_firefox_UNKNOWN]" classname="se.redmind.rmtest.report.tests.NavbarPage(20150511-151946)" time="1.649"/>
  <testcase name="test_goToDashboard[OSX_UNKNOWN_AnApple_chrome_UNKNOWN]" classname="se.redmind.rmtest.report.tests.NavbarPage(20150511-151946)" time="0.384"/>
  <testcase name="test_goToReports[OSX_UNKNOWN_AnApple_chrome_UNKNOWN]" classname="se.redmind.rmtest.report.tests.NavbarPage(20150511-151946)" time="2.574"/>
  <testcase name="test_goToAdmin[OSX_UNKNOWN_AnApple_firefox_UNKNOWN]" classname="se.redmind.rmtest.report.tests.NavbarPage(20150511-151946)" time="0.17"/>
  <testcase name="test_goToVisualizer[OSX_UNKNOWN_AnApple_chrome_UNKNOWN]" classname="se.redmind.rmtest.report.tests.NavbarPage(20150511-151946)" time="1.956"/>
  <testcase name="test_goToGrid[OSX_UNKNOWN_AnApple_firefox_UNKNOWN]" classname="se.redmind.rmtest.report.tests.NavbarPage(20150511-151946)" time="1.767"/>
  <testcase name="test_changeProject[OSX_UNKNOWN_AnApple_chrome_UNKNOWN]" classname="se.redmind.rmtest.report.tests.NavbarPage(20150511-151946)" time="0.697"/>
  <testcase name="test_clickLogo[Android_4.4.3_HTC One_Chrome_UNKNOWN]" classname="se.redmind.rmtest.report.tests.NavbarPage(20150511-151946)" time="2.042"/>
  <testcase name="test_goToDashboard[OSX_UNKNOWN_AnApple_firefox_UNKNOWN]" classname="se.redmind.rmtest.report.tests.NavbarPage(20150511-151946)" time="1.791"/>
  <testcase name="test_clickLogo[Android_5.0.1_Nexus 9_Chrome_UNKNOWN]" classname="se.redmind.rmtest.report.tests.NavbarPage(20150511-151946)" time="1.981">
    <error message="Timed out after 15 seconds waiting for element to be clickable: By.id: admin_view_dd&#10;Build info: version: &apos;2.45.0&apos;, revision: &apos;5017cb8e7ca8e37638dc3091b2440b90a1d8686f&apos;, time: &apos;2015-02-27 09:10:26&apos;&#10;System info: host: &apos;N/A&apos;, ip: &apos;N/A&apos;, os.name: &apos;Mac OS X&apos;, os.arch: &apos;x86_64&apos;, os.version: &apos;10.10.3&apos;, java.version: &apos;1.7.0_55&apos;&#10;Driver info: driver.version: unknown" type="org.openqa.selenium.TimeoutException">org.openqa.selenium.TimeoutException: Timed out after 15 seconds waiting for element to be clickable: By.id: admin_view_dd
Build info: version: '2.45.0', revision: '5017cb8e7ca8e37638dc3091b2440b90a1d8686f', time: '2015-02-27 09:10:26'
System info: host: 'N/A', ip: 'N/A', os.name: 'Mac OS X', os.arch: 'x86_64', os.version: '10.10.3', java.version: '1.7.0_55'
Driver info: driver.version: unknown
	at org.openqa.selenium.support.ui.FluentWait.timeoutException(FluentWait.java:259)
	at org.openqa.selenium.support.ui.FluentWait.until(FluentWait.java:228)
	at se.redmind.rmtest.report.nav.BaseNav.goToAdmin(BaseNav.java:119)
	at se.redmind.rmtest.report.nav.NavbarNav.goToAdmin(NavbarNav.java:16)
	at se.redmind.rmtest.report.tests.NavbarPage.test_clickLogo(NavbarPage.java:106)
</error>
  </testcase>
  <testcase name="test_goToReports[OSX_UNKNOWN_AnApple_firefox_UNKNOWN]" classname="se.redmind.rmtest.report.tests.NavbarPage(20150511-151946)" time="2.183"/>
  <testcase name="test_goToVisualizer[OSX_UNKNOWN_AnApple_firefox_UNKNOWN]" classname="se.redmind.rmtest.report.tests.NavbarPage(20150511-151946)" time="4.104"/>
  <testcase name="test_changeTimestamp[Android_4.4.3_HTC One_Chrome_UNKNOWN]" classname="se.redmind.rmtest.report.tests.NavbarPage(20150511-151946)" time="0.026">
    <error message="An unknown server-side error occurred while processing the command. (WARNING: The server did not provide any stacktrace information)&#10;Command duration or timeout: 181 milliseconds&#10;Build info: version: &apos;2.45.0&apos;, revision: &apos;5017cb8e7ca8e37638dc3091b2440b90a1d8686f&apos;, time: &apos;2015-02-27 09:10:26&apos;&#10;System info: host: &apos;N/A&apos;, ip: &apos;N/A&apos;, os.name: &apos;Mac OS X&apos;, os.arch: &apos;x86_64&apos;, os.version: &apos;10.10.3&apos;, java.version: &apos;1.7.0_55&apos;&#10;Session ID: 166b293c6f613a33731da7601e15693e&#10;Driver info: io.appium.java_client.android.AndroidDriver&#10;Capabilities [{platform=ANDROID, acceptSslCerts=true, javascriptEnabled=true, browserName=chrome, chrome={}, rotatable=false, locationContextEnabled=true, mobileEmulationEnabled=false, version=42.0.2311.111, takesHeapSnapshot=true, cssSelectorsEnabled=true, databaseEnabled=false, handlesAlerts=true, browserConnectionEnabled=false, webStorageEnabled=true, nativeEvents=true, applicationCacheEnabled=false, takesScreenshot=true}]" type="org.openqa.selenium.WebDriverException">org.openqa.selenium.WebDriverException: An unknown server-side error occurred while processing the command. (WARNING: The server did not provide any stacktrace information)
Command duration or timeout: 181 milliseconds
Build info: version: '2.45.0', revision: '5017cb8e7ca8e37638dc3091b2440b90a1d8686f', time: '2015-02-27 09:10:26'
System info: host: 'N/A', ip: 'N/A', os.name: 'Mac OS X', os.arch: 'x86_64', os.version: '10.10.3', java.version: '1.7.0_55'
Session ID: 166b293c6f613a33731da7601e15693e
Driver info: io.appium.java_client.android.AndroidDriver
Capabilities [{platform=ANDROID, acceptSslCerts=true, javascriptEnabled=true, browserName=chrome, chrome={}, rotatable=false, locationContextEnabled=true, mobileEmulationEnabled=false, version=42.0.2311.111, takesHeapSnapshot=true, cssSelectorsEnabled=true, databaseEnabled=false, handlesAlerts=true, browserConnectionEnabled=false, webStorageEnabled=true, nativeEvents=true, applicationCacheEnabled=false, takesScreenshot=true}]
	at sun.reflect.GeneratedConstructorAccessor18.newInstance(Unknown Source)
	at sun.reflect.DelegatingConstructorAccessorImpl.newInstance(DelegatingConstructorAccessorImpl.java:45)
	at java.lang.reflect.Constructor.newInstance(Constructor.java:526)
	at org.openqa.selenium.remote.ErrorHandler.createThrowable(ErrorHandler.java:204)
	at org.openqa.selenium.remote.ErrorHandler.throwIfResponseFailed(ErrorHandler.java:156)
	at org.openqa.selenium.remote.RemoteWebDriver.execute(RemoteWebDriver.java:599)
	at io.appium.java_client.AppiumDriver.execute(AppiumDriver.java:180)
	at org.openqa.selenium.remote.RemoteWebElement.execute(RemoteWebElement.java:268)
	at org.openqa.selenium.remote.RemoteWebElement.click(RemoteWebElement.java:79)
	at se.redmind.rmtest.report.nav.BaseNav.clickNavButton(BaseNav.java:89)
	at se.redmind.rmtest.report.nav.NavbarNav.clickNavButton(NavbarNav.java:16)
	at se.redmind.rmtest.report.nav.BaseNav.getCurrentTimestamp(BaseNav.java:193)
	at se.redmind.rmtest.report.nav.NavbarNav.getCurrentTimestamp(NavbarNav.java:16)
	at se.redmind.rmtest.report.tests.NavbarPage.test_changeTimestamp(NavbarPage.java:133)
</error>
  </testcase>
  <testcase name="test_changeProject[OSX_UNKNOWN_AnApple_firefox_UNKNOWN]" classname="se.redmind.rmtest.report.tests.NavbarPage(20150511-151946)" time="4.535"/>
  <testcase name="test_goToAdmin[Android_4.4.3_HTC One_Chrome_UNKNOWN]" classname="se.redmind.rmtest.report.tests.NavbarPage(20150511-151946)" time="7.243"/>
  <testcase name="test_changeTimestamp[Android_5.0.1_Nexus 9_Chrome_UNKNOWN]" classname="se.redmind.rmtest.report.tests.NavbarPage(20150511-151946)" time="4.99">
    <error message="Timed out after 15 seconds waiting for element to be clickable: By.id: choose_project_dd&#10;Build info: version: &apos;2.45.0&apos;, revision: &apos;5017cb8e7ca8e37638dc3091b2440b90a1d8686f&apos;, time: &apos;2015-02-27 09:10:26&apos;&#10;System info: host: &apos;N/A&apos;, ip: &apos;N/A&apos;, os.name: &apos;Mac OS X&apos;, os.arch: &apos;x86_64&apos;, os.version: &apos;10.10.3&apos;, java.version: &apos;1.7.0_55&apos;&#10;Driver info: driver.version: unknown" type="org.openqa.selenium.TimeoutException">org.openqa.selenium.TimeoutException: Timed out after 15 seconds waiting for element to be clickable: By.id: choose_project_dd
Build info: version: '2.45.0', revision: '5017cb8e7ca8e37638dc3091b2440b90a1d8686f', time: '2015-02-27 09:10:26'
System info: host: 'N/A', ip: 'N/A', os.name: 'Mac OS X', os.arch: 'x86_64', os.version: '10.10.3', java.version: '1.7.0_55'
Driver info: driver.version: unknown
	at org.openqa.selenium.support.ui.FluentWait.timeoutException(FluentWait.java:259)
	at org.openqa.selenium.support.ui.FluentWait.until(FluentWait.java:228)
	at se.redmind.rmtest.report.nav.BaseNav.chooseProject(BaseNav.java:145)
	at se.redmind.rmtest.report.nav.NavbarNav.chooseProject(NavbarNav.java:16)
	at se.redmind.rmtest.report.tests.NavbarPage.test_changeTimestamp(NavbarPage.java:130)
</error>
  </testcase>
  <testcase name="test_goToGrid[Android_4.4.3_HTC One_Chrome_UNKNOWN]" classname="se.redmind.rmtest.report.tests.NavbarPage(20150511-151946)" time="0.328">
    <error message="An unknown server-side error occurred while processing the command. (WARNING: The server did not provide any stacktrace information)&#10;Command duration or timeout: 277 milliseconds&#10;Build info: version: &apos;2.45.0&apos;, revision: &apos;5017cb8e7ca8e37638dc3091b2440b90a1d8686f&apos;, time: &apos;2015-02-27 09:10:26&apos;&#10;System info: host: &apos;N/A&apos;, ip: &apos;N/A&apos;, os.name: &apos;Mac OS X&apos;, os.arch: &apos;x86_64&apos;, os.version: &apos;10.10.3&apos;, java.version: &apos;1.7.0_55&apos;&#10;Session ID: 166b293c6f613a33731da7601e15693e&#10;Driver info: io.appium.java_client.android.AndroidDriver&#10;Capabilities [{platform=ANDROID, acceptSslCerts=true, javascriptEnabled=true, browserName=chrome, chrome={}, rotatable=false, locationContextEnabled=true, mobileEmulationEnabled=false, version=42.0.2311.111, takesHeapSnapshot=true, cssSelectorsEnabled=true, databaseEnabled=false, handlesAlerts=true, browserConnectionEnabled=false, webStorageEnabled=true, nativeEvents=true, applicationCacheEnabled=false, takesScreenshot=true}]" type="org.openqa.selenium.WebDriverException">org.openqa.selenium.WebDriverException: An unknown server-side error occurred while processing the command. (WARNING: The server did not provide any stacktrace information)
Command duration or timeout: 277 milliseconds
Build info: version: '2.45.0', revision: '5017cb8e7ca8e37638dc3091b2440b90a1d8686f', time: '2015-02-27 09:10:26'
System info: host: 'N/A', ip: 'N/A', os.name: 'Mac OS X', os.arch: 'x86_64', os.version: '10.10.3', java.version: '1.7.0_55'
Session ID: 166b293c6f613a33731da7601e15693e
Driver info: io.appium.java_client.android.AndroidDriver
Capabilities [{platform=ANDROID, acceptSslCerts=true, javascriptEnabled=true, browserName=chrome, chrome={}, rotatable=false, locationContextEnabled=true, mobileEmulationEnabled=false, version=42.0.2311.111, takesHeapSnapshot=true, cssSelectorsEnabled=true, databaseEnabled=false, handlesAlerts=true, browserConnectionEnabled=false, webStorageEnabled=true, nativeEvents=true, applicationCacheEnabled=false, takesScreenshot=true}]
	at sun.reflect.GeneratedConstructorAccessor18.newInstance(Unknown Source)
	at sun.reflect.DelegatingConstructorAccessorImpl.newInstance(DelegatingConstructorAccessorImpl.java:45)
	at java.lang.reflect.Constructor.newInstance(Constructor.java:526)
	at org.openqa.selenium.remote.ErrorHandler.createThrowable(ErrorHandler.java:204)
	at org.openqa.selenium.remote.ErrorHandler.throwIfResponseFailed(ErrorHandler.java:156)
	at org.openqa.selenium.remote.RemoteWebDriver.execute(RemoteWebDriver.java:599)
	at io.appium.java_client.AppiumDriver.execute(AppiumDriver.java:180)
	at org.openqa.selenium.remote.RemoteWebElement.execute(RemoteWebElement.java:268)
	at org.openqa.selenium.remote.RemoteWebElement.click(RemoteWebElement.java:79)
	at se.redmind.rmtest.report.nav.BaseNav.clickNavButton(BaseNav.java:89)
	at se.redmind.rmtest.report.nav.NavbarNav.clickNavButton(NavbarNav.java:16)
	at se.redmind.rmtest.report.nav.BaseNav.goToGrid(BaseNav.java:103)
	at se.redmind.rmtest.report.nav.NavbarNav.goToGrid(NavbarNav.java:16)
	at se.redmind.rmtest.report.tests.NavbarPage.test_goToGrid(NavbarPage.java:76)
</error>
  </testcase>
  <testcase name="test_goToDashboard[Android_4.4.3_HTC One_Chrome_UNKNOWN]" classname="se.redmind.rmtest.report.tests.NavbarPage(20150511-151946)" time="7.361">
    <error message="An unknown server-side error occurred while processing the command. (WARNING: The server did not provide any stacktrace information)&#10;Command duration or timeout: 154 milliseconds&#10;Build info: version: &apos;2.45.0&apos;, revision: &apos;5017cb8e7ca8e37638dc3091b2440b90a1d8686f&apos;, time: &apos;2015-02-27 09:10:26&apos;&#10;System info: host: &apos;N/A&apos;, ip: &apos;N/A&apos;, os.name: &apos;Mac OS X&apos;, os.arch: &apos;x86_64&apos;, os.version: &apos;10.10.3&apos;, java.version: &apos;1.7.0_55&apos;&#10;Session ID: 166b293c6f613a33731da7601e15693e&#10;Driver info: io.appium.java_client.android.AndroidDriver&#10;Capabilities [{platform=ANDROID, acceptSslCerts=true, javascriptEnabled=true, browserName=chrome, chrome={}, rotatable=false, locationContextEnabled=true, mobileEmulationEnabled=false, version=42.0.2311.111, takesHeapSnapshot=true, cssSelectorsEnabled=true, databaseEnabled=false, handlesAlerts=true, browserConnectionEnabled=false, webStorageEnabled=true, nativeEvents=true, applicationCacheEnabled=false, takesScreenshot=true}]" type="org.openqa.selenium.WebDriverException">org.openqa.selenium.WebDriverException: An unknown server-side error occurred while processing the command. (WARNING: The server did not provide any stacktrace information)
Command duration or timeout: 154 milliseconds
Build info: version: '2.45.0', revision: '5017cb8e7ca8e37638dc3091b2440b90a1d8686f', time: '2015-02-27 09:10:26'
System info: host: 'N/A', ip: 'N/A', os.name: 'Mac OS X', os.arch: 'x86_64', os.version: '10.10.3', java.version: '1.7.0_55'
Session ID: 166b293c6f613a33731da7601e15693e
Driver info: io.appium.java_client.android.AndroidDriver
Capabilities [{platform=ANDROID, acceptSslCerts=true, javascriptEnabled=true, browserName=chrome, chrome={}, rotatable=false, locationContextEnabled=true, mobileEmulationEnabled=false, version=42.0.2311.111, takesHeapSnapshot=true, cssSelectorsEnabled=true, databaseEnabled=false, handlesAlerts=true, browserConnectionEnabled=false, webStorageEnabled=true, nativeEvents=true, applicationCacheEnabled=false, takesScreenshot=true}]
	at sun.reflect.GeneratedConstructorAccessor18.newInstance(Unknown Source)
	at sun.reflect.DelegatingConstructorAccessorImpl.newInstance(DelegatingConstructorAccessorImpl.java:45)
	at java.lang.reflect.Constructor.newInstance(Constructor.java:526)
	at org.openqa.selenium.remote.ErrorHandler.createThrowable(ErrorHandler.java:204)
	at org.openqa.selenium.remote.ErrorHandler.throwIfResponseFailed(ErrorHandler.java:156)
	at org.openqa.selenium.remote.RemoteWebDriver.execute(RemoteWebDriver.java:599)
	at io.appium.java_client.AppiumDriver.execute(AppiumDriver.java:180)
	at org.openqa.selenium.remote.RemoteWebElement.execute(RemoteWebElement.java:268)
	at org.openqa.selenium.remote.RemoteWebElement.click(RemoteWebElement.java:79)
	at se.redmind.rmtest.report.nav.BaseNav.clickNavButton(BaseNav.java:89)
	at se.redmind.rmtest.report.nav.NavbarNav.clickNavButton(NavbarNav.java:16)
	at se.redmind.rmtest.report.nav.BaseNav.goToDashboard(BaseNav.java:129)
	at se.redmind.rmtest.report.nav.NavbarNav.goToDashboard(NavbarNav.java:16)
	at se.redmind.rmtest.report.tests.NavbarPage.test_goToDashboard(NavbarPage.java:91)
</error>
  </testcase>
  <testcase name="test_goToReports[Android_4.4.3_HTC One_Chrome_UNKNOWN]" classname="se.redmind.rmtest.report.tests.NavbarPage(20150511-151946)" time="4.782">
    <error message="An unknown server-side error occurred while processing the command. (WARNING: The server did not provide any stacktrace information)&#10;Command duration or timeout: 302 milliseconds&#10;Build info: version: &apos;2.45.0&apos;, revision: &apos;5017cb8e7ca8e37638dc3091b2440b90a1d8686f&apos;, time: &apos;2015-02-27 09:10:26&apos;&#10;System info: host: &apos;N/A&apos;, ip: &apos;N/A&apos;, os.name: &apos;Mac OS X&apos;, os.arch: &apos;x86_64&apos;, os.version: &apos;10.10.3&apos;, java.version: &apos;1.7.0_55&apos;&#10;Session ID: 166b293c6f613a33731da7601e15693e&#10;Driver info: io.appium.java_client.android.AndroidDriver&#10;Capabilities [{platform=ANDROID, acceptSslCerts=true, javascriptEnabled=true, browserName=chrome, chrome={}, rotatable=false, locationContextEnabled=true, mobileEmulationEnabled=false, version=42.0.2311.111, takesHeapSnapshot=true, cssSelectorsEnabled=true, databaseEnabled=false, handlesAlerts=true, browserConnectionEnabled=false, webStorageEnabled=true, nativeEvents=true, applicationCacheEnabled=false, takesScreenshot=true}]" type="org.openqa.selenium.WebDriverException">org.openqa.selenium.WebDriverException: An unknown server-side error occurred while processing the command. (WARNING: The server did not provide any stacktrace information)
Command duration or timeout: 302 milliseconds
Build info: version: '2.45.0', revision: '5017cb8e7ca8e37638dc3091b2440b90a1d8686f', time: '2015-02-27 09:10:26'
System info: host: 'N/A', ip: 'N/A', os.name: 'Mac OS X', os.arch: 'x86_64', os.version: '10.10.3', java.version: '1.7.0_55'
Session ID: 166b293c6f613a33731da7601e15693e
Driver info: io.appium.java_client.android.AndroidDriver
Capabilities [{platform=ANDROID, acceptSslCerts=true, javascriptEnabled=true, browserName=chrome, chrome={}, rotatable=false, locationContextEnabled=true, mobileEmulationEnabled=false, version=42.0.2311.111, takesHeapSnapshot=true, cssSelectorsEnabled=true, databaseEnabled=false, handlesAlerts=true, browserConnectionEnabled=false, webStorageEnabled=true, nativeEvents=true, applicationCacheEnabled=false, takesScreenshot=true}]
	at sun.reflect.GeneratedConstructorAccessor18.newInstance(Unknown Source)
	at sun.reflect.DelegatingConstructorAccessorImpl.newInstance(DelegatingConstructorAccessorImpl.java:45)
	at java.lang.reflect.Constructor.newInstance(Constructor.java:526)
	at org.openqa.selenium.remote.ErrorHandler.createThrowable(ErrorHandler.java:204)
	at org.openqa.selenium.remote.ErrorHandler.throwIfResponseFailed(ErrorHandler.java:156)
	at org.openqa.selenium.remote.RemoteWebDriver.execute(RemoteWebDriver.java:599)
	at io.appium.java_client.AppiumDriver.execute(AppiumDriver.java:180)
	at org.openqa.selenium.remote.RemoteWebElement.execute(RemoteWebElement.java:268)
	at org.openqa.selenium.remote.RemoteWebElement.click(RemoteWebElement.java:79)
	at se.redmind.rmtest.report.nav.BaseNav.clickNavButton(BaseNav.java:89)
	at se.redmind.rmtest.report.nav.NavbarNav.clickNavButton(NavbarNav.java:16)
	at se.redmind.rmtest.report.nav.BaseNav.chooseProject(BaseNav.java:142)
	at se.redmind.rmtest.report.nav.NavbarNav.chooseProject(NavbarNav.java:16)
	at se.redmind.rmtest.report.tests.NavbarPage.test_goToReports(NavbarPage.java:114)
</error>
  </testcase>
  <testcase name="test_goToAdmin[Android_5.0.1_Nexus 9_Chrome_UNKNOWN]" classname="se.redmind.rmtest.report.tests.NavbarPage(20150511-151946)" time="5.695">
    <error message="Timed out after 15 seconds waiting for element to be clickable: By.id: admin_view_dd&#10;Build info: version: &apos;2.45.0&apos;, revision: &apos;5017cb8e7ca8e37638dc3091b2440b90a1d8686f&apos;, time: &apos;2015-02-27 09:10:26&apos;&#10;System info: host: &apos;N/A&apos;, ip: &apos;N/A&apos;, os.name: &apos;Mac OS X&apos;, os.arch: &apos;x86_64&apos;, os.version: &apos;10.10.3&apos;, java.version: &apos;1.7.0_55&apos;&#10;Driver info: driver.version: unknown" type="org.openqa.selenium.TimeoutException">org.openqa.selenium.TimeoutException: Timed out after 15 seconds waiting for element to be clickable: By.id: admin_view_dd
Build info: version: '2.45.0', revision: '5017cb8e7ca8e37638dc3091b2440b90a1d8686f', time: '2015-02-27 09:10:26'
System info: host: 'N/A', ip: 'N/A', os.name: 'Mac OS X', os.arch: 'x86_64', os.version: '10.10.3', java.version: '1.7.0_55'
Driver info: driver.version: unknown
	at org.openqa.selenium.support.ui.FluentWait.timeoutException(FluentWait.java:259)
	at org.openqa.selenium.support.ui.FluentWait.until(FluentWait.java:228)
	at se.redmind.rmtest.report.nav.BaseNav.goToAdmin(BaseNav.java:119)
	at se.redmind.rmtest.report.nav.NavbarNav.goToAdmin(NavbarNav.java:16)
	at se.redmind.rmtest.report.tests.NavbarPage.test_goToAdmin(NavbarPage.java:83)
</error>
  </testcase>
  <testcase name="test_goToVisualizer[Android_4.4.3_HTC One_Chrome_UNKNOWN]" classname="se.redmind.rmtest.report.tests.NavbarPage(20150511-151946)" time="2.645">
    <error message="An unknown server-side error occurred while processing the command. (WARNING: The server did not provide any stacktrace information)&#10;Command duration or timeout: 127 milliseconds&#10;Build info: version: &apos;2.45.0&apos;, revision: &apos;5017cb8e7ca8e37638dc3091b2440b90a1d8686f&apos;, time: &apos;2015-02-27 09:10:26&apos;&#10;System info: host: &apos;N/A&apos;, ip: &apos;N/A&apos;, os.name: &apos;Mac OS X&apos;, os.arch: &apos;x86_64&apos;, os.version: &apos;10.10.3&apos;, java.version: &apos;1.7.0_55&apos;&#10;Session ID: 166b293c6f613a33731da7601e15693e&#10;Driver info: io.appium.java_client.android.AndroidDriver&#10;Capabilities [{platform=ANDROID, acceptSslCerts=true, javascriptEnabled=true, browserName=chrome, chrome={}, rotatable=false, locationContextEnabled=true, mobileEmulationEnabled=false, version=42.0.2311.111, takesHeapSnapshot=true, cssSelectorsEnabled=true, databaseEnabled=false, handlesAlerts=true, browserConnectionEnabled=false, webStorageEnabled=true, nativeEvents=true, applicationCacheEnabled=false, takesScreenshot=true}]" type="org.openqa.selenium.WebDriverException">org.openqa.selenium.WebDriverException: An unknown server-side error occurred while processing the command. (WARNING: The server did not provide any stacktrace information)
Command duration or timeout: 127 milliseconds
Build info: version: '2.45.0', revision: '5017cb8e7ca8e37638dc3091b2440b90a1d8686f', time: '2015-02-27 09:10:26'
System info: host: 'N/A', ip: 'N/A', os.name: 'Mac OS X', os.arch: 'x86_64', os.version: '10.10.3', java.version: '1.7.0_55'
Session ID: 166b293c6f613a33731da7601e15693e
Driver info: io.appium.java_client.android.AndroidDriver
Capabilities [{platform=ANDROID, acceptSslCerts=true, javascriptEnabled=true, browserName=chrome, chrome={}, rotatable=false, locationContextEnabled=true, mobileEmulationEnabled=false, version=42.0.2311.111, takesHeapSnapshot=true, cssSelectorsEnabled=true, databaseEnabled=false, handlesAlerts=true, browserConnectionEnabled=false, webStorageEnabled=true, nativeEvents=true, applicationCacheEnabled=false, takesScreenshot=true}]
	at sun.reflect.GeneratedConstructorAccessor18.newInstance(Unknown Source)
	at sun.reflect.DelegatingConstructorAccessorImpl.newInstance(DelegatingConstructorAccessorImpl.java:45)
	at java.lang.reflect.Constructor.newInstance(Constructor.java:526)
	at org.openqa.selenium.remote.ErrorHandler.createThrowable(ErrorHandler.java:204)
	at org.openqa.selenium.remote.ErrorHandler.throwIfResponseFailed(ErrorHandler.java:156)
	at org.openqa.selenium.remote.RemoteWebDriver.execute(RemoteWebDriver.java:599)
	at io.appium.java_client.AppiumDriver.execute(AppiumDriver.java:180)
	at org.openqa.selenium.remote.RemoteWebElement.execute(RemoteWebElement.java:268)
	at org.openqa.selenium.remote.RemoteWebElement.click(RemoteWebElement.java:79)
	at se.redmind.rmtest.report.nav.BaseNav.clickNavButton(BaseNav.java:89)
	at se.redmind.rmtest.report.nav.NavbarNav.clickNavButton(NavbarNav.java:16)
	at se.redmind.rmtest.report.nav.BaseNav.goToVisualizer(BaseNav.java:239)
	at se.redmind.rmtest.report.nav.NavbarNav.goToVisualizer(NavbarNav.java:16)
	at se.redmind.rmtest.report.tests.NavbarPage.test_goToVisualizer(NavbarPage.java:123)
</error>
  </testcase>
  <testcase name="test_changeProject[Android_4.4.3_HTC One_Chrome_UNKNOWN]" classname="se.redmind.rmtest.report.tests.NavbarPage(20150511-151946)" time="4.851">
    <error message="An unknown server-side error occurred while processing the command. (WARNING: The server did not provide any stacktrace information)&#10;Command duration or timeout: 343 milliseconds&#10;Build info: version: &apos;2.45.0&apos;, revision: &apos;5017cb8e7ca8e37638dc3091b2440b90a1d8686f&apos;, time: &apos;2015-02-27 09:10:26&apos;&#10;System info: host: &apos;N/A&apos;, ip: &apos;N/A&apos;, os.name: &apos;Mac OS X&apos;, os.arch: &apos;x86_64&apos;, os.version: &apos;10.10.3&apos;, java.version: &apos;1.7.0_55&apos;&#10;Session ID: 166b293c6f613a33731da7601e15693e&#10;Driver info: io.appium.java_client.android.AndroidDriver&#10;Capabilities [{platform=ANDROID, acceptSslCerts=true, javascriptEnabled=true, browserName=chrome, chrome={}, rotatable=false, locationContextEnabled=true, mobileEmulationEnabled=false, version=42.0.2311.111, takesHeapSnapshot=true, cssSelectorsEnabled=true, databaseEnabled=false, handlesAlerts=true, browserConnectionEnabled=false, webStorageEnabled=true, nativeEvents=true, applicationCacheEnabled=false, takesScreenshot=true}]" type="org.openqa.selenium.WebDriverException">org.openqa.selenium.WebDriverException: An unknown server-side error occurred while processing the command. (WARNING: The server did not provide any stacktrace information)
Command duration or timeout: 343 milliseconds
Build info: version: '2.45.0', revision: '5017cb8e7ca8e37638dc3091b2440b90a1d8686f', time: '2015-02-27 09:10:26'
System info: host: 'N/A', ip: 'N/A', os.name: 'Mac OS X', os.arch: 'x86_64', os.version: '10.10.3', java.version: '1.7.0_55'
Session ID: 166b293c6f613a33731da7601e15693e
Driver info: io.appium.java_client.android.AndroidDriver
Capabilities [{platform=ANDROID, acceptSslCerts=true, javascriptEnabled=true, browserName=chrome, chrome={}, rotatable=false, locationContextEnabled=true, mobileEmulationEnabled=false, version=42.0.2311.111, takesHeapSnapshot=true, cssSelectorsEnabled=true, databaseEnabled=false, handlesAlerts=true, browserConnectionEnabled=false, webStorageEnabled=true, nativeEvents=true, applicationCacheEnabled=false, takesScreenshot=true}]
	at sun.reflect.GeneratedConstructorAccessor18.newInstance(Unknown Source)
	at sun.reflect.DelegatingConstructorAccessorImpl.newInstance(DelegatingConstructorAccessorImpl.java:45)
	at java.lang.reflect.Constructor.newInstance(Constructor.java:526)
	at org.openqa.selenium.remote.ErrorHandler.createThrowable(ErrorHandler.java:204)
	at org.openqa.selenium.remote.ErrorHandler.throwIfResponseFailed(ErrorHandler.java:156)
	at org.openqa.selenium.remote.RemoteWebDriver.execute(RemoteWebDriver.java:599)
	at io.appium.java_client.AppiumDriver.execute(AppiumDriver.java:180)
	at org.openqa.selenium.remote.RemoteWebElement.execute(RemoteWebElement.java:268)
	at org.openqa.selenium.remote.RemoteWebElement.click(RemoteWebElement.java:79)
	at se.redmind.rmtest.report.nav.BaseNav.clickNavButton(BaseNav.java:89)
	at se.redmind.rmtest.report.nav.NavbarNav.clickNavButton(NavbarNav.java:16)
	at se.redmind.rmtest.report.nav.BaseNav.chooseProject(BaseNav.java:142)
	at se.redmind.rmtest.report.nav.NavbarNav.chooseProject(NavbarNav.java:16)
	at se.redmind.rmtest.report.tests.NavbarPage.test_changeProject(NavbarPage.java:98)
</error>
  </testcase>
  <testcase name="test_goToGrid[Android_5.0.1_Nexus 9_Chrome_UNKNOWN]" classname="se.redmind.rmtest.report.tests.NavbarPage(20150511-151946)" time="14.895">
    <error message="Timed out after 15 seconds waiting for element to be clickable: By.id: grid_view_dd&#10;Build info: version: &apos;2.45.0&apos;, revision: &apos;5017cb8e7ca8e37638dc3091b2440b90a1d8686f&apos;, time: &apos;2015-02-27 09:10:26&apos;&#10;System info: host: &apos;N/A&apos;, ip: &apos;N/A&apos;, os.name: &apos;Mac OS X&apos;, os.arch: &apos;x86_64&apos;, os.version: &apos;10.10.3&apos;, java.version: &apos;1.7.0_55&apos;&#10;Driver info: driver.version: unknown" type="org.openqa.selenium.TimeoutException">org.openqa.selenium.TimeoutException: Timed out after 15 seconds waiting for element to be clickable: By.id: grid_view_dd
Build info: version: '2.45.0', revision: '5017cb8e7ca8e37638dc3091b2440b90a1d8686f', time: '2015-02-27 09:10:26'
System info: host: 'N/A', ip: 'N/A', os.name: 'Mac OS X', os.arch: 'x86_64', os.version: '10.10.3', java.version: '1.7.0_55'
Driver info: driver.version: unknown
	at org.openqa.selenium.support.ui.FluentWait.timeoutException(FluentWait.java:259)
	at org.openqa.selenium.support.ui.FluentWait.until(FluentWait.java:228)
	at se.redmind.rmtest.report.nav.BaseNav.goToGrid(BaseNav.java:106)
	at se.redmind.rmtest.report.nav.NavbarNav.goToGrid(NavbarNav.java:16)
	at se.redmind.rmtest.report.tests.NavbarPage.test_goToGrid(NavbarPage.java:76)
</error>
  </testcase>
  <testcase name="test_goToDashboard[Android_5.0.1_Nexus 9_Chrome_UNKNOWN]" classname="se.redmind.rmtest.report.tests.NavbarPage(20150511-151946)" time="17.817">
    <error message="Timed out after 15 seconds waiting for element to be clickable: By.id: admin_view_dd&#10;Build info: version: &apos;2.45.0&apos;, revision: &apos;5017cb8e7ca8e37638dc3091b2440b90a1d8686f&apos;, time: &apos;2015-02-27 09:10:26&apos;&#10;System info: host: &apos;N/A&apos;, ip: &apos;N/A&apos;, os.name: &apos;Mac OS X&apos;, os.arch: &apos;x86_64&apos;, os.version: &apos;10.10.3&apos;, java.version: &apos;1.7.0_55&apos;&#10;Driver info: driver.version: unknown" type="org.openqa.selenium.TimeoutException">org.openqa.selenium.TimeoutException: Timed out after 15 seconds waiting for element to be clickable: By.id: admin_view_dd
Build info: version: '2.45.0', revision: '5017cb8e7ca8e37638dc3091b2440b90a1d8686f', time: '2015-02-27 09:10:26'
System info: host: 'N/A', ip: 'N/A', os.name: 'Mac OS X', os.arch: 'x86_64', os.version: '10.10.3', java.version: '1.7.0_55'
Driver info: driver.version: unknown
	at org.openqa.selenium.support.ui.FluentWait.timeoutException(FluentWait.java:259)
	at org.openqa.selenium.support.ui.FluentWait.until(FluentWait.java:228)
	at se.redmind.rmtest.report.nav.BaseNav.goToAdmin(BaseNav.java:119)
	at se.redmind.rmtest.report.nav.NavbarNav.goToAdmin(NavbarNav.java:16)
	at se.redmind.rmtest.report.tests.NavbarPage.test_goToDashboard(NavbarPage.java:90)
</error>
  </testcase>
  <testcase name="test_goToReports[Android_5.0.1_Nexus 9_Chrome_UNKNOWN]" classname="se.redmind.rmtest.report.tests.NavbarPage(20150511-151946)" time="17.587">
    <error message="Timed out after 15 seconds waiting for element to be clickable: By.id: choose_project_dd&#10;Build info: version: &apos;2.45.0&apos;, revision: &apos;5017cb8e7ca8e37638dc3091b2440b90a1d8686f&apos;, time: &apos;2015-02-27 09:10:26&apos;&#10;System info: host: &apos;N/A&apos;, ip: &apos;N/A&apos;, os.name: &apos;Mac OS X&apos;, os.arch: &apos;x86_64&apos;, os.version: &apos;10.10.3&apos;, java.version: &apos;1.7.0_55&apos;&#10;Driver info: driver.version: unknown" type="org.openqa.selenium.TimeoutException">org.openqa.selenium.TimeoutException: Timed out after 15 seconds waiting for element to be clickable: By.id: choose_project_dd
Build info: version: '2.45.0', revision: '5017cb8e7ca8e37638dc3091b2440b90a1d8686f', time: '2015-02-27 09:10:26'
System info: host: 'N/A', ip: 'N/A', os.name: 'Mac OS X', os.arch: 'x86_64', os.version: '10.10.3', java.version: '1.7.0_55'
Driver info: driver.version: unknown
	at org.openqa.selenium.support.ui.FluentWait.timeoutException(FluentWait.java:259)
	at org.openqa.selenium.support.ui.FluentWait.until(FluentWait.java:228)
	at se.redmind.rmtest.report.nav.BaseNav.chooseProject(BaseNav.java:145)
	at se.redmind.rmtest.report.nav.NavbarNav.chooseProject(NavbarNav.java:16)
	at se.redmind.rmtest.report.tests.NavbarPage.test_goToReports(NavbarPage.java:114)
</error>
  </testcase>
  <testcase name="test_goToVisualizer[Android_5.0.1_Nexus 9_Chrome_UNKNOWN]" classname="se.redmind.rmtest.report.tests.NavbarPage(20150511-151946)" time="18.179">
    <error message="Timed out after 15 seconds waiting for element to be clickable: By.id: choose_project_dd&#10;Build info: version: &apos;2.45.0&apos;, revision: &apos;5017cb8e7ca8e37638dc3091b2440b90a1d8686f&apos;, time: &apos;2015-02-27 09:10:26&apos;&#10;System info: host: &apos;N/A&apos;, ip: &apos;N/A&apos;, os.name: &apos;Mac OS X&apos;, os.arch: &apos;x86_64&apos;, os.version: &apos;10.10.3&apos;, java.version: &apos;1.7.0_55&apos;&#10;Driver info: driver.version: unknown" type="org.openqa.selenium.TimeoutException">org.openqa.selenium.TimeoutException: Timed out after 15 seconds waiting for element to be clickable: By.id: choose_project_dd
Build info: version: '2.45.0', revision: '5017cb8e7ca8e37638dc3091b2440b90a1d8686f', time: '2015-02-27 09:10:26'
System info: host: 'N/A', ip: 'N/A', os.name: 'Mac OS X', os.arch: 'x86_64', os.version: '10.10.3', java.version: '1.7.0_55'
Driver info: driver.version: unknown
	at org.openqa.selenium.support.ui.FluentWait.timeoutException(FluentWait.java:259)
	at org.openqa.selenium.support.ui.FluentWait.until(FluentWait.java:228)
	at se.redmind.rmtest.report.nav.BaseNav.chooseProject(BaseNav.java:145)
	at se.redmind.rmtest.report.nav.NavbarNav.chooseProject(NavbarNav.java:16)
	at se.redmind.rmtest.report.tests.NavbarPage.test_goToVisualizer(NavbarPage.java:122)
</error>
  </testcase>
  <testcase name="test_changeProject[Android_5.0.1_Nexus 9_Chrome_UNKNOWN]" classname="se.redmind.rmtest.report.tests.NavbarPage(20150511-151946)" time="17.508">
    <error message="Timed out after 15 seconds waiting for element to be clickable: By.id: choose_project_dd&#10;Build info: version: &apos;2.45.0&apos;, revision: &apos;5017cb8e7ca8e37638dc3091b2440b90a1d8686f&apos;, time: &apos;2015-02-27 09:10:26&apos;&#10;System info: host: &apos;N/A&apos;, ip: &apos;N/A&apos;, os.name: &apos;Mac OS X&apos;, os.arch: &apos;x86_64&apos;, os.version: &apos;10.10.3&apos;, java.version: &apos;1.7.0_55&apos;&#10;Driver info: driver.version: unknown" type="org.openqa.selenium.TimeoutException">org.openqa.selenium.TimeoutException: Timed out after 15 seconds waiting for element to be clickable: By.id: choose_project_dd
Build info: version: '2.45.0', revision: '5017cb8e7ca8e37638dc3091b2440b90a1d8686f', time: '2015-02-27 09:10:26'
System info: host: 'N/A', ip: 'N/A', os.name: 'Mac OS X', os.arch: 'x86_64', os.version: '10.10.3', java.version: '1.7.0_55'
Driver info: driver.version: unknown
	at org.openqa.selenium.support.ui.FluentWait.timeoutException(FluentWait.java:259)
	at org.openqa.selenium.support.ui.FluentWait.until(FluentWait.java:228)
	at se.redmind.rmtest.report.nav.BaseNav.chooseProject(BaseNav.java:145)
	at se.redmind.rmtest.report.nav.NavbarNav.chooseProject(NavbarNav.java:16)
	at se.redmind.rmtest.report.tests.NavbarPage.test_changeProject(NavbarPage.java:98)
</error>
  </testcase>
  <testcase name="isGraphViewPresent[OSX_UNKNOWN_AnApple_firefox_UNKNOWN]" classname="se.redmind.rmtest.report.tests.StartPage(20150511-151946)" time="0">
    <skipped/>
  </testcase>
  <testcase name="isGraphViewPresent[OSX_UNKNOWN_AnApple_chrome_UNKNOWN]" classname="se.redmind.rmtest.report.tests.StartPage(20150511-151946)" time="0">
    <skipped/>
  </testcase>
  <testcase name="isGraphViewPresent[Android_4.4.3_HTC One_Chrome_UNKNOWN]" classname="se.redmind.rmtest.report.tests.StartPage(20150511-151946)" time="0">
    <skipped/>
  </testcase>
  <testcase name="isGraphViewPresent[Android_5.0.1_Nexus 9_Chrome_UNKNOWN]" classname="se.redmind.rmtest.report.tests.StartPage(20150511-151946)" time="0">
    <skipped/>
  </testcase>
  <testcase name="isRedmindLogoPresent[OSX_UNKNOWN_AnApple_chrome_UNKNOWN]" classname="se.redmind.rmtest.report.tests.StartPage(20150511-151946)" time="6.673"/>
  <testcase name="isScreenshotPresent[OSX_UNKNOWN_AnApple_chrome_UNKNOWN]" classname="se.redmind.rmtest.report.tests.StartPage(20150511-151946)" time="0">
    <skipped/>
  </testcase>
  <testcase name="isRedmindLogoPresent[OSX_UNKNOWN_AnApple_firefox_UNKNOWN]" classname="se.redmind.rmtest.report.tests.StartPage(20150511-151946)" time="7.785"/>
  <testcase name="isScreenshotPresent[OSX_UNKNOWN_AnApple_firefox_UNKNOWN]" classname="se.redmind.rmtest.report.tests.StartPage(20150511-151946)" time="0">
    <skipped/>
  </testcase>
  <testcase name="isRedmindLogoPresent[Android_5.0.1_Nexus 9_Chrome_UNKNOWN]" classname="se.redmind.rmtest.report.tests.StartPage(20150511-151946)" time="13.252"/>
  <testcase name="isScreenshotPresent[Android_5.0.1_Nexus 9_Chrome_UNKNOWN]" classname="se.redmind.rmtest.report.tests.StartPage(20150511-151946)" time="0">
    <skipped/>
  </testcase>
  <testcase name="isRedmindLogoPresent[Android_4.4.3_HTC One_Chrome_UNKNOWN]" classname="se.redmind.rmtest.report.tests.StartPage(20150511-151946)" time="19.459"/>
  <testcase name="isScreenshotPresent[Android_4.4.3_HTC One_Chrome_UNKNOWN]" classname="se.redmind.rmtest.report.tests.StartPage(20150511-151946)" time="0">
    <skipped/>
  </testcase>
  <testcase name="test_gridGetJson[OSX_UNKNOWN_AnApple_chrome_UNKNOWN]" classname="se.redmind.rmtest.report.tests.GridPage(20150511-151946)" time="5.832"/>
  <testcase name="test_gridGetJson[OSX_UNKNOWN_AnApple_firefox_UNKNOWN]" classname="se.redmind.rmtest.report.tests.GridPage(20150511-151946)" time="7.849"/>
  <testcase name="test.java.RMReportSuite" classname="test.java.RMReportSuite(20150511-151946)" time="7.863">
    <error message="Build info: version: &apos;2.45.0&apos;, revision: &apos;5017cb8&apos;, time: &apos;2015-02-26 23:59:50&apos;&#10;System info: host: &apos;N/A&apos;, ip: &apos;N/A&apos;, os.name: &apos;Mac OS X&apos;, os.arch: &apos;x86_64&apos;, os.version: &apos;10.10.3&apos;, java.version: &apos;1.7.0_55&apos;&#10;Driver info: driver.version: unknown&#10;Command duration or timeout: 9 milliseconds&#10;Build info: version: &apos;2.45.0&apos;, revision: &apos;5017cb8e7ca8e37638dc3091b2440b90a1d8686f&apos;, time: &apos;2015-02-27 09:10:26&apos;&#10;System info: host: &apos;N/A&apos;, ip: &apos;N/A&apos;, os.name: &apos;Mac OS X&apos;, os.arch: &apos;x86_64&apos;, os.version: &apos;10.10.3&apos;, java.version: &apos;1.7.0_55&apos;&#10;Session ID: 465a2c4e-66b2-4cfe-a402-498c3d51457b&#10;Driver info: org.openqa.selenium.remote.RemoteWebDriver&#10;Capabilities [{platform=MAC, javascriptEnabled=true, acceptSslCerts=true, browserName=firefox, rotatable=false, locationContextEnabled=true, webdriver.remote.sessionid=465a2c4e-66b2-4cfe-a402-498c3d51457b, version=37.0.2, databaseEnabled=true, cssSelectorsEnabled=true, handlesAlerts=true, webStorageEnabled=true, nativeEvents=false, applicationCacheEnabled=true, takesScreenshot=true}]" type="org.openqa.selenium.WebDriverException">org.openqa.selenium.WebDriverException: Build info: version: '2.45.0', revision: '5017cb8', time: '2015-02-26 23:59:50'
System info: host: 'N/A', ip: 'N/A', os.name: 'Mac OS X', os.arch: 'x86_64', os.version: '10.10.3', java.version: '1.7.0_55'
Driver info: driver.version: unknown
Command duration or timeout: 9 milliseconds
Build info: version: '2.45.0', revision: '5017cb8e7ca8e37638dc3091b2440b90a1d8686f', time: '2015-02-27 09:10:26'
System info: host: 'N/A', ip: 'N/A', os.name: 'Mac OS X', os.arch: 'x86_64', os.version: '10.10.3', java.version: '1.7.0_55'
Session ID: 465a2c4e-66b2-4cfe-a402-498c3d51457b
Driver info: org.openqa.selenium.remote.RemoteWebDriver
Capabilities [{platform=MAC, javascriptEnabled=true, acceptSslCerts=true, browserName=firefox, rotatable=false, locationContextEnabled=true, webdriver.remote.sessionid=465a2c4e-66b2-4cfe-a402-498c3d51457b, version=37.0.2, databaseEnabled=true, cssSelectorsEnabled=true, handlesAlerts=true, webStorageEnabled=true, nativeEvents=false, applicationCacheEnabled=true, takesScreenshot=true}]
	at sun.reflect.GeneratedConstructorAccessor18.newInstance(Unknown Source)
	at sun.reflect.DelegatingConstructorAccessorImpl.newInstance(DelegatingConstructorAccessorImpl.java:45)
	at java.lang.reflect.Constructor.newInstance(Constructor.java:526)
	at org.openqa.selenium.remote.ErrorHandler.createThrowable(ErrorHandler.java:204)
	at org.openqa.selenium.remote.ErrorHandler.throwIfResponseFailed(ErrorHandler.java:156)
	at org.openqa.selenium.remote.RemoteWebDriver.execute(RemoteWebDriver.java:599)
	at org.openqa.selenium.remote.RemoteWebDriver.execute(RemoteWebDriver.java:622)
	at org.openqa.selenium.remote.RemoteWebDriver.quit(RemoteWebDriver.java:468)
	at se.redmind.rmtest.selenium.grid.DriverProvider.stopDrivers(DriverProvider.java:130)
	at test.java.RMReportSuite.afterAllTests(RMReportSuite.java:31)
Caused by: org.openqa.selenium.remote.SessionNotFoundException: Build info: version: '2.45.0', revision: '5017cb8', time: '2015-02-26 23:59:50'
System info: host: 'N/A', ip: 'N/A', os.name: 'Mac OS X', os.arch: 'x86_64', os.version: '10.10.3', java.version: '1.7.0_55'
Driver info: driver.version: unknown
Build info: version: '2.45.0', revision: '5017cb8e7ca8e37638dc3091b2440b90a1d8686f', time: '2015-02-27 09:10:26'
System info: host: 'N/A', ip: 'N/A', os.name: 'Mac OS X', os.arch: 'x86_64', os.version: '10.10.3', java.version: '1.7.0_55'
Driver info: driver.version: unknown
</error>
    <system-out><![CDATA[Closing driver: OSX_UNKNOWN_AnApple_firefox_UNKNOWN
]]></system-out>
  </testcase>
</testsuite>